 K_Vectors::ibz_kpoint  warning : Automatically set symmetry to 0 and continue ...
                            startmag_type = 2
                       charge from rho_at = 9.99984
                         charge should be = 10
                            startmag_type = 2
                       charge from rho_at = 12
                         charge should be = 12
                            startmag_type = 2
                       charge from rho_at = 6
                         charge should be = 6

 SETUP ATOMIC RHO FOR SPIN 1
                 Electron number from rho = 120
           total electron number from rho = 120
                                should be = 120
                 charge before normalized = 120
                  charge after normalized = 120
                            startmag_type = 2
                       charge from rho_at = 9.99984480809817
                         charge should be = 10
                            startmag_type = 2
                       charge from rho_at = 11.9999945105359
                         charge should be = 12
                            startmag_type = 2
                       charge from rho_at = 5.99999615160952
                         charge should be = 6

 SETUP ATOMIC RHO FOR SPIN 1
                 Electron number from rho = 119.999999999998
           total electron number from rho = 119.999999999998
                                should be = 120
