 Input  warning : gamma_only_local algorithm is not used.
 In SCAN_BEGIN, can't find: LATTICE_PARAMETERS block.
 AUTO_SET NBANDS to 0
 AUTO_SET NBANDS to 173
 cpu 2D distribution : 4*4
 but, the number of bands-row-block is 3
      Processor           Atom
              1             61
              2             63
              3             63
              4             58
              5             60
              6             63
              7             60
              8             56
              9             61
             10             62
             11             56
             12             58
             13             60
             14             63
             15             61
             16             57
                            startmag_type = 2
                       charge from rho_at = 3.95377
                         charge should be = 4
                       charge from rho_at = 3.99303
                         charge should be = 4

 SETUP ATOMIC RHO FOR SPIN 1
                 Electron number from rho = 288
           total electron number from rho = 288
                                should be = 288
                 charge before normalized = 288
                  charge after normalized = 288
                 charge before normalized = 288.000124134964
                  charge after normalized = 288
                 charge before normalized = 288.000173000223
                  charge after normalized = 288
                 charge before normalized = 288.000145097486
                  charge after normalized = 288
                 charge before normalized = 288.000152101593
                  charge after normalized = 288
                 charge before normalized = 288.000143717363
                  charge after normalized = 288
                 charge before normalized = 288.00014424967
                  charge after normalized = 288
                 charge before normalized = 288.000144511129
                  charge after normalized = 288
                 charge before normalized = 288.000144797143
                  charge after normalized = 288
                 charge before normalized = 288.000145090963
                  charge after normalized = 288
                 charge before normalized = 288.000145131119
                  charge after normalized = 288
                 charge before normalized = 288.000145111397
                  charge after normalized = 288
                 charge before normalized = 288.000145090385
                  charge after normalized = 288
                 charge before normalized = 288.000145090074
                  charge after normalized = 288
                 charge before normalized = 288.000145089503
                  charge after normalized = 288
                 charge before normalized = 288.000145090834
                  charge after normalized = 288
                 charge before normalized = 288.000145091236
                  charge after normalized = 288
                 charge before normalized = 288.000145090969
                  charge after normalized = 288
                 charge before normalized = 288.000145090913
                  charge after normalized = 288
                 charge before normalized = 288.000145091038
                  charge after normalized = 288
                            startmag_type = 2
                       charge from rho_at = 3.95377434289291
                         charge should be = 4
                       charge from rho_at = 3.99303358802097
                         charge should be = 4

 SETUP ATOMIC RHO FOR SPIN 1
                 Electron number from rho = 288
           total electron number from rho = 288
                                should be = 288
                            startmag_type = 2
                       charge from rho_at = 3.95377434289291
                         charge should be = 4
                       charge from rho_at = 3.99303358802097
                         charge should be = 4

 SETUP ATOMIC RHO FOR SPIN 1
                 Electron number from rho = 288
           total electron number from rho = 288
                                should be = 288
      Processor           Atom
              1             61
              2             63
              3             63
              4             58
              5             60
              6             63
              7             60
              8             56
              9             61
             10             62
             11             57
             12             58
             13             60
             14             63
             15             61
             16             57
                 charge before normalized = 288
                  charge after normalized = 288
                 charge before normalized = 288.000145009958
                  charge after normalized = 288
                 charge before normalized = 288.000145002165
                  charge after normalized = 288
                 charge before normalized = 288.000145034418
                  charge after normalized = 288
                 charge before normalized = 288.000145015953
                  charge after normalized = 288
                 charge before normalized = 288.000145019439
                  charge after normalized = 288
                 charge before normalized = 288.000145016819
                  charge after normalized = 288
                 charge before normalized = 288.000145018326
                  charge after normalized = 288
                 charge before normalized = 288.000145018197
                  charge after normalized = 288
                 charge before normalized = 288.000145018301
                  charge after normalized = 288
                 charge before normalized = 288.000145018248
                  charge after normalized = 288
                            startmag_type = 2
                       charge from rho_at = 3.95377434289291
                         charge should be = 4
                       charge from rho_at = 3.99303358802097
                         charge should be = 4

 SETUP ATOMIC RHO FOR SPIN 1
                 Electron number from rho = 288
           total electron number from rho = 288
                                should be = 288
                            startmag_type = 2
                       charge from rho_at = 3.95377434289291
                         charge should be = 4
                       charge from rho_at = 3.99303358802097
                         charge should be = 4

 SETUP ATOMIC RHO FOR SPIN 1
                 Electron number from rho = 288
           total electron number from rho = 288
                                should be = 288
      Processor           Atom
              1             61
              2             63
              3             63
              4             58
              5             61
              6             63
              7             60
              8             56
              9             61
             10             62
             11             57
             12             58
             13             60
             14             63
             15             61
             16             57
                 charge before normalized = 288
                  charge after normalized = 288
                 charge before normalized = 288.000144960469
                  charge after normalized = 288
                 charge before normalized = 288.00014497085
                  charge after normalized = 288
                 charge before normalized = 288.000144961891
                  charge after normalized = 288
                 charge before normalized = 288.000144966774
                  charge after normalized = 288
                 charge before normalized = 288.00014496607
                  charge after normalized = 288
                 charge before normalized = 288.000144966394
                  charge after normalized = 288
                 charge before normalized = 288.000144966335
                  charge after normalized = 288
                 charge before normalized = 288.000144966458
                  charge after normalized = 288
                 charge before normalized = 288.000144966328
                  charge after normalized = 288
                 charge before normalized = 288.000144966427
                  charge after normalized = 288
                 charge before normalized = 288.000144966376
                  charge after normalized = 288
                            startmag_type = 2
                       charge from rho_at = 3.95377434289291
                         charge should be = 4
                       charge from rho_at = 3.99303358802097
                         charge should be = 4

 SETUP ATOMIC RHO FOR SPIN 1
                 Electron number from rho = 288
           total electron number from rho = 288
                                should be = 288
                            startmag_type = 2
                       charge from rho_at = 3.95377434289291
                         charge should be = 4
                       charge from rho_at = 3.99303358802097
                         charge should be = 4

 SETUP ATOMIC RHO FOR SPIN 1
                 Electron number from rho = 288
           total electron number from rho = 288
                                should be = 288
      Processor           Atom
              1             61
              2             63
              3             62
              4             58
              5             62
              6             63
              7             60
              8             56
              9             61
             10             62
             11             57
             12             58
             13             60
             14             63
             15             62
             16             58
                 charge before normalized = 288
                  charge after normalized = 288
                 charge before normalized = 288.000144807429
                  charge after normalized = 288
                 charge before normalized = 288.000144793146
                  charge after normalized = 288
                 charge before normalized = 288.000144840325
                  charge after normalized = 288
                 charge before normalized = 288.000144802651
                  charge after normalized = 288
                 charge before normalized = 288.000144815712
                  charge after normalized = 288
                 charge before normalized = 288.000144808862
                  charge after normalized = 288
                 charge before normalized = 288.000144811701
                  charge after normalized = 288
                 charge before normalized = 288.000144811177
                  charge after normalized = 288
                 charge before normalized = 288.000144811275
                  charge after normalized = 288
                 charge before normalized = 288.00014481126
                  charge after normalized = 288
                 charge before normalized = 288.000144811251
                  charge after normalized = 288
                            startmag_type = 2
                       charge from rho_at = 3.95377434289291
                         charge should be = 4
                       charge from rho_at = 3.99303358802097
                         charge should be = 4

 SETUP ATOMIC RHO FOR SPIN 1
                 Electron number from rho = 288
           total electron number from rho = 288
                                should be = 288
                            startmag_type = 2
                       charge from rho_at = 3.95377434289291
                         charge should be = 4
                       charge from rho_at = 3.99303358802097
                         charge should be = 4

 SETUP ATOMIC RHO FOR SPIN 1
                 Electron number from rho = 288
           total electron number from rho = 288
                                should be = 288
      Processor           Atom
              1             61
              2             63
              3             63
              4             57
              5             61
              6             63
              7             60
              8             56
              9             61
             10             62
             11             57
             12             58
             13             60
             14             62
             15             61
             16             57
                 charge before normalized = 288
                  charge after normalized = 288
                 charge before normalized = 288.000144671302
                  charge after normalized = 288
                 charge before normalized = 288.000144657686
                  charge after normalized = 288
                 charge before normalized = 288.000144704307
                  charge after normalized = 288
                 charge before normalized = 288.000144666834
                  charge after normalized = 288
                 charge before normalized = 288.000144679905
                  charge after normalized = 288
                 charge before normalized = 288.000144671903
                  charge after normalized = 288
                 charge before normalized = 288.000144675516
                  charge after normalized = 288
                 charge before normalized = 288.000144674759
                  charge after normalized = 288
                 charge before normalized = 288.000144674949
                  charge after normalized = 288
                 charge before normalized = 288.000144674879
                  charge after normalized = 288
                 charge before normalized = 288.000144674889
                  charge after normalized = 288
                            startmag_type = 2
                       charge from rho_at = 3.95377434289291
                         charge should be = 4
                       charge from rho_at = 3.99303358802097
                         charge should be = 4

 SETUP ATOMIC RHO FOR SPIN 1
                 Electron number from rho = 288
           total electron number from rho = 288
                                should be = 288
                            startmag_type = 2
                       charge from rho_at = 3.95377434289291
                         charge should be = 4
                       charge from rho_at = 3.99303358802097
                         charge should be = 4

 SETUP ATOMIC RHO FOR SPIN 1
                 Electron number from rho = 288
           total electron number from rho = 288
                                should be = 288
      Processor           Atom
              1             61
              2             63
              3             63
              4             57
              5             62
              6             63
              7             60
              8             56
              9             61
             10             62
             11             58
             12             58
             13             60
             14             62
             15             62
             16             57
                 charge before normalized = 288
                  charge after normalized = 288
                 charge before normalized = 288.000144683037
                  charge after normalized = 288
                 charge before normalized = 288.000144666368
                  charge after normalized = 288
                 charge before normalized = 288.000144706616
                  charge after normalized = 288
                 charge before normalized = 288.000144670471
                  charge after normalized = 288
                 charge before normalized = 288.000144687154
                  charge after normalized = 288
                 charge before normalized = 288.000144676784
                  charge after normalized = 288
                 charge before normalized = 288.000144680607
                  charge after normalized = 288
                 charge before normalized = 288.000144680109
                  charge after normalized = 288
                 charge before normalized = 288.000144680283
                  charge after normalized = 288
                 charge before normalized = 288.000144680238
                  charge after normalized = 288
                 charge before normalized = 288.000144680225
                  charge after normalized = 288
                            startmag_type = 2
                       charge from rho_at = 3.95377434289291
                         charge should be = 4
                       charge from rho_at = 3.99303358802097
                         charge should be = 4

 SETUP ATOMIC RHO FOR SPIN 1
                 Electron number from rho = 288
           total electron number from rho = 288
                                should be = 288
                            startmag_type = 2
                       charge from rho_at = 3.95377434289291
                         charge should be = 4
                       charge from rho_at = 3.99303358802097
                         charge should be = 4

 SETUP ATOMIC RHO FOR SPIN 1
                 Electron number from rho = 288
           total electron number from rho = 288
                                should be = 288
      Processor           Atom
              1             61
              2             64
              3             63
              4             57
              5             62
              6             63
              7             60
              8             56
              9             60
             10             62
             11             57
             12             58
             13             61
             14             62
             15             62
             16             57
                 charge before normalized = 288
                  charge after normalized = 288
                 charge before normalized = 288.000144659996
                  charge after normalized = 288
                 charge before normalized = 288.000144683154
                  charge after normalized = 288
                 charge before normalized = 288.000144686228
                  charge after normalized = 288
                 charge before normalized = 288.0001446708
                  charge after normalized = 288
                 charge before normalized = 288.000144684222
                  charge after normalized = 288
                 charge before normalized = 288.000144677133
                  charge after normalized = 288
                 charge before normalized = 288.000144679547
                  charge after normalized = 288
                 charge before normalized = 288.00014467885
                  charge after normalized = 288
                 charge before normalized = 288.000144679325
                  charge after normalized = 288
                 charge before normalized = 288.000144679129
                  charge after normalized = 288
                 charge before normalized = 288.000144679168
                  charge after normalized = 288
                 charge before normalized = 288.000144679158
                  charge after normalized = 288
                            startmag_type = 2
                       charge from rho_at = 3.95377434289291
                         charge should be = 4
                       charge from rho_at = 3.99303358802097
                         charge should be = 4

 SETUP ATOMIC RHO FOR SPIN 1
                 Electron number from rho = 288
           total electron number from rho = 288
                                should be = 288
                            startmag_type = 2
                       charge from rho_at = 3.95377434289291
                         charge should be = 4
                       charge from rho_at = 3.99303358802097
                         charge should be = 4

 SETUP ATOMIC RHO FOR SPIN 1
                 Electron number from rho = 288
           total electron number from rho = 288
                                should be = 288
      Processor           Atom
              1             61
              2             63
              3             63
              4             58
              5             63
              6             63
              7             60
              8             56
              9             60
             10             62
             11             57
             12             59
             13             61
             14             62
             15             62
             16             57
                 charge before normalized = 288
                  charge after normalized = 288
                 charge before normalized = 288.000144501898
                  charge after normalized = 288
                 charge before normalized = 288.000144543912
                  charge after normalized = 288
                 charge before normalized = 288.000144526203
                  charge after normalized = 288
                 charge before normalized = 288.000144525129
                  charge after normalized = 288
                 charge before normalized = 288.00014452738
                  charge after normalized = 288
                 charge before normalized = 288.000144527721
                  charge after normalized = 288
                 charge before normalized = 288.00014452748
                  charge after normalized = 288
                 charge before normalized = 288.000144527601
                  charge after normalized = 288
                 charge before normalized = 288.000144527434
                  charge after normalized = 288
                 charge before normalized = 288.000144527566
                  charge after normalized = 288
                 charge before normalized = 288.000144527491
                  charge after normalized = 288
                 charge before normalized = 288.000144527541
                  charge after normalized = 288
                            startmag_type = 2
                       charge from rho_at = 3.95377434289291
                         charge should be = 4
                       charge from rho_at = 3.99303358802097
                         charge should be = 4

 SETUP ATOMIC RHO FOR SPIN 1
                 Electron number from rho = 288
           total electron number from rho = 288
                                should be = 288
                            startmag_type = 2
                       charge from rho_at = 3.95377434289291
                         charge should be = 4
                       charge from rho_at = 3.99303358802097
                         charge should be = 4

 SETUP ATOMIC RHO FOR SPIN 1
                 Electron number from rho = 288
           total electron number from rho = 288
                                should be = 288
      Processor           Atom
              1             61
              2             64
              3             62
              4             58
              5             61
              6             63
              7             60
              8             56
              9             60
             10             62
             11             58
             12             59
             13             61
             14             62
             15             62
             16             57
                 charge before normalized = 288
                  charge after normalized = 288
                 charge before normalized = 288.000144595871
                  charge after normalized = 288
                 charge before normalized = 288.000144589728
                  charge after normalized = 288
                 charge before normalized = 288.000144602688
                  charge after normalized = 288
                 charge before normalized = 288.000144580687
                  charge after normalized = 288
                 charge before normalized = 288.000144592333
                  charge after normalized = 288
                 charge before normalized = 288.000144585049
                  charge after normalized = 288
                 charge before normalized = 288.000144588074
                  charge after normalized = 288
                 charge before normalized = 288.000144586977
                  charge after normalized = 288
                 charge before normalized = 288.00014458726
                  charge after normalized = 288
                 charge before normalized = 288.000144587134
                  charge after normalized = 288
                 charge before normalized = 288.000144587194
                  charge after normalized = 288
                            startmag_type = 2
                       charge from rho_at = 3.95377434289291
                         charge should be = 4
                       charge from rho_at = 3.99303358802097
                         charge should be = 4

 SETUP ATOMIC RHO FOR SPIN 1
                 Electron number from rho = 288
           total electron number from rho = 288
                                should be = 288
                            startmag_type = 2
                       charge from rho_at = 3.95377434289291
                         charge should be = 4
                       charge from rho_at = 3.99303358802097
                         charge should be = 4

 SETUP ATOMIC RHO FOR SPIN 1
                 Electron number from rho = 288
           total electron number from rho = 288
                                should be = 288
      Processor           Atom
              1             60
              2             64
              3             63
              4             58
              5             61
              6             63
              7             60
              8             56
              9             60
             10             62
             11             57
             12             59
             13             61
             14             62
             15             62
             16             57
                 charge before normalized = 288
                  charge after normalized = 288
                 charge before normalized = 288.000144507869
                  charge after normalized = 288
                 charge before normalized = 288.000144516851
                  charge after normalized = 288
                 charge before normalized = 288.000144525218
                  charge after normalized = 288
                 charge before normalized = 288.000144506108
                  charge after normalized = 288
                 charge before normalized = 288.000144517639
                  charge after normalized = 288
                 charge before normalized = 288.000144510998
                  charge after normalized = 288
                 charge before normalized = 288.000144514165
                  charge after normalized = 288
                 charge before normalized = 288.000144513091
                  charge after normalized = 288
                 charge before normalized = 288.00014451353
                  charge after normalized = 288
                 charge before normalized = 288.000144513349
                  charge after normalized = 288
                 charge before normalized = 288.000144513397
                  charge after normalized = 288
                 charge before normalized = 288.000144513386
                  charge after normalized = 288
                            startmag_type = 2
                       charge from rho_at = 3.95377434289291
                         charge should be = 4
                       charge from rho_at = 3.99303358802097
                         charge should be = 4

 SETUP ATOMIC RHO FOR SPIN 1
                 Electron number from rho = 288
           total electron number from rho = 288
                                should be = 288
                            startmag_type = 2
                       charge from rho_at = 3.95377434289291
                         charge should be = 4
                       charge from rho_at = 3.99303358802097
                         charge should be = 4

 SETUP ATOMIC RHO FOR SPIN 1
                 Electron number from rho = 288
           total electron number from rho = 288
                                should be = 288
      Processor           Atom
              1             60
              2             64
              3             63
              4             58
              5             61
              6             63
              7             60
              8             56
              9             60
             10             61
             11             57
             12             59
             13             61
             14             62
             15             62
             16             57
                 charge before normalized = 288
                  charge after normalized = 288
                 charge before normalized = 288.000144654814
                  charge after normalized = 288
                 charge before normalized = 288.000144654469
                  charge after normalized = 288
                 charge before normalized = 288.000144684554
                  charge after normalized = 288
                 charge before normalized = 288.000144645008
                  charge after normalized = 288
                 charge before normalized = 288.00014466458
                  charge after normalized = 288
                 charge before normalized = 288.000144655121
                  charge after normalized = 288
                 charge before normalized = 288.000144658198
                  charge after normalized = 288
                 charge before normalized = 288.000144657247
                  charge after normalized = 288
                 charge before normalized = 288.000144657554
                  charge after normalized = 288
                 charge before normalized = 288.000144657475
                  charge after normalized = 288
                 charge before normalized = 288.00014465749
                  charge after normalized = 288
                 charge before normalized = 288.000144657488
                  charge after normalized = 288
