WARNING: Total thread number on this node mismatches with hardware availability. This may cause poor performance.
Info: Local MPI proc number: 16,OpenMP thread number: 1,Total thread number: 16,Local thread limit: 32
                                                                                     
                              ABACUS v3.1                                            

               Atomic-orbital Based Ab-initio Computation at UStc                    

                     Website: http://abacus.ustc.edu.cn/                             
               Documentation: https://abacus.deepmodeling.com/                       
                  Repository: https://github.com/abacusmodeling/abacus-develop       
                              https://github.com/deepmodeling/abacus-develop         

 Fri Feb  3 16:52:51 2023
 MAKE THE DIR         : OUT.ABACUS/
 MAKE THE STRU DIR    : OUT.ABACUS/STRU/
 UNIFORM GRID DIM     : 108 * 120 * 108
 UNIFORM GRID DIM(BIG): 54 * 60 * 54
 DONE(0.111347   SEC) : SETUP UNITCELL
 DONE(0.124032   SEC) : INIT K-POINTS
 ---------------------------------------------------------
 Molecular Dynamics simulations
 ---------------------------------------------------------
 ENSEMBLE                 : Langevin
 Time interval(fs)        : 1
 ---------------------------------------------------------
 SPIN    KPOINTS         PROCESSORS  NBASE       
 1       36              16          1408        
 ---------------------------------------------------------
 Use Systematically Improvable Atomic bases
 ---------------------------------------------------------
 ELEMENT ORBITALS        NBASE       NATOM       XC          
 Si      3s3p2d-9au      22          32          
 C       3s3p2d-9au      22          32          
 ---------------------------------------------------------
 Initial plane wave basis and FFT box
 ---------------------------------------------------------
--------------------------------- INITVEL DONE ------------------------------------
 -------------------------------------------
 STEP OF MOLECULAR DYNAMICS : 0
 -------------------------------------------
 START CHARGE      : atomic
 DONE(9.46563    SEC) : INIT SCF
 ITER   ETOT(eV)       EDIFF(eV)      DRHO       TIME(s)    
 GE1    -8.333111e+03  0.000000e+00   2.699e-01  7.929e+01  
 GE2    -8.369502e+03  -3.639068e+01  1.664e-01  7.436e+01  
 GE3    -8.380532e+03  -1.103022e+01  5.312e-02  7.405e+01  
 GE4    -8.390163e+03  -9.630299e+00  5.818e-02  7.433e+01  
 GE5    -8.398622e+03  -8.459215e+00  1.192e-02  7.408e+01  
 GE6    -8.398931e+03  -3.090331e-01  6.669e-03  7.428e+01  
 GE7    -8.399015e+03  -8.368985e-02  2.736e-03  7.417e+01  
 GE8    -8.399017e+03  -2.934827e-03  1.558e-03  7.425e+01  
 GE9    -8.399020e+03  -2.978912e-03  8.166e-04  7.405e+01  
 GE10   -8.399022e+03  -1.443949e-03  1.912e-04  7.418e+01  
 GE11   -8.399022e+03  -8.773764e-05  1.591e-04  7.415e+01  
 GE12   -8.399022e+03  -5.149258e-05  7.340e-05  7.416e+01  
 GE13   -8.399022e+03  -1.589934e-05  1.400e-05  7.401e+01  
 GE14   -8.399022e+03  -1.154492e-07  1.081e-05  7.419e+01  
 GE15   -8.399022e+03  -2.675001e-07  2.714e-06  7.395e+01  
 GE16   -8.399022e+03  -2.240833e-08  1.439e-06  7.401e+01  
 GE17   -8.399022e+03  -1.040989e-09  6.331e-07  7.408e+01  
 ><><><><><><><><><><><><><><><><><><><><><><
 TOTAL-STRESS (KBAR):
 ><><><><><><><><><><><><><><><><><><><><><><
 -9.328e+00     4.233e+01      -4.861e+01     
 4.233e+01      -1.056e+02     -2.691e+01     
 -4.861e+01     -2.691e+01     -3.218e+01     
 TOTAL-PRESSURE: -4.905e+01 KBAR
 ------------------------------------------------------------------------------------------------
 Energy              Potential           Kinetic             Temperature         Pressure (KBAR)     
 -3.087e+02          -3.087e+02          2.993e-03           1.000e+01           -4.893e+01          
 ------------------------------------------------------------------------------------------------
 -------------------------------------------
 STEP OF MOLECULAR DYNAMICS : 1
 -------------------------------------------
 DONE(1.356e+03  SEC) : INIT SCF
 ITER   ETOT(eV)       EDIFF(eV)      DRHO       TIME(s)    
 GE1    -8.399071e+03  0.000000e+00   4.374e-04  7.894e+01  
 GE2    -8.399071e+03  1.017407e-04   2.885e-04  7.386e+01  
 GE3    -8.399071e+03  -1.550938e-04  2.758e-04  7.384e+01  
 GE4    -8.399071e+03  -2.088590e-04  8.272e-05  7.401e+01  
 GE5    -8.399071e+03  -1.833163e-05  4.041e-05  7.391e+01  
 GE6    -8.399071e+03  -4.701895e-06  1.816e-05  7.395e+01  
 GE7    -8.399071e+03  -8.346936e-07  8.965e-06  7.384e+01  
 GE8    -8.399071e+03  -2.493918e-07  2.127e-06  7.382e+01  
 GE9    -8.399071e+03  -8.408344e-09  8.159e-07  7.385e+01  
 ><><><><><><><><><><><><><><><><><><><><><><
 TOTAL-STRESS (KBAR):
 ><><><><><><><><><><><><><><><><><><><><><><
 -9.392e+00     4.239e+01      -4.879e+01     
 4.239e+01      -1.057e+02     -2.727e+01     
 -4.879e+01     -2.727e+01     -3.238e+01     
 TOTAL-PRESSURE: -4.917e+01 KBAR
 ------------------------------------------------------------------------------------------------
 Energy              Potential           Kinetic             Temperature         Pressure (KBAR)     
 -3.087e+02          -3.087e+02          7.238e-03           2.419e+01           -4.887e+01          
 ------------------------------------------------------------------------------------------------
 -------------------------------------------
 STEP OF MOLECULAR DYNAMICS : 2
 -------------------------------------------
 DONE(2.108e+03  SEC) : INIT SCF
 ITER   ETOT(eV)       EDIFF(eV)      DRHO       TIME(s)    
 GE1    -8.399216e+03  0.000000e+00   1.542e-03  7.893e+01  
 GE2    -8.399214e+03  1.834767e-03   1.008e-03  7.408e+01  
 GE3    -8.399216e+03  -2.191998e-03  1.029e-03  7.427e+01  
 GE4    -8.399219e+03  -2.855103e-03  2.421e-04  7.406e+01  
 GE5    -8.399219e+03  -1.263500e-04  1.426e-04  7.411e+01  
 GE6    -8.399219e+03  -5.256325e-05  6.290e-05  7.420e+01  
 GE7    -8.399219e+03  -1.045945e-05  3.203e-05  7.412e+01  
 GE8    -8.399219e+03  -3.167010e-06  6.535e-06  7.424e+01  
 GE9    -8.399219e+03  -1.145258e-07  2.572e-06  7.416e+01  
 GE10   -8.399219e+03  -8.197981e-09  9.815e-07  7.404e+01  
 ><><><><><><><><><><><><><><><><><><><><><><
 TOTAL-STRESS (KBAR):
 ><><><><><><><><><><><><><><><><><><><><><><
 -9.262e+00     4.269e+01      -4.897e+01     
 4.269e+01      -1.062e+02     -2.834e+01     
 -4.897e+01     -2.834e+01     -3.305e+01     
 TOTAL-PRESSURE: -4.952e+01 KBAR
 ------------------------------------------------------------------------------------------------
 Energy              Potential           Kinetic             Temperature         Pressure (KBAR)     
 -3.086e+02          -3.087e+02          1.705e-02           5.696e+01           -4.881e+01          
 ------------------------------------------------------------------------------------------------
 -------------------------------------------
 STEP OF MOLECULAR DYNAMICS : 3
 -------------------------------------------
 DONE(2.935e+03  SEC) : INIT SCF
 ITER   ETOT(eV)       EDIFF(eV)      DRHO       TIME(s)    
 GE1    -8.399282e+03  0.000000e+00   1.937e-03  7.899e+01  
 GE2    -8.399282e+03  5.150288e-04   1.207e-03  7.407e+01  
 GE3    -8.399284e+03  -2.695694e-03  1.035e-03  7.416e+01  
 GE4    -8.399287e+03  -2.681670e-03  3.136e-04  7.421e+01  
 GE5    -8.399287e+03  -2.549861e-04  1.686e-04  7.418e+01  
 GE6    -8.399288e+03  -8.377326e-05  5.397e-05  7.418e+01  
 GE7    -8.399288e+03  -5.721728e-06  2.428e-05  7.419e+01  
 GE8    -8.399288e+03  -1.932655e-06  1.107e-05  7.430e+01  
 GE9    -8.399288e+03  -3.731690e-07  3.191e-06  7.420e+01  
 GE10   -8.399288e+03  -2.389943e-08  1.076e-06  7.416e+01  
 GE11   -8.399288e+03  1.783447e-09   7.892e-07  7.422e+01  
 ><><><><><><><><><><><><><><><><><><><><><><
 TOTAL-STRESS (KBAR):
 ><><><><><><><><><><><><><><><><><><><><><><
 -9.184e+00     4.237e+01      -4.939e+01     
 4.237e+01      -1.063e+02     -2.851e+01     
 -4.939e+01     -2.851e+01     -3.350e+01     
 TOTAL-PRESSURE: -4.965e+01 KBAR
 ------------------------------------------------------------------------------------------------
 Energy              Potential           Kinetic             Temperature         Pressure (KBAR)     
 -3.086e+02          -3.087e+02          2.550e-02           8.520e+01           -4.859e+01          
 ------------------------------------------------------------------------------------------------
 -------------------------------------------
 STEP OF MOLECULAR DYNAMICS : 4
 -------------------------------------------
 DONE(3.837e+03  SEC) : INIT SCF
 ITER   ETOT(eV)       EDIFF(eV)      DRHO       TIME(s)    
 GE1    -8.399329e+03  0.000000e+00   2.118e-03  7.933e+01  
 GE2    -8.399324e+03  4.754366e-03   1.410e-03  7.439e+01  
 GE3    -8.399329e+03  -4.850372e-03  1.482e-03  7.442e+01  
 GE4    -8.399335e+03  -6.156549e-03  3.073e-04  7.432e+01  
 GE5    -8.399335e+03  -1.808340e-04  1.575e-04  7.435e+01  
 GE6    -8.399335e+03  -5.513228e-05  7.835e-05  7.449e+01  
 GE7    -8.399335e+03  -1.584874e-05  3.997e-05  7.452e+01  
 GE8    -8.399335e+03  -4.802029e-06  9.771e-06  7.454e+01  
 GE9    -8.399335e+03  -2.420523e-07  3.116e-06  7.442e+01  
 GE10   -8.399335e+03  -2.280276e-08  1.248e-06  7.437e+01  
 GE11   -8.399335e+03  1.082752e-10   7.702e-07  7.443e+01  
 ><><><><><><><><><><><><><><><><><><><><><><
 TOTAL-STRESS (KBAR):
 ><><><><><><><><><><><><><><><><><><><><><><
 -8.924e+00     4.172e+01      -5.015e+01     
 4.172e+01      -1.064e+02     -2.877e+01     
 -5.015e+01     -2.877e+01     -3.378e+01     
 TOTAL-PRESSURE: -4.972e+01 KBAR
 ------------------------------------------------------------------------------------------------
 Energy              Potential           Kinetic             Temperature         Pressure (KBAR)     
 -3.086e+02          -3.087e+02          3.616e-02           1.208e+02           -4.821e+01          
 ------------------------------------------------------------------------------------------------
 -------------------------------------------
 STEP OF MOLECULAR DYNAMICS : 5
 -------------------------------------------
 DONE(4.742e+03  SEC) : INIT SCF
 ITER   ETOT(eV)       EDIFF(eV)      DRHO       TIME(s)    
 GE1    -8.399381e+03  0.000000e+00   2.455e-03  7.926e+01  
 GE2    -8.399379e+03  1.633883e-03   1.518e-03  7.422e+01  
 GE3    -8.399384e+03  -4.587517e-03  1.382e-03  7.424e+01  
 GE4    -8.399388e+03  -4.507720e-03  4.005e-04  7.442e+01  
 GE5    -8.399389e+03  -4.498254e-04  2.710e-04  7.428e+01  
 GE6    -8.399389e+03  -2.118109e-04  9.058e-05  7.426e+01  
 GE7    -8.399389e+03  -1.802333e-05  4.472e-05  7.433e+01  
 GE8    -8.399389e+03  -5.958861e-06  1.166e-05  7.421e+01  
 GE9    -8.399389e+03  -4.214040e-07  4.145e-06  7.420e+01  
 GE10   -8.399389e+03  -3.988240e-08  1.254e-06  7.416e+01  
 GE11   -8.399389e+03  1.501932e-09   7.888e-07  7.427e+01  
 ><><><><><><><><><><><><><><><><><><><><><><
 TOTAL-STRESS (KBAR):
 ><><><><><><><><><><><><><><><><><><><><><><
 -8.814e+00     4.200e+01      -5.037e+01     
 4.200e+01      -1.063e+02     -2.976e+01     
 -5.037e+01     -2.976e+01     -3.408e+01     
 TOTAL-PRESSURE: -4.974e+01 KBAR
 ------------------------------------------------------------------------------------------------
 Energy              Potential           Kinetic             Temperature         Pressure (KBAR)     
 -3.086e+02          -3.087e+02          3.685e-02           1.231e+02           -4.821e+01          
 ------------------------------------------------------------------------------------------------
 -------------------------------------------
 STEP OF MOLECULAR DYNAMICS : 6
 -------------------------------------------
 DONE(5.646e+03  SEC) : INIT SCF
 ITER   ETOT(eV)       EDIFF(eV)      DRHO       TIME(s)    
 GE1    -8.399416e+03  0.000000e+00   2.716e-03  7.917e+01  
 GE2    -8.399411e+03  4.764097e-03   1.770e-03  7.424e+01  
 GE3    -8.399419e+03  -8.023138e-03  1.667e-03  7.435e+01  
 GE4    -8.399426e+03  -6.962192e-03  3.941e-04  7.428e+01  
 GE5    -8.399426e+03  -3.377428e-04  2.388e-04  7.431e+01  
 GE6    -8.399426e+03  -1.613300e-04  8.512e-05  7.427e+01  
 GE7    -8.399426e+03  -1.415528e-05  2.961e-05  7.423e+01  
 GE8    -8.399426e+03  -2.201167e-06  1.181e-05  7.415e+01  
 GE9    -8.399426e+03  -4.618665e-07  5.002e-06  7.423e+01  
 GE10   -8.399426e+03  -7.077332e-08  1.437e-06  7.431e+01  
 GE11   -8.399426e+03  -2.943539e-09  6.002e-07  7.425e+01  
 ><><><><><><><><><><><><><><><><><><><><><><
 TOTAL-STRESS (KBAR):
 ><><><><><><><><><><><><><><><><><><><><><><
 -8.952e+00     4.253e+01      -5.070e+01     
 4.253e+01      -1.064e+02     -2.983e+01     
 -5.070e+01     -2.983e+01     -3.386e+01     
 TOTAL-PRESSURE: -4.972e+01 KBAR
 ------------------------------------------------------------------------------------------------
 Energy              Potential           Kinetic             Temperature         Pressure (KBAR)     
 -3.086e+02          -3.087e+02          5.225e-02           1.746e+02           -4.755e+01          
 ------------------------------------------------------------------------------------------------
 -------------------------------------------
 STEP OF MOLECULAR DYNAMICS : 7
 -------------------------------------------
 DONE(6.549e+03  SEC) : INIT SCF
 ITER   ETOT(eV)       EDIFF(eV)      DRHO       TIME(s)    
 GE1    -8.399410e+03  0.000000e+00   3.020e-03  7.934e+01  
 GE2    -8.399407e+03  2.830450e-03   1.877e-03  7.427e+01  
 GE3    -8.399415e+03  -8.173427e-03  1.617e-03  7.431e+01  
 GE4    -8.399422e+03  -6.490484e-03  4.390e-04  7.413e+01  
 GE5    -8.399422e+03  -4.255003e-04  3.049e-04  7.415e+01  
 GE6    -8.399422e+03  -2.958386e-04  1.169e-04  7.421e+01  
 GE7    -8.399422e+03  -3.095403e-05  5.214e-05  7.440e+01  
 GE8    -8.399422e+03  -9.044410e-06  1.583e-05  7.438e+01  
 GE9    -8.399422e+03  -7.134904e-07  5.014e-06  7.436e+01  
 GE10   -8.399422e+03  -5.480118e-08  1.561e-06  7.423e+01  
 GE11   -8.399422e+03  6.713063e-10   9.103e-07  7.432e+01  
 ><><><><><><><><><><><><><><><><><><><><><><
 TOTAL-STRESS (KBAR):
 ><><><><><><><><><><><><><><><><><><><><><><
 -9.022e+00     4.352e+01      -5.053e+01     
 4.352e+01      -1.065e+02     -3.032e+01     
 -5.053e+01     -3.032e+01     -3.352e+01     
 TOTAL-PRESSURE: -4.968e+01 KBAR
 ------------------------------------------------------------------------------------------------
 Energy              Potential           Kinetic             Temperature         Pressure (KBAR)     
 -3.086e+02          -3.087e+02          6.724e-02           2.247e+02           -4.689e+01          
 ------------------------------------------------------------------------------------------------
 -------------------------------------------
 STEP OF MOLECULAR DYNAMICS : 8
 -------------------------------------------
 DONE(7.454e+03  SEC) : INIT SCF
 ITER   ETOT(eV)       EDIFF(eV)      DRHO       TIME(s)    
 GE1    -8.399490e+03  0.000000e+00   3.552e-03  7.902e+01  
 GE2    -8.399487e+03  2.671551e-03   2.101e-03  7.406e+01  
 GE3    -8.399493e+03  -6.186970e-03  1.956e-03  7.409e+01  
 GE4    -8.399505e+03  -1.146505e-02  6.257e-04  7.412e+01  
 GE5    -8.399506e+03  -1.040767e-03  3.106e-04  7.406e+01  
 GE6    -8.399506e+03  -2.769012e-04  1.361e-04  7.413e+01  
 GE7    -8.399506e+03  -4.408393e-05  6.107e-05  7.418e+01  
 GE8    -8.399506e+03  -1.186940e-05  1.692e-05  7.407e+01  
 GE9    -8.399506e+03  -7.547803e-07  6.467e-06  7.399e+01  
 GE10   -8.399506e+03  -7.677177e-08  1.531e-06  7.400e+01  
 GE11   -8.399506e+03  -1.132249e-09  7.643e-07  7.402e+01  
 ><><><><><><><><><><><><><><><><><><><><><><
 TOTAL-STRESS (KBAR):
 ><><><><><><><><><><><><><><><><><><><><><><
 -9.120e+00     4.391e+01      -5.109e+01     
 4.391e+01      -1.065e+02     -3.078e+01     
 -5.109e+01     -3.078e+01     -3.390e+01     
 TOTAL-PRESSURE: -4.984e+01 KBAR
 ------------------------------------------------------------------------------------------------
 Energy              Potential           Kinetic             Temperature         Pressure (KBAR)     
 -3.086e+02          -3.087e+02          8.044e-02           2.688e+02           -4.649e+01          
 ------------------------------------------------------------------------------------------------
 -------------------------------------------
 STEP OF MOLECULAR DYNAMICS : 9
 -------------------------------------------
 DONE(8.354e+03  SEC) : INIT SCF
 ITER   ETOT(eV)       EDIFF(eV)      DRHO       TIME(s)    
 GE1    -8.399473e+03  0.000000e+00   3.764e-03  7.902e+01  
 GE2    -8.399462e+03  1.170760e-02   2.794e-03  7.410e+01  
 GE3    -8.399481e+03  -1.931983e-02  2.427e-03  7.416e+01  
 GE4    -8.399497e+03  -1.571002e-02  6.008e-04  7.409e+01  
 GE5    -8.399497e+03  -8.611849e-04  3.390e-04  7.420e+01  
 GE6    -8.399498e+03  -2.925575e-04  1.187e-04  7.416e+01  
 GE7    -8.399498e+03  -2.712643e-05  4.409e-05  7.418e+01  
 GE8    -8.399498e+03  -5.361816e-06  2.297e-05  7.420e+01  
 GE9    -8.399498e+03  -1.671191e-06  8.214e-06  7.421e+01  
 GE10   -8.399498e+03  -1.595760e-07  1.980e-06  7.417e+01  
 GE11   -8.399498e+03  -8.645002e-09  1.308e-06  7.429e+01  
 GE12   -8.399498e+03  -1.378189e-09  6.493e-07  7.408e+01  
 ><><><><><><><><><><><><><><><><><><><><><><
 TOTAL-STRESS (KBAR):
 ><><><><><><><><><><><><><><><><><><><><><><
 -9.169e+00     4.392e+01      -5.172e+01     
 4.392e+01      -1.062e+02     -3.042e+01     
 -5.172e+01     -3.042e+01     -3.388e+01     
 TOTAL-PRESSURE: -4.976e+01 KBAR
 ------------------------------------------------------------------------------------------------
 Energy              Potential           Kinetic             Temperature         Pressure (KBAR)     
 -3.086e+02          -3.087e+02          7.355e-02           2.458e+02           -4.670e+01          
 ------------------------------------------------------------------------------------------------
 -------------------------------------------
 STEP OF MOLECULAR DYNAMICS : 10
 -------------------------------------------
 DONE(9.330e+03  SEC) : INIT SCF
 ITER   ETOT(eV)       EDIFF(eV)      DRHO       TIME(s)    
 GE1    -8.399413e+03  0.000000e+00   3.487e-03  7.941e+01  
 GE2    -8.399409e+03  3.953360e-03   2.060e-03  7.462e+01  
 GE3    -8.399418e+03  -8.472680e-03  1.962e-03  7.445e+01  
 GE4    -8.399428e+03  -1.010475e-02  4.874e-04  7.443e+01  
 GE5    -8.399429e+03  -6.286908e-04  3.173e-04  7.447e+01  
 GE6    -8.399429e+03  -3.128345e-04  1.242e-04  7.451e+01  
 GE7    -8.399429e+03  -3.415980e-05  5.972e-05  7.438e+01  
 GE8    -8.399429e+03  -1.182199e-05  1.655e-05  7.445e+01  
 GE9    -8.399429e+03  -8.219419e-07  5.680e-06  7.446e+01  
 GE10   -8.399429e+03  -7.414532e-08  1.748e-06  7.449e+01  
 GE11   -8.399429e+03  -2.456301e-09  8.399e-07  7.459e+01  
 ><><><><><><><><><><><><><><><><><><><><><><
 TOTAL-STRESS (KBAR):
 ><><><><><><><><><><><><><><><><><><><><><><
 -8.639e+00     4.380e+01      -5.141e+01     
 4.380e+01      -1.059e+02     -3.094e+01     
 -5.141e+01     -3.094e+01     -3.353e+01     
 TOTAL-PRESSURE: -4.937e+01 KBAR
 ------------------------------------------------------------------------------------------------
 Energy              Potential           Kinetic             Temperature         Pressure (KBAR)     
 -3.086e+02          -3.087e+02          8.296e-02           2.772e+02           -4.592e+01          
 ------------------------------------------------------------------------------------------------

  |CLASS_NAME---------|NAME---------------|TIME(Sec)-----|CALLS----|AVG------|PER%-------
                       total               10234          27        3.8e+02   1e+02     %
   Driver              driver_line         10234          1         1e+04     1e+02     %
   PW_Basis            setup_struc_factor  0.92557        11        0.084     0.009     %
   ORB_control         read_orb_first      0.14737        1         0.15      0.0014    %
   LCAO_Orbitals       Read_Orbitals       0.14737        1         0.15      0.0014    %
   ORB_control         set_orb_tables      6.6442         1         6.6       0.065     %
   ORB_gen_tables      gen_tables          6.6442         1         6.6       0.065     %
   ORB_table_phi       init_Table          5.17           1         5.2       0.051     %
   ORB_table_phi       cal_ST_Phi12_R      5.1248         558       0.0092    0.05      %
   ORB_table_beta      init_Table_Beta     1.2185         1         1.2       0.012     %
   ORB_table_beta      VNL_PhiBeta_R       1.2095         168       0.0072    0.012     %
   ppcell_vl           init_vloc           0.23903        1         0.24      0.0023    %
   Run_MD              md_line             10226          1         1e+04     1e+02     %
   Langevin            setup               1346.9         1         1.3e+03   13        %
   MD_func             force_virial        10226          11        9.3e+02   1e+02     %
   ESolver_KS_LCAO     Run                 9352.9         11        8.5e+02   91        %
   ESolver_KS_LCAO     beforescf           21.985         11        2         0.21      %
   ESolver_KS_LCAO     beforesolver        7.3772         11        0.67      0.072     %
   ESolver_KS_LCAO     set_matrix_grid     4.5421         11        0.41      0.044     %
   Grid_Technique      init                2.1971         11        0.2       0.021     %
   Grid_BigCell        grid_expansion_index0.65309        22        0.03      0.0064    %
   Record_adj          for_2d              2.0104         11        0.18      0.02      %
   Grid_Driver         Find_atom           16.214         602560    2.7e-05   0.16      %
   Charge              atomic_rho          12.669         21        0.6       0.12      %
   PW_Basis            recip2real          1.8153         745       0.0024    0.018     %
   PW_Basis            gathers_scatterp    0.80291        745       0.0011    0.0078    %
   Potential           init_pot            0.74685        11        0.068     0.0073    %
   Potential           update_from_charge  8.4599         136       0.062     0.083     %
   Potential           cal_v_eff           8.4155         136       0.062     0.082     %
   H_Hartree_pw        v_hartree           0.84957        136       0.0062    0.0083    %
   PW_Basis            real2recip          2.5516         1132      0.0023    0.025     %
   PW_Basis            gatherp_scatters    1.0896         1132      0.00096   0.011     %
   PotXC               cal_v_eff           7.5009         136       0.055     0.073     %
   XC_Functional       v_xc                7.4623         136       0.055     0.073     %
   HSolverLCAO         solve               9318           125       75        91        %
   HamiltLCAO          updateHk            3508           4500      0.78      34        %
   OperatorLCAO        init                2909.3         9000      0.32      28        %
   Veff                contributeHk        2907.2         4500      0.65      28        %
   Gint_interface      cal_gint            4640.6         261       18        45        %
   Gint_interface      cal_gint_vlocal     2197.2         125       18        21        %
   Gint_k              folding_vl_k        709.91         4500      0.16      6.9       %
   Gint_k              Distri              463.54         4500      0.1       4.5       %
   Overlap             contributeHR        4.0239         11        0.37      0.039     %
   LCAO_gen_fixedH     calculate_S_no      4.0238         11        0.37      0.039     %
   Ekin<LCAO>          contributeHR        4.0919         11        0.37      0.04      %
   Nonlocal<LCAO>      contributeHR        41.944         11        3.8       0.41      %
   LCAO_gen_fixedH     build_Nonlocal_mu_new134.28         22        6.1       1.3       %
   ORB_gen_tables      snap_psibeta_half   3.0548         1068519   2.9e-06   0.03      %
   OperatorLCAO        folding_fixed       548.66         4500      0.12      5.4       %
   LCAO_nnr            folding_fixedH      542.82         4500      0.12      5.3       %
   HSolverLCAO         hamiltSolvePsiK     1384.4         4500      0.31      14        %
   DiagoElpa           elpa_solve          1374.2         4500      0.31      13        %
   ElecStateLCAO       psiToRho            4425.6         125       35        43        %
   elecstate           cal_dm              106.59         136       0.78      1         %
   psiMulPsiMpi        pdgemm              102.93         4896      0.021     1         %
    Local_Orbital_wfc  wfc_2d_to_grid      20.701         4500      0.0046    0.2       %
   LCAO_Charge         cal_dk_k            2332.4         125       19        23        %
   Record_adj          for_grid            0.64087        125       0.0051    0.0063    %
   Gint_interface      cal_gint_rho        1980.8         125       16        19        %
   Charge              mix_rho             1.2378         114       0.011     0.012     %
   Force_Stress_LCAO   getForceStress      873.29         11        79        8.5       %
   Forces              cal_force_loc       0.75334        11        0.068     0.0074    %
   Forces              cal_force_ew        0.73198        11        0.067     0.0072    %
   Forces              cal_force_scc       7.0588         11        0.64      0.069     %
   Stress_Func         stress_loc          5.8336         11        0.53      0.057     %
   Stress_Func         stress_ewa          0.3505         11        0.032     0.0034    %
   Stress_Func         stress_gga          0.35916        11        0.033     0.0035    %
   Force_LCAO_k        ftable_k            858.15         11        78        8.4       %
   Force_LCAO_k        allocate_k          119.43         11        11        1.2       %
   Force_LCAO_k        cal_foverlap_k      21.429         11        1.9       0.21      %
   Force_LCAO_k        cal_edm_2d          20.617         11        1.9       0.2       %
   Local_Orbital_Chargecal_dm_R            11.077         22        0.5       0.11      %
   Force_LCAO_k        cal_ftvnl_dphi_k    0.24456        11        0.022     0.0024    %
   Force_LCAO_k        cal_fvl_dphi_k      462.52         11        42        4.5       %
   Gint_interface      cal_gint_force      462.52         11        42        4.5       %
   Force_LCAO_k        cal_fvnl_dbeta_k_new244.84         11        22        2.4       %
 ----------------------------------------------------------------------------------------

 START  Time  : Fri Feb  3 16:52:51 2023
 FINISH Time  : Fri Feb  3 19:43:25 2023
 TOTAL  Time  : 1e+04
 SEE INFORMATION IN : OUT.ABACUS/
