                                                                                     
                              ABACUS v3.9.0.25

               Atomic-orbital Based Ab-initio Computation at UStc                    

                     Website: http://abacus.ustc.edu.cn/                             
               Documentation: https://abacus.deepmodeling.com/                       
                  Repository: https://github.com/abacusmodeling/abacus-develop       
                              https://github.com/deepmodeling/abacus-develop         
                      Commit: 5d834e975 (Mon Mar 9 11:19:58 2026 +0800)

    Start Time is Tue Mar 17 17:00:25 2026
                                                                                     
 ------------------------------------------------------------------------------------

 READING GENERAL INFORMATION
                           global_out_dir = OUT.ABACUS/
                           global_in_card = INPUT
                               pseudo_dir = 
                              orbital_dir = 
                                    DRANK = 1
                                    DSIZE = 4
                                   DCOLOR = 1
                                    GRANK = 1
                                    GSIZE = 1


 >>>>>>>>>>>>>>>>>>>>>>>>>>>>>>>>>>>>>>>>>>>>>>>>>>>>>>>>>>>>>>>>>>>>>>
 |                                                                    |
 |                        #Setup Unitcell#                            |
 | From the input file and the structure file we know the number of   |
 | different elments in this unitcell, then we list the detail        |
 | information for each element, especially the zeta and polar atomic |
 | orbital number for each element. The total atom number is counted. |
 | We calculate the nearest atom distance for each atom and show the  |
 | Cartesian and Direct coordinates for each atom. We list the file   |
 | address for atomic orbitals. The volume and the lattice vectors    |
 | in real and reciprocal space is also shown.                        |
 |                                                                    |
 <<<<<<<<<<<<<<<<<<<<<<<<<<<<<<<<<<<<<<<<<<<<<<<<<<<<<<<<<<<<<<<<<<<<<<

 READING UNITCELL INFORMATION
                       Number of elements = 3
                  Lattice constant (Bohr) = 1
              Lattice constant (Angstrom) = 0.529177

 READING ATOM TYPE 1
                               Atom label = C
                      L=0, number of zeta = 1
                      L=1, number of zeta = 1
                      L=2, number of zeta = 1
            Number of atoms for this type = 2

 READING ATOM TYPE 2
                               Atom label = O
                      L=0, number of zeta = 1
                      L=1, number of zeta = 1
                      L=2, number of zeta = 1
            Number of atoms for this type = 1

 READING ATOM TYPE 3
                               Atom label = H
                      L=0, number of zeta = 1
                      L=1, number of zeta = 1
                      L=2, number of zeta = 1
            Number of atoms for this type = 6

                        TOTAL ATOM NUMBER = 9

 CARTESIAN COORDINATES ( UNIT =      1.00000000 Bohr )
 atom                  x                  y                  z     mag
    C     0.005520599982     0.591490099978    27.999186200002  0.0000
    C    26.746360699988    27.744643200022    27.970199399977  0.0000
    O     1.087830599994    27.692445299996     0.048229800021  0.0000
    H     0.062821200016     1.283752699994    27.157211399994  0.0000
    H     0.006056700011     1.230312100022     0.885346400006  0.0000
    H    25.781779399993     0.189804999980    27.941839900021  0.0000
    H    27.089028299975    26.946073699990    27.218404199979  0.0000
    H    26.807990499998    27.257523200009     0.921966800022  0.0000
    H     1.848798499981    27.971367599981    27.474309800011  0.0000

 ATOMIC VELOCITIES
 atom                 vx                 vy                 vz
    C                  0                  0                  0
    C                  0                  0                  0
    O                  0                  0                  0
    H                  0                  0                  0
    H                  0                  0                  0
    H                  0                  0                  0
    H                  0                  0                  0
    H                  0                  0                  0
    H                  0                  0                  0

                     Cell volume (Bohr^3) = 21952
                        Cell volume (A^3) = 3252.95

 Lattice vectors: (Cartesian coordinate: in unit of a_0)
                  +28                  +0                  +0
                   +0                 +28                  +0
                   +0                  +0                 +28
 Reciprocal vectors: (Cartesian coordinate: in unit of 2 pi/a_0)
           +0.0357143                  -0                  +0
                   -0          +0.0357143                  -0
                   +0                  -0          +0.0357143

%%%%%%%%%%%%%%%%%%%%%%%%%%%%%%%%%%%%%%%%%%%%%%%%%%%%%%%%%%
%%%%%% WARNING  WARNING  WARNING  WARNING  WARNING  %%%%%%
%%%%%%%%%%%%%%%%%%%%%%%%%%%%%%%%%%%%%%%%%%%%%%%%%%%%%%%%%%
!!! WARNING: Some atoms are too close!!!
!!! Please check the nearest-neighbor list in log file.
%%%%%%%%%%%%%%%%%%%%%%%%%%%%%%%%%%%%%%%%%%%%%%%%%%%%%%%%%%
%%%%%% WARNING  WARNING  WARNING  WARNING  WARNING  %%%%%%
%%%%%%%%%%%%%%%%%%%%%%%%%%%%%%%%%%%%%%%%%%%%%%%%%%%%%%%%%%

%%%%%%%%%%%%%%%%%%%%%%%%%%%%%%%%%%%%%%%%%%%%%%%%%%%%%%%%%%
%%%%%% WARNING  WARNING  WARNING  WARNING  WARNING  %%%%%%
%%%%%%%%%%%%%%%%%%%%%%%%%%%%%%%%%%%%%%%%%%%%%%%%%%%%%%%%%%
!!! WARNING: Some atoms are too close!!!
!!! Please check the nearest-neighbor list in log file.
%%%%%%%%%%%%%%%%%%%%%%%%%%%%%%%%%%%%%%%%%%%%%%%%%%%%%%%%%%
%%%%%% WARNING  WARNING  WARNING  WARNING  WARNING  %%%%%%
%%%%%%%%%%%%%%%%%%%%%%%%%%%%%%%%%%%%%%%%%%%%%%%%%%%%%%%%%%

%%%%%%%%%%%%%%%%%%%%%%%%%%%%%%%%%%%%%%%%%%%%%%%%%%%%%%%%%%
%%%%%% WARNING  WARNING  WARNING  WARNING  WARNING  %%%%%%
%%%%%%%%%%%%%%%%%%%%%%%%%%%%%%%%%%%%%%%%%%%%%%%%%%%%%%%%%%
!!! WARNING: Some atoms are too close!!!
!!! Please check the nearest-neighbor list in log file.
%%%%%%%%%%%%%%%%%%%%%%%%%%%%%%%%%%%%%%%%%%%%%%%%%%%%%%%%%%
%%%%%% WARNING  WARNING  WARNING  WARNING  WARNING  %%%%%%
%%%%%%%%%%%%%%%%%%%%%%%%%%%%%%%%%%%%%%%%%%%%%%%%%%%%%%%%%%
  1-th   C,   2-th   C (cell:-1 -1  0), distance= 1.518 Bohr (0.803 Angstrom)
  1-th   C,   1-th   O (cell: 0 -1  1), distance= 1.408 Bohr (0.745 Angstrom)
  1-th   C,   1-th   H (cell: 0  0  0), distance= 1.092 Bohr (0.578 Angstrom)
  1-th   C,   2-th   H (cell: 0  0  1), distance= 1.092 Bohr (0.578 Angstrom)
  2-th   C,   3-th   H (cell: 0  1  0), distance= 1.063 Bohr (0.562 Angstrom)
  2-th   C,   4-th   H (cell: 0  0  0), distance= 1.149 Bohr (0.608 Angstrom)
  2-th   C,   5-th   H (cell: 0  0  1), distance= 1.071 Bohr (0.567 Angstrom)
  1-th   O,   6-th   H (cell: 0  0 -1), distance= 0.993 Bohr (0.526 Angstrom)

 #ENERGY SOLVER# ksdft_pw
 RUNNING WITH DEVICE  : CPU / Intel(R) Xeon(R) Gold 6132 CPU @ 2.60GHz (x2)


 >>>>>>>>>>>>>>>>>>>>>>>>>>>>>>>>>>>>>>>>>>>>>>>>>>>>>>>>>>>>>>>>>>>>>>
 |                                                                    |
 |                 #Read Pseudopotentials Files#                      |
 | ABACUS supports norm-conserving (NC) pseudopotentials for both     |
 | plane wave basis and numerical atomic orbital basis sets.          |
 | In addition, ABACUS supports ultrasoft pseudopotentials (USPP)     |
 | for plane wave basis set.                                          |
 |                                                                    |
 <<<<<<<<<<<<<<<<<<<<<<<<<<<<<<<<<<<<<<<<<<<<<<<<<<<<<<<<<<<<<<<<<<<<<<

                PAO radial cut off (Bohr) = 15
                     Pseudopotential file = ./C.upf
                     Pseudopotential type = NC
          Exchange-correlation functional = PBE
                 Nonlocal core correction = 1
                        Valence electrons = 4
                                     Lmax = 1
                           Number of zeta = 2
                     Number of projectors = 4
                           L of projector = 0
                           L of projector = 0
                           L of projector = 1
                           L of projector = 1
                PAO radial cut off (Bohr) = 15
                     Pseudopotential file = ./O.upf
                     Pseudopotential type = NC
          Exchange-correlation functional = PBE
                 Nonlocal core correction = 1
                        Valence electrons = 6
                                     Lmax = 2
                           Number of zeta = 2
                     Number of projectors = 5
                           L of projector = 0
                           L of projector = 0
                           L of projector = 1
                           L of projector = 1
                           L of projector = 2
                PAO radial cut off (Bohr) = 15
                     Pseudopotential file = ./H.upf
                     Pseudopotential type = NC
          Exchange-correlation functional = PBE
                 Nonlocal core correction = 0
                        Valence electrons = 1
                                     Lmax = 1
                           Number of zeta = 1
                     Number of projectors = 3
                           L of projector = 0
                           L of projector = 0
                           L of projector = 1
         Number of pseudo atomic orbitals = 18
             Electron number of element C = 4
       Total electron number of element C = 8
             Electron number of element O = 6
       Total electron number of element O = 6
             Electron number of element H = 1
       Total electron number of element H = 6
          Autoset the number of electrons = 20
               Occupied electronic states = 10
     Number of electronic states (NBANDS) = 20


 >>>>>>>>>>>>>>>>>>>>>>>>>>>>>>>>>>>>>>>>>>>>>>>>>>>>>>>>>>>>>>>>>>>>>>
 |                                                                    |
 |           #Setup Plane Waves of Charge/Potential#                  |
 | Use the kinetic energy cutoff and the lattice vectors to generate  |
 | the dimensions of FFT grid, which is used to represent the charge  |
 | density or potential. If USPP is used, a double grid technique     |
 | is applied.                                                        |
 |                                                                    |
 <<<<<<<<<<<<<<<<<<<<<<<<<<<<<<<<<<<<<<<<<<<<<<<<<<<<<<<<<<<<<<<<<<<<<<

 SETUP PLANE WAVES FOR CHARGE/POTENTIAL
 FFT DIMENSIONS ARE FROM INPUT
 KINETIC ENEGY CUTOFF IS DETERMINED FROM nx, ny, nz
  Energy cutoff for charge/potential (Ry) = 825.018
            FFT grid for charge/potential = [ 256, 256, 256 ]
           Number of FFT grids this proc. = 4194304
                Division for big FFT grid = [ 1, 1, 1 ]
      FFT (big) grid for charge/potential = [ 256, 256, 256 ]
     Number of FFT (big) grids this proc. = 4194304
                    Number of plane waves = 2532973
        Number of sticks on FFT x-y plane = 22469

 PARALLEL PW FOR CHARGE/POTENTIAL
     PROC   COLUMNS(POT)             PW
        1           5617         633243
        2           5617         633243
        3           5618         633244
        4           5617         633243
 --------------- SUM -------------------
        4          22469        2532973

                            Number of |g| = 5948
                                  Max |g| = 9.11862
                                  Min |g| = 0.00127551


 >>>>>>>>>>>>>>>>>>>>>>>>>>>>>>>>>>>>>>>>>>>>>>>>>>>>>>>>>>>>>>>>>>>>>>
 |                                                                    |
 |                      #Symmetry Analysis#                           |
 | We calculate the norm of 3 vectors and the angles between them,    |
 | the type of Bravais lattice is given. We can judge if the unticell |
 | is a primitive cell. Finally we give the point group operation for |
 | this unitcell. We use the point group operations to perform        |
 | symmetry analysis on given k-point mesh and the charge density.    |
 |                                                                    |
 <<<<<<<<<<<<<<<<<<<<<<<<<<<<<<<<<<<<<<<<<<<<<<<<<<<<<<<<<<<<<<<<<<<<<<

 LATTICE VECTORS: (CARTESIAN COORDINATE: IN UNIT OF A0)
                  +28                  +0                  +0
                   +0                 +28                  +0
                   +0                  +0                 +28
                     Right-handed lattice = 1
                                   NORM_A = 28
                                   NORM_B = 28
                                   NORM_C = 28
                           ALPHA (DEGREE) = 90
                           BETA  (DEGREE) = 90
                           GAMMA (DEGREE) = 90

 The lattice vectors have been changed (STRU_SIMPLE.cif)

 For optimal symmetric configuration:
                             BRAVAIS TYPE = 1
                     BRAVAIS LATTICE NAME = 01. Cubic P (simple)
                                    ibrav = 1
                                    IBRAV = 1
                                  BRAVAIS = SIMPLE CUBIC
                       LATTICE CONSTANT A = 28

 Original cell was already a primitive cell.
              Number of rotation matrices = 48
              PURE POINT GROUP OPERATIONS = 1
                   SPACE GROUP OPERATIONS = 1
                              POINT GROUP = C_1
               POINT GROUP IN SPACE GROUP = C_1
 DONE : SYMMETRY Time : 0.357548 (SEC)

 DONE : SETUP UNITCELL Time : 0.35757 (SEC)


 >>>>>>>>>>>>>>>>>>>>>>>>>>>>>>>>>>>>>>>>>>>>>>>>>>>>>>>>>>>>>>>>>>>>>>
 |                                                                    |
 |                       #Setup K-points#                             |
 | We setup the k-points according to input parameters.               |
 | The reduced k-points are set according to symmetry operations.     |
 | We treat the spin as another set of k-points.                      |
 |                                                                    |
 <<<<<<<<<<<<<<<<<<<<<<<<<<<<<<<<<<<<<<<<<<<<<<<<<<<<<<<<<<<<<<<<<<<<<<


 SETUP K-POINTS
                                    nspin = 1
                   Input type of k points = Monkhorst-Pack(Gamma)
                                   nkstot = 1
                     Right-handed lattice = 1

 For reciprocal-space lattice
                     Bravais lattice type = 1
                     Bravais lattice name = 01. Cubic P (simple)
                     Right-handed lattice = 1

 For k-vectors
                     Bravais lattice type = 1
                     Bravais lattice name = 01. Cubic P (simple)
                     Right-handed lattice = 1
              Number of rotation matrices = 48
           Number of irreducible k-points = 1

 K-POINTS REDUCTION ACCORDING TO SYMMETRY
     IBZ    DIRECT_X    DIRECT_Y    DIRECT_Z  WEIGHT  ibz2bz
       1  0.00000000  0.00000000  0.00000000  1.0000       0

                               nkstot now = 1
 K-POINTS DIRECT COORDINATES
 KPOINTS    DIRECT_X    DIRECT_Y    DIRECT_Z  WEIGHT
       1  0.00000000  0.00000000  0.00000000  1.0000


       Number of k-points in this process = 1
       Minimum distributed k-point number = 1

 K-POINTS CARTESIAN COORDINATES
 KPOINTS CARTESIAN_X CARTESIAN_Y CARTESIAN_Z  WEIGHT
       1  0.00000000  0.00000000  0.00000000  2.0000


 K-POINTS DIRECT COORDINATES
 KPOINTS    DIRECT_X    DIRECT_Y    DIRECT_Z  WEIGHT
       1  0.00000000  0.00000000  0.00000000  2.0000

 DONE : INIT K-POINTS Time : 0.437819 (SEC)


 Warning_Memory_Consuming allocated:  SF::strucFac 28.9876 MB
 XC:	101	130	

 Warning_Memory_Consuming allocated:  Chg::rho 32 MB

 Warning_Memory_Consuming allocated:  Chg::rho_save 32 MB

 Warning_Memory_Consuming allocated:  Chg::rho_core 32 MB

 >>>>>>>>>>>>>>>>>>>>>>>>>>>>>>>>>>>>>>>>>>>>>>>>>>>>>>>>>>>>>>>>>>>>>>
 |                                                                    |
 | Setup charge mixing parameters                                     |
 |                                                                    |
 <<<<<<<<<<<<<<<<<<<<<<<<<<<<<<<<<<<<<<<<<<<<<<<<<<<<<<<<<<<<<<<<<<<<<<

                              mixing_type = broyden
                              mixing_beta = 0.7
                               mixing_gg0 = 1
                           mixing_gg0_min = 0.1
                              mixing_ndim = 8


 >>>>>>>>>>>>>>>>>>>>>>>>>>>>>>>>>>>>>>>>>>>>>>>>>>>>>>>>>>>>>>>>>>>>>>
 |                                                                    |
 |              #Setup Plane Waves of Wave Functions#                 |
 | Use the kinetic energy cutoff and the lattice vectors to generate  |
 | the dimensions of FFT grid, which is used to represent the wave    |
 | functions of electrons.                                            |
 |                                                                    |
 <<<<<<<<<<<<<<<<<<<<<<<<<<<<<<<<<<<<<<<<<<<<<<<<<<<<<<<<<<<<<<<<<<<<<<

 SETUP PLANE WAVES FOR WAVE FUNCTIONS
     Energy cutoff for wavefunc (unit:Ry) = 90
              FFT grid for wave functions = [ 256, 256, 256 ]
              Number of total plane waves = 316777
        Number of sticks on FFT x-y plane = 5621

 PARALLEL PW FOR WAVE FUNCTIONS
     PROC   COLUMNS(POT)             PW
        1           1405          79193
        2           1405          79193
        3           1405          79193
        4           1406          79198
 --------------- sum -------------------
        4           5621         316777
 DONE : INIT PLANEWAVE Time : 0.703046 (SEC)

                                 init_chg = atomic

 Warning_Memory_Consuming allocated:  Pot::veff_fix 32 MB

 Warning_Memory_Consuming allocated:  Pot::veff 32 MB

 Warning_Memory_Consuming allocated:  Pot::veff_smooth 32 MB
 DONE : LOCAL POTENTIAL Time : 1.07583 (SEC)


 SETUP NONLOCAL PSEUDOPOTENTIALS IN PLANE WAVE BASIS
 C non-local projectors:
 projector 1 L=0
 projector 2 L=0
 projector 3 L=1
 projector 4 L=1
 O non-local projectors:
 projector 1 L=0
 projector 2 L=0
 projector 3 L=1
 projector 4 L=1
 projector 5 L=2
 H non-local projectors:
 projector 1 L=0
 projector 2 L=0
 projector 3 L=1
      TOTAL NUMBER OF NONLOCAL PROJECTORS = 59

 Warning_Memory_Consuming allocated:  VNL::vkb 71.295 MB

 Init Non-Local PseudoPotential table : 
 Init Non-Local-Pseudopotential done.
 DONE : NON-LOCAL POTENTIAL Time : 1.17333 (SEC)

                                     npwx = 79193

 Warning_Memory_Consuming allocated:  Psi_PW 24.1678 MB

 Using ATOMIC starting wave functions with 18 atomic orbitals + 2 random orbitals (total 20 bands)

 Make real space PAO into reciprocal space.
       max mesh points in Pseudopotential = 1247
     dq(describe PAO in reciprocal space) = 0.01
                                    max q = 1143

 number of pseudo atomic orbitals for C is 2

 number of pseudo atomic orbitals for O is 2

 number of pseudo atomic orbitals for H is 1
 DONE : INIT BASIS Time : 1.28681 (SEC)

 ================================================================
 SELF-CONSISTENT
 ================================================================

 Warning_Memory_Consuming allocated:  Veff<PW>::porter 64 MB

 Warning_Memory_Consuming allocated:  Veff<PW>::porter1 64 MB

 Warning_Memory_Consuming allocated:  Meta<PW>::porter 64 MB

 Warning_Memory_Consuming allocated:  VNL::ylm 5.43775 MB

 Warning_Memory_Consuming allocated:  VNL::vkb1 7.85453 MB

 Warning_Memory_Consuming allocated:  YlmReal::Ylm_Real 5.43775 MB

 Warning_Memory_Consuming allocated:  DiagSub::temp 24.1678 MB
 DONE : INIT SCF Time : 8.27115 (SEC)


 ++++++++++++++++++++++++++++++++++++++++++++++++++++++++++++++++++++++
 --> #ION MOVE#         1  #ELEC ITER#         1
 ++++++++++++++++++++++++++++++++++++++++++++++++++++++++++++++++++++++
 Average iterative diagonalization steps for k-points is 6
 current threshold of diagonalizaiton is 0.01

 Warning_Memory_Consuming allocated:  ElecSPW::wfcr 64 MB

 Warning_Memory_Consuming allocated:  ElecSPW::wfcr_a 64 MB
 Electron density deviation 11.2172
                          Diago Threshold = 0.01
 ----------------------------------------------------------
      Energy           Rydberg                 eV          
 ----------------------------------------------------------
  E_KohnSham     -49.0585579267       -667.4759234667      
  E_Harris       -7.2654554413        -98.8515925662       
  E_Fermi        -1.1633091527        -15.8276330121       
  E_gap(k)       1.3824336580         18.8089748558        
 ----------------------------------------------------------


 ++++++++++++++++++++++++++++++++++++++++++++++++++++++++++++++++++++++
 --> #ION MOVE#         1  #ELEC ITER#         2
 ++++++++++++++++++++++++++++++++++++++++++++++++++++++++++++++++++++++
 Average iterative diagonalization steps for k-points is 4
 current threshold of diagonalizaiton is 0.01
 Electron density deviation 0.79724
                          Diago Threshold = 0.01
 ----------------------------------------------------------
      Energy           Rydberg                 eV          
 ----------------------------------------------------------
  E_KohnSham     -51.2926103557       -697.8717661317      
  E_Harris       -59.6182479239       -811.1478765417      
  E_Fermi        -0.1383921945        -1.8829224037        
  E_gap(k)       0.1317485376         1.7925308146         
 ----------------------------------------------------------


 ++++++++++++++++++++++++++++++++++++++++++++++++++++++++++++++++++++++
 --> #ION MOVE#         1  #ELEC ITER#         3
 ++++++++++++++++++++++++++++++++++++++++++++++++++++++++++++++++++++++
 Average iterative diagonalization steps for k-points is 2
 current threshold of diagonalizaiton is 0.0039862
 Electron density deviation 0.178252
                          Diago Threshold = 0.0039862
 ----------------------------------------------------------
      Energy           Rydberg                 eV          
 ----------------------------------------------------------
  E_KohnSham     -51.5272929207       -701.0647862362      
  E_Harris       -42.8879570527       -583.5205914957      
  E_Fermi        -0.3490083274        -4.7485019016        
  E_gap(k)       0.3682067326         5.0097096057         
 ----------------------------------------------------------


 ++++++++++++++++++++++++++++++++++++++++++++++++++++++++++++++++++++++
 --> #ION MOVE#         1  #ELEC ITER#         4
 ++++++++++++++++++++++++++++++++++++++++++++++++++++++++++++++++++++++
 Average iterative diagonalization steps for k-points is 4
 current threshold of diagonalizaiton is 0.000891258
 Electron density deviation 0.0259273
                          Diago Threshold = 0.000891258
 ----------------------------------------------------------
      Energy           Rydberg                 eV          
 ----------------------------------------------------------
  E_KohnSham     -51.5347966057       -701.1668791082      
  E_Harris       -48.1888142154       -655.6424531931      
  E_Fermi        -0.1445701846        -1.9669782714        
  E_gap(k)       0.2230336345         3.0345282744         
 ----------------------------------------------------------


 ++++++++++++++++++++++++++++++++++++++++++++++++++++++++++++++++++++++
 --> #ION MOVE#         1  #ELEC ITER#         5
 ++++++++++++++++++++++++++++++++++++++++++++++++++++++++++++++++++++++
 Average iterative diagonalization steps for k-points is 5
 current threshold of diagonalizaiton is 0.000129637
 Electron density deviation 0.00816986
                          Diago Threshold = 0.000129637
 ----------------------------------------------------------
      Energy           Rydberg                 eV          
 ----------------------------------------------------------
  E_KohnSham     -51.5373744413       -701.2019523616      
  E_Harris       -51.1513369263       -695.9496425159      
  E_Fermi        -0.1402041531        -1.9075753651        
  E_gap(k)       0.1669608463         2.2716188527         
 ----------------------------------------------------------


 ++++++++++++++++++++++++++++++++++++++++++++++++++++++++++++++++++++++
 --> #ION MOVE#         1  #ELEC ITER#         6
 ++++++++++++++++++++++++++++++++++++++++++++++++++++++++++++++++++++++
 Average iterative diagonalization steps for k-points is 5
 current threshold of diagonalizaiton is 4.08493e-05
 Electron density deviation 0.00270725
                          Diago Threshold = 4.08493e-05
 ----------------------------------------------------------
      Energy           Rydberg                 eV          
 ----------------------------------------------------------
  E_KohnSham     -51.5379571140       -701.2098800295      
  E_Harris       -50.4787465635       -686.7985811611      
  E_Fermi        -0.1388957285        -1.8897733358        
  E_gap(k)       0.1845396290         2.5107904614         
 ----------------------------------------------------------


 ++++++++++++++++++++++++++++++++++++++++++++++++++++++++++++++++++++++
 --> #ION MOVE#         1  #ELEC ITER#         7
 ++++++++++++++++++++++++++++++++++++++++++++++++++++++++++++++++++++++
 Average iterative diagonalization steps for k-points is 4
 current threshold of diagonalizaiton is 1.35363e-05
 Electron density deviation 0.00138807
                          Diago Threshold = 1.35363e-05
 ----------------------------------------------------------
      Energy           Rydberg                 eV          
 ----------------------------------------------------------
  E_KohnSham     -51.5384332742       -701.2163585220      
  E_Harris       -50.8532476747       -691.8939301810      
  E_Fermi        -0.1366539166        -1.8592719199        
  E_gap(k)       0.1758035099         2.3919294624         
 ----------------------------------------------------------


 ++++++++++++++++++++++++++++++++++++++++++++++++++++++++++++++++++++++
 --> #ION MOVE#         1  #ELEC ITER#         8
 ++++++++++++++++++++++++++++++++++++++++++++++++++++++++++++++++++++++
 Average iterative diagonalization steps for k-points is 5
 current threshold of diagonalizaiton is 6.94036e-06
 Electron density deviation 0.000599606
                          Diago Threshold = 6.94036e-06
 ----------------------------------------------------------
      Energy           Rydberg                 eV          
 ----------------------------------------------------------
  E_KohnSham     -51.5385809287       -701.2183674641      
  E_Harris       -51.5307368063       -701.1116427042      
  E_Fermi        -0.1352434571        -1.8400816340        
  E_gap(k)       0.1628160785         2.2152263936         
 ----------------------------------------------------------


 ++++++++++++++++++++++++++++++++++++++++++++++++++++++++++++++++++++++
 --> #ION MOVE#         1  #ELEC ITER#         9
 ++++++++++++++++++++++++++++++++++++++++++++++++++++++++++++++++++++++
 Average iterative diagonalization steps for k-points is 4
 current threshold of diagonalizaiton is 2.99803e-06
 Electron density deviation 0.000314268
                          Diago Threshold = 2.99803e-06
 ----------------------------------------------------------
      Energy           Rydberg                 eV          
 ----------------------------------------------------------
  E_KohnSham     -51.5386525273       -701.2193416135      
  E_Harris       -51.3803659050       -699.0657416323      
  E_Fermi        -0.1346098252        -1.8314606298        
  E_gap(k)       0.1679720506         2.2853769935         
 ----------------------------------------------------------


 ++++++++++++++++++++++++++++++++++++++++++++++++++++++++++++++++++++++
 --> #ION MOVE#         1  #ELEC ITER#        10
 ++++++++++++++++++++++++++++++++++++++++++++++++++++++++++++++++++++++
 Average iterative diagonalization steps for k-points is 5
 current threshold of diagonalizaiton is 1.57134e-06
 Electron density deviation 0.000155607
                          Diago Threshold = 1.57134e-06
 ----------------------------------------------------------
      Energy           Rydberg                 eV          
 ----------------------------------------------------------
  E_KohnSham     -51.5386750411       -701.2196479289      
  E_Harris       -51.3372065237       -698.4785281250      
  E_Fermi        -0.1324077751        -1.8015002003        
  E_gap(k)       0.1703859560         2.3182198609         
 ----------------------------------------------------------


 ++++++++++++++++++++++++++++++++++++++++++++++++++++++++++++++++++++++
 --> #ION MOVE#         1  #ELEC ITER#        11
 ++++++++++++++++++++++++++++++++++++++++++++++++++++++++++++++++++++++
 Average iterative diagonalization steps for k-points is 5
 current threshold of diagonalizaiton is 7.78036e-07
 Electron density deviation 7.23977e-05
                          Diago Threshold = 7.78036e-07
 ----------------------------------------------------------
      Energy           Rydberg                 eV          
 ----------------------------------------------------------
  E_KohnSham     -51.5386799406       -701.2197145908      
  E_Harris       -51.4313847674       -699.7598888674      
  E_Fermi        -0.1304182267        -1.7744310062        
  E_gap(k)       0.1691797500         2.3018085869         
 ----------------------------------------------------------


 ++++++++++++++++++++++++++++++++++++++++++++++++++++++++++++++++++++++
 --> #ION MOVE#         1  #ELEC ITER#        12
 ++++++++++++++++++++++++++++++++++++++++++++++++++++++++++++++++++++++
 Average iterative diagonalization steps for k-points is 6
 current threshold of diagonalizaiton is 3.61988e-07
 Electron density deviation 3.41602e-05
                          Diago Threshold = 3.61988e-07
 ----------------------------------------------------------
      Energy           Rydberg                 eV          
 ----------------------------------------------------------
  E_KohnSham     -51.5387024123       -701.2200203331      
  E_Harris       -51.5289437361       -701.0872467320      
  E_Fermi        -0.1274434691        -1.7339573526        
  E_gap(k)       0.1695469100         2.3068040546         
 ----------------------------------------------------------


 ++++++++++++++++++++++++++++++++++++++++++++++++++++++++++++++++++++++
 --> #ION MOVE#         1  #ELEC ITER#        13
 ++++++++++++++++++++++++++++++++++++++++++++++++++++++++++++++++++++++
 Average iterative diagonalization steps for k-points is 6
 current threshold of diagonalizaiton is 1.70801e-07
 Electron density deviation 1.35705e-05
                          Diago Threshold = 1.70801e-07
 ----------------------------------------------------------
      Energy           Rydberg                 eV          
 ----------------------------------------------------------
  E_KohnSham     -51.5387179341       -701.2202315186      
  E_Harris       -51.5113451878       -700.8478061989      
  E_Fermi        -0.1249301919        -1.6997624626        
  E_gap(k)       0.1717717979         2.3370752075         
 ----------------------------------------------------------


 ++++++++++++++++++++++++++++++++++++++++++++++++++++++++++++++++++++++
 --> #ION MOVE#         1  #ELEC ITER#        14
 ++++++++++++++++++++++++++++++++++++++++++++++++++++++++++++++++++++++
 Average iterative diagonalization steps for k-points is 7
 current threshold of diagonalizaiton is 6.78525e-08
 Electron density deviation 5.26738e-06
                          Diago Threshold = 6.78525e-08
 ----------------------------------------------------------
      Energy           Rydberg                 eV          
 ----------------------------------------------------------
  E_KohnSham     -51.5387294272       -701.2203878905      
  E_Harris       -51.5174301937       -700.9305969516      
  E_Fermi        -0.1216487883        -1.6551166752        
  E_gap(k)       0.1734668908         2.3601381298         
 ----------------------------------------------------------


 ++++++++++++++++++++++++++++++++++++++++++++++++++++++++++++++++++++++
 --> #ION MOVE#         1  #ELEC ITER#        15
 ++++++++++++++++++++++++++++++++++++++++++++++++++++++++++++++++++++++
 Average iterative diagonalization steps for k-points is 8
 current threshold of diagonalizaiton is 2.63369e-08
 Electron density deviation 1.73482e-06
                          Diago Threshold = 2.63369e-08
 ----------------------------------------------------------
      Energy           Rydberg                 eV          
 ----------------------------------------------------------
  E_KohnSham     -51.5387382082       -701.2205073617      
  E_Harris       -51.5342071302       -701.1588588827      
  E_Fermi        -0.1185452076        -1.6128902942        
  E_gap(k)       0.1739680330         2.3669565186         
 ----------------------------------------------------------


 ++++++++++++++++++++++++++++++++++++++++++++++++++++++++++++++++++++++
 --> #ION MOVE#         1  #ELEC ITER#        16
 ++++++++++++++++++++++++++++++++++++++++++++++++++++++++++++++++++++++
 Average iterative diagonalization steps for k-points is 10
 current threshold of diagonalizaiton is 8.67411e-09
 Electron density deviation 5.45066e-07
                          Diago Threshold = 8.67411e-09
 ----------------------------------------------------------
      Energy           Rydberg                 eV          
 ----------------------------------------------------------
  E_KohnSham     -51.5387416788       -701.2205545811      
  E_Harris       -51.5450378303       -701.3062181175      
  E_Fermi        -0.1149690058        -1.5642335725        
  E_gap(k)       0.1744462316         2.3734627450         
 ----------------------------------------------------------


 ++++++++++++++++++++++++++++++++++++++++++++++++++++++++++++++++++++++
 --> #ION MOVE#         1  #ELEC ITER#        17
 ++++++++++++++++++++++++++++++++++++++++++++++++++++++++++++++++++++++
 Average iterative diagonalization steps for k-points is 11
 current threshold of diagonalizaiton is 2.72533e-09
 Electron density deviation 1.02861e-07
                          Diago Threshold = 2.72533e-09
 ----------------------------------------------------------
      Energy           Rydberg                 eV          
 ----------------------------------------------------------
  E_KohnSham     -51.5387432663       -701.2205761806      
  E_Harris       -51.5348664130       -701.1678288858      
  E_Fermi        -0.1121049778        -1.5252664721        
  E_gap(k)       0.1755760584         2.3888348264         
 ----------------------------------------------------------


 ++++++++++++++++++++++++++++++++++++++++++++++++++++++++++++++++++++++
 --> #ION MOVE#         1  #ELEC ITER#        18
 ++++++++++++++++++++++++++++++++++++++++++++++++++++++++++++++++++++++
 Average iterative diagonalization steps for k-points is 12
 current threshold of diagonalizaiton is 5.14303e-10
 Electron density deviation 6.06335e-08
                          Diago Threshold = 5.14303e-10
 ----------------------------------------------------------
      Energy           Rydberg                 eV          
 ----------------------------------------------------------
  E_KohnSham     -51.5387436913       -701.2205819635      
  E_KS(sigma->0) -51.5387436913       -701.2205819635      
  E_Harris       -51.5348379986       -701.1674422875      
  E_band         -26.1585736282       -355.9056528962      
  E_one_elec     -347.9156462380      -4733.6352121897     
  E_Hartree      176.9643275916       2407.7231979848      
  E_xc           -27.5206292575       -374.4373704478      
  E_Ewald        146.9332042126       1999.1288026892      
  E_entropy(-TS) -0.0000000000        -0.0000000000        
  E_descf        0.0000000000         0.0000000000         
  E_localpp      -409.3717092700      -5569.7878460720     
  E_exx          0.0000000000         0.0000000000         
  E_Fermi        -0.1103367483        -1.5012084754        
  E_gap(k)       0.1757708305         2.3914848368         
 ----------------------------------------------------------

 #SCF IS CONVERGED#
 #TOTAL ENERGY# -701.22058196 eV
 Write eigenvalues and occupations to file: OUT.ABACUS/eig_occ.txt



 #TOTAL-FORCE (eV/Angstrom)#
 -------------------------------------------------------------------------
     Atoms              Force_x              Force_y              Force_z 
 -------------------------------------------------------------------------
        C1       -48.8157956915       134.5429624314        -6.1528067049 
        C2       -98.4605578895       -39.9957536740       -35.4389287977 
        O1       124.7111124299      -188.5938034090        80.8213058782 
        H1         3.5273843513        65.0540881922       -73.7335215172 
        H2        -2.1813306058        62.3108820385        76.7902425079 
        H3       -96.4517537189        42.1798551458        -4.4954353533 
        H4        10.7938553540       -57.2455059529       -53.4357917748 
        H5        -0.9435918859       -50.2047860502        89.4552845100 
        H6       107.8206776563        31.9520612781       -73.8103487482 
 -------------------------------------------------------------------------

 #TOTAL-STRESS (kbar)#
 ----------------------------------------------------------------
              Stress_x             Stress_y             Stress_z 
 ----------------------------------------------------------------
        172.9444732537       -18.8451218261       -14.6710643884 
        -18.8451218261       107.5463418603        -7.4195266872 
        -14.6710643884        -7.4195266872        77.7629931239 
 ----------------------------------------------------------------
 #TOTAL-PRESSURE# (EXCLUDE KINETIC PART OF IONS): 119.417936 kbar

 --------------------------------------------
 !FINAL_ETOT_IS -701.2205819634538102 eV
 --------------------------------------------



TIME STATISTICS
-----------------------------------------------------------------
   CLASS_NAME          NAME        TIME/s  CALLS   AVG/s  PER/%  
-----------------------------------------------------------------
                 total             607.03 17       35.71  100.00 
 Driver          atomic_world      607.03 1        607.03 100.00 
 PW_Basis_Sup    recip2real        15.77  146      0.11   2.60   
 Relax_Driver    relax_driver      605.67 1        605.67 99.78  
 ESolver_KS      runner            598.85 1        598.85 98.65  
 ESolver_KS_PW   before_scf        6.98   1        6.98   1.15   
 Potential       cal_veff          36.14  19       1.90   5.95   
 PW_Basis_Sup    real2recip        17.39  188      0.09   2.86   
 PotXC           cal_veff          29.71  19       1.56   4.90   
 XC_Functional   v_xc              32.52  21       1.55   5.36   
 Symmetry_rho    begin             23.22  19       1.22   3.83   
 Symmetry        rhog_symmetry     16.58  19       0.87   2.73   
 Symmetry        group_fft_grids   12.07  19       0.64   1.99   
 DiagoIterAssist diag_subspace     59.61  18       3.31   9.82   
 Operator        hPsi              482.22 2370     0.20   79.44  
 Operator        veff_pw           436.40 2370     0.18   71.89  
 PW_Basis_K      recip2real        211.04 3072     0.07   34.77  
 PW_Basis_K      real2recip        199.60 2712     0.07   32.88  
 Operator        nonlocal_pw       44.87  2370     0.02   7.39   
 Nonlocal        add_nonlocal_pp   21.16  2370     0.01   3.49   
 ESolver_KS_PW   hamilt2rho_single 548.55 18       30.48  90.37  
 HSolverPW       solve             526.54 18       29.25  86.74  
 HSolverPW       solve_psik        497.43 18       27.64  81.94  
 DiagoCG         diag_once         440.69 18       24.48  72.60  
 ElecStatePW     psiToRho          28.39  18       1.58   4.68   
-----------------------------------------------------------------


 NAME-------------------------|MEMORY(MB)------------------
                         total      2789.8585
                      VNL::vkb       285.1844
              Veff<PW>::porter       256.0000
             Veff<PW>::porter1       256.0000
              Meta<PW>::porter       256.0000
                 ElecSPW::wfcr       256.0000
               ElecSPW::wfcr_a       256.0000
                      Chg::rho       128.0000
                 Chg::rho_save       128.0000
                 Chg::rho_core       128.0000
                 Pot::veff_fix       128.0000
                     Pot::veff       128.0000
              Pot::veff_smooth       128.0000
                  SF::strucFac       115.9503
                        Psi_PW        96.6727
                 DiagSub::temp        96.6727
                     VNL::vkb1        31.4186
                      VNL::ylm        21.7514
             YlmReal::Ylm_Real        21.7514
                     Chg::rhog        19.3251
                Chg::rhog_save        19.3251
                Chg::rhog_core        19.3251
                  PW_B_K::gcar         7.2505
                       DiagoCG         3.0210
                   PW_B_K::gk2         2.4168
 -------------   < 1.0 MB has been ignored ----------------
 ----------------------------------------------------------

 Start  Time  : Tue Mar 17 17:00:25 2026
 Finish Time  : Tue Mar 17 17:10:32 2026
 Total  Time  : 0 h 10 mins 7 secs 
