WARNING: Total thread number on this node mismatches with hardware availability. This may cause poor performance.
Info: Local MPI proc number: 16,OpenMP thread number: 1,Total thread number: 16,Local thread limit: 32
 *********************************************************
 *                                                       *
 *                  WELCOME TO ABACUS v3.0               *
 *                                                       *
 *            'Atomic-orbital Based Ab-initio            *
 *                  Computation at UStc'                 *
 *                                                       *
 *          Website: http://abacus.ustc.edu.cn/          *
 *                                                       *
 *********************************************************
 Mon May 22 14:16:30 2023
 MAKE THE DIR         : OUT.ABACUS/
 MAKE THE STRU DIR    : OUT.ABACUS/STRU/
 UNIFORM GRID DIM     : 120 * 120 * 128
 UNIFORM GRID DIM(BIG): 60 * 60 * 64
 DONE(0.111912   SEC) : SETUP UNITCELL
 DONE(0.121565   SEC) : INIT K-POINTS
 ---------------------------------------------------------
 Molecular Dynamics simulations
 ---------------------------------------------------------
 ENSEMBLE                 : Langevin
 Time interval(fs)        : 1
 ---------------------------------------------------------
 SPIN    KPOINTS         PROCESSORS  NBASE       
 1       36              16          1584        
 ---------------------------------------------------------
 Use Systematically Improvable Atomic bases
 ---------------------------------------------------------
 ELEMENT ORBITALS        NBASE       NATOM       XC          
 Si      3s3p2d-9au      22          36          
 C       3s3p2d-9au      22          36          
 ---------------------------------------------------------
 Initial plane wave basis and FFT box
 ---------------------------------------------------------
--------------------------------- INITVEL DONE ------------------------------------
 -------------------------------------------
 STEP OF MOLECULAR DYNAMICS : 0
 -------------------------------------------
 START CHARGE      : atomic
 DONE(10.2199    SEC) : INIT SCF
 ITER   ETOT(eV)       EDIFF(eV)      DRHO       TIME(s)    
 GE1    -9.375182e+03  0.000000e+00   2.755e-01  1.111e+02  
 GE2    -9.431906e+03  -5.672472e+01  1.499e-01  1.050e+02  
 GE3    -9.445589e+03  -1.368234e+01  2.852e-02  1.049e+02  
 GE4    -9.442976e+03  2.612204e+00   5.046e-02  1.050e+02  
 GE5    -9.449659e+03  -6.683002e+00  6.014e-03  1.048e+02  
 GE6    -9.449724e+03  -6.447642e-02  4.021e-03  1.048e+02  
 GE7    -9.449791e+03  -6.745464e-02  1.489e-03  1.047e+02  
 GE8    -9.449799e+03  -7.882204e-03  4.099e-04  1.047e+02  
 GE9    -9.449800e+03  -4.408401e-04  2.253e-04  1.046e+02  
 GE10   -9.449800e+03  -1.132059e-04  1.299e-04  1.050e+02  
 GE11   -9.449800e+03  -5.985275e-05  4.316e-05  1.047e+02  
 GE12   -9.449800e+03  -5.835598e-06  2.469e-05  1.048e+02  
 GE13   -9.449800e+03  -2.001404e-06  1.001e-05  1.047e+02  
 GE14   -9.449800e+03  -3.408751e-07  2.479e-06  1.049e+02  
 GE15   -9.449800e+03  -9.866966e-09  1.273e-06  1.047e+02  
 GE16   -9.449800e+03  6.960550e-11   7.777e-07  1.048e+02  
 ><><><><><><><><><><><><><><><><><><><><><><
 TOTAL-STRESS (KBAR):
 ><><><><><><><><><><><><><><><><><><><><><><
 1.758e+02      3.636e+01      3.221e+00      
 3.636e+01      -2.152e+01     3.698e+01      
 3.221e+00      3.698e+01      4.877e+01      
 TOTAL-PRESSURE: 6.767e+01 KBAR
 ------------------------------------------------------------------------------------------------
 Energy              Potential           Kinetic             Temperature         Pressure (KBAR)     
 -3.473e+02          -3.473e+02          3.373e-03           1.000e+01           6.780e+01           
 ------------------------------------------------------------------------------------------------
 -------------------------------------------
 STEP OF MOLECULAR DYNAMICS : 1
 -------------------------------------------
 DONE(1.796e+03  SEC) : INIT SCF
 ITER   ETOT(eV)       EDIFF(eV)      DRHO       TIME(s)    
 GE1    -9.449923e+03  0.000000e+00   5.526e-04  1.102e+02  
 GE2    -9.449923e+03  3.760039e-04   4.182e-04  1.042e+02  
 GE3    -9.449923e+03  -5.572651e-04  3.885e-04  1.041e+02  
 GE4    -9.449924e+03  -4.521468e-04  7.767e-05  1.041e+02  
 GE5    -9.449924e+03  -1.217120e-05  5.584e-05  1.041e+02  
 GE6    -9.449924e+03  -1.344238e-05  2.558e-05  1.040e+02  
 GE7    -9.449924e+03  -2.288474e-06  7.733e-06  1.039e+02  
 GE8    -9.449924e+03  -1.527098e-07  1.794e-06  1.038e+02  
 GE9    -9.449924e+03  -9.160083e-09  1.030e-06  1.042e+02  
 GE10   -9.449924e+03  -1.577725e-09  4.147e-07  1.041e+02  
 ><><><><><><><><><><><><><><><><><><><><><><
 TOTAL-STRESS (KBAR):
 ><><><><><><><><><><><><><><><><><><><><><><
 1.747e+02      3.537e+01      3.076e+00      
 3.537e+01      -2.203e+01     3.700e+01      
 3.076e+00      3.700e+01      4.860e+01      
 TOTAL-PRESSURE: 6.710e+01 KBAR
 ------------------------------------------------------------------------------------------------
 Energy              Potential           Kinetic             Temperature         Pressure (KBAR)     
 -3.473e+02          -3.473e+02          8.706e-03           2.581e+01           6.743e+01           
 ------------------------------------------------------------------------------------------------
 -------------------------------------------
 STEP OF MOLECULAR DYNAMICS : 2
 -------------------------------------------
 DONE(2.945e+03  SEC) : INIT SCF
 ITER   ETOT(eV)       EDIFF(eV)      DRHO       TIME(s)    
 GE1    -9.450087e+03  0.000000e+00   1.593e-03  1.101e+02  
 GE2    -9.450087e+03  -2.562643e-04  9.496e-04  1.039e+02  
 GE3    -9.450089e+03  -2.093516e-03  7.652e-04  1.040e+02  
 GE4    -9.450091e+03  -1.629542e-03  2.081e-04  1.039e+02  
 GE5    -9.450091e+03  -1.144188e-04  1.500e-04  1.041e+02  
 GE6    -9.450091e+03  -8.848399e-05  5.964e-05  1.040e+02  
 GE7    -9.450091e+03  -1.130845e-05  2.305e-05  1.040e+02  
 GE8    -9.450091e+03  -1.940479e-06  6.033e-06  1.039e+02  
 GE9    -9.450091e+03  -1.193920e-07  2.003e-06  1.040e+02  
 GE10   -9.450091e+03  -8.088159e-09  6.468e-07  1.040e+02  
 ><><><><><><><><><><><><><><><><><><><><><><
 TOTAL-STRESS (KBAR):
 ><><><><><><><><><><><><><><><><><><><><><><
 1.731e+02      3.414e+01      2.762e+00      
 3.414e+01      -2.301e+01     3.696e+01      
 2.762e+00      3.696e+01      4.881e+01      
 TOTAL-PRESSURE: 6.630e+01 KBAR
 ------------------------------------------------------------------------------------------------
 Energy              Potential           Kinetic             Temperature         Pressure (KBAR)     
 -3.473e+02          -3.473e+02          2.030e-02           6.019e+01           6.709e+01           
 ------------------------------------------------------------------------------------------------
 -------------------------------------------
 STEP OF MOLECULAR DYNAMICS : 3
 -------------------------------------------
 DONE(4.093e+03  SEC) : INIT SCF
 ITER   ETOT(eV)       EDIFF(eV)      DRHO       TIME(s)    
 GE1    -9.450196e+03  0.000000e+00   1.916e-03  1.099e+02  
 GE2    -9.450193e+03  2.992748e-03   1.252e-03  1.038e+02  
 GE3    -9.450196e+03  -3.569251e-03  1.239e-03  1.039e+02  
 GE4    -9.450202e+03  -5.388951e-03  3.296e-04  1.039e+02  
 GE5    -9.450202e+03  -3.473355e-04  1.640e-04  1.040e+02  
 GE6    -9.450202e+03  -8.998715e-05  5.946e-05  1.039e+02  
 GE7    -9.450202e+03  -1.001080e-05  2.349e-05  1.039e+02  
 GE8    -9.450202e+03  -1.938334e-06  7.314e-06  1.039e+02  
 GE9    -9.450202e+03  -1.800246e-07  2.762e-06  1.039e+02  
 GE10   -9.450202e+03  -1.624592e-08  9.645e-07  1.040e+02  
 ><><><><><><><><><><><><><><><><><><><><><><
 TOTAL-STRESS (KBAR):
 ><><><><><><><><><><><><><><><><><><><><><><
 1.728e+02      3.355e+01      2.250e+00      
 3.355e+01      -2.361e+01     3.723e+01      
 2.250e+00      3.723e+01      4.845e+01      
 TOTAL-PRESSURE: 6.590e+01 KBAR
 ------------------------------------------------------------------------------------------------
 Energy              Potential           Kinetic             Temperature         Pressure (KBAR)     
 -3.473e+02          -3.473e+02          2.428e-02           7.198e+01           6.684e+01           
 ------------------------------------------------------------------------------------------------
 -------------------------------------------
 STEP OF MOLECULAR DYNAMICS : 4
 -------------------------------------------
 DONE(5.240e+03  SEC) : INIT SCF
 ITER   ETOT(eV)       EDIFF(eV)      DRHO       TIME(s)    
 GE1    -9.450276e+03  0.000000e+00   2.411e-03  1.099e+02  
 GE2    -9.450274e+03  1.912091e-03   1.425e-03  1.040e+02  
 GE3    -9.450279e+03  -5.155792e-03  1.323e-03  1.041e+02  
 GE4    -9.450284e+03  -5.645648e-03  3.225e-04  1.041e+02  
 GE5    -9.450285e+03  -2.574593e-04  2.174e-04  1.040e+02  
 GE6    -9.450285e+03  -1.820710e-04  8.551e-05  1.042e+02  
 GE7    -9.450285e+03  -2.564330e-05  3.701e-05  1.041e+02  
 GE8    -9.450285e+03  -5.006545e-06  7.690e-06  1.042e+02  
 GE9    -9.450285e+03  -1.736920e-07  2.874e-06  1.040e+02  
 GE10   -9.450285e+03  -2.414847e-08  1.372e-06  1.041e+02  
 GE11   -9.450285e+03  -1.597833e-09  7.514e-07  1.040e+02  
 ><><><><><><><><><><><><><><><><><><><><><><
 TOTAL-STRESS (KBAR):
 ><><><><><><><><><><><><><><><><><><><><><><
 1.714e+02      3.288e+01      2.673e+00      
 3.288e+01      -2.348e+01     3.757e+01      
 2.673e+00      3.757e+01      4.827e+01      
 TOTAL-PRESSURE: 6.539e+01 KBAR
 ------------------------------------------------------------------------------------------------
 Energy              Potential           Kinetic             Temperature         Pressure (KBAR)     
 -3.473e+02          -3.473e+02          3.816e-02           1.131e+02           6.688e+01           
 ------------------------------------------------------------------------------------------------
 -------------------------------------------
 STEP OF MOLECULAR DYNAMICS : 5
 -------------------------------------------
 DONE(6.493e+03  SEC) : INIT SCF
 ITER   ETOT(eV)       EDIFF(eV)      DRHO       TIME(s)    
 GE1    -9.450319e+03  0.000000e+00   2.682e-03  1.101e+02  
 GE2    -9.450314e+03  4.836706e-03   1.734e-03  1.039e+02  
 GE3    -9.450322e+03  -8.364373e-03  1.629e-03  1.040e+02  
 GE4    -9.450331e+03  -8.228526e-03  3.651e-04  1.039e+02  
 GE5    -9.450331e+03  -3.098171e-04  2.589e-04  1.041e+02  
 GE6    -9.450331e+03  -2.842495e-04  1.078e-04  1.040e+02  
 GE7    -9.450331e+03  -3.799994e-05  3.613e-05  1.040e+02  
 GE8    -9.450331e+03  -4.479474e-06  7.353e-06  1.040e+02  
 GE9    -9.450331e+03  -1.452234e-07  4.095e-06  1.040e+02  
 GE10   -9.450331e+03  -5.846398e-08  1.785e-06  1.040e+02  
 GE11   -9.450331e+03  -7.809737e-09  7.359e-07  1.041e+02  
 ><><><><><><><><><><><><><><><><><><><><><><
 TOTAL-STRESS (KBAR):
 ><><><><><><><><><><><><><><><><><><><><><><
 1.709e+02      3.244e+01      2.748e+00      
 3.244e+01      -2.477e+01     3.721e+01      
 2.748e+00      3.721e+01      4.915e+01      
 TOTAL-PRESSURE: 6.511e+01 KBAR
 ------------------------------------------------------------------------------------------------
 Energy              Potential           Kinetic             Temperature         Pressure (KBAR)     
 -3.472e+02          -3.473e+02          4.572e-02           1.356e+02           6.689e+01           
 ------------------------------------------------------------------------------------------------
 -------------------------------------------
 STEP OF MOLECULAR DYNAMICS : 6
 -------------------------------------------
 DONE(7.745e+03  SEC) : INIT SCF
 ITER   ETOT(eV)       EDIFF(eV)      DRHO       TIME(s)    
 GE1    -9.450493e+03  0.000000e+00   2.865e-03  1.101e+02  
 GE2    -9.450493e+03  -4.250773e-04  1.721e-03  1.040e+02  
 GE3    -9.450500e+03  -7.080287e-03  1.378e-03  1.040e+02  
 GE4    -9.450505e+03  -5.225595e-03  3.483e-04  1.041e+02  
 GE5    -9.450506e+03  -2.340462e-04  1.878e-04  1.041e+02  
 GE6    -9.450506e+03  -1.232276e-04  1.057e-04  1.041e+02  
 GE7    -9.450506e+03  -3.763208e-05  3.661e-05  1.041e+02  
 GE8    -9.450506e+03  -5.562467e-06  1.178e-05  1.041e+02  
 GE9    -9.450506e+03  -4.676175e-07  3.664e-06  1.042e+02  
 GE10   -9.450506e+03  -3.331938e-08  1.072e-06  1.041e+02  
 GE11   -9.450506e+03  3.294660e-10   6.999e-07  1.041e+02  
 ><><><><><><><><><><><><><><><><><><><><><><
 TOTAL-STRESS (KBAR):
 ><><><><><><><><><><><><><><><><><><><><><><
 1.690e+02      3.106e+01      3.331e+00      
 3.106e+01      -2.509e+01     3.757e+01      
 3.331e+00      3.757e+01      4.871e+01      
 TOTAL-PRESSURE: 6.421e+01 KBAR
 ------------------------------------------------------------------------------------------------
 Energy              Potential           Kinetic             Temperature         Pressure (KBAR)     
 -3.472e+02          -3.473e+02          6.573e-02           1.949e+02           6.677e+01           
 ------------------------------------------------------------------------------------------------
 -------------------------------------------
 STEP OF MOLECULAR DYNAMICS : 7
 -------------------------------------------
 DONE(8.998e+03  SEC) : INIT SCF
 ITER   ETOT(eV)       EDIFF(eV)      DRHO       TIME(s)    
 GE1    -9.450551e+03  0.000000e+00   3.418e-03  1.100e+02  
 GE2    -9.450544e+03  6.845849e-03   1.979e-03  1.040e+02  
 GE3    -9.450555e+03  -1.026672e-02  1.976e-03  1.040e+02  
 GE4    -9.450568e+03  -1.323083e-02  4.907e-04  1.041e+02  
 GE5    -9.450569e+03  -7.129608e-04  3.190e-04  1.042e+02  
 GE6    -9.450569e+03  -3.808891e-04  1.366e-04  1.041e+02  
 GE7    -9.450569e+03  -5.894786e-05  4.944e-05  1.042e+02  
 GE8    -9.450569e+03  -8.193848e-06  1.066e-05  1.041e+02  
 GE9    -9.450569e+03  -3.326246e-07  4.673e-06  1.044e+02  
 GE10   -9.450569e+03  -5.477334e-08  1.485e-06  1.041e+02  
 GE11   -9.450569e+03  -4.485687e-11  9.793e-07  1.041e+02  
 ><><><><><><><><><><><><><><><><><><><><><><
 TOTAL-STRESS (KBAR):
 ><><><><><><><><><><><><><><><><><><><><><><
 1.674e+02      3.165e+01      4.539e+00      
 3.165e+01      -2.467e+01     3.790e+01      
 4.539e+00      3.790e+01      4.853e+01      
 TOTAL-PRESSURE: 6.374e+01 KBAR
 ------------------------------------------------------------------------------------------------
 Energy              Potential           Kinetic             Temperature         Pressure (KBAR)     
 -3.472e+02          -3.473e+02          7.874e-02           2.335e+02           6.680e+01           
 ------------------------------------------------------------------------------------------------
 -------------------------------------------
 STEP OF MOLECULAR DYNAMICS : 8
 -------------------------------------------
 DONE(1.025e+04  SEC) : INIT SCF
 ITER   ETOT(eV)       EDIFF(eV)      DRHO       TIME(s)    
 GE1    -9.450637e+03  0.000000e+00   3.835e-03  1.102e+02  
 GE2    -9.450638e+03  -4.150993e-04  2.263e-03  1.041e+02  
 GE3    -9.450650e+03  -1.257034e-02  1.840e-03  1.041e+02  
 GE4    -9.450661e+03  -1.036611e-02  4.860e-04  1.043e+02  
 GE5    -9.450661e+03  -4.791848e-04  2.851e-04  1.041e+02  
 GE6    -9.450662e+03  -3.093713e-04  1.479e-04  1.041e+02  
 GE7    -9.450662e+03  -7.728371e-05  5.271e-05  1.042e+02  
 GE8    -9.450662e+03  -1.104857e-05  1.436e-05  1.041e+02  
 GE9    -9.450662e+03  -7.132521e-07  5.160e-06  1.042e+02  
 GE10   -9.450662e+03  -7.377564e-08  2.108e-06  1.042e+02  
 GE11   -9.450662e+03  -1.588552e-08  1.069e-06  1.042e+02  
 GE12   -9.450662e+03  -2.310902e-09  4.564e-07  1.041e+02  
 ><><><><><><><><><><><><><><><><><><><><><><
 TOTAL-STRESS (KBAR):
 ><><><><><><><><><><><><><><><><><><><><><><
 1.642e+02      3.067e+01      4.773e+00      
 3.067e+01      -2.502e+01     3.670e+01      
 4.773e+00      3.670e+01      4.978e+01      
 TOTAL-PRESSURE: 6.298e+01 KBAR
 ------------------------------------------------------------------------------------------------
 Energy              Potential           Kinetic             Temperature         Pressure (KBAR)     
 -3.472e+02          -3.473e+02          7.532e-02           2.233e+02           6.591e+01           
 ------------------------------------------------------------------------------------------------
 -------------------------------------------
 STEP OF MOLECULAR DYNAMICS : 9
 -------------------------------------------
 DONE(1.161e+04  SEC) : INIT SCF
 ITER   ETOT(eV)       EDIFF(eV)      DRHO       TIME(s)    
 GE1    -9.450732e+03  0.000000e+00   3.665e-03  1.101e+02  
 GE2    -9.450728e+03  3.719047e-03   2.317e-03  1.041e+02  
 GE3    -9.450743e+03  -1.471510e-02  2.018e-03  1.040e+02  
 GE4    -9.450754e+03  -1.094758e-02  4.519e-04  1.040e+02  
 GE5    -9.450754e+03  -3.707231e-04  2.928e-04  1.041e+02  
 GE6    -9.450755e+03  -3.449920e-04  1.614e-04  1.040e+02  
 GE7    -9.450755e+03  -9.336271e-05  5.569e-05  1.041e+02  
 GE8    -9.450755e+03  -1.052372e-05  1.223e-05  1.041e+02  
 GE9    -9.450755e+03  -4.417923e-07  5.456e-06  1.040e+02  
 GE10   -9.450755e+03  -8.360239e-08  1.925e-06  1.041e+02  
 GE11   -9.450755e+03  -1.284144e-08  1.056e-06  1.041e+02  
 GE12   -9.450755e+03  -2.719255e-09  3.589e-07  1.042e+02  
 ><><><><><><><><><><><><><><><><><><><><><><
 TOTAL-STRESS (KBAR):
 ><><><><><><><><><><><><><><><><><><><><><><
 1.629e+02      2.900e+01      3.724e+00      
 2.900e+01      -2.526e+01     3.669e+01      
 3.724e+00      3.669e+01      5.029e+01      
 TOTAL-PRESSURE: 6.266e+01 KBAR
 ------------------------------------------------------------------------------------------------
 Energy              Potential           Kinetic             Temperature         Pressure (KBAR)     
 -3.472e+02          -3.473e+02          8.078e-02           2.395e+02           6.580e+01           
 ------------------------------------------------------------------------------------------------
 -------------------------------------------
 STEP OF MOLECULAR DYNAMICS : 10
 -------------------------------------------
 DONE(1.297e+04  SEC) : INIT SCF
 ITER   ETOT(eV)       EDIFF(eV)      DRHO       TIME(s)    
 GE1    -9.450897e+03  0.000000e+00   3.706e-03  1.104e+02  
 GE2    -9.450893e+03  4.593459e-03   2.193e-03  1.042e+02  
 GE3    -9.450906e+03  -1.279408e-02  1.996e-03  1.042e+02  
 GE4    -9.450918e+03  -1.237969e-02  5.228e-04  1.042e+02  
 GE5    -9.450919e+03  -7.962652e-04  3.850e-04  1.043e+02  
 GE6    -9.450919e+03  -5.602395e-04  1.345e-04  1.042e+02  
 GE7    -9.450919e+03  -5.849881e-05  5.270e-05  1.044e+02  
 GE8    -9.450919e+03  -9.504267e-06  1.022e-05  1.044e+02  
 GE9    -9.450919e+03  -2.780028e-07  4.629e-06  1.043e+02  
 GE10   -9.450919e+03  -5.710125e-08  1.950e-06  1.044e+02  
 GE11   -9.450919e+03  -1.492032e-08  1.311e-06  1.045e+02  
 GE12   -9.450919e+03  -5.238974e-09  3.863e-07  1.045e+02  
 ><><><><><><><><><><><><><><><><><><><><><><
 TOTAL-STRESS (KBAR):
 ><><><><><><><><><><><><><><><><><><><><><><
 1.590e+02      2.646e+01      4.067e+00      
 2.646e+01      -2.480e+01     3.663e+01      
 4.067e+00      3.663e+01      5.085e+01      
 TOTAL-PRESSURE: 6.169e+01 KBAR
 ------------------------------------------------------------------------------------------------
 Energy              Potential           Kinetic             Temperature         Pressure (KBAR)     
 -3.472e+02          -3.473e+02          1.086e-01           3.221e+02           6.592e+01           
 ------------------------------------------------------------------------------------------------

  |CLASS_NAME---------|NAME---------------|TIME(Sec)-----|CALLS----|AVG------|PER%-------
                       total               14323          27        5.3e+02   1e+02     %
   Driver              driver_line         14323          1         1.4e+04   1e+02     %
   PW_Basis            setup_struc_factor  1.1905         11        0.11      0.0083    %
   ORB_control         read_orb_first      0.21772        1         0.22      0.0015    %
   LCAO_Orbitals       Read_Orbitals       0.21771        1         0.22      0.0015    %
   NOrbital_Lm         extra_uniform       0.11762        16        0.0074    0.00082   %
   Mathzone_Add1       Uni_Deriv_Phi       0.10398        16        0.0065    0.00073   %
   ORB_control         set_orb_tables      6.7162         1         6.7       0.047     %
   ORB_gen_tables      gen_tables          6.7162         1         6.7       0.047     %
   ORB_table_phi       init_Table          4.9467         1         4.9       0.035     %
   ORB_table_phi       cal_ST_Phi12_R      4.9047         558       0.0088    0.034     %
   ORB_table_beta      init_Table_Beta     1.2848         1         1.3       0.009     %
   ORB_table_beta      VNL_PhiBeta_R       1.2763         168       0.0076    0.0089    %
   ppcell_vl           init_vloc           0.26425        1         0.26      0.0018    %
   Run_MD              md_line             14315          1         1.4e+04   1e+02     %
   Langevin            setup               1785.8         1         1.8e+03   12        %
   MD_func             force_stress        14315          11        1.3e+03   1e+02     %
   ESolver_KS_LCAO     Run                 13222          11        1.2e+03   92        %
   ESolver_KS_LCAO     beforescf           28.243         11        2.6       0.2       %
   ESolver_KS_LCAO     beforesolver        9.7421         11        0.89      0.068     %
   ESolver_KS_LCAO     set_matrix_grid     5.6769         11        0.52      0.04      %
   atom_arrange        search              0.10269        11        0.0093    0.00072   %
   Grid_Technique      init                2.7332         11        0.25      0.019     %
   Grid_BigCell        grid_expansion_index1.0124         22        0.046     0.0071    %
   Record_adj          for_2d              2.571          11        0.23      0.018     %
   Grid_Driver         Find_atom           16.122         683208    2.4e-05   0.11      %
   Charge              atomic_rho          15.566         21        0.74      0.11      %
   PW_Basis            recip2real          4.3124         750       0.0057    0.03      %
   PW_Basis            gathers_scatterp    3.602          750       0.0048    0.025     %
   Potential           init_pot            0.9657         11        0.088     0.0067    %
   Potential           update_from_charge  10.987         137       0.08      0.077     %
   Potential           cal_v_eff           10.941         137       0.08      0.076     %
   H_Hartree_pw        v_hartree           1.1317         137       0.0083    0.0079    %
   PW_Basis            real2recip          4.2203         1140      0.0037    0.029     %
   PW_Basis            gatherp_scatters    2.8743         1140      0.0025    0.02      %
   PotXC               cal_v_eff           9.7313         137       0.071     0.068     %
   XC_Functional       v_xc                9.6741         137       0.071     0.068     %
   HSolverLCAO         solve               13172          126       1e+02     92        %
   HamiltLCAO          updateHk            4788.5         4536      1.1       33        %
   OperatorLCAO        init                4055.2         9072      0.45      28        %
   Veff                contributeHk        4052.9         4536      0.89      28        %
   Gint_interface      cal_gint            4374.1         263       17        31        %
   Gint_interface      cal_gint_vlocal     2138.2         126       17        15        %
   Gint_k              folding_vl_k        1914.7         4536      0.42      13        %
   Gint_k              Distri              1667.3         4536      0.37      12        %
   Overlap             contributeHR        4.9968         11        0.45      0.035     %
   LCAO_gen_fixedH     calculate_S_no      4.9967         11        0.45      0.035     %
   Ekinetic<OperatorLCAO>contributeHR        5.0575         11        0.46      0.035     %
   Nonlocal<OperatorLCAO>contributeHR        48.697         11        4.4       0.34      %
   LCAO_gen_fixedH     build_Nonlocal_mu_new156.68         22        7.1       1.1       %
   ORB_gen_tables      snap_psibeta_half   3.4785         1257720   2.8e-06   0.024     %
   OperatorLCAO        folding_fixed       674.51         4536      0.15      4.7       %
   LCAO_nnr            folding_fixedH      667.21         4536      0.15      4.7       %
   HSolverLCAO         hamiltSolvePsiK     1931.1         4536      0.43      13        %
   DiagoElpa           elpa_solve          1912.4         4536      0.42      13        %
   ElecStateLCAO       psiToRho            6452.2         126       51        45        %
   elecstate           cal_dm              197.47         137       1.4       1.4       %
   psiMulPsiMpi        pdgemm              192.8          4932      0.039     1.3       %
    Local_Orbital_wfc  wfc_2d_to_grid      31.361         4536      0.0069    0.22      %
   LCAO_Charge         cal_dk_k            3100.9         126       25        22        %
   Record_adj          for_grid            0.69634        126       0.0055    0.0049    %
   Gint_interface      cal_gint_rho        1787.2         126       14        12        %
   Charge              mix_rho             1.4675         115       0.013     0.01      %
   Force_Stress_LCAO   getForceStress      1092.9         11        99        7.6       %
   Forces              cal_force_loc       0.91535        11        0.083     0.0064    %
   Forces              cal_force_ew        0.89656        11        0.082     0.0063    %
   Forces              cal_force_scc       7.7182         11        0.7       0.054     %
   Stress_Func         stress_loc          6.5552         11        0.6       0.046     %
   Stress_Func         stress_ewa          0.40402        11        0.037     0.0028    %
   Stress_Func         stress_gga          0.46275        11        0.042     0.0032    %
   Force_LCAO_k        ftable_k            1075.9         11        98        7.5       %
   Force_LCAO_k        allocate_k          140.4          11        13        0.98      %
   Force_LCAO_k        cal_foverlap_k      33.774         11        3.1       0.24      %
   Force_LCAO_k        cal_edm_2d          32.803         11        3         0.23      %
   Local_Orbital_Chargecal_dm_R            12.275         22        0.56      0.086     %
   Force_LCAO_k        cal_ftvnl_dphi_k    0.31879        11        0.029     0.0022    %
   Force_LCAO_k        cal_fvl_dphi_k      448.69         11        41        3.1       %
   Gint_interface      cal_gint_force      448.69         11        41        3.1       %
   Force_LCAO_k        cal_fvnl_dbeta_k_new292.77         11        27        2         %
 ----------------------------------------------------------------------------------------

 START  Time  : Mon May 22 14:16:30 2023
 FINISH Time  : Mon May 22 18:15:13 2023
 TOTAL  Time  : 1.4e+04
 SEE INFORMATION IN : OUT.ABACUS/
