 Input  warning : gamma_only_local algorithm is not used.
 In SCAN_BEGIN, can't find: LATTICE_PARAMETERS block.
 AUTO_SET NBANDS to 0
 AUTO_SET NBANDS to 173
 cpu 2D distribution : 4*4
 but, the number of bands-row-block is 3
      Processor           Atom
              1             53
              2             58
              3             53
              4             51
              5             53
              6             58
              7             53
              8             51
              9             53
             10             58
             11             53
             12             51
             13             53
             14             58
             15             53
             16             51
                            startmag_type = 2
                       charge from rho_at = 3.95377
                         charge should be = 4
                       charge from rho_at = 3.99303
                         charge should be = 4

 SETUP ATOMIC RHO FOR SPIN 1
                 Electron number from rho = 288
           total electron number from rho = 288
                                should be = 288
                 charge before normalized = 288
                  charge after normalized = 288
                 charge before normalized = 288.000107257568
                  charge after normalized = 288
                 charge before normalized = 288.000158248474
                  charge after normalized = 288
                 charge before normalized = 288.000129688056
                  charge after normalized = 288
                 charge before normalized = 288.000130079589
                  charge after normalized = 288
                 charge before normalized = 288.000130185533
                  charge after normalized = 288
                 charge before normalized = 288.000130197323
                  charge after normalized = 288
                 charge before normalized = 288.000130198534
                  charge after normalized = 288
                 charge before normalized = 288.000130200291
                  charge after normalized = 288
                 charge before normalized = 288.000130200461
                  charge after normalized = 288
                 charge before normalized = 288.000130200647
                  charge after normalized = 288
                            startmag_type = 2
                       charge from rho_at = 3.95377434289291
                         charge should be = 4
                       charge from rho_at = 3.99303358802097
                         charge should be = 4

 SETUP ATOMIC RHO FOR SPIN 1
                 Electron number from rho = 288
           total electron number from rho = 288
                                should be = 288
                            startmag_type = 2
                       charge from rho_at = 3.95377434289291
                         charge should be = 4
                       charge from rho_at = 3.99303358802097
                         charge should be = 4

 SETUP ATOMIC RHO FOR SPIN 1
                 Electron number from rho = 288
           total electron number from rho = 288
                                should be = 288
      Processor           Atom
              1             53
              2             58
              3             53
              4             51
              5             53
              6             58
              7             53
              8             51
              9             53
             10             58
             11             53
             12             51
             13             53
             14             58
             15             53
             16             51
                 charge before normalized = 288
                  charge after normalized = 288
                 charge before normalized = 288.000130362308
                  charge after normalized = 288
                 charge before normalized = 288.000130362167
                  charge after normalized = 288
                 charge before normalized = 288.000130361904
                  charge after normalized = 288
                 charge before normalized = 288.000130361956
                  charge after normalized = 288
                 charge before normalized = 288.000130361963
                  charge after normalized = 288
                 charge before normalized = 288.000130361972
                  charge after normalized = 288
                 charge before normalized = 288.00013036196
                  charge after normalized = 288
                 charge before normalized = 288.000130361958
                  charge after normalized = 288
                 charge before normalized = 288.000130361958
                  charge after normalized = 288
                            startmag_type = 2
                       charge from rho_at = 3.95377434289291
                         charge should be = 4
                       charge from rho_at = 3.99303358802097
                         charge should be = 4

 SETUP ATOMIC RHO FOR SPIN 1
                 Electron number from rho = 288
           total electron number from rho = 288
                                should be = 288
                            startmag_type = 2
                       charge from rho_at = 3.95377434289291
                         charge should be = 4
                       charge from rho_at = 3.99303358802097
                         charge should be = 4

 SETUP ATOMIC RHO FOR SPIN 1
                 Electron number from rho = 288
           total electron number from rho = 288
                                should be = 288
      Processor           Atom
              1             54
              2             58
              3             53
              4             52
              5             54
              6             58
              7             53
              8             52
              9             54
             10             58
             11             54
             12             53
             13             54
             14             58
             15             53
             16             52
                 charge before normalized = 288
                  charge after normalized = 288
                 charge before normalized = 288.000130612399
                  charge after normalized = 288
                 charge before normalized = 288.000130613916
                  charge after normalized = 288
                 charge before normalized = 288.000130611206
                  charge after normalized = 288
                 charge before normalized = 288.000130611758
                  charge after normalized = 288
                 charge before normalized = 288.000130612004
                  charge after normalized = 288
                 charge before normalized = 288.000130611972
                  charge after normalized = 288
                 charge before normalized = 288.000130611933
                  charge after normalized = 288
                 charge before normalized = 288.000130611913
                  charge after normalized = 288
                 charge before normalized = 288.000130611923
                  charge after normalized = 288
                 charge before normalized = 288.000130611925
                  charge after normalized = 288
                            startmag_type = 2
                       charge from rho_at = 3.95377434289291
                         charge should be = 4
                       charge from rho_at = 3.99303358802097
                         charge should be = 4

 SETUP ATOMIC RHO FOR SPIN 1
                 Electron number from rho = 288
           total electron number from rho = 288
                                should be = 288
                            startmag_type = 2
                       charge from rho_at = 3.95377434289291
                         charge should be = 4
                       charge from rho_at = 3.99303358802097
                         charge should be = 4

 SETUP ATOMIC RHO FOR SPIN 1
                 Electron number from rho = 288
           total electron number from rho = 288
                                should be = 288
      Processor           Atom
              1             53
              2             58
              3             54
              4             53
              5             54
              6             58
              7             55
              8             53
              9             55
             10             58
             11             54
             12             53
             13             54
             14             58
             15             54
             16             53
                 charge before normalized = 288
                  charge after normalized = 288
                 charge before normalized = 288.000130479283
                  charge after normalized = 288
                 charge before normalized = 288.000130484184
                  charge after normalized = 288
                 charge before normalized = 288.000130477746
                  charge after normalized = 288
                 charge before normalized = 288.000130479273
                  charge after normalized = 288
                 charge before normalized = 288.000130479333
                  charge after normalized = 288
                 charge before normalized = 288.000130479476
                  charge after normalized = 288
                 charge before normalized = 288.000130479347
                  charge after normalized = 288
                 charge before normalized = 288.000130479299
                  charge after normalized = 288
                 charge before normalized = 288.000130479318
                  charge after normalized = 288
                 charge before normalized = 288.000130479323
                  charge after normalized = 288
                            startmag_type = 2
                       charge from rho_at = 3.95377434289291
                         charge should be = 4
                       charge from rho_at = 3.99303358802097
                         charge should be = 4

 SETUP ATOMIC RHO FOR SPIN 1
                 Electron number from rho = 288
           total electron number from rho = 288
                                should be = 288
                            startmag_type = 2
                       charge from rho_at = 3.95377434289291
                         charge should be = 4
                       charge from rho_at = 3.99303358802097
                         charge should be = 4

 SETUP ATOMIC RHO FOR SPIN 1
                 Electron number from rho = 288
           total electron number from rho = 288
                                should be = 288
      Processor           Atom
              1             54
              2             58
              3             54
              4             53
              5             56
              6             58
              7             53
              8             53
              9             54
             10             58
             11             54
             12             52
             13             54
             14             58
             15             53
             16             53
                 charge before normalized = 288
                  charge after normalized = 288
                 charge before normalized = 288.000130523731
                  charge after normalized = 288
                 charge before normalized = 288.000130531139
                  charge after normalized = 288
                 charge before normalized = 288.000130519428
                  charge after normalized = 288
                 charge before normalized = 288.00013052352
                  charge after normalized = 288
                 charge before normalized = 288.000130523633
                  charge after normalized = 288
                 charge before normalized = 288.0001305239
                  charge after normalized = 288
                 charge before normalized = 288.000130523499
                  charge after normalized = 288
                 charge before normalized = 288.000130523501
                  charge after normalized = 288
                 charge before normalized = 288.000130523525
                  charge after normalized = 288
                 charge before normalized = 288.000130523527
                  charge after normalized = 288
                            startmag_type = 2
                       charge from rho_at = 3.95377434289291
                         charge should be = 4
                       charge from rho_at = 3.99303358802097
                         charge should be = 4

 SETUP ATOMIC RHO FOR SPIN 1
                 Electron number from rho = 288
           total electron number from rho = 288
                                should be = 288
                            startmag_type = 2
                       charge from rho_at = 3.95377434289291
                         charge should be = 4
                       charge from rho_at = 3.99303358802097
                         charge should be = 4

 SETUP ATOMIC RHO FOR SPIN 1
                 Electron number from rho = 288
           total electron number from rho = 288
                                should be = 288
      Processor           Atom
              1             55
              2             58
              3             54
              4             53
              5             55
              6             58
              7             55
              8             53
              9             54
             10             58
             11             54
             12             53
             13             54
             14             58
             15             53
             16             53
                 charge before normalized = 288
                  charge after normalized = 288
                 charge before normalized = 288.000130612234
                  charge after normalized = 288
                 charge before normalized = 288.000130613527
                  charge after normalized = 288
                 charge before normalized = 288.000130602684
                  charge after normalized = 288
                 charge before normalized = 288.000130606855
                  charge after normalized = 288
                 charge before normalized = 288.000130606498
                  charge after normalized = 288
                 charge before normalized = 288.000130607156
                  charge after normalized = 288
                 charge before normalized = 288.000130606579
                  charge after normalized = 288
                 charge before normalized = 288.000130606646
                  charge after normalized = 288
                 charge before normalized = 288.000130606657
                  charge after normalized = 288
                 charge before normalized = 288.000130606662
                  charge after normalized = 288
                            startmag_type = 2
                       charge from rho_at = 3.95377434289291
                         charge should be = 4
                       charge from rho_at = 3.99303358802097
                         charge should be = 4

 SETUP ATOMIC RHO FOR SPIN 1
                 Electron number from rho = 288
           total electron number from rho = 288
                                should be = 288
                            startmag_type = 2
                       charge from rho_at = 3.95377434289291
                         charge should be = 4
                       charge from rho_at = 3.99303358802097
                         charge should be = 4

 SETUP ATOMIC RHO FOR SPIN 1
                 Electron number from rho = 288
           total electron number from rho = 288
                                should be = 288
      Processor           Atom
              1             54
              2             58
              3             54
              4             53
              5             54
              6             58
              7             53
              8             53
              9             54
             10             58
             11             53
             12             53
             13             53
             14             58
             15             53
             16             52
                 charge before normalized = 288
                  charge after normalized = 288
                 charge before normalized = 288.000130623332
                  charge after normalized = 288
                 charge before normalized = 288.000130630636
                  charge after normalized = 288
                 charge before normalized = 288.000130619887
                  charge after normalized = 288
                 charge before normalized = 288.000130623082
                  charge after normalized = 288
                 charge before normalized = 288.000130623518
                  charge after normalized = 288
                 charge before normalized = 288.000130623563
                  charge after normalized = 288
                 charge before normalized = 288.000130623146
                  charge after normalized = 288
                 charge before normalized = 288.000130623265
                  charge after normalized = 288
                 charge before normalized = 288.000130623237
                  charge after normalized = 288
                 charge before normalized = 288.000130623244
                  charge after normalized = 288
                            startmag_type = 2
                       charge from rho_at = 3.95377434289291
                         charge should be = 4
                       charge from rho_at = 3.99303358802097
                         charge should be = 4

 SETUP ATOMIC RHO FOR SPIN 1
                 Electron number from rho = 288
           total electron number from rho = 288
                                should be = 288
                            startmag_type = 2
                       charge from rho_at = 3.95377434289291
                         charge should be = 4
                       charge from rho_at = 3.99303358802097
                         charge should be = 4

 SETUP ATOMIC RHO FOR SPIN 1
                 Electron number from rho = 288
           total electron number from rho = 288
                                should be = 288
      Processor           Atom
              1             53
              2             58
              3             54
              4             53
              5             54
              6             58
              7             55
              8             53
              9             55
             10             58
             11             55
             12             53
             13             54
             14             58
             15             54
             16             53
                 charge before normalized = 288
                  charge after normalized = 288
                 charge before normalized = 288.000130653593
                  charge after normalized = 288
                 charge before normalized = 288.000130661682
                  charge after normalized = 288
                 charge before normalized = 288.000130648849
                  charge after normalized = 288
                 charge before normalized = 288.000130650134
                  charge after normalized = 288
                 charge before normalized = 288.00013065216
                  charge after normalized = 288
                 charge before normalized = 288.000130651434
                  charge after normalized = 288
                 charge before normalized = 288.000130651528
                  charge after normalized = 288
                 charge before normalized = 288.000130651239
                  charge after normalized = 288
                 charge before normalized = 288.000130651312
                  charge after normalized = 288
                 charge before normalized = 288.000130651319
                  charge after normalized = 288
                            startmag_type = 2
                       charge from rho_at = 3.95377434289291
                         charge should be = 4
                       charge from rho_at = 3.99303358802097
                         charge should be = 4

 SETUP ATOMIC RHO FOR SPIN 1
                 Electron number from rho = 288
           total electron number from rho = 288
                                should be = 288
                            startmag_type = 2
                       charge from rho_at = 3.95377434289291
                         charge should be = 4
                       charge from rho_at = 3.99303358802097
                         charge should be = 4

 SETUP ATOMIC RHO FOR SPIN 1
                 Electron number from rho = 288
           total electron number from rho = 288
                                should be = 288
      Processor           Atom
              1             55
              2             58
              3             55
              4             53
              5             55
              6             58
              7             54
              8             52
              9             54
             10             58
             11             54
             12             53
             13             55
             14             58
             15             53
             16             53
                 charge before normalized = 288
                  charge after normalized = 288
                 charge before normalized = 288.000130833344
                  charge after normalized = 288
                 charge before normalized = 288.000130835287
                  charge after normalized = 288
                 charge before normalized = 288.000130819493
                  charge after normalized = 288
                 charge before normalized = 288.000130821197
                  charge after normalized = 288
                 charge before normalized = 288.000130823276
                  charge after normalized = 288
                 charge before normalized = 288.00013082285
                  charge after normalized = 288
                 charge before normalized = 288.000130822261
                  charge after normalized = 288
                 charge before normalized = 288.000130822369
                  charge after normalized = 288
                 charge before normalized = 288.000130822352
                  charge after normalized = 288
                 charge before normalized = 288.000130822374
                  charge after normalized = 288
                 charge before normalized = 288.000130822367
                  charge after normalized = 288
                            startmag_type = 2
                       charge from rho_at = 3.95377434289291
                         charge should be = 4
                       charge from rho_at = 3.99303358802097
                         charge should be = 4

 SETUP ATOMIC RHO FOR SPIN 1
                 Electron number from rho = 288
           total electron number from rho = 288
                                should be = 288
                            startmag_type = 2
                       charge from rho_at = 3.95377434289291
                         charge should be = 4
                       charge from rho_at = 3.99303358802097
                         charge should be = 4

 SETUP ATOMIC RHO FOR SPIN 1
                 Electron number from rho = 288
           total electron number from rho = 288
                                should be = 288
      Processor           Atom
              1             54
              2             58
              3             53
              4             52
              5             54
              6             58
              7             54
              8             52
              9             55
             10             58
             11             55
             12             53
             13             54
             14             58
             15             54
             16             53
                 charge before normalized = 288
                  charge after normalized = 288
                 charge before normalized = 288.000130956388
                  charge after normalized = 288
                 charge before normalized = 288.000130957182
                  charge after normalized = 288
                 charge before normalized = 288.000130951021
                  charge after normalized = 288
                 charge before normalized = 288.000130949657
                  charge after normalized = 288
                 charge before normalized = 288.000130950872
                  charge after normalized = 288
                 charge before normalized = 288.000130951241
                  charge after normalized = 288
                 charge before normalized = 288.000130950633
                  charge after normalized = 288
                 charge before normalized = 288.000130950704
                  charge after normalized = 288
                 charge before normalized = 288.000130950737
                  charge after normalized = 288
                 charge before normalized = 288.000130950746
                  charge after normalized = 288
                 charge before normalized = 288.000130950743
                  charge after normalized = 288
                            startmag_type = 2
                       charge from rho_at = 3.95377434289291
                         charge should be = 4
                       charge from rho_at = 3.99303358802097
                         charge should be = 4

 SETUP ATOMIC RHO FOR SPIN 1
                 Electron number from rho = 288
           total electron number from rho = 288
                                should be = 288
                            startmag_type = 2
                       charge from rho_at = 3.95377434289291
                         charge should be = 4
                       charge from rho_at = 3.99303358802097
                         charge should be = 4

 SETUP ATOMIC RHO FOR SPIN 1
                 Electron number from rho = 288
           total electron number from rho = 288
                                should be = 288
      Processor           Atom
              1             54
              2             58
              3             54
              4             53
              5             54
              6             58
              7             54
              8             53
              9             54
             10             58
             11             54
             12             53
             13             55
             14             58
             15             54
             16             53
                 charge before normalized = 288
                  charge after normalized = 288
                 charge before normalized = 288.000131125506
                  charge after normalized = 288
                 charge before normalized = 288.000131135202
                  charge after normalized = 288
                 charge before normalized = 288.000131117092
                  charge after normalized = 288
                 charge before normalized = 288.000131123081
                  charge after normalized = 288
                 charge before normalized = 288.000131121885
                  charge after normalized = 288
                 charge before normalized = 288.000131123962
                  charge after normalized = 288
                 charge before normalized = 288.000131122861
                  charge after normalized = 288
                 charge before normalized = 288.000131122923
                  charge after normalized = 288
                 charge before normalized = 288.00013112295
                  charge after normalized = 288
                 charge before normalized = 288.000131122964
                  charge after normalized = 288
                 charge before normalized = 288.000131122958
                  charge after normalized = 288
