WARNING: Total thread number on this node mismatches with hardware availability. This may cause poor performance.
Info: Local MPI proc number: 16,OpenMP thread number: 1,Total thread number: 16,Local thread limit: 32
                                                                                     
                              ABACUS v3.1                                            

               Atomic-orbital Based Ab-initio Computation at UStc                    

                     Website: http://abacus.ustc.edu.cn/                             
               Documentation: https://abacus.deepmodeling.com/                       
                  Repository: https://github.com/abacusmodeling/abacus-develop       
                              https://github.com/deepmodeling/abacus-develop         

 Fri Feb  3 19:51:31 2023
 MAKE THE DIR         : OUT.ABACUS/
 MAKE THE STRU DIR    : OUT.ABACUS/STRU/
 UNIFORM GRID DIM     : 108 * 108 * 108
 UNIFORM GRID DIM(BIG): 54 * 54 * 54
 DONE(0.0831959  SEC) : SETUP UNITCELL
 DONE(0.0912931  SEC) : INIT K-POINTS
 ---------------------------------------------------------
 Molecular Dynamics simulations
 ---------------------------------------------------------
 ENSEMBLE                 : Langevin
 Time interval(fs)        : 1
 ---------------------------------------------------------
 SPIN    KPOINTS         PROCESSORS  NBASE       
 1       36              16          1408        
 ---------------------------------------------------------
 Use Systematically Improvable Atomic bases
 ---------------------------------------------------------
 ELEMENT ORBITALS        NBASE       NATOM       XC          
 Si      3s3p2d-9au      22          32          
 C       3s3p2d-9au      22          32          
 ---------------------------------------------------------
 Initial plane wave basis and FFT box
 ---------------------------------------------------------
--------------------------------- INITVEL DONE ------------------------------------
 -------------------------------------------
 STEP OF MOLECULAR DYNAMICS : 0
 -------------------------------------------
 START CHARGE      : atomic
 DONE(8.80063    SEC) : INIT SCF
 ITER   ETOT(eV)       EDIFF(eV)      DRHO       TIME(s)    
 GE1    -8.330184e+03  0.000000e+00   2.773e-01  8.676e+01  
 GE2    -8.374064e+03  -4.388003e+01  1.550e-01  8.125e+01  
 GE3    -8.383278e+03  -9.213615e+00  4.553e-02  8.131e+01  
 GE4    -8.389402e+03  -6.123742e+00  5.723e-02  8.131e+01  
 GE5    -8.398494e+03  -9.091858e+00  9.421e-03  8.122e+01  
 GE6    -8.398636e+03  -1.427526e-01  5.124e-03  8.124e+01  
 GE7    -8.398695e+03  -5.812138e-02  2.188e-03  8.125e+01  
 GE8    -8.398700e+03  -5.206967e-03  1.367e-03  8.122e+01  
 GE9    -8.398702e+03  -2.158968e-03  6.705e-04  8.125e+01  
 GE10   -8.398703e+03  -9.729317e-04  1.532e-04  8.126e+01  
 GE11   -8.398703e+03  -5.570225e-05  1.352e-04  8.129e+01  
 GE12   -8.398703e+03  -5.242344e-05  5.851e-05  8.128e+01  
 GE13   -8.398703e+03  -7.993449e-06  8.199e-06  8.123e+01  
 GE14   -8.398703e+03  -1.448490e-07  6.957e-06  8.127e+01  
 GE15   -8.398703e+03  -7.781276e-08  2.019e-06  8.128e+01  
 GE16   -8.398703e+03  -6.374317e-09  9.135e-07  8.126e+01  
 ><><><><><><><><><><><><><><><><><><><><><><
 TOTAL-STRESS (KBAR):
 ><><><><><><><><><><><><><><><><><><><><><><
 1.338e+02      -7.722e+01     -6.772e+01     
 -7.722e+01     1.189e+02      8.709e+01      
 -6.772e+01     8.709e+01      6.156e+01      
 TOTAL-PRESSURE: 1.047e+02 KBAR
 ------------------------------------------------------------------------------------------------
 Energy              Potential           Kinetic             Temperature         Pressure (KBAR)     
 -3.086e+02          -3.086e+02          2.993e-03           1.000e+01           1.049e+02           
 ------------------------------------------------------------------------------------------------
 -------------------------------------------
 STEP OF MOLECULAR DYNAMICS : 1
 -------------------------------------------
 DONE(1.402e+03  SEC) : INIT SCF
 ITER   ETOT(eV)       EDIFF(eV)      DRHO       TIME(s)    
 GE1    -8.398840e+03  0.000000e+00   5.448e-04  8.641e+01  
 GE2    -8.398840e+03  3.715975e-04   4.281e-04  8.096e+01  
 GE3    -8.398840e+03  -4.759108e-04  4.300e-04  8.092e+01  
 GE4    -8.398841e+03  -5.468679e-04  8.947e-05  8.091e+01  
 GE5    -8.398841e+03  -1.847751e-05  4.372e-05  8.085e+01  
 GE6    -8.398841e+03  -5.493448e-06  2.332e-05  8.088e+01  
 GE7    -8.398841e+03  -1.599810e-06  1.080e-05  8.088e+01  
 GE8    -8.398841e+03  -3.688720e-07  2.218e-06  8.089e+01  
 GE9    -8.398841e+03  -8.494964e-09  9.271e-07  8.100e+01  
 ><><><><><><><><><><><><><><><><><><><><><><
 TOTAL-STRESS (KBAR):
 ><><><><><><><><><><><><><><><><><><><><><><
 1.335e+02      -7.650e+01     -6.696e+01     
 -7.650e+01     1.181e+02      8.618e+01      
 -6.696e+01     8.618e+01      6.080e+01      
 TOTAL-PRESSURE: 1.041e+02 KBAR
 ------------------------------------------------------------------------------------------------
 Energy              Potential           Kinetic             Temperature         Pressure (KBAR)     
 -3.086e+02          -3.087e+02          8.929e-03           2.983e+01           1.045e+02           
 ------------------------------------------------------------------------------------------------
 -------------------------------------------
 STEP OF MOLECULAR DYNAMICS : 2
 -------------------------------------------
 DONE(2.223e+03  SEC) : INIT SCF
 ITER   ETOT(eV)       EDIFF(eV)      DRHO       TIME(s)    
 GE1    -8.399161e+03  0.000000e+00   1.699e-03  8.697e+01  
 GE2    -8.399159e+03  1.699364e-03   1.036e-03  8.134e+01  
 GE3    -8.399162e+03  -2.672727e-03  1.033e-03  8.138e+01  
 GE4    -8.399165e+03  -3.086730e-03  2.183e-04  8.134e+01  
 GE5    -8.399165e+03  -1.094202e-04  1.250e-04  8.135e+01  
 GE6    -8.399165e+03  -4.023095e-05  4.725e-05  8.139e+01  
 GE7    -8.399165e+03  -4.374184e-06  1.531e-05  8.135e+01  
 GE8    -8.399165e+03  -8.456990e-07  8.162e-06  8.131e+01  
 GE9    -8.399165e+03  -2.124081e-07  2.264e-06  8.138e+01  
 GE10   -8.399165e+03  -9.269905e-09  7.599e-07  8.133e+01  
 ><><><><><><><><><><><><><><><><><><><><><><
 TOTAL-STRESS (KBAR):
 ><><><><><><><><><><><><><><><><><><><><><><
 1.331e+02      -7.476e+01     -6.494e+01     
 -7.476e+01     1.163e+02      8.401e+01      
 -6.494e+01     8.401e+01      5.876e+01      
 TOTAL-PRESSURE: 1.027e+02 KBAR
 ------------------------------------------------------------------------------------------------
 Energy              Potential           Kinetic             Temperature         Pressure (KBAR)     
 -3.086e+02          -3.087e+02          2.136e-02           7.136e+01           1.037e+02           
 ------------------------------------------------------------------------------------------------
 -------------------------------------------
 STEP OF MOLECULAR DYNAMICS : 3
 -------------------------------------------
 DONE(3.129e+03  SEC) : INIT SCF
 ITER   ETOT(eV)       EDIFF(eV)      DRHO       TIME(s)    
 GE1    -8.399456e+03  0.000000e+00   2.127e-03  8.664e+01  
 GE2    -8.399456e+03  8.554281e-05   1.250e-03  8.101e+01  
 GE3    -8.399459e+03  -3.082103e-03  1.045e-03  8.098e+01  
 GE4    -8.399462e+03  -2.909733e-03  3.077e-04  8.096e+01  
 GE5    -8.399462e+03  -2.620666e-04  1.803e-04  8.098e+01  
 GE6    -8.399462e+03  -1.021513e-04  5.862e-05  8.096e+01  
 GE7    -8.399462e+03  -7.607064e-06  2.241e-05  8.095e+01  
 GE8    -8.399462e+03  -1.747772e-06  1.111e-05  8.100e+01  
 GE9    -8.399462e+03  -3.971813e-07  3.085e-06  8.103e+01  
 GE10   -8.399462e+03  -1.828923e-08  8.192e-07  8.101e+01  
 ><><><><><><><><><><><><><><><><><><><><><><
 TOTAL-STRESS (KBAR):
 ><><><><><><><><><><><><><><><><><><><><><><
 1.324e+02      -7.369e+01     -6.350e+01     
 -7.369e+01     1.146e+02      8.274e+01      
 -6.350e+01     8.274e+01      5.708e+01      
 TOTAL-PRESSURE: 1.014e+02 KBAR
 ------------------------------------------------------------------------------------------------
 Energy              Potential           Kinetic             Temperature         Pressure (KBAR)     
 -3.086e+02          -3.087e+02          2.961e-02           9.894e+01           1.027e+02           
 ------------------------------------------------------------------------------------------------
 -------------------------------------------
 STEP OF MOLECULAR DYNAMICS : 4
 -------------------------------------------
 DONE(4.032e+03  SEC) : INIT SCF
 ITER   ETOT(eV)       EDIFF(eV)      DRHO       TIME(s)    
 GE1    -8.399646e+03  0.000000e+00   2.345e-03  8.700e+01  
 GE2    -8.399641e+03  4.989533e-03   1.611e-03  8.123e+01  
 GE3    -8.399648e+03  -6.896108e-03  1.554e-03  8.121e+01  
 GE4    -8.399655e+03  -6.942395e-03  3.441e-04  8.122e+01  
 GE5    -8.399656e+03  -2.510832e-04  1.629e-04  8.122e+01  
 GE6    -8.399656e+03  -6.705264e-05  7.653e-05  8.124e+01  
 GE7    -8.399656e+03  -1.420065e-05  3.660e-05  8.125e+01  
 GE8    -8.399656e+03  -4.617819e-06  1.053e-05  8.127e+01  
 GE9    -8.399656e+03  -2.978930e-07  3.240e-06  8.133e+01  
 GE10   -8.399656e+03  -2.085690e-08  1.084e-06  8.132e+01  
 GE11   -8.399656e+03  1.048723e-09   7.255e-07  8.124e+01  
 ><><><><><><><><><><><><><><><><><><><><><><
 TOTAL-STRESS (KBAR):
 ><><><><><><><><><><><><><><><><><><><><><><
 1.323e+02      -7.315e+01     -6.264e+01     
 -7.315e+01     1.137e+02      8.142e+01      
 -6.264e+01     8.142e+01      5.546e+01      
 TOTAL-PRESSURE: 1.005e+02 KBAR
 ------------------------------------------------------------------------------------------------
 Energy              Potential           Kinetic             Temperature         Pressure (KBAR)     
 -3.086e+02          -3.087e+02          3.910e-02           1.307e+02           1.022e+02           
 ------------------------------------------------------------------------------------------------
 -------------------------------------------
 STEP OF MOLECULAR DYNAMICS : 5
 -------------------------------------------
 DONE(5.019e+03  SEC) : INIT SCF
 ITER   ETOT(eV)       EDIFF(eV)      DRHO       TIME(s)    
 GE1    -8.399844e+03  0.000000e+00   2.664e-03  8.710e+01  
 GE2    -8.399843e+03  3.185348e-04   1.560e-03  8.125e+01  
 GE3    -8.399848e+03  -5.146671e-03  1.355e-03  8.125e+01  
 GE4    -8.399853e+03  -4.685739e-03  3.804e-04  8.125e+01  
 GE5    -8.399854e+03  -4.209207e-04  2.513e-04  8.128e+01  
 GE6    -8.399854e+03  -2.082162e-04  8.172e-05  8.126e+01  
 GE7    -8.399854e+03  -1.477363e-05  3.350e-05  8.143e+01  
 GE8    -8.399854e+03  -3.923127e-06  1.327e-05  8.129e+01  
 GE9    -8.399854e+03  -5.724897e-07  3.435e-06  8.119e+01  
 GE10   -8.399854e+03  -2.438358e-08  9.764e-07  8.130e+01  
 ><><><><><><><><><><><><><><><><><><><><><><
 TOTAL-STRESS (KBAR):
 ><><><><><><><><><><><><><><><><><><><><><><
 1.318e+02      -7.138e+01     -6.089e+01     
 -7.138e+01     1.125e+02      7.914e+01      
 -6.089e+01     7.914e+01      5.366e+01      
 TOTAL-PRESSURE: 9.932e+01 KBAR
 ------------------------------------------------------------------------------------------------
 Energy              Potential           Kinetic             Temperature         Pressure (KBAR)     
 -3.086e+02          -3.087e+02          3.925e-02           1.312e+02           1.011e+02           
 ------------------------------------------------------------------------------------------------
 -------------------------------------------
 STEP OF MOLECULAR DYNAMICS : 6
 -------------------------------------------
 DONE(5.925e+03  SEC) : INIT SCF
 ITER   ETOT(eV)       EDIFF(eV)      DRHO       TIME(s)    
 GE1    -8.399983e+03  0.000000e+00   3.021e-03  8.683e+01  
 GE2    -8.399976e+03  7.284976e-03   2.087e-03  8.115e+01  
 GE3    -8.399987e+03  -1.130162e-02  1.934e-03  8.117e+01  
 GE4    -8.399997e+03  -1.040000e-02  4.546e-04  8.120e+01  
 GE5    -8.399998e+03  -4.986352e-04  2.456e-04  8.116e+01  
 GE6    -8.399998e+03  -1.785428e-04  1.034e-04  8.121e+01  
 GE7    -8.399998e+03  -2.687328e-05  5.160e-05  8.124e+01  
 GE8    -8.399998e+03  -8.589102e-06  1.317e-05  8.127e+01  
 GE9    -8.399998e+03  -4.816778e-07  4.302e-06  8.122e+01  
 GE10   -8.399998e+03  -3.826601e-08  1.264e-06  8.125e+01  
 GE11   -8.399998e+03  2.092805e-09   8.578e-07  8.116e+01  
 ><><><><><><><><><><><><><><><><><><><><><><
 TOTAL-STRESS (KBAR):
 ><><><><><><><><><><><><><><><><><><><><><><
 1.310e+02      -7.014e+01     -6.076e+01     
 -7.014e+01     1.118e+02      7.861e+01      
 -6.076e+01     7.861e+01      5.313e+01      
 TOTAL-PRESSURE: 9.863e+01 KBAR
 ------------------------------------------------------------------------------------------------
 Energy              Potential           Kinetic             Temperature         Pressure (KBAR)     
 -3.086e+02          -3.087e+02          5.223e-02           1.745e+02           1.009e+02           
 ------------------------------------------------------------------------------------------------
 -------------------------------------------
 STEP OF MOLECULAR DYNAMICS : 7
 -------------------------------------------
 DONE(6.911e+03  SEC) : INIT SCF
 ITER   ETOT(eV)       EDIFF(eV)      DRHO       TIME(s)    
 GE1    -8.399983e+03  0.000000e+00   3.178e-03  8.715e+01  
 GE2    -8.399981e+03  2.371386e-03   1.936e-03  8.136e+01  
 GE3    -8.399990e+03  -9.326986e-03  1.629e-03  8.140e+01  
 GE4    -8.399998e+03  -7.484472e-03  4.348e-04  8.133e+01  
 GE5    -8.399998e+03  -5.374121e-04  2.800e-04  8.138e+01  
 GE6    -8.399999e+03  -2.495444e-04  8.842e-05  8.135e+01  
 GE7    -8.399999e+03  -1.593672e-05  3.327e-05  8.133e+01  
 GE8    -8.399999e+03  -3.844086e-06  1.597e-05  8.135e+01  
 GE9    -8.399999e+03  -8.680610e-07  4.798e-06  8.132e+01  
 GE10   -8.399999e+03  -5.846398e-08  1.221e-06  8.140e+01  
 GE11   -8.399999e+03  2.409897e-09   8.491e-07  8.139e+01  
 ><><><><><><><><><><><><><><><><><><><><><><
 TOTAL-STRESS (KBAR):
 ><><><><><><><><><><><><><><><><><><><><><><
 1.302e+02      -6.858e+01     -5.988e+01     
 -6.858e+01     1.120e+02      7.777e+01      
 -5.988e+01     7.777e+01      5.280e+01      
 TOTAL-PRESSURE: 9.836e+01 KBAR
 ------------------------------------------------------------------------------------------------
 Energy              Potential           Kinetic             Temperature         Pressure (KBAR)     
 -3.086e+02          -3.087e+02          6.592e-02           2.203e+02           1.013e+02           
 ------------------------------------------------------------------------------------------------
 -------------------------------------------
 STEP OF MOLECULAR DYNAMICS : 8
 -------------------------------------------
 DONE(7.900e+03  SEC) : INIT SCF
 ITER   ETOT(eV)       EDIFF(eV)      DRHO       TIME(s)    
 GE1    -8.400089e+03  0.000000e+00   3.776e-03  8.706e+01  
 GE2    -8.400090e+03  -1.046626e-03  2.117e-03  8.138e+01  
 GE3    -8.400097e+03  -7.919820e-03  1.728e-03  8.139e+01  
 GE4    -8.400106e+03  -8.709307e-03  5.475e-04  8.138e+01  
 GE5    -8.400107e+03  -8.599615e-04  2.957e-04  8.135e+01  
 GE6    -8.400107e+03  -3.069587e-04  1.113e-04  8.136e+01  
 GE7    -8.400107e+03  -3.004117e-05  3.106e-05  8.137e+01  
 GE8    -8.400107e+03  -2.742220e-06  1.781e-05  8.131e+01  
 GE9    -8.400107e+03  -1.053159e-06  5.698e-06  8.137e+01  
 GE10   -8.400107e+03  -9.180655e-08  1.529e-06  8.133e+01  
 GE11   -8.400107e+03  -2.634181e-09  6.346e-07  8.135e+01  
 ><><><><><><><><><><><><><><><><><><><><><><
 TOTAL-STRESS (KBAR):
 ><><><><><><><><><><><><><><><><><><><><><><
 1.299e+02      -6.774e+01     -6.002e+01     
 -6.774e+01     1.112e+02      7.812e+01      
 -6.002e+01     7.812e+01      5.211e+01      
 TOTAL-PRESSURE: 9.772e+01 KBAR
 ------------------------------------------------------------------------------------------------
 Energy              Potential           Kinetic             Temperature         Pressure (KBAR)     
 -3.086e+02          -3.087e+02          8.070e-02           2.696e+02           1.013e+02           
 ------------------------------------------------------------------------------------------------
 -------------------------------------------
 STEP OF MOLECULAR DYNAMICS : 9
 -------------------------------------------
 DONE(8.888e+03  SEC) : INIT SCF
 ITER   ETOT(eV)       EDIFF(eV)      DRHO       TIME(s)    
 GE1    -8.400158e+03  0.000000e+00   4.043e-03  8.704e+01  
 GE2    -8.400145e+03  1.259533e-02   2.960e-03  8.125e+01  
 GE3    -8.400168e+03  -2.255609e-02  2.561e-03  8.126e+01  
 GE4    -8.400186e+03  -1.863276e-02  6.489e-04  8.126e+01  
 GE5    -8.400188e+03  -1.091559e-03  3.351e-04  8.124e+01  
 GE6    -8.400188e+03  -3.144426e-04  1.259e-04  8.128e+01  
 GE7    -8.400188e+03  -3.206668e-05  6.196e-05  8.128e+01  
 GE8    -8.400188e+03  -1.375063e-05  2.104e-05  8.131e+01  
 GE9    -8.400188e+03  -1.327318e-06  6.437e-06  8.131e+01  
 GE10   -8.400188e+03  -8.242528e-08  1.594e-06  8.124e+01  
 GE11   -8.400188e+03  -4.109818e-09  1.166e-06  8.121e+01  
 GE12   -8.400188e+03  -1.965969e-09  5.806e-07  8.130e+01  
 ><><><><><><><><><><><><><><><><><><><><><><
 TOTAL-STRESS (KBAR):
 ><><><><><><><><><><><><><><><><><><><><><><
 1.297e+02      -6.713e+01     -5.964e+01     
 -6.713e+01     1.106e+02      7.826e+01      
 -5.964e+01     7.826e+01      5.217e+01      
 TOTAL-PRESSURE: 9.749e+01 KBAR
 ------------------------------------------------------------------------------------------------
 Energy              Potential           Kinetic             Temperature         Pressure (KBAR)     
 -3.086e+02          -3.087e+02          7.774e-02           2.598e+02           1.009e+02           
 ------------------------------------------------------------------------------------------------
 -------------------------------------------
 STEP OF MOLECULAR DYNAMICS : 10
 -------------------------------------------
 DONE(9.957e+03  SEC) : INIT SCF
 ITER   ETOT(eV)       EDIFF(eV)      DRHO       TIME(s)    
 GE1    -8.400309e+03  0.000000e+00   3.891e-03  8.689e+01  
 GE2    -8.400302e+03  7.036624e-03   2.385e-03  8.126e+01  
 GE3    -8.400315e+03  -1.356425e-02  2.222e-03  8.127e+01  
 GE4    -8.400330e+03  -1.470630e-02  5.259e-04  8.131e+01  
 GE5    -8.400331e+03  -7.886018e-04  3.182e-04  8.129e+01  
 GE6    -8.400331e+03  -3.050430e-04  1.062e-04  8.126e+01  
 GE7    -8.400331e+03  -2.095666e-05  4.522e-05  8.130e+01  
 GE8    -8.400331e+03  -7.842366e-06  1.993e-05  8.128e+01  
 GE9    -8.400331e+03  -1.218050e-06  4.765e-06  8.132e+01  
 GE10   -8.400331e+03  -4.747404e-08  1.515e-06  8.126e+01  
 GE11   -8.400331e+03  -1.922658e-09  6.647e-07  8.118e+01  
 ><><><><><><><><><><><><><><><><><><><><><><
 TOTAL-STRESS (KBAR):
 ><><><><><><><><><><><><><><><><><><><><><><
 1.292e+02      -6.517e+01     -5.719e+01     
 -6.517e+01     1.099e+02      7.571e+01      
 -5.719e+01     7.571e+01      5.023e+01      
 TOTAL-PRESSURE: 9.646e+01 KBAR
 ------------------------------------------------------------------------------------------------
 Energy              Potential           Kinetic             Temperature         Pressure (KBAR)     
 -3.086e+02          -3.087e+02          8.698e-02           2.907e+02           1.003e+02           
 ------------------------------------------------------------------------------------------------

  |CLASS_NAME---------|NAME---------------|TIME(Sec)-----|CALLS----|AVG------|PER%-------
                       total               10941          27        4.1e+02   1e+02     %
   Driver              driver_line         10941          1         1.1e+04   1e+02     %
   PW_Basis            setup_struc_factor  0.86344        11        0.078     0.0079    %
   ORB_control         read_orb_first      0.15423        1         0.15      0.0014    %
   LCAO_Orbitals       Read_Orbitals       0.15423        1         0.15      0.0014    %
   ORB_control         set_orb_tables      6.8748         1         6.9       0.063     %
   ORB_gen_tables      gen_tables          6.8748         1         6.9       0.063     %
   ORB_table_phi       init_Table          5.4931         1         5.5       0.05      %
   ORB_table_phi       cal_ST_Phi12_R      5.4648         558       0.0098    0.05      %
   ORB_table_beta      init_Table_Beta     1.1947         1         1.2       0.011     %
   ORB_table_beta      VNL_PhiBeta_R       1.1886         168       0.0071    0.011     %
   ppcell_vl           init_vloc           0.22039        1         0.22      0.002     %
   Run_MD              md_line             10934          1         1.1e+04   1e+02     %
   Langevin            setup               1392.5         1         1.4e+03   13        %
   MD_func             force_virial        10934          11        9.9e+02   1e+02     %
   ESolver_KS_LCAO     Run                 9993.7         11        9.1e+02   91        %
   ESolver_KS_LCAO     beforescf           20.69          11        1.9       0.19      %
   ESolver_KS_LCAO     beforesolver        6.94           11        0.63      0.063     %
   ESolver_KS_LCAO     set_matrix_grid     4.8372         11        0.44      0.044     %
   Grid_Technique      init                2.2487         11        0.2       0.021     %
   Grid_BigCell        grid_expansion_index0.5788         22        0.026     0.0053    %
   Record_adj          for_2d              2.3288         11        0.21      0.021     %
   Grid_Driver         Find_atom           17.177         588352    2.9e-05   0.16      %
   Charge              atomic_rho          11.891         21        0.57      0.11      %
   PW_Basis            recip2real          2.2875         730       0.0031    0.021     %
   PW_Basis            gathers_scatterp    1.0279         730       0.0014    0.0094    %
   Potential           init_pot            0.74002        11        0.067     0.0068    %
   Potential           update_from_charge  8.4093         133       0.063     0.077     %
   Potential           cal_v_eff           8.3622         133       0.063     0.076     %
   H_Hartree_pw        v_hartree           0.88884        133       0.0067    0.0081    %
   PW_Basis            real2recip          2.7615         1108      0.0025    0.025     %
   PW_Basis            gatherp_scatters    1.0968         1108      0.00099   0.01      %
   PotXC               cal_v_eff           7.416          133       0.056     0.068     %
   XC_Functional       v_xc                7.3719         133       0.055     0.067     %
   HSolverLCAO         solve               9959.5         122       82        91        %
   HamiltLCAO          updateHk            3765.3         4392      0.86      34        %
   OperatorLCAO        init                3109.9         8784      0.35      28        %
   Veff                contributeHk        3108           4392      0.71      28        %
   Gint_interface      cal_gint            5037           255       20        46        %
   Gint_interface      cal_gint_vlocal     2428.9         122       20        22        %
   Gint_k              folding_vl_k        679.1          4392      0.15      6.2       %
   Gint_k              Distri              424.37         4392      0.097     3.9       %
   Overlap             contributeHR        4.3784         11        0.4       0.04      %
   LCAO_gen_fixedH     calculate_S_no      4.3784         11        0.4       0.04      %
   Ekin<LCAO>          contributeHR        4.432          11        0.4       0.041     %
   Nonlocal<LCAO>      contributeHR        48.241         11        4.4       0.44      %
   LCAO_gen_fixedH     build_Nonlocal_mu_new153.72         22        7         1.4       %
   ORB_gen_tables      snap_psibeta_half   3.2146         1145616   2.8e-06   0.029     %
   OperatorLCAO        folding_fixed       598.28         4392      0.14      5.5       %
   LCAO_nnr            folding_fixedH      592.43         4392      0.13      5.4       %
   HSolverLCAO         hamiltSolvePsiK     1378.4         4392      0.31      13        %
   DiagoElpa           elpa_solve          1366.7         4392      0.31      12        %
   ElecStateLCAO       psiToRho            4815.7         122       39        44        %
   elecstate           cal_dm              138.09         133       1         1.3       %
   psiMulPsiMpi        pdgemm              133.83         4788      0.028     1.2       %
    Local_Orbital_wfc  wfc_2d_to_grid      24.344         4392      0.0055    0.22      %
   LCAO_Charge         cal_dk_k            2533.1         122       21        23        %
   Record_adj          for_grid            0.65724        122       0.0054    0.006     %
   Gint_interface      cal_gint_rho        2138.4         122       18        20        %
   Charge              mix_rho             1.1768         111       0.011     0.011     %
   Force_Stress_LCAO   getForceStress      940.09         11        85        8.6       %
   Forces              cal_force_loc       0.7079         11        0.064     0.0065    %
   Forces              cal_force_ew        0.6953         11        0.063     0.0064    %
   Forces              cal_force_scc       6.6116         11        0.6       0.06      %
   Stress_Func         stress_loc          5.1553         11        0.47      0.047     %
   Stress_Func         stress_ewa          0.34191        11        0.031     0.0031    %
   Stress_Func         stress_gga          0.36792        11        0.033     0.0034    %
   Force_LCAO_k        ftable_k            926.16         11        84        8.5       %
   Force_LCAO_k        allocate_k          134.31         11        12        1.2       %
   Force_LCAO_k        cal_foverlap_k      24.88          11        2.3       0.23      %
   Force_LCAO_k        cal_edm_2d          24.022         11        2.2       0.22      %
   Local_Orbital_Chargecal_dm_R            11.333         22        0.52      0.1       %
   Force_LCAO_k        cal_ftvnl_dphi_k    0.2494         11        0.023     0.0023    %
   Force_LCAO_k        cal_fvl_dphi_k      469.63         11        43        4.3       %
   Gint_interface      cal_gint_force      469.63         11        43        4.3       %
   Force_LCAO_k        cal_fvnl_dbeta_k_new276.03         11        25        2.5       %
 ----------------------------------------------------------------------------------------

 START  Time  : Fri Feb  3 19:51:31 2023
 FINISH Time  : Fri Feb  3 22:53:52 2023
 TOTAL  Time  : 1.1e+04
 SEE INFORMATION IN : OUT.ABACUS/
