WARNING: Total thread number on this node mismatches with hardware availability. This may cause poor performance.
Info: Local MPI proc number: 16,OpenMP thread number: 1,Total thread number: 16,Local thread limit: 32
                                                                                     
                              ABACUS v3.1                                            

               Atomic-orbital Based Ab-initio Computation at UStc                    

                     Website: http://abacus.ustc.edu.cn/                             
               Documentation: https://abacus.deepmodeling.com/                       
                  Repository: https://github.com/abacusmodeling/abacus-develop       
                              https://github.com/deepmodeling/abacus-develop         

 Fri Feb  3 19:43:26 2023
 MAKE THE DIR         : OUT.ABACUS/
 MAKE THE STRU DIR    : OUT.ABACUS/STRU/
 UNIFORM GRID DIM     : 108 * 108 * 108
 UNIFORM GRID DIM(BIG): 54 * 54 * 54
 DONE(0.0977195  SEC) : SETUP UNITCELL
 DONE(0.11022    SEC) : INIT K-POINTS
 ---------------------------------------------------------
 Molecular Dynamics simulations
 ---------------------------------------------------------
 ENSEMBLE                 : Langevin
 Time interval(fs)        : 1
 ---------------------------------------------------------
 SPIN    KPOINTS         PROCESSORS  NBASE       
 1       36              16          1408        
 ---------------------------------------------------------
 Use Systematically Improvable Atomic bases
 ---------------------------------------------------------
 ELEMENT ORBITALS        NBASE       NATOM       XC          
 Si      3s3p2d-9au      22          32          
 C       3s3p2d-9au      22          32          
 ---------------------------------------------------------
 Initial plane wave basis and FFT box
 ---------------------------------------------------------
--------------------------------- INITVEL DONE ------------------------------------
 -------------------------------------------
 STEP OF MOLECULAR DYNAMICS : 0
 -------------------------------------------
 START CHARGE      : atomic
 DONE(8.41213    SEC) : INIT SCF
 ITER   ETOT(eV)       EDIFF(eV)      DRHO       TIME(s)    
 GE1    -8.332387e+03  0.000000e+00   2.748e-01  8.169e+01  
 GE2    -8.368791e+03  -3.640363e+01  1.596e-01  7.637e+01  
 GE3    -8.378301e+03  -9.509991e+00  5.774e-02  7.639e+01  
 GE4    -8.393206e+03  -1.490500e+01  5.521e-02  7.632e+01  
 GE5    -8.399952e+03  -6.745976e+00  1.029e-02  7.622e+01  
 GE6    -8.400099e+03  -1.470582e-01  6.026e-03  7.608e+01  
 GE7    -8.400187e+03  -8.800706e-02  2.400e-03  7.613e+01  
 GE8    -8.400191e+03  -3.836384e-03  1.135e-03  7.628e+01  
 GE9    -8.400193e+03  -2.053417e-03  6.312e-04  7.640e+01  
 GE10   -8.400194e+03  -8.882756e-04  1.282e-04  7.627e+01  
 GE11   -8.400194e+03  -8.625289e-06  1.179e-04  7.628e+01  
 GE12   -8.400194e+03  -3.396853e-05  3.576e-05  7.647e+01  
 GE13   -8.400194e+03  -4.475873e-06  3.584e-05  7.639e+01  
 GE14   -8.400194e+03  -3.178597e-06  3.104e-06  7.646e+01  
 GE15   -8.400194e+03  -1.853362e-08  1.986e-06  7.635e+01  
 GE16   -8.400194e+03  -2.165504e-09  7.306e-07  7.655e+01  
 ><><><><><><><><><><><><><><><><><><><><><><
 TOTAL-STRESS (KBAR):
 ><><><><><><><><><><><><><><><><><><><><><><
 9.425e+01      7.891e+01      -5.248e+01     
 7.891e+01      1.002e+02      -4.553e+00     
 -5.248e+01     -4.553e+00     -8.133e+00     
 TOTAL-PRESSURE: 6.211e+01 KBAR
 ------------------------------------------------------------------------------------------------
 Energy              Potential           Kinetic             Temperature         Pressure (KBAR)     
 -3.087e+02          -3.087e+02          2.993e-03           1.000e+01           6.224e+01           
 ------------------------------------------------------------------------------------------------
 -------------------------------------------
 STEP OF MOLECULAR DYNAMICS : 1
 -------------------------------------------
 DONE(1.320e+03  SEC) : INIT SCF
 ITER   ETOT(eV)       EDIFF(eV)      DRHO       TIME(s)    
 GE1    -8.400263e+03  0.000000e+00   5.052e-04  8.151e+01  
 GE2    -8.400263e+03  3.635510e-04   3.842e-04  7.638e+01  
 GE3    -8.400263e+03  -3.826173e-04  3.853e-04  7.626e+01  
 GE4    -8.400264e+03  -4.176390e-04  8.492e-05  7.624e+01  
 GE5    -8.400264e+03  -1.618948e-05  3.872e-05  7.625e+01  
 GE6    -8.400264e+03  -4.595755e-06  1.980e-05  7.626e+01  
 GE7    -8.400264e+03  -1.070942e-06  9.816e-06  7.626e+01  
 GE8    -8.400264e+03  -2.956563e-07  2.073e-06  7.622e+01  
 GE9    -8.400264e+03  -8.111360e-09  8.311e-07  7.625e+01  
 ><><><><><><><><><><><><><><><><><><><><><><
 TOTAL-STRESS (KBAR):
 ><><><><><><><><><><><><><><><><><><><><><><
 9.393e+01      7.867e+01      -5.246e+01     
 7.867e+01      9.994e+01      -4.373e+00     
 -5.246e+01     -4.373e+00     -8.359e+00     
 TOTAL-PRESSURE: 6.184e+01 KBAR
 ------------------------------------------------------------------------------------------------
 Energy              Potential           Kinetic             Temperature         Pressure (KBAR)     
 -3.087e+02          -3.087e+02          7.118e-03           2.378e+01           6.215e+01           
 ------------------------------------------------------------------------------------------------
 -------------------------------------------
 STEP OF MOLECULAR DYNAMICS : 2
 -------------------------------------------
 DONE(2.097e+03  SEC) : INIT SCF
 ITER   ETOT(eV)       EDIFF(eV)      DRHO       TIME(s)    
 GE1    -8.400394e+03  0.000000e+00   1.585e-03  8.191e+01  
 GE2    -8.400393e+03  9.699909e-04   9.387e-04  7.642e+01  
 GE3    -8.400395e+03  -1.865011e-03  9.126e-04  7.639e+01  
 GE4    -8.400398e+03  -2.389110e-03  2.188e-04  7.635e+01  
 GE5    -8.400398e+03  -1.227872e-04  1.311e-04  7.648e+01  
 GE6    -8.400398e+03  -4.594838e-05  4.786e-05  7.647e+01  
 GE7    -8.400398e+03  -5.375397e-06  2.578e-05  7.635e+01  
 GE8    -8.400398e+03  -2.311393e-06  7.492e-06  7.653e+01  
 GE9    -8.400398e+03  -1.554399e-07  2.239e-06  7.638e+01  
 GE10   -8.400398e+03  -7.721570e-09  7.584e-07  7.660e+01  
 ><><><><><><><><><><><><><><><><><><><><><><
 TOTAL-STRESS (KBAR):
 ><><><><><><><><><><><><><><><><><><><><><><
 9.358e+01      7.837e+01      -5.228e+01     
 7.837e+01      9.921e+01      -4.107e+00     
 -5.228e+01     -4.107e+00     -8.921e+00     
 TOTAL-PRESSURE: 6.129e+01 KBAR
 ------------------------------------------------------------------------------------------------
 Energy              Potential           Kinetic             Temperature         Pressure (KBAR)     
 -3.087e+02          -3.087e+02          1.720e-02           5.747e+01           6.204e+01           
 ------------------------------------------------------------------------------------------------
 -------------------------------------------
 STEP OF MOLECULAR DYNAMICS : 3
 -------------------------------------------
 DONE(2.951e+03  SEC) : INIT SCF
 ITER   ETOT(eV)       EDIFF(eV)      DRHO       TIME(s)    
 GE1    -8.400501e+03  0.000000e+00   2.038e-03  8.196e+01  
 GE2    -8.400501e+03  8.583696e-04   1.232e-03  7.652e+01  
 GE3    -8.400503e+03  -2.878316e-03  1.101e-03  7.670e+01  
 GE4    -8.400507e+03  -3.443909e-03  3.147e-04  7.671e+01  
 GE5    -8.400507e+03  -2.724135e-04  1.820e-04  7.658e+01  
 GE6    -8.400507e+03  -9.964606e-05  7.065e-05  7.650e+01  
 GE7    -8.400507e+03  -1.261078e-05  3.673e-05  7.653e+01  
 GE8    -8.400507e+03  -4.518761e-06  8.980e-06  7.671e+01  
 GE9    -8.400507e+03  -2.179812e-07  2.954e-06  7.662e+01  
 GE10   -8.400507e+03  -1.403247e-08  9.094e-07  7.661e+01  
 ><><><><><><><><><><><><><><><><><><><><><><
 TOTAL-STRESS (KBAR):
 ><><><><><><><><><><><><><><><><><><><><><><
 9.307e+01      7.770e+01      -5.244e+01     
 7.770e+01      9.877e+01      -3.447e+00     
 -5.244e+01     -3.447e+00     -9.319e+00     
 TOTAL-PRESSURE: 6.084e+01 KBAR
 ------------------------------------------------------------------------------------------------
 Energy              Potential           Kinetic             Temperature         Pressure (KBAR)     
 -3.087e+02          -3.087e+02          2.720e-02           9.089e+01           6.203e+01           
 ------------------------------------------------------------------------------------------------
 -------------------------------------------
 STEP OF MOLECULAR DYNAMICS : 4
 -------------------------------------------
 DONE(3.807e+03  SEC) : INIT SCF
 ITER   ETOT(eV)       EDIFF(eV)      DRHO       TIME(s)    
 GE1    -8.400612e+03  0.000000e+00   2.342e-03  8.176e+01  
 GE2    -8.400607e+03  4.536111e-03   1.594e-03  7.641e+01  
 GE3    -8.400614e+03  -6.717286e-03  1.523e-03  7.642e+01  
 GE4    -8.400620e+03  -6.408824e-03  3.377e-04  7.642e+01  
 GE5    -8.400621e+03  -2.220983e-04  1.635e-04  7.634e+01  
 GE6    -8.400621e+03  -6.643326e-05  8.262e-05  7.631e+01  
 GE7    -8.400621e+03  -1.832259e-05  4.366e-05  7.639e+01  
 GE8    -8.400621e+03  -6.174311e-06  1.039e-05  7.632e+01  
 GE9    -8.400621e+03  -2.685627e-07  3.622e-06  7.633e+01  
 GE10   -8.400621e+03  -2.481204e-08  1.126e-06  7.641e+01  
 GE11   -8.400621e+03  1.665892e-09   8.052e-07  7.646e+01  
 ><><><><><><><><><><><><><><><><><><><><><><
 TOTAL-STRESS (KBAR):
 ><><><><><><><><><><><><><><><><><><><><><><
 9.246e+01      7.635e+01      -5.278e+01     
 7.635e+01      9.839e+01      -2.492e+00     
 -5.278e+01     -2.492e+00     -1.019e+01     
 TOTAL-PRESSURE: 6.022e+01 KBAR
 ------------------------------------------------------------------------------------------------
 Energy              Potential           Kinetic             Temperature         Pressure (KBAR)     
 -3.087e+02          -3.087e+02          3.654e-02           1.221e+02           6.182e+01           
 ------------------------------------------------------------------------------------------------
 -------------------------------------------
 STEP OF MOLECULAR DYNAMICS : 5
 -------------------------------------------
 DONE(4.738e+03  SEC) : INIT SCF
 ITER   ETOT(eV)       EDIFF(eV)      DRHO       TIME(s)    
 GE1    -8.400635e+03  0.000000e+00   2.532e-03  8.199e+01  
 GE2    -8.400633e+03  1.108504e-03   1.513e-03  7.663e+01  
 GE3    -8.400638e+03  -4.518818e-03  1.345e-03  7.650e+01  
 GE4    -8.400643e+03  -4.772855e-03  4.108e-04  7.661e+01  
 GE5    -8.400643e+03  -4.732315e-04  2.524e-04  7.656e+01  
 GE6    -8.400643e+03  -2.039893e-04  8.556e-05  7.661e+01  
 GE7    -8.400643e+03  -1.637597e-05  3.416e-05  7.653e+01  
 GE8    -8.400643e+03  -3.946421e-06  1.300e-05  7.661e+01  
 GE9    -8.400643e+03  -5.549662e-07  4.099e-06  7.651e+01  
 GE10   -8.400643e+03  -3.919408e-08  9.628e-07  7.667e+01  
 ><><><><><><><><><><><><><><><><><><><><><><
 TOTAL-STRESS (KBAR):
 ><><><><><><><><><><><><><><><><><><><><><><
 9.236e+01      7.662e+01      -5.290e+01     
 7.662e+01      9.843e+01      -2.866e+00     
 -5.290e+01     -2.866e+00     -1.046e+01     
 TOTAL-PRESSURE: 6.011e+01 KBAR
 ------------------------------------------------------------------------------------------------
 Energy              Potential           Kinetic             Temperature         Pressure (KBAR)     
 -3.087e+02          -3.087e+02          3.801e-02           1.270e+02           6.177e+01           
 ------------------------------------------------------------------------------------------------
 -------------------------------------------
 STEP OF MOLECULAR DYNAMICS : 6
 -------------------------------------------
 DONE(5.594e+03  SEC) : INIT SCF
 ITER   ETOT(eV)       EDIFF(eV)      DRHO       TIME(s)    
 GE1    -8.400765e+03  0.000000e+00   3.013e-03  8.186e+01  
 GE2    -8.400752e+03  1.269012e-02   2.321e-03  7.644e+01  
 GE3    -8.400768e+03  -1.633091e-02  2.164e-03  7.642e+01  
 GE4    -8.400781e+03  -1.227788e-02  4.759e-04  7.640e+01  
 GE5    -8.400781e+03  -4.629631e-04  2.677e-04  7.655e+01  
 GE6    -8.400781e+03  -2.101675e-04  1.205e-04  7.642e+01  
 GE7    -8.400781e+03  -4.149464e-05  6.495e-05  7.652e+01  
 GE8    -8.400781e+03  -1.234998e-05  1.180e-05  7.648e+01  
 GE9    -8.400781e+03  -3.246555e-07  4.443e-06  7.645e+01  
 GE10   -8.400781e+03  -3.446555e-08  1.203e-06  7.656e+01  
 GE11   -8.400781e+03  -3.217321e-10  6.533e-07  7.645e+01  
 ><><><><><><><><><><><><><><><><><><><><><><
 TOTAL-STRESS (KBAR):
 ><><><><><><><><><><><><><><><><><><><><><><
 9.165e+01      7.633e+01      -5.328e+01     
 7.633e+01      9.776e+01      -1.750e+00     
 -5.328e+01     -1.750e+00     -1.066e+01     
 TOTAL-PRESSURE: 5.958e+01 KBAR
 ------------------------------------------------------------------------------------------------
 Energy              Potential           Kinetic             Temperature         Pressure (KBAR)     
 -3.087e+02          -3.087e+02          5.557e-02           1.857e+02           6.202e+01           
 ------------------------------------------------------------------------------------------------
 -------------------------------------------
 STEP OF MOLECULAR DYNAMICS : 7
 -------------------------------------------
 DONE(6.525e+03  SEC) : INIT SCF
 ITER   ETOT(eV)       EDIFF(eV)      DRHO       TIME(s)    
 GE1    -8.400840e+03  0.000000e+00   3.259e-03  8.196e+01  
 GE2    -8.400835e+03  5.455191e-03   2.094e-03  7.654e+01  
 GE3    -8.400846e+03  -1.146682e-02  1.872e-03  7.655e+01  
 GE4    -8.400856e+03  -9.851617e-03  4.704e-04  7.648e+01  
 GE5    -8.400856e+03  -5.682332e-04  2.841e-04  7.654e+01  
 GE6    -8.400857e+03  -2.380154e-04  1.067e-04  7.662e+01  
 GE7    -8.400857e+03  -2.639488e-05  5.753e-05  7.651e+01  
 GE8    -8.400857e+03  -1.129494e-05  1.561e-05  7.659e+01  
 GE9    -8.400857e+03  -7.262668e-07  5.099e-06  7.665e+01  
 GE10   -8.400857e+03  -5.087852e-08  1.223e-06  7.653e+01  
 GE11   -8.400857e+03  2.648102e-09   8.715e-07  7.655e+01  
 ><><><><><><><><><><><><><><><><><><><><><><
 TOTAL-STRESS (KBAR):
 ><><><><><><><><><><><><><><><><><><><><><><
 9.137e+01      7.609e+01      -5.273e+01     
 7.609e+01      9.753e+01      -6.121e-01     
 -5.273e+01     -6.121e-01     -1.111e+01     
 TOTAL-PRESSURE: 5.926e+01 KBAR
 ------------------------------------------------------------------------------------------------
 Energy              Potential           Kinetic             Temperature         Pressure (KBAR)     
 -3.087e+02          -3.087e+02          6.823e-02           2.280e+02           6.225e+01           
 ------------------------------------------------------------------------------------------------
 -------------------------------------------
 STEP OF MOLECULAR DYNAMICS : 8
 -------------------------------------------
 DONE(7.458e+03  SEC) : INIT SCF
 ITER   ETOT(eV)       EDIFF(eV)      DRHO       TIME(s)    
 GE1    -8.400893e+03  0.000000e+00   3.724e-03  8.184e+01  
 GE2    -8.400892e+03  8.546765e-04   2.156e-03  7.635e+01  
 GE3    -8.400900e+03  -7.830346e-03  1.880e-03  7.641e+01  
 GE4    -8.400910e+03  -1.047536e-02  5.706e-04  7.640e+01  
 GE5    -8.400911e+03  -9.235444e-04  2.918e-04  7.652e+01  
 GE6    -8.400911e+03  -2.743653e-04  1.196e-04  7.651e+01  
 GE7    -8.400911e+03  -3.520971e-05  5.541e-05  7.648e+01  
 GE8    -8.400911e+03  -1.040460e-05  1.813e-05  7.651e+01  
 GE9    -8.400911e+03  -9.712859e-07  5.139e-06  7.654e+01  
 GE10   -8.400911e+03  -5.792260e-08  1.612e-06  7.643e+01  
 GE11   -8.400911e+03  -7.362715e-10  8.851e-07  7.643e+01  
 ><><><><><><><><><><><><><><><><><><><><><><
 TOTAL-STRESS (KBAR):
 ><><><><><><><><><><><><><><><><><><><><><><
 9.109e+01      7.624e+01      -5.397e+01     
 7.624e+01      9.720e+01      3.694e-01      
 -5.397e+01     3.694e-01      -1.124e+01     
 TOTAL-PRESSURE: 5.902e+01 KBAR
 ------------------------------------------------------------------------------------------------
 Energy              Potential           Kinetic             Temperature         Pressure (KBAR)     
 -3.086e+02          -3.087e+02          8.096e-02           2.705e+02           6.256e+01           
 ------------------------------------------------------------------------------------------------
 -------------------------------------------
 STEP OF MOLECULAR DYNAMICS : 9
 -------------------------------------------
 DONE(8.389e+03  SEC) : INIT SCF
 ITER   ETOT(eV)       EDIFF(eV)      DRHO       TIME(s)    
 GE1    -8.400921e+03  0.000000e+00   3.982e-03  8.228e+01  
 GE2    -8.400906e+03  1.553648e-02   2.946e-03  7.677e+01  
 GE3    -8.400928e+03  -2.253006e-02  2.660e-03  7.683e+01  
 GE4    -8.400949e+03  -2.046551e-02  6.570e-04  7.669e+01  
 GE5    -8.400950e+03  -1.029410e-03  3.354e-04  7.669e+01  
 GE6    -8.400950e+03  -2.958044e-04  1.463e-04  7.669e+01  
 GE7    -8.400950e+03  -5.577460e-05  8.745e-05  7.670e+01  
 GE8    -8.400950e+03  -2.428666e-05  1.730e-05  7.671e+01  
 GE9    -8.400950e+03  -7.579915e-07  6.980e-06  7.675e+01  
 GE10   -8.400950e+03  -9.169983e-08  1.815e-06  7.677e+01  
 GE11   -8.400950e+03  -6.091254e-09  1.238e-06  7.677e+01  
 GE12   -8.400950e+03  -1.017787e-09  6.723e-07  7.670e+01  
 ><><><><><><><><><><><><><><><><><><><><><><
 TOTAL-STRESS (KBAR):
 ><><><><><><><><><><><><><><><><><><><><><><
 9.084e+01      7.561e+01      -5.404e+01     
 7.561e+01      9.700e+01      1.457e+00      
 -5.404e+01     1.457e+00      -1.098e+01     
 TOTAL-PRESSURE: 5.895e+01 KBAR
 ------------------------------------------------------------------------------------------------
 Energy              Potential           Kinetic             Temperature         Pressure (KBAR)     
 -3.087e+02          -3.087e+02          7.665e-02           2.561e+02           6.231e+01           
 ------------------------------------------------------------------------------------------------
 -------------------------------------------
 STEP OF MOLECULAR DYNAMICS : 10
 -------------------------------------------
 DONE(9.401e+03  SEC) : INIT SCF
 ITER   ETOT(eV)       EDIFF(eV)      DRHO       TIME(s)    
 GE1    -8.400971e+03  0.000000e+00   3.780e-03  8.183e+01  
 GE2    -8.400964e+03  6.815645e-03   2.291e-03  7.649e+01  
 GE3    -8.400977e+03  -1.271303e-02  2.184e-03  7.647e+01  
 GE4    -8.400991e+03  -1.359686e-02  5.157e-04  7.656e+01  
 GE5    -8.400991e+03  -6.988206e-04  3.246e-04  7.636e+01  
 GE6    -8.400992e+03  -2.938532e-04  1.245e-04  7.638e+01  
 GE7    -8.400992e+03  -3.742601e-05  7.040e-05  7.637e+01  
 GE8    -8.400992e+03  -1.697877e-05  1.481e-05  7.640e+01  
 GE9    -8.400992e+03  -5.428502e-07  4.961e-06  7.641e+01  
 GE10   -8.400992e+03  -4.678108e-08  1.979e-06  7.646e+01  
 GE11   -8.400992e+03  -1.047021e-08  1.111e-06  7.632e+01  
 GE12   -8.400992e+03  -2.963647e-09  4.200e-07  7.663e+01  
 ><><><><><><><><><><><><><><><><><><><><><><
 TOTAL-STRESS (KBAR):
 ><><><><><><><><><><><><><><><><><><><><><><
 9.053e+01      7.563e+01      -5.302e+01     
 7.563e+01      9.711e+01      1.635e+00      
 -5.302e+01     1.635e+00      -1.172e+01     
 TOTAL-PRESSURE: 5.864e+01 KBAR
 ------------------------------------------------------------------------------------------------
 Energy              Potential           Kinetic             Temperature         Pressure (KBAR)     
 -3.086e+02          -3.087e+02          8.550e-02           2.857e+02           6.239e+01           
 ------------------------------------------------------------------------------------------------

  |CLASS_NAME---------|NAME---------------|TIME(Sec)-----|CALLS----|AVG------|PER%-------
                       total               10406          27        3.9e+02   1e+02     %
   Driver              driver_line         10406          1         1e+04     1e+02     %
   PW_Basis            setup_struc_factor  0.88133        11        0.08      0.0085    %
   ORB_control         read_orb_first      0.14706        1         0.15      0.0014    %
   LCAO_Orbitals       Read_Orbitals       0.14705        1         0.15      0.0014    %
   ORB_control         set_orb_tables      6.489          1         6.5       0.062     %
   ORB_gen_tables      gen_tables          6.489          1         6.5       0.062     %
   ORB_table_phi       init_Table          5.0982         1         5.1       0.049     %
   ORB_table_phi       cal_ST_Phi12_R      5.0709         558       0.0091    0.049     %
   ORB_table_beta      init_Table_Beta     1.2032         1         1.2       0.012     %
   ORB_table_beta      VNL_PhiBeta_R       1.1972         168       0.0071    0.012     %
   ppcell_vl           init_vloc           0.2271         1         0.23      0.0022    %
   Run_MD              md_line             10399          1         1e+04     1e+02     %
   Langevin            setup               1310.9         1         1.3e+03   13        %
   MD_func             force_virial        10399          11        9.5e+02   1e+02     %
   ESolver_KS_LCAO     Run                 9488.4         11        8.6e+02   91        %
   ESolver_KS_LCAO     beforescf           22.557         11        2.1       0.22      %
   ESolver_KS_LCAO     beforesolver        6.3912         11        0.58      0.061     %
   ESolver_KS_LCAO     set_matrix_grid     4.5228         11        0.41      0.043     %
   Grid_Technique      init                1.9803         11        0.18      0.019     %
   Grid_BigCell        grid_expansion_index0.57373        22        0.026     0.0055    %
   Record_adj          for_2d              2.2689         11        0.21      0.022     %
   Grid_Driver         Find_atom           16.618         593088    2.8e-05   0.16      %
   Charge              atomic_rho          14.017         21        0.67      0.13      %
   PW_Basis            recip2real          3.453          735       0.0047    0.033     %
   PW_Basis            gathers_scatterp    2.5497         735       0.0035    0.025     %
   Potential           init_pot            0.65865        11        0.06      0.0063    %
   Potential           update_from_charge  7.6            134       0.057     0.073     %
   Potential           cal_v_eff           7.5587         134       0.056     0.073     %
   H_Hartree_pw        v_hartree           0.75829        134       0.0057    0.0073    %
   PW_Basis            real2recip          2.2926         1116      0.0021    0.022     %
   PW_Basis            gatherp_scatters    0.95702        1116      0.00086   0.0092    %
   PotXC               cal_v_eff           6.7432         134       0.05      0.065     %
   XC_Functional       v_xc                6.7099         134       0.05      0.064     %
   HSolverLCAO         solve               9452.7         123       77        91        %
   HamiltLCAO          updateHk            3589.7         4428      0.81      34        %
   OperatorLCAO        init                2939.5         8856      0.33      28        %
   Veff                contributeHk        2937.4         4428      0.66      28        %
   Gint_interface      cal_gint            4584.7         257       18        44        %
   Gint_interface      cal_gint_vlocal     2175.4         123       18        21        %
   Gint_k              folding_vl_k        761.96         4428      0.17      7.3       %
   Gint_k              Distri              516.58         4428      0.12      5         %
   Overlap             contributeHR        4.3976         11        0.4       0.042     %
   LCAO_gen_fixedH     calculate_S_no      4.3975         11        0.4       0.042     %
   Ekin<LCAO>          contributeHR        4.4483         11        0.4       0.043     %
   Nonlocal<LCAO>      contributeHR        46.357         11        4.2       0.45      %
   LCAO_gen_fixedH     build_Nonlocal_mu_new147.26         22        6.7       1.4       %
   ORB_gen_tables      snap_psibeta_half   3.2703         1119063   2.9e-06   0.031     %
   OperatorLCAO        folding_fixed       594.94         4428      0.13      5.7       %
   LCAO_nnr            folding_fixedH      589.16         4428      0.13      5.7       %
   HSolverLCAO         hamiltSolvePsiK     1363.5         4428      0.31      13        %
   DiagoElpa           elpa_solve          1352.8         4428      0.31      13        %
   ElecStateLCAO       psiToRho            4499.4         123       37        43        %
   elecstate           cal_dm              104.53         134       0.78      1         %
   psiMulPsiMpi        pdgemm              101.12         4824      0.021     0.97      %
    Local_Orbital_wfc  wfc_2d_to_grid      20.311         4428      0.0046    0.2       %
   LCAO_Charge         cal_dk_k            2421.8         123       20        23        %
   Record_adj          for_grid            0.6643         123       0.0054    0.0064    %
   Gint_interface      cal_gint_rho        1959.7         123       16        19        %
   Charge              mix_rho             1.0431         112       0.0093    0.01      %
   Force_Stress_LCAO   getForceStress      910.42         11        83        8.7       %
   Forces              cal_force_loc       0.7179         11        0.065     0.0069    %
   Forces              cal_force_ew        0.68918        11        0.063     0.0066    %
   Forces              cal_force_scc       6.7594         11        0.61      0.065     %
   Stress_Func         stress_loc          5.5852         11        0.51      0.054     %
   Stress_Func         stress_ewa          0.33881        11        0.031     0.0033    %
   Stress_Func         stress_gga          0.33046        11        0.03      0.0032    %
   Force_LCAO_k        ftable_k            895.94         11        81        8.6       %
   Force_LCAO_k        allocate_k          129.91         11        12        1.2       %
   Force_LCAO_k        cal_foverlap_k      21.446         11        1.9       0.21      %
   Force_LCAO_k        cal_edm_2d          20.595         11        1.9       0.2       %
   Local_Orbital_Chargecal_dm_R            11.455         22        0.52      0.11      %
   Force_LCAO_k        cal_ftvnl_dphi_k    0.2558         11        0.023     0.0025    %
   Force_LCAO_k        cal_fvl_dphi_k      449.57         11        41        4.3       %
   Gint_interface      cal_gint_force      449.57         11        41        4.3       %
   Force_LCAO_k        cal_fvnl_dbeta_k_new274.21         11        25        2.6       %
 ----------------------------------------------------------------------------------------

 START  Time  : Fri Feb  3 19:43:26 2023
 FINISH Time  : Fri Feb  3 22:36:52 2023
 TOTAL  Time  : 1e+04
 SEE INFORMATION IN : OUT.ABACUS/
