 In SCAN_BEGIN, can't find: LATTICE_PARAMETERS block.
 In SCAN_BEGIN, can't find: <PP_MESH block.
 In SCAN_BEGIN, can't find: <PP_MESH block.
 AUTO_SET NBANDS to 0
 AUTO_SET NBANDS to 154
 cpu 2D distribution : 4*4
 but, the number of bands-row-block is 3
      Processor           Atom
              1             60
              2             59
              3             59
              4             61
              5             58
              6             60
              7             58
              8             61
              9             56
             10             61
             11             59
             12             60
             13             57
             14             60
             15             55
             16             60
                            startmag_type = 2
                       charge from rho_at = 3.95377
                         charge should be = 4
                            startmag_type = 2
                       charge from rho_at = 3.99303
                         charge should be = 4

 SETUP ATOMIC RHO FOR SPIN 1
                 Electron number from rho = 256
           total electron number from rho = 256
                                should be = 256
                 charge before normalized = 256
                  charge after normalized = 256
                 charge before normalized = 256.000100187802
                  charge after normalized = 256
                 charge before normalized = 256.000148199845
                  charge after normalized = 256
                 charge before normalized = 256.000120095107
                  charge after normalized = 256
                 charge before normalized = 256.000124139416
                  charge after normalized = 256
                 charge before normalized = 256.000119437225
                  charge after normalized = 256
                 charge before normalized = 256.000119603725
                  charge after normalized = 256
                 charge before normalized = 256.000119780989
                  charge after normalized = 256
                 charge before normalized = 256.000119932897
                  charge after normalized = 256
                 charge before normalized = 256.000119976814
                  charge after normalized = 256
                 charge before normalized = 256.000119962475
                  charge after normalized = 256
                 charge before normalized = 256.000119956771
                  charge after normalized = 256
                 charge before normalized = 256.00011996379
                  charge after normalized = 256
                 charge before normalized = 256.000119963303
                  charge after normalized = 256
                 charge before normalized = 256.000119963525
                  charge after normalized = 256
                 charge before normalized = 256.000119963407
                  charge after normalized = 256
                 charge before normalized = 256.000119963503
                  charge after normalized = 256
                 charge before normalized = 256.000119963507
                  charge after normalized = 256
                            startmag_type = 2
                       charge from rho_at = 3.95377434289291
                         charge should be = 4
                            startmag_type = 2
                       charge from rho_at = 3.99303358802097
                         charge should be = 4

 SETUP ATOMIC RHO FOR SPIN 1
                 Electron number from rho = 256
           total electron number from rho = 256
                                should be = 256
                            startmag_type = 2
                       charge from rho_at = 3.95377434289291
                         charge should be = 4
                            startmag_type = 2
                       charge from rho_at = 3.99303358802097
                         charge should be = 4

 SETUP ATOMIC RHO FOR SPIN 1
                 Electron number from rho = 256
           total electron number from rho = 256
                                should be = 256
      Processor           Atom
              1             60
              2             59
              3             59
              4             61
              5             58
              6             60
              7             58
              8             61
              9             56
             10             61
             11             59
             12             60
             13             57
             14             60
             15             55
             16             60
                 charge before normalized = 256
                  charge after normalized = 256
                 charge before normalized = 256.000119980204
                  charge after normalized = 256
                 charge before normalized = 256.000119972516
                  charge after normalized = 256
                 charge before normalized = 256.00011999326
                  charge after normalized = 256
                 charge before normalized = 256.000119980778
                  charge after normalized = 256
                 charge before normalized = 256.000119982083
                  charge after normalized = 256
                 charge before normalized = 256.000119981446
                  charge after normalized = 256
                 charge before normalized = 256.000119981694
                  charge after normalized = 256
                 charge before normalized = 256.0001199818
                  charge after normalized = 256
                 charge before normalized = 256.000119981795
                  charge after normalized = 256
                            startmag_type = 2
                       charge from rho_at = 3.95377434289291
                         charge should be = 4
                            startmag_type = 2
                       charge from rho_at = 3.99303358802097
                         charge should be = 4

 SETUP ATOMIC RHO FOR SPIN 1
                 Electron number from rho = 256
           total electron number from rho = 256
                                should be = 256
                            startmag_type = 2
                       charge from rho_at = 3.95377434289291
                         charge should be = 4
                            startmag_type = 2
                       charge from rho_at = 3.99303358802097
                         charge should be = 4

 SETUP ATOMIC RHO FOR SPIN 1
                 Electron number from rho = 256
           total electron number from rho = 256
                                should be = 256
      Processor           Atom
              1             60
              2             59
              3             59
              4             61
              5             58
              6             60
              7             58
              8             61
              9             56
             10             61
             11             59
             12             60
             13             57
             14             60
             15             56
             16             60
                 charge before normalized = 256
                  charge after normalized = 256
                 charge before normalized = 256.000119954006
                  charge after normalized = 256
                 charge before normalized = 256.000119964011
                  charge after normalized = 256
                 charge before normalized = 256.000119951014
                  charge after normalized = 256
                 charge before normalized = 256.000119959506
                  charge after normalized = 256
                 charge before normalized = 256.000119958009
                  charge after normalized = 256
                 charge before normalized = 256.000119958566
                  charge after normalized = 256
                 charge before normalized = 256.000119958522
                  charge after normalized = 256
                 charge before normalized = 256.000119958416
                  charge after normalized = 256
                 charge before normalized = 256.000119958495
                  charge after normalized = 256
                 charge before normalized = 256.000119958454
                  charge after normalized = 256
                            startmag_type = 2
                       charge from rho_at = 3.95377434289291
                         charge should be = 4
                            startmag_type = 2
                       charge from rho_at = 3.99303358802097
                         charge should be = 4

 SETUP ATOMIC RHO FOR SPIN 1
                 Electron number from rho = 256
           total electron number from rho = 256
                                should be = 256
                            startmag_type = 2
                       charge from rho_at = 3.95377434289291
                         charge should be = 4
                            startmag_type = 2
                       charge from rho_at = 3.99303358802097
                         charge should be = 4

 SETUP ATOMIC RHO FOR SPIN 1
                 Electron number from rho = 256
           total electron number from rho = 256
                                should be = 256
      Processor           Atom
              1             60
              2             59
              3             59
              4             61
              5             58
              6             60
              7             58
              8             61
              9             57
             10             61
             11             59
             12             60
             13             57
             14             60
             15             56
             16             60
                 charge before normalized = 256
                  charge after normalized = 256
                 charge before normalized = 256.00011997368
                  charge after normalized = 256
                 charge before normalized = 256.000119958895
                  charge after normalized = 256
                 charge before normalized = 256.000119993034
                  charge after normalized = 256
                 charge before normalized = 256.00011996595
                  charge after normalized = 256
                 charge before normalized = 256.000119974156
                  charge after normalized = 256
                 charge before normalized = 256.000119971008
                  charge after normalized = 256
                 charge before normalized = 256.000119971697
                  charge after normalized = 256
                 charge before normalized = 256.000119971847
                  charge after normalized = 256
                 charge before normalized = 256.000119971812
                  charge after normalized = 256
                 charge before normalized = 256.000119971772
                  charge after normalized = 256
                            startmag_type = 2
                       charge from rho_at = 3.95377434289291
                         charge should be = 4
                            startmag_type = 2
                       charge from rho_at = 3.99303358802097
                         charge should be = 4

 SETUP ATOMIC RHO FOR SPIN 1
                 Electron number from rho = 256
           total electron number from rho = 256
                                should be = 256
                            startmag_type = 2
                       charge from rho_at = 3.95377434289291
                         charge should be = 4
                            startmag_type = 2
                       charge from rho_at = 3.99303358802097
                         charge should be = 4

 SETUP ATOMIC RHO FOR SPIN 1
                 Electron number from rho = 256
           total electron number from rho = 256
                                should be = 256
      Processor           Atom
              1             60
              2             59
              3             59
              4             61
              5             58
              6             60
              7             58
              8             61
              9             57
             10             61
             11             58
             12             60
             13             57
             14             60
             15             55
             16             60
                 charge before normalized = 256
                  charge after normalized = 256
                 charge before normalized = 256.000119914996
                  charge after normalized = 256
                 charge before normalized = 256.000119915085
                  charge after normalized = 256
                 charge before normalized = 256.000119932641
                  charge after normalized = 256
                 charge before normalized = 256.000119922168
                  charge after normalized = 256
                 charge before normalized = 256.000119918936
                  charge after normalized = 256
                 charge before normalized = 256.000119922886
                  charge after normalized = 256
                 charge before normalized = 256.000119920435
                  charge after normalized = 256
                 charge before normalized = 256.000119921889
                  charge after normalized = 256
                 charge before normalized = 256.000119921542
                  charge after normalized = 256
                 charge before normalized = 256.00011992153
                  charge after normalized = 256
                 charge before normalized = 256.000119921569
                  charge after normalized = 256
                            startmag_type = 2
                       charge from rho_at = 3.95377434289291
                         charge should be = 4
                            startmag_type = 2
                       charge from rho_at = 3.99303358802097
                         charge should be = 4

 SETUP ATOMIC RHO FOR SPIN 1
                 Electron number from rho = 256
           total electron number from rho = 256
                                should be = 256
                            startmag_type = 2
                       charge from rho_at = 3.95377434289291
                         charge should be = 4
                            startmag_type = 2
                       charge from rho_at = 3.99303358802097
                         charge should be = 4

 SETUP ATOMIC RHO FOR SPIN 1
                 Electron number from rho = 256
           total electron number from rho = 256
                                should be = 256
      Processor           Atom
              1             60
              2             59
              3             59
              4             61
              5             58
              6             61
              7             58
              8             61
              9             56
             10             61
             11             58
             12             60
             13             57
             14             60
             15             55
             16             60
                 charge before normalized = 256
                  charge after normalized = 256
                 charge before normalized = 256.000119934855
                  charge after normalized = 256
                 charge before normalized = 256.000119930415
                  charge after normalized = 256
                 charge before normalized = 256.000119948281
                  charge after normalized = 256
                 charge before normalized = 256.000119928245
                  charge after normalized = 256
                 charge before normalized = 256.00011994018
                  charge after normalized = 256
                 charge before normalized = 256.000119933947
                  charge after normalized = 256
                 charge before normalized = 256.000119935059
                  charge after normalized = 256
                 charge before normalized = 256.000119935116
                  charge after normalized = 256
                 charge before normalized = 256.000119935102
                  charge after normalized = 256
                 charge before normalized = 256.000119935093
                  charge after normalized = 256
                 charge before normalized = 256.000119935101
                  charge after normalized = 256
                            startmag_type = 2
                       charge from rho_at = 3.95377434289291
                         charge should be = 4
                            startmag_type = 2
                       charge from rho_at = 3.99303358802097
                         charge should be = 4

 SETUP ATOMIC RHO FOR SPIN 1
                 Electron number from rho = 256
           total electron number from rho = 256
                                should be = 256
                            startmag_type = 2
                       charge from rho_at = 3.95377434289291
                         charge should be = 4
                            startmag_type = 2
                       charge from rho_at = 3.99303358802097
                         charge should be = 4

 SETUP ATOMIC RHO FOR SPIN 1
                 Electron number from rho = 256
           total electron number from rho = 256
                                should be = 256
      Processor           Atom
              1             60
              2             59
              3             59
              4             61
              5             58
              6             61
              7             58
              8             61
              9             57
             10             61
             11             59
             12             60
             13             57
             14             60
             15             55
             16             60
                 charge before normalized = 256
                  charge after normalized = 256
                 charge before normalized = 256.000119972451
                  charge after normalized = 256
                 charge before normalized = 256.000119952138
                  charge after normalized = 256
                 charge before normalized = 256.000120012094
                  charge after normalized = 256
                 charge before normalized = 256.000119967317
                  charge after normalized = 256
                 charge before normalized = 256.000119975011
                  charge after normalized = 256
                 charge before normalized = 256.000119972171
                  charge after normalized = 256
                 charge before normalized = 256.000119972975
                  charge after normalized = 256
                 charge before normalized = 256.000119973114
                  charge after normalized = 256
                 charge before normalized = 256.000119973146
                  charge after normalized = 256
                 charge before normalized = 256.000119973074
                  charge after normalized = 256
                 charge before normalized = 256.000119973125
                  charge after normalized = 256
                            startmag_type = 2
                       charge from rho_at = 3.95377434289291
                         charge should be = 4
                            startmag_type = 2
                       charge from rho_at = 3.99303358802097
                         charge should be = 4

 SETUP ATOMIC RHO FOR SPIN 1
                 Electron number from rho = 256
           total electron number from rho = 256
                                should be = 256
                            startmag_type = 2
                       charge from rho_at = 3.95377434289291
                         charge should be = 4
                            startmag_type = 2
                       charge from rho_at = 3.99303358802097
                         charge should be = 4

 SETUP ATOMIC RHO FOR SPIN 1
                 Electron number from rho = 256
           total electron number from rho = 256
                                should be = 256
      Processor           Atom
              1             60
              2             60
              3             59
              4             61
              5             59
              6             61
              7             58
              8             61
              9             57
             10             60
             11             59
             12             60
             13             57
             14             60
             15             56
             16             60
                 charge before normalized = 256
                  charge after normalized = 256
                 charge before normalized = 256.000120036737
                  charge after normalized = 256
                 charge before normalized = 256.00012003642
                  charge after normalized = 256
                 charge before normalized = 256.000120056157
                  charge after normalized = 256
                 charge before normalized = 256.000120036405
                  charge after normalized = 256
                 charge before normalized = 256.000120040775
                  charge after normalized = 256
                 charge before normalized = 256.000120039698
                  charge after normalized = 256
                 charge before normalized = 256.000120039621
                  charge after normalized = 256
                 charge before normalized = 256.000120039896
                  charge after normalized = 256
                 charge before normalized = 256.000120039855
                  charge after normalized = 256
                 charge before normalized = 256.000120039788
                  charge after normalized = 256
                 charge before normalized = 256.000120039868
                  charge after normalized = 256
                 charge before normalized = 256.000120039823
                  charge after normalized = 256
                            startmag_type = 2
                       charge from rho_at = 3.95377434289291
                         charge should be = 4
                            startmag_type = 2
                       charge from rho_at = 3.99303358802097
                         charge should be = 4

 SETUP ATOMIC RHO FOR SPIN 1
                 Electron number from rho = 256
           total electron number from rho = 256
                                should be = 256
                            startmag_type = 2
                       charge from rho_at = 3.95377434289291
                         charge should be = 4
                            startmag_type = 2
                       charge from rho_at = 3.99303358802097
                         charge should be = 4

 SETUP ATOMIC RHO FOR SPIN 1
                 Electron number from rho = 256
           total electron number from rho = 256
                                should be = 256
      Processor           Atom
              1             60
              2             60
              3             59
              4             61
              5             59
              6             61
              7             58
              8             61
              9             57
             10             60
             11             58
             12             60
             13             57
             14             60
             15             55
             16             60
                 charge before normalized = 256
                  charge after normalized = 256
                 charge before normalized = 256.000120041621
                  charge after normalized = 256
                 charge before normalized = 256.00012005305
                  charge after normalized = 256
                 charge before normalized = 256.000120039452
                  charge after normalized = 256
                 charge before normalized = 256.000120044011
                  charge after normalized = 256
                 charge before normalized = 256.000120044111
                  charge after normalized = 256
                 charge before normalized = 256.000120043089
                  charge after normalized = 256
                 charge before normalized = 256.000120044396
                  charge after normalized = 256
                 charge before normalized = 256.000120043212
                  charge after normalized = 256
                 charge before normalized = 256.000120043741
                  charge after normalized = 256
                 charge before normalized = 256.000120043665
                  charge after normalized = 256
                 charge before normalized = 256.000120043671
                  charge after normalized = 256
                            startmag_type = 2
                       charge from rho_at = 3.95377434289291
                         charge should be = 4
                            startmag_type = 2
                       charge from rho_at = 3.99303358802097
                         charge should be = 4

 SETUP ATOMIC RHO FOR SPIN 1
                 Electron number from rho = 256
           total electron number from rho = 256
                                should be = 256
                            startmag_type = 2
                       charge from rho_at = 3.95377434289291
                         charge should be = 4
                            startmag_type = 2
                       charge from rho_at = 3.99303358802097
                         charge should be = 4

 SETUP ATOMIC RHO FOR SPIN 1
                 Electron number from rho = 256
           total electron number from rho = 256
                                should be = 256
      Processor           Atom
              1             60
              2             60
              3             59
              4             61
              5             59
              6             61
              7             58
              8             61
              9             57
             10             60
             11             58
             12             60
             13             57
             14             60
             15             55
             16             60
                 charge before normalized = 256
                  charge after normalized = 256
                 charge before normalized = 256.000120021838
                  charge after normalized = 256
                 charge before normalized = 256.00012000724
                  charge after normalized = 256
                 charge before normalized = 256.000120053075
                  charge after normalized = 256
                 charge before normalized = 256.000120010468
                  charge after normalized = 256
                 charge before normalized = 256.000120021497
                  charge after normalized = 256
                 charge before normalized = 256.00012001798
                  charge after normalized = 256
                 charge before normalized = 256.00012001879
                  charge after normalized = 256
                 charge before normalized = 256.000120018826
                  charge after normalized = 256
                 charge before normalized = 256.000120018933
                  charge after normalized = 256
                 charge before normalized = 256.000120018844
                  charge after normalized = 256
                 charge before normalized = 256.000120018907
                  charge after normalized = 256
                 charge before normalized = 256.00012001886
                  charge after normalized = 256
                            startmag_type = 2
                       charge from rho_at = 3.95377434289291
                         charge should be = 4
                            startmag_type = 2
                       charge from rho_at = 3.99303358802097
                         charge should be = 4

 SETUP ATOMIC RHO FOR SPIN 1
                 Electron number from rho = 256
           total electron number from rho = 256
                                should be = 256
                            startmag_type = 2
                       charge from rho_at = 3.95377434289291
                         charge should be = 4
                            startmag_type = 2
                       charge from rho_at = 3.99303358802097
                         charge should be = 4

 SETUP ATOMIC RHO FOR SPIN 1
                 Electron number from rho = 256
           total electron number from rho = 256
                                should be = 256
      Processor           Atom
              1             60
              2             59
              3             60
              4             61
              5             58
              6             60
              7             57
              8             61
              9             57
             10             61
             11             58
             12             60
             13             57
             14             60
             15             56
             16             60
                 charge before normalized = 256
                  charge after normalized = 256
                 charge before normalized = 256.000120003985
                  charge after normalized = 256
                 charge before normalized = 256.000119994745
                  charge after normalized = 256
                 charge before normalized = 256.000120040658
                  charge after normalized = 256
                 charge before normalized = 256.000119998662
                  charge after normalized = 256
                 charge before normalized = 256.000120009163
                  charge after normalized = 256
                 charge before normalized = 256.000120005552
                  charge after normalized = 256
                 charge before normalized = 256.000120005945
                  charge after normalized = 256
                 charge before normalized = 256.000120006207
                  charge after normalized = 256
                 charge before normalized = 256.00012000623
                  charge after normalized = 256
                 charge before normalized = 256.000120006167
                  charge after normalized = 256
                 charge before normalized = 256.000120006222
                  charge after normalized = 256
                 charge before normalized = 256.000120006193
                  charge after normalized = 256
