 In SCAN_BEGIN, can't find: LATTICE_PARAMETERS block.
 In SCAN_BEGIN, can't find: <PP_MESH block.
 In SCAN_BEGIN, can't find: <PP_MESH block.
 AUTO_SET NBANDS to 0
 AUTO_SET NBANDS to 154
 cpu 2D distribution : 4*4
 but, the number of bands-row-block is 3
      Processor           Atom
              1             66
              2             66
              3             58
              4             66
              5             62
              6             66
              7             62
              8             66
              9             59
             10             66
             11             58
             12             66
             13             58
             14             66
             15             60
             16             62
                            startmag_type = 2
                       charge from rho_at = 3.95377
                         charge should be = 4
                            startmag_type = 2
                       charge from rho_at = 3.99303
                         charge should be = 4

 SETUP ATOMIC RHO FOR SPIN 1
                 Electron number from rho = 256
           total electron number from rho = 256
                                should be = 256
                 charge before normalized = 256
                  charge after normalized = 256
                 charge before normalized = 256.000099804664
                  charge after normalized = 256
                 charge before normalized = 256.000140583391
                  charge after normalized = 256
                 charge before normalized = 256.000117696968
                  charge after normalized = 256
                 charge before normalized = 256.000118275579
                  charge after normalized = 256
                 charge before normalized = 256.000118353142
                  charge after normalized = 256
                 charge before normalized = 256.000118368986
                  charge after normalized = 256
                 charge before normalized = 256.000118370985
                  charge after normalized = 256
                 charge before normalized = 256.00011837082
                  charge after normalized = 256
                            startmag_type = 2
                       charge from rho_at = 3.95377434289291
                         charge should be = 4
                            startmag_type = 2
                       charge from rho_at = 3.99303358802097
                         charge should be = 4

 SETUP ATOMIC RHO FOR SPIN 1
                 Electron number from rho = 256
           total electron number from rho = 256
                                should be = 256
                            startmag_type = 2
                       charge from rho_at = 3.95377434289291
                         charge should be = 4
                            startmag_type = 2
                       charge from rho_at = 3.99303358802097
                         charge should be = 4

 SETUP ATOMIC RHO FOR SPIN 1
                 Electron number from rho = 256
           total electron number from rho = 256
                                should be = 256
      Processor           Atom
              1             63
              2             66
              3             58
              4             66
              5             62
              6             66
              7             65
              8             64
              9             60
             10             66
             11             58
             12             66
             13             58
             14             66
             15             59
             16             65
                 charge before normalized = 256
                  charge after normalized = 256
                 charge before normalized = 256.000118177804
                  charge after normalized = 256
                 charge before normalized = 256.000118177945
                  charge after normalized = 256
                 charge before normalized = 256.000118177776
                  charge after normalized = 256
                 charge before normalized = 256.000118177819
                  charge after normalized = 256
                 charge before normalized = 256.000118177819
                  charge after normalized = 256
                 charge before normalized = 256.000118177821
                  charge after normalized = 256
                 charge before normalized = 256.000118177817
                  charge after normalized = 256
                 charge before normalized = 256.000118177817
                  charge after normalized = 256
                            startmag_type = 2
                       charge from rho_at = 3.95377434289291
                         charge should be = 4
                            startmag_type = 2
                       charge from rho_at = 3.99303358802097
                         charge should be = 4

 SETUP ATOMIC RHO FOR SPIN 1
                 Electron number from rho = 256
           total electron number from rho = 256
                                should be = 256
                            startmag_type = 2
                       charge from rho_at = 3.95377434289291
                         charge should be = 4
                            startmag_type = 2
                       charge from rho_at = 3.99303358802097
                         charge should be = 4

 SETUP ATOMIC RHO FOR SPIN 1
                 Electron number from rho = 256
           total electron number from rho = 256
                                should be = 256
      Processor           Atom
              1             64
              2             66
              3             58
              4             66
              5             62
              6             66
              7             64
              8             65
              9             60
             10             66
             11             58
             12             66
             13             58
             14             66
             15             60
             16             64
                 charge before normalized = 256
                  charge after normalized = 256
                 charge before normalized = 256.000117493377
                  charge after normalized = 256
                 charge before normalized = 256.000117495091
                  charge after normalized = 256
                 charge before normalized = 256.000117492947
                  charge after normalized = 256
                 charge before normalized = 256.000117493369
                  charge after normalized = 256
                 charge before normalized = 256.000117493489
                  charge after normalized = 256
                 charge before normalized = 256.000117493528
                  charge after normalized = 256
                 charge before normalized = 256.000117493474
                  charge after normalized = 256
                 charge before normalized = 256.000117493469
                  charge after normalized = 256
                 charge before normalized = 256.000117493475
                  charge after normalized = 256
                            startmag_type = 2
                       charge from rho_at = 3.95377434289291
                         charge should be = 4
                            startmag_type = 2
                       charge from rho_at = 3.99303358802097
                         charge should be = 4

 SETUP ATOMIC RHO FOR SPIN 1
                 Electron number from rho = 256
           total electron number from rho = 256
                                should be = 256
                            startmag_type = 2
                       charge from rho_at = 3.95377434289291
                         charge should be = 4
                            startmag_type = 2
                       charge from rho_at = 3.99303358802097
                         charge should be = 4

 SETUP ATOMIC RHO FOR SPIN 1
                 Electron number from rho = 256
           total electron number from rho = 256
                                should be = 256
      Processor           Atom
              1             64
              2             66
              3             58
              4             66
              5             62
              6             66
              7             64
              8             64
              9             60
             10             66
             11             58
             12             66
             13             58
             14             66
             15             60
             16             65
                 charge before normalized = 256
                  charge after normalized = 256
                 charge before normalized = 256.00011761966
                  charge after normalized = 256
                 charge before normalized = 256.000117623164
                  charge after normalized = 256
                 charge before normalized = 256.000117619022
                  charge after normalized = 256
                 charge before normalized = 256.000117620095
                  charge after normalized = 256
                 charge before normalized = 256.000117620154
                  charge after normalized = 256
                 charge before normalized = 256.000117620293
                  charge after normalized = 256
                 charge before normalized = 256.000117620189
                  charge after normalized = 256
                 charge before normalized = 256.000117620176
                  charge after normalized = 256
                 charge before normalized = 256.00011762019
                  charge after normalized = 256
                 charge before normalized = 256.000117620188
                  charge after normalized = 256
                            startmag_type = 2
                       charge from rho_at = 3.95377434289291
                         charge should be = 4
                            startmag_type = 2
                       charge from rho_at = 3.99303358802097
                         charge should be = 4

 SETUP ATOMIC RHO FOR SPIN 1
                 Electron number from rho = 256
           total electron number from rho = 256
                                should be = 256
                            startmag_type = 2
                       charge from rho_at = 3.95377434289291
                         charge should be = 4
                            startmag_type = 2
                       charge from rho_at = 3.99303358802097
                         charge should be = 4

 SETUP ATOMIC RHO FOR SPIN 1
                 Electron number from rho = 256
           total electron number from rho = 256
                                should be = 256
      Processor           Atom
              1             62
              2             66
              3             58
              4             66
              5             62
              6             66
              7             63
              8             65
              9             60
             10             66
             11             58
             12             66
             13             58
             14             66
             15             59
             16             66
                 charge before normalized = 256
                  charge after normalized = 256
                 charge before normalized = 256.00011783424
                  charge after normalized = 256
                 charge before normalized = 256.000117839735
                  charge after normalized = 256
                 charge before normalized = 256.000117832775
                  charge after normalized = 256
                 charge before normalized = 256.000117833709
                  charge after normalized = 256
                 charge before normalized = 256.0001178345
                  charge after normalized = 256
                 charge before normalized = 256.000117834508
                  charge after normalized = 256
                 charge before normalized = 256.000117834341
                  charge after normalized = 256
                 charge before normalized = 256.000117834343
                  charge after normalized = 256
                 charge before normalized = 256.000117834362
                  charge after normalized = 256
                 charge before normalized = 256.000117834362
                  charge after normalized = 256
                 charge before normalized = 256.00011783436
                  charge after normalized = 256
                            startmag_type = 2
                       charge from rho_at = 3.95377434289291
                         charge should be = 4
                            startmag_type = 2
                       charge from rho_at = 3.99303358802097
                         charge should be = 4

 SETUP ATOMIC RHO FOR SPIN 1
                 Electron number from rho = 256
           total electron number from rho = 256
                                should be = 256
                            startmag_type = 2
                       charge from rho_at = 3.95377434289291
                         charge should be = 4
                            startmag_type = 2
                       charge from rho_at = 3.99303358802097
                         charge should be = 4

 SETUP ATOMIC RHO FOR SPIN 1
                 Electron number from rho = 256
           total electron number from rho = 256
                                should be = 256
      Processor           Atom
              1             64
              2             66
              3             58
              4             66
              5             62
              6             66
              7             65
              8             64
              9             60
             10             66
             11             58
             12             66
             13             58
             14             66
             15             59
             16             65
                 charge before normalized = 256
                  charge after normalized = 256
                 charge before normalized = 256.00011814371
                  charge after normalized = 256
                 charge before normalized = 256.000118145373
                  charge after normalized = 256
                 charge before normalized = 256.000118143277
                  charge after normalized = 256
                 charge before normalized = 256.000118142315
                  charge after normalized = 256
                 charge before normalized = 256.000118142958
                  charge after normalized = 256
                 charge before normalized = 256.000118142807
                  charge after normalized = 256
                 charge before normalized = 256.000118142778
                  charge after normalized = 256
                 charge before normalized = 256.000118142744
                  charge after normalized = 256
                 charge before normalized = 256.000118142761
                  charge after normalized = 256
                 charge before normalized = 256.000118142763
                  charge after normalized = 256
                 charge before normalized = 256.000118142763
                  charge after normalized = 256
                            startmag_type = 2
                       charge from rho_at = 3.95377434289291
                         charge should be = 4
                            startmag_type = 2
                       charge from rho_at = 3.99303358802097
                         charge should be = 4

 SETUP ATOMIC RHO FOR SPIN 1
                 Electron number from rho = 256
           total electron number from rho = 256
                                should be = 256
                            startmag_type = 2
                       charge from rho_at = 3.95377434289291
                         charge should be = 4
                            startmag_type = 2
                       charge from rho_at = 3.99303358802097
                         charge should be = 4

 SETUP ATOMIC RHO FOR SPIN 1
                 Electron number from rho = 256
           total electron number from rho = 256
                                should be = 256
      Processor           Atom
              1             64
              2             66
              3             58
              4             66
              5             62
              6             66
              7             64
              8             64
              9             60
             10             66
             11             58
             12             66
             13             58
             14             66
             15             60
             16             65
                 charge before normalized = 256
                  charge after normalized = 256
                 charge before normalized = 256.000118229717
                  charge after normalized = 256
                 charge before normalized = 256.000118238005
                  charge after normalized = 256
                 charge before normalized = 256.000118229955
                  charge after normalized = 256
                 charge before normalized = 256.000118229291
                  charge after normalized = 256
                 charge before normalized = 256.000118230269
                  charge after normalized = 256
                 charge before normalized = 256.000118230568
                  charge after normalized = 256
                 charge before normalized = 256.000118230297
                  charge after normalized = 256
                 charge before normalized = 256.0001182303
                  charge after normalized = 256
                 charge before normalized = 256.000118230323
                  charge after normalized = 256
                 charge before normalized = 256.00011823033
                  charge after normalized = 256
                 charge before normalized = 256.000118230325
                  charge after normalized = 256
                            startmag_type = 2
                       charge from rho_at = 3.95377434289291
                         charge should be = 4
                            startmag_type = 2
                       charge from rho_at = 3.99303358802097
                         charge should be = 4

 SETUP ATOMIC RHO FOR SPIN 1
                 Electron number from rho = 256
           total electron number from rho = 256
                                should be = 256
                            startmag_type = 2
                       charge from rho_at = 3.95377434289291
                         charge should be = 4
                            startmag_type = 2
                       charge from rho_at = 3.99303358802097
                         charge should be = 4

 SETUP ATOMIC RHO FOR SPIN 1
                 Electron number from rho = 256
           total electron number from rho = 256
                                should be = 256
      Processor           Atom
              1             64
              2             66
              3             58
              4             66
              5             62
              6             66
              7             64
              8             65
              9             59
             10             66
             11             58
             12             66
             13             58
             14             66
             15             60
             16             64
                 charge before normalized = 256
                  charge after normalized = 256
                 charge before normalized = 256.000118516945
                  charge after normalized = 256
                 charge before normalized = 256.00011852629
                  charge after normalized = 256
                 charge before normalized = 256.000118510581
                  charge after normalized = 256
                 charge before normalized = 256.000118516174
                  charge after normalized = 256
                 charge before normalized = 256.00011851524
                  charge after normalized = 256
                 charge before normalized = 256.00011851622
                  charge after normalized = 256
                 charge before normalized = 256.000118515788
                  charge after normalized = 256
                 charge before normalized = 256.000118515752
                  charge after normalized = 256
                 charge before normalized = 256.000118515783
                  charge after normalized = 256
                 charge before normalized = 256.000118515786
                  charge after normalized = 256
                 charge before normalized = 256.000118515785
                  charge after normalized = 256
                            startmag_type = 2
                       charge from rho_at = 3.95377434289291
                         charge should be = 4
                            startmag_type = 2
                       charge from rho_at = 3.99303358802097
                         charge should be = 4

 SETUP ATOMIC RHO FOR SPIN 1
                 Electron number from rho = 256
           total electron number from rho = 256
                                should be = 256
                            startmag_type = 2
                       charge from rho_at = 3.95377434289291
                         charge should be = 4
                            startmag_type = 2
                       charge from rho_at = 3.99303358802097
                         charge should be = 4

 SETUP ATOMIC RHO FOR SPIN 1
                 Electron number from rho = 256
           total electron number from rho = 256
                                should be = 256
      Processor           Atom
              1             65
              2             66
              3             58
              4             66
              5             62
              6             66
              7             64
              8             64
              9             60
             10             66
             11             58
             12             66
             13             58
             14             66
             15             59
             16             64
                 charge before normalized = 256
                  charge after normalized = 256
                 charge before normalized = 256.000118993702
                  charge after normalized = 256
                 charge before normalized = 256.000119002572
                  charge after normalized = 256
                 charge before normalized = 256.000118989025
                  charge after normalized = 256
                 charge before normalized = 256.000118992671
                  charge after normalized = 256
                 charge before normalized = 256.000118992428
                  charge after normalized = 256
                 charge before normalized = 256.000118993077
                  charge after normalized = 256
                 charge before normalized = 256.000118992578
                  charge after normalized = 256
                 charge before normalized = 256.000118992569
                  charge after normalized = 256
                 charge before normalized = 256.000118992606
                  charge after normalized = 256
                 charge before normalized = 256.000118992611
                  charge after normalized = 256
                 charge before normalized = 256.000118992608
                  charge after normalized = 256
                            startmag_type = 2
                       charge from rho_at = 3.95377434289291
                         charge should be = 4
                            startmag_type = 2
                       charge from rho_at = 3.99303358802097
                         charge should be = 4

 SETUP ATOMIC RHO FOR SPIN 1
                 Electron number from rho = 256
           total electron number from rho = 256
                                should be = 256
                            startmag_type = 2
                       charge from rho_at = 3.95377434289291
                         charge should be = 4
                            startmag_type = 2
                       charge from rho_at = 3.99303358802097
                         charge should be = 4

 SETUP ATOMIC RHO FOR SPIN 1
                 Electron number from rho = 256
           total electron number from rho = 256
                                should be = 256
      Processor           Atom
              1             64
              2             66
              3             58
              4             66
              5             62
              6             66
              7             65
              8             65
              9             60
             10             66
             11             58
             12             66
             13             58
             14             66
             15             60
             16             65
                 charge before normalized = 256
                  charge after normalized = 256
                 charge before normalized = 256.000119337922
                  charge after normalized = 256
                 charge before normalized = 256.000119364015
                  charge after normalized = 256
                 charge before normalized = 256.000119326112
                  charge after normalized = 256
                 charge before normalized = 256.000119338755
                  charge after normalized = 256
                 charge before normalized = 256.00011933934
                  charge after normalized = 256
                 charge before normalized = 256.000119339835
                  charge after normalized = 256
                 charge before normalized = 256.00011933904
                  charge after normalized = 256
                 charge before normalized = 256.000119339115
                  charge after normalized = 256
                 charge before normalized = 256.000119339121
                  charge after normalized = 256
                 charge before normalized = 256.000119339156
                  charge after normalized = 256
                 charge before normalized = 256.000119339144
                  charge after normalized = 256
                            startmag_type = 2
                       charge from rho_at = 3.95377434289291
                         charge should be = 4
                            startmag_type = 2
                       charge from rho_at = 3.99303358802097
                         charge should be = 4

 SETUP ATOMIC RHO FOR SPIN 1
                 Electron number from rho = 256
           total electron number from rho = 256
                                should be = 256
                            startmag_type = 2
                       charge from rho_at = 3.95377434289291
                         charge should be = 4
                            startmag_type = 2
                       charge from rho_at = 3.99303358802097
                         charge should be = 4

 SETUP ATOMIC RHO FOR SPIN 1
                 Electron number from rho = 256
           total electron number from rho = 256
                                should be = 256
      Processor           Atom
              1             64
              2             66
              3             58
              4             66
              5             62
              6             66
              7             64
              8             64
              9             60
             10             66
             11             58
             12             66
             13             58
             14             66
             15             60
             16             65
                 charge before normalized = 256
                  charge after normalized = 256
                 charge before normalized = 256.000119812216
                  charge after normalized = 256
                 charge before normalized = 256.000119824784
                  charge after normalized = 256
                 charge before normalized = 256.000119798604
                  charge after normalized = 256
                 charge before normalized = 256.000119808879
                  charge after normalized = 256
                 charge before normalized = 256.000119808511
                  charge after normalized = 256
                 charge before normalized = 256.000119809493
                  charge after normalized = 256
                 charge before normalized = 256.000119808691
                  charge after normalized = 256
                 charge before normalized = 256.000119808728
                  charge after normalized = 256
                 charge before normalized = 256.000119808745
                  charge after normalized = 256
                 charge before normalized = 256.000119808765
                  charge after normalized = 256
                 charge before normalized = 256.000119808755
                  charge after normalized = 256
