WARNING: Total thread number on this node mismatches with hardware availability. This may cause poor performance.
Info: Local MPI proc number: 16,OpenMP thread number: 1,Total thread number: 16,Local thread limit: 32
                                                                                     
                              ABACUS v3.1                                            

               Atomic-orbital Based Ab-initio Computation at UStc                    

                     Website: http://abacus.ustc.edu.cn/                             
               Documentation: https://abacus.deepmodeling.com/                       
                  Repository: https://github.com/abacusmodeling/abacus-develop       
                              https://github.com/deepmodeling/abacus-develop         

 Fri Feb  3 19:46:30 2023
 MAKE THE DIR         : OUT.ABACUS/
 MAKE THE STRU DIR    : OUT.ABACUS/STRU/
 UNIFORM GRID DIM     : 108 * 108 * 108
 UNIFORM GRID DIM(BIG): 54 * 54 * 54
 DONE(0.104143   SEC) : SETUP UNITCELL
 DONE(0.116519   SEC) : INIT K-POINTS
 ---------------------------------------------------------
 Molecular Dynamics simulations
 ---------------------------------------------------------
 ENSEMBLE                 : Langevin
 Time interval(fs)        : 1
 ---------------------------------------------------------
 SPIN    KPOINTS         PROCESSORS  NBASE       
 1       36              16          1408        
 ---------------------------------------------------------
 Use Systematically Improvable Atomic bases
 ---------------------------------------------------------
 ELEMENT ORBITALS        NBASE       NATOM       XC          
 Si      3s3p2d-9au      22          32          
 C       3s3p2d-9au      22          32          
 ---------------------------------------------------------
 Initial plane wave basis and FFT box
 ---------------------------------------------------------
--------------------------------- INITVEL DONE ------------------------------------
 -------------------------------------------
 STEP OF MOLECULAR DYNAMICS : 0
 -------------------------------------------
 START CHARGE      : atomic
 DONE(8.46446    SEC) : INIT SCF
 ITER   ETOT(eV)       EDIFF(eV)      DRHO       TIME(s)    
 GE1    -8.324844e+03  0.000000e+00   2.761e-01  8.569e+01  
 GE2    -8.345778e+03  -2.093414e+01  1.672e-01  7.989e+01  
 GE3    -8.364550e+03  -1.877164e+01  7.533e-02  7.998e+01  
 GE4    -8.394927e+03  -3.037733e+01  3.714e-02  7.999e+01  
 GE5    -8.394714e+03  2.133139e-01   1.754e-02  8.000e+01  
 GE6    -8.394832e+03  -1.183382e-01  1.148e-02  7.992e+01  
 GE7    -8.395148e+03  -3.160340e-01  4.086e-03  8.008e+01  
 GE8    -8.395193e+03  -4.467588e-02  1.541e-03  8.012e+01  
 GE9    -8.395194e+03  -1.217733e-03  7.441e-04  8.009e+01  
 GE10   -8.395195e+03  -1.217335e-03  5.283e-04  8.011e+01  
 GE11   -8.395196e+03  -8.363924e-04  1.777e-04  8.019e+01  
 GE12   -8.395196e+03  -1.142876e-04  1.077e-04  8.007e+01  
 GE13   -8.395196e+03  -2.926731e-05  1.508e-05  8.000e+01  
 GE14   -8.395196e+03  -5.308734e-08  1.131e-05  8.005e+01  
 GE15   -8.395196e+03  -3.973994e-07  7.437e-06  8.007e+01  
 GE16   -8.395196e+03  -1.101917e-07  3.457e-06  8.009e+01  
 GE17   -8.395196e+03  -4.100382e-08  1.025e-06  8.000e+01  
 GE18   -8.395196e+03  -1.658158e-09  3.616e-07  8.008e+01  
 ><><><><><><><><><><><><><><><><><><><><><><
 TOTAL-STRESS (KBAR):
 ><><><><><><><><><><><><><><><><><><><><><><
 1.369e+02      -5.734e+01     -7.494e+01     
 -5.734e+01     4.856e+01      2.735e+01      
 -7.494e+01     2.735e+01      1.385e+02      
 TOTAL-PRESSURE: 1.080e+02 KBAR
 ------------------------------------------------------------------------------------------------
 Energy              Potential           Kinetic             Temperature         Pressure (KBAR)     
 -3.085e+02          -3.085e+02          2.993e-03           1.000e+01           1.081e+02           
 ------------------------------------------------------------------------------------------------
 -------------------------------------------
 STEP OF MOLECULAR DYNAMICS : 1
 -------------------------------------------
 DONE(1.543e+03  SEC) : INIT SCF
 ITER   ETOT(eV)       EDIFF(eV)      DRHO       TIME(s)    
 GE1    -8.395374e+03  0.000000e+00   5.738e-04  8.573e+01  
 GE2    -8.395373e+03  9.927487e-04   5.579e-04  8.002e+01  
 GE3    -8.395374e+03  -1.185722e-03  5.098e-04  8.002e+01  
 GE4    -8.395375e+03  -7.067081e-04  8.991e-05  7.994e+01  
 GE5    -8.395375e+03  -1.219733e-05  4.979e-05  8.002e+01  
 GE6    -8.395375e+03  -7.069932e-06  2.896e-05  7.998e+01  
 GE7    -8.395375e+03  -2.536664e-06  1.365e-05  7.995e+01  
 GE8    -8.395375e+03  -5.140412e-07  2.426e-06  8.012e+01  
 GE9    -8.395375e+03  -1.774940e-08  1.218e-06  7.998e+01  
 GE10   -8.395375e+03  -1.059550e-09  5.028e-07  7.992e+01  
 ><><><><><><><><><><><><><><><><><><><><><><
 TOTAL-STRESS (KBAR):
 ><><><><><><><><><><><><><><><><><><><><><><
 1.366e+02      -5.640e+01     -7.438e+01     
 -5.640e+01     4.741e+01      2.636e+01      
 -7.438e+01     2.636e+01      1.383e+02      
 TOTAL-PRESSURE: 1.074e+02 KBAR
 ------------------------------------------------------------------------------------------------
 Energy              Potential           Kinetic             Temperature         Pressure (KBAR)     
 -3.085e+02          -3.085e+02          1.051e-02           3.512e+01           1.079e+02           
 ------------------------------------------------------------------------------------------------
 -------------------------------------------
 STEP OF MOLECULAR DYNAMICS : 2
 -------------------------------------------
 DONE(2.437e+03  SEC) : INIT SCF
 ITER   ETOT(eV)       EDIFF(eV)      DRHO       TIME(s)    
 GE1    -8.395843e+03  0.000000e+00   1.766e-03  8.585e+01  
 GE2    -8.395840e+03  3.647427e-03   1.238e-03  8.005e+01  
 GE3    -8.395844e+03  -4.169515e-03  1.272e-03  8.016e+01  
 GE4    -8.395849e+03  -4.656576e-03  2.560e-04  8.000e+01  
 GE5    -8.395849e+03  -1.327418e-04  1.486e-04  8.009e+01  
 GE6    -8.395849e+03  -6.127702e-05  6.618e-05  8.017e+01  
 GE7    -8.395849e+03  -1.118405e-05  3.229e-05  8.007e+01  
 GE8    -8.395849e+03  -3.653077e-06  7.540e-06  8.002e+01  
 GE9    -8.395849e+03  -1.636595e-07  2.746e-06  8.003e+01  
 GE10   -8.395849e+03  -1.540138e-08  1.008e-06  8.009e+01  
 GE11   -8.395849e+03  5.707651e-10   6.876e-07  8.004e+01  
 ><><><><><><><><><><><><><><><><><><><><><><
 TOTAL-STRESS (KBAR):
 ><><><><><><><><><><><><><><><><><><><><><><
 1.361e+02      -5.408e+01     -7.260e+01     
 -5.408e+01     4.439e+01      2.353e+01      
 -7.260e+01     2.353e+01      1.373e+02      
 TOTAL-PRESSURE: 1.059e+02 KBAR
 ------------------------------------------------------------------------------------------------
 Energy              Potential           Kinetic             Temperature         Pressure (KBAR)     
 -3.085e+02          -3.085e+02          2.308e-02           7.711e+01           1.070e+02           
 ------------------------------------------------------------------------------------------------
 -------------------------------------------
 STEP OF MOLECULAR DYNAMICS : 3
 -------------------------------------------
 DONE(3.412e+03  SEC) : INIT SCF
 ITER   ETOT(eV)       EDIFF(eV)      DRHO       TIME(s)    
 GE1    -8.396183e+03  0.000000e+00   2.110e-03  8.617e+01  
 GE2    -8.396183e+03  3.270535e-04   1.301e-03  8.032e+01  
 GE3    -8.396186e+03  -3.416539e-03  1.049e-03  8.024e+01  
 GE4    -8.396189e+03  -3.034909e-03  3.354e-04  8.030e+01  
 GE5    -8.396189e+03  -3.216575e-04  1.821e-04  8.032e+01  
 GE6    -8.396190e+03  -1.036599e-04  5.442e-05  8.028e+01  
 GE7    -8.396190e+03  -5.866718e-06  1.702e-05  8.027e+01  
 GE8    -8.396190e+03  -6.344804e-07  8.109e-06  8.026e+01  
 GE9    -8.396190e+03  -2.414073e-07  4.230e-06  8.024e+01  
 GE10   -8.396190e+03  -4.890018e-08  8.940e-07  8.027e+01  
 ><><><><><><><><><><><><><><><><><><><><><><
 TOTAL-STRESS (KBAR):
 ><><><><><><><><><><><><><><><><><><><><><><
 1.357e+02      -5.287e+01     -7.170e+01     
 -5.287e+01     4.220e+01      2.239e+01      
 -7.170e+01     2.239e+01      1.365e+02      
 TOTAL-PRESSURE: 1.048e+02 KBAR
 ------------------------------------------------------------------------------------------------
 Energy              Potential           Kinetic             Temperature         Pressure (KBAR)     
 -3.085e+02          -3.086e+02          3.025e-02           1.011e+02           1.062e+02           
 ------------------------------------------------------------------------------------------------
 -------------------------------------------
 STEP OF MOLECULAR DYNAMICS : 4
 -------------------------------------------
 DONE(4.309e+03  SEC) : INIT SCF
 ITER   ETOT(eV)       EDIFF(eV)      DRHO       TIME(s)    
 GE1    -8.396461e+03  0.000000e+00   2.329e-03  8.605e+01  
 GE2    -8.396454e+03  7.538579e-03   1.664e-03  8.037e+01  
 GE3    -8.396463e+03  -8.814860e-03  1.681e-03  8.023e+01  
 GE4    -8.396470e+03  -7.580393e-03  3.044e-04  8.026e+01  
 GE5    -8.396470e+03  -1.544333e-04  1.572e-04  8.014e+01  
 GE6    -8.396470e+03  -6.026695e-05  8.170e-05  8.027e+01  
 GE7    -8.396470e+03  -1.766935e-05  3.719e-05  8.030e+01  
 GE8    -8.396470e+03  -4.694569e-06  9.815e-06  8.040e+01  
 GE9    -8.396470e+03  -2.643307e-07  3.335e-06  8.034e+01  
 GE10   -8.396470e+03  -2.609123e-08  1.701e-06  8.025e+01  
 GE11   -8.396470e+03  -4.652741e-09  8.459e-07  8.023e+01  
 ><><><><><><><><><><><><><><><><><><><><><><
 TOTAL-STRESS (KBAR):
 ><><><><><><><><><><><><><><><><><><><><><><
 1.355e+02      -5.190e+01     -7.099e+01     
 -5.190e+01     4.014e+01      2.053e+01      
 -7.099e+01     2.053e+01      1.365e+02      
 TOTAL-PRESSURE: 1.040e+02 KBAR
 ------------------------------------------------------------------------------------------------
 Energy              Potential           Kinetic             Temperature         Pressure (KBAR)     
 -3.085e+02          -3.086e+02          4.217e-02           1.409e+02           1.059e+02           
 ------------------------------------------------------------------------------------------------
 -------------------------------------------
 STEP OF MOLECULAR DYNAMICS : 5
 -------------------------------------------
 DONE(5.285e+03  SEC) : INIT SCF
 ITER   ETOT(eV)       EDIFF(eV)      DRHO       TIME(s)    
 GE1    -8.396820e+03  0.000000e+00   2.764e-03  8.606e+01  
 GE2    -8.396819e+03  1.284063e-03   1.678e-03  7.993e+01  
 GE3    -8.396825e+03  -5.937297e-03  1.515e-03  8.005e+01  
 GE4    -8.396831e+03  -6.012255e-03  4.400e-04  8.003e+01  
 GE5    -8.396831e+03  -6.236021e-04  2.800e-04  8.009e+01  
 GE6    -8.396832e+03  -2.324876e-04  8.293e-05  8.003e+01  
 GE7    -8.396832e+03  -1.464391e-05  4.394e-05  7.996e+01  
 GE8    -8.396832e+03  -6.407487e-06  1.255e-05  8.010e+01  
 GE9    -8.396832e+03  -5.224573e-07  4.379e-06  8.010e+01  
 GE10   -8.396832e+03  -4.787775e-08  1.369e-06  8.017e+01  
 GE11   -8.396832e+03  6.805871e-10   8.621e-07  8.009e+01  
 ><><><><><><><><><><><><><><><><><><><><><><
 TOTAL-STRESS (KBAR):
 ><><><><><><><><><><><><><><><><><><><><><><
 1.348e+02      -4.972e+01     -6.914e+01     
 -4.972e+01     3.746e+01      1.747e+01      
 -6.914e+01     1.747e+01      1.362e+02      
 TOTAL-PRESSURE: 1.028e+02 KBAR
 ------------------------------------------------------------------------------------------------
 Energy              Potential           Kinetic             Temperature         Pressure (KBAR)     
 -3.085e+02          -3.086e+02          4.091e-02           1.367e+02           1.046e+02           
 ------------------------------------------------------------------------------------------------
 -------------------------------------------
 STEP OF MOLECULAR DYNAMICS : 6
 -------------------------------------------
 DONE(6.261e+03  SEC) : INIT SCF
 ITER   ETOT(eV)       EDIFF(eV)      DRHO       TIME(s)    
 GE1    -8.396977e+03  0.000000e+00   2.926e-03  8.590e+01  
 GE2    -8.396975e+03  2.087402e-03   1.688e-03  8.016e+01  
 GE3    -8.396981e+03  -6.250484e-03  1.579e-03  8.024e+01  
 GE4    -8.396988e+03  -6.983633e-03  4.218e-04  8.027e+01  
 GE5    -8.396989e+03  -4.652379e-04  2.445e-04  8.015e+01  
 GE6    -8.396989e+03  -1.681344e-04  8.176e-05  8.005e+01  
 GE7    -8.396989e+03  -1.448923e-05  2.897e-05  8.023e+01  
 GE8    -8.396989e+03  -2.376754e-06  1.228e-05  8.013e+01  
 GE9    -8.396989e+03  -5.306259e-07  4.797e-06  8.020e+01  
 GE10   -8.396989e+03  -6.483675e-08  1.209e-06  8.013e+01  
 GE11   -8.396989e+03  -1.641143e-09  5.641e-07  8.008e+01  
 ><><><><><><><><><><><><><><><><><><><><><><
 TOTAL-STRESS (KBAR):
 ><><><><><><><><><><><><><><><><><><><><><><
 1.340e+02      -4.815e+01     -6.915e+01     
 -4.815e+01     3.647e+01      1.682e+01      
 -6.915e+01     1.682e+01      1.365e+02      
 TOTAL-PRESSURE: 1.023e+02 KBAR
 ------------------------------------------------------------------------------------------------
 Energy              Potential           Kinetic             Temperature         Pressure (KBAR)     
 -3.085e+02          -3.086e+02          5.513e-02           1.842e+02           1.048e+02           
 ------------------------------------------------------------------------------------------------
 -------------------------------------------
 STEP OF MOLECULAR DYNAMICS : 7
 -------------------------------------------
 DONE(7.236e+03  SEC) : INIT SCF
 ITER   ETOT(eV)       EDIFF(eV)      DRHO       TIME(s)    
 GE1    -8.397188e+03  0.000000e+00   3.312e-03  8.598e+01  
 GE2    -8.397187e+03  1.201214e-03   2.036e-03  8.007e+01  
 GE3    -8.397196e+03  -9.811526e-03  1.718e-03  8.020e+01  
 GE4    -8.397203e+03  -7.018085e-03  4.323e-04  8.006e+01  
 GE5    -8.397204e+03  -4.592891e-04  3.138e-04  8.005e+01  
 GE6    -8.397204e+03  -3.301660e-04  1.035e-04  8.018e+01  
 GE7    -8.397204e+03  -2.447050e-05  4.187e-05  8.005e+01  
 GE8    -8.397204e+03  -6.203834e-06  1.846e-05  8.004e+01  
 GE9    -8.397204e+03  -1.067937e-06  4.983e-06  7.992e+01  
 GE10   -8.397204e+03  -5.568285e-08  1.550e-06  8.024e+01  
 GE11   -8.397204e+03  -6.078880e-09  1.059e-06  8.089e+01  
 GE12   -8.397204e+03  -2.737816e-09  3.524e-07  8.065e+01  
 ><><><><><><><><><><><><><><><><><><><><><><
 TOTAL-STRESS (KBAR):
 ><><><><><><><><><><><><><><><><><><><><><><
 1.326e+02      -4.541e+01     -6.774e+01     
 -4.541e+01     3.505e+01      1.491e+01      
 -6.774e+01     1.491e+01      1.372e+02      
 TOTAL-PRESSURE: 1.016e+02 KBAR
 ------------------------------------------------------------------------------------------------
 Energy              Potential           Kinetic             Temperature         Pressure (KBAR)     
 -3.085e+02          -3.086e+02          7.070e-02           2.362e+02           1.048e+02           
 ------------------------------------------------------------------------------------------------
 -------------------------------------------
 STEP OF MOLECULAR DYNAMICS : 8
 -------------------------------------------
 DONE(8.294e+03  SEC) : INIT SCF
 ITER   ETOT(eV)       EDIFF(eV)      DRHO       TIME(s)    
 GE1    -8.397402e+03  0.000000e+00   3.774e-03  8.664e+01  
 GE2    -8.397399e+03  3.020586e-03   2.227e-03  8.060e+01  
 GE3    -8.397407e+03  -8.382895e-03  1.978e-03  8.026e+01  
 GE4    -8.397420e+03  -1.272515e-02  6.411e-04  8.021e+01  
 GE5    -8.397421e+03  -1.185981e-03  3.099e-04  8.011e+01  
 GE6    -8.397421e+03  -3.123864e-04  1.269e-04  8.019e+01  
 GE7    -8.397421e+03  -3.713783e-05  5.141e-05  8.008e+01  
 GE8    -8.397421e+03  -9.322360e-06  1.791e-05  8.010e+01  
 GE9    -8.397421e+03  -1.001170e-06  6.423e-06  8.012e+01  
 GE10   -8.397421e+03  -8.188390e-08  1.710e-06  8.012e+01  
 GE11   -8.397421e+03  -6.714610e-09  1.125e-06  8.015e+01  
 GE12   -8.397421e+03  -2.660477e-09  4.693e-07  8.016e+01  
 ><><><><><><><><><><><><><><><><><><><><><><
 TOTAL-STRESS (KBAR):
 ><><><><><><><><><><><><><><><><><><><><><><
 1.325e+02      -4.417e+01     -6.716e+01     
 -4.417e+01     3.404e+01      1.380e+01      
 -6.716e+01     1.380e+01      1.369e+02      
 TOTAL-PRESSURE: 1.011e+02 KBAR
 ------------------------------------------------------------------------------------------------
 Energy              Potential           Kinetic             Temperature         Pressure (KBAR)     
 -3.085e+02          -3.086e+02          8.091e-02           2.704e+02           1.047e+02           
 ------------------------------------------------------------------------------------------------
 -------------------------------------------
 STEP OF MOLECULAR DYNAMICS : 9
 -------------------------------------------
 DONE(9.351e+03  SEC) : INIT SCF
 ITER   ETOT(eV)       EDIFF(eV)      DRHO       TIME(s)    
 GE1    -8.397436e+03  0.000000e+00   4.033e-03  8.619e+01  
 GE2    -8.397425e+03  1.025040e-02   2.950e-03  8.018e+01  
 GE3    -8.397447e+03  -2.204111e-02  2.494e-03  8.024e+01  
 GE4    -8.397464e+03  -1.635043e-02  6.177e-04  8.015e+01  
 GE5    -8.397465e+03  -9.984832e-04  3.568e-04  8.020e+01  
 GE6    -8.397465e+03  -3.641655e-04  1.122e-04  8.032e+01  
 GE7    -8.397465e+03  -2.310276e-05  3.736e-05  8.018e+01  
 GE8    -8.397465e+03  -3.683221e-06  2.013e-05  8.030e+01  
 GE9    -8.397465e+03  -1.480626e-06  7.978e-06  8.044e+01  
 GE10   -8.397465e+03  -1.652852e-07  1.783e-06  8.031e+01  
 GE11   -8.397465e+03  -7.452428e-09  1.237e-06  8.030e+01  
 GE12   -8.397465e+03  -1.710748e-09  5.907e-07  8.018e+01  
 ><><><><><><><><><><><><><><><><><><><><><><
 TOTAL-STRESS (KBAR):
 ><><><><><><><><><><><><><><><><><><><><><><
 1.321e+02      -4.337e+01     -6.821e+01     
 -4.337e+01     3.392e+01      1.494e+01      
 -6.821e+01     1.494e+01      1.371e+02      
 TOTAL-PRESSURE: 1.011e+02 KBAR
 ------------------------------------------------------------------------------------------------
 Energy              Potential           Kinetic             Temperature         Pressure (KBAR)     
 -3.085e+02          -3.086e+02          7.611e-02           2.543e+02           1.044e+02           
 ------------------------------------------------------------------------------------------------
 -------------------------------------------
 STEP OF MOLECULAR DYNAMICS : 10
 -------------------------------------------
 DONE(1.041e+04  SEC) : INIT SCF
 ITER   ETOT(eV)       EDIFF(eV)      DRHO       TIME(s)    
 GE1    -8.397600e+03  0.000000e+00   3.806e-03  8.622e+01  
 GE2    -8.397594e+03  5.773847e-03   2.372e-03  8.015e+01  
 GE3    -8.397606e+03  -1.196818e-02  2.258e-03  8.022e+01  
 GE4    -8.397620e+03  -1.396915e-02  5.293e-04  8.024e+01  
 GE5    -8.397621e+03  -7.626397e-04  3.120e-04  8.023e+01  
 GE6    -8.397621e+03  -3.269458e-04  1.163e-04  8.018e+01  
 GE7    -8.397621e+03  -2.983823e-05  4.672e-05  8.014e+01  
 GE8    -8.397621e+03  -8.019416e-06  1.963e-05  8.030e+01  
 GE9    -8.397621e+03  -1.261049e-06  6.073e-06  8.034e+01  
 GE10   -8.397621e+03  -8.762868e-08  1.710e-06  8.023e+01  
 GE11   -8.397621e+03  -1.624128e-09  7.995e-07  8.027e+01  
 ><><><><><><><><><><><><><><><><><><><><><><
 TOTAL-STRESS (KBAR):
 ><><><><><><><><><><><><><><><><><><><><><><
 1.321e+02      -4.146e+01     -6.568e+01     
 -4.146e+01     3.205e+01      1.169e+01      
 -6.568e+01     1.169e+01      1.375e+02      
 TOTAL-PRESSURE: 1.005e+02 KBAR
 ------------------------------------------------------------------------------------------------
 Energy              Potential           Kinetic             Temperature         Pressure (KBAR)     
 -3.085e+02          -3.086e+02          8.670e-02           2.897e+02           1.044e+02           
 ------------------------------------------------------------------------------------------------

  |CLASS_NAME---------|NAME---------------|TIME(Sec)-----|CALLS----|AVG------|PER%-------
                       total               11382          27        4.2e+02   1e+02     %
   Driver              driver_line         11382          1         1.1e+04   1e+02     %
   PW_Basis            setup_struc_factor  0.86571        11        0.079     0.0076    %
   ORB_control         read_orb_first      0.14436        1         0.14      0.0013    %
   LCAO_Orbitals       Read_Orbitals       0.14436        1         0.14      0.0013    %
   ORB_control         set_orb_tables      6.3298         1         6.3       0.056     %
   ORB_gen_tables      gen_tables          6.3298         1         6.3       0.056     %
   ORB_table_phi       init_Table          4.9801         1         5         0.044     %
   ORB_table_phi       cal_ST_Phi12_R      4.9525         558       0.0089    0.044     %
   ORB_table_beta      init_Table_Beta     1.1604         1         1.2       0.01      %
   ORB_table_beta      VNL_PhiBeta_R       1.1545         168       0.0069    0.01      %
   ppcell_vl           init_vloc           0.22675        1         0.23      0.002     %
   Run_MD              md_line             11375          1         1.1e+04   1e+02     %
   Langevin            setup               1533.7         1         1.5e+03   13        %
   MD_func             force_virial        11375          11        1e+03     1e+02     %
   ESolver_KS_LCAO     Run                 10427          11        9.5e+02   92        %
   ESolver_KS_LCAO     beforescf           22.38          11        2         0.2       %
   ESolver_KS_LCAO     beforesolver        6.6881         11        0.61      0.059     %
   ESolver_KS_LCAO     set_matrix_grid     4.3798         11        0.4       0.038     %
   Grid_Technique      init                1.7374         11        0.16      0.015     %
   Grid_BigCell        grid_expansion_index0.59845        22        0.027     0.0053    %
   Record_adj          for_2d              2.3813         11        0.22      0.021     %
   Grid_Driver         Find_atom           17.727         621504    2.9e-05   0.16      %
   Charge              atomic_rho          13.478         21        0.64      0.12      %
   PW_Basis            recip2real          3.2803         765       0.0043    0.029     %
   PW_Basis            gathers_scatterp    2.4896         765       0.0033    0.022     %
   Potential           init_pot            0.70538        11        0.064     0.0062    %
   Potential           update_from_charge  8.4399         140       0.06      0.074     %
   Potential           cal_v_eff           8.3989         140       0.06      0.074     %
   H_Hartree_pw        v_hartree           0.86575        140       0.0062    0.0076    %
   PW_Basis            real2recip          2.9162         1164      0.0025    0.026     %
   PW_Basis            gatherp_scatters    1.6765         1164      0.0014    0.015     %
   PotXC               cal_v_eff           7.4715         140       0.053     0.066     %
   XC_Functional       v_xc                7.4351         140       0.053     0.065     %
   HSolverLCAO         solve               10392          129       81        91        %
   HamiltLCAO          updateHk            3950.3         4644      0.85      35        %
   OperatorLCAO        init                3240.7         9288      0.35      28        %
   Veff                contributeHk        3238.9         4644      0.7       28        %
   Gint_interface      cal_gint            3783.1         269       14        33        %
   Gint_interface      cal_gint_vlocal     1839.9         129       14        16        %
   Gint_k              folding_vl_k        1399           4644      0.3       12        %
   Gint_k              Distri              1129.3         4644      0.24      9.9       %
   Overlap             contributeHR        4.5108         11        0.41      0.04      %
   LCAO_gen_fixedH     calculate_S_no      4.5108         11        0.41      0.04      %
   Ekin<LCAO>          contributeHR        4.5928         11        0.42      0.04      %
   Nonlocal<LCAO>      contributeHR        48.337         11        4.4       0.42      %
   LCAO_gen_fixedH     build_Nonlocal_mu_new155.97         22        7.1       1.4       %
   ORB_gen_tables      snap_psibeta_half   3.3237         1164423   2.9e-06   0.029     %
   OperatorLCAO        folding_fixed       652.14         4644      0.14      5.7       %
   LCAO_nnr            folding_fixedH      646.15         4644      0.14      5.7       %
   HSolverLCAO         hamiltSolvePsiK     1504.6         4644      0.32      13        %
   DiagoElpa           elpa_solve          1490.3         4644      0.32      13        %
   ElecStateLCAO       psiToRho            4937           129       38        43        %
   elecstate           cal_dm              126.71         140       0.91      1.1       %
   psiMulPsiMpi        pdgemm              123.32         5040      0.024     1.1       %
    Local_Orbital_wfc  wfc_2d_to_grid      24.873         4644      0.0054    0.22      %
   LCAO_Charge         cal_dk_k            2494.2         129       19        22        %
   Record_adj          for_grid            0.70722        129       0.0055    0.0062    %
   Gint_interface      cal_gint_rho        1556.6         129       12        14        %
   Charge              mix_rho             1.0662         118       0.009     0.0094    %
   Force_Stress_LCAO   getForceStress      947.76         11        86        8.3       %
   Forces              cal_force_loc       0.70403        11        0.064     0.0062    %
   Forces              cal_force_ew        0.71011        11        0.065     0.0062    %
   Forces              cal_force_scc       6.6962         11        0.61      0.059     %
   Stress_Func         stress_loc          5.8859         11        0.54      0.052     %
   Stress_Func         stress_ewa          0.3407         11        0.031     0.003     %
   Stress_Func         stress_gga          0.34702        11        0.032     0.003     %
   Force_LCAO_k        ftable_k            933.02         11        85        8.2       %
   Force_LCAO_k        allocate_k          136.92         11        12        1.2       %
   Force_LCAO_k        cal_foverlap_k      26.348         11        2.4       0.23      %
   Force_LCAO_k        cal_edm_2d          25.479         11        2.3       0.22      %
   Local_Orbital_Chargecal_dm_R            11.616         22        0.53      0.1       %
   Force_LCAO_k        cal_ftvnl_dphi_k    0.25544        11        0.023     0.0022    %
   Force_LCAO_k        cal_fvl_dphi_k      386.64         11        35        3.4       %
   Gint_interface      cal_gint_force      386.64         11        35        3.4       %
   Force_LCAO_k        cal_fvnl_dbeta_k_new289.75         11        26        2.5       %
 ----------------------------------------------------------------------------------------

 START  Time  : Fri Feb  3 19:46:30 2023
 FINISH Time  : Fri Feb  3 22:56:13 2023
 TOTAL  Time  : 1.1e+04
 SEE INFORMATION IN : OUT.ABACUS/
