WARNING: Total thread number on this node mismatches with hardware availability. This may cause poor performance.
Info: Local MPI proc number: 16,OpenMP thread number: 1,Total thread number: 16,Local thread limit: 32
 *********************************************************
 *                                                       *
 *                  WELCOME TO ABACUS v3.0               *
 *                                                       *
 *            'Atomic-orbital Based Ab-initio            *
 *                  Computation at UStc'                 *
 *                                                       *
 *          Website: http://abacus.ustc.edu.cn/          *
 *                                                       *
 *********************************************************
 Mon May 22 14:16:31 2023
 MAKE THE DIR         : OUT.ABACUS/
 MAKE THE STRU DIR    : OUT.ABACUS/STRU/
 UNIFORM GRID DIM     : 120 * 120 * 128
 UNIFORM GRID DIM(BIG): 60 * 60 * 64
 DONE(0.0852341  SEC) : SETUP UNITCELL
 DONE(0.0923017  SEC) : INIT K-POINTS
 ---------------------------------------------------------
 Molecular Dynamics simulations
 ---------------------------------------------------------
 ENSEMBLE                 : Langevin
 Time interval(fs)        : 1
 ---------------------------------------------------------
 SPIN    KPOINTS         PROCESSORS  NBASE       
 1       36              16          1584        
 ---------------------------------------------------------
 Use Systematically Improvable Atomic bases
 ---------------------------------------------------------
 ELEMENT ORBITALS        NBASE       NATOM       XC          
 Si      3s3p2d-9au      22          36          
 C       3s3p2d-9au      22          36          
 ---------------------------------------------------------
 Initial plane wave basis and FFT box
 ---------------------------------------------------------
--------------------------------- INITVEL DONE ------------------------------------
 -------------------------------------------
 STEP OF MOLECULAR DYNAMICS : 0
 -------------------------------------------
 START CHARGE      : atomic
 DONE(9.47862    SEC) : INIT SCF
 ITER   ETOT(eV)       EDIFF(eV)      DRHO       TIME(s)    
 GE1    -9.382014e+03  0.000000e+00   2.700e-01  1.055e+02  
 GE2    -9.435662e+03  -5.364831e+01  1.548e-01  1.001e+02  
 GE3    -9.449717e+03  -1.405484e+01  2.787e-02  1.001e+02  
 GE4    -9.442016e+03  7.701298e+00   5.402e-02  1.004e+02  
 GE5    -9.453227e+03  -1.121182e+01  8.792e-03  1.001e+02  
 GE6    -9.453468e+03  -2.409327e-01  3.889e-03  1.002e+02  
 GE7    -9.453505e+03  -3.672138e-02  1.551e-03  1.002e+02  
 GE8    -9.453512e+03  -6.958670e-03  8.303e-04  1.002e+02  
 GE9    -9.453512e+03  4.584671e-04   7.668e-04  1.002e+02  
 GE10   -9.453513e+03  -1.327790e-03  2.656e-04  1.003e+02  
 GE11   -9.453513e+03  -1.815423e-04  7.544e-05  1.002e+02  
 GE12   -9.453513e+03  -2.088534e-05  3.420e-05  1.008e+02  
 GE13   -9.453513e+03  -1.367895e-06  1.589e-05  1.007e+02  
 GE14   -9.453513e+03  -8.682667e-07  6.699e-06  1.007e+02  
 GE15   -9.453513e+03  -1.270811e-07  3.448e-06  1.008e+02  
 GE16   -9.453513e+03  -2.357770e-08  1.968e-06  1.007e+02  
 GE17   -9.453513e+03  -3.514304e-09  9.022e-07  1.003e+02  
 ><><><><><><><><><><><><><><><><><><><><><><
 TOTAL-STRESS (KBAR):
 ><><><><><><><><><><><><><><><><><><><><><><
 -9.446e+01     2.004e+01      3.358e+01      
 2.004e+01      2.877e+01      -2.516e+01     
 3.358e+01      -2.516e+01     -9.507e+01     
 TOTAL-PRESSURE: -5.359e+01 KBAR
 ------------------------------------------------------------------------------------------------
 Energy              Potential           Kinetic             Temperature         Pressure (KBAR)     
 -3.474e+02          -3.474e+02          3.373e-03           1.000e+01           -5.346e+01          
 ------------------------------------------------------------------------------------------------
 -------------------------------------------
 STEP OF MOLECULAR DYNAMICS : 1
 -------------------------------------------
 DONE(1.817e+03  SEC) : INIT SCF
 ITER   ETOT(eV)       EDIFF(eV)      DRHO       TIME(s)    
 GE1    -9.453538e+03  0.000000e+00   4.397e-04  1.051e+02  
 GE2    -9.453538e+03  2.239865e-05   2.296e-04  9.966e+01  
 GE3    -9.453538e+03  -8.725974e-05  2.353e-04  9.969e+01  
 GE4    -9.453538e+03  -1.616589e-04  6.036e-05  9.964e+01  
 GE5    -9.453538e+03  -9.069616e-06  4.629e-05  9.975e+01  
 GE6    -9.453538e+03  -8.553593e-06  1.704e-05  1.000e+02  
 GE7    -9.453538e+03  -9.371777e-07  5.647e-06  9.977e+01  
 GE8    -9.453538e+03  -9.733323e-08  1.594e-06  9.973e+01  
 GE9    -9.453538e+03  1.918018e-10   9.116e-07  9.976e+01  
 ><><><><><><><><><><><><><><><><><><><><><><
 TOTAL-STRESS (KBAR):
 ><><><><><><><><><><><><><><><><><><><><><><
 -9.438e+01     2.018e+01      3.353e+01      
 2.018e+01      2.832e+01      -2.510e+01     
 3.353e+01      -2.510e+01     -9.506e+01     
 TOTAL-PRESSURE: -5.370e+01 KBAR
 ------------------------------------------------------------------------------------------------
 Energy              Potential           Kinetic             Temperature         Pressure (KBAR)     
 -3.474e+02          -3.474e+02          7.655e-03           2.270e+01           -5.342e+01          
 ------------------------------------------------------------------------------------------------
 -------------------------------------------
 STEP OF MOLECULAR DYNAMICS : 2
 -------------------------------------------
 DONE(2.817e+03  SEC) : INIT SCF
 ITER   ETOT(eV)       EDIFF(eV)      DRHO       TIME(s)    
 GE1    -9.453579e+03  0.000000e+00   1.525e-03  1.053e+02  
 GE2    -9.453578e+03  9.808760e-04   9.936e-04  9.945e+01  
 GE3    -9.453580e+03  -2.447416e-03  8.707e-04  9.939e+01  
 GE4    -9.453582e+03  -2.169197e-03  2.477e-04  9.953e+01  
 GE5    -9.453582e+03  -1.896829e-04  1.719e-04  9.952e+01  
 GE6    -9.453583e+03  -1.059024e-04  5.852e-05  9.941e+01  
 GE7    -9.453583e+03  -1.075673e-05  2.575e-05  9.922e+01  
 GE8    -9.453583e+03  -2.042944e-06  5.190e-06  9.948e+01  
 GE9    -9.453583e+03  -6.254595e-08  2.520e-06  9.954e+01  
 GE10   -9.453583e+03  -1.918791e-08  1.288e-06  9.943e+01  
 GE11   -9.453583e+03  -4.066508e-09  5.301e-07  1.000e+02  
 ><><><><><><><><><><><><><><><><><><><><><><
 TOTAL-STRESS (KBAR):
 ><><><><><><><><><><><><><><><><><><><><><><
 -9.432e+01     2.065e+01      3.323e+01      
 2.065e+01      2.763e+01      -2.516e+01     
 3.323e+01      -2.516e+01     -9.515e+01     
 TOTAL-PRESSURE: -5.395e+01 KBAR
 ------------------------------------------------------------------------------------------------
 Energy              Potential           Kinetic             Temperature         Pressure (KBAR)     
 -3.474e+02          -3.474e+02          2.030e-02           6.018e+01           -5.320e+01          
 ------------------------------------------------------------------------------------------------
 -------------------------------------------
 STEP OF MOLECULAR DYNAMICS : 3
 -------------------------------------------
 DONE(4.014e+03  SEC) : INIT SCF
 ITER   ETOT(eV)       EDIFF(eV)      DRHO       TIME(s)    
 GE1    -9.453621e+03  0.000000e+00   1.884e-03  1.057e+02  
 GE2    -9.453619e+03  2.607672e-03   1.275e-03  9.962e+01  
 GE3    -9.453622e+03  -3.467127e-03  1.211e-03  9.966e+01  
 GE4    -9.453627e+03  -4.661553e-03  3.434e-04  9.965e+01  
 GE5    -9.453627e+03  -3.688215e-04  2.024e-04  9.990e+01  
 GE6    -9.453627e+03  -1.455107e-04  7.001e-05  9.997e+01  
 GE7    -9.453627e+03  -1.516648e-05  2.919e-05  9.951e+01  
 GE8    -9.453627e+03  -2.646081e-06  6.520e-06  9.987e+01  
 GE9    -9.453627e+03  -1.152868e-07  2.819e-06  9.958e+01  
 GE10   -9.453627e+03  -2.559317e-08  1.498e-06  9.960e+01  
 GE11   -9.453627e+03  -4.742454e-09  6.707e-07  9.967e+01  
 ><><><><><><><><><><><><><><><><><><><><><><
 TOTAL-STRESS (KBAR):
 ><><><><><><><><><><><><><><><><><><><><><><
 -9.349e+01     2.134e+01      3.297e+01      
 2.134e+01      2.591e+01      -2.460e+01     
 3.297e+01      -2.460e+01     -9.514e+01     
 TOTAL-PRESSURE: -5.424e+01 KBAR
 ------------------------------------------------------------------------------------------------
 Energy              Potential           Kinetic             Temperature         Pressure (KBAR)     
 -3.474e+02          -3.474e+02          2.573e-02           7.628e+01           -5.329e+01          
 ------------------------------------------------------------------------------------------------
 -------------------------------------------
 STEP OF MOLECULAR DYNAMICS : 4
 -------------------------------------------
 DONE(5.213e+03  SEC) : INIT SCF
 ITER   ETOT(eV)       EDIFF(eV)      DRHO       TIME(s)    
 GE1    -9.453664e+03  0.000000e+00   2.413e-03  1.053e+02  
 GE2    -9.453663e+03  1.200881e-03   1.411e-03  9.955e+01  
 GE3    -9.453667e+03  -4.471017e-03  1.313e-03  9.951e+01  
 GE4    -9.453672e+03  -4.836378e-03  3.302e-04  9.978e+01  
 GE5    -9.453672e+03  -2.571391e-04  2.281e-04  9.947e+01  
 GE6    -9.453672e+03  -2.150339e-04  9.970e-05  9.956e+01  
 GE7    -9.453673e+03  -3.531360e-05  3.832e-05  9.975e+01  
 GE8    -9.453673e+03  -4.602475e-06  8.200e-06  9.976e+01  
 GE9    -9.453673e+03  -1.737539e-07  5.165e-06  9.952e+01  
 GE10   -9.453673e+03  -1.042644e-07  1.888e-06  9.977e+01  
 GE11   -9.453673e+03  -9.803547e-09  7.518e-07  9.966e+01  
 ><><><><><><><><><><><><><><><><><><><><><><
 TOTAL-STRESS (KBAR):
 ><><><><><><><><><><><><><><><><><><><><><><
 -9.376e+01     2.181e+01      3.307e+01      
 2.181e+01      2.633e+01      -2.452e+01     
 3.307e+01      -2.452e+01     -9.558e+01     
 TOTAL-PRESSURE: -5.434e+01 KBAR
 ------------------------------------------------------------------------------------------------
 Energy              Potential           Kinetic             Temperature         Pressure (KBAR)     
 -3.474e+02          -3.474e+02          4.147e-02           1.230e+02           -5.280e+01          
 ------------------------------------------------------------------------------------------------
 -------------------------------------------
 STEP OF MOLECULAR DYNAMICS : 5
 -------------------------------------------
 DONE(6.411e+03  SEC) : INIT SCF
 ITER   ETOT(eV)       EDIFF(eV)      DRHO       TIME(s)    
 GE1    -9.453748e+03  0.000000e+00   2.663e-03  1.053e+02  
 GE2    -9.453744e+03  4.053010e-03   1.642e-03  9.976e+01  
 GE3    -9.453751e+03  -6.347174e-03  1.622e-03  9.953e+01  
 GE4    -9.453759e+03  -7.954572e-03  3.786e-04  9.978e+01  
 GE5    -9.453759e+03  -3.226096e-04  2.695e-04  1.000e+02  
 GE6    -9.453759e+03  -2.981736e-04  1.145e-04  9.973e+01  
 GE7    -9.453759e+03  -4.373866e-05  4.027e-05  9.962e+01  
 GE8    -9.453759e+03  -5.070598e-06  8.283e-06  9.981e+01  
 GE9    -9.453759e+03  -1.825613e-07  6.267e-06  9.989e+01  
 GE10   -9.453759e+03  -1.613332e-07  2.064e-06  9.997e+01  
 GE11   -9.453759e+03  -1.218715e-08  6.730e-07  9.982e+01  
 ><><><><><><><><><><><><><><><><><><><><><><
 TOTAL-STRESS (KBAR):
 ><><><><><><><><><><><><><><><><><><><><><><
 -9.303e+01     2.252e+01      3.292e+01      
 2.252e+01      2.417e+01      -2.441e+01     
 3.292e+01      -2.441e+01     -9.529e+01     
 TOTAL-PRESSURE: -5.472e+01 KBAR
 ------------------------------------------------------------------------------------------------
 Energy              Potential           Kinetic             Temperature         Pressure (KBAR)     
 -3.474e+02          -3.474e+02          4.659e-02           1.381e+02           -5.300e+01          
 ------------------------------------------------------------------------------------------------
 -------------------------------------------
 STEP OF MOLECULAR DYNAMICS : 6
 -------------------------------------------
 DONE(7.610e+03  SEC) : INIT SCF
 ITER   ETOT(eV)       EDIFF(eV)      DRHO       TIME(s)    
 GE1    -9.453764e+03  0.000000e+00   2.697e-03  1.052e+02  
 GE2    -9.453765e+03  -6.367444e-04  1.552e-03  9.951e+01  
 GE3    -9.453770e+03  -4.967454e-03  1.289e-03  9.966e+01  
 GE4    -9.453774e+03  -4.309988e-03  3.402e-04  9.956e+01  
 GE5    -9.453774e+03  -2.265394e-04  2.167e-04  9.968e+01  
 GE6    -9.453775e+03  -1.683127e-04  1.046e-04  9.980e+01  
 GE7    -9.453775e+03  -3.718524e-05  3.833e-05  9.988e+01  
 GE8    -9.453775e+03  -6.037960e-06  9.557e-06  9.968e+01  
 GE9    -9.453775e+03  -2.398482e-07  3.565e-06  9.975e+01  
 GE10   -9.453775e+03  -3.660630e-08  1.809e-06  9.971e+01  
 GE11   -9.453775e+03  -6.145392e-09  8.486e-07  9.967e+01  
 ><><><><><><><><><><><><><><><><><><><><><><
 TOTAL-STRESS (KBAR):
 ><><><><><><><><><><><><><><><><><><><><><><
 -9.313e+01     2.302e+01      3.311e+01      
 2.302e+01      2.392e+01      -2.429e+01     
 3.311e+01      -2.429e+01     -9.507e+01     
 TOTAL-PRESSURE: -5.476e+01 KBAR
 ------------------------------------------------------------------------------------------------
 Energy              Potential           Kinetic             Temperature         Pressure (KBAR)     
 -3.474e+02          -3.474e+02          6.365e-02           1.887e+02           -5.240e+01          
 ------------------------------------------------------------------------------------------------
 -------------------------------------------
 STEP OF MOLECULAR DYNAMICS : 7
 -------------------------------------------
 DONE(8.809e+03  SEC) : INIT SCF
 ITER   ETOT(eV)       EDIFF(eV)      DRHO       TIME(s)    
 GE1    -9.453710e+03  0.000000e+00   3.303e-03  1.058e+02  
 GE2    -9.453704e+03  5.949113e-03   1.922e-03  9.996e+01  
 GE3    -9.453712e+03  -8.753435e-03  1.904e-03  9.960e+01  
 GE4    -9.453724e+03  -1.187085e-02  4.652e-04  9.974e+01  
 GE5    -9.453725e+03  -5.745402e-04  3.379e-04  9.980e+01  
 GE6    -9.453725e+03  -4.347372e-04  1.316e-04  9.990e+01  
 GE7    -9.453725e+03  -5.576241e-05  4.623e-05  9.975e+01  
 GE8    -9.453725e+03  -7.031199e-06  1.193e-05  9.995e+01  
 GE9    -9.453725e+03  -3.662456e-07  7.146e-06  9.980e+01  
 GE10   -9.453725e+03  -2.096255e-07  2.525e-06  9.981e+01  
 GE11   -9.453725e+03  -1.862024e-08  8.939e-07  9.968e+01  
 ><><><><><><><><><><><><><><><><><><><><><><
 TOTAL-STRESS (KBAR):
 ><><><><><><><><><><><><><><><><><><><><><><
 -9.329e+01     2.432e+01      3.356e+01      
 2.432e+01      2.465e+01      -2.477e+01     
 3.356e+01      -2.477e+01     -9.439e+01     
 TOTAL-PRESSURE: -5.434e+01 KBAR
 ------------------------------------------------------------------------------------------------
 Energy              Potential           Kinetic             Temperature         Pressure (KBAR)     
 -3.473e+02          -3.474e+02          7.796e-02           2.312e+02           -5.146e+01          
 ------------------------------------------------------------------------------------------------
 -------------------------------------------
 STEP OF MOLECULAR DYNAMICS : 8
 -------------------------------------------
 DONE(1.001e+04  SEC) : INIT SCF
 ITER   ETOT(eV)       EDIFF(eV)      DRHO       TIME(s)    
 GE1    -9.453722e+03  0.000000e+00   3.600e-03  1.054e+02  
 GE2    -9.453723e+03  -8.544736e-04  2.119e-03  9.959e+01  
 GE3    -9.453733e+03  -1.053919e-02  1.702e-03  9.973e+01  
 GE4    -9.453741e+03  -8.013141e-03  4.504e-04  9.972e+01  
 GE5    -9.453742e+03  -3.803800e-04  2.512e-04  9.966e+01  
 GE6    -9.453742e+03  -2.085776e-04  1.433e-04  9.967e+01  
 GE7    -9.453742e+03  -7.009259e-05  5.238e-05  9.967e+01  
 GE8    -9.453742e+03  -1.110306e-05  1.444e-05  9.976e+01  
 GE9    -9.453742e+03  -6.992104e-07  5.237e-06  9.962e+01  
 GE10   -9.453742e+03  -7.525127e-08  2.161e-06  9.966e+01  
 GE11   -9.453742e+03  -1.670068e-08  1.249e-06  9.962e+01  
 GE12   -9.453742e+03  -3.922656e-09  4.894e-07  9.968e+01  
 ><><><><><><><><><><><><><><><><><><><><><><
 TOTAL-STRESS (KBAR):
 ><><><><><><><><><><><><><><><><><><><><><><
 -9.406e+01     2.470e+01      3.375e+01      
 2.470e+01      2.450e+01      -2.513e+01     
 3.375e+01      -2.513e+01     -9.396e+01     
 TOTAL-PRESSURE: -5.451e+01 KBAR
 ------------------------------------------------------------------------------------------------
 Energy              Potential           Kinetic             Temperature         Pressure (KBAR)     
 -3.473e+02          -3.474e+02          7.498e-02           2.223e+02           -5.174e+01          
 ------------------------------------------------------------------------------------------------
 -------------------------------------------
 STEP OF MOLECULAR DYNAMICS : 9
 -------------------------------------------
 DONE(1.131e+04  SEC) : INIT SCF
 ITER   ETOT(eV)       EDIFF(eV)      DRHO       TIME(s)    
 GE1    -9.453730e+03  0.000000e+00   3.456e-03  1.053e+02  
 GE2    -9.453724e+03  5.596992e-03   2.235e-03  9.978e+01  
 GE3    -9.453738e+03  -1.431799e-02  2.033e-03  9.993e+01  
 GE4    -9.453749e+03  -1.042337e-02  3.976e-04  9.975e+01  
 GE5    -9.453749e+03  -2.733204e-04  2.235e-04  9.984e+01  
 GE6    -9.453749e+03  -1.443812e-04  1.172e-04  9.974e+01  
 GE7    -9.453749e+03  -4.127295e-05  4.864e-05  9.969e+01  
 GE8    -9.453749e+03  -1.007842e-05  1.589e-05  9.975e+01  
 GE9    -9.453749e+03  -9.077113e-07  5.208e-06  9.988e+01  
 GE10   -9.453749e+03  -7.607417e-08  1.936e-06  9.987e+01  
 GE11   -9.453749e+03  -1.223974e-08  1.170e-06  9.976e+01  
 GE12   -9.453749e+03  -3.181745e-09  4.365e-07  9.984e+01  
 ><><><><><><><><><><><><><><><><><><><><><><
 TOTAL-STRESS (KBAR):
 ><><><><><><><><><><><><><><><><><><><><><><
 -9.437e+01     2.445e+01      3.344e+01      
 2.445e+01      2.351e+01      -2.426e+01     
 3.344e+01      -2.426e+01     -9.339e+01     
 TOTAL-PRESSURE: -5.475e+01 KBAR
 ------------------------------------------------------------------------------------------------
 Energy              Potential           Kinetic             Temperature         Pressure (KBAR)     
 -3.473e+02          -3.474e+02          7.805e-02           2.314e+02           -5.186e+01          
 ------------------------------------------------------------------------------------------------
 -------------------------------------------
 STEP OF MOLECULAR DYNAMICS : 10
 -------------------------------------------
 DONE(1.261e+04  SEC) : INIT SCF
 ITER   ETOT(eV)       EDIFF(eV)      DRHO       TIME(s)    
 GE1    -9.453707e+03  0.000000e+00   3.449e-03  1.052e+02  
 GE2    -9.453703e+03  4.376431e-03   2.099e-03  9.962e+01  
 GE3    -9.453714e+03  -1.077370e-02  1.899e-03  9.977e+01  
 GE4    -9.453724e+03  -1.048069e-02  5.323e-04  9.971e+01  
 GE5    -9.453725e+03  -8.124657e-04  3.985e-04  9.962e+01  
 GE6    -9.453726e+03  -5.620868e-04  1.353e-04  9.987e+01  
 GE7    -9.453726e+03  -5.696955e-05  5.807e-05  9.971e+01  
 GE8    -9.453726e+03  -1.101562e-05  1.088e-05  9.964e+01  
 GE9    -9.453726e+03  -2.781204e-07  4.286e-06  9.961e+01  
 GE10   -9.453726e+03  -4.350962e-08  1.624e-06  9.970e+01  
 GE11   -9.453726e+03  -8.351113e-09  1.006e-06  9.969e+01  
 GE12   -9.453726e+03  -2.360400e-09  3.468e-07  9.973e+01  
 ><><><><><><><><><><><><><><><><><><><><><><
 TOTAL-STRESS (KBAR):
 ><><><><><><><><><><><><><><><><><><><><><><
 -9.566e+01     2.407e+01      3.375e+01      
 2.407e+01      2.445e+01      -2.469e+01     
 3.375e+01      -2.469e+01     -9.249e+01     
 TOTAL-PRESSURE: -5.457e+01 KBAR
 ------------------------------------------------------------------------------------------------
 Energy              Potential           Kinetic             Temperature         Pressure (KBAR)     
 -3.473e+02          -3.474e+02          1.032e-01           3.059e+02           -5.075e+01          
 ------------------------------------------------------------------------------------------------

  |CLASS_NAME---------|NAME---------------|TIME(Sec)-----|CALLS----|AVG------|PER%-------
                       total               13902          27        5.1e+02   1e+02     %
   Driver              driver_line         13901          1         1.4e+04   1e+02     %
   PW_Basis            setup_struc_factor  1.2384         11        0.11      0.0089    %
   ORB_control         read_orb_first      0.17854        1         0.18      0.0013    %
   LCAO_Orbitals       Read_Orbitals       0.17854        1         0.18      0.0013    %
   NOrbital_Lm         extra_uniform       0.10257        16        0.0064    0.00074   %
   ORB_control         set_orb_tables      7.067          1         7.1       0.051     %
   ORB_gen_tables      gen_tables          7.067          1         7.1       0.051     %
   ORB_table_phi       init_Table          5.5102         1         5.5       0.04      %
   ORB_table_phi       cal_ST_Phi12_R      5.4822         558       0.0098    0.039     %
   ORB_table_beta      init_Table_Beta     1.3667         1         1.4       0.0098    %
   ORB_table_beta      VNL_PhiBeta_R       1.3604         168       0.0081    0.0098    %
   ppcell_vl           init_vloc           0.2665         1         0.27      0.0019    %
   Run_MD              md_line             13894          1         1.4e+04   1e+02     %
   Langevin            setup               1806.9         1         1.8e+03   13        %
   MD_func             force_stress        13893          11        1.3e+03   1e+02     %
   ESolver_KS_LCAO     Run                 12861          11        1.2e+03   93        %
   ESolver_KS_LCAO     beforescf           26.097         11        2.4       0.19      %
   ESolver_KS_LCAO     beforesolver        9.3148         11        0.85      0.067     %
   ESolver_KS_LCAO     set_matrix_grid     5.802          11        0.53      0.042     %
   Grid_Technique      init                3.2551         11        0.3       0.023     %
   Grid_BigCell        grid_expansion_index0.91846        22        0.042     0.0066    %
   Record_adj          for_2d              2.1829         11        0.2       0.016     %
   Grid_Driver         Find_atom           16.908         693864    2.4e-05   0.12      %
   Charge              atomic_rho          14.566         21        0.69      0.1       %
   PW_Basis            recip2real          2.9559         760       0.0039    0.021     %
   PW_Basis            gathers_scatterp    1.5353         760       0.002     0.011     %
   Potential           init_pot            0.99784        11        0.091     0.0072    %
   Potential           update_from_charge  11.731         139       0.084     0.084     %
   Potential           cal_v_eff           11.677         139       0.084     0.084     %
   H_Hartree_pw        v_hartree           1.3211         139       0.0095    0.0095    %
   PW_Basis            real2recip          3.8141         1156      0.0033    0.027     %
   PW_Basis            gatherp_scatters    1.6121         1156      0.0014    0.012     %
   PotXC               cal_v_eff           10.261         139       0.074     0.074     %
   XC_Functional       v_xc                10.202         139       0.073     0.073     %
   HSolverLCAO         solve               12812          128       1e+02     92        %
   HamiltLCAO          updateHk            4513.5         4608      0.98      32        %
   OperatorLCAO        init                3855           9216      0.42      28        %
   Veff                contributeHk        3852.4         4608      0.84      28        %
   Gint_interface      cal_gint            6201.4         267       23        45        %
   Gint_interface      cal_gint_vlocal     3010.9         128       24        22        %
   Gint_k              folding_vl_k        841.52         4608      0.18      6.1       %
   Gint_k              Distri              578.53         4608      0.13      4.2       %
   Overlap             contributeHR        4.4593         11        0.41      0.032     %
   LCAO_gen_fixedH     calculate_S_no      4.4593         11        0.41      0.032     %
   Ekinetic<OperatorLCAO>contributeHR        4.545          11        0.41      0.033     %
   Nonlocal<OperatorLCAO>contributeHR        47.137         11        4.3       0.34      %
   LCAO_gen_fixedH     build_Nonlocal_mu_new149.68         22        6.8       1.1       %
   ORB_gen_tables      snap_psibeta_half   3.3378         1218390   2.7e-06   0.024     %
   OperatorLCAO        folding_fixed       602.28         4608      0.13      4.3       %
   LCAO_nnr            folding_fixedH      594.55         4608      0.13      4.3       %
   HSolverLCAO         hamiltSolvePsiK     2009.5         4608      0.44      14        %
   DiagoElpa           elpa_solve          1995.5         4608      0.43      14        %
   ElecStateLCAO       psiToRho            6288.8         128       49        45        %
   elecstate           cal_dm              260.08         139       1.9       1.9       %
   psiMulPsiMpi        pdgemm              254.19         5004      0.051     1.8       %
    Local_Orbital_wfc  wfc_2d_to_grid      32.912         4608      0.0071    0.24      %
   LCAO_Charge         cal_dk_k            3368.4         128       26        24        %
   Record_adj          for_grid            0.6686         128       0.0052    0.0048    %
   Gint_interface      cal_gint_rho        2651.7         128       21        19        %
   Charge              mix_rho             1.7619         117       0.015     0.013     %
   Force_Stress_LCAO   getForceStress      1032.1         11        94        7.4       %
   Forces              cal_force_loc       0.96148        11        0.087     0.0069    %
   Forces              cal_force_ew        0.94113        11        0.086     0.0068    %
   Forces              cal_force_scc       8.0721         11        0.73      0.058     %
   Stress_Func         stress_loc          6.9306         11        0.63      0.05      %
   Stress_Func         stress_ewa          0.42193        11        0.038     0.003     %
   Stress_Func         stress_gga          0.48176        11        0.044     0.0035    %
   Force_LCAO_k        ftable_k            1014.2         11        92        7.3       %
   Force_LCAO_k        allocate_k          132.76         11        12        0.95      %
   Force_LCAO_k        cal_foverlap_k      35.114         11        3.2       0.25      %
   Force_LCAO_k        cal_edm_2d          34.169         11        3.1       0.25      %
   Local_Orbital_Chargecal_dm_R            12.053         22        0.55      0.087     %
   Force_LCAO_k        cal_ftvnl_dphi_k    0.31014        11        0.028     0.0022    %
   Force_LCAO_k        cal_fvl_dphi_k      538.78         11        49        3.9       %
   Gint_interface      cal_gint_force      538.78         11        49        3.9       %
   Force_LCAO_k        cal_fvnl_dbeta_k_new272.51         11        25        2         %
 ----------------------------------------------------------------------------------------

 START  Time  : Mon May 22 14:16:31 2023
 FINISH Time  : Mon May 22 18:08:13 2023
 TOTAL  Time  : 1.4e+04
 SEE INFORMATION IN : OUT.ABACUS/
