WARNING: Total thread number on this node mismatches with hardware availability. This may cause poor performance.
Info: Local MPI proc number: 16,OpenMP thread number: 1,Total thread number: 16,Local thread limit: 32
                                                                                     
                              ABACUS v3.1                                            

               Atomic-orbital Based Ab-initio Computation at UStc                    

                     Website: http://abacus.ustc.edu.cn/                             
               Documentation: https://abacus.deepmodeling.com/                       
                  Repository: https://github.com/abacusmodeling/abacus-develop       
                              https://github.com/deepmodeling/abacus-develop         

 Fri Feb  3 19:50:39 2023
 MAKE THE DIR         : OUT.ABACUS/
 MAKE THE STRU DIR    : OUT.ABACUS/STRU/
 UNIFORM GRID DIM     : 108 * 108 * 108
 UNIFORM GRID DIM(BIG): 54 * 54 * 54
 DONE(0.0993897  SEC) : SETUP UNITCELL
 DONE(0.11079    SEC) : INIT K-POINTS
 ---------------------------------------------------------
 Molecular Dynamics simulations
 ---------------------------------------------------------
 ENSEMBLE                 : Langevin
 Time interval(fs)        : 1
 ---------------------------------------------------------
 SPIN    KPOINTS         PROCESSORS  NBASE       
 1       36              16          1408        
 ---------------------------------------------------------
 Use Systematically Improvable Atomic bases
 ---------------------------------------------------------
 ELEMENT ORBITALS        NBASE       NATOM       XC          
 Si      3s3p2d-9au      22          32          
 C       3s3p2d-9au      22          32          
 ---------------------------------------------------------
 Initial plane wave basis and FFT box
 ---------------------------------------------------------
--------------------------------- INITVEL DONE ------------------------------------
 -------------------------------------------
 STEP OF MOLECULAR DYNAMICS : 0
 -------------------------------------------
 START CHARGE      : atomic
 DONE(8.67812    SEC) : INIT SCF
 ITER   ETOT(eV)       EDIFF(eV)      DRHO       TIME(s)    
 GE1    -8.340035e+03  0.000000e+00   2.750e-01  8.877e+01  
 GE2    -8.391968e+03  -5.193275e+01  1.461e-01  8.323e+01  
 GE3    -8.403968e+03  -1.200017e+01  2.370e-02  8.318e+01  
 GE4    -8.401973e+03  1.995210e+00   3.164e-02  8.321e+01  
 GE5    -8.405013e+03  -3.040108e+00  2.314e-03  8.322e+01  
 GE6    -8.405023e+03  -9.971484e-03  1.837e-03  8.309e+01  
 GE7    -8.405030e+03  -7.303895e-03  4.995e-04  8.307e+01  
 GE8    -8.405030e+03  -5.810267e-04  2.118e-04  8.319e+01  
 GE9    -8.405031e+03  -1.683075e-04  1.261e-04  8.326e+01  
 GE10   -8.405031e+03  -3.916464e-05  3.135e-05  8.320e+01  
 GE11   -8.405031e+03  -2.827965e-06  1.242e-05  8.323e+01  
 GE12   -8.405031e+03  -2.239348e-07  3.058e-06  8.324e+01  
 GE13   -8.405031e+03  -5.600922e-09  3.833e-06  8.318e+01  
 GE14   -8.405031e+03  -4.846244e-08  1.041e-06  8.334e+01  
 GE15   -8.405031e+03  -1.090486e-09  4.710e-07  8.319e+01  
 ><><><><><><><><><><><><><><><><><><><><><><
 TOTAL-STRESS (KBAR):
 ><><><><><><><><><><><><><><><><><><><><><><
 8.543e+01      -7.623e+00     -1.392e+01     
 -7.623e+00     6.392e+01      2.237e+01      
 -1.392e+01     2.237e+01      8.453e+01      
 TOTAL-PRESSURE: 7.796e+01 KBAR
 ------------------------------------------------------------------------------------------------
 Energy              Potential           Kinetic             Temperature         Pressure (KBAR)     
 -3.089e+02          -3.089e+02          2.993e-03           1.000e+01           7.809e+01           
 ------------------------------------------------------------------------------------------------
 -------------------------------------------
 STEP OF MOLECULAR DYNAMICS : 1
 -------------------------------------------
 DONE(1.349e+03  SEC) : INIT SCF
 ITER   ETOT(eV)       EDIFF(eV)      DRHO       TIME(s)    
 GE1    -8.405038e+03  0.000000e+00   4.171e-04  8.830e+01  
 GE2    -8.405038e+03  -3.898130e-05  2.502e-04  8.310e+01  
 GE3    -8.405038e+03  -1.318687e-04  1.709e-04  8.291e+01  
 GE4    -8.405038e+03  -7.309358e-05  5.976e-05  8.286e+01  
 GE5    -8.405038e+03  -9.984481e-06  3.466e-05  8.291e+01  
 GE6    -8.405038e+03  -4.140975e-06  1.264e-05  8.300e+01  
 GE7    -8.405038e+03  -3.955123e-07  3.014e-06  8.294e+01  
 GE8    -8.405038e+03  -1.361793e-08  9.610e-07  8.293e+01  
 ><><><><><><><><><><><><><><><><><><><><><><
 TOTAL-STRESS (KBAR):
 ><><><><><><><><><><><><><><><><><><><><><><
 8.540e+01      -7.619e+00     -1.387e+01     
 -7.619e+00     6.390e+01      2.226e+01      
 -1.387e+01     2.226e+01      8.450e+01      
 TOTAL-PRESSURE: 7.793e+01 KBAR
 ------------------------------------------------------------------------------------------------
 Energy              Potential           Kinetic             Temperature         Pressure (KBAR)     
 -3.089e+02          -3.089e+02          5.842e-03           1.952e+01           7.819e+01           
 ------------------------------------------------------------------------------------------------
 -------------------------------------------
 STEP OF MOLECULAR DYNAMICS : 2
 -------------------------------------------
 DONE(2.105e+03  SEC) : INIT SCF
 ITER   ETOT(eV)       EDIFF(eV)      DRHO       TIME(s)    
 GE1    -8.405059e+03  0.000000e+00   1.611e-03  8.870e+01  
 GE2    -8.405058e+03  7.719655e-04   9.541e-04  8.313e+01  
 GE3    -8.405060e+03  -1.860101e-03  8.925e-04  8.322e+01  
 GE4    -8.405062e+03  -2.338392e-03  2.162e-04  8.329e+01  
 GE5    -8.405062e+03  -1.206846e-04  1.190e-04  8.325e+01  
 GE6    -8.405062e+03  -3.819754e-05  4.255e-05  8.326e+01  
 GE7    -8.405062e+03  -3.733189e-06  9.820e-06  8.321e+01  
 GE8    -8.405062e+03  -2.050949e-07  5.447e-06  8.311e+01  
 GE9    -8.405062e+03  -1.020432e-07  2.327e-06  8.311e+01  
 GE10   -8.405062e+03  -1.605412e-08  5.605e-07  8.309e+01  
 ><><><><><><><><><><><><><><><><><><><><><><
 TOTAL-STRESS (KBAR):
 ><><><><><><><><><><><><><><><><><><><><><><
 8.539e+01      -7.407e+00     -1.330e+01     
 -7.407e+00     6.372e+01      2.170e+01      
 -1.330e+01     2.170e+01      8.433e+01      
 TOTAL-PRESSURE: 7.781e+01 KBAR
 ------------------------------------------------------------------------------------------------
 Energy              Potential           Kinetic             Temperature         Pressure (KBAR)     
 -3.089e+02          -3.089e+02          1.507e-02           5.037e+01           7.848e+01           
 ------------------------------------------------------------------------------------------------
 -------------------------------------------
 STEP OF MOLECULAR DYNAMICS : 3
 -------------------------------------------
 DONE(3.030e+03  SEC) : INIT SCF
 ITER   ETOT(eV)       EDIFF(eV)      DRHO       TIME(s)    
 GE1    -8.405058e+03  0.000000e+00   2.048e-03  8.882e+01  
 GE2    -8.405058e+03  -3.711177e-04  1.171e-03  8.329e+01  
 GE3    -8.405061e+03  -2.662603e-03  9.267e-04  8.335e+01  
 GE4    -8.405063e+03  -2.323433e-03  2.899e-04  8.338e+01  
 GE5    -8.405063e+03  -2.378275e-04  1.635e-04  8.325e+01  
 GE6    -8.405064e+03  -8.914593e-05  5.178e-05  8.320e+01  
 GE7    -8.405064e+03  -6.350911e-06  1.218e-05  8.328e+01  
 GE8    -8.405064e+03  -2.871892e-07  4.152e-06  8.342e+01  
 GE9    -8.405064e+03  -2.702085e-08  1.864e-06  8.309e+01  
 GE10   -8.405064e+03  -1.300695e-08  1.055e-06  8.337e+01  
 GE11   -8.405064e+03  -3.339517e-09  1.961e-07  8.330e+01  
 ><><><><><><><><><><><><><><><><><><><><><><
 TOTAL-STRESS (KBAR):
 ><><><><><><><><><><><><><><><><><><><><><><
 8.537e+01      -7.829e+00     -1.335e+01     
 -7.829e+00     6.367e+01      2.207e+01      
 -1.335e+01     2.207e+01      8.427e+01      
 TOTAL-PRESSURE: 7.777e+01 KBAR
 ------------------------------------------------------------------------------------------------
 Energy              Potential           Kinetic             Temperature         Pressure (KBAR)     
 -3.089e+02          -3.089e+02          2.473e-02           8.263e+01           7.887e+01           
 ------------------------------------------------------------------------------------------------
 -------------------------------------------
 STEP OF MOLECULAR DYNAMICS : 4
 -------------------------------------------
 DONE(4.039e+03  SEC) : INIT SCF
 ITER   ETOT(eV)       EDIFF(eV)      DRHO       TIME(s)    
 GE1    -8.405046e+03  0.000000e+00   2.269e-03  8.886e+01  
 GE2    -8.405041e+03  4.566748e-03   1.520e-03  8.333e+01  
 GE3    -8.405048e+03  -6.393382e-03  1.474e-03  8.345e+01  
 GE4    -8.405054e+03  -6.038059e-03  3.025e-04  8.360e+01  
 GE5    -8.405054e+03  -1.893386e-04  1.525e-04  8.348e+01  
 GE6    -8.405054e+03  -5.881993e-05  6.116e-05  8.348e+01  
 GE7    -8.405054e+03  -7.792409e-06  1.649e-05  8.346e+01  
 GE8    -8.405054e+03  -6.934873e-07  8.447e-06  8.327e+01  
 GE9    -8.405054e+03  -2.470717e-07  3.289e-06  8.325e+01  
 GE10   -8.405054e+03  -2.966277e-08  7.214e-07  8.332e+01  
 ><><><><><><><><><><><><><><><><><><><><><><
 TOTAL-STRESS (KBAR):
 ><><><><><><><><><><><><><><><><><><><><><><
 8.542e+01      -8.425e+00     -1.349e+01     
 -8.425e+00     6.363e+01      2.195e+01      
 -1.349e+01     2.195e+01      8.423e+01      
 TOTAL-PRESSURE: 7.776e+01 KBAR
 ------------------------------------------------------------------------------------------------
 Energy              Potential           Kinetic             Temperature         Pressure (KBAR)     
 -3.088e+02          -3.089e+02          3.575e-02           1.195e+02           7.935e+01           
 ------------------------------------------------------------------------------------------------
 -------------------------------------------
 STEP OF MOLECULAR DYNAMICS : 5
 -------------------------------------------
 DONE(4.965e+03  SEC) : INIT SCF
 ITER   ETOT(eV)       EDIFF(eV)      DRHO       TIME(s)    
 GE1    -8.405051e+03  0.000000e+00   2.578e-03  8.890e+01  
 GE2    -8.405052e+03  -9.000979e-04  1.426e-03  8.329e+01  
 GE3    -8.405056e+03  -4.254147e-03  1.155e-03  8.330e+01  
 GE4    -8.405059e+03  -3.243428e-03  3.289e-04  8.320e+01  
 GE5    -8.405059e+03  -3.178956e-04  2.331e-04  8.312e+01  
 GE6    -8.405060e+03  -1.804319e-04  6.854e-05  8.321e+01  
 GE7    -8.405060e+03  -1.056621e-05  1.372e-05  8.323e+01  
 GE8    -8.405060e+03  -3.072139e-07  6.700e-06  8.332e+01  
 GE9    -8.405060e+03  -1.304268e-07  3.386e-06  8.329e+01  
 GE10   -8.405060e+03  -4.237273e-08  1.085e-06  8.328e+01  
 GE11   -8.405060e+03  -2.838357e-09  2.555e-07  8.332e+01  
 ><><><><><><><><><><><><><><><><><><><><><><
 TOTAL-STRESS (KBAR):
 ><><><><><><><><><><><><><><><><><><><><><><
 8.532e+01      -7.828e+00     -1.267e+01     
 -7.828e+00     6.353e+01      2.074e+01      
 -1.267e+01     2.074e+01      8.419e+01      
 TOTAL-PRESSURE: 7.768e+01 KBAR
 ------------------------------------------------------------------------------------------------
 Energy              Potential           Kinetic             Temperature         Pressure (KBAR)     
 -3.088e+02          -3.089e+02          3.668e-02           1.226e+02           7.931e+01           
 ------------------------------------------------------------------------------------------------
 -------------------------------------------
 STEP OF MOLECULAR DYNAMICS : 6
 -------------------------------------------
 DONE(5.975e+03  SEC) : INIT SCF
 ITER   ETOT(eV)       EDIFF(eV)      DRHO       TIME(s)    
 GE1    -8.405039e+03  0.000000e+00   2.906e-03  8.903e+01  
 GE2    -8.405033e+03  6.744434e-03   2.006e-03  8.333e+01  
 GE3    -8.405044e+03  -1.148828e-02  1.810e-03  8.321e+01  
 GE4    -8.405053e+03  -8.946762e-03  4.010e-04  8.342e+01  
 GE5    -8.405053e+03  -3.714290e-04  2.103e-04  8.331e+01  
 GE6    -8.405054e+03  -1.216760e-04  7.503e-05  8.325e+01  
 GE7    -8.405054e+03  -1.134212e-05  1.921e-05  8.330e+01  
 GE8    -8.405054e+03  -7.092166e-07  6.950e-06  8.341e+01  
 GE9    -8.405054e+03  -1.136843e-07  3.966e-06  8.329e+01  
 GE10   -8.405054e+03  -5.801231e-08  1.295e-06  8.326e+01  
 GE11   -8.405054e+03  -4.301620e-09  2.686e-07  8.344e+01  
 ><><><><><><><><><><><><><><><><><><><><><><
 TOTAL-STRESS (KBAR):
 ><><><><><><><><><><><><><><><><><><><><><><
 8.530e+01      -7.683e+00     -1.346e+01     
 -7.683e+00     6.354e+01      2.112e+01      
 -1.346e+01     2.112e+01      8.433e+01      
 TOTAL-PRESSURE: 7.772e+01 KBAR
 ------------------------------------------------------------------------------------------------
 Energy              Potential           Kinetic             Temperature         Pressure (KBAR)     
 -3.088e+02          -3.089e+02          5.232e-02           1.748e+02           8.005e+01           
 ------------------------------------------------------------------------------------------------
 -------------------------------------------
 STEP OF MOLECULAR DYNAMICS : 7
 -------------------------------------------
 DONE(6.984e+03  SEC) : INIT SCF
 ITER   ETOT(eV)       EDIFF(eV)      DRHO       TIME(s)    
 GE1    -8.404998e+03  0.000000e+00   3.239e-03  8.879e+01  
 GE2    -8.404995e+03  3.076985e-03   1.995e-03  8.328e+01  
 GE3    -8.405005e+03  -9.888935e-03  1.719e-03  8.333e+01  
 GE4    -8.405013e+03  -8.164351e-03  4.456e-04  8.326e+01  
 GE5    -8.405014e+03  -5.294855e-04  2.646e-04  8.329e+01  
 GE6    -8.405014e+03  -2.193864e-04  8.460e-05  8.336e+01  
 GE7    -8.405014e+03  -1.499303e-05  2.065e-05  8.330e+01  
 GE8    -8.405014e+03  -9.086936e-07  1.147e-05  8.334e+01  
 GE9    -8.405014e+03  -4.579423e-07  4.698e-06  8.328e+01  
 GE10   -8.405014e+03  -6.658771e-08  1.104e-06  8.340e+01  
 GE11   -8.405014e+03  -2.162411e-09  2.739e-07  8.352e+01  
 ><><><><><><><><><><><><><><><><><><><><><><
 TOTAL-STRESS (KBAR):
 ><><><><><><><><><><><><><><><><><><><><><><
 8.526e+01      -7.013e+00     -1.315e+01     
 -7.013e+00     6.374e+01      2.087e+01      
 -1.315e+01     2.087e+01      8.457e+01      
 TOTAL-PRESSURE: 7.786e+01 KBAR
 ------------------------------------------------------------------------------------------------
 Energy              Potential           Kinetic             Temperature         Pressure (KBAR)     
 -3.088e+02          -3.089e+02          6.651e-02           2.222e+02           8.081e+01           
 ------------------------------------------------------------------------------------------------
 -------------------------------------------
 STEP OF MOLECULAR DYNAMICS : 8
 -------------------------------------------
 DONE(7.994e+03  SEC) : INIT SCF
 ITER   ETOT(eV)       EDIFF(eV)      DRHO       TIME(s)    
 GE1    -8.404989e+03  0.000000e+00   3.729e-03  8.891e+01  
 GE2    -8.404988e+03  9.680382e-04   2.114e-03  8.323e+01  
 GE3    -8.404996e+03  -8.162691e-03  1.814e-03  8.326e+01  
 GE4    -8.405006e+03  -1.028302e-02  5.413e-04  8.320e+01  
 GE5    -8.405007e+03  -8.136025e-04  2.816e-04  8.325e+01  
 GE6    -8.405008e+03  -2.523363e-04  1.005e-04  8.324e+01  
 GE7    -8.405008e+03  -2.355094e-05  2.148e-05  8.324e+01  
 GE8    -8.405008e+03  -8.454670e-07  1.106e-05  8.326e+01  
 GE9    -8.405008e+03  -3.575526e-07  5.909e-06  8.322e+01  
 GE10   -8.405008e+03  -1.053796e-07  1.268e-06  8.326e+01  
 GE11   -8.405008e+03  -3.050267e-09  3.707e-07  8.326e+01  
 ><><><><><><><><><><><><><><><><><><><><><><
 TOTAL-STRESS (KBAR):
 ><><><><><><><><><><><><><><><><><><><><><><
 8.519e+01      -6.851e+00     -1.346e+01     
 -6.851e+00     6.381e+01      2.133e+01      
 -1.346e+01     2.133e+01      8.465e+01      
 TOTAL-PRESSURE: 7.789e+01 KBAR
 ------------------------------------------------------------------------------------------------
 Energy              Potential           Kinetic             Temperature         Pressure (KBAR)     
 -3.088e+02          -3.089e+02          7.905e-02           2.641e+02           8.139e+01           
 ------------------------------------------------------------------------------------------------
 -------------------------------------------
 STEP OF MOLECULAR DYNAMICS : 9
 -------------------------------------------
 DONE(9.003e+03  SEC) : INIT SCF
 ITER   ETOT(eV)       EDIFF(eV)      DRHO       TIME(s)    
 GE1    -8.404901e+03  0.000000e+00   4.027e-03  8.861e+01  
 GE2    -8.404889e+03  1.161386e-02   2.911e-03  8.306e+01  
 GE3    -8.404911e+03  -2.232388e-02  2.465e-03  8.318e+01  
 GE4    -8.404929e+03  -1.752376e-02  5.981e-04  8.336e+01  
 GE5    -8.404930e+03  -9.313116e-04  3.110e-04  8.324e+01  
 GE6    -8.404930e+03  -2.583803e-04  1.051e-04  8.319e+01  
 GE7    -8.404930e+03  -2.308483e-05  2.597e-05  8.317e+01  
 GE8    -8.404930e+03  -1.205375e-06  1.164e-05  8.327e+01  
 GE9    -8.404930e+03  -3.646508e-07  5.991e-06  8.330e+01  
 GE10   -8.404930e+03  -1.202303e-07  1.587e-06  8.311e+01  
 GE11   -8.404930e+03  -5.856142e-09  4.079e-07  8.315e+01  
 ><><><><><><><><><><><><><><><><><><><><><><
 TOTAL-STRESS (KBAR):
 ><><><><><><><><><><><><><><><><><><><><><><
 8.563e+01      -7.210e+00     -1.431e+01     
 -7.210e+00     6.405e+01      2.277e+01      
 -1.431e+01     2.277e+01      8.504e+01      
 TOTAL-PRESSURE: 7.824e+01 KBAR
 ------------------------------------------------------------------------------------------------
 Energy              Potential           Kinetic             Temperature         Pressure (KBAR)     
 -3.088e+02          -3.089e+02          7.450e-02           2.489e+02           8.154e+01           
 ------------------------------------------------------------------------------------------------
 -------------------------------------------
 STEP OF MOLECULAR DYNAMICS : 10
 -------------------------------------------
 DONE(1.001e+04  SEC) : INIT SCF
 ITER   ETOT(eV)       EDIFF(eV)      DRHO       TIME(s)    
 GE1    -8.404877e+03  0.000000e+00   3.736e-03  8.889e+01  
 GE2    -8.404873e+03  4.299546e-03   2.195e-03  8.325e+01  
 GE3    -8.404884e+03  -1.104217e-02  2.001e-03  8.333e+01  
 GE4    -8.404896e+03  -1.170899e-02  4.756e-04  8.334e+01  
 GE5    -8.404896e+03  -6.478535e-04  2.864e-04  8.322e+01  
 GE6    -8.404897e+03  -2.712266e-04  9.569e-05  8.328e+01  
 GE7    -8.404897e+03  -1.896105e-05  2.192e-05  8.325e+01  
 GE8    -8.404897e+03  -9.750694e-07  1.171e-05  8.335e+01  
 GE9    -8.404897e+03  -4.874813e-07  5.422e-06  8.327e+01  
 GE10   -8.404897e+03  -9.201073e-08  1.386e-06  8.332e+01  
 GE11   -8.404897e+03  -3.395201e-09  3.693e-07  8.328e+01  
 ><><><><><><><><><><><><><><><><><><><><><><
 TOTAL-STRESS (KBAR):
 ><><><><><><><><><><><><><><><><><><><><><><
 8.561e+01      -6.482e+00     -1.265e+01     
 -6.482e+00     6.415e+01      2.120e+01      
 -1.265e+01     2.120e+01      8.508e+01      
 TOTAL-PRESSURE: 7.828e+01 KBAR
 ------------------------------------------------------------------------------------------------
 Energy              Potential           Kinetic             Temperature         Pressure (KBAR)     
 -3.088e+02          -3.089e+02          8.386e-02           2.802e+02           8.200e+01           
 ------------------------------------------------------------------------------------------------

  |CLASS_NAME---------|NAME---------------|TIME(Sec)-----|CALLS----|AVG------|PER%-------
                       total               11017          27        4.1e+02   1e+02     %
   Driver              driver_line         11017          1         1.1e+04   1e+02     %
   PW_Basis            setup_struc_factor  0.86856        11        0.079     0.0079    %
   ORB_control         read_orb_first      0.15491        1         0.15      0.0014    %
   LCAO_Orbitals       Read_Orbitals       0.1549         1         0.15      0.0014    %
   ORB_control         set_orb_tables      6.7034         1         6.7       0.061     %
   ORB_gen_tables      gen_tables          6.7034         1         6.7       0.061     %
   ORB_table_phi       init_Table          5.2852         1         5.3       0.048     %
   ORB_table_phi       cal_ST_Phi12_R      5.2565         558       0.0094    0.048     %
   ORB_table_beta      init_Table_Beta     1.2281         1         1.2       0.011     %
   ORB_table_beta      VNL_PhiBeta_R       1.2219         168       0.0073    0.011     %
   ppcell_vl           init_vloc           0.22172        1         0.22      0.002     %
   Run_MD              md_line             11010          1         1.1e+04   1e+02     %
   Langevin            setup               1339.8         1         1.3e+03   12        %
   MD_func             force_virial        11010          11        1e+03     1e+02     %
   ESolver_KS_LCAO     Run                 10072          11        9.2e+02   91        %
   ESolver_KS_LCAO     beforescf           21.006         11        1.9       0.19      %
   ESolver_KS_LCAO     beforesolver        7.2276         11        0.66      0.066     %
   ESolver_KS_LCAO     set_matrix_grid     4.792          11        0.44      0.043     %
   Grid_Technique      init                2.1905         11        0.2       0.02      %
   Grid_BigCell        grid_expansion_index0.57505        22        0.026     0.0052    %
   Record_adj          for_2d              2.3348         11        0.21      0.021     %
   Grid_Driver         Find_atom           16.86          578880    2.9e-05   0.15      %
   Charge              atomic_rho          12.183         21        0.58      0.11      %
   PW_Basis            recip2real          2.2551         720       0.0031    0.02      %
   PW_Basis            gathers_scatterp    1.0608         720       0.0015    0.0096    %
   Potential           init_pot            0.7357         11        0.067     0.0067    %
   Potential           update_from_charge  8.2678         131       0.063     0.075     %
   Potential           cal_v_eff           8.2231         131       0.063     0.075     %
   H_Hartree_pw        v_hartree           0.86139        131       0.0066    0.0078    %
   PW_Basis            real2recip          2.5744         1092      0.0024    0.023     %
   PW_Basis            gatherp_scatters    1.056          1092      0.00097   0.0096    %
   PotXC               cal_v_eff           7.2961         131       0.056     0.066     %
   XC_Functional       v_xc                7.2514         131       0.055     0.066     %
   HSolverLCAO         solve               10038          120       84        91        %
   HamiltLCAO          updateHk            3786.8         4320      0.88      34        %
   OperatorLCAO        init                3139.5         8640      0.36      28        %
   Veff                contributeHk        3137.6         4320      0.73      28        %
   Gint_interface      cal_gint            5115.3         251       20        46        %
   Gint_interface      cal_gint_vlocal     2467.3         120       21        22        %
   Gint_k              folding_vl_k        670.33         4320      0.16      6.1       %
   Gint_k              Distri              410.18         4320      0.095     3.7       %
   Overlap             contributeHR        4.305          11        0.39      0.039     %
   LCAO_gen_fixedH     calculate_S_no      4.305          11        0.39      0.039     %
   Ekin<LCAO>          contributeHR        4.3664         11        0.4       0.04      %
   Nonlocal<LCAO>      contributeHR        47.767         11        4.3       0.43      %
   LCAO_gen_fixedH     build_Nonlocal_mu_new151.06         22        6.9       1.4       %
   ORB_gen_tables      snap_psibeta_half   3.1687         1126752   2.8e-06   0.029     %
   OperatorLCAO        folding_fixed       590.82         4320      0.14      5.4       %
   LCAO_nnr            folding_fixedH      584.98         4320      0.14      5.3       %
   HSolverLCAO         hamiltSolvePsiK     1380.4         4320      0.32      13        %
   DiagoElpa           elpa_solve          1366.5         4320      0.32      12        %
   ElecStateLCAO       psiToRho            4870.7         120       41        44        %
   elecstate           cal_dm              124.99         131       0.95      1.1       %
   psiMulPsiMpi        pdgemm              120.55         4716      0.026     1.1       %
    Local_Orbital_wfc  wfc_2d_to_grid      24.417         4320      0.0057    0.22      %
   LCAO_Charge         cal_dk_k            2575.9         120       21        23        %
   Record_adj          for_grid            0.65263        120       0.0054    0.0059    %
   Gint_interface      cal_gint_rho        2163.4         120       18        20        %
   Charge              mix_rho             1.124          109       0.01      0.01      %
   Force_Stress_LCAO   getForceStress      938.07         11        85        8.5       %
   Forces              cal_force_loc       0.71939        11        0.065     0.0065    %
   Forces              cal_force_ew        0.69642        11        0.063     0.0063    %
   Forces              cal_force_scc       6.6824         11        0.61      0.061     %
   Stress_Func         stress_loc          5.904          11        0.54      0.054     %
   Stress_Func         stress_ewa          0.34149        11        0.031     0.0031    %
   Stress_Func         stress_gga          0.37086        11        0.034     0.0034    %
   Force_LCAO_k        ftable_k            923.3          11        84        8.4       %
   Force_LCAO_k        allocate_k          132.38         11        12        1.2       %
   Force_LCAO_k        cal_foverlap_k      24.638         11        2.2       0.22      %
   Force_LCAO_k        cal_edm_2d          23.789         11        2.2       0.22      %
   Local_Orbital_Chargecal_dm_R            11.251         22        0.51      0.1       %
   Force_LCAO_k        cal_ftvnl_dphi_k    0.24799        11        0.023     0.0023    %
   Force_LCAO_k        cal_fvl_dphi_k      484.54         11        44        4.4       %
   Gint_interface      cal_gint_force      484.54         11        44        4.4       %
   Force_LCAO_k        cal_fvnl_dbeta_k_new272.43         11        25        2.5       %
 ----------------------------------------------------------------------------------------

 START  Time  : Fri Feb  3 19:50:39 2023
 FINISH Time  : Fri Feb  3 22:54:16 2023
 TOTAL  Time  : 1.1e+04
 SEE INFORMATION IN : OUT.ABACUS/
