WARNING: Total thread number on this node mismatches with hardware availability. This may cause poor performance.
Info: Local MPI proc number: 16,OpenMP thread number: 1,Total thread number: 16,Local thread limit: 32
 *********************************************************
 *                                                       *
 *                  WELCOME TO ABACUS v3.0               *
 *                                                       *
 *            'Atomic-orbital Based Ab-initio            *
 *                  Computation at UStc'                 *
 *                                                       *
 *          Website: http://abacus.ustc.edu.cn/          *
 *                                                       *
 *********************************************************
 Mon May 22 14:16:30 2023
 MAKE THE DIR         : OUT.ABACUS/
 MAKE THE STRU DIR    : OUT.ABACUS/STRU/
 UNIFORM GRID DIM     : 108 * 120 * 120
 UNIFORM GRID DIM(BIG): 54 * 60 * 60
 DONE(0.118437   SEC) : SETUP UNITCELL
 DONE(0.128893   SEC) : INIT K-POINTS
 ---------------------------------------------------------
 Molecular Dynamics simulations
 ---------------------------------------------------------
 ENSEMBLE                 : Langevin
 Time interval(fs)        : 1
 ---------------------------------------------------------
 SPIN    KPOINTS         PROCESSORS  NBASE       
 1       36              16          1584        
 ---------------------------------------------------------
 Use Systematically Improvable Atomic bases
 ---------------------------------------------------------
 ELEMENT ORBITALS        NBASE       NATOM       XC          
 Si      3s3p2d-9au      22          36          
 C       3s3p2d-9au      22          36          
 ---------------------------------------------------------
 Initial plane wave basis and FFT box
 ---------------------------------------------------------
--------------------------------- INITVEL DONE ------------------------------------
 -------------------------------------------
 STEP OF MOLECULAR DYNAMICS : 0
 -------------------------------------------
 START CHARGE      : atomic
 DONE(10.2135    SEC) : INIT SCF
 ITER   ETOT(eV)       EDIFF(eV)      DRHO       TIME(s)    
 GE1    -9.366375e+03  0.000000e+00   2.795e-01  1.094e+02  
 GE2    -9.422604e+03  -5.622916e+01  1.497e-01  1.032e+02  
 GE3    -9.434659e+03  -1.205469e+01  3.549e-02  1.029e+02  
 GE4    -9.432249e+03  2.409546e+00   5.845e-02  1.031e+02  
 GE5    -9.443690e+03  -1.144078e+01  1.112e-02  1.028e+02  
 GE6    -9.444114e+03  -4.242142e-01  5.488e-03  1.029e+02  
 GE7    -9.444194e+03  -8.015829e-02  1.880e-03  1.029e+02  
 GE8    -9.444205e+03  -1.027270e-02  1.216e-03  1.030e+02  
 GE9    -9.444205e+03  -1.577269e-04  8.762e-04  1.030e+02  
 GE10   -9.444207e+03  -2.229453e-03  3.202e-04  1.030e+02  
 GE11   -9.444207e+03  -3.816015e-04  1.328e-04  1.030e+02  
 GE12   -9.444207e+03  -6.718145e-05  6.890e-05  1.029e+02  
 GE13   -9.444207e+03  -1.189390e-05  2.195e-05  1.030e+02  
 GE14   -9.444207e+03  -1.611474e-06  1.069e-05  1.029e+02  
 GE15   -9.444207e+03  -4.266817e-07  4.080e-06  1.029e+02  
 GE16   -9.444207e+03  -2.301776e-08  1.732e-06  1.028e+02  
 GE17   -9.444207e+03  -4.861557e-09  7.462e-07  1.029e+02  
 ><><><><><><><><><><><><><><><><><><><><><><
 TOTAL-STRESS (KBAR):
 ><><><><><><><><><><><><><><><><><><><><><><
 2.820e+02      7.766e+01      3.806e+01      
 7.766e+01      1.799e+01      -1.466e+01     
 3.806e+01      -1.466e+01     1.677e+02      
 TOTAL-PRESSURE: 1.559e+02 KBAR
 ------------------------------------------------------------------------------------------------
 Energy              Potential           Kinetic             Temperature         Pressure (KBAR)     
 -3.471e+02          -3.471e+02          3.373e-03           1.000e+01           1.561e+02           
 ------------------------------------------------------------------------------------------------
 -------------------------------------------
 STEP OF MOLECULAR DYNAMICS : 1
 -------------------------------------------
 DONE(1.868e+03  SEC) : INIT SCF
 ITER   ETOT(eV)       EDIFF(eV)      DRHO       TIME(s)    
 GE1    -9.444463e+03  0.000000e+00   6.885e-04  1.084e+02  
 GE2    -9.444462e+03  9.609372e-04   5.929e-04  1.022e+02  
 GE3    -9.444463e+03  -1.321770e-03  5.559e-04  1.021e+02  
 GE4    -9.444464e+03  -9.326686e-04  1.020e-04  1.022e+02  
 GE5    -9.444464e+03  -1.992937e-05  7.917e-05  1.021e+02  
 GE6    -9.444464e+03  -2.715165e-05  3.250e-05  1.022e+02  
 GE7    -9.444464e+03  -3.375067e-06  1.051e-05  1.023e+02  
 GE8    -9.444464e+03  -3.322781e-07  3.584e-06  1.022e+02  
 GE9    -9.444464e+03  -5.073931e-08  1.948e-06  1.024e+02  
 GE10   -9.444464e+03  -1.161638e-08  5.896e-07  1.022e+02  
 ><><><><><><><><><><><><><><><><><><><><><><
 TOTAL-STRESS (KBAR):
 ><><><><><><><><><><><><><><><><><><><><><><
 2.799e+02      7.592e+01      3.764e+01      
 7.592e+01      1.718e+01      -1.507e+01     
 3.764e+01      -1.507e+01     1.672e+02      
 TOTAL-PRESSURE: 1.548e+02 KBAR
 ------------------------------------------------------------------------------------------------
 Energy              Potential           Kinetic             Temperature         Pressure (KBAR)     
 -3.471e+02          -3.471e+02          1.061e-02           3.145e+01           1.552e+02           
 ------------------------------------------------------------------------------------------------
 -------------------------------------------
 STEP OF MOLECULAR DYNAMICS : 2
 -------------------------------------------
 DONE(2.997e+03  SEC) : INIT SCF
 ITER   ETOT(eV)       EDIFF(eV)      DRHO       TIME(s)    
 GE1    -9.444808e+03  0.000000e+00   1.633e-03  1.085e+02  
 GE2    -9.444808e+03  -6.061345e-04  9.347e-04  1.019e+02  
 GE3    -9.444811e+03  -2.029687e-03  7.294e-04  1.021e+02  
 GE4    -9.444812e+03  -1.475085e-03  1.979e-04  1.020e+02  
 GE5    -9.444812e+03  -1.085925e-04  1.509e-04  1.021e+02  
 GE6    -9.444812e+03  -9.258593e-05  5.672e-05  1.021e+02  
 GE7    -9.444812e+03  -1.051859e-05  2.330e-05  1.022e+02  
 GE8    -9.444812e+03  -2.084601e-06  6.860e-06  1.021e+02  
 GE9    -9.444812e+03  -1.685273e-07  2.405e-06  1.022e+02  
 GE10   -9.444812e+03  -1.339364e-08  7.070e-07  1.020e+02  
 ><><><><><><><><><><><><><><><><><><><><><><
 TOTAL-STRESS (KBAR):
 ><><><><><><><><><><><><><><><><><><><><><><
 2.767e+02      7.356e+01      3.655e+01      
 7.356e+01      1.580e+01      -1.584e+01     
 3.655e+01      -1.584e+01     1.671e+02      
 TOTAL-PRESSURE: 1.532e+02 KBAR
 ------------------------------------------------------------------------------------------------
 Energy              Potential           Kinetic             Temperature         Pressure (KBAR)     
 -3.471e+02          -3.471e+02          2.295e-02           6.805e+01           1.541e+02           
 ------------------------------------------------------------------------------------------------
 -------------------------------------------
 STEP OF MOLECULAR DYNAMICS : 3
 -------------------------------------------
 DONE(4.125e+03  SEC) : INIT SCF
 ITER   ETOT(eV)       EDIFF(eV)      DRHO       TIME(s)    
 GE1    -9.445098e+03  0.000000e+00   2.007e-03  1.085e+02  
 GE2    -9.445094e+03  3.402904e-03   1.295e-03  1.022e+02  
 GE3    -9.445098e+03  -3.869739e-03  1.319e-03  1.023e+02  
 GE4    -9.445104e+03  -6.117114e-03  3.385e-04  1.023e+02  
 GE5    -9.445105e+03  -3.597824e-04  1.619e-04  1.022e+02  
 GE6    -9.445105e+03  -8.743488e-05  6.193e-05  1.022e+02  
 GE7    -9.445105e+03  -1.139986e-05  3.059e-05  1.023e+02  
 GE8    -9.445105e+03  -3.590708e-06  8.806e-06  1.023e+02  
 GE9    -9.445105e+03  -2.950608e-07  3.893e-06  1.024e+02  
 GE10   -9.445105e+03  -5.324202e-08  1.355e-06  1.024e+02  
 GE11   -9.445105e+03  -5.194117e-09  5.462e-07  1.023e+02  
 ><><><><><><><><><><><><><><><><><><><><><><
 TOTAL-STRESS (KBAR):
 ><><><><><><><><><><><><><><><><><><><><><><
 2.752e+02      7.203e+01      3.563e+01      
 7.203e+01      1.478e+01      -1.619e+01     
 3.563e+01      -1.619e+01     1.656e+02      
 TOTAL-PRESSURE: 1.519e+02 KBAR
 ------------------------------------------------------------------------------------------------
 Energy              Potential           Kinetic             Temperature         Pressure (KBAR)     
 -3.471e+02          -3.471e+02          2.721e-02           8.069e+01           1.530e+02           
 ------------------------------------------------------------------------------------------------
 -------------------------------------------
 STEP OF MOLECULAR DYNAMICS : 4
 -------------------------------------------
 DONE(5.359e+03  SEC) : INIT SCF
 ITER   ETOT(eV)       EDIFF(eV)      DRHO       TIME(s)    
 GE1    -9.445355e+03  0.000000e+00   2.571e-03  1.085e+02  
 GE2    -9.445351e+03  3.233450e-03   1.582e-03  1.023e+02  
 GE3    -9.445358e+03  -6.698716e-03  1.478e-03  1.023e+02  
 GE4    -9.445365e+03  -7.248870e-03  3.564e-04  1.021e+02  
 GE5    -9.445366e+03  -3.268918e-04  2.277e-04  1.021e+02  
 GE6    -9.445366e+03  -1.952426e-04  1.009e-04  1.021e+02  
 GE7    -9.445366e+03  -3.764247e-05  4.490e-05  1.021e+02  
 GE8    -9.445366e+03  -7.100255e-06  7.715e-06  1.022e+02  
 GE9    -9.445366e+03  -1.735605e-07  3.372e-06  1.023e+02  
 GE10   -9.445366e+03  -3.186230e-08  1.261e-06  1.021e+02  
 GE11   -9.445366e+03  -2.221189e-09  6.555e-07  1.022e+02  
 ><><><><><><><><><><><><><><><><><><><><><><
 TOTAL-STRESS (KBAR):
 ><><><><><><><><><><><><><><><><><><><><><><
 2.724e+02      7.050e+01      3.550e+01      
 7.050e+01      1.446e+01      -1.654e+01     
 3.550e+01      -1.654e+01     1.651e+02      
 TOTAL-PRESSURE: 1.506e+02 KBAR
 ------------------------------------------------------------------------------------------------
 Energy              Potential           Kinetic             Temperature         Pressure (KBAR)     
 -3.471e+02          -3.471e+02          4.063e-02           1.205e+02           1.523e+02           
 ------------------------------------------------------------------------------------------------
 -------------------------------------------
 STEP OF MOLECULAR DYNAMICS : 5
 -------------------------------------------
 DONE(6.590e+03  SEC) : INIT SCF
 ITER   ETOT(eV)       EDIFF(eV)      DRHO       TIME(s)    
 GE1    -9.445538e+03  0.000000e+00   2.802e-03  1.090e+02  
 GE2    -9.445532e+03  5.594720e-03   1.845e-03  1.025e+02  
 GE3    -9.445543e+03  -1.033350e-02  1.704e-03  1.026e+02  
 GE4    -9.445552e+03  -8.859684e-03  3.871e-04  1.024e+02  
 GE5    -9.445552e+03  -3.603068e-04  2.924e-04  1.027e+02  
 GE6    -9.445552e+03  -3.540182e-04  1.120e-04  1.027e+02  
 GE7    -9.445552e+03  -4.122461e-05  4.221e-05  1.026e+02  
 GE8    -9.445552e+03  -5.883619e-06  7.224e-06  1.027e+02  
 GE9    -9.445552e+03  -1.308846e-07  4.807e-06  1.027e+02  
 GE10   -9.445552e+03  -8.886147e-08  1.821e-06  1.026e+02  
 GE11   -9.445552e+03  -8.795041e-09  6.530e-07  1.025e+02  
 ><><><><><><><><><><><><><><><><><><><><><><
 TOTAL-STRESS (KBAR):
 ><><><><><><><><><><><><><><><><><><><><><><
 2.710e+02      6.931e+01      3.514e+01      
 6.931e+01      1.271e+01      -1.732e+01     
 3.514e+01      -1.732e+01     1.662e+02      
 TOTAL-PRESSURE: 1.500e+02 KBAR
 ------------------------------------------------------------------------------------------------
 Energy              Potential           Kinetic             Temperature         Pressure (KBAR)     
 -3.471e+02          -3.471e+02          4.845e-02           1.437e+02           1.519e+02           
 ------------------------------------------------------------------------------------------------
 -------------------------------------------
 STEP OF MOLECULAR DYNAMICS : 6
 -------------------------------------------
 DONE(7.827e+03  SEC) : INIT SCF
 ITER   ETOT(eV)       EDIFF(eV)      DRHO       TIME(s)    
 GE1    -9.445886e+03  0.000000e+00   3.054e-03  1.088e+02  
 GE2    -9.445886e+03  -1.219888e-04  1.837e-03  1.023e+02  
 GE3    -9.445895e+03  -8.356576e-03  1.526e-03  1.023e+02  
 GE4    -9.445901e+03  -6.498746e-03  3.697e-04  1.024e+02  
 GE5    -9.445902e+03  -2.683837e-04  2.102e-04  1.023e+02  
 GE6    -9.445902e+03  -1.632841e-04  1.204e-04  1.023e+02  
 GE7    -9.445902e+03  -5.283450e-05  4.301e-05  1.024e+02  
 GE8    -9.445902e+03  -6.907985e-06  1.023e-05  1.024e+02  
 GE9    -9.445902e+03  -3.148427e-07  4.335e-06  1.025e+02  
 GE10   -9.445902e+03  -6.314765e-08  2.006e-06  1.024e+02  
 GE11   -9.445902e+03  -8.170138e-09  9.998e-07  1.025e+02  
 ><><><><><><><><><><><><><><><><><><><><><><
 TOTAL-STRESS (KBAR):
 ><><><><><><><><><><><><><><><><><><><><><><
 2.678e+02      6.694e+01      3.547e+01      
 6.694e+01      1.221e+01      -1.776e+01     
 3.547e+01      -1.776e+01     1.651e+02      
 TOTAL-PRESSURE: 1.484e+02 KBAR
 ------------------------------------------------------------------------------------------------
 Energy              Potential           Kinetic             Temperature         Pressure (KBAR)     
 -3.471e+02          -3.471e+02          6.782e-02           2.011e+02           1.511e+02           
 ------------------------------------------------------------------------------------------------
 -------------------------------------------
 STEP OF MOLECULAR DYNAMICS : 7
 -------------------------------------------
 DONE(9.061e+03  SEC) : INIT SCF
 ITER   ETOT(eV)       EDIFF(eV)      DRHO       TIME(s)    
 GE1    -9.446041e+03  0.000000e+00   3.533e-03  1.087e+02  
 GE2    -9.446032e+03  8.615151e-03   2.075e-03  1.022e+02  
 GE3    -9.446044e+03  -1.209527e-02  2.113e-03  1.023e+02  
 GE4    -9.446059e+03  -1.513332e-02  4.670e-04  1.023e+02  
 GE5    -9.446060e+03  -6.173263e-04  2.803e-04  1.023e+02  
 GE6    -9.446060e+03  -2.913284e-04  1.349e-04  1.024e+02  
 GE7    -9.446060e+03  -6.146456e-05  5.142e-05  1.023e+02  
 GE8    -9.446060e+03  -9.346535e-06  1.278e-05  1.023e+02  
 GE9    -9.446060e+03  -5.106677e-07  6.248e-06  1.022e+02  
 GE10   -9.446060e+03  -1.401700e-07  2.602e-06  1.023e+02  
 GE11   -9.446060e+03  -2.882286e-08  1.084e-06  1.023e+02  
 GE12   -9.446060e+03  -2.490330e-09  3.809e-07  1.023e+02  
 ><><><><><><><><><><><><><><><><><><><><><><
 TOTAL-STRESS (KBAR):
 ><><><><><><><><><><><><><><><><><><><><><><
 2.653e+02      6.746e+01      3.646e+01      
 6.746e+01      1.319e+01      -1.789e+01     
 3.646e+01      -1.789e+01     1.641e+02      
 TOTAL-PRESSURE: 1.475e+02 KBAR
 ------------------------------------------------------------------------------------------------
 Energy              Potential           Kinetic             Temperature         Pressure (KBAR)     
 -3.471e+02          -3.471e+02          8.018e-02           2.377e+02           1.508e+02           
 ------------------------------------------------------------------------------------------------
 -------------------------------------------
 STEP OF MOLECULAR DYNAMICS : 8
 -------------------------------------------
 DONE(1.040e+04  SEC) : INIT SCF
 ITER   ETOT(eV)       EDIFF(eV)      DRHO       TIME(s)    
 GE1    -9.446247e+03  0.000000e+00   4.033e-03  1.086e+02  
 GE2    -9.446246e+03  1.174204e-03   2.475e-03  1.024e+02  
 GE3    -9.446262e+03  -1.619517e-02  2.010e-03  1.023e+02  
 GE4    -9.446275e+03  -1.288550e-02  5.186e-04  1.022e+02  
 GE5    -9.446276e+03  -5.801068e-04  3.023e-04  1.022e+02  
 GE6    -9.446276e+03  -3.831969e-04  1.567e-04  1.022e+02  
 GE7    -9.446276e+03  -8.881968e-05  5.432e-05  1.023e+02  
 GE8    -9.446276e+03  -1.106699e-05  1.482e-05  1.024e+02  
 GE9    -9.446276e+03  -7.570309e-07  6.933e-06  1.023e+02  
 GE10   -9.446276e+03  -1.713053e-07  3.099e-06  1.025e+02  
 GE11   -9.446276e+03  -3.722502e-08  1.106e-06  1.024e+02  
 GE12   -9.446276e+03  -1.421499e-09  5.801e-07  1.024e+02  
 ><><><><><><><><><><><><><><><><><><><><><><
 TOTAL-STRESS (KBAR):
 ><><><><><><><><><><><><><><><><><><><><><><
 2.604e+02      6.549e+01      3.599e+01      
 6.549e+01      1.229e+01      -1.975e+01     
 3.599e+01      -1.975e+01     1.656e+02      
 TOTAL-PRESSURE: 1.461e+02 KBAR
 ------------------------------------------------------------------------------------------------
 Energy              Potential           Kinetic             Temperature         Pressure (KBAR)     
 -3.471e+02          -3.471e+02          7.777e-02           2.306e+02           1.492e+02           
 ------------------------------------------------------------------------------------------------
 -------------------------------------------
 STEP OF MOLECULAR DYNAMICS : 9
 -------------------------------------------
 DONE(1.173e+04  SEC) : INIT SCF
 ITER   ETOT(eV)       EDIFF(eV)      DRHO       TIME(s)    
 GE1    -9.446481e+03  0.000000e+00   3.850e-03  1.087e+02  
 GE2    -9.446475e+03  5.814257e-03   2.469e-03  1.021e+02  
 GE3    -9.446494e+03  -1.812977e-02  2.195e-03  1.020e+02  
 GE4    -9.446507e+03  -1.331813e-02  4.558e-04  1.021e+02  
 GE5    -9.446507e+03  -3.864532e-04  2.847e-04  1.023e+02  
 GE6    -9.446508e+03  -3.179328e-04  1.487e-04  1.022e+02  
 GE7    -9.446508e+03  -8.190949e-05  5.502e-05  1.022e+02  
 GE8    -9.446508e+03  -1.120612e-05  1.257e-05  1.023e+02  
 GE9    -9.446508e+03  -5.074983e-07  5.521e-06  1.021e+02  
 GE10   -9.446508e+03  -9.209116e-08  2.211e-06  1.021e+02  
 GE11   -9.446508e+03  -2.067902e-08  1.219e-06  1.022e+02  
 GE12   -9.446508e+03  -3.446245e-09  4.472e-07  1.022e+02  
 ><><><><><><><><><><><><><><><><><><><><><><
 TOTAL-STRESS (KBAR):
 ><><><><><><><><><><><><><><><><><><><><><><
 2.576e+02      6.276e+01      3.480e+01      
 6.276e+01      1.136e+01      -2.031e+01     
 3.480e+01      -2.031e+01     1.656e+02      
 TOTAL-PRESSURE: 1.449e+02 KBAR
 ------------------------------------------------------------------------------------------------
 Energy              Potential           Kinetic             Temperature         Pressure (KBAR)     
 -3.471e+02          -3.472e+02          8.359e-02           2.478e+02           1.482e+02           
 ------------------------------------------------------------------------------------------------
 -------------------------------------------
 STEP OF MOLECULAR DYNAMICS : 10
 -------------------------------------------
 DONE(1.307e+04  SEC) : INIT SCF
 ITER   ETOT(eV)       EDIFF(eV)      DRHO       TIME(s)    
 GE1    -9.446776e+03  0.000000e+00   3.862e-03  1.084e+02  
 GE2    -9.446769e+03  7.175907e-03   2.357e-03  1.019e+02  
 GE3    -9.446784e+03  -1.532578e-02  2.176e-03  1.021e+02  
 GE4    -9.446800e+03  -1.545311e-02  5.674e-04  1.022e+02  
 GE5    -9.446801e+03  -9.999963e-04  3.850e-04  1.021e+02  
 GE6    -9.446801e+03  -5.436101e-04  1.432e-04  1.020e+02  
 GE7    -9.446801e+03  -6.865506e-05  6.179e-05  1.022e+02  
 GE8    -9.446801e+03  -1.269865e-05  1.107e-05  1.020e+02  
 GE9    -9.446801e+03  -3.038032e-07  7.485e-06  1.021e+02  
 GE10   -9.446801e+03  -2.346525e-07  3.043e-06  1.022e+02  
 GE11   -9.446801e+03  -2.896207e-08  9.319e-07  1.021e+02  
 ><><><><><><><><><><><><><><><><><><><><><><
 TOTAL-STRESS (KBAR):
 ><><><><><><><><><><><><><><><><><><><><><><
 2.522e+02      5.923e+01      3.515e+01      
 5.923e+01      1.199e+01      -2.103e+01     
 3.515e+01      -2.103e+01     1.661e+02      
 TOTAL-PRESSURE: 1.434e+02 KBAR
 ------------------------------------------------------------------------------------------------
 Energy              Potential           Kinetic             Temperature         Pressure (KBAR)     
 -3.471e+02          -3.472e+02          1.121e-01           3.323e+02           1.479e+02           
 ------------------------------------------------------------------------------------------------

  |CLASS_NAME---------|NAME---------------|TIME(Sec)-----|CALLS----|AVG------|PER%-------
                       total               14293          27        5.3e+02   1e+02     %
   Driver              driver_line         14293          1         1.4e+04   1e+02     %
   PW_Basis            setup_struc_factor  1.1586         11        0.11      0.0081    %
   ORB_control         read_orb_first      0.23139        1         0.23      0.0016    %
   LCAO_Orbitals       Read_Orbitals       0.23139        1         0.23      0.0016    %
   NOrbital_Lm         extra_uniform       0.12649        16        0.0079    0.00088   %
   Mathzone_Add1       Uni_Deriv_Phi       0.11255        16        0.007     0.00079   %
   ORB_control         set_orb_tables      7.0056         1         7         0.049     %
   ORB_gen_tables      gen_tables          7.0056         1         7         0.049     %
   ORB_table_phi       init_Table          5.1692         1         5.2       0.036     %
   ORB_table_phi       cal_ST_Phi12_R      5.126          558       0.0092    0.036     %
   ORB_table_beta      init_Table_Beta     1.3532         1         1.4       0.0095    %
   ORB_table_beta      VNL_PhiBeta_R       1.3444         168       0.008     0.0094    %
   ppcell_vl           init_vloc           0.25689        1         0.26      0.0018    %
   Run_MD              md_line             14285          1         1.4e+04   1e+02     %
   Langevin            setup               1857.6         1         1.9e+03   13        %
   MD_func             force_stress        14285          11        1.3e+03   1e+02     %
   ESolver_KS_LCAO     Run                 13196          11        1.2e+03   92        %
   ESolver_KS_LCAO     beforescf           25.491         11        2.3       0.18      %
   ESolver_KS_LCAO     beforesolver        10.313         11        0.94      0.072     %
   ESolver_KS_LCAO     set_matrix_grid     5.9624         11        0.54      0.042     %
   atom_arrange        search              0.10205        11        0.0093    0.00071   %
   Grid_Technique      init                2.7504         11        0.25      0.019     %
   Grid_BigCell        grid_expansion_index0.81542        22        0.037     0.0057    %
   Record_adj          for_2d              2.7774         11        0.25      0.019     %
   Grid_Driver         Find_atom           17.506         693864    2.5e-05   0.12      %
   Charge              atomic_rho          13.259         21        0.63      0.093     %
   PW_Basis            recip2real          1.9592         760       0.0026    0.014     %
   PW_Basis            gathers_scatterp    0.96703        760       0.0013    0.0068    %
   Potential           init_pot            0.78071        11        0.071     0.0055    %
   Potential           update_from_charge  9.1226         139       0.066     0.064     %
   Potential           cal_v_eff           9.0778         139       0.065     0.064     %
   H_Hartree_pw        v_hartree           0.95207        139       0.0068    0.0067    %
   PW_Basis            real2recip          2.8147         1156      0.0024    0.02      %
   PW_Basis            gatherp_scatters    1.0976         1156      0.00095   0.0077    %
   PotXC               cal_v_eff           8.0518         139       0.058     0.056     %
   XC_Functional       v_xc                8.0094         139       0.058     0.056     %
   HSolverLCAO         solve               13149          128       1e+02     92        %
   HamiltLCAO          updateHk            4743.5         4608      1         33        %
   OperatorLCAO        init                3947.2         9216      0.43      28        %
   Veff                contributeHk        3944.4         4608      0.86      28        %
   Gint_interface      cal_gint            6289.8         267       24        44        %
   Gint_interface      cal_gint_vlocal     3020.3         128       24        21        %
   Gint_k              folding_vl_k        924.09         4608      0.2       6.5       %
   Gint_k              Distri              663.9          4608      0.14      4.6       %
   Overlap             contributeHR        5.2572         11        0.48      0.037     %
   LCAO_gen_fixedH     calculate_S_no      5.2571         11        0.48      0.037     %
   Ekinetic<OperatorLCAO>contributeHR        5.3091         11        0.48      0.037     %
   Nonlocal<OperatorLCAO>contributeHR        53.906         11        4.9       0.38      %
   LCAO_gen_fixedH     build_Nonlocal_mu_new169.99         22        7.7       1.2       %
   ORB_gen_tables      snap_psibeta_half   3.6014         1286895   2.8e-06   0.025     %
   OperatorLCAO        folding_fixed       731.74         4608      0.16      5.1       %
   LCAO_nnr            folding_fixedH      723.93         4608      0.16      5.1       %
   HSolverLCAO         hamiltSolvePsiK     1950.6         4608      0.42      14        %
   DiagoElpa           elpa_solve          1933.9         4608      0.42      14        %
   ElecStateLCAO       psiToRho            6454.7         128       50        45        %
   elecstate           cal_dm              164.83         139       1.2       1.2       %
   psiMulPsiMpi        pdgemm              159.48         5004      0.032     1.1       %
    Local_Orbital_wfc  wfc_2d_to_grid      28.758         4608      0.0062    0.2       %
   LCAO_Charge         cal_dk_k            3564.4         128       28        25        %
   Record_adj          for_grid            0.73361        128       0.0057    0.0051    %
   Gint_interface      cal_gint_rho        2714.4         128       21        19        %
   Charge              mix_rho             1.3549         117       0.012     0.0095    %
   Force_Stress_LCAO   getForceStress      1088.3         11        99        7.6       %
   Forces              cal_force_loc       0.88086        11        0.08      0.0062    %
   Forces              cal_force_ew        0.86728        11        0.079     0.0061    %
   Forces              cal_force_scc       7.4599         11        0.68      0.052     %
   Stress_Func         stress_loc          6.4048         11        0.58      0.045     %
   Stress_Func         stress_ewa          0.39325        11        0.036     0.0028    %
   Stress_Func         stress_gga          0.38482        11        0.035     0.0027    %
   Force_LCAO_k        ftable_k            1071.8         11        97        7.5       %
   Force_LCAO_k        allocate_k          150.51         11        14        1.1       %
   Force_LCAO_k        cal_foverlap_k      29.018         11        2.6       0.2       %
   Force_LCAO_k        cal_edm_2d          27.987         11        2.5       0.2       %
   Local_Orbital_Chargecal_dm_R            12.759         22        0.58      0.089     %
   Force_LCAO_k        cal_ftvnl_dphi_k    0.32511        11        0.03      0.0023    %
   Force_LCAO_k        cal_fvl_dphi_k      555.15         11        50        3.9       %
   Gint_interface      cal_gint_force      555.15         11        50        3.9       %
   Force_LCAO_k        cal_fvnl_dbeta_k_new307.77         11        28        2.2       %
 ----------------------------------------------------------------------------------------

 START  Time  : Mon May 22 14:16:30 2023
 FINISH Time  : Mon May 22 18:14:44 2023
 TOTAL  Time  : 1.4e+04
 SEE INFORMATION IN : OUT.ABACUS/
