 In SCAN_BEGIN, can't find: LATTICE_PARAMETERS block.
 In SCAN_BEGIN, can't find: <PP_MESH block.
 In SCAN_BEGIN, can't find: <PP_MESH block.
 AUTO_SET NBANDS to 0
 AUTO_SET NBANDS to 154
 cpu 2D distribution : 4*4
 but, the number of bands-row-block is 3
      Processor           Atom
              1             59
              2             58
              3             55
              4             60
              5             57
              6             60
              7             59
              8             59
              9             56
             10             59
             11             55
             12             60
             13             55
             14             61
             15             56
             16             58
                            startmag_type = 2
                       charge from rho_at = 3.95377
                         charge should be = 4
                            startmag_type = 2
                       charge from rho_at = 3.99303
                         charge should be = 4

 SETUP ATOMIC RHO FOR SPIN 1
                 Electron number from rho = 256
           total electron number from rho = 256
                                should be = 256
                 charge before normalized = 256
                  charge after normalized = 256
                 charge before normalized = 256.00010034157
                  charge after normalized = 256
                 charge before normalized = 256.000151731591
                  charge after normalized = 256
                 charge before normalized = 256.000121056633
                  charge after normalized = 256
                 charge before normalized = 256.000121598151
                  charge after normalized = 256
                 charge before normalized = 256.000118963471
                  charge after normalized = 256
                 charge before normalized = 256.000118964217
                  charge after normalized = 256
                 charge before normalized = 256.000118932618
                  charge after normalized = 256
                 charge before normalized = 256.000119148434
                  charge after normalized = 256
                 charge before normalized = 256.000119169278
                  charge after normalized = 256
                 charge before normalized = 256.000119184893
                  charge after normalized = 256
                 charge before normalized = 256.000119163566
                  charge after normalized = 256
                 charge before normalized = 256.000119179479
                  charge after normalized = 256
                 charge before normalized = 256.000119184209
                  charge after normalized = 256
                 charge before normalized = 256.000119180429
                  charge after normalized = 256
                 charge before normalized = 256.000119180209
                  charge after normalized = 256
                 charge before normalized = 256.00011918023
                  charge after normalized = 256
                 charge before normalized = 256.000119180299
                  charge after normalized = 256
                 charge before normalized = 256.000119180253
                  charge after normalized = 256
                            startmag_type = 2
                       charge from rho_at = 3.95377434289291
                         charge should be = 4
                            startmag_type = 2
                       charge from rho_at = 3.99303358802097
                         charge should be = 4

 SETUP ATOMIC RHO FOR SPIN 1
                 Electron number from rho = 256
           total electron number from rho = 256
                                should be = 256
                            startmag_type = 2
                       charge from rho_at = 3.95377434289291
                         charge should be = 4
                            startmag_type = 2
                       charge from rho_at = 3.99303358802097
                         charge should be = 4

 SETUP ATOMIC RHO FOR SPIN 1
                 Electron number from rho = 256
           total electron number from rho = 256
                                should be = 256
      Processor           Atom
              1             59
              2             58
              3             55
              4             60
              5             57
              6             60
              7             59
              8             59
              9             56
             10             59
             11             55
             12             60
             13             55
             14             61
             15             56
             16             58
                 charge before normalized = 256
                  charge after normalized = 256
                 charge before normalized = 256.000119130396
                  charge after normalized = 256
                 charge before normalized = 256.000119122268
                  charge after normalized = 256
                 charge before normalized = 256.00011915371
                  charge after normalized = 256
                 charge before normalized = 256.00011913242
                  charge after normalized = 256
                 charge before normalized = 256.000119136807
                  charge after normalized = 256
                 charge before normalized = 256.000119134101
                  charge after normalized = 256
                 charge before normalized = 256.000119135525
                  charge after normalized = 256
                 charge before normalized = 256.000119135311
                  charge after normalized = 256
                 charge before normalized = 256.000119135372
                  charge after normalized = 256
                 charge before normalized = 256.000119135334
                  charge after normalized = 256
                            startmag_type = 2
                       charge from rho_at = 3.95377434289291
                         charge should be = 4
                            startmag_type = 2
                       charge from rho_at = 3.99303358802097
                         charge should be = 4

 SETUP ATOMIC RHO FOR SPIN 1
                 Electron number from rho = 256
           total electron number from rho = 256
                                should be = 256
                            startmag_type = 2
                       charge from rho_at = 3.95377434289291
                         charge should be = 4
                            startmag_type = 2
                       charge from rho_at = 3.99303358802097
                         charge should be = 4

 SETUP ATOMIC RHO FOR SPIN 1
                 Electron number from rho = 256
           total electron number from rho = 256
                                should be = 256
      Processor           Atom
              1             59
              2             58
              3             55
              4             60
              5             58
              6             60
              7             59
              8             59
              9             56
             10             59
             11             55
             12             60
             13             55
             14             60
             15             56
             16             57
                 charge before normalized = 256
                  charge after normalized = 256
                 charge before normalized = 256.000119119975
                  charge after normalized = 256
                 charge before normalized = 256.000119098113
                  charge after normalized = 256
                 charge before normalized = 256.000119178532
                  charge after normalized = 256
                 charge before normalized = 256.000119116963
                  charge after normalized = 256
                 charge before normalized = 256.000119131139
                  charge after normalized = 256
                 charge before normalized = 256.000119123968
                  charge after normalized = 256
                 charge before normalized = 256.00011912655
                  charge after normalized = 256
                 charge before normalized = 256.000119126497
                  charge after normalized = 256
                 charge before normalized = 256.000119126644
                  charge after normalized = 256
                 charge before normalized = 256.000119126514
                  charge after normalized = 256
                 charge before normalized = 256.000119126557
                  charge after normalized = 256
                            startmag_type = 2
                       charge from rho_at = 3.95377434289291
                         charge should be = 4
                            startmag_type = 2
                       charge from rho_at = 3.99303358802097
                         charge should be = 4

 SETUP ATOMIC RHO FOR SPIN 1
                 Electron number from rho = 256
           total electron number from rho = 256
                                should be = 256
                            startmag_type = 2
                       charge from rho_at = 3.95377434289291
                         charge should be = 4
                            startmag_type = 2
                       charge from rho_at = 3.99303358802097
                         charge should be = 4

 SETUP ATOMIC RHO FOR SPIN 1
                 Electron number from rho = 256
           total electron number from rho = 256
                                should be = 256
      Processor           Atom
              1             59
              2             58
              3             55
              4             60
              5             58
              6             60
              7             59
              8             59
              9             56
             10             59
             11             55
             12             60
             13             55
             14             60
             15             56
             16             57
                 charge before normalized = 256
                  charge after normalized = 256
                 charge before normalized = 256.000119066758
                  charge after normalized = 256
                 charge before normalized = 256.000119078788
                  charge after normalized = 256
                 charge before normalized = 256.000119074227
                  charge after normalized = 256
                 charge before normalized = 256.000119076382
                  charge after normalized = 256
                 charge before normalized = 256.000119074733
                  charge after normalized = 256
                 charge before normalized = 256.000119074314
                  charge after normalized = 256
                 charge before normalized = 256.000119076382
                  charge after normalized = 256
                 charge before normalized = 256.000119074937
                  charge after normalized = 256
                 charge before normalized = 256.000119075459
                  charge after normalized = 256
                 charge before normalized = 256.00011907536
                  charge after normalized = 256
                 charge before normalized = 256.000119075297
                  charge after normalized = 256
                            startmag_type = 2
                       charge from rho_at = 3.95377434289291
                         charge should be = 4
                            startmag_type = 2
                       charge from rho_at = 3.99303358802097
                         charge should be = 4

 SETUP ATOMIC RHO FOR SPIN 1
                 Electron number from rho = 256
           total electron number from rho = 256
                                should be = 256
                            startmag_type = 2
                       charge from rho_at = 3.95377434289291
                         charge should be = 4
                            startmag_type = 2
                       charge from rho_at = 3.99303358802097
                         charge should be = 4

 SETUP ATOMIC RHO FOR SPIN 1
                 Electron number from rho = 256
           total electron number from rho = 256
                                should be = 256
      Processor           Atom
              1             58
              2             58
              3             55
              4             60
              5             57
              6             60
              7             59
              8             59
              9             56
             10             59
             11             55
             12             60
             13             55
             14             61
             15             56
             16             58
                 charge before normalized = 256
                  charge after normalized = 256
                 charge before normalized = 256.000119088308
                  charge after normalized = 256
                 charge before normalized = 256.000119078451
                  charge after normalized = 256
                 charge before normalized = 256.000119110143
                  charge after normalized = 256
                 charge before normalized = 256.000119088011
                  charge after normalized = 256
                 charge before normalized = 256.00011908873
                  charge after normalized = 256
                 charge before normalized = 256.000119093438
                  charge after normalized = 256
                 charge before normalized = 256.000119087724
                  charge after normalized = 256
                 charge before normalized = 256.00011909066
                  charge after normalized = 256
                 charge before normalized = 256.000119090309
                  charge after normalized = 256
                 charge before normalized = 256.000119090268
                  charge after normalized = 256
                 charge before normalized = 256.000119090209
                  charge after normalized = 256
                            startmag_type = 2
                       charge from rho_at = 3.95377434289291
                         charge should be = 4
                            startmag_type = 2
                       charge from rho_at = 3.99303358802097
                         charge should be = 4

 SETUP ATOMIC RHO FOR SPIN 1
                 Electron number from rho = 256
           total electron number from rho = 256
                                should be = 256
                            startmag_type = 2
                       charge from rho_at = 3.95377434289291
                         charge should be = 4
                            startmag_type = 2
                       charge from rho_at = 3.99303358802097
                         charge should be = 4

 SETUP ATOMIC RHO FOR SPIN 1
                 Electron number from rho = 256
           total electron number from rho = 256
                                should be = 256
      Processor           Atom
              1             59
              2             58
              3             55
              4             60
              5             57
              6             60
              7             59
              8             59
              9             56
             10             59
             11             55
             12             60
             13             55
             14             61
             15             56
             16             58
                 charge before normalized = 256
                  charge after normalized = 256
                 charge before normalized = 256.000119060132
                  charge after normalized = 256
                 charge before normalized = 256.000119028912
                  charge after normalized = 256
                 charge before normalized = 256.000119124512
                  charge after normalized = 256
                 charge before normalized = 256.000119044677
                  charge after normalized = 256
                 charge before normalized = 256.000119074534
                  charge after normalized = 256
                 charge before normalized = 256.000119061313
                  charge after normalized = 256
                 charge before normalized = 256.000119064245
                  charge after normalized = 256
                 charge before normalized = 256.000119064169
                  charge after normalized = 256
                 charge before normalized = 256.000119064156
                  charge after normalized = 256
                 charge before normalized = 256.00011906421
                  charge after normalized = 256
                 charge before normalized = 256.000119064153
                  charge after normalized = 256
                            startmag_type = 2
                       charge from rho_at = 3.95377434289291
                         charge should be = 4
                            startmag_type = 2
                       charge from rho_at = 3.99303358802097
                         charge should be = 4

 SETUP ATOMIC RHO FOR SPIN 1
                 Electron number from rho = 256
           total electron number from rho = 256
                                should be = 256
                            startmag_type = 2
                       charge from rho_at = 3.95377434289291
                         charge should be = 4
                            startmag_type = 2
                       charge from rho_at = 3.99303358802097
                         charge should be = 4

 SETUP ATOMIC RHO FOR SPIN 1
                 Electron number from rho = 256
           total electron number from rho = 256
                                should be = 256
      Processor           Atom
              1             59
              2             58
              3             55
              4             60
              5             57
              6             60
              7             59
              8             59
              9             56
             10             59
             11             55
             12             60
             13             55
             14             61
             15             56
             16             58
                 charge before normalized = 256
                  charge after normalized = 256
                 charge before normalized = 256.000119014187
                  charge after normalized = 256
                 charge before normalized = 256.000119056068
                  charge after normalized = 256
                 charge before normalized = 256.000118997974
                  charge after normalized = 256
                 charge before normalized = 256.000119033543
                  charge after normalized = 256
                 charge before normalized = 256.000119028215
                  charge after normalized = 256
                 charge before normalized = 256.000119030452
                  charge after normalized = 256
                 charge before normalized = 256.000119030972
                  charge after normalized = 256
                 charge before normalized = 256.000119029282
                  charge after normalized = 256
                 charge before normalized = 256.000119030374
                  charge after normalized = 256
                 charge before normalized = 256.000119030114
                  charge after normalized = 256
                 charge before normalized = 256.000119030072
                  charge after normalized = 256
                 charge before normalized = 256.000119030155
                  charge after normalized = 256
                            startmag_type = 2
                       charge from rho_at = 3.95377434289291
                         charge should be = 4
                            startmag_type = 2
                       charge from rho_at = 3.99303358802097
                         charge should be = 4

 SETUP ATOMIC RHO FOR SPIN 1
                 Electron number from rho = 256
           total electron number from rho = 256
                                should be = 256
                            startmag_type = 2
                       charge from rho_at = 3.95377434289291
                         charge should be = 4
                            startmag_type = 2
                       charge from rho_at = 3.99303358802097
                         charge should be = 4

 SETUP ATOMIC RHO FOR SPIN 1
                 Electron number from rho = 256
           total electron number from rho = 256
                                should be = 256
      Processor           Atom
              1             59
              2             58
              3             55
              4             60
              5             57
              6             60
              7             59
              8             59
              9             56
             10             59
             11             55
             12             60
             13             55
             14             61
             15             56
             16             57
                 charge before normalized = 256
                  charge after normalized = 256
                 charge before normalized = 256.000118908908
                  charge after normalized = 256
                 charge before normalized = 256.000118944695
                  charge after normalized = 256
                 charge before normalized = 256.000118880586
                  charge after normalized = 256
                 charge before normalized = 256.000118929883
                  charge after normalized = 256
                 charge before normalized = 256.000118906795
                  charge after normalized = 256
                 charge before normalized = 256.000118922745
                  charge after normalized = 256
                 charge before normalized = 256.000118916395
                  charge after normalized = 256
                 charge before normalized = 256.000118918303
                  charge after normalized = 256
                 charge before normalized = 256.00011891794
                  charge after normalized = 256
                 charge before normalized = 256.000118918049
                  charge after normalized = 256
                 charge before normalized = 256.000118917987
                  charge after normalized = 256
                 charge before normalized = 256.000118917926
                  charge after normalized = 256
                            startmag_type = 2
                       charge from rho_at = 3.95377434289291
                         charge should be = 4
                            startmag_type = 2
                       charge from rho_at = 3.99303358802097
                         charge should be = 4

 SETUP ATOMIC RHO FOR SPIN 1
                 Electron number from rho = 256
           total electron number from rho = 256
                                should be = 256
                            startmag_type = 2
                       charge from rho_at = 3.95377434289291
                         charge should be = 4
                            startmag_type = 2
                       charge from rho_at = 3.99303358802097
                         charge should be = 4

 SETUP ATOMIC RHO FOR SPIN 1
                 Electron number from rho = 256
           total electron number from rho = 256
                                should be = 256
      Processor           Atom
              1             59
              2             58
              3             55
              4             59
              5             57
              6             60
              7             59
              8             59
              9             56
             10             59
             11             55
             12             60
             13             55
             14             61
             15             56
             16             57
                 charge before normalized = 256
                  charge after normalized = 256
                 charge before normalized = 256.000119003308
                  charge after normalized = 256
                 charge before normalized = 256.000118959348
                  charge after normalized = 256
                 charge before normalized = 256.000119079169
                  charge after normalized = 256
                 charge before normalized = 256.000118970914
                  charge after normalized = 256
                 charge before normalized = 256.000119008301
                  charge after normalized = 256
                 charge before normalized = 256.000118994014
                  charge after normalized = 256
                 charge before normalized = 256.000118998222
                  charge after normalized = 256
                 charge before normalized = 256.000118998372
                  charge after normalized = 256
                 charge before normalized = 256.000118998303
                  charge after normalized = 256
                 charge before normalized = 256.000118998169
                  charge after normalized = 256
                 charge before normalized = 256.000118998216
                  charge after normalized = 256
                 charge before normalized = 256.000118998158
                  charge after normalized = 256
                            startmag_type = 2
                       charge from rho_at = 3.95377434289291
                         charge should be = 4
                            startmag_type = 2
                       charge from rho_at = 3.99303358802097
                         charge should be = 4

 SETUP ATOMIC RHO FOR SPIN 1
                 Electron number from rho = 256
           total electron number from rho = 256
                                should be = 256
                            startmag_type = 2
                       charge from rho_at = 3.95377434289291
                         charge should be = 4
                            startmag_type = 2
                       charge from rho_at = 3.99303358802097
                         charge should be = 4

 SETUP ATOMIC RHO FOR SPIN 1
                 Electron number from rho = 256
           total electron number from rho = 256
                                should be = 256
      Processor           Atom
              1             59
              2             58
              3             55
              4             59
              5             56
              6             60
              7             59
              8             59
              9             56
             10             59
             11             55
             12             60
             13             55
             14             61
             15             57
             16             57
                 charge before normalized = 256
                  charge after normalized = 256
                 charge before normalized = 256.000119005136
                  charge after normalized = 256
                 charge before normalized = 256.000119065614
                  charge after normalized = 256
                 charge before normalized = 256.000118972454
                  charge after normalized = 256
                 charge before normalized = 256.000119023297
                  charge after normalized = 256
                 charge before normalized = 256.000119013364
                  charge after normalized = 256
                 charge before normalized = 256.000119020462
                  charge after normalized = 256
                 charge before normalized = 256.000119016691
                  charge after normalized = 256
                 charge before normalized = 256.000119018185
                  charge after normalized = 256
                 charge before normalized = 256.000119017327
                  charge after normalized = 256
                 charge before normalized = 256.00011901767
                  charge after normalized = 256
                 charge before normalized = 256.000119017548
                  charge after normalized = 256
                 charge before normalized = 256.000119017623
                  charge after normalized = 256
                            startmag_type = 2
                       charge from rho_at = 3.95377434289291
                         charge should be = 4
                            startmag_type = 2
                       charge from rho_at = 3.99303358802097
                         charge should be = 4

 SETUP ATOMIC RHO FOR SPIN 1
                 Electron number from rho = 256
           total electron number from rho = 256
                                should be = 256
                            startmag_type = 2
                       charge from rho_at = 3.95377434289291
                         charge should be = 4
                            startmag_type = 2
                       charge from rho_at = 3.99303358802097
                         charge should be = 4

 SETUP ATOMIC RHO FOR SPIN 1
                 Electron number from rho = 256
           total electron number from rho = 256
                                should be = 256
      Processor           Atom
              1             59
              2             58
              3             55
              4             59
              5             56
              6             60
              7             60
              8             59
              9             56
             10             59
             11             55
             12             59
             13             55
             14             61
             15             57
             16             57
                 charge before normalized = 256
                  charge after normalized = 256
                 charge before normalized = 256.000118922166
                  charge after normalized = 256
                 charge before normalized = 256.000118955936
                  charge after normalized = 256
                 charge before normalized = 256.000118900437
                  charge after normalized = 256
                 charge before normalized = 256.0001189417
                  charge after normalized = 256
                 charge before normalized = 256.000118925279
                  charge after normalized = 256
                 charge before normalized = 256.000118939102
                  charge after normalized = 256
                 charge before normalized = 256.000118930532
                  charge after normalized = 256
                 charge before normalized = 256.000118933701
                  charge after normalized = 256
                 charge before normalized = 256.000118933306
                  charge after normalized = 256
                 charge before normalized = 256.000118933473
                  charge after normalized = 256
                 charge before normalized = 256.000118933345
                  charge after normalized = 256
                 charge before normalized = 256.000118933346
                  charge after normalized = 256
