WARNING: Total thread number on this node mismatches with hardware availability. This may cause poor performance.
Info: Local MPI proc number: 16,OpenMP thread number: 1,Total thread number: 16,Local thread limit: 32
                                                                                     
                              ABACUS v3.1                                            

               Atomic-orbital Based Ab-initio Computation at UStc                    

                     Website: http://abacus.ustc.edu.cn/                             
               Documentation: https://abacus.deepmodeling.com/                       
                  Repository: https://github.com/abacusmodeling/abacus-develop       
                              https://github.com/deepmodeling/abacus-develop         

 Fri Feb  3 16:52:55 2023
 MAKE THE DIR         : OUT.ABACUS/
 MAKE THE STRU DIR    : OUT.ABACUS/STRU/
 UNIFORM GRID DIM     : 108 * 108 * 108
 UNIFORM GRID DIM(BIG): 54 * 54 * 54
 DONE(0.112707   SEC) : SETUP UNITCELL
 DONE(0.126297   SEC) : INIT K-POINTS
 ---------------------------------------------------------
 Molecular Dynamics simulations
 ---------------------------------------------------------
 ENSEMBLE                 : Langevin
 Time interval(fs)        : 1
 ---------------------------------------------------------
 SPIN    KPOINTS         PROCESSORS  NBASE       
 1       36              16          1408        
 ---------------------------------------------------------
 Use Systematically Improvable Atomic bases
 ---------------------------------------------------------
 ELEMENT ORBITALS        NBASE       NATOM       XC          
 Si      3s3p2d-9au      22          32          
 C       3s3p2d-9au      22          32          
 ---------------------------------------------------------
 Initial plane wave basis and FFT box
 ---------------------------------------------------------
--------------------------------- INITVEL DONE ------------------------------------
 -------------------------------------------
 STEP OF MOLECULAR DYNAMICS : 0
 -------------------------------------------
 START CHARGE      : atomic
 DONE(9.67092    SEC) : INIT SCF
 ITER   ETOT(eV)       EDIFF(eV)      DRHO       TIME(s)    
 GE1    -8.336634e+03  0.000000e+00   2.717e-01  8.264e+01  
 GE2    -8.383234e+03  -4.659989e+01  1.561e-01  7.681e+01  
 GE3    -8.394126e+03  -1.089206e+01  3.354e-02  7.656e+01  
 GE4    -8.390567e+03  3.559644e+00   6.122e-02  7.646e+01  
 GE5    -8.401814e+03  -1.124758e+01  6.766e-03  7.632e+01  
 GE6    -8.401869e+03  -5.435763e-02  2.993e-03  7.654e+01  
 GE7    -8.401878e+03  -9.516046e-03  1.431e-03  7.650e+01  
 GE8    -8.401881e+03  -2.517082e-03  1.272e-03  7.637e+01  
 GE9    -8.401883e+03  -2.355871e-03  6.714e-04  7.636e+01  
 GE10   -8.401884e+03  -9.028037e-04  1.511e-04  7.641e+01  
 GE11   -8.401884e+03  -8.928209e-05  7.778e-05  7.650e+01  
 GE12   -8.401884e+03  -9.282338e-06  3.417e-05  7.643e+01  
 GE13   -8.401884e+03  -2.318978e-06  1.670e-05  7.643e+01  
 GE14   -8.401884e+03  -9.594329e-07  5.291e-06  7.648e+01  
 GE15   -8.401884e+03  -5.705794e-08  2.979e-06  7.630e+01  
 GE16   -8.401884e+03  -2.189015e-08  1.320e-06  7.649e+01  
 GE17   -8.401884e+03  -3.139981e-10  7.682e-07  7.643e+01  
 ><><><><><><><><><><><><><><><><><><><><><><
 TOTAL-STRESS (KBAR):
 ><><><><><><><><><><><><><><><><><><><><><><
 1.854e+00      -7.196e+01     2.014e+01      
 -7.196e+01     8.093e+00      5.123e+01      
 2.014e+01      5.123e+01      -3.036e+01     
 TOTAL-PRESSURE: -6.806e+00 KBAR
 ------------------------------------------------------------------------------------------------
 Energy              Potential           Kinetic             Temperature         Pressure (KBAR)     
 -3.088e+02          -3.088e+02          2.993e-03           1.000e+01           -6.678e+00          
 ------------------------------------------------------------------------------------------------
 -------------------------------------------
 STEP OF MOLECULAR DYNAMICS : 1
 -------------------------------------------
 DONE(1.399e+03  SEC) : INIT SCF
 ITER   ETOT(eV)       EDIFF(eV)      DRHO       TIME(s)    
 GE1    -8.401943e+03  0.000000e+00   4.617e-04  8.205e+01  
 GE2    -8.401943e+03  1.425939e-04   3.385e-04  7.666e+01  
 GE3    -8.401943e+03  -2.613809e-04  3.096e-04  7.678e+01  
 GE4    -8.401944e+03  -2.558084e-04  7.385e-05  7.666e+01  
 GE5    -8.401944e+03  -1.332101e-05  3.519e-05  7.673e+01  
 GE6    -8.401944e+03  -3.363347e-06  1.366e-05  7.673e+01  
 GE7    -8.401944e+03  -3.845967e-07  4.538e-06  7.661e+01  
 GE8    -8.401944e+03  -5.790713e-08  2.363e-06  7.657e+01  
 GE9    -8.401944e+03  -1.326062e-08  8.548e-07  7.677e+01  
 ><><><><><><><><><><><><><><><><><><><><><><
 TOTAL-STRESS (KBAR):
 ><><><><><><><><><><><><><><><><><><><><><><
 1.681e+00      -7.178e+01     2.054e+01      
 -7.178e+01     7.946e+00      5.081e+01      
 2.054e+01      5.081e+01      -3.071e+01     
 TOTAL-PRESSURE: -7.028e+00 KBAR
 ------------------------------------------------------------------------------------------------
 Energy              Potential           Kinetic             Temperature         Pressure (KBAR)     
 -3.088e+02          -3.088e+02          6.746e-03           2.254e+01           -6.741e+00          
 ------------------------------------------------------------------------------------------------
 -------------------------------------------
 STEP OF MOLECULAR DYNAMICS : 2
 -------------------------------------------
 DONE(2.177e+03  SEC) : INIT SCF
 ITER   ETOT(eV)       EDIFF(eV)      DRHO       TIME(s)    
 GE1    -8.402062e+03  0.000000e+00   1.545e-03  8.229e+01  
 GE2    -8.402060e+03  1.144797e-03   9.201e-04  7.696e+01  
 GE3    -8.402062e+03  -1.740438e-03  9.260e-04  7.688e+01  
 GE4    -8.402065e+03  -2.436428e-03  2.137e-04  7.693e+01  
 GE5    -8.402065e+03  -1.086900e-04  1.220e-04  7.690e+01  
 GE6    -8.402065e+03  -3.708026e-05  4.345e-05  7.693e+01  
 GE7    -8.402065e+03  -3.532064e-06  1.208e-05  7.692e+01  
 GE8    -8.402065e+03  -4.517242e-07  7.545e-06  7.685e+01  
 GE9    -8.402065e+03  -1.767577e-07  2.208e-06  7.696e+01  
 GE10   -8.402065e+03  -1.087702e-08  5.825e-07  7.680e+01  
 ><><><><><><><><><><><><><><><><><><><><><><
 TOTAL-STRESS (KBAR):
 ><><><><><><><><><><><><><><><><><><><><><><
 1.459e+00      -7.144e+01     2.156e+01      
 -7.144e+01     7.589e+00      4.974e+01      
 2.156e+01      4.974e+01      -3.139e+01     
 TOTAL-PRESSURE: -7.447e+00 KBAR
 ------------------------------------------------------------------------------------------------
 Energy              Potential           Kinetic             Temperature         Pressure (KBAR)     
 -3.088e+02          -3.088e+02          1.770e-02           5.916e+01           -6.694e+00          
 ------------------------------------------------------------------------------------------------
 -------------------------------------------
 STEP OF MOLECULAR DYNAMICS : 3
 -------------------------------------------
 DONE(3.034e+03  SEC) : INIT SCF
 ITER   ETOT(eV)       EDIFF(eV)      DRHO       TIME(s)    
 GE1    -8.402211e+03  0.000000e+00   2.025e-03  8.230e+01  
 GE2    -8.402211e+03  9.799301e-05   1.184e-03  7.707e+01  
 GE3    -8.402214e+03  -2.667922e-03  9.927e-04  7.692e+01  
 GE4    -8.402216e+03  -2.572873e-03  2.971e-04  7.703e+01  
 GE5    -8.402216e+03  -2.462178e-04  1.727e-04  7.703e+01  
 GE6    -8.402216e+03  -9.137884e-05  5.621e-05  7.701e+01  
 GE7    -8.402216e+03  -6.834316e-06  1.524e-05  7.685e+01  
 GE8    -8.402216e+03  -5.307790e-07  8.064e-06  7.699e+01  
 GE9    -8.402216e+03  -2.198126e-07  3.417e-06  7.703e+01  
 GE10   -8.402216e+03  -3.379424e-08  7.738e-07  7.702e+01  
 ><><><><><><><><><><><><><><><><><><><><><><
 TOTAL-STRESS (KBAR):
 ><><><><><><><><><><><><><><><><><><><><><><
 1.117e+00      -7.114e+01     2.231e+01      
 -7.114e+01     7.127e+00      4.908e+01      
 2.231e+01      4.908e+01      -3.219e+01     
 TOTAL-PRESSURE: -7.982e+00 KBAR
 ------------------------------------------------------------------------------------------------
 Energy              Potential           Kinetic             Temperature         Pressure (KBAR)     
 -3.087e+02          -3.088e+02          2.856e-02           9.544e+01           -6.766e+00          
 ------------------------------------------------------------------------------------------------
 -------------------------------------------
 STEP OF MOLECULAR DYNAMICS : 4
 -------------------------------------------
 DONE(3.891e+03  SEC) : INIT SCF
 ITER   ETOT(eV)       EDIFF(eV)      DRHO       TIME(s)    
 GE1    -8.402352e+03  0.000000e+00   2.268e-03  8.253e+01  
 GE2    -8.402346e+03  6.193695e-03   1.620e-03  7.702e+01  
 GE3    -8.402353e+03  -7.692879e-03  1.606e-03  7.703e+01  
 GE4    -8.402360e+03  -6.888503e-03  3.183e-04  7.675e+01  
 GE5    -8.402360e+03  -1.825015e-04  1.650e-04  7.696e+01  
 GE6    -8.402360e+03  -6.566385e-05  6.803e-05  7.691e+01  
 GE7    -8.402360e+03  -9.302836e-06  2.503e-05  7.686e+01  
 GE8    -8.402360e+03  -2.100163e-06  1.048e-05  7.705e+01  
 GE9    -8.402360e+03  -3.389122e-07  3.342e-06  7.699e+01  
 GE10   -8.402360e+03  -2.138126e-08  8.724e-07  7.696e+01  
 ><><><><><><><><><><><><><><><><><><><><><><
 TOTAL-STRESS (KBAR):
 ><><><><><><><><><><><><><><><><><><><><><><
 7.766e-01      -7.127e+01     2.297e+01      
 -7.127e+01     7.050e+00      4.830e+01      
 2.297e+01      4.830e+01      -3.294e+01     
 TOTAL-PRESSURE: -8.370e+00 KBAR
 ------------------------------------------------------------------------------------------------
 Energy              Potential           Kinetic             Temperature         Pressure (KBAR)     
 -3.087e+02          -3.088e+02          3.865e-02           1.291e+02           -6.725e+00          
 ------------------------------------------------------------------------------------------------
 -------------------------------------------
 STEP OF MOLECULAR DYNAMICS : 5
 -------------------------------------------
 DONE(4.748e+03  SEC) : INIT SCF
 ITER   ETOT(eV)       EDIFF(eV)      DRHO       TIME(s)    
 GE1    -8.402450e+03  0.000000e+00   2.496e-03  8.210e+01  
 GE2    -8.402451e+03  -7.541207e-04  1.392e-03  7.664e+01  
 GE3    -8.402455e+03  -3.881971e-03  1.119e-03  7.669e+01  
 GE4    -8.402458e+03  -3.004033e-03  3.230e-04  7.651e+01  
 GE5    -8.402458e+03  -2.666827e-04  2.382e-04  7.658e+01  
 GE6    -8.402459e+03  -1.933668e-04  7.388e-05  7.668e+01  
 GE7    -8.402459e+03  -1.235171e-05  1.628e-05  7.679e+01  
 GE8    -8.402459e+03  -5.855152e-07  1.033e-05  7.660e+01  
 GE9    -8.402459e+03  -3.591504e-07  3.622e-06  7.663e+01  
 GE10   -8.402459e+03  -4.103012e-08  1.035e-06  7.669e+01  
 GE11   -8.402459e+03  -1.546789e-09  4.202e-07  7.682e+01  
 ><><><><><><><><><><><><><><><><><><><><><><
 TOTAL-STRESS (KBAR):
 ><><><><><><><><><><><><><><><><><><><><><><
 2.179e-01      -7.056e+01     2.414e+01      
 -7.056e+01     6.722e+00      4.695e+01      
 2.414e+01      4.695e+01      -3.361e+01     
 TOTAL-PRESSURE: -8.889e+00 KBAR
 ------------------------------------------------------------------------------------------------
 Energy              Potential           Kinetic             Temperature         Pressure (KBAR)     
 -3.087e+02          -3.088e+02          3.737e-02           1.249e+02           -7.299e+00          
 ------------------------------------------------------------------------------------------------
 -------------------------------------------
 STEP OF MOLECULAR DYNAMICS : 6
 -------------------------------------------
 DONE(5.680e+03  SEC) : INIT SCF
 ITER   ETOT(eV)       EDIFF(eV)      DRHO       TIME(s)    
 GE1    -8.402469e+03  0.000000e+00   2.832e-03  8.244e+01  
 GE2    -8.402462e+03  6.970865e-03   2.053e-03  7.721e+01  
 GE3    -8.402473e+03  -1.116701e-02  1.832e-03  7.716e+01  
 GE4    -8.402482e+03  -8.815691e-03  4.236e-04  7.709e+01  
 GE5    -8.402483e+03  -4.107170e-04  2.246e-04  7.695e+01  
 GE6    -8.402483e+03  -1.426322e-04  8.784e-05  7.707e+01  
 GE7    -8.402483e+03  -1.607251e-05  3.560e-05  7.707e+01  
 GE8    -8.402483e+03  -4.445425e-06  1.394e-05  7.705e+01  
 GE9    -8.402483e+03  -6.001556e-07  4.255e-06  7.711e+01  
 GE10   -8.402483e+03  -4.213298e-08  1.065e-06  7.714e+01  
 GE11   -8.402483e+03  -1.294662e-09  3.926e-07  7.711e+01  
 ><><><><><><><><><><><><><><><><><><><><><><
 TOTAL-STRESS (KBAR):
 ><><><><><><><><><><><><><><><><><><><><><><
 -1.250e-02     -7.031e+01     2.419e+01      
 -7.031e+01     6.960e+00      4.690e+01      
 2.419e+01      4.690e+01      -3.387e+01     
 TOTAL-PRESSURE: -8.976e+00 KBAR
 ------------------------------------------------------------------------------------------------
 Energy              Potential           Kinetic             Temperature         Pressure (KBAR)     
 -3.087e+02          -3.088e+02          4.991e-02           1.668e+02           -6.852e+00          
 ------------------------------------------------------------------------------------------------
 -------------------------------------------
 STEP OF MOLECULAR DYNAMICS : 7
 -------------------------------------------
 DONE(6.615e+03  SEC) : INIT SCF
 ITER   ETOT(eV)       EDIFF(eV)      DRHO       TIME(s)    
 GE1    -8.402354e+03  0.000000e+00   2.996e-03  8.238e+01  
 GE2    -8.402349e+03  4.845525e-03   1.914e-03  7.713e+01  
 GE3    -8.402359e+03  -9.798624e-03  1.700e-03  7.712e+01  
 GE4    -8.402367e+03  -8.049744e-03  4.253e-04  7.704e+01  
 GE5    -8.402368e+03  -4.270701e-04  2.463e-04  7.706e+01  
 GE6    -8.402368e+03  -1.804475e-04  8.492e-05  7.732e+01  
 GE7    -8.402368e+03  -1.441497e-05  2.141e-05  7.711e+01  
 GE8    -8.402368e+03  -1.158910e-06  1.177e-05  7.703e+01  
 GE9    -8.402368e+03  -4.900892e-07  4.652e-06  7.705e+01  
 GE10   -8.402368e+03  -6.310744e-08  1.224e-06  7.714e+01  
 GE11   -8.402368e+03  -2.103633e-09  4.572e-07  7.694e+01  
 ><><><><><><><><><><><><><><><><><><><><><><
 TOTAL-STRESS (KBAR):
 ><><><><><><><><><><><><><><><><><><><><><><
 -1.605e-01     -6.976e+01     2.452e+01      
 -6.976e+01     8.003e+00      4.696e+01      
 2.452e+01      4.696e+01      -3.363e+01     
 TOTAL-PRESSURE: -8.594e+00 KBAR
 ------------------------------------------------------------------------------------------------
 Energy              Potential           Kinetic             Temperature         Pressure (KBAR)     
 -3.087e+02          -3.088e+02          6.302e-02           2.106e+02           -5.913e+00          
 ------------------------------------------------------------------------------------------------
 -------------------------------------------
 STEP OF MOLECULAR DYNAMICS : 8
 -------------------------------------------
 DONE(7.551e+03  SEC) : INIT SCF
 ITER   ETOT(eV)       EDIFF(eV)      DRHO       TIME(s)    
 GE1    -8.402320e+03  0.000000e+00   3.557e-03  8.244e+01  
 GE2    -8.402320e+03  1.744316e-05   2.028e-03  7.733e+01  
 GE3    -8.402327e+03  -6.996034e-03  1.706e-03  7.706e+01  
 GE4    -8.402335e+03  -8.156268e-03  5.448e-04  7.706e+01  
 GE5    -8.402336e+03  -8.071911e-04  3.010e-04  7.709e+01  
 GE6    -8.402336e+03  -2.874040e-04  1.032e-04  7.713e+01  
 GE7    -8.402336e+03  -2.348967e-05  2.349e-05  7.706e+01  
 GE8    -8.402336e+03  -9.810616e-07  1.035e-05  7.722e+01  
 GE9    -8.402336e+03  -2.653423e-07  5.551e-06  7.721e+01  
 GE10   -8.402336e+03  -1.047439e-07  1.848e-06  7.715e+01  
 GE11   -8.402336e+03  -7.501926e-09  4.672e-07  7.703e+01  
 ><><><><><><><><><><><><><><><><><><><><><><
 TOTAL-STRESS (KBAR):
 ><><><><><><><><><><><><><><><><><><><><><><
 -1.874e-01     -6.957e+01     2.445e+01      
 -6.957e+01     7.837e+00      4.725e+01      
 2.445e+01      4.725e+01      -3.327e+01     
 TOTAL-PRESSURE: -8.539e+00 KBAR
 ------------------------------------------------------------------------------------------------
 Energy              Potential           Kinetic             Temperature         Pressure (KBAR)     
 -3.087e+02          -3.088e+02          7.920e-02           2.647e+02           -5.169e+00          
 ------------------------------------------------------------------------------------------------
 -------------------------------------------
 STEP OF MOLECULAR DYNAMICS : 9
 -------------------------------------------
 DONE(8.487e+03  SEC) : INIT SCF
 ITER   ETOT(eV)       EDIFF(eV)      DRHO       TIME(s)    
 GE1    -8.402353e+03  0.000000e+00   3.894e-03  8.236e+01  
 GE2    -8.402339e+03  1.388884e-02   2.937e-03  7.701e+01  
 GE3    -8.402361e+03  -2.215216e-02  2.544e-03  7.693e+01  
 GE4    -8.402379e+03  -1.807047e-02  6.362e-04  7.694e+01  
 GE5    -8.402380e+03  -1.018878e-03  3.263e-04  7.707e+01  
 GE6    -8.402380e+03  -2.797904e-04  1.152e-04  7.699e+01  
 GE7    -8.402380e+03  -2.520171e-05  3.732e-05  7.702e+01  
 GE8    -8.402380e+03  -4.372679e-06  2.120e-05  7.706e+01  
 GE9    -8.402380e+03  -1.430832e-06  6.435e-06  7.702e+01  
 GE10   -8.402380e+03  -9.699912e-08  1.430e-06  7.703e+01  
 GE11   -8.402380e+03  2.072697e-10   7.212e-07  7.691e+01  
 ><><><><><><><><><><><><><><><><><><><><><><
 TOTAL-STRESS (KBAR):
 ><><><><><><><><><><><><><><><><><><><><><><
 -1.738e-02     -6.931e+01     2.440e+01      
 -6.931e+01     7.730e+00      4.750e+01      
 2.440e+01      4.750e+01      -3.363e+01     
 TOTAL-PRESSURE: -8.640e+00 KBAR
 ------------------------------------------------------------------------------------------------
 Energy              Potential           Kinetic             Temperature         Pressure (KBAR)     
 -3.087e+02          -3.088e+02          7.722e-02           2.580e+02           -5.354e+00          
 ------------------------------------------------------------------------------------------------
 -------------------------------------------
 STEP OF MOLECULAR DYNAMICS : 10
 -------------------------------------------
 DONE(9.421e+03  SEC) : INIT SCF
 ITER   ETOT(eV)       EDIFF(eV)      DRHO       TIME(s)    
 GE1    -8.402431e+03  0.000000e+00   3.655e-03  8.248e+01  
 GE2    -8.402424e+03  6.637926e-03   2.237e-03  7.681e+01  
 GE3    -8.402436e+03  -1.173225e-02  2.111e-03  7.695e+01  
 GE4    -8.402449e+03  -1.303055e-02  4.900e-04  7.694e+01  
 GE5    -8.402449e+03  -6.195703e-04  2.883e-04  7.688e+01  
 GE6    -8.402450e+03  -2.546809e-04  1.048e-04  7.700e+01  
 GE7    -8.402450e+03  -2.095448e-05  2.938e-05  7.690e+01  
 GE8    -8.402450e+03  -2.388966e-06  1.636e-05  7.688e+01  
 GE9    -8.402450e+03  -8.895567e-07  5.070e-06  7.698e+01  
 GE10   -8.402450e+03  -6.972769e-08  1.453e-06  7.692e+01  
 GE11   -8.402450e+03  -2.343385e-09  5.668e-07  7.693e+01  
 ><><><><><><><><><><><><><><><><><><><><><><
 TOTAL-STRESS (KBAR):
 ><><><><><><><><><><><><><><><><><><><><><><
 -6.531e-01     -6.833e+01     2.628e+01      
 -6.833e+01     8.144e+00      4.602e+01      
 2.628e+01      4.602e+01      -3.434e+01     
 TOTAL-PRESSURE: -8.949e+00 KBAR
 ------------------------------------------------------------------------------------------------
 Energy              Potential           Kinetic             Temperature         Pressure (KBAR)     
 -3.087e+02          -3.088e+02          8.514e-02           2.845e+02           -5.326e+00          
 ------------------------------------------------------------------------------------------------

  |CLASS_NAME---------|NAME---------------|TIME(Sec)-----|CALLS----|AVG------|PER%-------
                       total               10354          27        3.8e+02   1e+02     %
   Driver              driver_line         10354          1         1e+04     1e+02     %
   PW_Basis            setup_struc_factor  0.89319        11        0.081     0.0086    %
   ORB_control         read_orb_first      0.15402        1         0.15      0.0015    %
   LCAO_Orbitals       Read_Orbitals       0.15402        1         0.15      0.0015    %
   ORB_control         set_orb_tables      6.9506         1         7         0.067     %
   ORB_gen_tables      gen_tables          6.9506         1         7         0.067     %
   ORB_table_phi       init_Table          5.4819         1         5.5       0.053     %
   ORB_table_phi       cal_ST_Phi12_R      5.444          558       0.0098    0.053     %
   ORB_table_beta      init_Table_Beta     1.2171         1         1.2       0.012     %
   ORB_table_beta      VNL_PhiBeta_R       1.208          168       0.0072    0.012     %
   ppcell_vl           init_vloc           0.23841        1         0.24      0.0023    %
   Run_MD              md_line             10346          1         1e+04     1e+02     %
   Langevin            setup               1389.2         1         1.4e+03   13        %
   MD_func             force_virial        10346          11        9.4e+02   1e+02     %
   ESolver_KS_LCAO     Run                 9461.1         11        8.6e+02   91        %
   ESolver_KS_LCAO     beforescf           21.506         11        2         0.21      %
   ESolver_KS_LCAO     beforesolver        7.4891         11        0.68      0.072     %
   ESolver_KS_LCAO     set_matrix_grid     4.5309         11        0.41      0.044     %
   Grid_Technique      init                2.1887         11        0.2       0.021     %
   Grid_BigCell        grid_expansion_index0.58247        22        0.026     0.0056    %
   Record_adj          for_2d              2.0175         11        0.18      0.019     %
   Grid_Driver         Find_atom           16.171         588352    2.7e-05   0.16      %
   Charge              atomic_rho          12.254         21        0.58      0.12      %
   PW_Basis            recip2real          1.8498         730       0.0025    0.018     %
   PW_Basis            gathers_scatterp    0.76347        730       0.001     0.0074    %
   Potential           init_pot            0.72173        11        0.066     0.007     %
   Potential           update_from_charge  8.0367         133       0.06      0.078     %
   Potential           cal_v_eff           7.9941         133       0.06      0.077     %
   H_Hartree_pw        v_hartree           0.81735        133       0.0061    0.0079    %
   PW_Basis            real2recip          2.5087         1108      0.0023    0.024     %
   PW_Basis            gatherp_scatters    1.04           1108      0.00094   0.01      %
   PotXC               cal_v_eff           7.1176         133       0.054     0.069     %
   XC_Functional       v_xc                7.0822         133       0.053     0.068     %
   HSolverLCAO         solve               9425.5         122       77        91        %
   HamiltLCAO          updateHk            3445.1         4392      0.78      33        %
   OperatorLCAO        init                2856.5         8784      0.33      28        %
   Veff                contributeHk        2854.7         4392      0.65      28        %
   Gint_interface      cal_gint            4627.2         255       18        45        %
   Gint_interface      cal_gint_vlocal     2195.1         122       18        21        %
   Gint_k              folding_vl_k        659.59         4392      0.15      6.4       %
   Gint_k              Distri              418.92         4392      0.095     4         %
   Overlap             contributeHR        4.1145         11        0.37      0.04      %
   LCAO_gen_fixedH     calculate_S_no      4.1145         11        0.37      0.04      %
   Ekin<LCAO>          contributeHR        4.1422         11        0.38      0.04      %
   Nonlocal<LCAO>      contributeHR        46.393         11        4.2       0.45      %
   LCAO_gen_fixedH     build_Nonlocal_mu_new147.31         22        6.7       1.4       %
   ORB_gen_tables      snap_psibeta_half   3.1153         1116885   2.8e-06   0.03      %
   OperatorLCAO        folding_fixed       533.99         4392      0.12      5.2       %
   LCAO_nnr            folding_fixedH      528.55         4392      0.12      5.1       %
   HSolverLCAO         hamiltSolvePsiK     1379.5         4392      0.31      13        %
   DiagoElpa           elpa_solve          1368.2         4392      0.31      13        %
   ElecStateLCAO       psiToRho            4600.8         122       38        44        %
   elecstate           cal_dm              128.54         133       0.97      1.2       %
   psiMulPsiMpi        pdgemm              124.59         4788      0.026     1.2       %
    Local_Orbital_wfc  wfc_2d_to_grid      21.451         4392      0.0049    0.21      %
   LCAO_Charge         cal_dk_k            2481           122       20        24        %
   Record_adj          for_grid            0.63048        122       0.0052    0.0061    %
   Gint_interface      cal_gint_rho        1988.6         122       16        19        %
   Charge              mix_rho             1.183          111       0.011     0.011     %
   Force_Stress_LCAO   getForceStress      884.61         11        80        8.5       %
   Forces              cal_force_loc       0.73629        11        0.067     0.0071    %
   Forces              cal_force_ew        0.71292        11        0.065     0.0069    %
   Forces              cal_force_scc       6.8133         11        0.62      0.066     %
   Stress_Func         stress_loc          5.8734         11        0.53      0.057     %
   Stress_Func         stress_ewa          0.35187        11        0.032     0.0034    %
   Stress_Func         stress_gga          0.34785        11        0.032     0.0034    %
   Force_LCAO_k        ftable_k            869.72         11        79        8.4       %
   Force_LCAO_k        allocate_k          128.58         11        12        1.2       %
   Force_LCAO_k        cal_foverlap_k      25.288         11        2.3       0.24      %
   Force_LCAO_k        cal_edm_2d          24.448         11        2.2       0.24      %
   Local_Orbital_Chargecal_dm_R            11.015         22        0.5       0.11      %
   Force_LCAO_k        cal_ftvnl_dphi_k    0.24475        11        0.022     0.0024    %
   Force_LCAO_k        cal_fvl_dphi_k      443.52         11        40        4.3       %
   Gint_interface      cal_gint_force      443.52         11        40        4.3       %
   Force_LCAO_k        cal_fvnl_dbeta_k_new264.5          11        24        2.6       %
 ----------------------------------------------------------------------------------------

 START  Time  : Fri Feb  3 16:52:55 2023
 FINISH Time  : Fri Feb  3 19:45:29 2023
 TOTAL  Time  : 1e+04
 SEE INFORMATION IN : OUT.ABACUS/
