WARNING: Total thread number on this node mismatches with hardware availability. This may cause poor performance.
Info: Local MPI proc number: 16,OpenMP thread number: 1,Total thread number: 16,Local thread limit: 32
                                                                                     
                              ABACUS v3.1                                            

               Atomic-orbital Based Ab-initio Computation at UStc                    

                     Website: http://abacus.ustc.edu.cn/                             
               Documentation: https://abacus.deepmodeling.com/                       
                  Repository: https://github.com/abacusmodeling/abacus-develop       
                              https://github.com/deepmodeling/abacus-develop         

 Fri Feb  3 16:52:52 2023
 MAKE THE DIR         : OUT.ABACUS/
 MAKE THE STRU DIR    : OUT.ABACUS/STRU/
 UNIFORM GRID DIM     : 108 * 108 * 108
 UNIFORM GRID DIM(BIG): 54 * 54 * 54
 DONE(0.108924   SEC) : SETUP UNITCELL
 DONE(0.123131   SEC) : INIT K-POINTS
 ---------------------------------------------------------
 Molecular Dynamics simulations
 ---------------------------------------------------------
 ENSEMBLE                 : Langevin
 Time interval(fs)        : 1
 ---------------------------------------------------------
 SPIN    KPOINTS         PROCESSORS  NBASE       
 1       36              16          1408        
 ---------------------------------------------------------
 Use Systematically Improvable Atomic bases
 ---------------------------------------------------------
 ELEMENT ORBITALS        NBASE       NATOM       XC          
 Si      3s3p2d-9au      22          32          
 C       3s3p2d-9au      22          32          
 ---------------------------------------------------------
 Initial plane wave basis and FFT box
 ---------------------------------------------------------
--------------------------------- INITVEL DONE ------------------------------------
 -------------------------------------------
 STEP OF MOLECULAR DYNAMICS : 0
 -------------------------------------------
 START CHARGE      : atomic
 DONE(8.49962    SEC) : INIT SCF
 ITER   ETOT(eV)       EDIFF(eV)      DRHO       TIME(s)    
 GE1    -8.342488e+03  0.000000e+00   2.718e-01  7.993e+01  
 GE2    -8.393138e+03  -5.065015e+01  1.494e-01  7.425e+01  
 GE3    -8.406158e+03  -1.302027e+01  2.281e-02  7.415e+01  
 GE4    -8.406180e+03  -2.180125e-02  9.870e-04  7.415e+01  
 GE5    -8.406180e+03  -3.196108e-04  2.100e-04  7.402e+01  
 GE6    -8.406180e+03  -4.801319e-06  2.101e-05  7.403e+01  
 GE7    -8.406180e+03  -1.405289e-07  2.471e-06  7.409e+01  
 GE8    -8.406180e+03  -2.795047e-09  5.840e-08  7.414e+01  
 ><><><><><><><><><><><><><><><><><><><><><><
 TOTAL-STRESS (KBAR):
 ><><><><><><><><><><><><><><><><><><><><><><
 1.159e-03      -1.216e-08     -8.116e-09     
 -1.216e-08     1.159e-03      3.573e-12      
 -8.116e-09     3.573e-12      1.159e-03      
 TOTAL-PRESSURE: 1.159e-03 KBAR
 ------------------------------------------------------------------------------------------------
 Energy              Potential           Kinetic             Temperature         Pressure (KBAR)     
 -3.089e+02          -3.089e+02          2.993e-03           1.000e+01           1.295e-01           
 ------------------------------------------------------------------------------------------------
 -------------------------------------------
 STEP OF MOLECULAR DYNAMICS : 1
 -------------------------------------------
 DONE(6.869e+02  SEC) : INIT SCF
 ITER   ETOT(eV)       EDIFF(eV)      DRHO       TIME(s)    
 GE1    -8.406179e+03  0.000000e+00   3.983e-04  8.009e+01  
 GE2    -8.406179e+03  -3.174082e-05  2.419e-04  7.453e+01  
 GE3    -8.406179e+03  -1.185680e-04  1.667e-04  7.449e+01  
 GE4    -8.406179e+03  -6.502889e-05  5.553e-05  7.445e+01  
 GE5    -8.406179e+03  -9.010631e-06  3.305e-05  7.460e+01  
 GE6    -8.406179e+03  -3.864947e-06  1.214e-05  7.468e+01  
 GE7    -8.406179e+03  -3.842997e-07  2.981e-06  7.453e+01  
 GE8    -8.406179e+03  -1.536271e-08  8.516e-07  7.444e+01  
 ><><><><><><><><><><><><><><><><><><><><><><
 TOTAL-STRESS (KBAR):
 ><><><><><><><><><><><><><><><><><><><><><><
 3.894e-03      -5.179e-02     6.832e-04      
 -5.179e-02     3.987e-03      -3.442e-02     
 6.832e-04      -3.442e-02     3.749e-03      
 TOTAL-PRESSURE: 3.877e-03 KBAR
 ------------------------------------------------------------------------------------------------
 Energy              Potential           Kinetic             Temperature         Pressure (KBAR)     
 -3.089e+02          -3.089e+02          5.512e-03           1.842e+01           2.403e-01           
 ------------------------------------------------------------------------------------------------
 -------------------------------------------
 STEP OF MOLECULAR DYNAMICS : 2
 -------------------------------------------
 DONE(1.368e+03  SEC) : INIT SCF
 ITER   ETOT(eV)       EDIFF(eV)      DRHO       TIME(s)    
 GE1    -8.406170e+03  0.000000e+00   1.543e-03  8.015e+01  
 GE2    -8.406169e+03  5.814548e-04   9.026e-04  7.464e+01  
 GE3    -8.406171e+03  -1.534786e-03  8.421e-04  7.477e+01  
 GE4    -8.406173e+03  -2.032296e-03  2.124e-04  7.472e+01  
 GE5    -8.406173e+03  -1.177290e-04  1.197e-04  7.477e+01  
 GE6    -8.406173e+03  -3.836597e-05  4.124e-05  7.473e+01  
 GE7    -8.406173e+03  -3.602641e-06  8.566e-06  7.476e+01  
 GE8    -8.406173e+03  -1.304639e-07  3.370e-06  7.469e+01  
 GE9    -8.406173e+03  -1.618250e-08  7.362e-07  7.471e+01  
 ><><><><><><><><><><><><><><><><><><><><><><
 TOTAL-STRESS (KBAR):
 ><><><><><><><><><><><><><><><><><><><><><><
 2.680e-02      -9.827e-02     2.660e-01      
 -9.827e-02     2.821e-02      -2.745e-01     
 2.660e-01      -2.745e-01     3.178e-02      
 TOTAL-PRESSURE: 2.893e-02 KBAR
 ------------------------------------------------------------------------------------------------
 Energy              Potential           Kinetic             Temperature         Pressure (KBAR)     
 -3.089e+02          -3.089e+02          1.460e-02           4.878e+01           6.551e-01           
 ------------------------------------------------------------------------------------------------
 -------------------------------------------
 STEP OF MOLECULAR DYNAMICS : 3
 -------------------------------------------
 DONE(2.125e+03  SEC) : INIT SCF
 ITER   ETOT(eV)       EDIFF(eV)      DRHO       TIME(s)    
 GE1    -8.406155e+03  0.000000e+00   1.964e-03  8.052e+01  
 GE2    -8.406155e+03  -2.912188e-04  1.132e-03  7.525e+01  
 GE3    -8.406158e+03  -2.459062e-03  8.916e-04  7.507e+01  
 GE4    -8.406160e+03  -2.061255e-03  2.796e-04  7.518e+01  
 GE5    -8.406160e+03  -2.145317e-04  1.662e-04  7.530e+01  
 GE6    -8.406160e+03  -9.044045e-05  5.258e-05  7.511e+01  
 GE7    -8.406160e+03  -6.577329e-06  1.185e-05  7.511e+01  
 GE8    -8.406160e+03  -2.648102e-07  3.929e-06  7.501e+01  
 GE9    -8.406160e+03  -2.318636e-08  1.026e-06  7.510e+01  
 GE10   -8.406160e+03  4.292339e-09   8.187e-07  7.502e+01  
 ><><><><><><><><><><><><><><><><><><><><><><
 TOTAL-STRESS (KBAR):
 ><><><><><><><><><><><><><><><><><><><><><><
 6.777e-02      -5.040e-01     1.436e-01      
 -5.040e-01     8.296e-02      1.647e-01      
 1.436e-01      1.647e-01      7.472e-02      
 TOTAL-PRESSURE: 7.515e-02 KBAR
 ------------------------------------------------------------------------------------------------
 Energy              Potential           Kinetic             Temperature         Pressure (KBAR)     
 -3.089e+02          -3.089e+02          2.464e-02           8.233e+01           1.132e+00           
 ------------------------------------------------------------------------------------------------
 -------------------------------------------
 STEP OF MOLECULAR DYNAMICS : 4
 -------------------------------------------
 DONE(2.962e+03  SEC) : INIT SCF
 ITER   ETOT(eV)       EDIFF(eV)      DRHO       TIME(s)    
 GE1    -8.406135e+03  0.000000e+00   2.194e-03  8.032e+01  
 GE2    -8.406130e+03  4.634134e-03   1.498e-03  7.487e+01  
 GE3    -8.406136e+03  -6.241132e-03  1.456e-03  7.488e+01  
 GE4    -8.406142e+03  -5.724496e-03  2.995e-04  7.491e+01  
 GE5    -8.406142e+03  -1.756361e-04  1.523e-04  7.492e+01  
 GE6    -8.406142e+03  -5.739743e-05  6.083e-05  7.485e+01  
 GE7    -8.406142e+03  -7.621672e-06  1.387e-05  7.489e+01  
 GE8    -8.406142e+03  -3.542270e-07  4.730e-06  7.488e+01  
 GE9    -8.406142e+03  -3.410360e-08  2.074e-06  7.489e+01  
 GE10   -8.406142e+03  -1.648413e-08  1.233e-06  7.489e+01  
 GE11   -8.406142e+03  -4.185610e-09  2.015e-07  7.490e+01  
 ><><><><><><><><><><><><><><><><><><><><><><
 TOTAL-STRESS (KBAR):
 ><><><><><><><><><><><><><><><><><><><><><><
 1.234e-01      -1.098e+00     -9.478e-03     
 -1.098e+00     1.488e-01      2.388e-01      
 -9.478e-03     2.388e-01      1.373e-01      
 TOTAL-PRESSURE: 1.365e-01 KBAR
 ------------------------------------------------------------------------------------------------
 Energy              Potential           Kinetic             Temperature         Pressure (KBAR)     
 -3.089e+02          -3.089e+02          3.529e-02           1.179e+02           1.650e+00           
 ------------------------------------------------------------------------------------------------
 -------------------------------------------
 STEP OF MOLECULAR DYNAMICS : 5
 -------------------------------------------
 DONE(3.870e+03  SEC) : INIT SCF
 ITER   ETOT(eV)       EDIFF(eV)      DRHO       TIME(s)    
 GE1    -8.406109e+03  0.000000e+00   2.477e-03  8.037e+01  
 GE2    -8.406109e+03  -9.113917e-04  1.358e-03  7.485e+01  
 GE3    -8.406113e+03  -3.764193e-03  1.087e-03  7.493e+01  
 GE4    -8.406116e+03  -2.717047e-03  3.011e-04  7.488e+01  
 GE5    -8.406116e+03  -2.332750e-04  2.249e-04  7.494e+01  
 GE6    -8.406116e+03  -1.731335e-04  7.161e-05  7.513e+01  
 GE7    -8.406116e+03  -1.173816e-05  1.288e-05  7.496e+01  
 GE8    -8.406116e+03  -2.718868e-07  4.814e-06  7.487e+01  
 GE9    -8.406116e+03  -3.712293e-08  1.494e-06  7.491e+01  
 GE10   -8.406116e+03  -4.688317e-09  1.267e-06  7.494e+01  
 GE11   -8.406116e+03  -4.853823e-09  3.200e-07  7.494e+01  
 ><><><><><><><><><><><><><><><><><><><><><><
 TOTAL-STRESS (KBAR):
 ><><><><><><><><><><><><><><><><><><><><><><
 2.072e-01      -7.970e-01     3.767e-01      
 -7.970e-01     2.379e-01      -5.109e-01     
 3.767e-01      -5.109e-01     2.224e-01      
 TOTAL-PRESSURE: 2.225e-01 KBAR
 ------------------------------------------------------------------------------------------------
 Energy              Potential           Kinetic             Temperature         Pressure (KBAR)     
 -3.089e+02          -3.089e+02          3.642e-02           1.217e+02           1.785e+00           
 ------------------------------------------------------------------------------------------------
 -------------------------------------------
 STEP OF MOLECULAR DYNAMICS : 6
 -------------------------------------------
 DONE(4.780e+03  SEC) : INIT SCF
 ITER   ETOT(eV)       EDIFF(eV)      DRHO       TIME(s)    
 GE1    -8.406099e+03  0.000000e+00   2.839e-03  8.038e+01  
 GE2    -8.406091e+03  8.040200e-03   2.043e-03  7.490e+01  
 GE3    -8.406103e+03  -1.210683e-02  1.857e-03  7.487e+01  
 GE4    -8.406112e+03  -9.170364e-03  4.049e-04  7.486e+01  
 GE5    -8.406113e+03  -3.544300e-04  2.100e-04  7.481e+01  
 GE6    -8.406113e+03  -1.188171e-04  7.797e-05  7.494e+01  
 GE7    -8.406113e+03  -1.196315e-05  1.879e-05  7.487e+01  
 GE8    -8.406113e+03  -6.519297e-07  6.331e-06  7.489e+01  
 GE9    -8.406113e+03  -5.847944e-08  2.777e-06  7.495e+01  
 GE10   -8.406113e+03  -3.017321e-08  1.605e-06  7.480e+01  
 GE11   -8.406113e+03  -7.390557e-09  2.755e-07  7.485e+01  
 ><><><><><><><><><><><><><><><><><><><><><><
 TOTAL-STRESS (KBAR):
 ><><><><><><><><><><><><><><><><><><><><><><
 2.244e-01      -8.377e-01     -2.866e-01     
 -8.377e-01     2.077e-01      -1.236e-01     
 -2.866e-01     -1.236e-01     2.755e-01      
 TOTAL-PRESSURE: 2.358e-01 KBAR
 ------------------------------------------------------------------------------------------------
 Energy              Potential           Kinetic             Temperature         Pressure (KBAR)     
 -3.089e+02          -3.089e+02          5.268e-02           1.760e+02           2.495e+00           
 ------------------------------------------------------------------------------------------------
 -------------------------------------------
 STEP OF MOLECULAR DYNAMICS : 7
 -------------------------------------------
 DONE(5.688e+03  SEC) : INIT SCF
 ITER   ETOT(eV)       EDIFF(eV)      DRHO       TIME(s)    
 GE1    -8.406061e+03  0.000000e+00   3.131e-03  8.033e+01  
 GE2    -8.406057e+03  4.362269e-03   1.979e-03  7.497e+01  
 GE3    -8.406067e+03  -9.838431e-03  1.753e-03  7.500e+01  
 GE4    -8.406075e+03  -8.493752e-03  4.471e-04  7.494e+01  
 GE5    -8.406076e+03  -5.050856e-04  2.598e-04  7.500e+01  
 GE6    -8.406076e+03  -2.014835e-04  8.531e-05  7.494e+01  
 GE7    -8.406076e+03  -1.493389e-05  1.839e-05  7.494e+01  
 GE8    -8.406076e+03  -5.992909e-07  6.694e-06  7.509e+01  
 GE9    -8.406076e+03  -6.943225e-08  2.616e-06  7.501e+01  
 GE10   -8.406076e+03  -2.519874e-08  1.702e-06  7.501e+01  
 GE11   -8.406076e+03  -8.385142e-09  3.168e-07  7.502e+01  
 ><><><><><><><><><><><><><><><><><><><><><><
 TOTAL-STRESS (KBAR):
 ><><><><><><><><><><><><><><><><><><><><><><
 2.947e-01      -5.814e-01     -1.799e-01     
 -5.814e-01     4.316e-01      -3.503e-02     
 -1.799e-01     -3.503e-02     3.863e-01      
 TOTAL-PRESSURE: 3.709e-01 KBAR
 ------------------------------------------------------------------------------------------------
 Energy              Potential           Kinetic             Temperature         Pressure (KBAR)     
 -3.089e+02          -3.089e+02          6.592e-02           2.203e+02           3.198e+00           
 ------------------------------------------------------------------------------------------------
 -------------------------------------------
 STEP OF MOLECULAR DYNAMICS : 8
 -------------------------------------------
 DONE(6.597e+03  SEC) : INIT SCF
 ITER   ETOT(eV)       EDIFF(eV)      DRHO       TIME(s)    
 GE1    -8.406007e+03  0.000000e+00   3.593e-03  8.036e+01  
 GE2    -8.406005e+03  1.485250e-03   2.064e-03  7.483e+01  
 GE3    -8.406013e+03  -7.553204e-03  1.800e-03  7.492e+01  
 GE4    -8.406023e+03  -9.880704e-03  5.320e-04  7.494e+01  
 GE5    -8.406024e+03  -7.526679e-04  2.768e-04  7.479e+01  
 GE6    -8.406024e+03  -2.320778e-04  9.990e-05  7.491e+01  
 GE7    -8.406024e+03  -2.281578e-05  1.991e-05  7.500e+01  
 GE8    -8.406024e+03  -6.869041e-07  7.774e-06  7.487e+01  
 GE9    -8.406024e+03  -8.442218e-08  2.320e-06  7.488e+01  
 GE10   -8.406024e+03  -1.251661e-08  1.796e-06  7.495e+01  
 GE11   -8.406024e+03  -9.407569e-09  5.002e-07  7.487e+01  
 ><><><><><><><><><><><><><><><><><><><><><><
 TOTAL-STRESS (KBAR):
 ><><><><><><><><><><><><><><><><><><><><><><
 4.090e-01      -4.703e-01     -6.051e-01     
 -4.703e-01     6.483e-01      4.254e-01      
 -6.051e-01     4.254e-01      6.493e-01      
 TOTAL-PRESSURE: 5.689e-01 KBAR
 ------------------------------------------------------------------------------------------------
 Energy              Potential           Kinetic             Temperature         Pressure (KBAR)     
 -3.088e+02          -3.089e+02          7.895e-02           2.638e+02           3.955e+00           
 ------------------------------------------------------------------------------------------------
 -------------------------------------------
 STEP OF MOLECULAR DYNAMICS : 9
 -------------------------------------------
 DONE(7.506e+03  SEC) : INIT SCF
 ITER   ETOT(eV)       EDIFF(eV)      DRHO       TIME(s)    
 GE1    -8.405947e+03  0.000000e+00   3.910e-03  8.043e+01  
 GE2    -8.405934e+03  1.283002e-02   2.875e-03  7.501e+01  
 GE3    -8.405956e+03  -2.167971e-02  2.479e-03  7.497e+01  
 GE4    -8.405973e+03  -1.749249e-02  5.960e-04  7.494e+01  
 GE5    -8.405974e+03  -8.827884e-04  3.094e-04  7.494e+01  
 GE6    -8.405974e+03  -2.443936e-04  1.063e-04  7.501e+01  
 GE7    -8.405974e+03  -2.340794e-05  2.527e-05  7.489e+01  
 GE8    -8.405974e+03  -1.067440e-06  1.090e-05  7.495e+01  
 GE9    -8.405974e+03  -2.530639e-07  5.371e-06  7.486e+01  
 GE10   -8.405974e+03  -1.042149e-07  1.805e-06  7.492e+01  
 GE11   -8.405974e+03  -7.918012e-09  3.877e-07  7.489e+01  
 ><><><><><><><><><><><><><><><><><><><><><><
 TOTAL-STRESS (KBAR):
 ><><><><><><><><><><><><><><><><><><><><><><
 6.125e-01      -7.350e-01     -1.363e+00     
 -7.350e-01     8.281e-01      1.454e+00      
 -1.363e+00     1.454e+00      7.730e-01      
 TOTAL-PRESSURE: 7.379e-01 KBAR
 ------------------------------------------------------------------------------------------------
 Energy              Potential           Kinetic             Temperature         Pressure (KBAR)     
 -3.088e+02          -3.089e+02          7.449e-02           2.489e+02           3.933e+00           
 ------------------------------------------------------------------------------------------------
 -------------------------------------------
 STEP OF MOLECULAR DYNAMICS : 10
 -------------------------------------------
 DONE(8.416e+03  SEC) : INIT SCF
 ITER   ETOT(eV)       EDIFF(eV)      DRHO       TIME(s)    
 GE1    -8.405883e+03  0.000000e+00   3.603e-03  8.015e+01  
 GE2    -8.405879e+03  4.674383e-03   2.124e-03  7.479e+01  
 GE3    -8.405889e+03  -1.031907e-02  1.964e-03  7.487e+01  
 GE4    -8.405900e+03  -1.115647e-02  4.698e-04  7.482e+01  
 GE5    -8.405901e+03  -5.903516e-04  2.834e-04  7.483e+01  
 GE6    -8.405901e+03  -2.501100e-04  9.688e-05  7.483e+01  
 GE7    -8.405901e+03  -1.949397e-05  2.057e-05  7.480e+01  
 GE8    -8.405901e+03  -7.181354e-07  8.374e-06  7.486e+01  
 GE9    -8.405901e+03  -1.498885e-07  4.391e-06  7.478e+01  
 GE10   -8.405901e+03  -7.084138e-08  1.736e-06  7.497e+01  
 GE11   -8.405901e+03  -7.720023e-09  3.315e-07  7.487e+01  
 ><><><><><><><><><><><><><><><><><><><><><><
 TOTAL-STRESS (KBAR):
 ><><><><><><><><><><><><><><><><><><><><><><
 8.374e-01      -4.081e-01     -2.880e-01     
 -4.081e-01     1.133e+00      5.114e-01      
 -2.880e-01     5.114e-01      9.606e-01      
 TOTAL-PRESSURE: 9.771e-01 KBAR
 ------------------------------------------------------------------------------------------------
 Energy              Potential           Kinetic             Temperature         Pressure (KBAR)     
 -3.088e+02          -3.089e+02          8.294e-02           2.772e+02           4.535e+00           
 ------------------------------------------------------------------------------------------------

  |CLASS_NAME---------|NAME---------------|TIME(Sec)-----|CALLS----|AVG------|PER%-------
                       total               9323.1         27        3.5e+02   1e+02     %
   Driver              driver_line         9323.1         1         9.3e+03   1e+02     %
   PW_Basis            setup_struc_factor  0.90147        11        0.082     0.0097    %
   ORB_control         read_orb_first      0.1509         1         0.15      0.0016    %
   LCAO_Orbitals       Read_Orbitals       0.1509         1         0.15      0.0016    %
   ORB_control         set_orb_tables      6.5131         1         6.5       0.07      %
   ORB_gen_tables      gen_tables          6.5131         1         6.5       0.07      %
   ORB_table_phi       init_Table          5.0551         1         5.1       0.054     %
   ORB_table_phi       cal_ST_Phi12_R      5.0176         558       0.009     0.054     %
   ORB_table_beta      init_Table_Beta     1.2025         1         1.2       0.013     %
   ORB_table_beta      VNL_PhiBeta_R       1.1947         168       0.0071    0.013     %
   Run_MD              md_line             9316.1         1         9.3e+03   1e+02     %
   Langevin            setup               679.01         1         6.8e+02   7.3       %
   MD_func             force_virial        9315.9         11        8.5e+02   1e+02     %
   ESolver_KS_LCAO     Run                 8451.2         11        7.7e+02   91        %
   ESolver_KS_LCAO     beforescf           10.063         11        0.91      0.11      %
   ESolver_KS_LCAO     beforesolver        7.2914         11        0.66      0.078     %
   ESolver_KS_LCAO     set_matrix_grid     4.3302         11        0.39      0.046     %
   Grid_Technique      init                1.9277         11        0.18      0.021     %
   Grid_BigCell        grid_expansion_index0.60598        22        0.028     0.0065    %
   Record_adj          for_2d              2.0946         11        0.19      0.022     %
   Grid_Driver         Find_atom           14.955         540992    2.8e-05   0.16      %
   Charge              atomic_rho          0.98114        21        0.047     0.011     %
   PW_Basis            recip2real          1.658          680       0.0024    0.018     %
   PW_Basis            gathers_scatterp    0.90648        680       0.0013    0.0097    %
   Potential           init_pot            0.67563        11        0.061     0.0072    %
   Potential           update_from_charge  7.0948         123       0.058     0.076     %
   Potential           cal_v_eff           7.0591         123       0.057     0.076     %
   H_Hartree_pw        v_hartree           0.72803        123       0.0059    0.0078    %
   PW_Basis            real2recip          2.2322         1028      0.0022    0.024     %
   PW_Basis            gatherp_scatters    1.074          1028      0.001     0.012     %
   PotXC               cal_v_eff           6.2746         123       0.051     0.067     %
   XC_Functional       v_xc                6.2416         123       0.051     0.067     %
   HSolverLCAO         solve               8430.6         112       75        90        %
   HamiltLCAO          updateHk            3094.1         4032      0.77      33        %
   OperatorLCAO        init                2530.8         8064      0.31      27        %
   Veff                contributeHk        2529.2         4032      0.63      27        %
   Gint_interface      cal_gint            3569.3         235       15        38        %
   Gint_interface      cal_gint_vlocal     1678.5         112       15        18        %
   Gint_k              folding_vl_k        850.59         4032      0.21      9.1       %
   Gint_k              Distri              634.02         4032      0.16      6.8       %
   Overlap             contributeHR        4.2032         11        0.38      0.045     %
   LCAO_gen_fixedH     calculate_S_no      4.2032         11        0.38      0.045     %
   Ekin<LCAO>          contributeHR        4.2534         11        0.39      0.046     %
   Nonlocal<LCAO>      contributeHR        45.781         11        4.2       0.49      %
   LCAO_gen_fixedH     build_Nonlocal_mu_new148.03         22        6.7       1.6       %
   ORB_gen_tables      snap_psibeta_half   3.1304         1126752   2.8e-06   0.034     %
   OperatorLCAO        folding_fixed       508.99         4032      0.13      5.5       %
   LCAO_nnr            folding_fixedH      503.6          4032      0.12      5.4       %
   HSolverLCAO         hamiltSolvePsiK     1294.5         4032      0.32      14        %
   DiagoElpa           elpa_solve          1282.7         4032      0.32      14        %
   ElecStateLCAO       psiToRho            4041.9         112       36        43        %
   elecstate           cal_dm              100.8          123       0.82      1.1       %
   psiMulPsiMpi        pdgemm              97.353         4428      0.022     1         %
    Local_Orbital_wfc  wfc_2d_to_grid      20.273         4032      0.005     0.22      %
   LCAO_Charge         cal_dk_k            2208.9         112       20        24        %
   Record_adj          for_grid            0.5922         112       0.0053    0.0064    %
   Gint_interface      cal_gint_rho        1471.1         112       13        16        %
   Charge              mix_rho             0.94137        101       0.0093    0.01      %
   Force_Stress_LCAO   getForceStress      864.76         11        79        9.3       %
   Forces              cal_force_loc       0.72563        11        0.066     0.0078    %
   Forces              cal_force_ew        0.71976        11        0.065     0.0077    %
   Forces              cal_force_scc       1.1317         11        0.1       0.012     %
   Stress_Func         stress_loc          0.43952        11        0.04      0.0047    %
   Stress_Func         stress_ewa          0.35467        11        0.032     0.0038    %
   Stress_Func         stress_gga          0.33527        11        0.03      0.0036    %
   Force_LCAO_k        ftable_k            861            11        78        9.2       %
   Force_LCAO_k        allocate_k          130.57         11        12        1.4       %
   Force_LCAO_k        cal_foverlap_k      23.553         11        2.1       0.25      %
   Force_LCAO_k        cal_edm_2d          22.716         11        2.1       0.24      %
   Local_Orbital_Chargecal_dm_R            11.142         22        0.51      0.12      %
   Force_LCAO_k        cal_ftvnl_dphi_k    0.25181        11        0.023     0.0027    %
   Force_LCAO_k        cal_fvl_dphi_k      419.62         11        38        4.5       %
   Gint_interface      cal_gint_force      419.62         11        38        4.5       %
   Force_LCAO_k        cal_fvnl_dbeta_k_new271.92         11        25        2.9       %
 ----------------------------------------------------------------------------------------

 START  Time  : Fri Feb  3 16:52:52 2023
 FINISH Time  : Fri Feb  3 19:28:15 2023
 TOTAL  Time  : 9.3e+03
 SEE INFORMATION IN : OUT.ABACUS/
