                                                                                     
                              ABACUS v3.9.0.25

               Atomic-orbital Based Ab-initio Computation at UStc                    

                     Website: http://abacus.ustc.edu.cn/                             
               Documentation: https://abacus.deepmodeling.com/                       
                  Repository: https://github.com/abacusmodeling/abacus-develop       
                              https://github.com/deepmodeling/abacus-develop         
                      Commit: 5d834e975 (Mon Mar 9 11:19:58 2026 +0800)

    Start Time is Tue Mar 17 20:43:05 2026
                                                                                     
 ------------------------------------------------------------------------------------

 READING GENERAL INFORMATION
                           global_out_dir = OUT.ABACUS/
                           global_in_card = INPUT
                               pseudo_dir = 
                              orbital_dir = 
                                    DRANK = 1
                                    DSIZE = 8
                                   DCOLOR = 1
                                    GRANK = 1
                                    GSIZE = 1


 >>>>>>>>>>>>>>>>>>>>>>>>>>>>>>>>>>>>>>>>>>>>>>>>>>>>>>>>>>>>>>>>>>>>>>
 |                                                                    |
 |                        #Setup Unitcell#                            |
 | From the input file and the structure file we know the number of   |
 | different elments in this unitcell, then we list the detail        |
 | information for each element, especially the zeta and polar atomic |
 | orbital number for each element. The total atom number is counted. |
 | We calculate the nearest atom distance for each atom and show the  |
 | Cartesian and Direct coordinates for each atom. We list the file   |
 | address for atomic orbitals. The volume and the lattice vectors    |
 | in real and reciprocal space is also shown.                        |
 |                                                                    |
 <<<<<<<<<<<<<<<<<<<<<<<<<<<<<<<<<<<<<<<<<<<<<<<<<<<<<<<<<<<<<<<<<<<<<<

 READING UNITCELL INFORMATION
                       Number of elements = 1
                  Lattice constant (Bohr) = 1.88973
              Lattice constant (Angstrom) = 1

 READING ATOM TYPE 1
                               Atom label = Na
                      L=0, number of zeta = 1
                      L=1, number of zeta = 1
                      L=2, number of zeta = 1
            Number of atoms for this type = 16

                        TOTAL ATOM NUMBER = 16

 CARTESIAN COORDINATES ( UNIT =      1.88972612 Bohr )
 atom                  x                  y                  z     mag
   Na     6.338350442648     0.030332765803     0.056402966099  0.0000
   Na     3.167852414133     0.161059844374     3.161468371798  0.0000
   Na     6.113743776904     3.223426448702     3.106599211402  0.0000
   Na     2.998285897897     3.354271144999     6.223936519102  0.0000
   Na     1.517423014101     1.670496846499     1.593291395099  0.0000
   Na     1.267420564095     4.770322985199     4.801551081900  0.0000
   Na     4.723318527198     1.682384500800     4.656990869096  0.0000
   Na     4.436451282901     4.648732133606     1.570375252604  0.0000
   Na     3.021075378898     3.184384115402     3.161526283004  0.0000
   Na    -0.146535223946     2.984772191798     0.037045412204  0.0000
   Na     3.111322609501     0.415523591302     6.289856063199  0.0000
   Na    -0.353352845704     6.185860317898     3.121157274803  0.0000
   Na     4.538514047000     4.814465590802     4.799631333900  0.0000
   Na     4.633297120695     1.532257860299     1.610712046898  0.0000
   Na     1.379279116597     4.605893348803     1.545018762598  0.0000
   Na     1.476026597295     1.771005300596     4.687128705801  0.0000

 ATOMIC VELOCITIES
 atom                 vx                 vy                 vz
   Na                  0                  0                  0
   Na                  0                  0                  0
   Na                  0                  0                  0
   Na                  0                  0                  0
   Na                  0                  0                  0
   Na                  0                  0                  0
   Na                  0                  0                  0
   Na                  0                  0                  0
   Na                  0                  0                  0
   Na                  0                  0                  0
   Na                  0                  0                  0
   Na                  0                  0                  0
   Na                  0                  0                  0
   Na                  0                  0                  0
   Na                  0                  0                  0
   Na                  0                  0                  0

                     Cell volume (Bohr^3) = 1633.03
                        Cell volume (A^3) = 241.99

 Lattice vectors: (Cartesian coordinate: in unit of a_0)
             +6.34664         +4.9372e-38        +1.20371e-35
            -0.370501            +6.05873                  +0
           -0.0158737           +0.317904            +6.29322
 Reciprocal vectors: (Cartesian coordinate: in unit of 2 pi/a_0)
            +0.157564         +0.00963528        -8.92989e-05
         +1.45291e-38           +0.165051         -0.00833759
         -3.01372e-37        -1.84294e-38           +0.158901

 #ENERGY SOLVER# ksdft_pw
 RUNNING WITH DEVICE  : CPU / Intel(R) Xeon(R) Gold 6132 CPU @ 2.60GHz (x2)


 >>>>>>>>>>>>>>>>>>>>>>>>>>>>>>>>>>>>>>>>>>>>>>>>>>>>>>>>>>>>>>>>>>>>>>
 |                                                                    |
 |                 #Read Pseudopotentials Files#                      |
 | ABACUS supports norm-conserving (NC) pseudopotentials for both     |
 | plane wave basis and numerical atomic orbital basis sets.          |
 | In addition, ABACUS supports ultrasoft pseudopotentials (USPP)     |
 | for plane wave basis set.                                          |
 |                                                                    |
 <<<<<<<<<<<<<<<<<<<<<<<<<<<<<<<<<<<<<<<<<<<<<<<<<<<<<<<<<<<<<<<<<<<<<<

                PAO radial cut off (Bohr) = 15
                     Pseudopotential file = ./Na.upf
                     Pseudopotential type = NC
          Exchange-correlation functional = PBE
                 Nonlocal core correction = 0
                        Valence electrons = 9
                                     Lmax = 1
                           Number of zeta = 3
                     Number of projectors = 4
                           L of projector = 0
                           L of projector = 0
                           L of projector = 1
                           L of projector = 1
         Number of pseudo atomic orbitals = 80
            Electron number of element Na = 9
      Total electron number of element Na = 144
          Autoset the number of electrons = 144
               Occupied electronic states = 72
     Number of electronic states (NBANDS) = 86

%%%%%%%%%%%%%%%%%%%%%%%%%%%%%%%%%%%%%%%%%%%%%%%%%%%%%%%%%%%%%%%%%%%%%%%%%%%%%%%%%%%%%%%%%%%%%%%%%%%%%%%%%%
 Warning: the number of valence electrons in pseudopotential > 1 for Na: [Ne] 3s1
 Pseudopotentials with additional electrons can yield (more) accurate outcomes, but may be less efficient.
 If you're confident that your chosen pseudopotential is appropriate, you can safely ignore this warning.
%%%%%%%%%%%%%%%%%%%%%%%%%%%%%%%%%%%%%%%%%%%%%%%%%%%%%%%%%%%%%%%%%%%%%%%%%%%%%%%%%%%%%%%%%%%%%%%%%%%%%%%%%%
                  


 >>>>>>>>>>>>>>>>>>>>>>>>>>>>>>>>>>>>>>>>>>>>>>>>>>>>>>>>>>>>>>>>>>>>>>
 |                                                                    |
 |           #Setup Plane Waves of Charge/Potential#                  |
 | Use the kinetic energy cutoff and the lattice vectors to generate  |
 | the dimensions of FFT grid, which is used to represent the charge  |
 | density or potential. If USPP is used, a double grid technique     |
 | is applied.                                                        |
 |                                                                    |
 <<<<<<<<<<<<<<<<<<<<<<<<<<<<<<<<<<<<<<<<<<<<<<<<<<<<<<<<<<<<<<<<<<<<<<

 SETUP PLANE WAVES FOR CHARGE/POTENTIAL
 FFT DIMENSIONS ARE FROM INPUT
 KINETIC ENEGY CUTOFF IS DETERMINED FROM nx, ny, nz
  Energy cutoff for charge/potential (Ry) = 281.051
            FFT grid for charge/potential = [ 64, 64, 64 ]
           Number of FFT grids this proc. = 32768
                Division for big FFT grid = [ 1, 1, 1 ]
      FFT (big) grid for charge/potential = [ 64, 64, 64 ]
     Number of FFT (big) grids this proc. = 32768
                    Number of plane waves = 102583
        Number of sticks on FFT x-y plane = 2627

 PARALLEL PW FOR CHARGE/POTENTIAL
     PROC   COLUMNS(POT)             PW
        1            329          12824
        2            329          12824
        3            328          12822
        4            328          12822
        5            328          12822
        6            328          12822
        7            328          12822
        8            329          12825
 --------------- SUM -------------------
        8           2627         102583

                            Number of |g| = 12183
                                  Max |g| = 21.7092
                                  Min |g| = 0


 >>>>>>>>>>>>>>>>>>>>>>>>>>>>>>>>>>>>>>>>>>>>>>>>>>>>>>>>>>>>>>>>>>>>>>
 |                                                                    |
 |                      #Symmetry Analysis#                           |
 | We calculate the norm of 3 vectors and the angles between them,    |
 | the type of Bravais lattice is given. We can judge if the unticell |
 | is a primitive cell. Finally we give the point group operation for |
 | this unitcell. We use the point group operations to perform        |
 | symmetry analysis on given k-point mesh and the charge density.    |
 |                                                                    |
 <<<<<<<<<<<<<<<<<<<<<<<<<<<<<<<<<<<<<<<<<<<<<<<<<<<<<<<<<<<<<<<<<<<<<<

 LATTICE VECTORS: (CARTESIAN COORDINATE: IN UNIT OF A0)
             +6.34664         +4.9372e-38        +1.20371e-35
            -0.370501            +6.05873                  +0
           -0.0158737           +0.317904            +6.29322
                     Right-handed lattice = 1
                                   NORM_A = 6.34664
                                   NORM_B = 6.07005
                                   NORM_C = 6.30127
                           ALPHA (DEGREE) = 87.1047
                           BETA  (DEGREE) = 90.1443
                           GAMMA (DEGREE) = 93.4994

 The lattice vectors have been changed (STRU_SIMPLE.cif)

 For optimal symmetric configuration:
                             BRAVAIS TYPE = 14
                     BRAVAIS LATTICE NAME = 14. Triclinic cell
                                    ibrav = 14
                                    IBRAV = 14
                                  BRAVAIS = TRICLINIC CELL
                       LATTICE CONSTANT A = 18.4516
                                B/A RATIO = 0.343962
                                C/A RATIO = 0.341503
                               COS(ALPHA) = 0.00251912
                                COS(BETA) = 0.668122
                               COS(GAMMA) = 0.669564

 Original cell was already a primitive cell.
              Number of rotation matrices = 2
              PURE POINT GROUP OPERATIONS = 1
                   SPACE GROUP OPERATIONS = 1
                              POINT GROUP = C_1
               POINT GROUP IN SPACE GROUP = C_1
 DONE : SYMMETRY Time : 0.0546569 (SEC)

 DONE : SETUP UNITCELL Time : 0.0546676 (SEC)


 >>>>>>>>>>>>>>>>>>>>>>>>>>>>>>>>>>>>>>>>>>>>>>>>>>>>>>>>>>>>>>>>>>>>>>
 |                                                                    |
 |                       #Setup K-points#                             |
 | We setup the k-points according to input parameters.               |
 | The reduced k-points are set according to symmetry operations.     |
 | We treat the spin as another set of k-points.                      |
 |                                                                    |
 <<<<<<<<<<<<<<<<<<<<<<<<<<<<<<<<<<<<<<<<<<<<<<<<<<<<<<<<<<<<<<<<<<<<<<


 SETUP K-POINTS
                                    nspin = 1
                   Input type of k points = Monkhorst-Pack(Gamma)
                                   nkstot = 343
                     Right-handed lattice = 1

 For reciprocal-space lattice
                     Bravais lattice type = 14
                     Bravais lattice name = 14. Triclinic cell
                     Right-handed lattice = 1

 For k-vectors
                     Bravais lattice type = 14
                     Bravais lattice name = 14. Triclinic cell
                     Right-handed lattice = 1
              Number of rotation matrices = 2
           Number of irreducible k-points = 172

 K-POINTS REDUCTION ACCORDING TO SYMMETRY
     IBZ    DIRECT_X    DIRECT_Y    DIRECT_Z  WEIGHT  ibz2bz
       1  0.00000000  0.00000000  0.00000000  0.0029       0
       2  0.14285714  0.00000000  0.00000000  0.0058       1
       3  0.28571429  0.00000000  0.00000000  0.0058       2
       4  0.42857143  0.00000000  0.00000000  0.0058       3
       5  0.00000000  0.14285714  0.00000000  0.0058       7
       6  0.14285714  0.14285714  0.00000000  0.0058       8
       7  0.28571429  0.14285714  0.00000000  0.0058       9
       8  0.42857143  0.14285714  0.00000000  0.0058      10
       9  0.42857143 -0.14285714  0.00000000  0.0058      11
      10  0.28571429 -0.14285714  0.00000000  0.0058      12
      11 -0.14285714  0.14285714  0.00000000  0.0058      13
      12  0.00000000  0.28571429  0.00000000  0.0058      14
      13  0.14285714  0.28571429  0.00000000  0.0058      15
      14  0.28571429  0.28571429  0.00000000  0.0058      16
      15  0.42857143  0.28571429  0.00000000  0.0058      17
      16  0.42857143 -0.28571429  0.00000000  0.0058      18
      17 -0.28571429  0.28571429  0.00000000  0.0058      19
      18 -0.14285714  0.28571429  0.00000000  0.0058      20
      19  0.00000000  0.42857143  0.00000000  0.0058      21
      20  0.14285714  0.42857143  0.00000000  0.0058      22
      21  0.28571429  0.42857143  0.00000000  0.0058      23
      22  0.42857143  0.42857143  0.00000000  0.0058      24
      23 -0.42857143  0.42857143  0.00000000  0.0058      25
      24 -0.28571429  0.42857143  0.00000000  0.0058      26
      25 -0.14285714  0.42857143  0.00000000  0.0058      27
      26  0.00000000  0.00000000  0.14285714  0.0058      49
      27  0.14285714  0.00000000  0.14285714  0.0058      50
      28  0.28571429  0.00000000  0.14285714  0.0058      51
      29  0.42857143  0.00000000  0.14285714  0.0058      52
      30  0.42857143  0.00000000 -0.14285714  0.0058      53
      31  0.28571429  0.00000000 -0.14285714  0.0058      54
      32 -0.14285714  0.00000000  0.14285714  0.0058      55
      33  0.00000000  0.14285714  0.14285714  0.0058      56
      34  0.14285714  0.14285714  0.14285714  0.0058      57
      35  0.28571429  0.14285714  0.14285714  0.0058      58
      36  0.42857143  0.14285714  0.14285714  0.0058      59
      37  0.42857143 -0.14285714 -0.14285714  0.0058      60
      38  0.28571429 -0.14285714 -0.14285714  0.0058      61
      39 -0.14285714  0.14285714  0.14285714  0.0058      62
      40  0.00000000  0.28571429  0.14285714  0.0058      63
      41  0.14285714  0.28571429  0.14285714  0.0058      64
      42  0.28571429  0.28571429  0.14285714  0.0058      65
      43  0.42857143  0.28571429  0.14285714  0.0058      66
      44  0.42857143 -0.28571429 -0.14285714  0.0058      67
      45 -0.28571429  0.28571429  0.14285714  0.0058      68
      46 -0.14285714  0.28571429  0.14285714  0.0058      69
      47  0.00000000  0.42857143  0.14285714  0.0058      70
      48  0.14285714  0.42857143  0.14285714  0.0058      71
      49  0.28571429  0.42857143  0.14285714  0.0058      72
      50  0.42857143  0.42857143  0.14285714  0.0058      73
      51 -0.42857143  0.42857143  0.14285714  0.0058      74
      52 -0.28571429  0.42857143  0.14285714  0.0058      75
      53 -0.14285714  0.42857143  0.14285714  0.0058      76
      54  0.00000000  0.42857143 -0.14285714  0.0058      77
      55 -0.14285714  0.42857143 -0.14285714  0.0058      78
      56 -0.28571429  0.42857143 -0.14285714  0.0058      79
      57  0.42857143 -0.42857143  0.14285714  0.0058      80
      58  0.42857143  0.42857143 -0.14285714  0.0058      81
      59  0.28571429  0.42857143 -0.14285714  0.0058      82
      60  0.14285714  0.42857143 -0.14285714  0.0058      83
      61  0.00000000  0.28571429 -0.14285714  0.0058      84
      62 -0.14285714  0.28571429 -0.14285714  0.0058      85
      63  0.28571429 -0.28571429  0.14285714  0.0058      86
      64  0.42857143 -0.28571429  0.14285714  0.0058      87
      65  0.42857143  0.28571429 -0.14285714  0.0058      88
      66  0.28571429  0.28571429 -0.14285714  0.0058      89
      67  0.14285714  0.28571429 -0.14285714  0.0058      90
      68  0.00000000 -0.14285714  0.14285714  0.0058      91
      69  0.14285714 -0.14285714  0.14285714  0.0058      92
      70  0.28571429 -0.14285714  0.14285714  0.0058      93
      71  0.42857143 -0.14285714  0.14285714  0.0058      94
      72  0.42857143  0.14285714 -0.14285714  0.0058      95
      73  0.28571429  0.14285714 -0.14285714  0.0058      96
      74  0.14285714  0.14285714 -0.14285714  0.0058      97
      75  0.00000000  0.00000000  0.28571429  0.0058      98
      76  0.14285714  0.00000000  0.28571429  0.0058      99
      77  0.28571429  0.00000000  0.28571429  0.0058     100
      78  0.42857143  0.00000000  0.28571429  0.0058     101
      79  0.42857143  0.00000000 -0.28571429  0.0058     102
      80 -0.28571429  0.00000000  0.28571429  0.0058     103
      81 -0.14285714  0.00000000  0.28571429  0.0058     104
      82  0.00000000  0.14285714  0.28571429  0.0058     105
      83  0.14285714  0.14285714  0.28571429  0.0058     106
      84  0.28571429  0.14285714  0.28571429  0.0058     107
      85  0.42857143  0.14285714  0.28571429  0.0058     108
      86  0.42857143 -0.14285714 -0.28571429  0.0058     109
      87 -0.28571429  0.14285714  0.28571429  0.0058     110
      88 -0.14285714  0.14285714  0.28571429  0.0058     111
      89  0.00000000  0.28571429  0.28571429  0.0058     112
      90  0.14285714  0.28571429  0.28571429  0.0058     113
      91  0.28571429  0.28571429  0.28571429  0.0058     114
      92  0.42857143  0.28571429  0.28571429  0.0058     115
      93 -0.42857143  0.28571429  0.28571429  0.0058     116
      94 -0.28571429  0.28571429  0.28571429  0.0058     117
      95 -0.14285714  0.28571429  0.28571429  0.0058     118
      96  0.00000000  0.42857143  0.28571429  0.0058     119
      97  0.14285714  0.42857143  0.28571429  0.0058     120
      98  0.28571429  0.42857143  0.28571429  0.0058     121
      99  0.42857143  0.42857143  0.28571429  0.0058     122
     100 -0.42857143  0.42857143  0.28571429  0.0058     123
     101 -0.28571429  0.42857143  0.28571429  0.0058     124
     102 -0.14285714  0.42857143  0.28571429  0.0058     125
     103  0.00000000  0.42857143 -0.28571429  0.0058     126
     104 -0.14285714  0.42857143 -0.28571429  0.0058     127
     105  0.28571429 -0.42857143  0.28571429  0.0058     128
     106  0.42857143 -0.42857143  0.28571429  0.0058     129
     107  0.42857143  0.42857143 -0.28571429  0.0058     130
     108  0.28571429  0.42857143 -0.28571429  0.0058     131
     109  0.14285714  0.42857143 -0.28571429  0.0058     132
     110  0.00000000 -0.28571429  0.28571429  0.0058     133
     111  0.14285714 -0.28571429  0.28571429  0.0058     134
     112  0.28571429 -0.28571429  0.28571429  0.0058     135
     113  0.42857143 -0.28571429  0.28571429  0.0058     136
     114  0.42857143  0.28571429 -0.28571429  0.0058     137
     115  0.28571429  0.28571429 -0.28571429  0.0058     138
     116  0.14285714  0.28571429 -0.28571429  0.0058     139
     117  0.00000000 -0.14285714  0.28571429  0.0058     140
     118  0.14285714 -0.14285714  0.28571429  0.0058     141
     119  0.28571429 -0.14285714  0.28571429  0.0058     142
     120  0.42857143 -0.14285714  0.28571429  0.0058     143
     121  0.42857143  0.14285714 -0.28571429  0.0058     144
     122  0.28571429  0.14285714 -0.28571429  0.0058     145
     123 -0.14285714 -0.14285714  0.28571429  0.0058     146
     124  0.00000000  0.00000000  0.42857143  0.0058     147
     125  0.14285714  0.00000000  0.42857143  0.0058     148
     126  0.28571429  0.00000000  0.42857143  0.0058     149
     127  0.42857143  0.00000000  0.42857143  0.0058     150
     128 -0.42857143  0.00000000  0.42857143  0.0058     151
     129 -0.28571429  0.00000000  0.42857143  0.0058     152
     130 -0.14285714  0.00000000  0.42857143  0.0058     153
     131  0.00000000  0.14285714  0.42857143  0.0058     154
     132  0.14285714  0.14285714  0.42857143  0.0058     155
     133  0.28571429  0.14285714  0.42857143  0.0058     156
     134  0.42857143  0.14285714  0.42857143  0.0058     157
     135 -0.42857143  0.14285714  0.42857143  0.0058     158
     136 -0.28571429  0.14285714  0.42857143  0.0058     159
     137 -0.14285714  0.14285714  0.42857143  0.0058     160
     138  0.00000000  0.28571429  0.42857143  0.0058     161
     139  0.14285714  0.28571429  0.42857143  0.0058     162
     140  0.28571429  0.28571429  0.42857143  0.0058     163
     141  0.42857143  0.28571429  0.42857143  0.0058     164
     142 -0.42857143  0.28571429  0.42857143  0.0058     165
     143 -0.28571429  0.28571429  0.42857143  0.0058     166
     144 -0.14285714  0.28571429  0.42857143  0.0058     167
     145  0.00000000  0.42857143  0.42857143  0.0058     168
     146  0.14285714  0.42857143  0.42857143  0.0058     169
     147  0.28571429  0.42857143  0.42857143  0.0058     170
     148  0.42857143  0.42857143  0.42857143  0.0058     171
     149 -0.42857143  0.42857143  0.42857143  0.0058     172
     150 -0.28571429  0.42857143  0.42857143  0.0058     173
     151 -0.14285714  0.42857143  0.42857143  0.0058     174
     152  0.00000000 -0.42857143  0.42857143  0.0058     175
     153  0.14285714 -0.42857143  0.42857143  0.0058     176
     154  0.28571429 -0.42857143  0.42857143  0.0058     177
     155  0.42857143 -0.42857143  0.42857143  0.0058     178
     156  0.42857143  0.42857143 -0.42857143  0.0058     179
     157  0.28571429  0.42857143 -0.42857143  0.0058     180
     158  0.14285714  0.42857143 -0.42857143  0.0058     181
     159  0.00000000 -0.28571429  0.42857143  0.0058     182
     160  0.14285714 -0.28571429  0.42857143  0.0058     183
     161  0.28571429 -0.28571429  0.42857143  0.0058     184
     162  0.42857143 -0.28571429  0.42857143  0.0058     185
     163  0.42857143  0.28571429 -0.42857143  0.0058     186
     164  0.28571429  0.28571429 -0.42857143  0.0058     187
     165 -0.14285714 -0.28571429  0.42857143  0.0058     188
     166  0.00000000 -0.14285714  0.42857143  0.0058     189
     167  0.14285714 -0.14285714  0.42857143  0.0058     190
     168  0.28571429 -0.14285714  0.42857143  0.0058     191
     169  0.42857143 -0.14285714  0.42857143  0.0058     192
     170  0.42857143  0.14285714 -0.42857143  0.0058     193
     171 -0.28571429 -0.14285714  0.42857143  0.0058     194
     172 -0.14285714 -0.14285714  0.42857143  0.0058     195

                               nkstot now = 172
 K-POINTS DIRECT COORDINATES
 KPOINTS    DIRECT_X    DIRECT_Y    DIRECT_Z  WEIGHT
       1  0.00000000  0.00000000  0.00000000  0.0029
       2  0.14285714  0.00000000  0.00000000  0.0058
       3  0.28571429  0.00000000  0.00000000  0.0058
       4  0.42857143  0.00000000  0.00000000  0.0058
       5  0.00000000  0.14285714  0.00000000  0.0058
       6  0.14285714  0.14285714  0.00000000  0.0058
       7  0.28571429  0.14285714  0.00000000  0.0058
       8  0.42857143  0.14285714  0.00000000  0.0058
       9  0.42857143 -0.14285714  0.00000000  0.0058
      10  0.28571429 -0.14285714  0.00000000  0.0058
      11 -0.14285714  0.14285714  0.00000000  0.0058
      12  0.00000000  0.28571429  0.00000000  0.0058
      13  0.14285714  0.28571429  0.00000000  0.0058
      14  0.28571429  0.28571429  0.00000000  0.0058
      15  0.42857143  0.28571429  0.00000000  0.0058
      16  0.42857143 -0.28571429  0.00000000  0.0058
      17 -0.28571429  0.28571429  0.00000000  0.0058
      18 -0.14285714  0.28571429  0.00000000  0.0058
      19  0.00000000  0.42857143  0.00000000  0.0058
      20  0.14285714  0.42857143  0.00000000  0.0058
      21  0.28571429  0.42857143  0.00000000  0.0058
      22  0.42857143  0.42857143  0.00000000  0.0058
      23 -0.42857143  0.42857143  0.00000000  0.0058
      24 -0.28571429  0.42857143  0.00000000  0.0058
      25 -0.14285714  0.42857143  0.00000000  0.0058
      26  0.00000000  0.00000000  0.14285714  0.0058
      27  0.14285714  0.00000000  0.14285714  0.0058
      28  0.28571429  0.00000000  0.14285714  0.0058
      29  0.42857143  0.00000000  0.14285714  0.0058
      30  0.42857143  0.00000000 -0.14285714  0.0058
      31  0.28571429  0.00000000 -0.14285714  0.0058
      32 -0.14285714  0.00000000  0.14285714  0.0058
      33  0.00000000  0.14285714  0.14285714  0.0058
      34  0.14285714  0.14285714  0.14285714  0.0058
      35  0.28571429  0.14285714  0.14285714  0.0058
      36  0.42857143  0.14285714  0.14285714  0.0058
      37  0.42857143 -0.14285714 -0.14285714  0.0058
      38  0.28571429 -0.14285714 -0.14285714  0.0058
      39 -0.14285714  0.14285714  0.14285714  0.0058
      40  0.00000000  0.28571429  0.14285714  0.0058
      41  0.14285714  0.28571429  0.14285714  0.0058
      42  0.28571429  0.28571429  0.14285714  0.0058
      43  0.42857143  0.28571429  0.14285714  0.0058
      44  0.42857143 -0.28571429 -0.14285714  0.0058
      45 -0.28571429  0.28571429  0.14285714  0.0058
      46 -0.14285714  0.28571429  0.14285714  0.0058
      47  0.00000000  0.42857143  0.14285714  0.0058
      48  0.14285714  0.42857143  0.14285714  0.0058
      49  0.28571429  0.42857143  0.14285714  0.0058
      50  0.42857143  0.42857143  0.14285714  0.0058
      51 -0.42857143  0.42857143  0.14285714  0.0058
      52 -0.28571429  0.42857143  0.14285714  0.0058
      53 -0.14285714  0.42857143  0.14285714  0.0058
      54  0.00000000  0.42857143 -0.14285714  0.0058
      55 -0.14285714  0.42857143 -0.14285714  0.0058
      56 -0.28571429  0.42857143 -0.14285714  0.0058
      57  0.42857143 -0.42857143  0.14285714  0.0058
      58  0.42857143  0.42857143 -0.14285714  0.0058
      59  0.28571429  0.42857143 -0.14285714  0.0058
      60  0.14285714  0.42857143 -0.14285714  0.0058
      61  0.00000000  0.28571429 -0.14285714  0.0058
      62 -0.14285714  0.28571429 -0.14285714  0.0058
      63  0.28571429 -0.28571429  0.14285714  0.0058
      64  0.42857143 -0.28571429  0.14285714  0.0058
      65  0.42857143  0.28571429 -0.14285714  0.0058
      66  0.28571429  0.28571429 -0.14285714  0.0058
      67  0.14285714  0.28571429 -0.14285714  0.0058
      68  0.00000000 -0.14285714  0.14285714  0.0058
      69  0.14285714 -0.14285714  0.14285714  0.0058
      70  0.28571429 -0.14285714  0.14285714  0.0058
      71  0.42857143 -0.14285714  0.14285714  0.0058
      72  0.42857143  0.14285714 -0.14285714  0.0058
      73  0.28571429  0.14285714 -0.14285714  0.0058
      74  0.14285714  0.14285714 -0.14285714  0.0058
      75  0.00000000  0.00000000  0.28571429  0.0058
      76  0.14285714  0.00000000  0.28571429  0.0058
      77  0.28571429  0.00000000  0.28571429  0.0058
      78  0.42857143  0.00000000  0.28571429  0.0058
      79  0.42857143  0.00000000 -0.28571429  0.0058
      80 -0.28571429  0.00000000  0.28571429  0.0058
      81 -0.14285714  0.00000000  0.28571429  0.0058
      82  0.00000000  0.14285714  0.28571429  0.0058
      83  0.14285714  0.14285714  0.28571429  0.0058
      84  0.28571429  0.14285714  0.28571429  0.0058
      85  0.42857143  0.14285714  0.28571429  0.0058
      86  0.42857143 -0.14285714 -0.28571429  0.0058
      87 -0.28571429  0.14285714  0.28571429  0.0058
      88 -0.14285714  0.14285714  0.28571429  0.0058
      89  0.00000000  0.28571429  0.28571429  0.0058
      90  0.14285714  0.28571429  0.28571429  0.0058
      91  0.28571429  0.28571429  0.28571429  0.0058
      92  0.42857143  0.28571429  0.28571429  0.0058
      93 -0.42857143  0.28571429  0.28571429  0.0058
      94 -0.28571429  0.28571429  0.28571429  0.0058
      95 -0.14285714  0.28571429  0.28571429  0.0058
      96  0.00000000  0.42857143  0.28571429  0.0058
      97  0.14285714  0.42857143  0.28571429  0.0058
      98  0.28571429  0.42857143  0.28571429  0.0058
      99  0.42857143  0.42857143  0.28571429  0.0058
     100 -0.42857143  0.42857143  0.28571429  0.0058
     101 -0.28571429  0.42857143  0.28571429  0.0058
     102 -0.14285714  0.42857143  0.28571429  0.0058
     103  0.00000000  0.42857143 -0.28571429  0.0058
     104 -0.14285714  0.42857143 -0.28571429  0.0058
     105  0.28571429 -0.42857143  0.28571429  0.0058
     106  0.42857143 -0.42857143  0.28571429  0.0058
     107  0.42857143  0.42857143 -0.28571429  0.0058
     108  0.28571429  0.42857143 -0.28571429  0.0058
     109  0.14285714  0.42857143 -0.28571429  0.0058
     110  0.00000000 -0.28571429  0.28571429  0.0058
     111  0.14285714 -0.28571429  0.28571429  0.0058
     112  0.28571429 -0.28571429  0.28571429  0.0058
     113  0.42857143 -0.28571429  0.28571429  0.0058
     114  0.42857143  0.28571429 -0.28571429  0.0058
     115  0.28571429  0.28571429 -0.28571429  0.0058
     116  0.14285714  0.28571429 -0.28571429  0.0058
     117  0.00000000 -0.14285714  0.28571429  0.0058
     118  0.14285714 -0.14285714  0.28571429  0.0058
     119  0.28571429 -0.14285714  0.28571429  0.0058
     120  0.42857143 -0.14285714  0.28571429  0.0058
     121  0.42857143  0.14285714 -0.28571429  0.0058
     122  0.28571429  0.14285714 -0.28571429  0.0058
     123 -0.14285714 -0.14285714  0.28571429  0.0058
     124  0.00000000  0.00000000  0.42857143  0.0058
     125  0.14285714  0.00000000  0.42857143  0.0058
     126  0.28571429  0.00000000  0.42857143  0.0058
     127  0.42857143  0.00000000  0.42857143  0.0058
     128 -0.42857143  0.00000000  0.42857143  0.0058
     129 -0.28571429  0.00000000  0.42857143  0.0058
     130 -0.14285714  0.00000000  0.42857143  0.0058
     131  0.00000000  0.14285714  0.42857143  0.0058
     132  0.14285714  0.14285714  0.42857143  0.0058
     133  0.28571429  0.14285714  0.42857143  0.0058
     134  0.42857143  0.14285714  0.42857143  0.0058
     135 -0.42857143  0.14285714  0.42857143  0.0058
     136 -0.28571429  0.14285714  0.42857143  0.0058
     137 -0.14285714  0.14285714  0.42857143  0.0058
     138  0.00000000  0.28571429  0.42857143  0.0058
     139  0.14285714  0.28571429  0.42857143  0.0058
     140  0.28571429  0.28571429  0.42857143  0.0058
     141  0.42857143  0.28571429  0.42857143  0.0058
     142 -0.42857143  0.28571429  0.42857143  0.0058
     143 -0.28571429  0.28571429  0.42857143  0.0058
     144 -0.14285714  0.28571429  0.42857143  0.0058
     145  0.00000000  0.42857143  0.42857143  0.0058
     146  0.14285714  0.42857143  0.42857143  0.0058
     147  0.28571429  0.42857143  0.42857143  0.0058
     148  0.42857143  0.42857143  0.42857143  0.0058
     149 -0.42857143  0.42857143  0.42857143  0.0058
     150 -0.28571429  0.42857143  0.42857143  0.0058
     151 -0.14285714  0.42857143  0.42857143  0.0058
     152  0.00000000 -0.42857143  0.42857143  0.0058
     153  0.14285714 -0.42857143  0.42857143  0.0058
     154  0.28571429 -0.42857143  0.42857143  0.0058
     155  0.42857143 -0.42857143  0.42857143  0.0058
     156  0.42857143  0.42857143 -0.42857143  0.0058
     157  0.28571429  0.42857143 -0.42857143  0.0058
     158  0.14285714  0.42857143 -0.42857143  0.0058
     159  0.00000000 -0.28571429  0.42857143  0.0058
     160  0.14285714 -0.28571429  0.42857143  0.0058
     161  0.28571429 -0.28571429  0.42857143  0.0058
     162  0.42857143 -0.28571429  0.42857143  0.0058
     163  0.42857143  0.28571429 -0.42857143  0.0058
     164  0.28571429  0.28571429 -0.42857143  0.0058
     165 -0.14285714 -0.28571429  0.42857143  0.0058
     166  0.00000000 -0.14285714  0.42857143  0.0058
     167  0.14285714 -0.14285714  0.42857143  0.0058
     168  0.28571429 -0.14285714  0.42857143  0.0058
     169  0.42857143 -0.14285714  0.42857143  0.0058
     170  0.42857143  0.14285714 -0.42857143  0.0058
     171 -0.28571429 -0.14285714  0.42857143  0.0058
     172 -0.14285714 -0.14285714  0.42857143  0.0058


       Number of k-points in this process = 172
       Minimum distributed k-point number = 172

 K-POINTS CARTESIAN COORDINATES
 KPOINTS CARTESIAN_X CARTESIAN_Y CARTESIAN_Z  WEIGHT
       1  0.00000000  0.00000000  0.00000000  0.0058
       2  0.02250910  0.00137647 -0.00001276  0.0117
       3  0.04501820  0.00275294 -0.00002551  0.0117
       4  0.06752729  0.00412940 -0.00003827  0.0117
       5  0.00000000  0.02357871 -0.00119108  0.0117
       6  0.02250910  0.02495518 -0.00120384  0.0117
       7  0.04501820  0.02633165 -0.00121660  0.0117
       8  0.06752729  0.02770812 -0.00122936  0.0117
       9  0.06752729 -0.01944931  0.00115281  0.0117
      10  0.04501820 -0.02082578  0.00116557  0.0117
      11 -0.02250910  0.02220225 -0.00117833  0.0117
      12  0.00000000  0.04715743 -0.00238217  0.0117
      13  0.02250910  0.04853390 -0.00239493  0.0117
      14  0.04501820  0.04991036 -0.00240768  0.0117
      15  0.06752729  0.05128683 -0.00242044  0.0117
      16  0.06752729 -0.04302802  0.00234390  0.0117
      17 -0.04501820  0.04440449 -0.00235666  0.0117
      18 -0.02250910  0.04578096 -0.00236941  0.0117
      19  0.00000000  0.07073614 -0.00357325  0.0117
      20  0.02250910  0.07211261 -0.00358601  0.0117
      21  0.04501820  0.07348908 -0.00359877  0.0117
      22  0.06752729  0.07486555 -0.00361152  0.0117
      23 -0.06752729  0.06660674 -0.00353498  0.0117
      24 -0.04501820  0.06798321 -0.00354774  0.0117
      25 -0.02250910  0.06935967 -0.00356050  0.0117
      26  0.00000000  0.00000000  0.02270016  0.0117
      27  0.02250910  0.00137647  0.02268740  0.0117
      28  0.04501820  0.00275294  0.02267464  0.0117
      29  0.06752729  0.00412940  0.02266189  0.0117
      30  0.06752729  0.00412940 -0.02273843  0.0117
      31  0.04501820  0.00275294 -0.02272567  0.0117
      32 -0.02250910 -0.00137647  0.02271291  0.0117
      33  0.00000000  0.02357871  0.02150907  0.0117
      34  0.02250910  0.02495518  0.02149632  0.0117
      35  0.04501820  0.02633165  0.02148356  0.0117
      36  0.06752729  0.02770812  0.02147080  0.0117
      37  0.06752729 -0.01944931 -0.02154734  0.0117
      38  0.04501820 -0.02082578 -0.02153459  0.0117
      39 -0.02250910  0.02220225  0.02152183  0.0117
      40  0.00000000  0.04715743  0.02031799  0.0117
      41  0.02250910  0.04853390  0.02030523  0.0117
      42  0.04501820  0.04991036  0.02029247  0.0117
      43  0.06752729  0.05128683  0.02027972  0.0117
      44  0.06752729 -0.04302802 -0.02035626  0.0117
      45 -0.04501820  0.04440449  0.02034350  0.0117
      46 -0.02250910  0.04578096  0.02033075  0.0117
      47  0.00000000  0.07073614  0.01912690  0.0117
      48  0.02250910  0.07211261  0.01911415  0.0117
      49  0.04501820  0.07348908  0.01910139  0.0117
      50  0.06752729  0.07486555  0.01908863  0.0117
      51 -0.06752729  0.06660674  0.01916518  0.0117
      52 -0.04501820  0.06798321  0.01915242  0.0117
      53 -0.02250910  0.06935967  0.01913966  0.0117
      54  0.00000000  0.07073614 -0.02627341  0.0117
      55 -0.02250910  0.06935967 -0.02626065  0.0117
      56 -0.04501820  0.06798321 -0.02624790  0.0117
      57  0.06752729 -0.06660674  0.02623514  0.0117
      58  0.06752729  0.07486555 -0.02631168  0.0117
      59  0.04501820  0.07348908 -0.02629893  0.0117
      60  0.02250910  0.07211261 -0.02628617  0.0117
      61  0.00000000  0.04715743 -0.02508233  0.0117
      62 -0.02250910  0.04578096 -0.02506957  0.0117
      63  0.04501820 -0.04440449  0.02505681  0.0117
      64  0.06752729 -0.04302802  0.02504406  0.0117
      65  0.06752729  0.05128683 -0.02512060  0.0117
      66  0.04501820  0.04991036 -0.02510784  0.0117
      67  0.02250910  0.04853390 -0.02509508  0.0117
      68  0.00000000 -0.02357871  0.02389124  0.0117
      69  0.02250910 -0.02220225  0.02387849  0.0117
      70  0.04501820 -0.02082578  0.02386573  0.0117
      71  0.06752729 -0.01944931  0.02385297  0.0117
      72  0.06752729  0.02770812 -0.02392951  0.0117
      73  0.04501820  0.02633165 -0.02391676  0.0117
      74  0.02250910  0.02495518 -0.02390400  0.0117
      75  0.00000000  0.00000000  0.04540032  0.0117
      76  0.02250910  0.00137647  0.04538756  0.0117
      77  0.04501820  0.00275294  0.04537480  0.0117
      78  0.06752729  0.00412940  0.04536204  0.0117
      79  0.06752729  0.00412940 -0.04543859  0.0117
      80 -0.04501820 -0.00275294  0.04542583  0.0117
      81 -0.02250910 -0.00137647  0.04541307  0.0117
      82  0.00000000  0.02357871  0.04420923  0.0117
      83  0.02250910  0.02495518  0.04419647  0.0117
      84  0.04501820  0.02633165  0.04418372  0.0117
      85  0.06752729  0.02770812  0.04417096  0.0117
      86  0.06752729 -0.01944931 -0.04424750  0.0117
      87 -0.04501820  0.02082578  0.04423474  0.0117
      88 -0.02250910  0.02220225  0.04422199  0.0117
      89  0.00000000  0.04715743  0.04301815  0.0117
      90  0.02250910  0.04853390  0.04300539  0.0117
      91  0.04501820  0.04991036  0.04299263  0.0117
      92  0.06752729  0.05128683  0.04297988  0.0117
      93 -0.06752729  0.04302802  0.04305642  0.0117
      94 -0.04501820  0.04440449  0.04304366  0.0117
      95 -0.02250910  0.04578096  0.04303090  0.0117
      96  0.00000000  0.07073614  0.04182706  0.0117
      97  0.02250910  0.07211261  0.04181430  0.0117
      98  0.04501820  0.07348908  0.04180155  0.0117
      99  0.06752729  0.07486555  0.04178879  0.0117
     100 -0.06752729  0.06660674  0.04186533  0.0117
     101 -0.04501820  0.06798321  0.04185258  0.0117
     102 -0.02250910  0.06935967  0.04183982  0.0117
     103  0.00000000  0.07073614 -0.04897357  0.0117
     104 -0.02250910  0.06935967 -0.04896081  0.0117
     105  0.04501820 -0.06798321  0.04894805  0.0117
     106  0.06752729 -0.06660674  0.04893530  0.0117
     107  0.06752729  0.07486555 -0.04901184  0.0117
     108  0.04501820  0.07348908 -0.04899908  0.0117
     109  0.02250910  0.07211261 -0.04898633  0.0117
     110  0.00000000 -0.04715743  0.04778248  0.0117
     111  0.02250910 -0.04578096  0.04776973  0.0117
     112  0.04501820 -0.04440449  0.04775697  0.0117
     113  0.06752729 -0.04302802  0.04774421  0.0117
     114  0.06752729  0.05128683 -0.04782076  0.0117
     115  0.04501820  0.04991036 -0.04780800  0.0117
     116  0.02250910  0.04853390 -0.04779524  0.0117
     117  0.00000000 -0.02357871  0.04659140  0.0117
     118  0.02250910 -0.02220225  0.04657864  0.0117
     119  0.04501820 -0.02082578  0.04656589  0.0117
     120  0.06752729 -0.01944931  0.04655313  0.0117
     121  0.06752729  0.02770812 -0.04662967  0.0117
     122  0.04501820  0.02633165 -0.04661691  0.0117
     123 -0.02250910 -0.02495518  0.04660416  0.0117
     124  0.00000000  0.00000000  0.06810047  0.0117
     125  0.02250910  0.00137647  0.06808772  0.0117
     126  0.04501820  0.00275294  0.06807496  0.0117
     127  0.06752729  0.00412940  0.06806220  0.0117
     128 -0.06752729 -0.00412940  0.06813874  0.0117
     129 -0.04501820 -0.00275294  0.06812599  0.0117
     130 -0.02250910 -0.00137647  0.06811323  0.0117
     131  0.00000000  0.02357871  0.06690939  0.0117
     132  0.02250910  0.02495518  0.06689663  0.0117
     133  0.04501820  0.02633165  0.06688387  0.0117
     134  0.06752729  0.02770812  0.06687112  0.0117
     135 -0.06752729  0.01944931  0.06694766  0.0117
     136 -0.04501820  0.02082578  0.06693490  0.0117
     137 -0.02250910  0.02220225  0.06692215  0.0117
     138  0.00000000  0.04715743  0.06571830  0.0117
     139  0.02250910  0.04853390  0.06570555  0.0117
     140  0.04501820  0.04991036  0.06569279  0.0117
     141  0.06752729  0.05128683  0.06568003  0.0117
     142 -0.06752729  0.04302802  0.06575657  0.0117
     143 -0.04501820  0.04440449  0.06574382  0.0117
     144 -0.02250910  0.04578096  0.06573106  0.0117
     145  0.00000000  0.07073614  0.06452722  0.0117
     146  0.02250910  0.07211261  0.06451446  0.0117
     147  0.04501820  0.07348908  0.06450171  0.0117
     148  0.06752729  0.07486555  0.06448895  0.0117
     149 -0.06752729  0.06660674  0.06456549  0.0117
     150 -0.04501820  0.06798321  0.06455273  0.0117
     151 -0.02250910  0.06935967  0.06453998  0.0117
     152  0.00000000 -0.07073614  0.07167373  0.0117
     153  0.02250910 -0.06935967  0.07166097  0.0117
     154  0.04501820 -0.06798321  0.07164821  0.0117
     155  0.06752729 -0.06660674  0.07163546  0.0117
     156  0.06752729  0.07486555 -0.07171200  0.0117
     157  0.04501820  0.07348908 -0.07169924  0.0117
     158  0.02250910  0.07211261 -0.07168648  0.0117
     159  0.00000000 -0.04715743  0.07048264  0.0117
     160  0.02250910 -0.04578096  0.07046988  0.0117
     161  0.04501820 -0.04440449  0.07045713  0.0117
     162  0.06752729 -0.04302802  0.07044437  0.0117
     163  0.06752729  0.05128683 -0.07052091  0.0117
     164  0.04501820  0.04991036 -0.07050816  0.0117
     165 -0.02250910 -0.04853390  0.07049540  0.0117
     166  0.00000000 -0.02357871  0.06929156  0.0117
     167  0.02250910 -0.02220225  0.06927880  0.0117
     168  0.04501820 -0.02082578  0.06926604  0.0117
     169  0.06752729 -0.01944931  0.06925329  0.0117
     170  0.06752729  0.02770812 -0.06932983  0.0117
     171 -0.04501820 -0.02633165  0.06931707  0.0117
     172 -0.02250910 -0.02495518  0.06930431  0.0117


 K-POINTS DIRECT COORDINATES
 KPOINTS    DIRECT_X    DIRECT_Y    DIRECT_Z  WEIGHT
       1  0.00000000  0.00000000  0.00000000  0.0058
       2  0.14285714  0.00000000  0.00000000  0.0117
       3  0.28571429  0.00000000  0.00000000  0.0117
       4  0.42857143  0.00000000  0.00000000  0.0117
       5  0.00000000  0.14285714  0.00000000  0.0117
       6  0.14285714  0.14285714  0.00000000  0.0117
       7  0.28571429  0.14285714  0.00000000  0.0117
       8  0.42857143  0.14285714  0.00000000  0.0117
       9  0.42857143 -0.14285714  0.00000000  0.0117
      10  0.28571429 -0.14285714  0.00000000  0.0117
      11 -0.14285714  0.14285714  0.00000000  0.0117
      12  0.00000000  0.28571429  0.00000000  0.0117
      13  0.14285714  0.28571429  0.00000000  0.0117
      14  0.28571429  0.28571429  0.00000000  0.0117
      15  0.42857143  0.28571429  0.00000000  0.0117
      16  0.42857143 -0.28571429  0.00000000  0.0117
      17 -0.28571429  0.28571429  0.00000000  0.0117
      18 -0.14285714  0.28571429  0.00000000  0.0117
      19  0.00000000  0.42857143  0.00000000  0.0117
      20  0.14285714  0.42857143  0.00000000  0.0117
      21  0.28571429  0.42857143  0.00000000  0.0117
      22  0.42857143  0.42857143  0.00000000  0.0117
      23 -0.42857143  0.42857143  0.00000000  0.0117
      24 -0.28571429  0.42857143  0.00000000  0.0117
      25 -0.14285714  0.42857143  0.00000000  0.0117
      26  0.00000000  0.00000000  0.14285714  0.0117
      27  0.14285714  0.00000000  0.14285714  0.0117
      28  0.28571429  0.00000000  0.14285714  0.0117
      29  0.42857143  0.00000000  0.14285714  0.0117
      30  0.42857143  0.00000000 -0.14285714  0.0117
      31  0.28571429  0.00000000 -0.14285714  0.0117
      32 -0.14285714  0.00000000  0.14285714  0.0117
      33  0.00000000  0.14285714  0.14285714  0.0117
      34  0.14285714  0.14285714  0.14285714  0.0117
      35  0.28571429  0.14285714  0.14285714  0.0117
      36  0.42857143  0.14285714  0.14285714  0.0117
      37  0.42857143 -0.14285714 -0.14285714  0.0117
      38  0.28571429 -0.14285714 -0.14285714  0.0117
      39 -0.14285714  0.14285714  0.14285714  0.0117
      40  0.00000000  0.28571429  0.14285714  0.0117
      41  0.14285714  0.28571429  0.14285714  0.0117
      42  0.28571429  0.28571429  0.14285714  0.0117
      43  0.42857143  0.28571429  0.14285714  0.0117
      44  0.42857143 -0.28571429 -0.14285714  0.0117
      45 -0.28571429  0.28571429  0.14285714  0.0117
      46 -0.14285714  0.28571429  0.14285714  0.0117
      47  0.00000000  0.42857143  0.14285714  0.0117
      48  0.14285714  0.42857143  0.14285714  0.0117
      49  0.28571429  0.42857143  0.14285714  0.0117
      50  0.42857143  0.42857143  0.14285714  0.0117
      51 -0.42857143  0.42857143  0.14285714  0.0117
      52 -0.28571429  0.42857143  0.14285714  0.0117
      53 -0.14285714  0.42857143  0.14285714  0.0117
      54  0.00000000  0.42857143 -0.14285714  0.0117
      55 -0.14285714  0.42857143 -0.14285714  0.0117
      56 -0.28571429  0.42857143 -0.14285714  0.0117
      57  0.42857143 -0.42857143  0.14285714  0.0117
      58  0.42857143  0.42857143 -0.14285714  0.0117
      59  0.28571429  0.42857143 -0.14285714  0.0117
      60  0.14285714  0.42857143 -0.14285714  0.0117
      61  0.00000000  0.28571429 -0.14285714  0.0117
      62 -0.14285714  0.28571429 -0.14285714  0.0117
      63  0.28571429 -0.28571429  0.14285714  0.0117
      64  0.42857143 -0.28571429  0.14285714  0.0117
      65  0.42857143  0.28571429 -0.14285714  0.0117
      66  0.28571429  0.28571429 -0.14285714  0.0117
      67  0.14285714  0.28571429 -0.14285714  0.0117
      68  0.00000000 -0.14285714  0.14285714  0.0117
      69  0.14285714 -0.14285714  0.14285714  0.0117
      70  0.28571429 -0.14285714  0.14285714  0.0117
      71  0.42857143 -0.14285714  0.14285714  0.0117
      72  0.42857143  0.14285714 -0.14285714  0.0117
      73  0.28571429  0.14285714 -0.14285714  0.0117
      74  0.14285714  0.14285714 -0.14285714  0.0117
      75  0.00000000  0.00000000  0.28571429  0.0117
      76  0.14285714  0.00000000  0.28571429  0.0117
      77  0.28571429  0.00000000  0.28571429  0.0117
      78  0.42857143  0.00000000  0.28571429  0.0117
      79  0.42857143  0.00000000 -0.28571429  0.0117
      80 -0.28571429  0.00000000  0.28571429  0.0117
      81 -0.14285714  0.00000000  0.28571429  0.0117
      82  0.00000000  0.14285714  0.28571429  0.0117
      83  0.14285714  0.14285714  0.28571429  0.0117
      84  0.28571429  0.14285714  0.28571429  0.0117
      85  0.42857143  0.14285714  0.28571429  0.0117
      86  0.42857143 -0.14285714 -0.28571429  0.0117
      87 -0.28571429  0.14285714  0.28571429  0.0117
      88 -0.14285714  0.14285714  0.28571429  0.0117
      89  0.00000000  0.28571429  0.28571429  0.0117
      90  0.14285714  0.28571429  0.28571429  0.0117
      91  0.28571429  0.28571429  0.28571429  0.0117
      92  0.42857143  0.28571429  0.28571429  0.0117
      93 -0.42857143  0.28571429  0.28571429  0.0117
      94 -0.28571429  0.28571429  0.28571429  0.0117
      95 -0.14285714  0.28571429  0.28571429  0.0117
      96  0.00000000  0.42857143  0.28571429  0.0117
      97  0.14285714  0.42857143  0.28571429  0.0117
      98  0.28571429  0.42857143  0.28571429  0.0117
      99  0.42857143  0.42857143  0.28571429  0.0117
     100 -0.42857143  0.42857143  0.28571429  0.0117
     101 -0.28571429  0.42857143  0.28571429  0.0117
     102 -0.14285714  0.42857143  0.28571429  0.0117
     103  0.00000000  0.42857143 -0.28571429  0.0117
     104 -0.14285714  0.42857143 -0.28571429  0.0117
     105  0.28571429 -0.42857143  0.28571429  0.0117
     106  0.42857143 -0.42857143  0.28571429  0.0117
     107  0.42857143  0.42857143 -0.28571429  0.0117
     108  0.28571429  0.42857143 -0.28571429  0.0117
     109  0.14285714  0.42857143 -0.28571429  0.0117
     110  0.00000000 -0.28571429  0.28571429  0.0117
     111  0.14285714 -0.28571429  0.28571429  0.0117
     112  0.28571429 -0.28571429  0.28571429  0.0117
     113  0.42857143 -0.28571429  0.28571429  0.0117
     114  0.42857143  0.28571429 -0.28571429  0.0117
     115  0.28571429  0.28571429 -0.28571429  0.0117
     116  0.14285714  0.28571429 -0.28571429  0.0117
     117  0.00000000 -0.14285714  0.28571429  0.0117
     118  0.14285714 -0.14285714  0.28571429  0.0117
     119  0.28571429 -0.14285714  0.28571429  0.0117
     120  0.42857143 -0.14285714  0.28571429  0.0117
     121  0.42857143  0.14285714 -0.28571429  0.0117
     122  0.28571429  0.14285714 -0.28571429  0.0117
     123 -0.14285714 -0.14285714  0.28571429  0.0117
     124  0.00000000  0.00000000  0.42857143  0.0117
     125  0.14285714  0.00000000  0.42857143  0.0117
     126  0.28571429  0.00000000  0.42857143  0.0117
     127  0.42857143  0.00000000  0.42857143  0.0117
     128 -0.42857143  0.00000000  0.42857143  0.0117
     129 -0.28571429  0.00000000  0.42857143  0.0117
     130 -0.14285714  0.00000000  0.42857143  0.0117
     131  0.00000000  0.14285714  0.42857143  0.0117
     132  0.14285714  0.14285714  0.42857143  0.0117
     133  0.28571429  0.14285714  0.42857143  0.0117
     134  0.42857143  0.14285714  0.42857143  0.0117
     135 -0.42857143  0.14285714  0.42857143  0.0117
     136 -0.28571429  0.14285714  0.42857143  0.0117
     137 -0.14285714  0.14285714  0.42857143  0.0117
     138  0.00000000  0.28571429  0.42857143  0.0117
     139  0.14285714  0.28571429  0.42857143  0.0117
     140  0.28571429  0.28571429  0.42857143  0.0117
     141  0.42857143  0.28571429  0.42857143  0.0117
     142 -0.42857143  0.28571429  0.42857143  0.0117
     143 -0.28571429  0.28571429  0.42857143  0.0117
     144 -0.14285714  0.28571429  0.42857143  0.0117
     145  0.00000000  0.42857143  0.42857143  0.0117
     146  0.14285714  0.42857143  0.42857143  0.0117
     147  0.28571429  0.42857143  0.42857143  0.0117
     148  0.42857143  0.42857143  0.42857143  0.0117
     149 -0.42857143  0.42857143  0.42857143  0.0117
     150 -0.28571429  0.42857143  0.42857143  0.0117
     151 -0.14285714  0.42857143  0.42857143  0.0117
     152  0.00000000 -0.42857143  0.42857143  0.0117
     153  0.14285714 -0.42857143  0.42857143  0.0117
     154  0.28571429 -0.42857143  0.42857143  0.0117
     155  0.42857143 -0.42857143  0.42857143  0.0117
     156  0.42857143  0.42857143 -0.42857143  0.0117
     157  0.28571429  0.42857143 -0.42857143  0.0117
     158  0.14285714  0.42857143 -0.42857143  0.0117
     159  0.00000000 -0.28571429  0.42857143  0.0117
     160  0.14285714 -0.28571429  0.42857143  0.0117
     161  0.28571429 -0.28571429  0.42857143  0.0117
     162  0.42857143 -0.28571429  0.42857143  0.0117
     163  0.42857143  0.28571429 -0.42857143  0.0117
     164  0.28571429  0.28571429 -0.42857143  0.0117
     165 -0.14285714 -0.28571429  0.42857143  0.0117
     166  0.00000000 -0.14285714  0.42857143  0.0117
     167  0.14285714 -0.14285714  0.42857143  0.0117
     168  0.28571429 -0.14285714  0.42857143  0.0117
     169  0.42857143 -0.14285714  0.42857143  0.0117
     170  0.42857143  0.14285714 -0.42857143  0.0117
     171 -0.28571429 -0.14285714  0.42857143  0.0117
     172 -0.14285714 -0.14285714  0.42857143  0.0117

 DONE : INIT K-POINTS Time : 0.137994 (SEC)

 XC:	101	130	

 >>>>>>>>>>>>>>>>>>>>>>>>>>>>>>>>>>>>>>>>>>>>>>>>>>>>>>>>>>>>>>>>>>>>>>
 |                                                                    |
 | Setup charge mixing parameters                                     |
 |                                                                    |
 <<<<<<<<<<<<<<<<<<<<<<<<<<<<<<<<<<<<<<<<<<<<<<<<<<<<<<<<<<<<<<<<<<<<<<

                              mixing_type = broyden
                              mixing_beta = 0.3
                               mixing_gg0 = 1
                           mixing_gg0_min = 0.1
                              mixing_ndim = 8

 Warning_Memory_Consuming allocated:  PW_B_K::gcar 6.34607 MB


 >>>>>>>>>>>>>>>>>>>>>>>>>>>>>>>>>>>>>>>>>>>>>>>>>>>>>>>>>>>>>>>>>>>>>>
 |                                                                    |
 |              #Setup Plane Waves of Wave Functions#                 |
 | Use the kinetic energy cutoff and the lattice vectors to generate  |
 | the dimensions of FFT grid, which is used to represent the wave    |
 | functions of electrons.                                            |
 |                                                                    |
 <<<<<<<<<<<<<<<<<<<<<<<<<<<<<<<<<<<<<<<<<<<<<<<<<<<<<<<<<<<<<<<<<<<<<<

 SETUP PLANE WAVES FOR WAVE FUNCTIONS
     Energy cutoff for wavefunc (unit:Ry) = 60
              FFT grid for wave functions = [ 64, 64, 64 ]
              Number of total plane waves = 14963
        Number of sticks on FFT x-y plane = 723

 PARALLEL PW FOR WAVE FUNCTIONS
     PROC   COLUMNS(POT)             PW
        1             90           1870
        2             90           1870
        3             90           1870
        4             90           1870
        5             91           1871
        6             91           1872
        7             91           1871
        8             90           1869
 --------------- sum -------------------
        8            723          14963
 DONE : INIT PLANEWAVE Time : 0.175815 (SEC)

                                 init_chg = atomic
 DONE : LOCAL POTENTIAL Time : 0.47831 (SEC)


 SETUP NONLOCAL PSEUDOPOTENTIALS IN PLANE WAVE BASIS
 Na non-local projectors:
 projector 1 L=0
 projector 2 L=0
 projector 3 L=1
 projector 4 L=1
      TOTAL NUMBER OF NONLOCAL PROJECTORS = 128

 Init Non-Local PseudoPotential table : 
 Init Non-Local-Pseudopotential done.
 DONE : NON-LOCAL POTENTIAL Time : 0.497979 (SEC)

                                     npwx = 1612

 Warning_Memory_Consuming allocated:  Psi_PW 363.841 MB

 Using ATOMIC starting wave functions with 80 atomic orbitals + 6 random orbitals (total 86 bands)

 Make real space PAO into reciprocal space.
       max mesh points in Pseudopotential = 1501
     dq(describe PAO in reciprocal space) = 0.01
                                    max q = 934

 number of pseudo atomic orbitals for Na is 3
WARNING: norm of atomic wavefunction # 3 of atomic type Na is 0.999959, renormalized
 DONE : INIT BASIS Time : 0.572698 (SEC)

 ================================================================
 SELF-CONSISTENT
 ================================================================
 DONE : INIT SCF Time : 11.0949 (SEC)


 ++++++++++++++++++++++++++++++++++++++++++++++++++++++++++++++++++++++
 --> #ION MOVE#         1  #ELEC ITER#         1
 ++++++++++++++++++++++++++++++++++++++++++++++++++++++++++++++++++++++
 Average iterative diagonalization steps for k-points is 2.02326
 current threshold of diagonalizaiton is 0.01
 Notice: Threshold on eigenvalues was too large.
 hsover_error=1.44 > DRHO=0.0423289
 Origin diag ethr = 0.01
 New diag ethr = 2.93951e-05
 Average iterative diagonalization steps for k-points is 4.5814
 current threshold of diagonalizaiton is 2.93951e-05
 Electron density deviation 0.0609612
                          Diago Threshold = 2.93951e-05
 ----------------------------------------------------------
      Energy           Rydberg                 eV          
 ----------------------------------------------------------
  E_KohnSham     -1460.9503759464     -19877.2496081134    
  E_Harris       -1469.4243571874     -19992.5440377355    
  E_Fermi        0.6106256764         8.3079885436         
  E_gap(k)       0.0001765838         0.0024025459         
 ----------------------------------------------------------


 ++++++++++++++++++++++++++++++++++++++++++++++++++++++++++++++++++++++
 --> #ION MOVE#         1  #ELEC ITER#         2
 ++++++++++++++++++++++++++++++++++++++++++++++++++++++++++++++++++++++
 Average iterative diagonalization steps for k-points is 2
 current threshold of diagonalizaiton is 4.23342e-05
 Electron density deviation 0.0257185
                          Diago Threshold = 4.23342e-05
 ----------------------------------------------------------
      Energy           Rydberg                 eV          
 ----------------------------------------------------------
  E_KohnSham     -1460.9455586529     -19877.1840654721    
  E_Harris       -1466.1540001073     -19948.0485469520    
  E_Fermi        0.6066370410         8.2537203754         
  E_gap(k)       0.0002735497         0.0037218350         
 ----------------------------------------------------------


 ++++++++++++++++++++++++++++++++++++++++++++++++++++++++++++++++++++++
 --> #ION MOVE#         1  #ELEC ITER#         3
 ++++++++++++++++++++++++++++++++++++++++++++++++++++++++++++++++++++++
 Average iterative diagonalization steps for k-points is 2.00581
 current threshold of diagonalizaiton is 1.78601e-05
 Electron density deviation 0.00351212
                          Diago Threshold = 1.78601e-05
 ----------------------------------------------------------
      Energy           Rydberg                 eV          
 ----------------------------------------------------------
  E_KohnSham     -1460.9519828373     -19877.2714709856    
  E_Harris       -1460.0940548893     -19865.5987624196    
  E_Fermi        0.6001150111         8.1649836063         
  E_gap(k)       0.0004622442         0.0062891548         
 ----------------------------------------------------------


 ++++++++++++++++++++++++++++++++++++++++++++++++++++++++++++++++++++++
 --> #ION MOVE#         1  #ELEC ITER#         4
 ++++++++++++++++++++++++++++++++++++++++++++++++++++++++++++++++++++++
 Average iterative diagonalization steps for k-points is 2
 current threshold of diagonalizaiton is 2.43897e-06
 Electron density deviation 0.0035362
                          Diago Threshold = 2.43897e-06
 ----------------------------------------------------------
      Energy           Rydberg                 eV          
 ----------------------------------------------------------
  E_KohnSham     -1460.9526934151     -19877.2811388930    
  E_Harris       -1460.0963891556     -19865.6305217420    
  E_Fermi        0.6001082832         8.1648920687         
  E_gap(k)       0.0004626808         0.0062950958         
 ----------------------------------------------------------


 ++++++++++++++++++++++++++++++++++++++++++++++++++++++++++++++++++++++
 --> #ION MOVE#         1  #ELEC ITER#         5
 ++++++++++++++++++++++++++++++++++++++++++++++++++++++++++++++++++++++
 Average iterative diagonalization steps for k-points is 2
 current threshold of diagonalizaiton is 2.43897e-06
 Electron density deviation 0.00553248
                          Diago Threshold = 2.43897e-06
 ----------------------------------------------------------
      Energy           Rydberg                 eV          
 ----------------------------------------------------------
  E_KohnSham     -1460.9507497460     -19877.2546939180    
  E_Harris       -1459.5575913269     -19858.2998012015    
  E_Fermi        0.6000143978         8.1636146922         
  E_gap(k)       0.0004727499         0.0064320924         
 ----------------------------------------------------------


 ++++++++++++++++++++++++++++++++++++++++++++++++++++++++++++++++++++++
 --> #ION MOVE#         1  #ELEC ITER#         6
 ++++++++++++++++++++++++++++++++++++++++++++++++++++++++++++++++++++++
 Average iterative diagonalization steps for k-points is 2.98837
 current threshold of diagonalizaiton is 2.43897e-06
 Electron density deviation 0.000423011
                          Diago Threshold = 2.43897e-06
 ----------------------------------------------------------
      Energy           Rydberg                 eV          
 ----------------------------------------------------------
  E_KohnSham     -1460.9516929891     -19877.2675273991    
  E_Harris       -1461.5353335634     -19885.2083647935    
  E_Fermi        0.5987554686         8.1464860812         
  E_gap(k)       0.0000999345         0.0013596785         
 ----------------------------------------------------------


 ++++++++++++++++++++++++++++++++++++++++++++++++++++++++++++++++++++++
 --> #ION MOVE#         1  #ELEC ITER#         7
 ++++++++++++++++++++++++++++++++++++++++++++++++++++++++++++++++++++++
 Average iterative diagonalization steps for k-points is 2
 current threshold of diagonalizaiton is 2.93758e-07
 Electron density deviation 0.000270611
                          Diago Threshold = 2.93758e-07
 ----------------------------------------------------------
      Energy           Rydberg                 eV          
 ----------------------------------------------------------
  E_KohnSham     -1460.9516537150     -19877.2669930465    
  E_Harris       -1461.3991170280     -19883.3550437502    
  E_Fermi        0.5987326672         8.1461758527         
  E_gap(k)       0.0004555722         0.0061983779         
 ----------------------------------------------------------


 ++++++++++++++++++++++++++++++++++++++++++++++++++++++++++++++++++++++
 --> #ION MOVE#         1  #ELEC ITER#         8
 ++++++++++++++++++++++++++++++++++++++++++++++++++++++++++++++++++++++
 Average iterative diagonalization steps for k-points is 2
 current threshold of diagonalizaiton is 1.87924e-07
 Electron density deviation 0.000126039
                          Diago Threshold = 1.87924e-07
 ----------------------------------------------------------
      Energy           Rydberg                 eV          
 ----------------------------------------------------------
  E_KohnSham     -1460.9516467280     -19877.2668979845    
  E_Harris       -1461.2114816579     -19880.8021335699    
  E_Fermi        0.5987104829         8.1458740199         
  E_gap(k)       0.0004532758         0.0061671330         
 ----------------------------------------------------------


 ++++++++++++++++++++++++++++++++++++++++++++++++++++++++++++++++++++++
 --> #ION MOVE#         1  #ELEC ITER#         9
 ++++++++++++++++++++++++++++++++++++++++++++++++++++++++++++++++++++++
 Average iterative diagonalization steps for k-points is 2
 current threshold of diagonalizaiton is 8.75274e-08
 Electron density deviation 6.13226e-05
                          Diago Threshold = 8.75274e-08
 ----------------------------------------------------------
      Energy           Rydberg                 eV          
 ----------------------------------------------------------
  E_KohnSham     -1460.9516530501     -19877.2669840005    
  E_Harris       -1461.0641176585     -19878.7971434984    
  E_Fermi        0.5987004562         8.1457375989         
  E_gap(k)       0.0000979306         0.0013324146         
 ----------------------------------------------------------


 ++++++++++++++++++++++++++++++++++++++++++++++++++++++++++++++++++++++
 --> #ION MOVE#         1  #ELEC ITER#        10
 ++++++++++++++++++++++++++++++++++++++++++++++++++++++++++++++++++++++
 Average iterative diagonalization steps for k-points is 2
 current threshold of diagonalizaiton is 4.25852e-08
 Electron density deviation 4.77286e-05
                          Diago Threshold = 4.25852e-08
 ----------------------------------------------------------
      Energy           Rydberg                 eV          
 ----------------------------------------------------------
  E_KohnSham     -1460.9516568113     -19877.2670351745    
  E_Harris       -1461.0322339333     -19878.3633431614    
  E_Fermi        0.5987004849         8.1457379900         
  E_gap(k)       0.0000969718         0.0013193697         
 ----------------------------------------------------------


 ++++++++++++++++++++++++++++++++++++++++++++++++++++++++++++++++++++++
 --> #ION MOVE#         1  #ELEC ITER#        11
 ++++++++++++++++++++++++++++++++++++++++++++++++++++++++++++++++++++++
 Average iterative diagonalization steps for k-points is 2
 current threshold of diagonalizaiton is 3.31448e-08
 Electron density deviation 4.6622e-05
                          Diago Threshold = 3.31448e-08
 ----------------------------------------------------------
      Energy           Rydberg                 eV          
 ----------------------------------------------------------
  E_KohnSham     -1460.9516589837     -19877.2670647307    
  E_Harris       -1461.0649325513     -19878.8082306833    
  E_Fermi        0.5987212688         8.1460207699         
  E_gap(k)       0.0000966524         0.0013150238         
 ----------------------------------------------------------


 ++++++++++++++++++++++++++++++++++++++++++++++++++++++++++++++++++++++
 --> #ION MOVE#         1  #ELEC ITER#        12
 ++++++++++++++++++++++++++++++++++++++++++++++++++++++++++++++++++++++
 Average iterative diagonalization steps for k-points is 2
 current threshold of diagonalizaiton is 3.23764e-08
 Electron density deviation 3.64058e-05
                          Diago Threshold = 3.23764e-08
 ----------------------------------------------------------
      Energy           Rydberg                 eV          
 ----------------------------------------------------------
  E_KohnSham     -1460.9516618070     -19877.2671031435    
  E_Harris       -1461.0601366073     -19878.7429785172    
  E_Fermi        0.5987367882         8.1462319212         
  E_gap(k)       0.0000974142         0.0013253887         
 ----------------------------------------------------------


 ++++++++++++++++++++++++++++++++++++++++++++++++++++++++++++++++++++++
 --> #ION MOVE#         1  #ELEC ITER#        13
 ++++++++++++++++++++++++++++++++++++++++++++++++++++++++++++++++++++++
 Average iterative diagonalization steps for k-points is 2
 current threshold of diagonalizaiton is 2.52818e-08
 Electron density deviation 1.83842e-07
                          Diago Threshold = 2.52818e-08
 ----------------------------------------------------------
      Energy           Rydberg                 eV          
 ----------------------------------------------------------
  E_KohnSham     -1460.9516646398     -19877.2671416869    
  E_Harris       -1460.9411994049     -19877.1247548611    
  E_Fermi        0.5988164857         8.1473162617         
  E_gap(k)       0.0001015859         0.0013821476         
 ----------------------------------------------------------


 ++++++++++++++++++++++++++++++++++++++++++++++++++++++++++++++++++++++
 --> #ION MOVE#         1  #ELEC ITER#        14
 ++++++++++++++++++++++++++++++++++++++++++++++++++++++++++++++++++++++
 Average iterative diagonalization steps for k-points is 3.09302
 current threshold of diagonalizaiton is 1.27668e-10
 Electron density deviation 4.54889e-07
                          Diago Threshold = 1.27668e-10
 ----------------------------------------------------------
      Energy           Rydberg                 eV          
 ----------------------------------------------------------
  E_KohnSham     -1460.9516645561     -19877.2671405476    
  E_Harris       -1460.9713885173     -19877.5354988076    
  E_Fermi        0.5988326278         8.1475358861         
  E_gap(k)       0.0001011504         0.0013762215         
 ----------------------------------------------------------


 ++++++++++++++++++++++++++++++++++++++++++++++++++++++++++++++++++++++
 --> #ION MOVE#         1  #ELEC ITER#        15
 ++++++++++++++++++++++++++++++++++++++++++++++++++++++++++++++++++++++
 Average iterative diagonalization steps for k-points is 3
 current threshold of diagonalizaiton is 1.27668e-10
 Electron density deviation 2.23132e-08
                          Diago Threshold = 1.27668e-10
 ----------------------------------------------------------
      Energy           Rydberg                 eV          
 ----------------------------------------------------------
  E_KohnSham     -1460.9516646650     -19877.2671420294    
  E_KS(sigma->0) -1460.9516112583     -19877.2664153937    
  E_Harris       -1460.9471267345     -19877.2054003175    
  E_band         -222.9392313856      -3033.2438545842     
  E_one_elec     -942.9592366109      -12829.6185996384    
  E_Hartree      504.0066430519       6857.3621753578      
  E_xc           -221.8897907794      -3018.9654826280     
  E_Ewald        -800.1091735131      -10886.0437818495    
  E_entropy(-TS) -0.0001068134        -0.0014532714        
  E_descf        0.0000000000         0.0000000000         
  E_localpp      -1364.8815925789     -18570.1667543879    
  E_exx          0.0000000000         0.0000000000         
  E_Fermi        0.5988247098         8.1474281565         
  E_gap(k)       0.0001011012         0.0013755520         
 ----------------------------------------------------------

 #SCF IS CONVERGED#
 #TOTAL ENERGY# -19877.267142 eV
 Write eigenvalues and occupations to file: OUT.ABACUS/eig_occ.txt



 #TOTAL-FORCE (eV/Angstrom)#
 -------------------------------------------------------------------------
     Atoms              Force_x              Force_y              Force_z 
 -------------------------------------------------------------------------
       Na1         0.1578889713        -0.0047216244         0.0471537440 
       Na2        -0.2033971305        -0.2653611807         0.1648753961 
       Na3         0.0924346559         0.0526401118         0.0596358979 
       Na4         0.2362947292        -0.0594884504         0.0373845292 
       Na5        -0.0486528641        -0.1692373621         0.0806145462 
       Na6         0.1139059843         0.1120527765        -0.2888426752 
       Na7        -0.0188895245         0.2106771390         0.1963316757 
       Na8         0.0478488217        -0.1696771945        -0.0755851218 
       Na9        -0.0163912180         0.1989559176         0.1316958166 
      Na10        -0.3158941580        -0.0141728344        -0.0032628930 
      Na11         0.0378505586        -0.1062058987        -0.1126486452 
      Na12         0.2180032211        -0.0361219501        -0.0355720036 
      Na13        -0.1619155127        -0.1162944965        -0.1037694319 
      Na14         0.0736336091         0.2951078899        -0.1969717893 
      Na15        -0.1093099872         0.1246655803         0.1573621919 
      Na16        -0.1034101559        -0.0528184233        -0.0584012377 
 -------------------------------------------------------------------------

 #TOTAL-STRESS (kbar)#
 ----------------------------------------------------------------
              Stress_x             Stress_y             Stress_z 
 ----------------------------------------------------------------
         37.7026837649        10.9818677715        -1.6368165697 
         10.9818677715        43.8843333213        -9.5391839607 
         -1.6368165697        -9.5391839607        40.5394505791 
 ----------------------------------------------------------------
 #TOTAL-PRESSURE# (EXCLUDE KINETIC PART OF IONS): 40.708823 kbar

 --------------------------------------------
 !FINAL_ETOT_IS -19877.2671420294027484 eV
 --------------------------------------------



TIME STATISTICS
-----------------------------------------------------------------
   CLASS_NAME          NAME        TIME/s  CALLS   AVG/s  PER/%  
-----------------------------------------------------------------
                 total             979.51 17       57.62  100.00 
 Driver          atomic_world      979.51 1        979.51 100.00 
 Relax_Driver    relax_driver      978.90 1        978.90 99.94  
 ESolver_KS      runner            969.48 1        969.48 98.98  
 ESolver_KS_PW   before_scf        10.52  1        10.52  1.07   
 PSIPrepare      initialize_psi    10.46  1        10.46  1.07   
 DiagoIterAssist diag_subspace     139.01 2580     0.05   14.19  
 Operator        hPsi              705.28 618002   0.00   72.00  
 Operator        veff_pw           468.79 618002   0.00   47.86  
 PW_Basis_K      recip2real        295.01 1073974  0.00   30.12  
 PW_Basis_K      real2recip        199.69 837302   0.00   20.39  
 Operator        nonlocal_pw       230.25 618002   0.00   23.51  
 Nonlocal        add_nonlocal_pp   74.37  618002   0.00   7.59   
 ESolver_KS_PW   hamilt2rho_single 958.51 16       59.91  97.86  
 HSolverPW       solve             957.83 16       59.86  97.79  
 HSolverPW       solve_psik        895.75 2752     0.33   91.45  
 DiagoCG         diag_once         757.89 2752     0.28   77.37  
 ElecStatePW     psiToRho          57.64  16       3.60   5.88   
-----------------------------------------------------------------


 NAME-------------------------|MEMORY(MB)------------------
                         total      3089.7640
                        Psi_PW      2934.8812
                  PW_B_K::gcar        51.1898
                      VNL::vkb        25.3965
                   PW_B_K::gk2        17.0633
                 DiagSub::temp        17.0633
              Veff<PW>::porter         4.0000
             Veff<PW>::porter1         4.0000
              Meta<PW>::porter         4.0000
                 ElecSPW::wfcr         4.0000
               ElecSPW::wfcr_a         4.0000
                      Chg::rho         2.0000
                 Chg::rho_save         2.0000
                 Chg::rho_core         2.0000
                 Pot::veff_fix         2.0000
                     Pot::veff         2.0000
              Pot::veff_smooth         2.0000
                  SF::strucFac         1.5653
            Nonlocal<PW>::becp         1.3438
              Nonlocal<PW>::ps         1.3438
 -------------   < 1.0 MB has been ignored ----------------
 ----------------------------------------------------------

 Start  Time  : Tue Mar 17 20:43:05 2026
 Finish Time  : Tue Mar 17 20:59:24 2026
 Total  Time  : 0 h 16 mins 19 secs 
