 Input  warning : gamma_only_local algorithm is not used.
 In SCAN_BEGIN, can't find: LATTICE_PARAMETERS block.
 AUTO_SET NBANDS to 0
 AUTO_SET NBANDS to 173
 cpu 2D distribution : 4*4
 but, the number of bands-row-block is 3
      Processor           Atom
              1             59
              2             60
              3             57
              4             54
              5             59
              6             60
              7             58
              8             55
              9             59
             10             61
             11             57
             12             55
             13             59
             14             61
             15             58
             16             55
                            startmag_type = 2
                       charge from rho_at = 3.95377
                         charge should be = 4
                       charge from rho_at = 3.99303
                         charge should be = 4

 SETUP ATOMIC RHO FOR SPIN 1
                 Electron number from rho = 288
           total electron number from rho = 288
                                should be = 288
                 charge before normalized = 288
                  charge after normalized = 288
                 charge before normalized = 288.000117670035
                  charge after normalized = 288
                 charge before normalized = 288.000164719784
                  charge after normalized = 288
                 charge before normalized = 288.000138034939
                  charge after normalized = 288
                 charge before normalized = 288.000141722356
                  charge after normalized = 288
                 charge before normalized = 288.000137940802
                  charge after normalized = 288
                 charge before normalized = 288.000138179833
                  charge after normalized = 288
                 charge before normalized = 288.000138195242
                  charge after normalized = 288
                 charge before normalized = 288.000138316485
                  charge after normalized = 288
                 charge before normalized = 288.000138333339
                  charge after normalized = 288
                 charge before normalized = 288.000138341978
                  charge after normalized = 288
                 charge before normalized = 288.000138337428
                  charge after normalized = 288
                 charge before normalized = 288.000138338397
                  charge after normalized = 288
                 charge before normalized = 288.000138337968
                  charge after normalized = 288
                 charge before normalized = 288.000138337842
                  charge after normalized = 288
                 charge before normalized = 288.0001383379
                  charge after normalized = 288
                 charge before normalized = 288.000138337995
                  charge after normalized = 288
                 charge before normalized = 288.000138337956
                  charge after normalized = 288
                            startmag_type = 2
                       charge from rho_at = 3.95377434289291
                         charge should be = 4
                       charge from rho_at = 3.99303358802097
                         charge should be = 4

 SETUP ATOMIC RHO FOR SPIN 1
                 Electron number from rho = 288
           total electron number from rho = 288
                                should be = 288
                            startmag_type = 2
                       charge from rho_at = 3.95377434289291
                         charge should be = 4
                       charge from rho_at = 3.99303358802097
                         charge should be = 4

 SETUP ATOMIC RHO FOR SPIN 1
                 Electron number from rho = 288
           total electron number from rho = 288
                                should be = 288
      Processor           Atom
              1             59
              2             60
              3             57
              4             54
              5             59
              6             60
              7             58
              8             55
              9             59
             10             61
             11             57
             12             55
             13             59
             14             61
             15             58
             16             55
                 charge before normalized = 288
                  charge after normalized = 288
                 charge before normalized = 288.000138302612
                  charge after normalized = 288
                 charge before normalized = 288.000138305775
                  charge after normalized = 288
                 charge before normalized = 288.000138302701
                  charge after normalized = 288
                 charge before normalized = 288.000138306073
                  charge after normalized = 288
                 charge before normalized = 288.000138304415
                  charge after normalized = 288
                 charge before normalized = 288.000138305153
                  charge after normalized = 288
                 charge before normalized = 288.000138305181
                  charge after normalized = 288
                 charge before normalized = 288.000138305148
                  charge after normalized = 288
                 charge before normalized = 288.000138305125
                  charge after normalized = 288
                            startmag_type = 2
                       charge from rho_at = 3.95377434289291
                         charge should be = 4
                       charge from rho_at = 3.99303358802097
                         charge should be = 4

 SETUP ATOMIC RHO FOR SPIN 1
                 Electron number from rho = 288
           total electron number from rho = 288
                                should be = 288
                            startmag_type = 2
                       charge from rho_at = 3.95377434289291
                         charge should be = 4
                       charge from rho_at = 3.99303358802097
                         charge should be = 4

 SETUP ATOMIC RHO FOR SPIN 1
                 Electron number from rho = 288
           total electron number from rho = 288
                                should be = 288
      Processor           Atom
              1             59
              2             60
              3             57
              4             54
              5             59
              6             60
              7             58
              8             55
              9             58
             10             61
             11             57
             12             55
             13             59
             14             61
             15             58
             16             55
                 charge before normalized = 288
                  charge after normalized = 288
                 charge before normalized = 288.000138268014
                  charge after normalized = 288
                 charge before normalized = 288.000138270242
                  charge after normalized = 288
                 charge before normalized = 288.000138270324
                  charge after normalized = 288
                 charge before normalized = 288.000138267859
                  charge after normalized = 288
                 charge before normalized = 288.000138270937
                  charge after normalized = 288
                 charge before normalized = 288.000138268039
                  charge after normalized = 288
                 charge before normalized = 288.000138269746
                  charge after normalized = 288
                 charge before normalized = 288.000138269205
                  charge after normalized = 288
                 charge before normalized = 288.000138269218
                  charge after normalized = 288
                 charge before normalized = 288.000138269226
                  charge after normalized = 288
                            startmag_type = 2
                       charge from rho_at = 3.95377434289291
                         charge should be = 4
                       charge from rho_at = 3.99303358802097
                         charge should be = 4

 SETUP ATOMIC RHO FOR SPIN 1
                 Electron number from rho = 288
           total electron number from rho = 288
                                should be = 288
                            startmag_type = 2
                       charge from rho_at = 3.95377434289291
                         charge should be = 4
                       charge from rho_at = 3.99303358802097
                         charge should be = 4

 SETUP ATOMIC RHO FOR SPIN 1
                 Electron number from rho = 288
           total electron number from rho = 288
                                should be = 288
      Processor           Atom
              1             59
              2             60
              3             57
              4             54
              5             59
              6             60
              7             58
              8             55
              9             59
             10             61
             11             57
             12             55
             13             59
             14             61
             15             58
             16             55
                 charge before normalized = 288
                  charge after normalized = 288
                 charge before normalized = 288.000138290872
                  charge after normalized = 288
                 charge before normalized = 288.000138312616
                  charge after normalized = 288
                 charge before normalized = 288.000138282091
                  charge after normalized = 288
                 charge before normalized = 288.000138305413
                  charge after normalized = 288
                 charge before normalized = 288.000138297284
                  charge after normalized = 288
                 charge before normalized = 288.000138299835
                  charge after normalized = 288
                 charge before normalized = 288.000138300058
                  charge after normalized = 288
                 charge before normalized = 288.000138299705
                  charge after normalized = 288
                 charge before normalized = 288.000138299724
                  charge after normalized = 288
                 charge before normalized = 288.000138299726
                  charge after normalized = 288
                 charge before normalized = 288.000138299733
                  charge after normalized = 288
                            startmag_type = 2
                       charge from rho_at = 3.95377434289291
                         charge should be = 4
                       charge from rho_at = 3.99303358802097
                         charge should be = 4

 SETUP ATOMIC RHO FOR SPIN 1
                 Electron number from rho = 288
           total electron number from rho = 288
                                should be = 288
                            startmag_type = 2
                       charge from rho_at = 3.95377434289291
                         charge should be = 4
                       charge from rho_at = 3.99303358802097
                         charge should be = 4

 SETUP ATOMIC RHO FOR SPIN 1
                 Electron number from rho = 288
           total electron number from rho = 288
                                should be = 288
      Processor           Atom
              1             59
              2             60
              3             57
              4             54
              5             59
              6             60
              7             58
              8             55
              9             59
             10             61
             11             57
             12             55
             13             59
             14             61
             15             58
             16             55
                 charge before normalized = 288
                  charge after normalized = 288
                 charge before normalized = 288.000138138183
                  charge after normalized = 288
                 charge before normalized = 288.000138152978
                  charge after normalized = 288
                 charge before normalized = 288.000138134547
                  charge after normalized = 288
                 charge before normalized = 288.000138146851
                  charge after normalized = 288
                 charge before normalized = 288.000138141308
                  charge after normalized = 288
                 charge before normalized = 288.000138144616
                  charge after normalized = 288
                 charge before normalized = 288.000138144009
                  charge after normalized = 288
                 charge before normalized = 288.000138143908
                  charge after normalized = 288
                 charge before normalized = 288.000138143845
                  charge after normalized = 288
                 charge before normalized = 288.000138143888
                  charge after normalized = 288
                 charge before normalized = 288.000138143875
                  charge after normalized = 288
                            startmag_type = 2
                       charge from rho_at = 3.95377434289291
                         charge should be = 4
                       charge from rho_at = 3.99303358802097
                         charge should be = 4

 SETUP ATOMIC RHO FOR SPIN 1
                 Electron number from rho = 288
           total electron number from rho = 288
                                should be = 288
                            startmag_type = 2
                       charge from rho_at = 3.95377434289291
                         charge should be = 4
                       charge from rho_at = 3.99303358802097
                         charge should be = 4

 SETUP ATOMIC RHO FOR SPIN 1
                 Electron number from rho = 288
           total electron number from rho = 288
                                should be = 288
      Processor           Atom
              1             59
              2             60
              3             57
              4             54
              5             59
              6             61
              7             58
              8             55
              9             59
             10             61
             11             58
             12             55
             13             59
             14             61
             15             59
             16             55
                 charge before normalized = 288
                  charge after normalized = 288
                 charge before normalized = 288.000137956224
                  charge after normalized = 288
                 charge before normalized = 288.000137962166
                  charge after normalized = 288
                 charge before normalized = 288.000137951725
                  charge after normalized = 288
                 charge before normalized = 288.000137958145
                  charge after normalized = 288
                 charge before normalized = 288.000137955838
                  charge after normalized = 288
                 charge before normalized = 288.000137957606
                  charge after normalized = 288
                 charge before normalized = 288.000137956755
                  charge after normalized = 288
                 charge before normalized = 288.000137957068
                  charge after normalized = 288
                 charge before normalized = 288.000137956928
                  charge after normalized = 288
                 charge before normalized = 288.000137957026
                  charge after normalized = 288
                 charge before normalized = 288.00013795699
                  charge after normalized = 288
                            startmag_type = 2
                       charge from rho_at = 3.95377434289291
                         charge should be = 4
                       charge from rho_at = 3.99303358802097
                         charge should be = 4

 SETUP ATOMIC RHO FOR SPIN 1
                 Electron number from rho = 288
           total electron number from rho = 288
                                should be = 288
                            startmag_type = 2
                       charge from rho_at = 3.95377434289291
                         charge should be = 4
                       charge from rho_at = 3.99303358802097
                         charge should be = 4

 SETUP ATOMIC RHO FOR SPIN 1
                 Electron number from rho = 288
           total electron number from rho = 288
                                should be = 288
      Processor           Atom
              1             59
              2             60
              3             57
              4             54
              5             59
              6             61
              7             58
              8             55
              9             59
             10             61
             11             57
             12             55
             13             59
             14             61
             15             59
             16             55
                 charge before normalized = 288
                  charge after normalized = 288
                 charge before normalized = 288.00013782187
                  charge after normalized = 288
                 charge before normalized = 288.000137845572
                  charge after normalized = 288
                 charge before normalized = 288.00013782585
                  charge after normalized = 288
                 charge before normalized = 288.000137830422
                  charge after normalized = 288
                 charge before normalized = 288.000137834017
                  charge after normalized = 288
                 charge before normalized = 288.000137831052
                  charge after normalized = 288
                 charge before normalized = 288.000137832552
                  charge after normalized = 288
                 charge before normalized = 288.000137831869
                  charge after normalized = 288
                 charge before normalized = 288.000137832013
                  charge after normalized = 288
                 charge before normalized = 288.000137831996
                  charge after normalized = 288
                 charge before normalized = 288.000137831999
                  charge after normalized = 288
                            startmag_type = 2
                       charge from rho_at = 3.95377434289291
                         charge should be = 4
                       charge from rho_at = 3.99303358802097
                         charge should be = 4

 SETUP ATOMIC RHO FOR SPIN 1
                 Electron number from rho = 288
           total electron number from rho = 288
                                should be = 288
                            startmag_type = 2
                       charge from rho_at = 3.95377434289291
                         charge should be = 4
                       charge from rho_at = 3.99303358802097
                         charge should be = 4

 SETUP ATOMIC RHO FOR SPIN 1
                 Electron number from rho = 288
           total electron number from rho = 288
                                should be = 288
      Processor           Atom
              1             59
              2             60
              3             58
              4             54
              5             59
              6             60
              7             58
              8             54
              9             59
             10             61
             11             57
             12             55
             13             59
             14             61
             15             59
             16             55
                 charge before normalized = 288
                  charge after normalized = 288
                 charge before normalized = 288.000137716307
                  charge after normalized = 288
                 charge before normalized = 288.000137733505
                  charge after normalized = 288
                 charge before normalized = 288.000137710938
                  charge after normalized = 288
                 charge before normalized = 288.000137718522
                  charge after normalized = 288
                 charge before normalized = 288.000137719643
                  charge after normalized = 288
                 charge before normalized = 288.000137717216
                  charge after normalized = 288
                 charge before normalized = 288.00013771917
                  charge after normalized = 288
                 charge before normalized = 288.000137718269
                  charge after normalized = 288
                 charge before normalized = 288.00013771838
                  charge after normalized = 288
                 charge before normalized = 288.000137718335
                  charge after normalized = 288
                 charge before normalized = 288.000137718387
                  charge after normalized = 288
                 charge before normalized = 288.000137718371
                  charge after normalized = 288
                            startmag_type = 2
                       charge from rho_at = 3.95377434289291
                         charge should be = 4
                       charge from rho_at = 3.99303358802097
                         charge should be = 4

 SETUP ATOMIC RHO FOR SPIN 1
                 Electron number from rho = 288
           total electron number from rho = 288
                                should be = 288
                            startmag_type = 2
                       charge from rho_at = 3.95377434289291
                         charge should be = 4
                       charge from rho_at = 3.99303358802097
                         charge should be = 4

 SETUP ATOMIC RHO FOR SPIN 1
                 Electron number from rho = 288
           total electron number from rho = 288
                                should be = 288
      Processor           Atom
              1             59
              2             60
              3             58
              4             54
              5             59
              6             60
              7             58
              8             54
              9             59
             10             61
             11             57
             12             55
             13             59
             14             61
             15             59
             16             55
                 charge before normalized = 288
                  charge after normalized = 288
                 charge before normalized = 288.00013775666
                  charge after normalized = 288
                 charge before normalized = 288.000137770627
                  charge after normalized = 288
                 charge before normalized = 288.000137737409
                  charge after normalized = 288
                 charge before normalized = 288.000137750302
                  charge after normalized = 288
                 charge before normalized = 288.000137750485
                  charge after normalized = 288
                 charge before normalized = 288.000137750154
                  charge after normalized = 288
                 charge before normalized = 288.000137749837
                  charge after normalized = 288
                 charge before normalized = 288.000137749852
                  charge after normalized = 288
                 charge before normalized = 288.000137749762
                  charge after normalized = 288
                 charge before normalized = 288.00013774984
                  charge after normalized = 288
                 charge before normalized = 288.000137749811
                  charge after normalized = 288
                            startmag_type = 2
                       charge from rho_at = 3.95377434289291
                         charge should be = 4
                       charge from rho_at = 3.99303358802097
                         charge should be = 4

 SETUP ATOMIC RHO FOR SPIN 1
                 Electron number from rho = 288
           total electron number from rho = 288
                                should be = 288
                            startmag_type = 2
                       charge from rho_at = 3.95377434289291
                         charge should be = 4
                       charge from rho_at = 3.99303358802097
                         charge should be = 4

 SETUP ATOMIC RHO FOR SPIN 1
                 Electron number from rho = 288
           total electron number from rho = 288
                                should be = 288
      Processor           Atom
              1             59
              2             60
              3             58
              4             54
              5             60
              6             60
              7             58
              8             54
              9             59
             10             61
             11             57
             12             55
             13             58
             14             61
             15             59
             16             55
                 charge before normalized = 288
                  charge after normalized = 288
                 charge before normalized = 288.00013771894
                  charge after normalized = 288
                 charge before normalized = 288.000137733196
                  charge after normalized = 288
                 charge before normalized = 288.000137710633
                  charge after normalized = 288
                 charge before normalized = 288.000137719608
                  charge after normalized = 288
                 charge before normalized = 288.000137718685
                  charge after normalized = 288
                 charge before normalized = 288.000137720175
                  charge after normalized = 288
                 charge before normalized = 288.000137719243
                  charge after normalized = 288
                 charge before normalized = 288.000137719563
                  charge after normalized = 288
                 charge before normalized = 288.000137719378
                  charge after normalized = 288
                 charge before normalized = 288.000137719472
                  charge after normalized = 288
                 charge before normalized = 288.000137719447
                  charge after normalized = 288
                            startmag_type = 2
                       charge from rho_at = 3.95377434289291
                         charge should be = 4
                       charge from rho_at = 3.99303358802097
                         charge should be = 4

 SETUP ATOMIC RHO FOR SPIN 1
                 Electron number from rho = 288
           total electron number from rho = 288
                                should be = 288
                            startmag_type = 2
                       charge from rho_at = 3.95377434289291
                         charge should be = 4
                       charge from rho_at = 3.99303358802097
                         charge should be = 4

 SETUP ATOMIC RHO FOR SPIN 1
                 Electron number from rho = 288
           total electron number from rho = 288
                                should be = 288
      Processor           Atom
              1             59
              2             60
              3             57
              4             54
              5             59
              6             60
              7             58
              8             55
              9             59
             10             61
             11             57
             12             55
             13             58
             14             61
             15             59
             16             55
                 charge before normalized = 288
                  charge after normalized = 288
                 charge before normalized = 288.000137579019
                  charge after normalized = 288
                 charge before normalized = 288.000137592638
                  charge after normalized = 288
                 charge before normalized = 288.000137559646
                  charge after normalized = 288
                 charge before normalized = 288.000137578061
                  charge after normalized = 288
                 charge before normalized = 288.000137570596
                  charge after normalized = 288
                 charge before normalized = 288.000137576547
                  charge after normalized = 288
                 charge before normalized = 288.00013757455
                  charge after normalized = 288
                 charge before normalized = 288.000137574702
                  charge after normalized = 288
                 charge before normalized = 288.000137574667
                  charge after normalized = 288
                 charge before normalized = 288.000137574699
                  charge after normalized = 288
                 charge before normalized = 288.000137574694
                  charge after normalized = 288
                 charge before normalized = 288.000137574698
                  charge after normalized = 288
