 In SCAN_BEGIN, can't find: LATTICE_PARAMETERS block.
 In SCAN_BEGIN, can't find: <PP_MESH block.
 In SCAN_BEGIN, can't find: <PP_MESH block.
 AUTO_SET NBANDS to 0
 AUTO_SET NBANDS to 154
 cpu 2D distribution : 4*4
 but, the number of bands-row-block is 3
      Processor           Atom
              1             66
              2             66
              3             65
              4             66
              5             61
              6             66
              7             62
              8             66
              9             59
             10             66
             11             61
             12             66
             13             64
             14             65
             15             66
             16             64
                            startmag_type = 2
                       charge from rho_at = 3.95377
                         charge should be = 4
                            startmag_type = 2
                       charge from rho_at = 3.99303
                         charge should be = 4

 SETUP ATOMIC RHO FOR SPIN 1
                 Electron number from rho = 256
           total electron number from rho = 256
                                should be = 256
                 charge before normalized = 256
                  charge after normalized = 256
                 charge before normalized = 256.000109539101
                  charge after normalized = 256
                 charge before normalized = 256.00015317745
                  charge after normalized = 256
                 charge before normalized = 256.000129084671
                  charge after normalized = 256
                 charge before normalized = 256.000132340263
                  charge after normalized = 256
                 charge before normalized = 256.000129352046
                  charge after normalized = 256
                 charge before normalized = 256.000129526333
                  charge after normalized = 256
                 charge before normalized = 256.000129626421
                  charge after normalized = 256
                 charge before normalized = 256.000129644826
                  charge after normalized = 256
                 charge before normalized = 256.000129651827
                  charge after normalized = 256
                 charge before normalized = 256.00012965183
                  charge after normalized = 256
                 charge before normalized = 256.000129650743
                  charge after normalized = 256
                 charge before normalized = 256.000129651726
                  charge after normalized = 256
                 charge before normalized = 256.00012965172
                  charge after normalized = 256
                 charge before normalized = 256.000129651688
                  charge after normalized = 256
                 charge before normalized = 256.000129651717
                  charge after normalized = 256
                            startmag_type = 2
                       charge from rho_at = 3.95377434289291
                         charge should be = 4
                            startmag_type = 2
                       charge from rho_at = 3.99303358802097
                         charge should be = 4

 SETUP ATOMIC RHO FOR SPIN 1
                 Electron number from rho = 256
           total electron number from rho = 256
                                should be = 256
                            startmag_type = 2
                       charge from rho_at = 3.95377434289291
                         charge should be = 4
                            startmag_type = 2
                       charge from rho_at = 3.99303358802097
                         charge should be = 4

 SETUP ATOMIC RHO FOR SPIN 1
                 Electron number from rho = 256
           total electron number from rho = 256
                                should be = 256
      Processor           Atom
              1             66
              2             66
              3             65
              4             66
              5             61
              6             66
              7             62
              8             66
              9             59
             10             66
             11             60
             12             66
             13             64
             14             65
             15             66
             16             64
                 charge before normalized = 256
                  charge after normalized = 256
                 charge before normalized = 256.000129638134
                  charge after normalized = 256
                 charge before normalized = 256.000129638734
                  charge after normalized = 256
                 charge before normalized = 256.000129642108
                  charge after normalized = 256
                 charge before normalized = 256.000129640194
                  charge after normalized = 256
                 charge before normalized = 256.000129640569
                  charge after normalized = 256
                 charge before normalized = 256.000129640427
                  charge after normalized = 256
                 charge before normalized = 256.000129640513
                  charge after normalized = 256
                 charge before normalized = 256.000129640551
                  charge after normalized = 256
                 charge before normalized = 256.00012964052
                  charge after normalized = 256
                            startmag_type = 2
                       charge from rho_at = 3.95377434289291
                         charge should be = 4
                            startmag_type = 2
                       charge from rho_at = 3.99303358802097
                         charge should be = 4

 SETUP ATOMIC RHO FOR SPIN 1
                 Electron number from rho = 256
           total electron number from rho = 256
                                should be = 256
                            startmag_type = 2
                       charge from rho_at = 3.95377434289291
                         charge should be = 4
                            startmag_type = 2
                       charge from rho_at = 3.99303358802097
                         charge should be = 4

 SETUP ATOMIC RHO FOR SPIN 1
                 Electron number from rho = 256
           total electron number from rho = 256
                                should be = 256
      Processor           Atom
              1             66
              2             66
              3             65
              4             66
              5             60
              6             66
              7             62
              8             66
              9             59
             10             66
             11             61
             12             66
             13             64
             14             65
             15             66
             16             64
                 charge before normalized = 256
                  charge after normalized = 256
                 charge before normalized = 256.000129681825
                  charge after normalized = 256
                 charge before normalized = 256.000129674203
                  charge after normalized = 256
                 charge before normalized = 256.000129684792
                  charge after normalized = 256
                 charge before normalized = 256.000129677663
                  charge after normalized = 256
                 charge before normalized = 256.000129679129
                  charge after normalized = 256
                 charge before normalized = 256.000129678742
                  charge after normalized = 256
                 charge before normalized = 256.000129678766
                  charge after normalized = 256
                 charge before normalized = 256.000129678901
                  charge after normalized = 256
                 charge before normalized = 256.000129678813
                  charge after normalized = 256
                 charge before normalized = 256.000129678844
                  charge after normalized = 256
                            startmag_type = 2
                       charge from rho_at = 3.95377434289291
                         charge should be = 4
                            startmag_type = 2
                       charge from rho_at = 3.99303358802097
                         charge should be = 4

 SETUP ATOMIC RHO FOR SPIN 1
                 Electron number from rho = 256
           total electron number from rho = 256
                                should be = 256
                            startmag_type = 2
                       charge from rho_at = 3.95377434289291
                         charge should be = 4
                            startmag_type = 2
                       charge from rho_at = 3.99303358802097
                         charge should be = 4

 SETUP ATOMIC RHO FOR SPIN 1
                 Electron number from rho = 256
           total electron number from rho = 256
                                should be = 256
      Processor           Atom
              1             66
              2             66
              3             65
              4             66
              5             61
              6             66
              7             62
              8             66
              9             59
             10             66
             11             60
             12             66
             13             64
             14             65
             15             66
             16             64
                 charge before normalized = 256
                  charge after normalized = 256
                 charge before normalized = 256.000129649815
                  charge after normalized = 256
                 charge before normalized = 256.000129654979
                  charge after normalized = 256
                 charge before normalized = 256.000129651823
                  charge after normalized = 256
                 charge before normalized = 256.00012965251
                  charge after normalized = 256
                 charge before normalized = 256.000129652243
                  charge after normalized = 256
                 charge before normalized = 256.00012965265
                  charge after normalized = 256
                 charge before normalized = 256.000129652493
                  charge after normalized = 256
                 charge before normalized = 256.000129652524
                  charge after normalized = 256
                 charge before normalized = 256.000129652504
                  charge after normalized = 256
                 charge before normalized = 256.000129652527
                  charge after normalized = 256
                 charge before normalized = 256.000129652517
                  charge after normalized = 256
                            startmag_type = 2
                       charge from rho_at = 3.95377434289291
                         charge should be = 4
                            startmag_type = 2
                       charge from rho_at = 3.99303358802097
                         charge should be = 4

 SETUP ATOMIC RHO FOR SPIN 1
                 Electron number from rho = 256
           total electron number from rho = 256
                                should be = 256
                            startmag_type = 2
                       charge from rho_at = 3.95377434289291
                         charge should be = 4
                            startmag_type = 2
                       charge from rho_at = 3.99303358802097
                         charge should be = 4

 SETUP ATOMIC RHO FOR SPIN 1
                 Electron number from rho = 256
           total electron number from rho = 256
                                should be = 256
      Processor           Atom
              1             66
              2             66
              3             65
              4             66
              5             61
              6             66
              7             62
              8             66
              9             59
             10             66
             11             61
             12             66
             13             64
             14             65
             15             66
             16             64
                 charge before normalized = 256
                  charge after normalized = 256
                 charge before normalized = 256.000129574773
                  charge after normalized = 256
                 charge before normalized = 256.000129571218
                  charge after normalized = 256
                 charge before normalized = 256.000129587708
                  charge after normalized = 256
                 charge before normalized = 256.000129575206
                  charge after normalized = 256
                 charge before normalized = 256.000129576156
                  charge after normalized = 256
                 charge before normalized = 256.000129576365
                  charge after normalized = 256
                 charge before normalized = 256.000129576114
                  charge after normalized = 256
                 charge before normalized = 256.000129576393
                  charge after normalized = 256
                 charge before normalized = 256.00012957628
                  charge after normalized = 256
                 charge before normalized = 256.000129576309
                  charge after normalized = 256
                            startmag_type = 2
                       charge from rho_at = 3.95377434289291
                         charge should be = 4
                            startmag_type = 2
                       charge from rho_at = 3.99303358802097
                         charge should be = 4

 SETUP ATOMIC RHO FOR SPIN 1
                 Electron number from rho = 256
           total electron number from rho = 256
                                should be = 256
                            startmag_type = 2
                       charge from rho_at = 3.95377434289291
                         charge should be = 4
                            startmag_type = 2
                       charge from rho_at = 3.99303358802097
                         charge should be = 4

 SETUP ATOMIC RHO FOR SPIN 1
                 Electron number from rho = 256
           total electron number from rho = 256
                                should be = 256
      Processor           Atom
              1             66
              2             66
              3             65
              4             66
              5             60
              6             66
              7             62
              8             66
              9             59
             10             66
             11             60
             12             66
             13             64
             14             65
             15             66
             16             64
                 charge before normalized = 256
                  charge after normalized = 256
                 charge before normalized = 256.000129691432
                  charge after normalized = 256
                 charge before normalized = 256.000129687681
                  charge after normalized = 256
                 charge before normalized = 256.000129686635
                  charge after normalized = 256
                 charge before normalized = 256.000129688875
                  charge after normalized = 256
                 charge before normalized = 256.000129688209
                  charge after normalized = 256
                 charge before normalized = 256.000129687951
                  charge after normalized = 256
                 charge before normalized = 256.000129688177
                  charge after normalized = 256
                 charge before normalized = 256.000129688204
                  charge after normalized = 256
                 charge before normalized = 256.000129688163
                  charge after normalized = 256
                 charge before normalized = 256.000129688193
                  charge after normalized = 256
                 charge before normalized = 256.000129688182
                  charge after normalized = 256
                            startmag_type = 2
                       charge from rho_at = 3.95377434289291
                         charge should be = 4
                            startmag_type = 2
                       charge from rho_at = 3.99303358802097
                         charge should be = 4

 SETUP ATOMIC RHO FOR SPIN 1
                 Electron number from rho = 256
           total electron number from rho = 256
                                should be = 256
                            startmag_type = 2
                       charge from rho_at = 3.95377434289291
                         charge should be = 4
                            startmag_type = 2
                       charge from rho_at = 3.99303358802097
                         charge should be = 4

 SETUP ATOMIC RHO FOR SPIN 1
                 Electron number from rho = 256
           total electron number from rho = 256
                                should be = 256
      Processor           Atom
              1             66
              2             66
              3             65
              4             66
              5             61
              6             66
              7             62
              8             66
              9             59
             10             66
             11             61
             12             66
             13             64
             14             65
             15             66
             16             64
                 charge before normalized = 256
                  charge after normalized = 256
                 charge before normalized = 256.000129502197
                  charge after normalized = 256
                 charge before normalized = 256.000129525077
                  charge after normalized = 256
                 charge before normalized = 256.000129490314
                  charge after normalized = 256
                 charge before normalized = 256.000129506042
                  charge after normalized = 256
                 charge before normalized = 256.000129504513
                  charge after normalized = 256
                 charge before normalized = 256.000129505886
                  charge after normalized = 256
                 charge before normalized = 256.000129505408
                  charge after normalized = 256
                 charge before normalized = 256.00012950528
                  charge after normalized = 256
                 charge before normalized = 256.000129505361
                  charge after normalized = 256
                 charge before normalized = 256.000129505346
                  charge after normalized = 256
                 charge before normalized = 256.000129505352
                  charge after normalized = 256
                            startmag_type = 2
                       charge from rho_at = 3.95377434289291
                         charge should be = 4
                            startmag_type = 2
                       charge from rho_at = 3.99303358802097
                         charge should be = 4

 SETUP ATOMIC RHO FOR SPIN 1
                 Electron number from rho = 256
           total electron number from rho = 256
                                should be = 256
                            startmag_type = 2
                       charge from rho_at = 3.95377434289291
                         charge should be = 4
                            startmag_type = 2
                       charge from rho_at = 3.99303358802097
                         charge should be = 4

 SETUP ATOMIC RHO FOR SPIN 1
                 Electron number from rho = 256
           total electron number from rho = 256
                                should be = 256
      Processor           Atom
              1             66
              2             66
              3             65
              4             66
              5             60
              6             66
              7             62
              8             66
              9             59
             10             66
             11             61
             12             66
             13             63
             14             65
             15             66
             16             64
                 charge before normalized = 256
                  charge after normalized = 256
                 charge before normalized = 256.000129557883
                  charge after normalized = 256
                 charge before normalized = 256.000129575296
                  charge after normalized = 256
                 charge before normalized = 256.000129554635
                  charge after normalized = 256
                 charge before normalized = 256.00012956178
                  charge after normalized = 256
                 charge before normalized = 256.000129560245
                  charge after normalized = 256
                 charge before normalized = 256.00012956182
                  charge after normalized = 256
                 charge before normalized = 256.000129561193
                  charge after normalized = 256
                 charge before normalized = 256.000129561267
                  charge after normalized = 256
                 charge before normalized = 256.000129561193
                  charge after normalized = 256
                 charge before normalized = 256.000129561238
                  charge after normalized = 256
                 charge before normalized = 256.000129561235
                  charge after normalized = 256
                            startmag_type = 2
                       charge from rho_at = 3.95377434289291
                         charge should be = 4
                            startmag_type = 2
                       charge from rho_at = 3.99303358802097
                         charge should be = 4

 SETUP ATOMIC RHO FOR SPIN 1
                 Electron number from rho = 256
           total electron number from rho = 256
                                should be = 256
                            startmag_type = 2
                       charge from rho_at = 3.95377434289291
                         charge should be = 4
                            startmag_type = 2
                       charge from rho_at = 3.99303358802097
                         charge should be = 4

 SETUP ATOMIC RHO FOR SPIN 1
                 Electron number from rho = 256
           total electron number from rho = 256
                                should be = 256
      Processor           Atom
              1             66
              2             66
              3             65
              4             66
              5             61
              6             66
              7             62
              8             66
              9             60
             10             66
             11             61
             12             66
             13             64
             14             65
             15             66
             16             64
                 charge before normalized = 256
                  charge after normalized = 256
                 charge before normalized = 256.00012952448
                  charge after normalized = 256
                 charge before normalized = 256.000129529367
                  charge after normalized = 256
                 charge before normalized = 256.000129523932
                  charge after normalized = 256
                 charge before normalized = 256.000129520962
                  charge after normalized = 256
                 charge before normalized = 256.000129524581
                  charge after normalized = 256
                 charge before normalized = 256.000129523729
                  charge after normalized = 256
                 charge before normalized = 256.000129523365
                  charge after normalized = 256
                 charge before normalized = 256.000129523496
                  charge after normalized = 256
                 charge before normalized = 256.000129523499
                  charge after normalized = 256
                 charge before normalized = 256.000129523513
                  charge after normalized = 256
                 charge before normalized = 256.0001295235
                  charge after normalized = 256
                            startmag_type = 2
                       charge from rho_at = 3.95377434289291
                         charge should be = 4
                            startmag_type = 2
                       charge from rho_at = 3.99303358802097
                         charge should be = 4

 SETUP ATOMIC RHO FOR SPIN 1
                 Electron number from rho = 256
           total electron number from rho = 256
                                should be = 256
                            startmag_type = 2
                       charge from rho_at = 3.95377434289291
                         charge should be = 4
                            startmag_type = 2
                       charge from rho_at = 3.99303358802097
                         charge should be = 4

 SETUP ATOMIC RHO FOR SPIN 1
                 Electron number from rho = 256
           total electron number from rho = 256
                                should be = 256
      Processor           Atom
              1             66
              2             66
              3             65
              4             66
              5             61
              6             66
              7             62
              8             66
              9             60
             10             66
             11             61
             12             66
             13             63
             14             65
             15             66
             16             64
                 charge before normalized = 256
                  charge after normalized = 256
                 charge before normalized = 256.000129539216
                  charge after normalized = 256
                 charge before normalized = 256.000129582171
                  charge after normalized = 256
                 charge before normalized = 256.000129504469
                  charge after normalized = 256
                 charge before normalized = 256.000129545473
                  charge after normalized = 256
                 charge before normalized = 256.000129539575
                  charge after normalized = 256
                 charge before normalized = 256.000129542248
                  charge after normalized = 256
                 charge before normalized = 256.000129541134
                  charge after normalized = 256
                 charge before normalized = 256.000129540904
                  charge after normalized = 256
                 charge before normalized = 256.000129541093
                  charge after normalized = 256
                 charge before normalized = 256.000129541061
                  charge after normalized = 256
                 charge before normalized = 256.000129541074
                  charge after normalized = 256
                            startmag_type = 2
                       charge from rho_at = 3.95377434289291
                         charge should be = 4
                            startmag_type = 2
                       charge from rho_at = 3.99303358802097
                         charge should be = 4

 SETUP ATOMIC RHO FOR SPIN 1
                 Electron number from rho = 256
           total electron number from rho = 256
                                should be = 256
                            startmag_type = 2
                       charge from rho_at = 3.95377434289291
                         charge should be = 4
                            startmag_type = 2
                       charge from rho_at = 3.99303358802097
                         charge should be = 4

 SETUP ATOMIC RHO FOR SPIN 1
                 Electron number from rho = 256
           total electron number from rho = 256
                                should be = 256
      Processor           Atom
              1             66
              2             66
              3             65
              4             66
              5             61
              6             66
              7             62
              8             66
              9             60
             10             66
             11             61
             12             66
             13             63
             14             65
             15             66
             16             64
                 charge before normalized = 256
                  charge after normalized = 256
                 charge before normalized = 256.000129550449
                  charge after normalized = 256
                 charge before normalized = 256.000129580672
                  charge after normalized = 256
                 charge before normalized = 256.000129535946
                  charge after normalized = 256
                 charge before normalized = 256.000129559034
                  charge after normalized = 256
                 charge before normalized = 256.000129555255
                  charge after normalized = 256
                 charge before normalized = 256.000129557751
                  charge after normalized = 256
                 charge before normalized = 256.000129556815
                  charge after normalized = 256
                 charge before normalized = 256.00012955673
                  charge after normalized = 256
                 charge before normalized = 256.000129556821
                  charge after normalized = 256
                 charge before normalized = 256.000129556788
                  charge after normalized = 256
                 charge before normalized = 256.000129556804
                  charge after normalized = 256
