WARNING: Total thread number on this node mismatches with hardware availability. This may cause poor performance.
Info: Local MPI proc number: 16,OpenMP thread number: 1,Total thread number: 16,Local thread limit: 32
 *********************************************************
 *                                                       *
 *                  WELCOME TO ABACUS v3.0               *
 *                                                       *
 *            'Atomic-orbital Based Ab-initio            *
 *                  Computation at UStc'                 *
 *                                                       *
 *          Website: http://abacus.ustc.edu.cn/          *
 *                                                       *
 *********************************************************
 Mon May 22 14:16:31 2023
 MAKE THE DIR         : OUT.ABACUS/
 MAKE THE STRU DIR    : OUT.ABACUS/STRU/
 UNIFORM GRID DIM     : 120 * 120 * 120
 UNIFORM GRID DIM(BIG): 60 * 60 * 60
 DONE(0.116522   SEC) : SETUP UNITCELL
 DONE(0.127426   SEC) : INIT K-POINTS
 ---------------------------------------------------------
 Molecular Dynamics simulations
 ---------------------------------------------------------
 ENSEMBLE                 : Langevin
 Time interval(fs)        : 1
 ---------------------------------------------------------
 SPIN    KPOINTS         PROCESSORS  NBASE       
 1       36              16          1584        
 ---------------------------------------------------------
 Use Systematically Improvable Atomic bases
 ---------------------------------------------------------
 ELEMENT ORBITALS        NBASE       NATOM       XC          
 Si      3s3p2d-9au      22          36          
 C       3s3p2d-9au      22          36          
 ---------------------------------------------------------
 Initial plane wave basis and FFT box
 ---------------------------------------------------------
--------------------------------- INITVEL DONE ------------------------------------
 -------------------------------------------
 STEP OF MOLECULAR DYNAMICS : 0
 -------------------------------------------
 START CHARGE      : atomic
 DONE(10.2811    SEC) : INIT SCF
 ITER   ETOT(eV)       EDIFF(eV)      DRHO       TIME(s)    
 GE1    -9.372451e+03  0.000000e+00   2.770e-01  1.120e+02  
 GE2    -9.425200e+03  -5.274977e+01  1.515e-01  1.059e+02  
 GE3    -9.435997e+03  -1.079641e+01  3.789e-02  1.057e+02  
 GE4    -9.423504e+03  1.249279e+01   7.107e-02  1.058e+02  
 GE5    -9.448178e+03  -2.467430e+01  1.446e-02  1.057e+02  
 GE6    -9.448498e+03  -3.198919e-01  6.975e-03  1.061e+02  
 GE7    -9.448546e+03  -4.733922e-02  3.650e-03  1.063e+02  
 GE8    -9.448571e+03  -2.508205e-02  2.567e-03  1.066e+02  
 GE9    -9.448567e+03  3.527099e-03   1.727e-03  1.063e+02  
 GE10   -9.448569e+03  -2.234813e-03  7.859e-04  1.043e+02  
 GE11   -9.448571e+03  -1.999913e-03  4.234e-04  1.053e+02  
 GE12   -9.448572e+03  -5.856459e-04  1.476e-04  1.043e+02  
 GE13   -9.448572e+03  -2.822805e-05  4.737e-05  1.064e+02  
 GE14   -9.448572e+03  -5.118833e-06  1.627e-05  1.065e+02  
 GE15   -9.448572e+03  -4.934767e-07  1.766e-05  1.070e+02  
 GE16   -9.448572e+03  -7.859883e-07  4.684e-06  1.067e+02  
 GE17   -9.448572e+03  -4.904558e-08  3.606e-06  1.063e+02  
 GE18   -9.448572e+03  -4.267281e-08  1.556e-06  1.066e+02  
 GE19   -9.448572e+03  -6.287696e-09  2.437e-07  1.064e+02  
 ><><><><><><><><><><><><><><><><><><><><><><
 TOTAL-STRESS (KBAR):
 ><><><><><><><><><><><><><><><><><><><><><><
 1.713e+01      -4.095e+01     1.012e+00      
 -4.095e+01     -4.444e+01     1.771e+01      
 1.012e+00      1.771e+01      2.676e+02      
 TOTAL-PRESSURE: 8.009e+01 KBAR
 ------------------------------------------------------------------------------------------------
 Energy              Potential           Kinetic             Temperature         Pressure (KBAR)     
 -3.472e+02          -3.472e+02          3.373e-03           1.000e+01           8.022e+01           
 ------------------------------------------------------------------------------------------------
 -------------------------------------------
 STEP OF MOLECULAR DYNAMICS : 1
 -------------------------------------------
 DONE(2.136e+03  SEC) : INIT SCF
 ITER   ETOT(eV)       EDIFF(eV)      DRHO       TIME(s)    
 GE1    -9.448765e+03  0.000000e+00   6.295e-04  1.112e+02  
 GE2    -9.448763e+03  1.756311e-03   6.992e-04  1.049e+02  
 GE3    -9.448765e+03  -2.214923e-03  5.694e-04  1.051e+02  
 GE4    -9.448766e+03  -1.071020e-03  1.308e-04  1.055e+02  
 GE5    -9.448766e+03  -2.913933e-05  3.830e-05  1.057e+02  
 GE6    -9.448766e+03  -4.131614e-06  2.630e-05  1.048e+02  
 GE7    -9.448766e+03  -1.756942e-06  1.084e-05  1.047e+02  
 GE8    -9.448766e+03  -3.989168e-07  2.712e-06  1.051e+02  
 GE9    -9.448766e+03  -2.219642e-08  1.496e-06  1.049e+02  
 GE10   -9.448766e+03  -3.996902e-09  4.533e-07  1.047e+02  
 ><><><><><><><><><><><><><><><><><><><><><><
 TOTAL-STRESS (KBAR):
 ><><><><><><><><><><><><><><><><><><><><><><
 1.732e+01      -4.090e+01     9.187e-01      
 -4.090e+01     -4.444e+01     1.801e+01      
 9.187e-01      1.801e+01      2.647e+02      
 TOTAL-PRESSURE: 7.921e+01 KBAR
 ------------------------------------------------------------------------------------------------
 Energy              Potential           Kinetic             Temperature         Pressure (KBAR)     
 -3.472e+02          -3.472e+02          1.023e-02           3.035e+01           7.961e+01           
 ------------------------------------------------------------------------------------------------
 -------------------------------------------
 STEP OF MOLECULAR DYNAMICS : 2
 -------------------------------------------
 DONE(3.296e+03  SEC) : INIT SCF
 ITER   ETOT(eV)       EDIFF(eV)      DRHO       TIME(s)    
 GE1    -9.449032e+03  0.000000e+00   1.612e-03  1.107e+02  
 GE2    -9.449031e+03  1.157405e-03   1.065e-03  1.046e+02  
 GE3    -9.449034e+03  -3.369584e-03  9.290e-04  1.046e+02  
 GE4    -9.449036e+03  -2.475795e-03  2.160e-04  1.046e+02  
 GE5    -9.449037e+03  -1.139640e-04  1.292e-04  1.047e+02  
 GE6    -9.449037e+03  -6.027381e-05  5.323e-05  1.045e+02  
 GE7    -9.449037e+03  -9.029905e-06  2.477e-05  1.046e+02  
 GE8    -9.449037e+03  -2.334264e-06  5.979e-06  1.046e+02  
 GE9    -9.449037e+03  -1.251337e-07  1.976e-06  1.046e+02  
 GE10   -9.449037e+03  -9.217314e-09  6.141e-07  1.048e+02  
 ><><><><><><><><><><><><><><><><><><><><><><
 TOTAL-STRESS (KBAR):
 ><><><><><><><><><><><><><><><><><><><><><><
 1.730e+01      -4.049e+01     4.011e-01      
 -4.049e+01     -4.472e+01     1.830e+01      
 4.011e-01      1.830e+01      2.610e+02      
 TOTAL-PRESSURE: 7.785e+01 KBAR
 ------------------------------------------------------------------------------------------------
 Energy              Potential           Kinetic             Temperature         Pressure (KBAR)     
 -3.472e+02          -3.472e+02          2.662e-02           7.894e+01           7.889e+01           
 ------------------------------------------------------------------------------------------------
 -------------------------------------------
 STEP OF MOLECULAR DYNAMICS : 3
 -------------------------------------------
 DONE(4.452e+03  SEC) : INIT SCF
 ITER   ETOT(eV)       EDIFF(eV)      DRHO       TIME(s)    
 GE1    -9.449442e+03  0.000000e+00   2.063e-03  1.110e+02  
 GE2    -9.449440e+03  2.390240e-03   1.338e-03  1.048e+02  
 GE3    -9.449444e+03  -4.323871e-03  1.242e-03  1.048e+02  
 GE4    -9.449449e+03  -5.121628e-03  3.107e-04  1.050e+02  
 GE5    -9.449449e+03  -2.851816e-04  1.584e-04  1.049e+02  
 GE6    -9.449449e+03  -8.824042e-05  6.754e-05  1.050e+02  
 GE7    -9.449449e+03  -1.318686e-05  2.374e-05  1.049e+02  
 GE8    -9.449449e+03  -1.962244e-06  7.951e-06  1.049e+02  
 GE9    -9.449449e+03  -2.292774e-07  2.829e-06  1.049e+02  
 GE10   -9.449449e+03  -1.884762e-08  7.535e-07  1.051e+02  
 ><><><><><><><><><><><><><><><><><><><><><><
 TOTAL-STRESS (KBAR):
 ><><><><><><><><><><><><><><><><><><><><><><
 1.829e+01      -3.999e+01     -3.146e-01     
 -3.999e+01     -4.510e+01     1.913e+01      
 -3.146e-01     1.913e+01      2.548e+02      
 TOTAL-PRESSURE: 7.600e+01 KBAR
 ------------------------------------------------------------------------------------------------
 Energy              Potential           Kinetic             Temperature         Pressure (KBAR)     
 -3.472e+02          -3.473e+02          3.139e-02           9.308e+01           7.723e+01           
 ------------------------------------------------------------------------------------------------
 -------------------------------------------
 STEP OF MOLECULAR DYNAMICS : 4
 -------------------------------------------
 DONE(5.611e+03  SEC) : INIT SCF
 ITER   ETOT(eV)       EDIFF(eV)      DRHO       TIME(s)    
 GE1    -9.449653e+03  0.000000e+00   2.563e-03  1.111e+02  
 GE2    -9.449649e+03  3.672520e-03   1.635e-03  1.049e+02  
 GE3    -9.449657e+03  -7.223468e-03  1.527e-03  1.048e+02  
 GE4    -9.449664e+03  -7.263039e-03  3.249e-04  1.048e+02  
 GE5    -9.449664e+03  -2.417565e-04  2.047e-04  1.048e+02  
 GE6    -9.449664e+03  -1.622359e-04  9.275e-05  1.049e+02  
 GE7    -9.449664e+03  -2.744093e-05  3.194e-05  1.050e+02  
 GE8    -9.449664e+03  -3.730168e-06  8.645e-06  1.050e+02  
 GE9    -9.449664e+03  -2.230222e-07  2.861e-06  1.050e+02  
 GE10   -9.449664e+03  -2.386386e-08  1.165e-06  1.051e+02  
 GE11   -9.449664e+03  -1.438514e-09  6.505e-07  1.049e+02  
 ><><><><><><><><><><><><><><><><><><><><><><
 TOTAL-STRESS (KBAR):
 ><><><><><><><><><><><><><><><><><><><><><><
 1.771e+01      -3.946e+01     1.443e-01      
 -3.946e+01     -4.467e+01     1.978e+01      
 1.443e-01      1.978e+01      2.512e+02      
 TOTAL-PRESSURE: 7.474e+01 KBAR
 ------------------------------------------------------------------------------------------------
 Energy              Potential           Kinetic             Temperature         Pressure (KBAR)     
 -3.472e+02          -3.473e+02          4.196e-02           1.244e+02           7.637e+01           
 ------------------------------------------------------------------------------------------------
 -------------------------------------------
 STEP OF MOLECULAR DYNAMICS : 5
 -------------------------------------------
 DONE(6.874e+03  SEC) : INIT SCF
 ITER   ETOT(eV)       EDIFF(eV)      DRHO       TIME(s)    
 GE1    -9.449803e+03  0.000000e+00   2.755e-03  1.112e+02  
 GE2    -9.449800e+03  3.186278e-03   1.694e-03  1.050e+02  
 GE3    -9.449806e+03  -6.839416e-03  1.587e-03  1.051e+02  
 GE4    -9.449815e+03  -8.281497e-03  4.019e-04  1.051e+02  
 GE5    -9.449815e+03  -4.202829e-04  2.174e-04  1.051e+02  
 GE6    -9.449815e+03  -1.775989e-04  1.132e-04  1.052e+02  
 GE7    -9.449815e+03  -3.891107e-05  3.236e-05  1.052e+02  
 GE8    -9.449815e+03  -3.752476e-06  8.353e-06  1.051e+02  
 GE9    -9.449815e+03  -2.093888e-07  3.440e-06  1.051e+02  
 GE10   -9.449815e+03  -3.189633e-08  1.342e-06  1.051e+02  
 GE11   -9.449815e+03  -1.914925e-09  7.676e-07  1.050e+02  
 ><><><><><><><><><><><><><><><><><><><><><><
 TOTAL-STRESS (KBAR):
 ><><><><><><><><><><><><><><><><><><><><><><
 1.832e+01      -3.890e+01     1.609e-01      
 -3.890e+01     -4.575e+01     1.948e+01      
 1.609e-01      1.948e+01      2.492e+02      
 TOTAL-PRESSURE: 7.391e+01 KBAR
 ------------------------------------------------------------------------------------------------
 Energy              Potential           Kinetic             Temperature         Pressure (KBAR)     
 -3.472e+02          -3.473e+02          4.885e-02           1.448e+02           7.581e+01           
 ------------------------------------------------------------------------------------------------
 -------------------------------------------
 STEP OF MOLECULAR DYNAMICS : 6
 -------------------------------------------
 DONE(8.141e+03  SEC) : INIT SCF
 ITER   ETOT(eV)       EDIFF(eV)      DRHO       TIME(s)    
 GE1    -9.450059e+03  0.000000e+00   2.947e-03  1.111e+02  
 GE2    -9.450056e+03  2.548495e-03   1.905e-03  1.100e+02  
 GE3    -9.450065e+03  -9.077231e-03  1.585e-03  1.164e+02  
 GE4    -9.450074e+03  -8.315330e-03  4.704e-04  1.162e+02  
 GE5    -9.450074e+03  -7.055399e-04  2.465e-04  1.163e+02  
 GE6    -9.450074e+03  -2.417089e-04  1.066e-04  1.164e+02  
 GE7    -9.450075e+03  -3.202978e-05  3.384e-05  1.163e+02  
 GE8    -9.450075e+03  -4.088079e-06  1.197e-05  1.164e+02  
 GE9    -9.450075e+03  -4.951194e-07  4.589e-06  1.166e+02  
 GE10   -9.450075e+03  -5.300536e-08  1.298e-06  1.165e+02  
 GE11   -9.450075e+03  3.665889e-09   9.816e-07  1.165e+02  
 ><><><><><><><><><><><><><><><><><><><><><><
 TOTAL-STRESS (KBAR):
 ><><><><><><><><><><><><><><><><><><><><><><
 1.842e+01      -3.836e+01     6.728e-01      
 -3.836e+01     -4.504e+01     1.998e+01      
 6.728e-01      1.998e+01      2.447e+02      
 TOTAL-PRESSURE: 7.269e+01 KBAR
 ------------------------------------------------------------------------------------------------
 Energy              Potential           Kinetic             Temperature         Pressure (KBAR)     
 -3.472e+02          -3.473e+02          7.069e-02           2.096e+02           7.545e+01           
 ------------------------------------------------------------------------------------------------
 -------------------------------------------
 STEP OF MOLECULAR DYNAMICS : 7
 -------------------------------------------
 DONE(9.520e+03  SEC) : INIT SCF
 ITER   ETOT(eV)       EDIFF(eV)      DRHO       TIME(s)    
 GE1    -9.450299e+03  0.000000e+00   3.684e-03  1.229e+02  
 GE2    -9.450282e+03  1.669294e-02   2.529e-03  1.164e+02  
 GE3    -9.450305e+03  -2.254865e-02  2.393e-03  1.165e+02  
 GE4    -9.450323e+03  -1.858924e-02  4.883e-04  1.065e+02  
 GE5    -9.450324e+03  -5.337933e-04  2.889e-04  1.051e+02  
 GE6    -9.450324e+03  -2.986852e-04  1.421e-04  1.052e+02  
 GE7    -9.450324e+03  -6.261523e-05  4.751e-05  1.052e+02  
 GE8    -9.450324e+03  -8.095032e-06  1.246e-05  1.051e+02  
 GE9    -9.450324e+03  -4.924357e-07  5.552e-06  1.051e+02  
 GE10   -9.450324e+03  -8.120177e-08  1.934e-06  1.051e+02  
 GE11   -9.450324e+03  -1.522350e-08  1.167e-06  1.051e+02  
 GE12   -9.450324e+03  -2.389789e-09  4.566e-07  1.051e+02  
 ><><><><><><><><><><><><><><><><><><><><><><
 TOTAL-STRESS (KBAR):
 ><><><><><><><><><><><><><><><><><><><><><><
 1.788e+01      -3.662e+01     1.435e+00      
 -3.662e+01     -4.419e+01     2.017e+01      
 1.435e+00      2.017e+01      2.399e+02      
 TOTAL-PRESSURE: 7.120e+01 KBAR
 ------------------------------------------------------------------------------------------------
 Energy              Potential           Kinetic             Temperature         Pressure (KBAR)     
 -3.472e+02          -3.473e+02          8.042e-02           2.385e+02           7.433e+01           
 ------------------------------------------------------------------------------------------------
 -------------------------------------------
 STEP OF MOLECULAR DYNAMICS : 8
 -------------------------------------------
 DONE(1.093e+04  SEC) : INIT SCF
 ITER   ETOT(eV)       EDIFF(eV)      DRHO       TIME(s)    
 GE1    -9.450309e+03  0.000000e+00   3.764e-03  1.114e+02  
 GE2    -9.450306e+03  2.650094e-03   2.216e-03  1.051e+02  
 GE3    -9.450318e+03  -1.234693e-02  1.913e-03  1.053e+02  
 GE4    -9.450331e+03  -1.257876e-02  5.030e-04  1.052e+02  
 GE5    -9.450332e+03  -7.197932e-04  3.085e-04  1.051e+02  
 GE6    -9.450332e+03  -3.542262e-04  1.144e-04  1.052e+02  
 GE7    -9.450332e+03  -3.920492e-05  4.522e-05  1.050e+02  
 GE8    -9.450332e+03  -7.377618e-06  1.167e-05  1.052e+02  
 GE9    -9.450332e+03  -4.236407e-07  3.600e-06  1.051e+02  
 GE10   -9.450332e+03  -3.475325e-08  1.624e-06  1.052e+02  
 GE11   -9.450332e+03  -2.044855e-09  9.570e-07  1.050e+02  
 ><><><><><><><><><><><><><><><><><><><><><><
 TOTAL-STRESS (KBAR):
 ><><><><><><><><><><><><><><><><><><><><><><
 1.671e+01      -3.570e+01     2.299e+00      
 -3.570e+01     -4.389e+01     1.917e+01      
 2.299e+00      1.917e+01      2.399e+02      
 TOTAL-PRESSURE: 7.089e+01 KBAR
 ------------------------------------------------------------------------------------------------
 Energy              Potential           Kinetic             Temperature         Pressure (KBAR)     
 -3.472e+02          -3.473e+02          7.650e-02           2.268e+02           7.388e+01           
 ------------------------------------------------------------------------------------------------
 -------------------------------------------
 STEP OF MOLECULAR DYNAMICS : 9
 -------------------------------------------
 DONE(1.219e+04  SEC) : INIT SCF
 ITER   ETOT(eV)       EDIFF(eV)      DRHO       TIME(s)    
 GE1    -9.450534e+03  0.000000e+00   3.793e-03  1.113e+02  
 GE2    -9.450525e+03  8.493212e-03   2.601e-03  1.052e+02  
 GE3    -9.450545e+03  -1.964222e-02  2.281e-03  1.050e+02  
 GE4    -9.450560e+03  -1.504312e-02  5.064e-04  1.050e+02  
 GE5    -9.450560e+03  -5.848610e-04  2.823e-04  1.051e+02  
 GE6    -9.450561e+03  -2.890581e-04  1.401e-04  1.051e+02  
 GE7    -9.450561e+03  -6.725522e-05  5.192e-05  1.053e+02  
 GE8    -9.450561e+03  -9.503760e-06  1.385e-05  1.052e+02  
 GE9    -9.450561e+03  -6.108331e-07  5.492e-06  1.051e+02  
 GE10   -9.450561e+03  -7.344153e-08  1.727e-06  1.051e+02  
 GE11   -9.450561e+03  -1.097911e-08  1.103e-06  1.053e+02  
 GE12   -9.450561e+03  -3.177104e-09  3.420e-07  1.052e+02  
 ><><><><><><><><><><><><><><><><><><><><><><
 TOTAL-STRESS (KBAR):
 ><><><><><><><><><><><><><><><><><><><><><><
 1.629e+01      -3.621e+01     1.844e+00      
 -3.621e+01     -4.377e+01     2.019e+01      
 1.844e+00      2.019e+01      2.369e+02      
 TOTAL-PRESSURE: 6.981e+01 KBAR
 ------------------------------------------------------------------------------------------------
 Energy              Potential           Kinetic             Temperature         Pressure (KBAR)     
 -3.472e+02          -3.473e+02          8.159e-02           2.419e+02           7.299e+01           
 ------------------------------------------------------------------------------------------------
 -------------------------------------------
 STEP OF MOLECULAR DYNAMICS : 10
 -------------------------------------------
 DONE(1.356e+04  SEC) : INIT SCF
 ITER   ETOT(eV)       EDIFF(eV)      DRHO       TIME(s)    
 GE1    -9.450603e+03  0.000000e+00   3.693e-03  1.113e+02  
 GE2    -9.450595e+03  7.903651e-03   2.356e-03  1.052e+02  
 GE3    -9.450611e+03  -1.581864e-02  2.178e-03  1.052e+02  
 GE4    -9.450626e+03  -1.502521e-02  5.335e-04  1.051e+02  
 GE5    -9.450627e+03  -8.128435e-04  3.251e-04  1.052e+02  
 GE6    -9.450627e+03  -3.868479e-04  1.231e-04  1.051e+02  
 GE7    -9.450627e+03  -4.306427e-05  4.681e-05  1.050e+02  
 GE8    -9.450627e+03  -7.663093e-06  1.319e-05  1.050e+02  
 GE9    -9.450627e+03  -5.449553e-07  4.822e-06  1.050e+02  
 GE10   -9.450627e+03  -5.753436e-08  1.674e-06  1.050e+02  
 GE11   -9.450627e+03  -9.299294e-09  1.108e-06  1.051e+02  
 GE12   -9.450627e+03  -3.337970e-09  3.332e-07  1.050e+02  
 ><><><><><><><><><><><><><><><><><><><><><><
 TOTAL-STRESS (KBAR):
 ><><><><><><><><><><><><><><><><><><><><><><
 1.472e+01      -3.645e+01     2.293e+00      
 -3.645e+01     -4.171e+01     2.039e+01      
 2.293e+00      2.039e+01      2.352e+02      
 TOTAL-PRESSURE: 6.942e+01 KBAR
 ------------------------------------------------------------------------------------------------
 Energy              Potential           Kinetic             Temperature         Pressure (KBAR)     
 -3.472e+02          -3.473e+02          1.057e-01           3.134e+02           7.354e+01           
 ------------------------------------------------------------------------------------------------

  |CLASS_NAME---------|NAME---------------|TIME(Sec)-----|CALLS----|AVG------|PER%-------
                       total               14933          27        5.5e+02   1e+02     %
   Driver              driver_line         14933          1         1.5e+04   1e+02     %
   PW_Basis            setup_struc_factor  1.1906         11        0.11      0.008     %
   ORB_control         read_orb_first      0.23852        1         0.24      0.0016    %
   LCAO_Orbitals       Read_Orbitals       0.23851        1         0.24      0.0016    %
   NOrbital_Lm         extra_uniform       0.13226        16        0.0083    0.00089   %
   Mathzone_Add1       Uni_Deriv_Phi       0.11781        16        0.0074    0.00079   %
   ORB_control         set_orb_tables      7.0034         1         7         0.047     %
   ORB_gen_tables      gen_tables          7.0034         1         7         0.047     %
   ORB_table_phi       init_Table          5.1746         1         5.2       0.035     %
   ORB_table_phi       cal_ST_Phi12_R      5.1338         558       0.0092    0.034     %
   ORB_table_beta      init_Table_Beta     1.3455         1         1.3       0.009     %
   ORB_table_beta      VNL_PhiBeta_R       1.3373         168       0.008     0.009     %
   ppcell_vl           init_vloc           0.25438        1         0.25      0.0017    %
   Run_MD              md_line             14925          1         1.5e+04   1e+02     %
   Langevin            setup               2125.4         1         2.1e+03   14        %
   MD_func             force_stress        14925          11        1.4e+03   1e+02     %
   ESolver_KS_LCAO     Run                 13805          11        1.3e+03   92        %
   ESolver_KS_LCAO     beforescf           28.286         11        2.6       0.19      %
   ESolver_KS_LCAO     beforesolver        10.543         11        0.96      0.071     %
   ESolver_KS_LCAO     set_matrix_grid     6.2721         11        0.57      0.042     %
   atom_arrange        search              0.1021         11        0.0093    0.00068   %
   Grid_Technique      init                3.1704         11        0.29      0.021     %
   Grid_BigCell        grid_expansion_index0.91283        22        0.041     0.0061    %
   Record_adj          for_2d              2.6755         11        0.24      0.018     %
   Grid_Driver         Find_atom           18.098         699192    2.6e-05   0.12      %
   Charge              atomic_rho          15.589         21        0.74      0.1       %
   PW_Basis            recip2real          4.4069         765       0.0058    0.03      %
   PW_Basis            gathers_scatterp    3.0668         765       0.004     0.021     %
   Potential           init_pot            0.93293        11        0.085     0.0062    %
   Potential           update_from_charge  10.901         140       0.078     0.073     %
   Potential           cal_v_eff           10.848         140       0.077     0.073     %
   H_Hartree_pw        v_hartree           1.1745         140       0.0084    0.0079    %
   PW_Basis            real2recip          3.4702         1164      0.003     0.023     %
   PW_Basis            gatherp_scatters    1.4108         1164      0.0012    0.0094    %
   PotXC               cal_v_eff           9.5937         140       0.069     0.064     %
   XC_Functional       v_xc                9.538          140       0.068     0.064     %
   HSolverLCAO         solve               13753          129       1.1e+02   92        %
   HamiltLCAO          updateHk            5063.2         4644      1.1       34        %
   OperatorLCAO        init                4285.7         9288      0.46      29        %
   Veff                contributeHk        4282.9         4644      0.92      29        %
   Gint_interface      cal_gint            6790.1         269       25        45        %
   Gint_interface      cal_gint_vlocal     3302           129       26        22        %
   Gint_k              folding_vl_k        980.91         4644      0.21      6.6       %
   Gint_k              Distri              715.42         4644      0.15      4.8       %
   Overlap             contributeHR        5.0803         11        0.46      0.034     %
   LCAO_gen_fixedH     calculate_S_no      5.0803         11        0.46      0.034     %
   Ekinetic<OperatorLCAO>contributeHR        5.1834         11        0.47      0.035     %
   Nonlocal<OperatorLCAO>contributeHR        52.561         11        4.8       0.35      %
   LCAO_gen_fixedH     build_Nonlocal_mu_new165.7          22        7.5       1.1       %
   ORB_gen_tables      snap_psibeta_half   3.5395         1254204   2.8e-06   0.024     %
   OperatorLCAO        folding_fixed       714.64         4644      0.15      4.8       %
   LCAO_nnr            folding_fixedH      706.53         4644      0.15      4.7       %
   HSolverLCAO         hamiltSolvePsiK     1998           4644      0.43      13        %
   DiagoElpa           elpa_solve          1982.5         4644      0.43      13        %
   ElecStateLCAO       psiToRho            6692           129       52        45        %
   elecstate           cal_dm              183.37         140       1.3       1.2       %
   psiMulPsiMpi        pdgemm              177.51         5040      0.035     1.2       %
    Local_Orbital_wfc  wfc_2d_to_grid      31.297         4644      0.0067    0.21      %
   LCAO_Charge         cal_dk_k            3543.9         129       27        24        %
   Record_adj          for_grid            0.71959        129       0.0056    0.0048    %
   Gint_interface      cal_gint_rho        2898.9         129       22        19        %
   Charge              mix_rho             1.6084         118       0.014     0.011     %
   Force_Stress_LCAO   getForceStress      1119.3         11        1e+02     7.5       %
   Forces              cal_force_loc       0.91804        11        0.083     0.0061    %
   Forces              cal_force_ew        0.86778        11        0.079     0.0058    %
   Forces              cal_force_scc       7.668          11        0.7       0.051     %
   Stress_Func         stress_loc          6.3614         11        0.58      0.043     %
   Stress_Func         stress_ewa          0.39236        11        0.036     0.0026    %
   Stress_Func         stress_gga          0.45546        11        0.041     0.0031    %
   Force_LCAO_k        ftable_k            1102.6         11        1e+02     7.4       %
   Force_LCAO_k        allocate_k          146.67         11        13        0.98      %
   Force_LCAO_k        cal_foverlap_k      29.438         11        2.7       0.2       %
   Force_LCAO_k        cal_edm_2d          28.426         11        2.6       0.19      %
   Local_Orbital_Chargecal_dm_R            12.533         22        0.57      0.084     %
   Force_LCAO_k        cal_ftvnl_dphi_k    0.32022        11        0.029     0.0021    %
   Force_LCAO_k        cal_fvl_dphi_k      589.19         11        54        3.9       %
   Gint_interface      cal_gint_force      589.19         11        54        3.9       %
   Force_LCAO_k        cal_fvnl_dbeta_k_new296.06         11        27        2         %
 ----------------------------------------------------------------------------------------

 START  Time  : Mon May 22 14:16:31 2023
 FINISH Time  : Mon May 22 18:25:24 2023
 TOTAL  Time  : 1.5e+04
 SEE INFORMATION IN : OUT.ABACUS/
