 Input  warning : gamma_only_local algorithm is not used.
 In SCAN_BEGIN, can't find: LATTICE_PARAMETERS block.
 AUTO_SET NBANDS to 0
 AUTO_SET NBANDS to 173
 cpu 2D distribution : 4*4
 but, the number of bands-row-block is 3
      Processor           Atom
              1             56
              2             59
              3             57
              4             54
              5             57
              6             60
              7             58
              8             53
              9             56
             10             60
             11             59
             12             54
             13             56
             14             61
             15             58
             16             53
                            startmag_type = 2
                       charge from rho_at = 3.95377
                         charge should be = 4
                       charge from rho_at = 3.99303
                         charge should be = 4

 SETUP ATOMIC RHO FOR SPIN 1
                 Electron number from rho = 288
           total electron number from rho = 288
                                should be = 288
                 charge before normalized = 288
                  charge after normalized = 288
                 charge before normalized = 288.000111779007
                  charge after normalized = 288
                 charge before normalized = 288.000159865194
                  charge after normalized = 288
                 charge before normalized = 288.000132476661
                  charge after normalized = 288
                 charge before normalized = 288.000135871247
                  charge after normalized = 288
                 charge before normalized = 288.000132378615
                  charge after normalized = 288
                 charge before normalized = 288.000132604894
                  charge after normalized = 288
                 charge before normalized = 288.000132643101
                  charge after normalized = 288
                 charge before normalized = 288.000132704893
                  charge after normalized = 288
                 charge before normalized = 288.000132714696
                  charge after normalized = 288
                 charge before normalized = 288.000132721393
                  charge after normalized = 288
                 charge before normalized = 288.000132718707
                  charge after normalized = 288
                 charge before normalized = 288.000132721126
                  charge after normalized = 288
                 charge before normalized = 288.000132721496
                  charge after normalized = 288
                 charge before normalized = 288.000132721286
                  charge after normalized = 288
                 charge before normalized = 288.000132721189
                  charge after normalized = 288
                 charge before normalized = 288.000132721238
                  charge after normalized = 288
                            startmag_type = 2
                       charge from rho_at = 3.95377434289291
                         charge should be = 4
                       charge from rho_at = 3.99303358802097
                         charge should be = 4

 SETUP ATOMIC RHO FOR SPIN 1
                 Electron number from rho = 288
           total electron number from rho = 288
                                should be = 288
                            startmag_type = 2
                       charge from rho_at = 3.95377434289291
                         charge should be = 4
                       charge from rho_at = 3.99303358802097
                         charge should be = 4

 SETUP ATOMIC RHO FOR SPIN 1
                 Electron number from rho = 288
           total electron number from rho = 288
                                should be = 288
      Processor           Atom
              1             56
              2             59
              3             57
              4             54
              5             57
              6             60
              7             58
              8             53
              9             56
             10             60
             11             59
             12             54
             13             56
             14             61
             15             58
             16             53
                 charge before normalized = 288
                  charge after normalized = 288
                 charge before normalized = 288.000132702559
                  charge after normalized = 288
                 charge before normalized = 288.000132703825
                  charge after normalized = 288
                 charge before normalized = 288.000132701073
                  charge after normalized = 288
                 charge before normalized = 288.000132703626
                  charge after normalized = 288
                 charge before normalized = 288.000132702611
                  charge after normalized = 288
                 charge before normalized = 288.000132703202
                  charge after normalized = 288
                 charge before normalized = 288.000132703062
                  charge after normalized = 288
                 charge before normalized = 288.000132703105
                  charge after normalized = 288
                 charge before normalized = 288.00013270309
                  charge after normalized = 288
                            startmag_type = 2
                       charge from rho_at = 3.95377434289291
                         charge should be = 4
                       charge from rho_at = 3.99303358802097
                         charge should be = 4

 SETUP ATOMIC RHO FOR SPIN 1
                 Electron number from rho = 288
           total electron number from rho = 288
                                should be = 288
                            startmag_type = 2
                       charge from rho_at = 3.95377434289291
                         charge should be = 4
                       charge from rho_at = 3.99303358802097
                         charge should be = 4

 SETUP ATOMIC RHO FOR SPIN 1
                 Electron number from rho = 288
           total electron number from rho = 288
                                should be = 288
      Processor           Atom
              1             56
              2             59
              3             57
              4             54
              5             57
              6             60
              7             58
              8             53
              9             56
             10             60
             11             59
             12             54
             13             56
             14             61
             15             58
             16             53
                 charge before normalized = 287.999999999999
                  charge after normalized = 288
                 charge before normalized = 288.000132857914
                  charge after normalized = 288
                 charge before normalized = 288.000132852671
                  charge after normalized = 288
                 charge before normalized = 288.0001328627
                  charge after normalized = 288
                 charge before normalized = 288.000132853462
                  charge after normalized = 288
                 charge before normalized = 288.000132856637
                  charge after normalized = 288
                 charge before normalized = 288.000132855414
                  charge after normalized = 288
                 charge before normalized = 288.000132855666
                  charge after normalized = 288
                 charge before normalized = 288.000132855612
                  charge after normalized = 288
                 charge before normalized = 288.000132855631
                  charge after normalized = 288
                 charge before normalized = 288.000132855624
                  charge after normalized = 288
                 charge before normalized = 288.000132855631
                  charge after normalized = 288
                            startmag_type = 2
                       charge from rho_at = 3.95377434289291
                         charge should be = 4
                       charge from rho_at = 3.99303358802097
                         charge should be = 4

 SETUP ATOMIC RHO FOR SPIN 1
                 Electron number from rho = 288
           total electron number from rho = 288
                                should be = 288
                            startmag_type = 2
                       charge from rho_at = 3.95377434289291
                         charge should be = 4
                       charge from rho_at = 3.99303358802097
                         charge should be = 4

 SETUP ATOMIC RHO FOR SPIN 1
                 Electron number from rho = 288
           total electron number from rho = 288
                                should be = 288
      Processor           Atom
              1             56
              2             59
              3             57
              4             54
              5             57
              6             60
              7             58
              8             53
              9             56
             10             60
             11             59
             12             54
             13             56
             14             61
             15             58
             16             53
                 charge before normalized = 288
                  charge after normalized = 288
                 charge before normalized = 288.00013296118
                  charge after normalized = 288
                 charge before normalized = 288.00013297649
                  charge after normalized = 288
                 charge before normalized = 288.000132953717
                  charge after normalized = 288
                 charge before normalized = 288.000132967732
                  charge after normalized = 288
                 charge before normalized = 288.000132964016
                  charge after normalized = 288
                 charge before normalized = 288.00013296562
                  charge after normalized = 288
                 charge before normalized = 288.000132965061
                  charge after normalized = 288
                 charge before normalized = 288.000132965114
                  charge after normalized = 288
                 charge before normalized = 288.000132965108
                  charge after normalized = 288
                 charge before normalized = 288.000132965107
                  charge after normalized = 288
                 charge before normalized = 288.000132965115
                  charge after normalized = 288
                            startmag_type = 2
                       charge from rho_at = 3.95377434289291
                         charge should be = 4
                       charge from rho_at = 3.99303358802097
                         charge should be = 4

 SETUP ATOMIC RHO FOR SPIN 1
                 Electron number from rho = 288
           total electron number from rho = 288
                                should be = 288
                            startmag_type = 2
                       charge from rho_at = 3.95377434289291
                         charge should be = 4
                       charge from rho_at = 3.99303358802097
                         charge should be = 4

 SETUP ATOMIC RHO FOR SPIN 1
                 Electron number from rho = 288
           total electron number from rho = 288
                                should be = 288
      Processor           Atom
              1             56
              2             59
              3             57
              4             54
              5             57
              6             60
              7             58
              8             53
              9             57
             10             60
             11             59
             12             54
             13             56
             14             61
             15             58
             16             53
                 charge before normalized = 288
                  charge after normalized = 288
                 charge before normalized = 288.000132942383
                  charge after normalized = 288
                 charge before normalized = 288.000132945601
                  charge after normalized = 288
                 charge before normalized = 288.000132935565
                  charge after normalized = 288
                 charge before normalized = 288.000132941889
                  charge after normalized = 288
                 charge before normalized = 288.000132937846
                  charge after normalized = 288
                 charge before normalized = 288.000132940657
                  charge after normalized = 288
                 charge before normalized = 288.000132939522
                  charge after normalized = 288
                 charge before normalized = 288.000132939809
                  charge after normalized = 288
                 charge before normalized = 288.000132939727
                  charge after normalized = 288
                 charge before normalized = 288.000132939768
                  charge after normalized = 288
                 charge before normalized = 288.000132939755
                  charge after normalized = 288
                            startmag_type = 2
                       charge from rho_at = 3.95377434289291
                         charge should be = 4
                       charge from rho_at = 3.99303358802097
                         charge should be = 4

 SETUP ATOMIC RHO FOR SPIN 1
                 Electron number from rho = 288
           total electron number from rho = 288
                                should be = 288
                            startmag_type = 2
                       charge from rho_at = 3.95377434289291
                         charge should be = 4
                       charge from rho_at = 3.99303358802097
                         charge should be = 4

 SETUP ATOMIC RHO FOR SPIN 1
                 Electron number from rho = 288
           total electron number from rho = 288
                                should be = 288
      Processor           Atom
              1             56
              2             59
              3             57
              4             54
              5             56
              6             60
              7             58
              8             53
              9             56
             10             60
             11             58
             12             54
             13             56
             14             60
             15             58
             16             53
                 charge before normalized = 288
                  charge after normalized = 288
                 charge before normalized = 288.000133151737
                  charge after normalized = 288
                 charge before normalized = 288.000133166231
                  charge after normalized = 288
                 charge before normalized = 288.00013313775
                  charge after normalized = 288
                 charge before normalized = 288.000133152561
                  charge after normalized = 288
                 charge before normalized = 288.000133148902
                  charge after normalized = 288
                 charge before normalized = 288.000133151739
                  charge after normalized = 288
                 charge before normalized = 288.000133150732
                  charge after normalized = 288
                 charge before normalized = 288.000133150838
                  charge after normalized = 288
                 charge before normalized = 288.000133150731
                  charge after normalized = 288
                 charge before normalized = 288.000133150792
                  charge after normalized = 288
                 charge before normalized = 288.000133150783
                  charge after normalized = 288
                            startmag_type = 2
                       charge from rho_at = 3.95377434289291
                         charge should be = 4
                       charge from rho_at = 3.99303358802097
                         charge should be = 4

 SETUP ATOMIC RHO FOR SPIN 1
                 Electron number from rho = 288
           total electron number from rho = 288
                                should be = 288
                            startmag_type = 2
                       charge from rho_at = 3.95377434289291
                         charge should be = 4
                       charge from rho_at = 3.99303358802097
                         charge should be = 4

 SETUP ATOMIC RHO FOR SPIN 1
                 Electron number from rho = 288
           total electron number from rho = 288
                                should be = 288
      Processor           Atom
              1             56
              2             59
              3             57
              4             54
              5             56
              6             60
              7             58
              8             54
              9             56
             10             60
             11             59
             12             54
             13             56
             14             61
             15             59
             16             53
                 charge before normalized = 288
                  charge after normalized = 288
                 charge before normalized = 288.000133231008
                  charge after normalized = 288
                 charge before normalized = 288.000133236628
                  charge after normalized = 288
                 charge before normalized = 288.000133228041
                  charge after normalized = 288
                 charge before normalized = 288.000133231983
                  charge after normalized = 288
                 charge before normalized = 288.000133230615
                  charge after normalized = 288
                 charge before normalized = 288.000133231796
                  charge after normalized = 288
                 charge before normalized = 288.000133231361
                  charge after normalized = 288
                 charge before normalized = 288.000133231285
                  charge after normalized = 288
                 charge before normalized = 288.000133231342
                  charge after normalized = 288
                 charge before normalized = 288.000133231326
                  charge after normalized = 288
                 charge before normalized = 288.000133231339
                  charge after normalized = 288
                            startmag_type = 2
                       charge from rho_at = 3.95377434289291
                         charge should be = 4
                       charge from rho_at = 3.99303358802097
                         charge should be = 4

 SETUP ATOMIC RHO FOR SPIN 1
                 Electron number from rho = 288
           total electron number from rho = 288
                                should be = 288
                            startmag_type = 2
                       charge from rho_at = 3.95377434289291
                         charge should be = 4
                       charge from rho_at = 3.99303358802097
                         charge should be = 4

 SETUP ATOMIC RHO FOR SPIN 1
                 Electron number from rho = 288
           total electron number from rho = 288
                                should be = 288
      Processor           Atom
              1             56
              2             60
              3             57
              4             54
              5             56
              6             60
              7             58
              8             54
              9             56
             10             60
             11             58
             12             54
             13             56
             14             60
             15             59
             16             53
                 charge before normalized = 288
                  charge after normalized = 288
                 charge before normalized = 288.000133583856
                  charge after normalized = 288
                 charge before normalized = 288.000133586688
                  charge after normalized = 288
                 charge before normalized = 288.000133587353
                  charge after normalized = 288
                 charge before normalized = 288.000133575889
                  charge after normalized = 288
                 charge before normalized = 288.000133584576
                  charge after normalized = 288
                 charge before normalized = 288.000133581309
                  charge after normalized = 288
                 charge before normalized = 288.000133581248
                  charge after normalized = 288
                 charge before normalized = 288.000133581143
                  charge after normalized = 288
                 charge before normalized = 288.0001335813
                  charge after normalized = 288
                 charge before normalized = 288.00013358124
                  charge after normalized = 288
                 charge before normalized = 288.000133581259
                  charge after normalized = 288
                 charge before normalized = 288.000133581245
                  charge after normalized = 288
                            startmag_type = 2
                       charge from rho_at = 3.95377434289291
                         charge should be = 4
                       charge from rho_at = 3.99303358802097
                         charge should be = 4

 SETUP ATOMIC RHO FOR SPIN 1
                 Electron number from rho = 288
           total electron number from rho = 288
                                should be = 288
                            startmag_type = 2
                       charge from rho_at = 3.95377434289291
                         charge should be = 4
                       charge from rho_at = 3.99303358802097
                         charge should be = 4

 SETUP ATOMIC RHO FOR SPIN 1
                 Electron number from rho = 288
           total electron number from rho = 288
                                should be = 288
      Processor           Atom
              1             56
              2             60
              3             57
              4             54
              5             56
              6             60
              7             58
              8             54
              9             56
             10             60
             11             58
             12             54
             13             56
             14             61
             15             58
             16             53
                 charge before normalized = 288
                  charge after normalized = 288
                 charge before normalized = 288.000133510854
                  charge after normalized = 288
                 charge before normalized = 288.000133518405
                  charge after normalized = 288
                 charge before normalized = 288.000133496412
                  charge after normalized = 288
                 charge before normalized = 288.000133504619
                  charge after normalized = 288
                 charge before normalized = 288.000133502344
                  charge after normalized = 288
                 charge before normalized = 288.000133504022
                  charge after normalized = 288
                 charge before normalized = 288.000133503226
                  charge after normalized = 288
                 charge before normalized = 288.000133503307
                  charge after normalized = 288
                 charge before normalized = 288.000133503173
                  charge after normalized = 288
                 charge before normalized = 288.000133503232
                  charge after normalized = 288
                 charge before normalized = 288.000133503218
                  charge after normalized = 288
                 charge before normalized = 288.000133503233
                  charge after normalized = 288
                            startmag_type = 2
                       charge from rho_at = 3.95377434289291
                         charge should be = 4
                       charge from rho_at = 3.99303358802097
                         charge should be = 4

 SETUP ATOMIC RHO FOR SPIN 1
                 Electron number from rho = 288
           total electron number from rho = 288
                                should be = 288
                            startmag_type = 2
                       charge from rho_at = 3.95377434289291
                         charge should be = 4
                       charge from rho_at = 3.99303358802097
                         charge should be = 4

 SETUP ATOMIC RHO FOR SPIN 1
                 Electron number from rho = 288
           total electron number from rho = 288
                                should be = 288
      Processor           Atom
              1             56
              2             58
              3             57
              4             54
              5             57
              6             60
              7             58
              8             54
              9             57
             10             60
             11             58
             12             54
             13             56
             14             61
             15             59
             16             53
                 charge before normalized = 288
                  charge after normalized = 288
                 charge before normalized = 288.000133575464
                  charge after normalized = 288
                 charge before normalized = 288.000133587784
                  charge after normalized = 288
                 charge before normalized = 288.000133573618
                  charge after normalized = 288
                 charge before normalized = 288.000133574029
                  charge after normalized = 288
                 charge before normalized = 288.00013357661
                  charge after normalized = 288
                 charge before normalized = 288.000133575598
                  charge after normalized = 288
                 charge before normalized = 288.00013357583
                  charge after normalized = 288
                 charge before normalized = 288.000133575611
                  charge after normalized = 288
                 charge before normalized = 288.000133575671
                  charge after normalized = 288
                 charge before normalized = 288.000133575671
                  charge after normalized = 288
                 charge before normalized = 288.000133575664
                  charge after normalized = 288
                            startmag_type = 2
                       charge from rho_at = 3.95377434289291
                         charge should be = 4
                       charge from rho_at = 3.99303358802097
                         charge should be = 4

 SETUP ATOMIC RHO FOR SPIN 1
                 Electron number from rho = 288
           total electron number from rho = 288
                                should be = 288
                            startmag_type = 2
                       charge from rho_at = 3.95377434289291
                         charge should be = 4
                       charge from rho_at = 3.99303358802097
                         charge should be = 4

 SETUP ATOMIC RHO FOR SPIN 1
                 Electron number from rho = 288
           total electron number from rho = 288
                                should be = 288
      Processor           Atom
              1             56
              2             58
              3             57
              4             54
              5             56
              6             60
              7             58
              8             54
              9             57
             10             60
             11             58
             12             54
             13             56
             14             61
             15             59
             16             53
                 charge before normalized = 288
                  charge after normalized = 288
                 charge before normalized = 288.000133499627
                  charge after normalized = 288
                 charge before normalized = 288.000133516021
                  charge after normalized = 288
                 charge before normalized = 288.000133484265
                  charge after normalized = 288
                 charge before normalized = 288.000133503685
                  charge after normalized = 288
                 charge before normalized = 288.00013349733
                  charge after normalized = 288
                 charge before normalized = 288.000133501472
                  charge after normalized = 288
                 charge before normalized = 288.000133500217
                  charge after normalized = 288
                 charge before normalized = 288.000133500352
                  charge after normalized = 288
                 charge before normalized = 288.000133500349
                  charge after normalized = 288
                 charge before normalized = 288.000133500366
                  charge after normalized = 288
                 charge before normalized = 288.00013350036
                  charge after normalized = 288
