WARNING: Total thread number on this node mismatches with hardware availability. This may cause poor performance.
Info: Local MPI proc number: 16,OpenMP thread number: 1,Total thread number: 16,Local thread limit: 32
 *********************************************************
 *                                                       *
 *                  WELCOME TO ABACUS v3.0               *
 *                                                       *
 *            'Atomic-orbital Based Ab-initio            *
 *                  Computation at UStc'                 *
 *                                                       *
 *          Website: http://abacus.ustc.edu.cn/          *
 *                                                       *
 *********************************************************
 Mon May 22 14:16:24 2023
 MAKE THE DIR         : OUT.ABACUS/
 MAKE THE STRU DIR    : OUT.ABACUS/STRU/
 UNIFORM GRID DIM     : 120 * 120 * 128
 UNIFORM GRID DIM(BIG): 60 * 60 * 64
 DONE(0.0809917  SEC) : SETUP UNITCELL
 DONE(0.0876617  SEC) : INIT K-POINTS
 ---------------------------------------------------------
 Molecular Dynamics simulations
 ---------------------------------------------------------
 ENSEMBLE                 : Langevin
 Time interval(fs)        : 1
 ---------------------------------------------------------
 SPIN    KPOINTS         PROCESSORS  NBASE       
 1       36              16          1584        
 ---------------------------------------------------------
 Use Systematically Improvable Atomic bases
 ---------------------------------------------------------
 ELEMENT ORBITALS        NBASE       NATOM       XC          
 Si      3s3p2d-9au      22          36          
 C       3s3p2d-9au      22          36          
 ---------------------------------------------------------
 Initial plane wave basis and FFT box
 ---------------------------------------------------------
--------------------------------- INITVEL DONE ------------------------------------
 -------------------------------------------
 STEP OF MOLECULAR DYNAMICS : 0
 -------------------------------------------
 START CHARGE      : atomic
 DONE(9.46875    SEC) : INIT SCF
 ITER   ETOT(eV)       EDIFF(eV)      DRHO       TIME(s)    
 GE1    -9.375309e+03  0.000000e+00   2.730e-01  1.073e+02  
 GE2    -9.428976e+03  -5.366611e+01  1.555e-01  1.017e+02  
 GE3    -9.441714e+03  -1.273799e+01  3.244e-02  1.017e+02  
 GE4    -9.432517e+03  9.196770e+00   6.527e-02  1.017e+02  
 GE5    -9.448753e+03  -1.623658e+01  1.278e-02  1.016e+02  
 GE6    -9.449407e+03  -6.534589e-01  5.552e-03  1.016e+02  
 GE7    -9.449461e+03  -5.436857e-02  1.542e-03  1.016e+02  
 GE8    -9.449465e+03  -3.585501e-03  1.430e-03  1.016e+02  
 GE9    -9.449462e+03  2.357916e-03   9.087e-04  1.017e+02  
 GE10   -9.449465e+03  -2.282612e-03  3.294e-04  1.016e+02  
 GE11   -9.449465e+03  -3.952886e-04  1.704e-04  1.017e+02  
 GE12   -9.449465e+03  -1.071762e-04  6.925e-05  1.017e+02  
 GE13   -9.449465e+03  -7.372795e-06  2.597e-05  1.016e+02  
 GE14   -9.449465e+03  -1.981506e-06  9.586e-06  1.016e+02  
 GE15   -9.449465e+03  -2.709819e-07  4.905e-06  1.016e+02  
 GE16   -9.449465e+03  -4.813607e-08  2.394e-06  1.017e+02  
 GE17   -9.449465e+03  -1.698374e-08  1.393e-06  1.017e+02  
 GE18   -9.449465e+03  2.877027e-10   8.042e-07  1.015e+02  
 ><><><><><><><><><><><><><><><><><><><><><><
 TOTAL-STRESS (KBAR):
 ><><><><><><><><><><><><><><><><><><><><><><
 -6.239e+01     -3.182e+01     -3.051e+01     
 -3.182e+01     1.383e+02      1.178e+01      
 -3.051e+01     1.178e+01      -8.673e+01     
 TOTAL-PRESSURE: -3.591e+00 KBAR
 ------------------------------------------------------------------------------------------------
 Energy              Potential           Kinetic             Temperature         Pressure (KBAR)     
 -3.473e+02          -3.473e+02          3.373e-03           1.000e+01           -3.464e+00          
 ------------------------------------------------------------------------------------------------
 -------------------------------------------
 STEP OF MOLECULAR DYNAMICS : 1
 -------------------------------------------
 DONE(1.943e+03  SEC) : INIT SCF
 ITER   ETOT(eV)       EDIFF(eV)      DRHO       TIME(s)    
 GE1    -9.449641e+03  0.000000e+00   6.052e-04  1.066e+02  
 GE2    -9.449640e+03  2.860250e-04   4.589e-04  1.009e+02  
 GE3    -9.449641e+03  -6.348725e-04  4.215e-04  1.010e+02  
 GE4    -9.449642e+03  -4.692260e-04  7.565e-05  1.010e+02  
 GE5    -9.449642e+03  -4.253897e-06  5.497e-05  1.010e+02  
 GE6    -9.449642e+03  -1.369279e-05  3.093e-05  1.010e+02  
 GE7    -9.449642e+03  -3.527687e-06  8.667e-06  1.010e+02  
 GE8    -9.449642e+03  -2.133872e-07  2.145e-06  1.011e+02  
 GE9    -9.449642e+03  -1.095745e-08  1.162e-06  1.014e+02  
 GE10   -9.449642e+03  -9.729301e-10  6.468e-07  1.012e+02  
 ><><><><><><><><><><><><><><><><><><><><><><
 TOTAL-STRESS (KBAR):
 ><><><><><><><><><><><><><><><><><><><><><><
 -6.205e+01     -3.196e+01     -3.065e+01     
 -3.196e+01     1.359e+02      1.146e+01      
 -3.065e+01     1.146e+01      -8.690e+01     
 TOTAL-PRESSURE: -4.369e+00 KBAR
 ------------------------------------------------------------------------------------------------
 Energy              Potential           Kinetic             Temperature         Pressure (KBAR)     
 -3.473e+02          -3.473e+02          1.091e-02           3.235e+01           -3.959e+00          
 ------------------------------------------------------------------------------------------------
 -------------------------------------------
 STEP OF MOLECULAR DYNAMICS : 2
 -------------------------------------------
 DONE(3.057e+03  SEC) : INIT SCF
 ITER   ETOT(eV)       EDIFF(eV)      DRHO       TIME(s)    
 GE1    -9.449948e+03  0.000000e+00   1.603e-03  1.065e+02  
 GE2    -9.449946e+03  1.610414e-03   1.092e-03  1.011e+02  
 GE3    -9.449950e+03  -3.263224e-03  9.691e-04  1.010e+02  
 GE4    -9.449952e+03  -2.689124e-03  2.420e-04  1.011e+02  
 GE5    -9.449952e+03  -1.489055e-04  1.798e-04  1.011e+02  
 GE6    -9.449952e+03  -1.282629e-04  6.754e-05  1.011e+02  
 GE7    -9.449952e+03  -1.584636e-05  2.812e-05  1.011e+02  
 GE8    -9.449952e+03  -2.553324e-06  5.509e-06  1.010e+02  
 GE9    -9.449952e+03  -7.981121e-08  3.437e-06  1.011e+02  
 GE10   -9.449952e+03  -4.767358e-08  1.447e-06  1.010e+02  
 GE11   -9.449952e+03  -5.880891e-09  5.254e-07  1.010e+02  
 ><><><><><><><><><><><><><><><><><><><><><><
 TOTAL-STRESS (KBAR):
 ><><><><><><><><><><><><><><><><><><><><><><
 -6.153e+01     -3.194e+01     -3.107e+01     
 -3.194e+01     1.312e+02      1.048e+01      
 -3.107e+01     1.048e+01      -8.733e+01     
 TOTAL-PRESSURE: -5.873e+00 KBAR
 ------------------------------------------------------------------------------------------------
 Energy              Potential           Kinetic             Temperature         Pressure (KBAR)     
 -3.473e+02          -3.473e+02          2.616e-02           7.757e+01           -4.891e+00          
 ------------------------------------------------------------------------------------------------
 -------------------------------------------
 STEP OF MOLECULAR DYNAMICS : 3
 -------------------------------------------
 DONE(4.272e+03  SEC) : INIT SCF
 ITER   ETOT(eV)       EDIFF(eV)      DRHO       TIME(s)    
 GE1    -9.450265e+03  0.000000e+00   1.956e-03  1.067e+02  
 GE2    -9.450263e+03  2.215869e-03   1.293e-03  1.010e+02  
 GE3    -9.450266e+03  -3.394679e-03  1.208e-03  1.011e+02  
 GE4    -9.450271e+03  -4.756532e-03  3.451e-04  1.011e+02  
 GE5    -9.450271e+03  -3.825174e-04  2.138e-04  1.010e+02  
 GE6    -9.450272e+03  -1.678966e-04  7.373e-05  1.010e+02  
 GE7    -9.450272e+03  -1.699461e-05  2.891e-05  1.010e+02  
 GE8    -9.450272e+03  -2.768603e-06  8.079e-06  1.010e+02  
 GE9    -9.450272e+03  -2.031166e-07  4.955e-06  1.011e+02  
 GE10   -9.450272e+03  -9.570601e-08  1.878e-06  1.011e+02  
 GE11   -9.450272e+03  -1.084299e-08  5.360e-07  1.010e+02  
 ><><><><><><><><><><><><><><><><><><><><><><
 TOTAL-STRESS (KBAR):
 ><><><><><><><><><><><><><><><><><><><><><><
 -6.028e+01     -3.192e+01     -3.166e+01     
 -3.192e+01     1.258e+02      1.049e+01      
 -3.166e+01     1.049e+01      -8.776e+01     
 TOTAL-PRESSURE: -7.401e+00 KBAR
 ------------------------------------------------------------------------------------------------
 Energy              Potential           Kinetic             Temperature         Pressure (KBAR)     
 -3.473e+02          -3.473e+02          2.963e-02           8.785e+01           -6.288e+00          
 ------------------------------------------------------------------------------------------------
 -------------------------------------------
 STEP OF MOLECULAR DYNAMICS : 4
 -------------------------------------------
 DONE(5.487e+03  SEC) : INIT SCF
 ITER   ETOT(eV)       EDIFF(eV)      DRHO       TIME(s)    
 GE1    -9.450449e+03  0.000000e+00   2.455e-03  1.071e+02  
 GE2    -9.450447e+03  1.768451e-03   1.489e-03  1.012e+02  
 GE3    -9.450452e+03  -5.307877e-03  1.382e-03  1.012e+02  
 GE4    -9.450458e+03  -5.214695e-03  3.307e-04  1.014e+02  
 GE5    -9.450458e+03  -2.333465e-04  2.564e-04  1.013e+02  
 GE6    -9.450458e+03  -2.582203e-04  1.038e-04  1.013e+02  
 GE7    -9.450458e+03  -3.560681e-05  3.886e-05  1.014e+02  
 GE8    -9.450458e+03  -4.775652e-06  7.774e-06  1.013e+02  
 GE9    -9.450458e+03  -1.310099e-07  4.781e-06  1.012e+02  
 GE10   -9.450458e+03  -8.890942e-08  2.034e-06  1.013e+02  
 GE11   -9.450458e+03  -1.052280e-08  7.675e-07  1.014e+02  
 ><><><><><><><><><><><><><><><><><><><><><><
 TOTAL-STRESS (KBAR):
 ><><><><><><><><><><><><><><><><><><><><><><
 -6.017e+01     -3.172e+01     -3.164e+01     
 -3.172e+01     1.235e+02      9.793e+00      
 -3.164e+01     9.793e+00      -8.850e+01     
 TOTAL-PRESSURE: -8.400e+00 KBAR
 ------------------------------------------------------------------------------------------------
 Energy              Potential           Kinetic             Temperature         Pressure (KBAR)     
 -3.473e+02          -3.473e+02          4.477e-02           1.328e+02           -6.719e+00          
 ------------------------------------------------------------------------------------------------
 -------------------------------------------
 STEP OF MOLECULAR DYNAMICS : 5
 -------------------------------------------
 DONE(6.705e+03  SEC) : INIT SCF
 ITER   ETOT(eV)       EDIFF(eV)      DRHO       TIME(s)    
 GE1    -9.450752e+03  0.000000e+00   2.788e-03  1.068e+02  
 GE2    -9.450749e+03  3.588746e-03   1.726e-03  1.012e+02  
 GE3    -9.450755e+03  -6.908246e-03  1.680e-03  1.010e+02  
 GE4    -9.450764e+03  -8.396682e-03  4.014e-04  1.011e+02  
 GE5    -9.450764e+03  -3.244675e-04  2.928e-04  1.012e+02  
 GE6    -9.450765e+03  -3.637725e-04  1.282e-04  1.012e+02  
 GE7    -9.450765e+03  -5.273232e-05  3.685e-05  1.010e+02  
 GE8    -9.450765e+03  -4.029352e-06  8.912e-06  1.012e+02  
 GE9    -9.450765e+03  -2.009619e-07  6.108e-06  1.011e+02  
 GE10   -9.450765e+03  -1.538838e-07  2.455e-06  1.011e+02  
 GE11   -9.450765e+03  -1.715543e-08  7.297e-07  1.010e+02  
 ><><><><><><><><><><><><><><><><><><><><><><
 TOTAL-STRESS (KBAR):
 ><><><><><><><><><><><><><><><><><><><><><><
 -5.939e+01     -3.156e+01     -3.193e+01     
 -3.156e+01     1.180e+02      9.345e+00      
 -3.193e+01     9.345e+00      -8.869e+01     
 TOTAL-PRESSURE: -1.003e+01 KBAR
 ------------------------------------------------------------------------------------------------
 Energy              Potential           Kinetic             Temperature         Pressure (KBAR)     
 -3.473e+02          -3.473e+02          5.086e-02           1.508e+02           -8.116e+00          
 ------------------------------------------------------------------------------------------------
 -------------------------------------------
 STEP OF MOLECULAR DYNAMICS : 6
 -------------------------------------------
 DONE(7.921e+03  SEC) : INIT SCF
 ITER   ETOT(eV)       EDIFF(eV)      DRHO       TIME(s)    
 GE1    -9.450949e+03  0.000000e+00   2.812e-03  1.068e+02  
 GE2    -9.450949e+03  -2.647050e-04  1.670e-03  1.011e+02  
 GE3    -9.450955e+03  -6.449107e-03  1.354e-03  1.011e+02  
 GE4    -9.450960e+03  -4.883617e-03  3.435e-04  1.011e+02  
 GE5    -9.450960e+03  -1.988827e-04  2.260e-04  1.011e+02  
 GE6    -9.450961e+03  -1.869064e-04  1.189e-04  1.011e+02  
 GE7    -9.450961e+03  -5.318331e-05  4.591e-05  1.011e+02  
 GE8    -9.450961e+03  -7.915422e-06  9.720e-06  1.010e+02  
 GE9    -9.450961e+03  -2.723122e-07  3.862e-06  1.011e+02  
 GE10   -9.450961e+03  -3.996748e-08  1.531e-06  1.010e+02  
 GE11   -9.450961e+03  -3.088937e-09  7.784e-07  1.010e+02  
 ><><><><><><><><><><><><><><><><><><><><><><
 TOTAL-STRESS (KBAR):
 ><><><><><><><><><><><><><><><><><><><><><><
 -5.921e+01     -3.145e+01     -3.178e+01     
 -3.145e+01     1.151e+02      9.149e+00      
 -3.178e+01     9.149e+00      -8.872e+01     
 TOTAL-PRESSURE: -1.094e+01 KBAR
 ------------------------------------------------------------------------------------------------
 Energy              Potential           Kinetic             Temperature         Pressure (KBAR)     
 -3.472e+02          -3.473e+02          6.782e-02           2.011e+02           -8.389e+00          
 ------------------------------------------------------------------------------------------------
 -------------------------------------------
 STEP OF MOLECULAR DYNAMICS : 7
 -------------------------------------------
 DONE(9.136e+03  SEC) : INIT SCF
 ITER   ETOT(eV)       EDIFF(eV)      DRHO       TIME(s)    
 GE1    -9.451086e+03  0.000000e+00   3.447e-03  1.067e+02  
 GE2    -9.451078e+03  8.231439e-03   2.119e-03  1.010e+02  
 GE3    -9.451089e+03  -1.113029e-02  2.097e-03  1.010e+02  
 GE4    -9.451103e+03  -1.426282e-02  5.253e-04  1.011e+02  
 GE5    -9.451104e+03  -8.015464e-04  3.795e-04  1.009e+02  
 GE6    -9.451105e+03  -5.266552e-04  1.387e-04  1.011e+02  
 GE7    -9.451105e+03  -6.079143e-05  5.358e-05  1.009e+02  
 GE8    -9.451105e+03  -9.435388e-06  1.229e-05  1.010e+02  
 GE9    -9.451105e+03  -4.330761e-07  8.179e-06  1.010e+02  
 GE10   -9.451105e+03  -2.538079e-07  2.943e-06  1.011e+02  
 GE11   -9.451105e+03  -3.080275e-08  1.009e-06  1.009e+02  
 GE12   -9.451105e+03  -1.656611e-09  5.054e-07  1.011e+02  
 ><><><><><><><><><><><><><><><><><><><><><><
 TOTAL-STRESS (KBAR):
 ><><><><><><><><><><><><><><><><><><><><><><
 -5.942e+01     -3.051e+01     -3.153e+01     
 -3.051e+01     1.124e+02      7.719e+00      
 -3.153e+01     7.719e+00      -8.824e+01     
 TOTAL-PRESSURE: -1.174e+01 KBAR
 ------------------------------------------------------------------------------------------------
 Energy              Potential           Kinetic             Temperature         Pressure (KBAR)     
 -3.472e+02          -3.473e+02          8.032e-02           2.381e+02           -8.726e+00          
 ------------------------------------------------------------------------------------------------
 -------------------------------------------
 STEP OF MOLECULAR DYNAMICS : 8
 -------------------------------------------
 DONE(1.045e+04  SEC) : INIT SCF
 ITER   ETOT(eV)       EDIFF(eV)      DRHO       TIME(s)    
 GE1    -9.451177e+03  0.000000e+00   3.614e-03  1.068e+02  
 GE2    -9.451178e+03  -8.936466e-04  2.112e-03  1.009e+02  
 GE3    -9.451189e+03  -1.084953e-02  1.699e-03  1.010e+02  
 GE4    -9.451197e+03  -7.975367e-03  4.301e-04  1.010e+02  
 GE5    -9.451197e+03  -3.201876e-04  2.494e-04  1.009e+02  
 GE6    -9.451197e+03  -2.056334e-04  1.476e-04  1.012e+02  
 GE7    -9.451197e+03  -7.882992e-05  5.731e-05  1.011e+02  
 GE8    -9.451197e+03  -1.309275e-05  1.392e-05  1.013e+02  
 GE9    -9.451197e+03  -6.516358e-07  4.673e-06  1.009e+02  
 GE10   -9.451197e+03  -5.951425e-08  1.816e-06  1.010e+02  
 GE11   -9.451197e+03  -1.071461e-08  1.043e-06  1.009e+02  
 GE12   -9.451197e+03  -2.406803e-09  4.117e-07  1.010e+02  
 ><><><><><><><><><><><><><><><><><><><><><><
 TOTAL-STRESS (KBAR):
 ><><><><><><><><><><><><><><><><><><><><><><
 -5.980e+01     -3.005e+01     -3.096e+01     
 -3.005e+01     1.107e+02      7.198e+00      
 -3.096e+01     7.198e+00      -8.809e+01     
 TOTAL-PRESSURE: -1.241e+01 KBAR
 ------------------------------------------------------------------------------------------------
 Energy              Potential           Kinetic             Temperature         Pressure (KBAR)     
 -3.472e+02          -3.473e+02          7.638e-02           2.265e+02           -9.541e+00          
 ------------------------------------------------------------------------------------------------
 -------------------------------------------
 STEP OF MOLECULAR DYNAMICS : 9
 -------------------------------------------
 DONE(1.177e+04  SEC) : INIT SCF
 ITER   ETOT(eV)       EDIFF(eV)      DRHO       TIME(s)    
 GE1    -9.451315e+03  0.000000e+00   3.557e-03  1.066e+02  
 GE2    -9.451310e+03  4.499436e-03   2.342e-03  1.008e+02  
 GE3    -9.451326e+03  -1.558138e-02  1.988e-03  1.010e+02  
 GE4    -9.451336e+03  -1.020059e-02  3.990e-04  1.008e+02  
 GE5    -9.451337e+03  -2.719228e-04  2.117e-04  1.009e+02  
 GE6    -9.451337e+03  -1.150165e-04  1.163e-04  1.009e+02  
 GE7    -9.451337e+03  -4.386220e-05  5.410e-05  1.010e+02  
 GE8    -9.451337e+03  -1.236478e-05  1.584e-05  1.007e+02  
 GE9    -9.451337e+03  -9.019140e-07  4.796e-06  1.010e+02  
 GE10   -9.451337e+03  -5.353281e-08  1.418e-06  1.010e+02  
 GE11   -9.451337e+03  -3.848410e-09  1.049e-06  1.009e+02  
 GE12   -9.451337e+03  -2.652743e-09  4.484e-07  1.009e+02  
 ><><><><><><><><><><><><><><><><><><><><><><
 TOTAL-STRESS (KBAR):
 ><><><><><><><><><><><><><><><><><><><><><><
 -5.956e+01     -3.041e+01     -3.135e+01     
 -3.041e+01     1.082e+02      8.009e+00      
 -3.135e+01     8.009e+00      -8.763e+01     
 TOTAL-PRESSURE: -1.300e+01 KBAR
 ------------------------------------------------------------------------------------------------
 Energy              Potential           Kinetic             Temperature         Pressure (KBAR)     
 -3.472e+02          -3.473e+02          8.033e-02           2.382e+02           -9.985e+00          
 ------------------------------------------------------------------------------------------------
 -------------------------------------------
 STEP OF MOLECULAR DYNAMICS : 10
 -------------------------------------------
 DONE(1.308e+04  SEC) : INIT SCF
 ITER   ETOT(eV)       EDIFF(eV)      DRHO       TIME(s)    
 GE1    -9.451405e+03  0.000000e+00   3.504e-03  1.068e+02  
 GE2    -9.451400e+03  4.862689e-03   2.166e-03  1.011e+02  
 GE3    -9.451413e+03  -1.330835e-02  1.920e-03  1.012e+02  
 GE4    -9.451424e+03  -1.046376e-02  4.749e-04  1.011e+02  
 GE5    -9.451424e+03  -4.640281e-04  4.043e-04  1.011e+02  
 GE6    -9.451425e+03  -6.252758e-04  1.433e-04  1.012e+02  
 GE7    -9.451425e+03  -6.640199e-05  5.549e-05  1.012e+02  
 GE8    -9.451425e+03  -9.992132e-06  1.180e-05  1.011e+02  
 GE9    -9.451425e+03  -3.399486e-07  6.249e-06  1.012e+02  
 GE10   -9.451425e+03  -1.399782e-07  3.295e-06  1.014e+02  
 GE11   -9.451425e+03  -4.523120e-08  1.340e-06  1.011e+02  
 GE12   -9.451425e+03  -4.790405e-09  3.452e-07  1.012e+02  
 ><><><><><><><><><><><><><><><><><><><><><><
 TOTAL-STRESS (KBAR):
 ><><><><><><><><><><><><><><><><><><><><><><
 -6.050e+01     -3.102e+01     -3.101e+01     
 -3.102e+01     1.067e+02      7.148e+00      
 -3.101e+01     7.148e+00      -8.684e+01     
 TOTAL-PRESSURE: -1.354e+01 KBAR
 ------------------------------------------------------------------------------------------------
 Energy              Potential           Kinetic             Temperature         Pressure (KBAR)     
 -3.472e+02          -3.473e+02          1.025e-01           3.038e+02           -9.691e+00          
 ------------------------------------------------------------------------------------------------

  |CLASS_NAME---------|NAME---------------|TIME(Sec)-----|CALLS----|AVG------|PER%-------
                       total               14398          27        5.3e+02   1e+02     %
   Driver              driver_line         14398          1         1.4e+04   1e+02     %
   PW_Basis            setup_struc_factor  1.2234         11        0.11      0.0085    %
   ORB_control         read_orb_first      0.18032        1         0.18      0.0013    %
   LCAO_Orbitals       Read_Orbitals       0.18032        1         0.18      0.0013    %
   NOrbital_Lm         extra_uniform       0.10353        16        0.0065    0.00072   %
   ORB_control         set_orb_tables      6.9918         1         7         0.049     %
   ORB_gen_tables      gen_tables          6.9918         1         7         0.049     %
   ORB_table_phi       init_Table          5.4589         1         5.5       0.038     %
   ORB_table_phi       cal_ST_Phi12_R      5.4301         558       0.0097    0.038     %
   ORB_table_beta      init_Table_Beta     1.3388         1         1.3       0.0093    %
   ORB_table_beta      VNL_PhiBeta_R       1.3326         168       0.0079    0.0093    %
   ppcell_vl           init_vloc           0.26162        1         0.26      0.0018    %
   Run_MD              md_line             14390          1         1.4e+04   1e+02     %
   Langevin            setup               1932.8         1         1.9e+03   13        %
   MD_func             force_stress        14390          11        1.3e+03   1e+02     %
   ESolver_KS_LCAO     Run                 13339          11        1.2e+03   93        %
   ESolver_KS_LCAO     beforescf           25.745         11        2.3       0.18      %
   ESolver_KS_LCAO     beforesolver        9.3334         11        0.85      0.065     %
   ESolver_KS_LCAO     set_matrix_grid     5.9059         11        0.54      0.041     %
   Grid_Technique      init                3.2594         11        0.3       0.023     %
   Grid_BigCell        grid_expansion_index0.91523        22        0.042     0.0064    %
   Record_adj          for_2d              2.2959         11        0.21      0.016     %
   Grid_Driver         Find_atom           17.358         709848    2.4e-05   0.12      %
   Charge              atomic_rho          14.201         21        0.68      0.099     %
   PW_Basis            recip2real          2.6989         775       0.0035    0.019     %
   PW_Basis            gathers_scatterp    1.3365         775       0.0017    0.0093    %
   Potential           init_pot            0.98694        11        0.09      0.0069    %
   Potential           update_from_charge  11.811         142       0.083     0.082     %
   Potential           cal_v_eff           11.759         142       0.083     0.082     %
   H_Hartree_pw        v_hartree           1.303          142       0.0092    0.009     %
   PW_Basis            real2recip          3.7609         1180      0.0032    0.026     %
   PW_Basis            gatherp_scatters    1.5333         1180      0.0013    0.011     %
   PotXC               cal_v_eff           10.352         142       0.073     0.072     %
   XC_Functional       v_xc                10.29          142       0.072     0.071     %
   HSolverLCAO         solve               13289          131       1e+02     92        %
   HamiltLCAO          updateHk            4710.5         4716      1         33        %
   OperatorLCAO        init                4018           9432      0.43      28        %
   Veff                contributeHk        4015.3         4716      0.85      28        %
   Gint_interface      cal_gint            6472.6         273       24        45        %
   Gint_interface      cal_gint_vlocal     3131.2         131       24        22        %
   Gint_k              folding_vl_k        884.11         4716      0.19      6.1       %
   Gint_k              Distri              621.83         4716      0.13      4.3       %
   Overlap             contributeHR        4.5924         11        0.42      0.032     %
   LCAO_gen_fixedH     calculate_S_no      4.5924         11        0.42      0.032     %
   Ekinetic<OperatorLCAO>contributeHR        4.6732         11        0.42      0.032     %
   Nonlocal<OperatorLCAO>contributeHR        48.087         11        4.4       0.33      %
   LCAO_gen_fixedH     build_Nonlocal_mu_new152.16         22        6.9       1.1       %
   ORB_gen_tables      snap_psibeta_half   3.3734         1232142   2.7e-06   0.023     %
   OperatorLCAO        folding_fixed       635.14         4716      0.13      4.4       %
   LCAO_nnr            folding_fixedH      627.35         4716      0.13      4.4       %
   HSolverLCAO         hamiltSolvePsiK     2021.1         4716      0.43      14        %
   DiagoElpa           elpa_solve          2006.4         4716      0.43      14        %
   ElecStateLCAO       psiToRho            6557.5         131       50        46        %
   elecstate           cal_dm              259.77         142       1.8       1.8       %
   psiMulPsiMpi        pdgemm              253.75         5112      0.05      1.8       %
    Local_Orbital_wfc  wfc_2d_to_grid      33.402         4716      0.0071    0.23      %
   LCAO_Charge         cal_dk_k            3497           131       27        24        %
   Record_adj          for_grid            0.69155        131       0.0053    0.0048    %
   Gint_interface      cal_gint_rho        2788.7         131       21        19        %
   Charge              mix_rho             1.7868         120       0.015     0.012     %
   Force_Stress_LCAO   getForceStress      1051.1         11        96        7.3       %
   Forces              cal_force_loc       0.94148        11        0.086     0.0065    %
   Forces              cal_force_ew        0.91881        11        0.084     0.0064    %
   Forces              cal_force_scc       7.9253         11        0.72      0.055     %
   Stress_Func         stress_loc          6.0996         11        0.55      0.042     %
   Stress_Func         stress_ewa          0.41486        11        0.038     0.0029    %
   Stress_Func         stress_gga          0.48045        11        0.044     0.0033    %
   Force_LCAO_k        ftable_k            1034.3         11        94        7.2       %
   Force_LCAO_k        allocate_k          134.59         11        12        0.93      %
   Force_LCAO_k        cal_foverlap_k      35.463         11        3.2       0.25      %
   Force_LCAO_k        cal_edm_2d          34.492         11        3.1       0.24      %
   Local_Orbital_Chargecal_dm_R            11.984         22        0.54      0.083     %
   Force_LCAO_k        cal_ftvnl_dphi_k    0.30627        11        0.028     0.0021    %
   Force_LCAO_k        cal_fvl_dphi_k      552.76         11        50        3.8       %
   Gint_interface      cal_gint_force      552.76         11        50        3.8       %
   Force_LCAO_k        cal_fvnl_dbeta_k_new276.79         11        25        1.9       %
 ----------------------------------------------------------------------------------------

 START  Time  : Mon May 22 14:16:24 2023
 FINISH Time  : Mon May 22 18:16:23 2023
 TOTAL  Time  : 1.4e+04
 SEE INFORMATION IN : OUT.ABACUS/
