 In SCAN_BEGIN, can't find: LATTICE_PARAMETERS block.
 In SCAN_BEGIN, can't find: <PP_MESH block.
 In SCAN_BEGIN, can't find: <PP_MESH block.
 AUTO_SET NBANDS to 0
 AUTO_SET NBANDS to 154
 cpu 2D distribution : 4*4
 but, the number of bands-row-block is 3
      Processor           Atom
              1             66
              2             66
              3             66
              4             66
              5             62
              6             66
              7             65
              8             66
              9             61
             10             66
             11             62
             12             66
             13             66
             14             66
             15             66
             16             65
                            startmag_type = 2
                       charge from rho_at = 3.95377
                         charge should be = 4
                            startmag_type = 2
                       charge from rho_at = 3.99303
                         charge should be = 4

 SETUP ATOMIC RHO FOR SPIN 1
                 Electron number from rho = 256
           total electron number from rho = 256
                                should be = 256
                 charge before normalized = 256
                  charge after normalized = 256
                 charge before normalized = 256.0001138634
                  charge after normalized = 256
                 charge before normalized = 256.000161259335
                  charge after normalized = 256
                 charge before normalized = 256.000135234254
                  charge after normalized = 256
                 charge before normalized = 256.000133633448
                  charge after normalized = 256
                 charge before normalized = 256.000133555345
                  charge after normalized = 256
                 charge before normalized = 256.000132957439
                  charge after normalized = 256
                 charge before normalized = 256.000133170621
                  charge after normalized = 256
                 charge before normalized = 256.000133110336
                  charge after normalized = 256
                 charge before normalized = 256.000133212205
                  charge after normalized = 256
                 charge before normalized = 256.000133227771
                  charge after normalized = 256
                 charge before normalized = 256.000133220151
                  charge after normalized = 256
                 charge before normalized = 256.000133219925
                  charge after normalized = 256
                 charge before normalized = 256.000133221081
                  charge after normalized = 256
                 charge before normalized = 256.000133221786
                  charge after normalized = 256
                 charge before normalized = 256.000133221309
                  charge after normalized = 256
                 charge before normalized = 256.000133221352
                  charge after normalized = 256
                 charge before normalized = 256.000133221336
                  charge after normalized = 256
                            startmag_type = 2
                       charge from rho_at = 3.95377434289291
                         charge should be = 4
                            startmag_type = 2
                       charge from rho_at = 3.99303358802097
                         charge should be = 4

 SETUP ATOMIC RHO FOR SPIN 1
                 Electron number from rho = 256
           total electron number from rho = 256
                                should be = 256
                            startmag_type = 2
                       charge from rho_at = 3.95377434289291
                         charge should be = 4
                            startmag_type = 2
                       charge from rho_at = 3.99303358802097
                         charge should be = 4

 SETUP ATOMIC RHO FOR SPIN 1
                 Electron number from rho = 256
           total electron number from rho = 256
                                should be = 256
      Processor           Atom
              1             66
              2             66
              3             66
              4             66
              5             62
              6             66
              7             65
              8             66
              9             61
             10             66
             11             62
             12             66
             13             66
             14             66
             15             66
             16             65
                 charge before normalized = 256
                  charge after normalized = 256
                 charge before normalized = 256.000133255315
                  charge after normalized = 256
                 charge before normalized = 256.000133245683
                  charge after normalized = 256
                 charge before normalized = 256.000133284441
                  charge after normalized = 256
                 charge before normalized = 256.000133264091
                  charge after normalized = 256
                 charge before normalized = 256.000133263511
                  charge after normalized = 256
                 charge before normalized = 256.000133264116
                  charge after normalized = 256
                 charge before normalized = 256.000133263795
                  charge after normalized = 256
                 charge before normalized = 256.000133264336
                  charge after normalized = 256
                 charge before normalized = 256.000133264185
                  charge after normalized = 256
                 charge before normalized = 256.000133264188
                  charge after normalized = 256
                            startmag_type = 2
                       charge from rho_at = 3.95377434289291
                         charge should be = 4
                            startmag_type = 2
                       charge from rho_at = 3.99303358802097
                         charge should be = 4

 SETUP ATOMIC RHO FOR SPIN 1
                 Electron number from rho = 256
           total electron number from rho = 256
                                should be = 256
                            startmag_type = 2
                       charge from rho_at = 3.95377434289291
                         charge should be = 4
                            startmag_type = 2
                       charge from rho_at = 3.99303358802097
                         charge should be = 4

 SETUP ATOMIC RHO FOR SPIN 1
                 Electron number from rho = 256
           total electron number from rho = 256
                                should be = 256
      Processor           Atom
              1             66
              2             66
              3             66
              4             66
              5             62
              6             66
              7             65
              8             66
              9             61
             10             66
             11             62
             12             66
             13             66
             14             66
             15             66
             16             65
                 charge before normalized = 256
                  charge after normalized = 256
                 charge before normalized = 256.000133169634
                  charge after normalized = 256
                 charge before normalized = 256.000133169409
                  charge after normalized = 256
                 charge before normalized = 256.000133192316
                  charge after normalized = 256
                 charge before normalized = 256.000133178536
                  charge after normalized = 256
                 charge before normalized = 256.000133178456
                  charge after normalized = 256
                 charge before normalized = 256.000133179722
                  charge after normalized = 256
                 charge before normalized = 256.000133178973
                  charge after normalized = 256
                 charge before normalized = 256.000133179818
                  charge after normalized = 256
                 charge before normalized = 256.000133179484
                  charge after normalized = 256
                 charge before normalized = 256.000133179524
                  charge after normalized = 256
                            startmag_type = 2
                       charge from rho_at = 3.95377434289291
                         charge should be = 4
                            startmag_type = 2
                       charge from rho_at = 3.99303358802097
                         charge should be = 4

 SETUP ATOMIC RHO FOR SPIN 1
                 Electron number from rho = 256
           total electron number from rho = 256
                                should be = 256
                            startmag_type = 2
                       charge from rho_at = 3.95377434289291
                         charge should be = 4
                            startmag_type = 2
                       charge from rho_at = 3.99303358802097
                         charge should be = 4

 SETUP ATOMIC RHO FOR SPIN 1
                 Electron number from rho = 256
           total electron number from rho = 256
                                should be = 256
      Processor           Atom
              1             66
              2             66
              3             66
              4             66
              5             62
              6             66
              7             65
              8             66
              9             62
             10             66
             11             62
             12             66
             13             66
             14             66
             15             66
             16             65
                 charge before normalized = 256
                  charge after normalized = 256
                 charge before normalized = 256.000133229311
                  charge after normalized = 256
                 charge before normalized = 256.000133228883
                  charge after normalized = 256
                 charge before normalized = 256.000133245898
                  charge after normalized = 256
                 charge before normalized = 256.000133230221
                  charge after normalized = 256
                 charge before normalized = 256.000133234821
                  charge after normalized = 256
                 charge before normalized = 256.000133234191
                  charge after normalized = 256
                 charge before normalized = 256.000133233748
                  charge after normalized = 256
                 charge before normalized = 256.000133234497
                  charge after normalized = 256
                 charge before normalized = 256.000133234069
                  charge after normalized = 256
                 charge before normalized = 256.000133234177
                  charge after normalized = 256
                            startmag_type = 2
                       charge from rho_at = 3.95377434289291
                         charge should be = 4
                            startmag_type = 2
                       charge from rho_at = 3.99303358802097
                         charge should be = 4

 SETUP ATOMIC RHO FOR SPIN 1
                 Electron number from rho = 256
           total electron number from rho = 256
                                should be = 256
                            startmag_type = 2
                       charge from rho_at = 3.95377434289291
                         charge should be = 4
                            startmag_type = 2
                       charge from rho_at = 3.99303358802097
                         charge should be = 4

 SETUP ATOMIC RHO FOR SPIN 1
                 Electron number from rho = 256
           total electron number from rho = 256
                                should be = 256
      Processor           Atom
              1             66
              2             66
              3             66
              4             66
              5             62
              6             66
              7             65
              8             66
              9             61
             10             66
             11             62
             12             66
             13             66
             14             66
             15             66
             16             65
                 charge before normalized = 256
                  charge after normalized = 256
                 charge before normalized = 256.00013322985
                  charge after normalized = 256
                 charge before normalized = 256.000133216137
                  charge after normalized = 256
                 charge before normalized = 256.00013327909
                  charge after normalized = 256
                 charge before normalized = 256.000133239134
                  charge after normalized = 256
                 charge before normalized = 256.000133238815
                  charge after normalized = 256
                 charge before normalized = 256.000133241108
                  charge after normalized = 256
                 charge before normalized = 256.000133239418
                  charge after normalized = 256
                 charge before normalized = 256.00013324087
                  charge after normalized = 256
                 charge before normalized = 256.00013324043
                  charge after normalized = 256
                 charge before normalized = 256.000133240481
                  charge after normalized = 256
                            startmag_type = 2
                       charge from rho_at = 3.95377434289291
                         charge should be = 4
                            startmag_type = 2
                       charge from rho_at = 3.99303358802097
                         charge should be = 4

 SETUP ATOMIC RHO FOR SPIN 1
                 Electron number from rho = 256
           total electron number from rho = 256
                                should be = 256
                            startmag_type = 2
                       charge from rho_at = 3.95377434289291
                         charge should be = 4
                            startmag_type = 2
                       charge from rho_at = 3.99303358802097
                         charge should be = 4

 SETUP ATOMIC RHO FOR SPIN 1
                 Electron number from rho = 256
           total electron number from rho = 256
                                should be = 256
      Processor           Atom
              1             66
              2             66
              3             66
              4             66
              5             62
              6             66
              7             65
              8             66
              9             61
             10             66
             11             62
             12             66
             13             66
             14             66
             15             66
             16             65
                 charge before normalized = 256
                  charge after normalized = 256
                 charge before normalized = 256.000133229783
                  charge after normalized = 256
                 charge before normalized = 256.000133225721
                  charge after normalized = 256
                 charge before normalized = 256.000133249444
                  charge after normalized = 256
                 charge before normalized = 256.000133229261
                  charge after normalized = 256
                 charge before normalized = 256.000133238667
                  charge after normalized = 256
                 charge before normalized = 256.000133234042
                  charge after normalized = 256
                 charge before normalized = 256.000133234741
                  charge after normalized = 256
                 charge before normalized = 256.000133235287
                  charge after normalized = 256
                 charge before normalized = 256.000133234973
                  charge after normalized = 256
                 charge before normalized = 256.000133235047
                  charge after normalized = 256
                 charge before normalized = 256.000133235034
                  charge after normalized = 256
                            startmag_type = 2
                       charge from rho_at = 3.95377434289291
                         charge should be = 4
                            startmag_type = 2
                       charge from rho_at = 3.99303358802097
                         charge should be = 4

 SETUP ATOMIC RHO FOR SPIN 1
                 Electron number from rho = 256
           total electron number from rho = 256
                                should be = 256
                            startmag_type = 2
                       charge from rho_at = 3.95377434289291
                         charge should be = 4
                            startmag_type = 2
                       charge from rho_at = 3.99303358802097
                         charge should be = 4

 SETUP ATOMIC RHO FOR SPIN 1
                 Electron number from rho = 256
           total electron number from rho = 256
                                should be = 256
      Processor           Atom
              1             66
              2             66
              3             66
              4             66
              5             62
              6             66
              7             65
              8             66
              9             61
             10             66
             11             62
             12             66
             13             66
             14             66
             15             66
             16             65
                 charge before normalized = 256
                  charge after normalized = 256
                 charge before normalized = 256.000133212812
                  charge after normalized = 256
                 charge before normalized = 256.000133236535
                  charge after normalized = 256
                 charge before normalized = 256.000133219967
                  charge after normalized = 256
                 charge before normalized = 256.000133227727
                  charge after normalized = 256
                 charge before normalized = 256.000133223846
                  charge after normalized = 256
                 charge before normalized = 256.000133226304
                  charge after normalized = 256
                 charge before normalized = 256.000133226227
                  charge after normalized = 256
                 charge before normalized = 256.000133226068
                  charge after normalized = 256
                 charge before normalized = 256.00013322605
                  charge after normalized = 256
                 charge before normalized = 256.000133226044
                  charge after normalized = 256
                 charge before normalized = 256.000133226062
                  charge after normalized = 256
                            startmag_type = 2
                       charge from rho_at = 3.95377434289291
                         charge should be = 4
                            startmag_type = 2
                       charge from rho_at = 3.99303358802097
                         charge should be = 4

 SETUP ATOMIC RHO FOR SPIN 1
                 Electron number from rho = 256
           total electron number from rho = 256
                                should be = 256
                            startmag_type = 2
                       charge from rho_at = 3.95377434289291
                         charge should be = 4
                            startmag_type = 2
                       charge from rho_at = 3.99303358802097
                         charge should be = 4

 SETUP ATOMIC RHO FOR SPIN 1
                 Electron number from rho = 256
           total electron number from rho = 256
                                should be = 256
      Processor           Atom
              1             66
              2             66
              3             66
              4             66
              5             62
              6             66
              7             65
              8             66
              9             61
             10             66
             11             62
             12             66
             13             66
             14             66
             15             66
             16             65
                 charge before normalized = 256
                  charge after normalized = 256
                 charge before normalized = 256.000133239603
                  charge after normalized = 256
                 charge before normalized = 256.000133248804
                  charge after normalized = 256
                 charge before normalized = 256.000133241923
                  charge after normalized = 256
                 charge before normalized = 256.000133241412
                  charge after normalized = 256
                 charge before normalized = 256.000133241778
                  charge after normalized = 256
                 charge before normalized = 256.000133242798
                  charge after normalized = 256
                 charge before normalized = 256.000133242043
                  charge after normalized = 256
                 charge before normalized = 256.000133242634
                  charge after normalized = 256
                 charge before normalized = 256.000133242313
                  charge after normalized = 256
                 charge before normalized = 256.00013324239
                  charge after normalized = 256
                 charge before normalized = 256.00013324237
                  charge after normalized = 256
                            startmag_type = 2
                       charge from rho_at = 3.95377434289291
                         charge should be = 4
                            startmag_type = 2
                       charge from rho_at = 3.99303358802097
                         charge should be = 4

 SETUP ATOMIC RHO FOR SPIN 1
                 Electron number from rho = 256
           total electron number from rho = 256
                                should be = 256
                            startmag_type = 2
                       charge from rho_at = 3.95377434289291
                         charge should be = 4
                            startmag_type = 2
                       charge from rho_at = 3.99303358802097
                         charge should be = 4

 SETUP ATOMIC RHO FOR SPIN 1
                 Electron number from rho = 256
           total electron number from rho = 256
                                should be = 256
      Processor           Atom
              1             66
              2             66
              3             66
              4             66
              5             62
              6             66
              7             65
              8             66
              9             61
             10             66
             11             62
             12             66
             13             66
             14             66
             15             66
             16             65
                 charge before normalized = 256
                  charge after normalized = 256
                 charge before normalized = 256.00013328395
                  charge after normalized = 256
                 charge before normalized = 256.000133273353
                  charge after normalized = 256
                 charge before normalized = 256.000133296387
                  charge after normalized = 256
                 charge before normalized = 256.000133266421
                  charge after normalized = 256
                 charge before normalized = 256.000133286258
                  charge after normalized = 256
                 charge before normalized = 256.000133277244
                  charge after normalized = 256
                 charge before normalized = 256.000133278174
                  charge after normalized = 256
                 charge before normalized = 256.000133278582
                  charge after normalized = 256
                 charge before normalized = 256.000133278448
                  charge after normalized = 256
                 charge before normalized = 256.000133278496
                  charge after normalized = 256
                 charge before normalized = 256.000133278468
                  charge after normalized = 256
                            startmag_type = 2
                       charge from rho_at = 3.95377434289291
                         charge should be = 4
                            startmag_type = 2
                       charge from rho_at = 3.99303358802097
                         charge should be = 4

 SETUP ATOMIC RHO FOR SPIN 1
                 Electron number from rho = 256
           total electron number from rho = 256
                                should be = 256
                            startmag_type = 2
                       charge from rho_at = 3.95377434289291
                         charge should be = 4
                            startmag_type = 2
                       charge from rho_at = 3.99303358802097
                         charge should be = 4

 SETUP ATOMIC RHO FOR SPIN 1
                 Electron number from rho = 256
           total electron number from rho = 256
                                should be = 256
      Processor           Atom
              1             66
              2             66
              3             66
              4             66
              5             62
              6             66
              7             65
              8             66
              9             61
             10             66
             11             62
             12             66
             13             66
             14             66
             15             66
             16             65
                 charge before normalized = 256
                  charge after normalized = 256
                 charge before normalized = 256.000133309207
                  charge after normalized = 256
                 charge before normalized = 256.000133367523
                  charge after normalized = 256
                 charge before normalized = 256.000133288645
                  charge after normalized = 256
                 charge before normalized = 256.000133327828
                  charge after normalized = 256
                 charge before normalized = 256.00013332272
                  charge after normalized = 256
                 charge before normalized = 256.000133324865
                  charge after normalized = 256
                 charge before normalized = 256.000133324348
                  charge after normalized = 256
                 charge before normalized = 256.000133324399
                  charge after normalized = 256
                 charge before normalized = 256.000133324248
                  charge after normalized = 256
                 charge before normalized = 256.000133324278
                  charge after normalized = 256
                 charge before normalized = 256.000133324308
                  charge after normalized = 256
                            startmag_type = 2
                       charge from rho_at = 3.95377434289291
                         charge should be = 4
                            startmag_type = 2
                       charge from rho_at = 3.99303358802097
                         charge should be = 4

 SETUP ATOMIC RHO FOR SPIN 1
                 Electron number from rho = 256
           total electron number from rho = 256
                                should be = 256
                            startmag_type = 2
                       charge from rho_at = 3.95377434289291
                         charge should be = 4
                            startmag_type = 2
                       charge from rho_at = 3.99303358802097
                         charge should be = 4

 SETUP ATOMIC RHO FOR SPIN 1
                 Electron number from rho = 256
           total electron number from rho = 256
                                should be = 256
      Processor           Atom
              1             66
              2             66
              3             66
              4             66
              5             62
              6             66
              7             65
              8             66
              9             61
             10             66
             11             62
             12             66
             13             66
             14             66
             15             66
             16             65
                 charge before normalized = 256
                  charge after normalized = 256
                 charge before normalized = 256.00013328198
                  charge after normalized = 256
                 charge before normalized = 256.000133295107
                  charge after normalized = 256
                 charge before normalized = 256.000133303914
                  charge after normalized = 256
                 charge before normalized = 256.000133294447
                  charge after normalized = 256
                 charge before normalized = 256.000133292149
                  charge after normalized = 256
                 charge before normalized = 256.000133295729
                  charge after normalized = 256
                 charge before normalized = 256.000133293865
                  charge after normalized = 256
                 charge before normalized = 256.000133295395
                  charge after normalized = 256
                 charge before normalized = 256.00013329466
                  charge after normalized = 256
                 charge before normalized = 256.000133294787
                  charge after normalized = 256
                 charge before normalized = 256.000133294779
                  charge after normalized = 256
