 Input  warning : gamma_only_local algorithm is not used.
 In SCAN_BEGIN, can't find: LATTICE_PARAMETERS block.
 AUTO_SET NBANDS to 0
 AUTO_SET NBANDS to 173
 cpu 2D distribution : 4*4
 but, the number of bands-row-block is 3
      Processor           Atom
              1             64
              2             66
              3             65
              4             60
              5             66
              6             67
              7             63
              8             60
              9             66
             10             66
             11             59
             12             63
             13             65
             14             66
             15             63
             16             61
                            startmag_type = 2
                       charge from rho_at = 3.95377
                         charge should be = 4
                       charge from rho_at = 3.99303
                         charge should be = 4

 SETUP ATOMIC RHO FOR SPIN 1
                 Electron number from rho = 288
           total electron number from rho = 288
                                should be = 288
                 charge before normalized = 288
                  charge after normalized = 288
                 charge before normalized = 288.000130838535
                  charge after normalized = 288
                 charge before normalized = 288.000176038722
                  charge after normalized = 288
                 charge before normalized = 288.000150943804
                  charge after normalized = 288
                 charge before normalized = 288.000156215082
                  charge after normalized = 288
                 charge before normalized = 288.000150269558
                  charge after normalized = 288
                 charge before normalized = 288.000150595519
                  charge after normalized = 288
                 charge before normalized = 288.000150831527
                  charge after normalized = 288
                 charge before normalized = 288.00015104588
                  charge after normalized = 288
                 charge before normalized = 288.000151152412
                  charge after normalized = 288
                 charge before normalized = 288.000151159713
                  charge after normalized = 288
                 charge before normalized = 288.000151135336
                  charge after normalized = 288
                 charge before normalized = 288.000151132241
                  charge after normalized = 288
                 charge before normalized = 288.000151133083
                  charge after normalized = 288
                 charge before normalized = 288.000151133071
                  charge after normalized = 288
                 charge before normalized = 288.000151133706
                  charge after normalized = 288
                 charge before normalized = 288.000151133698
                  charge after normalized = 288
                 charge before normalized = 288.000151133605
                  charge after normalized = 288
                 charge before normalized = 288.000151133641
                  charge after normalized = 288
                            startmag_type = 2
                       charge from rho_at = 3.95377434289291
                         charge should be = 4
                       charge from rho_at = 3.99303358802097
                         charge should be = 4

 SETUP ATOMIC RHO FOR SPIN 1
                 Electron number from rho = 288
           total electron number from rho = 288
                                should be = 288
                            startmag_type = 2
                       charge from rho_at = 3.95377434289291
                         charge should be = 4
                       charge from rho_at = 3.99303358802097
                         charge should be = 4

 SETUP ATOMIC RHO FOR SPIN 1
                 Electron number from rho = 288
           total electron number from rho = 288
                                should be = 288
      Processor           Atom
              1             64
              2             66
              3             65
              4             60
              5             67
              6             66
              7             63
              8             60
              9             66
             10             66
             11             59
             12             63
             13             65
             14             66
             15             63
             16             62
                 charge before normalized = 288
                  charge after normalized = 288
                 charge before normalized = 288.000151158562
                  charge after normalized = 288
                 charge before normalized = 288.000151165857
                  charge after normalized = 288
                 charge before normalized = 288.000151176982
                  charge after normalized = 288
                 charge before normalized = 288.000151169154
                  charge after normalized = 288
                 charge before normalized = 288.000151172171
                  charge after normalized = 288
                 charge before normalized = 288.000151170539
                  charge after normalized = 288
                 charge before normalized = 288.00015117123
                  charge after normalized = 288
                 charge before normalized = 288.000151171164
                  charge after normalized = 288
                 charge before normalized = 288.000151171261
                  charge after normalized = 288
                 charge before normalized = 288.000151171205
                  charge after normalized = 288
                            startmag_type = 2
                       charge from rho_at = 3.95377434289291
                         charge should be = 4
                       charge from rho_at = 3.99303358802097
                         charge should be = 4

 SETUP ATOMIC RHO FOR SPIN 1
                 Electron number from rho = 288
           total electron number from rho = 288
                                should be = 288
                            startmag_type = 2
                       charge from rho_at = 3.95377434289291
                         charge should be = 4
                       charge from rho_at = 3.99303358802097
                         charge should be = 4

 SETUP ATOMIC RHO FOR SPIN 1
                 Electron number from rho = 288
           total electron number from rho = 288
                                should be = 288
      Processor           Atom
              1             64
              2             66
              3             65
              4             60
              5             67
              6             66
              7             63
              8             60
              9             66
             10             66
             11             59
             12             63
             13             65
             14             66
             15             63
             16             62
                 charge before normalized = 288
                  charge after normalized = 288
                 charge before normalized = 288.000151165168
                  charge after normalized = 288
                 charge before normalized = 288.000151166157
                  charge after normalized = 288
                 charge before normalized = 288.000151160547
                  charge after normalized = 288
                 charge before normalized = 288.000151165738
                  charge after normalized = 288
                 charge before normalized = 288.000151162434
                  charge after normalized = 288
                 charge before normalized = 288.000151164726
                  charge after normalized = 288
                 charge before normalized = 288.000151163806
                  charge after normalized = 288
                 charge before normalized = 288.00015116413
                  charge after normalized = 288
                 charge before normalized = 288.000151164002
                  charge after normalized = 288
                 charge before normalized = 288.000151164069
                  charge after normalized = 288
                 charge before normalized = 288.000151164043
                  charge after normalized = 288
                            startmag_type = 2
                       charge from rho_at = 3.95377434289291
                         charge should be = 4
                       charge from rho_at = 3.99303358802097
                         charge should be = 4

 SETUP ATOMIC RHO FOR SPIN 1
                 Electron number from rho = 288
           total electron number from rho = 288
                                should be = 288
                            startmag_type = 2
                       charge from rho_at = 3.95377434289291
                         charge should be = 4
                       charge from rho_at = 3.99303358802097
                         charge should be = 4

 SETUP ATOMIC RHO FOR SPIN 1
                 Electron number from rho = 288
           total electron number from rho = 288
                                should be = 288
      Processor           Atom
              1             64
              2             66
              3             65
              4             60
              5             67
              6             66
              7             63
              8             60
              9             65
             10             66
             11             59
             12             63
             13             65
             14             66
             15             63
             16             62
                 charge before normalized = 288
                  charge after normalized = 288
                 charge before normalized = 288.000151245538
                  charge after normalized = 288
                 charge before normalized = 288.00015123696
                  charge after normalized = 288
                 charge before normalized = 288.000151269511
                  charge after normalized = 288
                 charge before normalized = 288.000151240567
                  charge after normalized = 288
                 charge before normalized = 288.00015125104
                  charge after normalized = 288
                 charge before normalized = 288.000151246457
                  charge after normalized = 288
                 charge before normalized = 288.000151248011
                  charge after normalized = 288
                 charge before normalized = 288.000151247629
                  charge after normalized = 288
                 charge before normalized = 288.000151247816
                  charge after normalized = 288
                 charge before normalized = 288.000151247763
                  charge after normalized = 288
                 charge before normalized = 288.000151247758
                  charge after normalized = 288
                            startmag_type = 2
                       charge from rho_at = 3.95377434289291
                         charge should be = 4
                       charge from rho_at = 3.99303358802097
                         charge should be = 4

 SETUP ATOMIC RHO FOR SPIN 1
                 Electron number from rho = 288
           total electron number from rho = 288
                                should be = 288
                            startmag_type = 2
                       charge from rho_at = 3.95377434289291
                         charge should be = 4
                       charge from rho_at = 3.99303358802097
                         charge should be = 4

 SETUP ATOMIC RHO FOR SPIN 1
                 Electron number from rho = 288
           total electron number from rho = 288
                                should be = 288
      Processor           Atom
              1             64
              2             66
              3             65
              4             60
              5             67
              6             66
              7             63
              8             60
              9             65
             10             66
             11             59
             12             63
             13             65
             14             66
             15             63
             16             61
                 charge before normalized = 288
                  charge after normalized = 288
                 charge before normalized = 288.000151177188
                  charge after normalized = 288
                 charge before normalized = 288.000151160118
                  charge after normalized = 288
                 charge before normalized = 288.000151195802
                  charge after normalized = 288
                 charge before normalized = 288.000151166576
                  charge after normalized = 288
                 charge before normalized = 288.000151178083
                  charge after normalized = 288
                 charge before normalized = 288.000151172192
                  charge after normalized = 288
                 charge before normalized = 288.000151174009
                  charge after normalized = 288
                 charge before normalized = 288.000151173742
                  charge after normalized = 288
                 charge before normalized = 288.000151173842
                  charge after normalized = 288
                 charge before normalized = 288.000151173789
                  charge after normalized = 288
                 charge before normalized = 288.000151173801
                  charge after normalized = 288
                            startmag_type = 2
                       charge from rho_at = 3.95377434289291
                         charge should be = 4
                       charge from rho_at = 3.99303358802097
                         charge should be = 4

 SETUP ATOMIC RHO FOR SPIN 1
                 Electron number from rho = 288
           total electron number from rho = 288
                                should be = 288
                            startmag_type = 2
                       charge from rho_at = 3.95377434289291
                         charge should be = 4
                       charge from rho_at = 3.99303358802097
                         charge should be = 4

 SETUP ATOMIC RHO FOR SPIN 1
                 Electron number from rho = 288
           total electron number from rho = 288
                                should be = 288
      Processor           Atom
              1             64
              2             67
              3             65
              4             61
              5             67
              6             66
              7             63
              8             60
              9             66
             10             66
             11             59
             12             63
             13             65
             14             66
             15             63
             16             61
                 charge before normalized = 288
                  charge after normalized = 288
                 charge before normalized = 288.000151263474
                  charge after normalized = 288
                 charge before normalized = 288.000151261585
                  charge after normalized = 288
                 charge before normalized = 288.000151281192
                  charge after normalized = 288
                 charge before normalized = 288.000151258985
                  charge after normalized = 288
                 charge before normalized = 288.000151271579
                  charge after normalized = 288
                 charge before normalized = 288.000151263037
                  charge after normalized = 288
                 charge before normalized = 288.00015126602
                  charge after normalized = 288
                 charge before normalized = 288.000151265547
                  charge after normalized = 288
                 charge before normalized = 288.000151265621
                  charge after normalized = 288
                 charge before normalized = 288.000151265593
                  charge after normalized = 288
                 charge before normalized = 288.000151265593
                  charge after normalized = 288
                            startmag_type = 2
                       charge from rho_at = 3.95377434289291
                         charge should be = 4
                       charge from rho_at = 3.99303358802097
                         charge should be = 4

 SETUP ATOMIC RHO FOR SPIN 1
                 Electron number from rho = 288
           total electron number from rho = 288
                                should be = 288
                            startmag_type = 2
                       charge from rho_at = 3.95377434289291
                         charge should be = 4
                       charge from rho_at = 3.99303358802097
                         charge should be = 4

 SETUP ATOMIC RHO FOR SPIN 1
                 Electron number from rho = 288
           total electron number from rho = 288
                                should be = 288
      Processor           Atom
              1             64
              2             67
              3             65
              4             61
              5             66
              6             67
              7             62
              8             59
              9             66
             10             66
             11             59
             12             63
             13             65
             14             66
             15             63
             16             61
                 charge before normalized = 288
                  charge after normalized = 288
                 charge before normalized = 288.000151243377
                  charge after normalized = 288
                 charge before normalized = 288.000151259383
                  charge after normalized = 288
                 charge before normalized = 288.000151259821
                  charge after normalized = 288
                 charge before normalized = 288.000151257744
                  charge after normalized = 288
                 charge before normalized = 288.000151262182
                  charge after normalized = 288
                 charge before normalized = 288.000151258084
                  charge after normalized = 288
                 charge before normalized = 288.00015126017
                  charge after normalized = 288
                 charge before normalized = 288.000151259723
                  charge after normalized = 288
                 charge before normalized = 288.000151259922
                  charge after normalized = 288
                 charge before normalized = 288.000151259784
                  charge after normalized = 288
                 charge before normalized = 288.00015125984
                  charge after normalized = 288
                 charge before normalized = 288.00015125983
                  charge after normalized = 288
                            startmag_type = 2
                       charge from rho_at = 3.95377434289291
                         charge should be = 4
                       charge from rho_at = 3.99303358802097
                         charge should be = 4

 SETUP ATOMIC RHO FOR SPIN 1
                 Electron number from rho = 288
           total electron number from rho = 288
                                should be = 288
                            startmag_type = 2
                       charge from rho_at = 3.95377434289291
                         charge should be = 4
                       charge from rho_at = 3.99303358802097
                         charge should be = 4

 SETUP ATOMIC RHO FOR SPIN 1
                 Electron number from rho = 288
           total electron number from rho = 288
                                should be = 288
      Processor           Atom
              1             64
              2             67
              3             65
              4             61
              5             66
              6             67
              7             63
              8             59
              9             66
             10             66
             11             59
             12             63
             13             65
             14             66
             15             63
             16             60
                 charge before normalized = 288
                  charge after normalized = 288
                 charge before normalized = 288.00015106449
                  charge after normalized = 288
                 charge before normalized = 288.000151091381
                  charge after normalized = 288
                 charge before normalized = 288.00015106503
                  charge after normalized = 288
                 charge before normalized = 288.000151074639
                  charge after normalized = 288
                 charge before normalized = 288.000151075047
                  charge after normalized = 288
                 charge before normalized = 288.000151077245
                  charge after normalized = 288
                 charge before normalized = 288.000151075408
                  charge after normalized = 288
                 charge before normalized = 288.000151076158
                  charge after normalized = 288
                 charge before normalized = 288.000151075888
                  charge after normalized = 288
                 charge before normalized = 288.000151076059
                  charge after normalized = 288
                 charge before normalized = 288.00015107599
                  charge after normalized = 288
                            startmag_type = 2
                       charge from rho_at = 3.95377434289291
                         charge should be = 4
                       charge from rho_at = 3.99303358802097
                         charge should be = 4

 SETUP ATOMIC RHO FOR SPIN 1
                 Electron number from rho = 288
           total electron number from rho = 288
                                should be = 288
                            startmag_type = 2
                       charge from rho_at = 3.95377434289291
                         charge should be = 4
                       charge from rho_at = 3.99303358802097
                         charge should be = 4

 SETUP ATOMIC RHO FOR SPIN 1
                 Electron number from rho = 288
           total electron number from rho = 288
                                should be = 288
      Processor           Atom
              1             64
              2             66
              3             65
              4             61
              5             66
              6             67
              7             62
              8             59
              9             66
             10             66
             11             59
             12             62
             13             65
             14             66
             15             63
             16             61
                 charge before normalized = 288
                  charge after normalized = 288
                 charge before normalized = 288.000151167856
                  charge after normalized = 288
                 charge before normalized = 288.000151164677
                  charge after normalized = 288
                 charge before normalized = 288.000151155283
                  charge after normalized = 288
                 charge before normalized = 288.000151153198
                  charge after normalized = 288
                 charge before normalized = 288.000151157391
                  charge after normalized = 288
                 charge before normalized = 288.000151152816
                  charge after normalized = 288
                 charge before normalized = 288.000151155357
                  charge after normalized = 288
                 charge before normalized = 288.000151154445
                  charge after normalized = 288
                 charge before normalized = 288.000151154547
                  charge after normalized = 288
                 charge before normalized = 288.000151154467
                  charge after normalized = 288
                 charge before normalized = 288.000151154547
                  charge after normalized = 288
                 charge before normalized = 288.000151154519
                  charge after normalized = 288
                            startmag_type = 2
                       charge from rho_at = 3.95377434289291
                         charge should be = 4
                       charge from rho_at = 3.99303358802097
                         charge should be = 4

 SETUP ATOMIC RHO FOR SPIN 1
                 Electron number from rho = 288
           total electron number from rho = 288
                                should be = 288
                            startmag_type = 2
                       charge from rho_at = 3.95377434289291
                         charge should be = 4
                       charge from rho_at = 3.99303358802097
                         charge should be = 4

 SETUP ATOMIC RHO FOR SPIN 1
                 Electron number from rho = 288
           total electron number from rho = 288
                                should be = 288
      Processor           Atom
              1             64
              2             66
              3             65
              4             61
              5             66
              6             67
              7             63
              8             59
              9             66
             10             66
             11             59
             12             62
             13             65
             14             66
             15             63
             16             61
                 charge before normalized = 288
                  charge after normalized = 288
                 charge before normalized = 288.00015122891
                  charge after normalized = 288
                 charge before normalized = 288.00015126047
                  charge after normalized = 288
                 charge before normalized = 288.000151239779
                  charge after normalized = 288
                 charge before normalized = 288.000151238468
                  charge after normalized = 288
                 charge before normalized = 288.000151245882
                  charge after normalized = 288
                 charge before normalized = 288.000151242599
                  charge after normalized = 288
                 charge before normalized = 288.000151243487
                  charge after normalized = 288
                 charge before normalized = 288.000151243065
                  charge after normalized = 288
                 charge before normalized = 288.00015124336
                  charge after normalized = 288
                 charge before normalized = 288.000151243202
                  charge after normalized = 288
                 charge before normalized = 288.000151243266
                  charge after normalized = 288
                 charge before normalized = 288.000151243245
                  charge after normalized = 288
                            startmag_type = 2
                       charge from rho_at = 3.95377434289291
                         charge should be = 4
                       charge from rho_at = 3.99303358802097
                         charge should be = 4

 SETUP ATOMIC RHO FOR SPIN 1
                 Electron number from rho = 288
           total electron number from rho = 288
                                should be = 288
                            startmag_type = 2
                       charge from rho_at = 3.95377434289291
                         charge should be = 4
                       charge from rho_at = 3.99303358802097
                         charge should be = 4

 SETUP ATOMIC RHO FOR SPIN 1
                 Electron number from rho = 288
           total electron number from rho = 288
                                should be = 288
      Processor           Atom
              1             64
              2             66
              3             65
              4             61
              5             67
              6             66
              7             63
              8             59
              9             66
             10             66
             11             59
             12             62
             13             65
             14             66
             15             63
             16             61
                 charge before normalized = 288
                  charge after normalized = 288
                 charge before normalized = 288.000151092704
                  charge after normalized = 288
                 charge before normalized = 288.000151093454
                  charge after normalized = 288
                 charge before normalized = 288.000151112148
                  charge after normalized = 288
                 charge before normalized = 288.000151086471
                  charge after normalized = 288
                 charge before normalized = 288.000151101257
                  charge after normalized = 288
                 charge before normalized = 288.000151093741
                  charge after normalized = 288
                 charge before normalized = 288.000151096126
                  charge after normalized = 288
                 charge before normalized = 288.000151095292
                  charge after normalized = 288
                 charge before normalized = 288.000151095646
                  charge after normalized = 288
                 charge before normalized = 288.000151095501
                  charge after normalized = 288
                 charge before normalized = 288.000151095528
                  charge after normalized = 288
