 Input  warning : gamma_only_local algorithm is not used.
 In SCAN_BEGIN, can't find: LATTICE_PARAMETERS block.
 AUTO_SET NBANDS to 0
 AUTO_SET NBANDS to 173
 cpu 2D distribution : 4*4
 but, the number of bands-row-block is 3
      Processor           Atom
              1             57
              2             58
              3             53
              4             52
              5             57
              6             58
              7             53
              8             54
              9             58
             10             58
             11             55
             12             52
             13             56
             14             58
             15             53
             16             53
                            startmag_type = 2
                       charge from rho_at = 3.95377
                         charge should be = 4
                       charge from rho_at = 3.99303
                         charge should be = 4

 SETUP ATOMIC RHO FOR SPIN 1
                 Electron number from rho = 288
           total electron number from rho = 288
                                should be = 288
                 charge before normalized = 288
                  charge after normalized = 288
                 charge before normalized = 288.000107798728
                  charge after normalized = 288
                 charge before normalized = 288.000156456685
                  charge after normalized = 288
                 charge before normalized = 288.000128414899
                  charge after normalized = 288
                 charge before normalized = 288.000132443624
                  charge after normalized = 288
                 charge before normalized = 288.000128326033
                  charge after normalized = 288
                 charge before normalized = 288.000128461512
                  charge after normalized = 288
                 charge before normalized = 288.000128548499
                  charge after normalized = 288
                 charge before normalized = 288.000128633178
                  charge after normalized = 288
                 charge before normalized = 288.000128658058
                  charge after normalized = 288
                 charge before normalized = 288.000128671046
                  charge after normalized = 288
                 charge before normalized = 288.000128663481
                  charge after normalized = 288
                 charge before normalized = 288.000128663114
                  charge after normalized = 288
                 charge before normalized = 288.000128662467
                  charge after normalized = 288
                 charge before normalized = 288.000128662226
                  charge after normalized = 288
                 charge before normalized = 288.000128662346
                  charge after normalized = 288
                 charge before normalized = 288.000128662445
                  charge after normalized = 288
                 charge before normalized = 288.000128662394
                  charge after normalized = 288
                            startmag_type = 2
                       charge from rho_at = 3.95377434289291
                         charge should be = 4
                       charge from rho_at = 3.99303358802097
                         charge should be = 4

 SETUP ATOMIC RHO FOR SPIN 1
                 Electron number from rho = 288
           total electron number from rho = 288
                                should be = 288
                            startmag_type = 2
                       charge from rho_at = 3.95377434289291
                         charge should be = 4
                       charge from rho_at = 3.99303358802097
                         charge should be = 4

 SETUP ATOMIC RHO FOR SPIN 1
                 Electron number from rho = 288
           total electron number from rho = 288
                                should be = 288
      Processor           Atom
              1             56
              2             58
              3             53
              4             52
              5             57
              6             58
              7             53
              8             54
              9             58
             10             58
             11             55
             12             52
             13             56
             14             58
             15             53
             16             53
                 charge before normalized = 288
                  charge after normalized = 288
                 charge before normalized = 288.000128680947
                  charge after normalized = 288
                 charge before normalized = 288.000128683172
                  charge after normalized = 288
                 charge before normalized = 288.000128680792
                  charge after normalized = 288
                 charge before normalized = 288.000128682781
                  charge after normalized = 288
                 charge before normalized = 288.000128681805
                  charge after normalized = 288
                 charge before normalized = 288.000128682317
                  charge after normalized = 288
                 charge before normalized = 288.000128682266
                  charge after normalized = 288
                 charge before normalized = 288.000128682259
                  charge after normalized = 288
                 charge before normalized = 288.000128682245
                  charge after normalized = 288
                            startmag_type = 2
                       charge from rho_at = 3.95377434289291
                         charge should be = 4
                       charge from rho_at = 3.99303358802097
                         charge should be = 4

 SETUP ATOMIC RHO FOR SPIN 1
                 Electron number from rho = 288
           total electron number from rho = 288
                                should be = 288
                            startmag_type = 2
                       charge from rho_at = 3.95377434289291
                         charge should be = 4
                       charge from rho_at = 3.99303358802097
                         charge should be = 4

 SETUP ATOMIC RHO FOR SPIN 1
                 Electron number from rho = 288
           total electron number from rho = 288
                                should be = 288
      Processor           Atom
              1             56
              2             58
              3             53
              4             52
              5             57
              6             58
              7             53
              8             54
              9             58
             10             58
             11             55
             12             52
             13             56
             14             58
             15             53
             16             53
                 charge before normalized = 288
                  charge after normalized = 288
                 charge before normalized = 288.000128583836
                  charge after normalized = 288
                 charge before normalized = 288.000128581303
                  charge after normalized = 288
                 charge before normalized = 288.000128587551
                  charge after normalized = 288
                 charge before normalized = 288.000128581583
                  charge after normalized = 288
                 charge before normalized = 288.000128584057
                  charge after normalized = 288
                 charge before normalized = 288.000128582444
                  charge after normalized = 288
                 charge before normalized = 288.000128583241
                  charge after normalized = 288
                 charge before normalized = 288.000128582988
                  charge after normalized = 288
                 charge before normalized = 288.000128582989
                  charge after normalized = 288
                 charge before normalized = 288.000128582995
                  charge after normalized = 288
                 charge before normalized = 288.000128583002
                  charge after normalized = 288
                            startmag_type = 2
                       charge from rho_at = 3.95377434289291
                         charge should be = 4
                       charge from rho_at = 3.99303358802097
                         charge should be = 4

 SETUP ATOMIC RHO FOR SPIN 1
                 Electron number from rho = 288
           total electron number from rho = 288
                                should be = 288
                            startmag_type = 2
                       charge from rho_at = 3.95377434289291
                         charge should be = 4
                       charge from rho_at = 3.99303358802097
                         charge should be = 4

 SETUP ATOMIC RHO FOR SPIN 1
                 Electron number from rho = 288
           total electron number from rho = 288
                                should be = 288
      Processor           Atom
              1             57
              2             58
              3             53
              4             52
              5             57
              6             58
              7             54
              8             54
              9             58
             10             58
             11             54
             12             52
             13             56
             14             58
             15             53
             16             53
                 charge before normalized = 288
                  charge after normalized = 288
                 charge before normalized = 288.000128657401
                  charge after normalized = 288
                 charge before normalized = 288.000128672703
                  charge after normalized = 288
                 charge before normalized = 288.000128650469
                  charge after normalized = 288
                 charge before normalized = 288.000128665129
                  charge after normalized = 288
                 charge before normalized = 288.000128660803
                  charge after normalized = 288
                 charge before normalized = 288.000128662454
                  charge after normalized = 288
                 charge before normalized = 288.000128662241
                  charge after normalized = 288
                 charge before normalized = 288.000128662126
                  charge after normalized = 288
                 charge before normalized = 288.000128662131
                  charge after normalized = 288
                 charge before normalized = 288.000128662136
                  charge after normalized = 288
                 charge before normalized = 288.000128662141
                  charge after normalized = 288
                            startmag_type = 2
                       charge from rho_at = 3.95377434289291
                         charge should be = 4
                       charge from rho_at = 3.99303358802097
                         charge should be = 4

 SETUP ATOMIC RHO FOR SPIN 1
                 Electron number from rho = 288
           total electron number from rho = 288
                                should be = 288
                            startmag_type = 2
                       charge from rho_at = 3.95377434289291
                         charge should be = 4
                       charge from rho_at = 3.99303358802097
                         charge should be = 4

 SETUP ATOMIC RHO FOR SPIN 1
                 Electron number from rho = 288
           total electron number from rho = 288
                                should be = 288
      Processor           Atom
              1             56
              2             58
              3             53
              4             52
              5             57
              6             58
              7             53
              8             54
              9             58
             10             58
             11             54
             12             52
             13             56
             14             58
             15             53
             16             53
                 charge before normalized = 288
                  charge after normalized = 288
                 charge before normalized = 288.000128522265
                  charge after normalized = 288
                 charge before normalized = 288.000128532854
                  charge after normalized = 288
                 charge before normalized = 288.000128518321
                  charge after normalized = 288
                 charge before normalized = 288.000128527076
                  charge after normalized = 288
                 charge before normalized = 288.000128522815
                  charge after normalized = 288
                 charge before normalized = 288.000128525633
                  charge after normalized = 288
                 charge before normalized = 288.00012852476
                  charge after normalized = 288
                 charge before normalized = 288.000128524895
                  charge after normalized = 288
                 charge before normalized = 288.000128524773
                  charge after normalized = 288
                 charge before normalized = 288.000128524833
                  charge after normalized = 288
                 charge before normalized = 288.000128524833
                  charge after normalized = 288
                            startmag_type = 2
                       charge from rho_at = 3.95377434289291
                         charge should be = 4
                       charge from rho_at = 3.99303358802097
                         charge should be = 4

 SETUP ATOMIC RHO FOR SPIN 1
                 Electron number from rho = 288
           total electron number from rho = 288
                                should be = 288
                            startmag_type = 2
                       charge from rho_at = 3.95377434289291
                         charge should be = 4
                       charge from rho_at = 3.99303358802097
                         charge should be = 4

 SETUP ATOMIC RHO FOR SPIN 1
                 Electron number from rho = 288
           total electron number from rho = 288
                                should be = 288
      Processor           Atom
              1             56
              2             58
              3             53
              4             52
              5             57
              6             58
              7             53
              8             54
              9             57
             10             58
             11             54
             12             53
             13             56
             14             58
             15             53
             16             53
                 charge before normalized = 288
                  charge after normalized = 288
                 charge before normalized = 288.000128533227
                  charge after normalized = 288
                 charge before normalized = 288.000128542539
                  charge after normalized = 288
                 charge before normalized = 288.000128523998
                  charge after normalized = 288
                 charge before normalized = 288.000128535283
                  charge after normalized = 288
                 charge before normalized = 288.000128531472
                  charge after normalized = 288
                 charge before normalized = 288.000128533999
                  charge after normalized = 288
                 charge before normalized = 288.000128533054
                  charge after normalized = 288
                 charge before normalized = 288.000128533266
                  charge after normalized = 288
                 charge before normalized = 288.000128533137
                  charge after normalized = 288
                 charge before normalized = 288.000128533209
                  charge after normalized = 288
                 charge before normalized = 288.000128533202
                  charge after normalized = 288
                            startmag_type = 2
                       charge from rho_at = 3.95377434289291
                         charge should be = 4
                       charge from rho_at = 3.99303358802097
                         charge should be = 4

 SETUP ATOMIC RHO FOR SPIN 1
                 Electron number from rho = 288
           total electron number from rho = 288
                                should be = 288
                            startmag_type = 2
                       charge from rho_at = 3.95377434289291
                         charge should be = 4
                       charge from rho_at = 3.99303358802097
                         charge should be = 4

 SETUP ATOMIC RHO FOR SPIN 1
                 Electron number from rho = 288
           total electron number from rho = 288
                                should be = 288
      Processor           Atom
              1             56
              2             58
              3             53
              4             52
              5             57
              6             58
              7             54
              8             54
              9             57
             10             58
             11             54
             12             53
             13             56
             14             58
             15             53
             16             54
                 charge before normalized = 288
                  charge after normalized = 288
                 charge before normalized = 288.000128462604
                  charge after normalized = 288
                 charge before normalized = 288.000128482968
                  charge after normalized = 288
                 charge before normalized = 288.000128463593
                  charge after normalized = 288
                 charge before normalized = 288.000128469917
                  charge after normalized = 288
                 charge before normalized = 288.000128471976
                  charge after normalized = 288
                 charge before normalized = 288.000128470669
                  charge after normalized = 288
                 charge before normalized = 288.000128470973
                  charge after normalized = 288
                 charge before normalized = 288.000128470686
                  charge after normalized = 288
                 charge before normalized = 288.000128470817
                  charge after normalized = 288
                 charge before normalized = 288.000128470771
                  charge after normalized = 288
                 charge before normalized = 288.00012847079
                  charge after normalized = 288
                            startmag_type = 2
                       charge from rho_at = 3.95377434289291
                         charge should be = 4
                       charge from rho_at = 3.99303358802097
                         charge should be = 4

 SETUP ATOMIC RHO FOR SPIN 1
                 Electron number from rho = 288
           total electron number from rho = 288
                                should be = 288
                            startmag_type = 2
                       charge from rho_at = 3.95377434289291
                         charge should be = 4
                       charge from rho_at = 3.99303358802097
                         charge should be = 4

 SETUP ATOMIC RHO FOR SPIN 1
                 Electron number from rho = 288
           total electron number from rho = 288
                                should be = 288
      Processor           Atom
              1             56
              2             58
              3             53
              4             52
              5             58
              6             58
              7             54
              8             54
              9             57
             10             58
             11             54
             12             53
             13             56
             14             58
             15             53
             16             53
                 charge before normalized = 288
                  charge after normalized = 288
                 charge before normalized = 288.000129032924
                  charge after normalized = 288
                 charge before normalized = 288.000129050291
                  charge after normalized = 288
                 charge before normalized = 288.000129038869
                  charge after normalized = 288
                 charge before normalized = 288.000129035407
                  charge after normalized = 288
                 charge before normalized = 288.00012904101
                  charge after normalized = 288
                 charge before normalized = 288.000129037765
                  charge after normalized = 288
                 charge before normalized = 288.000129038784
                  charge after normalized = 288
                 charge before normalized = 288.000129038212
                  charge after normalized = 288
                 charge before normalized = 288.000129038374
                  charge after normalized = 288
                 charge before normalized = 288.000129038319
                  charge after normalized = 288
                 charge before normalized = 288.00012903834
                  charge after normalized = 288
                            startmag_type = 2
                       charge from rho_at = 3.95377434289291
                         charge should be = 4
                       charge from rho_at = 3.99303358802097
                         charge should be = 4

 SETUP ATOMIC RHO FOR SPIN 1
                 Electron number from rho = 288
           total electron number from rho = 288
                                should be = 288
                            startmag_type = 2
                       charge from rho_at = 3.95377434289291
                         charge should be = 4
                       charge from rho_at = 3.99303358802097
                         charge should be = 4

 SETUP ATOMIC RHO FOR SPIN 1
                 Electron number from rho = 288
           total electron number from rho = 288
                                should be = 288
      Processor           Atom
              1             56
              2             58
              3             53
              4             53
              5             57
              6             58
              7             54
              8             54
              9             57
             10             58
             11             54
             12             53
             13             56
             14             58
             15             53
             16             54
                 charge before normalized = 288
                  charge after normalized = 288
                 charge before normalized = 288.000129112653
                  charge after normalized = 288
                 charge before normalized = 288.0001291165
                  charge after normalized = 288
                 charge before normalized = 288.000129103585
                  charge after normalized = 288
                 charge before normalized = 288.000129105735
                  charge after normalized = 288
                 charge before normalized = 288.000129104986
                  charge after normalized = 288
                 charge before normalized = 288.000129106205
                  charge after normalized = 288
                 charge before normalized = 288.000129105489
                  charge after normalized = 288
                 charge before normalized = 288.00012910557
                  charge after normalized = 288
                 charge before normalized = 288.000129105435
                  charge after normalized = 288
                 charge before normalized = 288.000129105522
                  charge after normalized = 288
                 charge before normalized = 288.0001291055
                  charge after normalized = 288
                 charge before normalized = 288.000129105509
                  charge after normalized = 288
                            startmag_type = 2
                       charge from rho_at = 3.95377434289291
                         charge should be = 4
                       charge from rho_at = 3.99303358802097
                         charge should be = 4

 SETUP ATOMIC RHO FOR SPIN 1
                 Electron number from rho = 288
           total electron number from rho = 288
                                should be = 288
                            startmag_type = 2
                       charge from rho_at = 3.95377434289291
                         charge should be = 4
                       charge from rho_at = 3.99303358802097
                         charge should be = 4

 SETUP ATOMIC RHO FOR SPIN 1
                 Electron number from rho = 288
           total electron number from rho = 288
                                should be = 288
      Processor           Atom
              1             56
              2             58
              3             53
              4             53
              5             57
              6             58
              7             54
              8             54
              9             57
             10             58
             11             54
             12             53
             13             56
             14             58
             15             53
             16             52
                 charge before normalized = 288
                  charge after normalized = 288
                 charge before normalized = 288.000129179054
                  charge after normalized = 288
                 charge before normalized = 288.00012918267
                  charge after normalized = 288
                 charge before normalized = 288.000129176329
                  charge after normalized = 288
                 charge before normalized = 288.000129173896
                  charge after normalized = 288
                 charge before normalized = 288.000129175908
                  charge after normalized = 288
                 charge before normalized = 288.000129176064
                  charge after normalized = 288
                 charge before normalized = 288.000129175102
                  charge after normalized = 288
                 charge before normalized = 288.000129175501
                  charge after normalized = 288
                 charge before normalized = 288.000129175461
                  charge after normalized = 288
                 charge before normalized = 288.000129175483
                  charge after normalized = 288
                 charge before normalized = 288.000129175457
                  charge after normalized = 288
                 charge before normalized = 288.000129175472
                  charge after normalized = 288
                            startmag_type = 2
                       charge from rho_at = 3.95377434289291
                         charge should be = 4
                       charge from rho_at = 3.99303358802097
                         charge should be = 4

 SETUP ATOMIC RHO FOR SPIN 1
                 Electron number from rho = 288
           total electron number from rho = 288
                                should be = 288
                            startmag_type = 2
                       charge from rho_at = 3.95377434289291
                         charge should be = 4
                       charge from rho_at = 3.99303358802097
                         charge should be = 4

 SETUP ATOMIC RHO FOR SPIN 1
                 Electron number from rho = 288
           total electron number from rho = 288
                                should be = 288
      Processor           Atom
              1             55
              2             58
              3             53
              4             53
              5             57
              6             58
              7             54
              8             54
              9             57
             10             58
             11             54
             12             53
             13             56
             14             58
             15             53
             16             52
                 charge before normalized = 288
                  charge after normalized = 288
                 charge before normalized = 288.000129142247
                  charge after normalized = 288
                 charge before normalized = 288.000129158759
                  charge after normalized = 288
                 charge before normalized = 288.000129131707
                  charge after normalized = 288
                 charge before normalized = 288.000129146033
                  charge after normalized = 288
                 charge before normalized = 288.000129139748
                  charge after normalized = 288
                 charge before normalized = 288.000129144385
                  charge after normalized = 288
                 charge before normalized = 288.00012914316
                  charge after normalized = 288
                 charge before normalized = 288.000129143077
                  charge after normalized = 288
                 charge before normalized = 288.000129143088
                  charge after normalized = 288
                 charge before normalized = 288.000129143115
                  charge after normalized = 288
                 charge before normalized = 288.000129143104
                  charge after normalized = 288
                 charge before normalized = 288.00012914311
                  charge after normalized = 288
