WARNING: Total thread number on this node mismatches with hardware availability. This may cause poor performance.
Info: Local MPI proc number: 16,OpenMP thread number: 1,Total thread number: 16,Local thread limit: 32
 *********************************************************
 *                                                       *
 *                  WELCOME TO ABACUS v3.0               *
 *                                                       *
 *            'Atomic-orbital Based Ab-initio            *
 *                  Computation at UStc'                 *
 *                                                       *
 *          Website: http://abacus.ustc.edu.cn/          *
 *                                                       *
 *********************************************************
 Mon May 22 14:16:29 2023
 MAKE THE DIR         : OUT.ABACUS/
 MAKE THE STRU DIR    : OUT.ABACUS/STRU/
 UNIFORM GRID DIM     : 120 * 120 * 128
 UNIFORM GRID DIM(BIG): 60 * 60 * 64
 DONE(0.0861574  SEC) : SETUP UNITCELL
 DONE(0.0933429  SEC) : INIT K-POINTS
 ---------------------------------------------------------
 Molecular Dynamics simulations
 ---------------------------------------------------------
 ENSEMBLE                 : Langevin
 Time interval(fs)        : 1
 ---------------------------------------------------------
 SPIN    KPOINTS         PROCESSORS  NBASE       
 1       36              16          1584        
 ---------------------------------------------------------
 Use Systematically Improvable Atomic bases
 ---------------------------------------------------------
 ELEMENT ORBITALS        NBASE       NATOM       XC          
 Si      3s3p2d-9au      22          36          
 C       3s3p2d-9au      22          36          
 ---------------------------------------------------------
 Initial plane wave basis and FFT box
 ---------------------------------------------------------
--------------------------------- INITVEL DONE ------------------------------------
 -------------------------------------------
 STEP OF MOLECULAR DYNAMICS : 0
 -------------------------------------------
 START CHARGE      : atomic
 DONE(9.9874     SEC) : INIT SCF
 ITER   ETOT(eV)       EDIFF(eV)      DRHO       TIME(s)    
 GE1    -9.376160e+03  0.000000e+00   2.696e-01  1.080e+02  
 GE2    -9.423696e+03  -4.753606e+01  1.620e-01  1.026e+02  
 GE3    -9.433353e+03  -9.657116e+00  4.065e-02  1.022e+02  
 GE4    -9.403835e+03  2.951781e+01   9.190e-02  1.019e+02  
 GE5    -9.448855e+03  -4.502005e+01  2.182e-02  1.018e+02  
 GE6    -9.449212e+03  -3.568106e-01  1.254e-02  1.020e+02  
 GE7    -9.449196e+03  1.625707e-02   6.972e-03  1.020e+02  
 GE8    -9.449218e+03  -2.225817e-02  4.387e-03  1.018e+02  
 GE9    -9.449162e+03  5.591119e-02   3.382e-03  1.017e+02  
 GE10   -9.449174e+03  -1.138075e-02  2.976e-03  1.020e+02  
 GE11   -9.449204e+03  -3.035729e-02  9.029e-04  1.017e+02  
 GE12   -9.449206e+03  -2.407813e-03  2.132e-04  1.019e+02  
 GE13   -9.449206e+03  -4.183784e-05  1.202e-04  1.020e+02  
 GE14   -9.449206e+03  -1.631632e-05  4.578e-05  1.021e+02  
 GE15   -9.449206e+03  -2.467459e-06  3.627e-05  1.021e+02  
 GE16   -9.449206e+03  -3.126054e-06  1.447e-05  1.017e+02  
 GE17   -9.449206e+03  -4.793220e-07  1.220e-05  1.019e+02  
 GE18   -9.449206e+03  -4.895989e-07  1.114e-06  1.022e+02  
 GE19   -9.449206e+03  1.093270e-08   9.318e-07  1.024e+02  
 ><><><><><><><><><><><><><><><><><><><><><><
 TOTAL-STRESS (KBAR):
 ><><><><><><><><><><><><><><><><><><><><><><
 5.800e+00      4.219e+01      -4.539e+01     
 4.219e+01      -1.217e+02     -1.051e+01     
 -4.539e+01     -1.051e+01     -1.258e+02     
 TOTAL-PRESSURE: -8.054e+01 KBAR
 ------------------------------------------------------------------------------------------------
 Energy              Potential           Kinetic             Temperature         Pressure (KBAR)     
 -3.472e+02          -3.473e+02          3.373e-03           1.000e+01           -8.042e+01          
 ------------------------------------------------------------------------------------------------
 -------------------------------------------
 STEP OF MOLECULAR DYNAMICS : 1
 -------------------------------------------
 DONE(2.049e+03  SEC) : INIT SCF
 ITER   ETOT(eV)       EDIFF(eV)      DRHO       TIME(s)    
 GE1    -9.449248e+03  0.000000e+00   4.261e-04  1.036e+02  
 GE2    -9.449248e+03  7.962274e-05   2.534e-04  1.019e+02  
 GE3    -9.449248e+03  -1.304406e-04  2.588e-04  1.014e+02  
 GE4    -9.449248e+03  -1.937156e-04  6.440e-05  1.010e+02  
 GE5    -9.449248e+03  -1.034550e-05  5.097e-05  1.016e+02  
 GE6    -9.449248e+03  -9.715727e-06  1.863e-05  1.015e+02  
 GE7    -9.449248e+03  -1.101204e-06  6.734e-06  1.015e+02  
 GE8    -9.449248e+03  -1.364855e-07  1.784e-06  1.013e+02  
 GE9    -9.449248e+03  -1.063417e-08  1.224e-06  1.012e+02  
 GE10   -9.449248e+03  -4.160862e-09  4.105e-07  1.013e+02  
 ><><><><><><><><><><><><><><><><><><><><><><
 TOTAL-STRESS (KBAR):
 ><><><><><><><><><><><><><><><><><><><><><><
 5.389e+00      4.194e+01      -4.538e+01     
 4.194e+01      -1.218e+02     -1.044e+01     
 -4.538e+01     -1.044e+01     -1.258e+02     
 TOTAL-PRESSURE: -8.074e+01 KBAR
 ------------------------------------------------------------------------------------------------
 Energy              Potential           Kinetic             Temperature         Pressure (KBAR)     
 -3.472e+02          -3.473e+02          7.863e-03           2.331e+01           -8.045e+01          
 ------------------------------------------------------------------------------------------------
 -------------------------------------------
 STEP OF MOLECULAR DYNAMICS : 2
 -------------------------------------------
 DONE(3.158e+03  SEC) : INIT SCF
 ITER   ETOT(eV)       EDIFF(eV)      DRHO       TIME(s)    
 GE1    -9.449334e+03  0.000000e+00   1.507e-03  1.057e+02  
 GE2    -9.449333e+03  9.472576e-04   9.719e-04  1.008e+02  
 GE3    -9.449335e+03  -2.068360e-03  8.999e-04  1.019e+02  
 GE4    -9.449337e+03  -2.247203e-03  2.538e-04  1.016e+02  
 GE5    -9.449337e+03  -1.969555e-04  1.867e-04  1.016e+02  
 GE6    -9.449337e+03  -1.296658e-04  5.888e-05  1.017e+02  
 GE7    -9.449337e+03  -1.016960e-05  2.576e-05  1.020e+02  
 GE8    -9.449337e+03  -2.097289e-06  6.633e-06  1.022e+02  
 GE9    -9.449337e+03  -1.286093e-07  3.188e-06  1.029e+02  
 GE10   -9.449337e+03  -3.483832e-08  1.422e-06  1.025e+02  
 GE11   -9.449337e+03  -5.138432e-09  5.693e-07  1.021e+02  
 ><><><><><><><><><><><><><><><><><><><><><><
 TOTAL-STRESS (KBAR):
 ><><><><><><><><><><><><><><><><><><><><><><
 4.766e+00      4.186e+01      -4.555e+01     
 4.186e+01      -1.223e+02     -1.039e+01     
 -4.555e+01     -1.039e+01     -1.262e+02     
 TOTAL-PRESSURE: -8.126e+01 KBAR
 ------------------------------------------------------------------------------------------------
 Energy              Potential           Kinetic             Temperature         Pressure (KBAR)     
 -3.472e+02          -3.473e+02          1.926e-02           5.711e+01           -8.056e+01          
 ------------------------------------------------------------------------------------------------
 -------------------------------------------
 STEP OF MOLECULAR DYNAMICS : 3
 -------------------------------------------
 DONE(4.378e+03  SEC) : INIT SCF
 ITER   ETOT(eV)       EDIFF(eV)      DRHO       TIME(s)    
 GE1    -9.449340e+03  0.000000e+00   1.764e-03  1.063e+02  
 GE2    -9.449337e+03  2.113793e-03   1.159e-03  9.964e+01  
 GE3    -9.449340e+03  -2.676573e-03  1.096e-03  9.942e+01  
 GE4    -9.449344e+03  -4.005747e-03  3.348e-04  1.016e+02  
 GE5    -9.449344e+03  -3.648696e-04  1.880e-04  1.015e+02  
 GE6    -9.449345e+03  -1.168484e-04  6.272e-05  1.011e+02  
 GE7    -9.449345e+03  -1.109739e-05  3.362e-05  1.010e+02  
 GE8    -9.449345e+03  -3.734500e-06  9.761e-06  1.013e+02  
 GE9    -9.449345e+03  -3.280553e-07  5.087e-06  1.014e+02  
 GE10   -9.449345e+03  -9.612055e-08  1.822e-06  1.017e+02  
 GE11   -9.449345e+03  -1.002783e-08  5.446e-07  1.017e+02  
 ><><><><><><><><><><><><><><><><><><><><><><
 TOTAL-STRESS (KBAR):
 ><><><><><><><><><><><><><><><><><><><><><><
 5.121e+00      4.209e+01      -4.586e+01     
 4.209e+01      -1.225e+02     -1.025e+01     
 -4.586e+01     -1.025e+01     -1.259e+02     
 TOTAL-PRESSURE: -8.111e+01 KBAR
 ------------------------------------------------------------------------------------------------
 Energy              Potential           Kinetic             Temperature         Pressure (KBAR)     
 -3.472e+02          -3.473e+02          2.377e-02           7.049e+01           -8.025e+01          
 ------------------------------------------------------------------------------------------------
 -------------------------------------------
 STEP OF MOLECULAR DYNAMICS : 4
 -------------------------------------------
 DONE(5.588e+03  SEC) : INIT SCF
 ITER   ETOT(eV)       EDIFF(eV)      DRHO       TIME(s)    
 GE1    -9.449378e+03  0.000000e+00   2.273e-03  1.071e+02  
 GE2    -9.449375e+03  2.454243e-03   1.375e-03  1.005e+02  
 GE3    -9.449380e+03  -4.424682e-03  1.377e-03  9.981e+01  
 GE4    -9.449385e+03  -5.472708e-03  3.246e-04  1.013e+02  
 GE5    -9.449386e+03  -2.428961e-04  2.450e-04  1.022e+02  
 GE6    -9.449386e+03  -2.225445e-04  9.501e-05  1.018e+02  
 GE7    -9.449386e+03  -2.876969e-05  3.982e-05  1.015e+02  
 GE8    -9.449386e+03  -5.109814e-06  8.542e-06  1.012e+02  
 GE9    -9.449386e+03  -1.754120e-07  5.007e-06  1.013e+02  
 GE10   -9.449386e+03  -9.829688e-08  2.324e-06  1.015e+02  
 GE11   -9.449386e+03  -1.468212e-08  7.704e-07  1.014e+02  
 ><><><><><><><><><><><><><><><><><><><><><><
 TOTAL-STRESS (KBAR):
 ><><><><><><><><><><><><><><><><><><><><><><
 4.498e+00      4.225e+01      -4.552e+01     
 4.225e+01      -1.224e+02     -9.965e+00     
 -4.552e+01     -9.965e+00     -1.268e+02     
 TOTAL-PRESSURE: -8.157e+01 KBAR
 ------------------------------------------------------------------------------------------------
 Energy              Potential           Kinetic             Temperature         Pressure (KBAR)     
 -3.472e+02          -3.473e+02          3.900e-02           1.156e+02           -8.017e+01          
 ------------------------------------------------------------------------------------------------
 -------------------------------------------
 STEP OF MOLECULAR DYNAMICS : 5
 -------------------------------------------
 DONE(6.802e+03  SEC) : INIT SCF
 ITER   ETOT(eV)       EDIFF(eV)      DRHO       TIME(s)    
 GE1    -9.449399e+03  0.000000e+00   2.526e-03  1.072e+02  
 GE2    -9.449394e+03  4.452648e-03   1.591e-03  1.015e+02  
 GE3    -9.449400e+03  -5.808320e-03  1.626e-03  1.003e+02  
 GE4    -9.449408e+03  -7.785807e-03  3.816e-04  1.004e+02  
 GE5    -9.449408e+03  -3.385859e-04  2.758e-04  1.021e+02  
 GE6    -9.449409e+03  -2.962386e-04  1.072e-04  1.020e+02  
 GE7    -9.449409e+03  -3.357073e-05  3.999e-05  1.020e+02  
 GE8    -9.449409e+03  -4.994801e-06  8.344e-06  1.016e+02  
 GE9    -9.449409e+03  -1.726510e-07  6.684e-06  1.018e+02  
 GE10   -9.449409e+03  -1.712373e-07  2.018e-06  1.020e+02  
 GE11   -9.449409e+03  -1.017942e-08  7.073e-07  1.022e+02  
 ><><><><><><><><><><><><><><><><><><><><><><
 TOTAL-STRESS (KBAR):
 ><><><><><><><><><><><><><><><><><><><><><><
 4.534e+00      4.249e+01      -4.553e+01     
 4.249e+01      -1.232e+02     -1.011e+01     
 -4.553e+01     -1.011e+01     -1.267e+02     
 TOTAL-PRESSURE: -8.181e+01 KBAR
 ------------------------------------------------------------------------------------------------
 Energy              Potential           Kinetic             Temperature         Pressure (KBAR)     
 -3.472e+02          -3.473e+02          4.434e-02           1.315e+02           -8.022e+01          
 ------------------------------------------------------------------------------------------------
 -------------------------------------------
 STEP OF MOLECULAR DYNAMICS : 6
 -------------------------------------------
 DONE(8.020e+03  SEC) : INIT SCF
 ITER   ETOT(eV)       EDIFF(eV)      DRHO       TIME(s)    
 GE1    -9.449420e+03  0.000000e+00   2.600e-03  1.073e+02  
 GE2    -9.449421e+03  -1.496201e-04  1.509e-03  1.022e+02  
 GE3    -9.449425e+03  -4.184167e-03  1.300e-03  1.018e+02  
 GE4    -9.449429e+03  -4.581894e-03  4.027e-04  9.899e+01  
 GE5    -9.449430e+03  -3.647792e-04  2.927e-04  1.003e+02  
 GE6    -9.449430e+03  -3.557888e-04  1.208e-04  1.015e+02  
 GE7    -9.449430e+03  -4.747283e-05  3.950e-05  1.016e+02  
 GE8    -9.449430e+03  -4.904911e-06  8.820e-06  1.016e+02  
 GE9    -9.449430e+03  -1.756827e-07  4.503e-06  1.014e+02  
 GE10   -9.449430e+03  -6.559313e-08  2.024e-06  1.012e+02  
 GE11   -9.449430e+03  -8.304709e-09  9.388e-07  1.012e+02  
 ><><><><><><><><><><><><><><><><><><><><><><
 TOTAL-STRESS (KBAR):
 ><><><><><><><><><><><><><><><><><><><><><><
 3.364e+00      4.214e+01      -4.491e+01     
 4.214e+01      -1.231e+02     -9.865e+00     
 -4.491e+01     -9.865e+00     -1.265e+02     
 TOTAL-PRESSURE: -8.209e+01 KBAR
 ------------------------------------------------------------------------------------------------
 Energy              Potential           Kinetic             Temperature         Pressure (KBAR)     
 -3.472e+02          -3.473e+02          6.304e-02           1.869e+02           -7.982e+01          
 ------------------------------------------------------------------------------------------------
 -------------------------------------------
 STEP OF MOLECULAR DYNAMICS : 7
 -------------------------------------------
 DONE(9.232e+03  SEC) : INIT SCF
 ITER   ETOT(eV)       EDIFF(eV)      DRHO       TIME(s)    
 GE1    -9.449395e+03  0.000000e+00   3.188e-03  1.069e+02  
 GE2    -9.449390e+03  5.054683e-03   1.847e-03  1.018e+02  
 GE3    -9.449397e+03  -7.639394e-03  1.812e-03  1.017e+02  
 GE4    -9.449408e+03  -1.070371e-02  4.837e-04  9.944e+01  
 GE5    -9.449409e+03  -5.967648e-04  3.224e-04  1.014e+02  
 GE6    -9.449409e+03  -3.808544e-04  1.469e-04  1.005e+02  
 GE7    -9.449409e+03  -6.909430e-05  4.786e-05  1.019e+02  
 GE8    -9.449409e+03  -7.811248e-06  1.105e-05  1.024e+02  
 GE9    -9.449409e+03  -3.167390e-07  6.434e-06  1.026e+02  
 GE10   -9.449409e+03  -1.431104e-07  2.908e-06  1.020e+02  
 GE11   -9.449409e+03  -3.413453e-08  1.174e-06  1.018e+02  
 GE12   -9.449409e+03  -2.717708e-09  4.696e-07  1.013e+02  
 ><><><><><><><><><><><><><><><><><><><><><><
 TOTAL-STRESS (KBAR):
 ><><><><><><><><><><><><><><><><><><><><><><
 2.369e+00      4.289e+01      -4.404e+01     
 4.289e+01      -1.228e+02     -9.804e+00     
 -4.404e+01     -9.804e+00     -1.256e+02     
 TOTAL-PRESSURE: -8.201e+01 KBAR
 ------------------------------------------------------------------------------------------------
 Energy              Potential           Kinetic             Temperature         Pressure (KBAR)     
 -3.472e+02          -3.473e+02          7.838e-02           2.324e+02           -7.918e+01          
 ------------------------------------------------------------------------------------------------
 -------------------------------------------
 STEP OF MOLECULAR DYNAMICS : 8
 -------------------------------------------
 DONE(1.055e+04  SEC) : INIT SCF
 ITER   ETOT(eV)       EDIFF(eV)      DRHO       TIME(s)    
 GE1    -9.449466e+03  0.000000e+00   3.531e-03  1.067e+02  
 GE2    -9.449466e+03  -3.313160e-04  2.094e-03  1.016e+02  
 GE3    -9.449477e+03  -1.008424e-02  1.739e-03  1.015e+02  
 GE4    -9.449484e+03  -7.879791e-03  4.338e-04  1.011e+02  
 GE5    -9.449485e+03  -3.138883e-04  2.343e-04  9.940e+01  
 GE6    -9.449485e+03  -1.581376e-04  1.271e-04  1.003e+02  
 GE7    -9.449485e+03  -4.404166e-05  3.792e-05  1.016e+02  
 GE8    -9.449485e+03  -5.376120e-06  1.893e-05  1.015e+02  
 GE9    -9.449485e+03  -1.354908e-06  6.570e-06  1.017e+02  
 GE10   -9.449485e+03  -1.428135e-07  2.127e-06  1.016e+02  
 GE11   -9.449485e+03  -1.384067e-08  1.093e-06  1.013e+02  
 GE12   -9.449485e+03  -1.970609e-09  4.910e-07  1.014e+02  
 ><><><><><><><><><><><><><><><><><><><><><><
 TOTAL-STRESS (KBAR):
 ><><><><><><><><><><><><><><><><><><><><><><
 9.039e-01      4.305e+01      -4.362e+01     
 4.305e+01      -1.229e+02     -1.062e+01     
 -4.362e+01     -1.062e+01     -1.262e+02     
 TOTAL-PRESSURE: -8.273e+01 KBAR
 ------------------------------------------------------------------------------------------------
 Energy              Potential           Kinetic             Temperature         Pressure (KBAR)     
 -3.472e+02          -3.473e+02          7.374e-02           2.186e+02           -8.007e+01          
 ------------------------------------------------------------------------------------------------
 -------------------------------------------
 STEP OF MOLECULAR DYNAMICS : 9
 -------------------------------------------
 DONE(1.186e+04  SEC) : INIT SCF
 ITER   ETOT(eV)       EDIFF(eV)      DRHO       TIME(s)    
 GE1    -9.449418e+03  0.000000e+00   3.343e-03  1.078e+02  
 GE2    -9.449414e+03  3.895670e-03   2.120e-03  1.026e+02  
 GE3    -9.449426e+03  -1.194469e-02  1.895e-03  1.024e+02  
 GE4    -9.449435e+03  -8.999255e-03  4.162e-04  1.020e+02  
 GE5    -9.449435e+03  -2.899557e-04  2.348e-04  1.016e+02  
 GE6    -9.449435e+03  -1.610185e-04  1.320e-04  9.920e+01  
 GE7    -9.449435e+03  -5.503706e-05  5.619e-05  1.001e+02  
 GE8    -9.449435e+03  -1.162975e-05  1.471e-05  1.017e+02  
 GE9    -9.449435e+03  -6.810294e-07  5.215e-06  1.016e+02  
 GE10   -9.449435e+03  -7.690788e-08  1.882e-06  1.016e+02  
 GE11   -9.449435e+03  -1.139983e-08  1.290e-06  1.013e+02  
 GE12   -9.449435e+03  -3.430778e-09  5.134e-07  1.013e+02  
 ><><><><><><><><><><><><><><><><><><><><><><
 TOTAL-STRESS (KBAR):
 ><><><><><><><><><><><><><><><><><><><><><><
 5.666e-01      4.258e+01      -4.414e+01     
 4.258e+01      -1.228e+02     -1.045e+01     
 -4.414e+01     -1.045e+01     -1.255e+02     
 TOTAL-PRESSURE: -8.257e+01 KBAR
 ------------------------------------------------------------------------------------------------
 Energy              Potential           Kinetic             Temperature         Pressure (KBAR)     
 -3.472e+02          -3.473e+02          7.617e-02           2.258e+02           -7.983e+01          
 ------------------------------------------------------------------------------------------------
 -------------------------------------------
 STEP OF MOLECULAR DYNAMICS : 10
 -------------------------------------------
 DONE(1.318e+04  SEC) : INIT SCF
 ITER   ETOT(eV)       EDIFF(eV)      DRHO       TIME(s)    
 GE1    -9.449416e+03  0.000000e+00   3.425e-03  1.069e+02  
 GE2    -9.449412e+03  3.611065e-03   2.030e-03  1.017e+02  
 GE3    -9.449422e+03  -9.789475e-03  1.858e-03  1.018e+02  
 GE4    -9.449432e+03  -9.710919e-03  4.966e-04  1.017e+02  
 GE5    -9.449432e+03  -6.033717e-04  4.034e-04  1.013e+02  
 GE6    -9.449433e+03  -5.843157e-04  1.485e-04  1.001e+02  
 GE7    -9.449433e+03  -7.170899e-05  6.361e-05  1.007e+02  
 GE8    -9.449433e+03  -1.255801e-05  1.156e-05  1.009e+02  
 GE9    -9.449433e+03  -2.979827e-07  7.712e-06  1.028e+02  
 GE10   -9.449433e+03  -2.172480e-07  3.225e-06  1.023e+02  
 GE11   -9.449433e+03  -4.105177e-08  1.292e-06  1.019e+02  
 GE12   -9.449433e+03  -4.205719e-09  3.884e-07  1.016e+02  
 ><><><><><><><><><><><><><><><><><><><><><><
 TOTAL-STRESS (KBAR):
 ><><><><><><><><><><><><><><><><><><><><><><
 -1.954e+00     4.143e+01      -4.357e+01     
 4.143e+01      -1.218e+02     -1.041e+01     
 -4.357e+01     -1.041e+01     -1.250e+02     
 TOTAL-PRESSURE: -8.291e+01 KBAR
 ------------------------------------------------------------------------------------------------
 Energy              Potential           Kinetic             Temperature         Pressure (KBAR)     
 -3.472e+02          -3.473e+02          1.049e-01           3.109e+02           -7.913e+01          
 ------------------------------------------------------------------------------------------------

  |CLASS_NAME---------|NAME---------------|TIME(Sec)-----|CALLS----|AVG------|PER%-------
                       total               14497          27        5.4e+02   1e+02     %
   Driver              driver_line         14497          1         1.4e+04   1e+02     %
   PW_Basis            setup_struc_factor  1.2719         11        0.12      0.0088    %
   ORB_control         read_orb_first      0.17662        1         0.18      0.0012    %
   LCAO_Orbitals       Read_Orbitals       0.17661        1         0.18      0.0012    %
   NOrbital_Lm         extra_uniform       0.10376        16        0.0065    0.00072   %
   ORB_control         set_orb_tables      7.6199         1         7.6       0.053     %
   ORB_gen_tables      gen_tables          7.6199         1         7.6       0.053     %
   ORB_table_phi       init_Table          6.0124         1         6         0.041     %
   ORB_table_phi       cal_ST_Phi12_R      5.9826         558       0.011     0.041     %
   ORB_table_beta      init_Table_Beta     1.4102         1         1.4       0.0097    %
   ORB_table_beta      VNL_PhiBeta_R       1.4037         168       0.0084    0.0097    %
   ppcell_vl           init_vloc           0.27004        1         0.27      0.0019    %
   Run_MD              md_line             14489          1         1.4e+04   1e+02     %
   Langevin            setup               2037.7         1         2e+03     14        %
   MD_func             force_stress        14488          11        1.3e+03   1e+02     %
   ESolver_KS_LCAO     Run                 13481          11        1.2e+03   93        %
   ESolver_KS_LCAO     beforescf           26.348         11        2.4       0.18      %
   ESolver_KS_LCAO     beforesolver        9.3197         11        0.85      0.064     %
   ESolver_KS_LCAO     set_matrix_grid     5.7314         11        0.52      0.04      %
   Grid_Technique      init                3.344          11        0.3       0.023     %
   Grid_BigCell        grid_expansion_index0.91807        22        0.042     0.0063    %
   Record_adj          for_2d              2.0189         11        0.18      0.014     %
   Grid_Driver         Find_atom           17.65          715176    2.5e-05   0.12      %
   Charge              atomic_rho          14.699         21        0.7       0.1       %
   PW_Basis            recip2real          3.3601         780       0.0043    0.023     %
   PW_Basis            gathers_scatterp    1.595          780       0.002     0.011     %
   Potential           init_pot            1.0761         11        0.098     0.0074    %
   Potential           update_from_charge  13.073         143       0.091     0.09      %
   Potential           cal_v_eff           13.013         143       0.091     0.09      %
   H_Hartree_pw        v_hartree           1.5376         143       0.011     0.011     %
   PW_Basis            real2recip          4.4231         1188      0.0037    0.031     %
   PW_Basis            gatherp_scatters    1.8169         1188      0.0015    0.013     %
   PotXC               cal_v_eff           11.378         143       0.08      0.078     %
   XC_Functional       v_xc                11.312         143       0.079     0.078     %
   HSolverLCAO         solve               13429          132       1e+02     93        %
   HamiltLCAO          updateHk            4789.5         4752      1         33        %
   OperatorLCAO        init                4151.3         9504      0.44      29        %
   Veff                contributeHk        4148.1         4752      0.87      29        %
   Gint_interface      cal_gint            6423.4         275       23        44        %
   Gint_interface      cal_gint_vlocal     3193           132       24        22        %
   Gint_k              folding_vl_k        955.05         4752      0.2       6.6       %
   Gint_k              Distri              653.27         4752      0.14      4.5       %
   Overlap             contributeHR        4.3494         11        0.4       0.03      %
   LCAO_gen_fixedH     calculate_S_no      4.3494         11        0.4       0.03      %
   Ekinetic<OperatorLCAO>contributeHR        4.3979         11        0.4       0.03      %
   Nonlocal<OperatorLCAO>contributeHR        44.108         11        4         0.3       %
   LCAO_gen_fixedH     build_Nonlocal_mu_new140.6          22        6.4       0.97      %
   ORB_gen_tables      snap_psibeta_half   3.2227         1170645   2.8e-06   0.022     %
   OperatorLCAO        folding_fixed       585.39         4752      0.12      4         %
   LCAO_nnr            folding_fixedH      576.62         4752      0.12      4         %
   HSolverLCAO         hamiltSolvePsiK     2129.6         4752      0.45      15        %
   DiagoElpa           elpa_solve          2111           4752      0.44      15        %
   ElecStateLCAO       psiToRho            6509.9         132       49        45        %
   elecstate           cal_dm              301.13         143       2.1       2.1       %
   psiMulPsiMpi        pdgemm              294.37         5148      0.057     2         %
    Local_Orbital_wfc  wfc_2d_to_grid      38.19          4752      0.008     0.26      %
   LCAO_Charge         cal_dk_k            3472.2         132       26        24        %
   Record_adj          for_grid            0.67223        132       0.0051    0.0046    %
   Gint_interface      cal_gint_rho        2694.5         132       20        19        %
   Charge              mix_rho             1.8747         121       0.015     0.013     %
   Force_Stress_LCAO   getForceStress      1007.6         11        92        7         %
   Forces              cal_force_loc       1.0069         11        0.092     0.0069    %
   Forces              cal_force_ew        0.96615        11        0.088     0.0067    %
   Forces              cal_force_scc       8.2546         11        0.75      0.057     %
   Stress_Func         stress_loc          6.9623         11        0.63      0.048     %
   Stress_Func         stress_ewa          0.43168        11        0.039     0.003     %
   Stress_Func         stress_gga          0.5181         11        0.047     0.0036    %
   Force_LCAO_k        ftable_k            989.41         11        90        6.8       %
   Force_LCAO_k        allocate_k          126.06         11        11        0.87      %
   Force_LCAO_k        cal_foverlap_k      36.381         11        3.3       0.25      %
   Force_LCAO_k        cal_edm_2d          35.442         11        3.2       0.24      %
   Local_Orbital_Chargecal_dm_R            12.036         22        0.55      0.083     %
   Force_LCAO_k        cal_ftvnl_dphi_k    0.30679        11        0.028     0.0021    %
   Force_LCAO_k        cal_fvl_dphi_k      535.86         11        49        3.7       %
   Gint_interface      cal_gint_force      535.86         11        49        3.7       %
   Force_LCAO_k        cal_fvnl_dbeta_k_new252.48         11        23        1.7       %
 ----------------------------------------------------------------------------------------

 START  Time  : Mon May 22 14:16:29 2023
 FINISH Time  : Mon May 22 18:18:07 2023
 TOTAL  Time  : 1.4e+04
 SEE INFORMATION IN : OUT.ABACUS/
