 In SCAN_BEGIN, can't find: LATTICE_PARAMETERS block.
 In SCAN_BEGIN, can't find: <PP_MESH block.
 In SCAN_BEGIN, can't find: <PP_MESH block.
 AUTO_SET NBANDS to 0
 AUTO_SET NBANDS to 154
 cpu 2D distribution : 4*4
 but, the number of bands-row-block is 3
      Processor           Atom
              1             54
              2             54
              3             54
              4             54
              5             54
              6             54
              7             54
              8             54
              9             53
             10             54
             11             54
             12             54
             13             54
             14             54
             15             54
             16             54
                            startmag_type = 2
                       charge from rho_at = 3.95377
                         charge should be = 4
                            startmag_type = 2
                       charge from rho_at = 3.99303
                         charge should be = 4

 SETUP ATOMIC RHO FOR SPIN 1
                 Electron number from rho = 256
           total electron number from rho = 256
                                should be = 256
                 charge before normalized = 256
                  charge after normalized = 256
                 charge before normalized = 256.000097595597
                  charge after normalized = 256
                 charge before normalized = 256.000146314084
                  charge after normalized = 256
                 charge before normalized = 256.000118996489
                  charge after normalized = 256
                 charge before normalized = 256.000119270124
                  charge after normalized = 256
                 charge before normalized = 256.000119356226
                  charge after normalized = 256
                 charge before normalized = 256.000119368438
                  charge after normalized = 256
                 charge before normalized = 256.000119370638
                  charge after normalized = 256
                 charge before normalized = 256.000119370396
                  charge after normalized = 256
                            startmag_type = 2
                       charge from rho_at = 3.95377434289291
                         charge should be = 4
                            startmag_type = 2
                       charge from rho_at = 3.99303358802097
                         charge should be = 4

 SETUP ATOMIC RHO FOR SPIN 1
                 Electron number from rho = 256
           total electron number from rho = 256
                                should be = 256
                            startmag_type = 2
                       charge from rho_at = 3.95377434289291
                         charge should be = 4
                            startmag_type = 2
                       charge from rho_at = 3.99303358802097
                         charge should be = 4

 SETUP ATOMIC RHO FOR SPIN 1
                 Electron number from rho = 256
           total electron number from rho = 256
                                should be = 256
      Processor           Atom
              1             57
              2             54
              3             58
              4             62
              5             54
              6             54
              7             58
              8             58
              9             54
             10             54
             11             58
             12             64
             13             58
             14             54
             15             54
             16             57
                 charge before normalized = 256
                  charge after normalized = 256
                 charge before normalized = 256.000119109629
                  charge after normalized = 256
                 charge before normalized = 256.000119109753
                  charge after normalized = 256
                 charge before normalized = 256.000119109633
                  charge after normalized = 256
                 charge before normalized = 256.000119109653
                  charge after normalized = 256
                 charge before normalized = 256.000119109661
                  charge after normalized = 256
                 charge before normalized = 256.00011910966
                  charge after normalized = 256
                 charge before normalized = 256.000119109657
                  charge after normalized = 256
                 charge before normalized = 256.000119109657
                  charge after normalized = 256
                            startmag_type = 2
                       charge from rho_at = 3.95377434289291
                         charge should be = 4
                            startmag_type = 2
                       charge from rho_at = 3.99303358802097
                         charge should be = 4

 SETUP ATOMIC RHO FOR SPIN 1
                 Electron number from rho = 256
           total electron number from rho = 256
                                should be = 256
                            startmag_type = 2
                       charge from rho_at = 3.95377434289291
                         charge should be = 4
                            startmag_type = 2
                       charge from rho_at = 3.99303358802097
                         charge should be = 4

 SETUP ATOMIC RHO FOR SPIN 1
                 Electron number from rho = 256
           total electron number from rho = 256
                                should be = 256
      Processor           Atom
              1             57
              2             54
              3             56
              4             58
              5             54
              6             54
              7             58
              8             58
              9             54
             10             54
             11             56
             12             58
             13             56
             14             54
             15             54
             16             57
                 charge before normalized = 256
                  charge after normalized = 256
                 charge before normalized = 256.00011892413
                  charge after normalized = 256
                 charge before normalized = 256.000118925265
                  charge after normalized = 256
                 charge before normalized = 256.000118924
                  charge after normalized = 256
                 charge before normalized = 256.000118923831
                  charge after normalized = 256
                 charge before normalized = 256.00011892407
                  charge after normalized = 256
                 charge before normalized = 256.000118924081
                  charge after normalized = 256
                 charge before normalized = 256.000118924019
                  charge after normalized = 256
                 charge before normalized = 256.000118924018
                  charge after normalized = 256
                 charge before normalized = 256.000118924024
                  charge after normalized = 256
                            startmag_type = 2
                       charge from rho_at = 3.95377434289291
                         charge should be = 4
                            startmag_type = 2
                       charge from rho_at = 3.99303358802097
                         charge should be = 4

 SETUP ATOMIC RHO FOR SPIN 1
                 Electron number from rho = 256
           total electron number from rho = 256
                                should be = 256
                            startmag_type = 2
                       charge from rho_at = 3.95377434289291
                         charge should be = 4
                            startmag_type = 2
                       charge from rho_at = 3.99303358802097
                         charge should be = 4

 SETUP ATOMIC RHO FOR SPIN 1
                 Electron number from rho = 256
           total electron number from rho = 256
                                should be = 256
      Processor           Atom
              1             57
              2             54
              3             58
              4             58
              5             54
              6             54
              7             58
              8             58
              9             54
             10             54
             11             58
             12             58
             13             58
             14             54
             15             54
             16             57
                 charge before normalized = 256
                  charge after normalized = 256
                 charge before normalized = 256.000119000838
                  charge after normalized = 256
                 charge before normalized = 256.000119002447
                  charge after normalized = 256
                 charge before normalized = 256.000119000232
                  charge after normalized = 256
                 charge before normalized = 256.00011900041
                  charge after normalized = 256
                 charge before normalized = 256.000119000679
                  charge after normalized = 256
                 charge before normalized = 256.000119000763
                  charge after normalized = 256
                 charge before normalized = 256.000119000623
                  charge after normalized = 256
                 charge before normalized = 256.000119000631
                  charge after normalized = 256
                 charge before normalized = 256.000119000644
                  charge after normalized = 256
                 charge before normalized = 256.000119000642
                  charge after normalized = 256
                            startmag_type = 2
                       charge from rho_at = 3.95377434289291
                         charge should be = 4
                            startmag_type = 2
                       charge from rho_at = 3.99303358802097
                         charge should be = 4

 SETUP ATOMIC RHO FOR SPIN 1
                 Electron number from rho = 256
           total electron number from rho = 256
                                should be = 256
                            startmag_type = 2
                       charge from rho_at = 3.95377434289291
                         charge should be = 4
                            startmag_type = 2
                       charge from rho_at = 3.99303358802097
                         charge should be = 4

 SETUP ATOMIC RHO FOR SPIN 1
                 Electron number from rho = 256
           total electron number from rho = 256
                                should be = 256
      Processor           Atom
              1             56
              2             54
              3             58
              4             62
              5             54
              6             54
              7             57
              8             57
              9             54
             10             54
             11             56
             12             56
             13             56
             14             54
             15             54
             16             57
                 charge before normalized = 256
                  charge after normalized = 256
                 charge before normalized = 256.000119009481
                  charge after normalized = 256
                 charge before normalized = 256.000119013321
                  charge after normalized = 256
                 charge before normalized = 256.000119009001
                  charge after normalized = 256
                 charge before normalized = 256.000119008462
                  charge after normalized = 256
                 charge before normalized = 256.000119009349
                  charge after normalized = 256
                 charge before normalized = 256.000119009354
                  charge after normalized = 256
                 charge before normalized = 256.000119009145
                  charge after normalized = 256
                 charge before normalized = 256.000119009165
                  charge after normalized = 256
                 charge before normalized = 256.000119009184
                  charge after normalized = 256
                 charge before normalized = 256.000119009182
                  charge after normalized = 256
                 charge before normalized = 256.00011900918
                  charge after normalized = 256
                            startmag_type = 2
                       charge from rho_at = 3.95377434289291
                         charge should be = 4
                            startmag_type = 2
                       charge from rho_at = 3.99303358802097
                         charge should be = 4

 SETUP ATOMIC RHO FOR SPIN 1
                 Electron number from rho = 256
           total electron number from rho = 256
                                should be = 256
                            startmag_type = 2
                       charge from rho_at = 3.95377434289291
                         charge should be = 4
                            startmag_type = 2
                       charge from rho_at = 3.99303358802097
                         charge should be = 4

 SETUP ATOMIC RHO FOR SPIN 1
                 Electron number from rho = 256
           total electron number from rho = 256
                                should be = 256
      Processor           Atom
              1             57
              2             54
              3             56
              4             58
              5             54
              6             54
              7             57
              8             58
              9             54
             10             54
             11             56
             12             58
             13             56
             14             54
             15             54
             16             57
                 charge before normalized = 256
                  charge after normalized = 256
                 charge before normalized = 256.000119000278
                  charge after normalized = 256
                 charge before normalized = 256.000119003571
                  charge after normalized = 256
                 charge before normalized = 256.000118999695
                  charge after normalized = 256
                 charge before normalized = 256.000118999565
                  charge after normalized = 256
                 charge before normalized = 256.000119000541
                  charge after normalized = 256
                 charge before normalized = 256.000119000205
                  charge after normalized = 256
                 charge before normalized = 256.000119000139
                  charge after normalized = 256
                 charge before normalized = 256.000119000119
                  charge after normalized = 256
                 charge before normalized = 256.000119000136
                  charge after normalized = 256
                 charge before normalized = 256.000119000138
                  charge after normalized = 256
                 charge before normalized = 256.000119000137
                  charge after normalized = 256
                            startmag_type = 2
                       charge from rho_at = 3.95377434289291
                         charge should be = 4
                            startmag_type = 2
                       charge from rho_at = 3.99303358802097
                         charge should be = 4

 SETUP ATOMIC RHO FOR SPIN 1
                 Electron number from rho = 256
           total electron number from rho = 256
                                should be = 256
                            startmag_type = 2
                       charge from rho_at = 3.95377434289291
                         charge should be = 4
                            startmag_type = 2
                       charge from rho_at = 3.99303358802097
                         charge should be = 4

 SETUP ATOMIC RHO FOR SPIN 1
                 Electron number from rho = 256
           total electron number from rho = 256
                                should be = 256
      Processor           Atom
              1             57
              2             54
              3             56
              4             60
              5             54
              6             54
              7             58
              8             57
              9             54
             10             54
             11             58
             12             58
             13             58
             14             54
             15             54
             16             57
                 charge before normalized = 256
                  charge after normalized = 256
                 charge before normalized = 256.000118962483
                  charge after normalized = 256
                 charge before normalized = 256.00011896815
                  charge after normalized = 256
                 charge before normalized = 256.000118962998
                  charge after normalized = 256
                 charge before normalized = 256.000118960826
                  charge after normalized = 256
                 charge before normalized = 256.00011896207
                  charge after normalized = 256
                 charge before normalized = 256.000118962236
                  charge after normalized = 256
                 charge before normalized = 256.000118961913
                  charge after normalized = 256
                 charge before normalized = 256.000118961935
                  charge after normalized = 256
                 charge before normalized = 256.000118961966
                  charge after normalized = 256
                 charge before normalized = 256.000118961966
                  charge after normalized = 256
                 charge before normalized = 256.000118961962
                  charge after normalized = 256
                            startmag_type = 2
                       charge from rho_at = 3.95377434289291
                         charge should be = 4
                            startmag_type = 2
                       charge from rho_at = 3.99303358802097
                         charge should be = 4

 SETUP ATOMIC RHO FOR SPIN 1
                 Electron number from rho = 256
           total electron number from rho = 256
                                should be = 256
                            startmag_type = 2
                       charge from rho_at = 3.95377434289291
                         charge should be = 4
                            startmag_type = 2
                       charge from rho_at = 3.99303358802097
                         charge should be = 4

 SETUP ATOMIC RHO FOR SPIN 1
                 Electron number from rho = 256
           total electron number from rho = 256
                                should be = 256
      Processor           Atom
              1             58
              2             54
              3             56
              4             57
              5             54
              6             54
              7             57
              8             59
              9             54
             10             54
             11             56
             12             58
             13             56
             14             54
             15             54
             16             57
                 charge before normalized = 256
                  charge after normalized = 256
                 charge before normalized = 256.000119003445
                  charge after normalized = 256
                 charge before normalized = 256.00011901229
                  charge after normalized = 256
                 charge before normalized = 256.000119002319
                  charge after normalized = 256
                 charge before normalized = 256.000119003154
                  charge after normalized = 256
                 charge before normalized = 256.000119003764
                  charge after normalized = 256
                 charge before normalized = 256.000119004215
                  charge after normalized = 256
                 charge before normalized = 256.000119003815
                  charge after normalized = 256
                 charge before normalized = 256.000119003822
                  charge after normalized = 256
                 charge before normalized = 256.00011900384
                  charge after normalized = 256
                 charge before normalized = 256.000119003846
                  charge after normalized = 256
                 charge before normalized = 256.000119003843
                  charge after normalized = 256
                            startmag_type = 2
                       charge from rho_at = 3.95377434289291
                         charge should be = 4
                            startmag_type = 2
                       charge from rho_at = 3.99303358802097
                         charge should be = 4

 SETUP ATOMIC RHO FOR SPIN 1
                 Electron number from rho = 256
           total electron number from rho = 256
                                should be = 256
                            startmag_type = 2
                       charge from rho_at = 3.95377434289291
                         charge should be = 4
                            startmag_type = 2
                       charge from rho_at = 3.99303358802097
                         charge should be = 4

 SETUP ATOMIC RHO FOR SPIN 1
                 Electron number from rho = 256
           total electron number from rho = 256
                                should be = 256
      Processor           Atom
              1             58
              2             54
              3             58
              4             62
              5             54
              6             54
              7             56
              8             58
              9             54
             10             54
             11             56
             12             60
             13             56
             14             54
             15             54
             16             58
                 charge before normalized = 256
                  charge after normalized = 256
                 charge before normalized = 256.00011903141
                  charge after normalized = 256
                 charge before normalized = 256.000119037922
                  charge after normalized = 256
                 charge before normalized = 256.00011902554
                  charge after normalized = 256
                 charge before normalized = 256.000119027434
                  charge after normalized = 256
                 charge before normalized = 256.000119028972
                  charge after normalized = 256
                 charge before normalized = 256.00011902864
                  charge after normalized = 256
                 charge before normalized = 256.000119028239
                  charge after normalized = 256
                 charge before normalized = 256.000119028242
                  charge after normalized = 256
                 charge before normalized = 256.00011902828
                  charge after normalized = 256
                 charge before normalized = 256.00011902828
                  charge after normalized = 256
                 charge before normalized = 256.000119028276
                  charge after normalized = 256
                            startmag_type = 2
                       charge from rho_at = 3.95377434289291
                         charge should be = 4
                            startmag_type = 2
                       charge from rho_at = 3.99303358802097
                         charge should be = 4

 SETUP ATOMIC RHO FOR SPIN 1
                 Electron number from rho = 256
           total electron number from rho = 256
                                should be = 256
                            startmag_type = 2
                       charge from rho_at = 3.95377434289291
                         charge should be = 4
                            startmag_type = 2
                       charge from rho_at = 3.99303358802097
                         charge should be = 4

 SETUP ATOMIC RHO FOR SPIN 1
                 Electron number from rho = 256
           total electron number from rho = 256
                                should be = 256
      Processor           Atom
              1             56
              2             54
              3             56
              4             58
              5             54
              6             54
              7             57
              8             57
              9             54
             10             54
             11             56
             12             56
             13             56
             14             54
             15             54
             16             57
                 charge before normalized = 256
                  charge after normalized = 256
                 charge before normalized = 256.00011903031
                  charge after normalized = 256
                 charge before normalized = 256.000119049288
                  charge after normalized = 256
                 charge before normalized = 256.000119020673
                  charge after normalized = 256
                 charge before normalized = 256.000119028255
                  charge after normalized = 256
                 charge before normalized = 256.000119030037
                  charge after normalized = 256
                 charge before normalized = 256.000119030074
                  charge after normalized = 256
                 charge before normalized = 256.000119029308
                  charge after normalized = 256
                 charge before normalized = 256.000119029399
                  charge after normalized = 256
                 charge before normalized = 256.000119029435
                  charge after normalized = 256
                 charge before normalized = 256.000119029453
                  charge after normalized = 256
                 charge before normalized = 256.000119029441
                  charge after normalized = 256
                            startmag_type = 2
                       charge from rho_at = 3.95377434289291
                         charge should be = 4
                            startmag_type = 2
                       charge from rho_at = 3.99303358802097
                         charge should be = 4

 SETUP ATOMIC RHO FOR SPIN 1
                 Electron number from rho = 256
           total electron number from rho = 256
                                should be = 256
                            startmag_type = 2
                       charge from rho_at = 3.95377434289291
                         charge should be = 4
                            startmag_type = 2
                       charge from rho_at = 3.99303358802097
                         charge should be = 4

 SETUP ATOMIC RHO FOR SPIN 1
                 Electron number from rho = 256
           total electron number from rho = 256
                                should be = 256
      Processor           Atom
              1             56
              2             54
              3             56
              4             60
              5             54
              6             54
              7             57
              8             58
              9             54
             10             54
             11             56
             12             60
             13             56
             14             54
             15             54
             16             58
                 charge before normalized = 256
                  charge after normalized = 256
                 charge before normalized = 256.000119053808
                  charge after normalized = 256
                 charge before normalized = 256.000119061003
                  charge after normalized = 256
                 charge before normalized = 256.000119044023
                  charge after normalized = 256
                 charge before normalized = 256.000119049187
                  charge after normalized = 256
                 charge before normalized = 256.000119049144
                  charge after normalized = 256
                 charge before normalized = 256.000119050159
                  charge after normalized = 256
                 charge before normalized = 256.000119049226
                  charge after normalized = 256
                 charge before normalized = 256.000119049301
                  charge after normalized = 256
                 charge before normalized = 256.000119049331
                  charge after normalized = 256
                 charge before normalized = 256.000119049339
                  charge after normalized = 256
                 charge before normalized = 256.00011904933
                  charge after normalized = 256
