                                                                                     
                              ABACUS v3.9.0.25

               Atomic-orbital Based Ab-initio Computation at UStc                    

                     Website: http://abacus.ustc.edu.cn/                             
               Documentation: https://abacus.deepmodeling.com/                       
                  Repository: https://github.com/abacusmodeling/abacus-develop       
                              https://github.com/deepmodeling/abacus-develop         
                      Commit: 5d834e975 (Mon Mar 9 11:19:58 2026 +0800)

    Start Time is Thu Mar 19 15:44:17 2026
                                                                                     
 ------------------------------------------------------------------------------------

 READING GENERAL INFORMATION
                           global_out_dir = OUT.ABACUS/
                           global_in_card = INPUT
                               pseudo_dir = 
                              orbital_dir = 
                                    DRANK = 1
                                    DSIZE = 8
                                   DCOLOR = 1
                                    GRANK = 1
                                    GSIZE = 1


 >>>>>>>>>>>>>>>>>>>>>>>>>>>>>>>>>>>>>>>>>>>>>>>>>>>>>>>>>>>>>>>>>>>>>>
 |                                                                    |
 |                        #Setup Unitcell#                            |
 | From the input file and the structure file we know the number of   |
 | different elments in this unitcell, then we list the detail        |
 | information for each element, especially the zeta and polar atomic |
 | orbital number for each element. The total atom number is counted. |
 | We calculate the nearest atom distance for each atom and show the  |
 | Cartesian and Direct coordinates for each atom. We list the file   |
 | address for atomic orbitals. The volume and the lattice vectors    |
 | in real and reciprocal space is also shown.                        |
 |                                                                    |
 <<<<<<<<<<<<<<<<<<<<<<<<<<<<<<<<<<<<<<<<<<<<<<<<<<<<<<<<<<<<<<<<<<<<<<

 READING UNITCELL INFORMATION
                       Number of elements = 2
                  Lattice constant (Bohr) = 1.88972
              Lattice constant (Angstrom) = 0.999994

 READING ATOM TYPE 1
                               Atom label = H
                      L=0, number of zeta = 1
                      L=1, number of zeta = 1
                      L=2, number of zeta = 1
            Number of atoms for this type = 64

 READING ATOM TYPE 2
                               Atom label = O
                      L=0, number of zeta = 1
                      L=1, number of zeta = 1
                      L=2, number of zeta = 1
            Number of atoms for this type = 32

                        TOTAL ATOM NUMBER = 96

 CARTESIAN COORDINATES ( UNIT =      1.88971600 Bohr )
 atom                  x                  y                  z     mag
    H     8.259999999997     0.403999999993     0.945000000000  0.0000
    H     8.630000000000     1.700000000000     1.570000000001  0.0000
    H     3.940000000008     6.660000000005     0.139999999996  0.0000
    H     4.770000000005     6.090000000005     1.420000000008  0.0000
    H     1.500000000003     2.380000000004     6.020000000007  0.0000
    H     1.539999999992     2.979999999994     4.549999999996  0.0000
    H     1.269999999997     4.090000000001     2.149999999998  0.0000
    H     0.076300000009     4.049999999995     3.320000000005  0.0000
    H     8.699999999998     9.630000000002     5.030000000002  0.0000
    H     7.110000000002     9.829999999999     4.820000000008  0.0000
    H     0.822999999999     3.640000000004     0.109000000005  0.0000
    H     1.899999999997     2.560000000006     0.408999999991  0.0000
    H     7.379999999997     5.419999999999     5.989999999998  0.0000
    H     8.370000000002     5.179999999996     7.150000000008  0.0000
    H     5.960000000007     0.121000000001     3.029999999998  0.0000
    H     5.580000000007     1.300000000006     4.030000000000  0.0000
    H     2.729999999994     5.900000000006     8.089999999992  0.0000
    H     2.380000000004     7.470000000007     8.709999999995  0.0000
    H     6.249999999996     8.199999999996     0.505000000000  0.0000
    H     7.769999999993     8.440000000000     0.000000000000  0.0000
    H     3.330000000002     6.040000000002     4.390000000005  0.0000
    H     1.890000000000     5.439999999993     4.179999999993  0.0000
    H     1.760000000001     9.130000000001     4.119999999993  0.0000
    H     2.940000000006     8.500000000001     4.830000000006  0.0000
    H     6.889999999993     1.589999999996     9.420000000008  0.0000
    H     6.929999999999     1.990000000007     7.930000000002  0.0000
    H     9.800000000007     7.300000000002     2.229999999993  0.0000
    H     1.420000000008     7.829999999994     2.580000000001  0.0000
    H     6.030000000005     7.119999999999     5.150000000004  0.0000
    H     7.430000000000     7.709999999992     5.040000000000  0.0000
    H     3.700000000005     0.408999999991     0.694999999999  0.0000
    H     3.869999999992     1.820000000002     0.140999999996  0.0000
    H     4.229999999997     7.280000000007     6.489999999999  0.0000
    H     4.749999999992     8.690000000000     6.499999999996  0.0000
    H     5.790000000001     0.545000000006     8.339999999992  0.0000
    H     4.320000000007     0.000000000000     8.459999999994  0.0000
    H     9.539999999991     8.750000000001     8.569999999999  0.0000
    H     8.399999999993     9.110000000006     7.449999999995  0.0000
    H     8.500000000001     4.989999999996     1.570000000001  0.0000
    H     7.939999999999     3.760000000005     0.731000000007  0.0000
    H     5.299999999997     3.159999999997     6.780000000006  0.0000
    H     6.499999999996     4.000000000009     7.350000000005  0.0000
    H     1.500000000003     9.579999999998     9.360000000007  0.0000
    H     0.988000000006     8.399999999993     0.519999999995  0.0000
    H     9.449999999999     6.579999999991     8.279999999992  0.0000
    H     9.120000000003     5.319999999992     9.230000000008  0.0000
    H     7.899999999992     2.500000000005     4.090000000001  0.0000
    H     8.079999999995     3.820000000006     4.989999999996  0.0000
    H     9.469999999993     2.859999999993     7.930000000002  0.0000
    H     9.810000000004     1.469999999994     8.009999999997  0.0000
    H     7.629999999997     6.689999999996     3.419999999995  0.0000
    H     7.649999999992     7.319999999996     2.010000000002  0.0000
    H     0.000000000000     0.442000000000     3.130000000005  0.0000
    H     0.634999999999     1.120000000004     4.349999999999  0.0000
    H     4.830000000006     1.070000000000     6.299999999999  0.0000
    H     3.650000000001     1.890000000000     5.559999999995  0.0000
    H     3.529999999999     4.220000000000     0.064000000000  0.0000
    H     4.780000000002     3.989999999994     9.110000000006  0.0000
    H     6.020000000007     1.789999999992     1.760000000001  0.0000
    H     5.910000000003     3.190000000006     0.863000000005  0.0000
    H     3.750000000008     9.279999999994     2.799999999992  0.0000
    H     4.460000000003     8.389999999996     1.670000000009  0.0000
    H     1.289999999991     4.720000000001     7.850000000006  0.0000
    H     1.990000000007     4.840000000003     6.509999999993  0.0000
    O     8.969999999992     0.814000000001     1.479999999991  0.0000
    O     4.470000000000     6.949999999994     0.905999999993  0.0000
    O     1.890000000000     2.229999999993     5.140000000007  0.0000
    O     1.079999999997     4.200000000006     3.130000000005  0.0000
    O     7.790000000006     9.360000000007     5.340000000004  0.0000
    O     1.589999999996     3.429999999992     0.646999999995  0.0000
    O     7.769999999993     4.700000000007     6.540000000003  0.0000
    O     6.280000000005     0.932000000004     3.409999999997  0.0000
    O     3.049999999992     6.699999999993     8.690000000000  0.0000
    O     7.160000000006     8.410000000008     0.767999999997  0.0000
    O     2.560000000006     5.730000000000     4.859999999997  0.0000
    O     2.589999999998     8.699999999998     3.909999999999  0.0000
    O     7.269999999992     1.339999999995     8.569999999999  0.0000
    O     0.750000000002     7.730000000005     1.839999999996  0.0000
    O     6.949999999994     6.809999999998     4.970000000002  0.0000
    O     3.250000000007     1.060000000003     0.053599999992  0.0000
    O     4.460000000003     8.009999999997     5.869999999996  0.0000
    O     5.070000000009     0.188000000000     7.839999999991  0.0000
    O     8.620000000002     8.509999999998     8.220000000009  0.0000
    O     8.630000000000     4.470000000000     0.737000000005  0.0000
    O     5.689999999994     3.469999999998     7.579999999994  0.0000
    O     1.159999999992     8.649999999994     9.389999999998  0.0000
    O     9.500000000003     5.640000000008     8.379999999999  0.0000
    O     8.329999999995     3.299999999993     4.190000000008  0.0000
    O     0.354000000007     2.279999999996     7.889999999995  0.0000
    O     8.050000000003     6.590000000007     2.549999999991  0.0000
    O     0.190999999999     0.246000000002     4.070000000007  0.0000
    O     4.619999999994     1.690000000003     5.580000000007  0.0000
    O     4.510000000007     4.280000000001     0.091899999994  0.0000
    O     6.340000000006     2.310000000006     0.984000000007  0.0000
    O     4.419999999997     9.259999999999     2.080000000000  0.0000
    O     2.120000000006     4.489999999995     7.389999999994  0.0000

 ATOMIC VELOCITIES
 atom                 vx                 vy                 vz
    H                  0                  0                  0
    H                  0                  0                  0
    H                  0                  0                  0
    H                  0                  0                  0
    H                  0                  0                  0
    H                  0                  0                  0
    H                  0                  0                  0
    H                  0                  0                  0
    H                  0                  0                  0
    H                  0                  0                  0
    H                  0                  0                  0
    H                  0                  0                  0
    H                  0                  0                  0
    H                  0                  0                  0
    H                  0                  0                  0
    H                  0                  0                  0
    H                  0                  0                  0
    H                  0                  0                  0
    H                  0                  0                  0
    H                  0                  0                  0
    H                  0                  0                  0
    H                  0                  0                  0
    H                  0                  0                  0
    H                  0                  0                  0
    H                  0                  0                  0
    H                  0                  0                  0
    H                  0                  0                  0
    H                  0                  0                  0
    H                  0                  0                  0
    H                  0                  0                  0
    H                  0                  0                  0
    H                  0                  0                  0
    H                  0                  0                  0
    H                  0                  0                  0
    H                  0                  0                  0
    H                  0                  0                  0
    H                  0                  0                  0
    H                  0                  0                  0
    H                  0                  0                  0
    H                  0                  0                  0
    H                  0                  0                  0
    H                  0                  0                  0
    H                  0                  0                  0
    H                  0                  0                  0
    H                  0                  0                  0
    H                  0                  0                  0
    H                  0                  0                  0
    H                  0                  0                  0
    H                  0                  0                  0
    H                  0                  0                  0
    H                  0                  0                  0
    H                  0                  0                  0
    H                  0                  0                  0
    H                  0                  0                  0
    H                  0                  0                  0
    H                  0                  0                  0
    H                  0                  0                  0
    H                  0                  0                  0
    H                  0                  0                  0
    H                  0                  0                  0
    H                  0                  0                  0
    H                  0                  0                  0
    H                  0                  0                  0
    H                  0                  0                  0
    O                  0                  0                  0
    O                  0                  0                  0
    O                  0                  0                  0
    O                  0                  0                  0
    O                  0                  0                  0
    O                  0                  0                  0
    O                  0                  0                  0
    O                  0                  0                  0
    O                  0                  0                  0
    O                  0                  0                  0
    O                  0                  0                  0
    O                  0                  0                  0
    O                  0                  0                  0
    O                  0                  0                  0
    O                  0                  0                  0
    O                  0                  0                  0
    O                  0                  0                  0
    O                  0                  0                  0
    O                  0                  0                  0
    O                  0                  0                  0
    O                  0                  0                  0
    O                  0                  0                  0
    O                  0                  0                  0
    O                  0                  0                  0
    O                  0                  0                  0
    O                  0                  0                  0
    O                  0                  0                  0
    O                  0                  0                  0
    O                  0                  0                  0
    O                  0                  0                  0
    O                  0                  0                  0
    O                  0                  0                  0

                     Cell volume (Bohr^3) = 6502.96
                        Cell volume (A^3) = 963.639

 Lattice vectors: (Cartesian coordinate: in unit of a_0)
             +9.87735                  +0                  +0
                   +0            +9.87735                  +0
                   +0                  +0            +9.87735
 Reciprocal vectors: (Cartesian coordinate: in unit of 2 pi/a_0)
            +0.101242                  -0                  +0
                   -0           +0.101242                  -0
                   +0                  -0           +0.101242

 #ENERGY SOLVER# ksdft_pw
 RUNNING WITH DEVICE  : CPU / Intel(R) Xeon(R) Gold 6132 CPU @ 2.60GHz (x2)


 >>>>>>>>>>>>>>>>>>>>>>>>>>>>>>>>>>>>>>>>>>>>>>>>>>>>>>>>>>>>>>>>>>>>>>
 |                                                                    |
 |                 #Read Pseudopotentials Files#                      |
 | ABACUS supports norm-conserving (NC) pseudopotentials for both     |
 | plane wave basis and numerical atomic orbital basis sets.          |
 | In addition, ABACUS supports ultrasoft pseudopotentials (USPP)     |
 | for plane wave basis set.                                          |
 |                                                                    |
 <<<<<<<<<<<<<<<<<<<<<<<<<<<<<<<<<<<<<<<<<<<<<<<<<<<<<<<<<<<<<<<<<<<<<<

                PAO radial cut off (Bohr) = 15
                     Pseudopotential file = ./H.upf
                     Pseudopotential type = NC
          Exchange-correlation functional = PBE
                 Nonlocal core correction = 0
                        Valence electrons = 1
                                     Lmax = 1
                           Number of zeta = 1
                     Number of projectors = 3
                           L of projector = 0
                           L of projector = 0
                           L of projector = 1
                PAO radial cut off (Bohr) = 15
                     Pseudopotential file = ./O.upf
                     Pseudopotential type = NC
          Exchange-correlation functional = PBE
                 Nonlocal core correction = 1
                        Valence electrons = 6
                                     Lmax = 2
                           Number of zeta = 2
                     Number of projectors = 5
                           L of projector = 0
                           L of projector = 0
                           L of projector = 1
                           L of projector = 1
                           L of projector = 2
         Number of pseudo atomic orbitals = 192
             Electron number of element H = 1
       Total electron number of element H = 64
             Electron number of element O = 6
       Total electron number of element O = 192
          Autoset the number of electrons = 256
               Occupied electronic states = 128
     Number of electronic states (NBANDS) = 128


 >>>>>>>>>>>>>>>>>>>>>>>>>>>>>>>>>>>>>>>>>>>>>>>>>>>>>>>>>>>>>>>>>>>>>>
 |                                                                    |
 |           #Setup Plane Waves of Charge/Potential#                  |
 | Use the kinetic energy cutoff and the lattice vectors to generate  |
 | the dimensions of FFT grid, which is used to represent the charge  |
 | density or potential. If USPP is used, a double grid technique     |
 | is applied.                                                        |
 |                                                                    |
 <<<<<<<<<<<<<<<<<<<<<<<<<<<<<<<<<<<<<<<<<<<<<<<<<<<<<<<<<<<<<<<<<<<<<<

 SETUP PLANE WAVES FOR CHARGE/POTENTIAL
 FFT DIMENSIONS ARE FROM INPUT
 KINETIC ENEGY CUTOFF IS DETERMINED FROM nx, ny, nz
  Energy cutoff for charge/potential (Ry) = 464.136
            FFT grid for charge/potential = [ 128, 128, 128 ]
           Number of FFT grids this proc. = 262144
                Division for big FFT grid = [ 1, 1, 1 ]
      FFT (big) grid for charge/potential = [ 128, 128, 128 ]
     Number of FFT (big) grids this proc. = 262144
                    Number of plane waves = 749861
        Number of sticks on FFT x-y plane = 9989

 PARALLEL PW FOR CHARGE/POTENTIAL
     PROC   COLUMNS(POT)             PW
        1           1248          93734
        2           1248          93734
        3           1248          93734
        4           1250          93732
        5           1250          93732
        6           1249          93731
        7           1248          93732
        8           1248          93732
 --------------- SUM -------------------
        8           9989         749861

                            Number of |g| = 2620
                                  Max |g| = 32.5536
                                  Min |g| = 0.0102499


 >>>>>>>>>>>>>>>>>>>>>>>>>>>>>>>>>>>>>>>>>>>>>>>>>>>>>>>>>>>>>>>>>>>>>>
 |                                                                    |
 |                      #Symmetry Analysis#                           |
 | We calculate the norm of 3 vectors and the angles between them,    |
 | the type of Bravais lattice is given. We can judge if the unticell |
 | is a primitive cell. Finally we give the point group operation for |
 | this unitcell. We use the point group operations to perform        |
 | symmetry analysis on given k-point mesh and the charge density.    |
 |                                                                    |
 <<<<<<<<<<<<<<<<<<<<<<<<<<<<<<<<<<<<<<<<<<<<<<<<<<<<<<<<<<<<<<<<<<<<<<

 LATTICE VECTORS: (CARTESIAN COORDINATE: IN UNIT OF A0)
             +9.87735                  +0                  +0
                   +0            +9.87735                  +0
                   +0                  +0            +9.87735
                     Right-handed lattice = 1
                                   NORM_A = 9.87735
                                   NORM_B = 9.87735
                                   NORM_C = 9.87735
                           ALPHA (DEGREE) = 90
                           BETA  (DEGREE) = 90
                           GAMMA (DEGREE) = 90

 The lattice vectors have been changed (STRU_SIMPLE.cif)

 For optimal symmetric configuration:
                             BRAVAIS TYPE = 1
                     BRAVAIS LATTICE NAME = 01. Cubic P (simple)
                                    ibrav = 1
                                    IBRAV = 1
                                  BRAVAIS = SIMPLE CUBIC
                       LATTICE CONSTANT A = 9.87735

 Original cell was already a primitive cell.
              Number of rotation matrices = 48
              PURE POINT GROUP OPERATIONS = 1
                   SPACE GROUP OPERATIONS = 1
                              POINT GROUP = C_1
               POINT GROUP IN SPACE GROUP = C_1
 DONE : SYMMETRY Time : 0.125479 (SEC)

 DONE : SETUP UNITCELL Time : 0.125499 (SEC)


 >>>>>>>>>>>>>>>>>>>>>>>>>>>>>>>>>>>>>>>>>>>>>>>>>>>>>>>>>>>>>>>>>>>>>>
 |                                                                    |
 |                       #Setup K-points#                             |
 | We setup the k-points according to input parameters.               |
 | The reduced k-points are set according to symmetry operations.     |
 | We treat the spin as another set of k-points.                      |
 |                                                                    |
 <<<<<<<<<<<<<<<<<<<<<<<<<<<<<<<<<<<<<<<<<<<<<<<<<<<<<<<<<<<<<<<<<<<<<<


 SETUP K-POINTS
                                    nspin = 1
                   Input type of k points = Monkhorst-Pack(Gamma)
                                   nkstot = 1
                     Right-handed lattice = 1

 For reciprocal-space lattice
                     Bravais lattice type = 1
                     Bravais lattice name = 01. Cubic P (simple)
                     Right-handed lattice = 1

 For k-vectors
                     Bravais lattice type = 1
                     Bravais lattice name = 01. Cubic P (simple)
                     Right-handed lattice = 1
              Number of rotation matrices = 48
           Number of irreducible k-points = 1

 K-POINTS REDUCTION ACCORDING TO SYMMETRY
     IBZ    DIRECT_X    DIRECT_Y    DIRECT_Z  WEIGHT  ibz2bz
       1  0.00000000  0.00000000  0.00000000  1.0000       0

                               nkstot now = 1
 K-POINTS DIRECT COORDINATES
 KPOINTS    DIRECT_X    DIRECT_Y    DIRECT_Z  WEIGHT
       1  0.00000000  0.00000000  0.00000000  1.0000


       Number of k-points in this process = 1
       Minimum distributed k-point number = 1

 K-POINTS CARTESIAN COORDINATES
 KPOINTS CARTESIAN_X CARTESIAN_Y CARTESIAN_Z  WEIGHT
       1  0.00000000  0.00000000  0.00000000  2.0000


 K-POINTS DIRECT COORDINATES
 KPOINTS    DIRECT_X    DIRECT_Y    DIRECT_Z  WEIGHT
       1  0.00000000  0.00000000  0.00000000  2.0000

 DONE : INIT K-POINTS Time : 0.208049 (SEC)

 XC:	101	130	

 >>>>>>>>>>>>>>>>>>>>>>>>>>>>>>>>>>>>>>>>>>>>>>>>>>>>>>>>>>>>>>>>>>>>>>
 |                                                                    |
 | Setup charge mixing parameters                                     |
 |                                                                    |
 <<<<<<<<<<<<<<<<<<<<<<<<<<<<<<<<<<<<<<<<<<<<<<<<<<<<<<<<<<<<<<<<<<<<<<

                              mixing_type = broyden
                              mixing_beta = 0.7
                               mixing_gg0 = 1
                           mixing_gg0_min = 0.1
                              mixing_ndim = 8


 >>>>>>>>>>>>>>>>>>>>>>>>>>>>>>>>>>>>>>>>>>>>>>>>>>>>>>>>>>>>>>>>>>>>>>
 |                                                                    |
 |              #Setup Plane Waves of Wave Functions#                 |
 | Use the kinetic energy cutoff and the lattice vectors to generate  |
 | the dimensions of FFT grid, which is used to represent the wave    |
 | functions of electrons.                                            |
 |                                                                    |
 <<<<<<<<<<<<<<<<<<<<<<<<<<<<<<<<<<<<<<<<<<<<<<<<<<<<<<<<<<<<<<<<<<<<<<

 SETUP PLANE WAVES FOR WAVE FUNCTIONS
     Energy cutoff for wavefunc (unit:Ry) = 90
              FFT grid for wave functions = [ 128, 128, 128 ]
              Number of total plane waves = 93885
        Number of sticks on FFT x-y plane = 2501

 PARALLEL PW FOR WAVE FUNCTIONS
     PROC   COLUMNS(POT)             PW
        1            312          11736
        2            312          11736
        3            312          11736
        4            312          11736
        5            313          11735
        6            313          11735
        7            314          11736
        8            313          11735
 --------------- sum -------------------
        8           2501          93885
 DONE : INIT PLANEWAVE Time : 0.408559 (SEC)

                                 init_chg = atomic
 DONE : LOCAL POTENTIAL Time : 0.504594 (SEC)


 SETUP NONLOCAL PSEUDOPOTENTIALS IN PLANE WAVE BASIS
 H non-local projectors:
 projector 1 L=0
 projector 2 L=0
 projector 3 L=1
 O non-local projectors:
 projector 1 L=0
 projector 2 L=0
 projector 3 L=1
 projector 4 L=1
 projector 5 L=2
      TOTAL NUMBER OF NONLOCAL PROJECTORS = 736

 Warning_Memory_Consuming allocated:  VNL::vkb 131.801 MB

 Init Non-Local PseudoPotential table : 
 Init Non-Local-Pseudopotential done.
 DONE : NON-LOCAL POTENTIAL Time : 0.651798 (SEC)

                                     npwx = 11736

 Warning_Memory_Consuming allocated:  Psi_PW 22.9219 MB

 Using ATOMIC starting wave functions for all 192 atomic orbitals (covers 128 bands)

 Make real space PAO into reciprocal space.
       max mesh points in Pseudopotential = 1165
     dq(describe PAO in reciprocal space) = 0.01
                                    max q = 1143

 number of pseudo atomic orbitals for H is 1

 number of pseudo atomic orbitals for O is 2
 DONE : INIT BASIS Time : 0.713236 (SEC)

 ================================================================
 SELF-CONSISTENT
 ================================================================

 Warning_Memory_Consuming allocated:  DiagSub::temp 34.3828 MB
 DONE : INIT SCF Time : 3.79301 (SEC)


 ++++++++++++++++++++++++++++++++++++++++++++++++++++++++++++++++++++++
 --> #ION MOVE#         1  #ELEC ITER#         1
 ++++++++++++++++++++++++++++++++++++++++++++++++++++++++++++++++++++++
 Average iterative diagonalization steps for k-points is 2
 current threshold of diagonalizaiton is 0.01
 Electron density deviation 11.0078
                          Diago Threshold = 0.01
 ----------------------------------------------------------
      Energy           Rydberg                 eV          
 ----------------------------------------------------------
  E_KohnSham     -1131.0964959775     -15389.3573331280    
  E_Harris       -1029.7478918078     -14010.4388320738    
  E_Fermi        -0.4592208063        -6.2480196061        
  E_gap(k)       0.0000000000         0.0000000000         
 ----------------------------------------------------------


 ++++++++++++++++++++++++++++++++++++++++++++++++++++++++++++++++++++++
 --> #ION MOVE#         1  #ELEC ITER#         2
 ++++++++++++++++++++++++++++++++++++++++++++++++++++++++++++++++++++++
 Average iterative diagonalization steps for k-points is 3
 current threshold of diagonalizaiton is 0.00429993
 Electron density deviation 3.91536
                          Diago Threshold = 0.00429993
 ----------------------------------------------------------
      Energy           Rydberg                 eV          
 ----------------------------------------------------------
  E_KohnSham     -1133.9814425136     -15428.6090444449    
  E_Harris       -1185.1799952894     -16125.2010915491    
  E_Fermi        -0.1140020777        -1.5510778410        
  E_gap(k)       0.0000000000         0.0000000000         
 ----------------------------------------------------------


 ++++++++++++++++++++++++++++++++++++++++++++++++++++++++++++++++++++++
 --> #ION MOVE#         1  #ELEC ITER#         3
 ++++++++++++++++++++++++++++++++++++++++++++++++++++++++++++++++++++++
 Average iterative diagonalization steps for k-points is 2
 current threshold of diagonalizaiton is 0.00152944
 Electron density deviation 0.111082
                          Diago Threshold = 0.00152944
 ----------------------------------------------------------
      Energy           Rydberg                 eV          
 ----------------------------------------------------------
  E_KohnSham     -1134.7587213220     -15439.1844651729    
  E_Harris       -1128.2882259035     -15351.1488585989    
  E_Fermi        -0.2173902901        -2.9577466355        
  E_gap(k)       0.0000000000         0.0000000000         
 ----------------------------------------------------------


 ++++++++++++++++++++++++++++++++++++++++++++++++++++++++++++++++++++++
 --> #ION MOVE#         1  #ELEC ITER#         4
 ++++++++++++++++++++++++++++++++++++++++++++++++++++++++++++++++++++++
 Average iterative diagonalization steps for k-points is 3
 current threshold of diagonalizaiton is 4.33915e-05
 Electron density deviation 0.0225364
                          Diago Threshold = 4.33915e-05
 ----------------------------------------------------------
      Energy           Rydberg                 eV          
 ----------------------------------------------------------
  E_KohnSham     -1134.8010635922     -15439.7605613139    
  E_Harris       -1133.1140131785     -15416.8070628753    
  E_Fermi        -0.1937556235        -2.6361804998        
  E_gap(k)       0.0000000000         0.0000000000         
 ----------------------------------------------------------


 ++++++++++++++++++++++++++++++++++++++++++++++++++++++++++++++++++++++
 --> #ION MOVE#         1  #ELEC ITER#         5
 ++++++++++++++++++++++++++++++++++++++++++++++++++++++++++++++++++++++
 Average iterative diagonalization steps for k-points is 2
 current threshold of diagonalizaiton is 8.80328e-06
 Electron density deviation 0.00505167
                          Diago Threshold = 8.80328e-06
 ----------------------------------------------------------
      Energy           Rydberg                 eV          
 ----------------------------------------------------------
  E_KohnSham     -1134.8029112451     -15439.7856999223    
  E_Harris       -1133.1633907969     -15417.4788798383    
  E_Fermi        -0.1908052437        -2.5960385227        
  E_gap(k)       0.0000000000         0.0000000000         
 ----------------------------------------------------------


 ++++++++++++++++++++++++++++++++++++++++++++++++++++++++++++++++++++++
 --> #ION MOVE#         1  #ELEC ITER#         6
 ++++++++++++++++++++++++++++++++++++++++++++++++++++++++++++++++++++++
 Average iterative diagonalization steps for k-points is 2
 current threshold of diagonalizaiton is 1.97331e-06
 Electron density deviation 0.00056789
                          Diago Threshold = 1.97331e-06
 ----------------------------------------------------------
      Energy           Rydberg                 eV          
 ----------------------------------------------------------
  E_KohnSham     -1134.8038360636     -15439.7982827224    
  E_Harris       -1134.4683835025     -15435.2342164832    
  E_Fermi        -0.1873459531        -2.5489724589        
  E_gap(k)       0.0000000000         0.0000000000         
 ----------------------------------------------------------


 ++++++++++++++++++++++++++++++++++++++++++++++++++++++++++++++++++++++
 --> #ION MOVE#         1  #ELEC ITER#         7
 ++++++++++++++++++++++++++++++++++++++++++++++++++++++++++++++++++++++
 Average iterative diagonalization steps for k-points is 3
 current threshold of diagonalizaiton is 2.21832e-07
 Electron density deviation 0.000330037
                          Diago Threshold = 2.21832e-07
 ----------------------------------------------------------
      Energy           Rydberg                 eV          
 ----------------------------------------------------------
  E_KohnSham     -1134.8039394911     -15439.7996899268    
  E_Harris       -1135.0616194410     -15443.3056055046    
  E_Fermi        -0.1866493325        -2.5394944499        
  E_gap(k)       0.0000000000         0.0000000000         
 ----------------------------------------------------------


 ++++++++++++++++++++++++++++++++++++++++++++++++++++++++++++++++++++++
 --> #ION MOVE#         1  #ELEC ITER#         8
 ++++++++++++++++++++++++++++++++++++++++++++++++++++++++++++++++++++++
 Average iterative diagonalization steps for k-points is 2
 current threshold of diagonalizaiton is 1.28921e-07
 Electron density deviation 0.000121638
                          Diago Threshold = 1.28921e-07
 ----------------------------------------------------------
      Energy           Rydberg                 eV          
 ----------------------------------------------------------
  E_KohnSham     -1134.8039049974     -15439.7992206154    
  E_Harris       -1134.9981178888     -15442.4416225635    
  E_Fermi        -0.1858040289        -2.5279935049        
  E_gap(k)       0.0000000000         0.0000000000         
 ----------------------------------------------------------


 ++++++++++++++++++++++++++++++++++++++++++++++++++++++++++++++++++++++
 --> #ION MOVE#         1  #ELEC ITER#         9
 ++++++++++++++++++++++++++++++++++++++++++++++++++++++++++++++++++++++
 Average iterative diagonalization steps for k-points is 2
 current threshold of diagonalizaiton is 4.7515e-08
 Electron density deviation 1.74568e-05
                          Diago Threshold = 4.7515e-08
 ----------------------------------------------------------
      Energy           Rydberg                 eV          
 ----------------------------------------------------------
  E_KohnSham     -1134.8039250506     -15439.7994934533    
  E_Harris       -1134.7529793395     -15439.1063414931    
  E_Fermi        -0.1858011022        -2.5279536841        
  E_gap(k)       0.0000000000         0.0000000000         
 ----------------------------------------------------------


 ++++++++++++++++++++++++++++++++++++++++++++++++++++++++++++++++++++++
 --> #ION MOVE#         1  #ELEC ITER#        10
 ++++++++++++++++++++++++++++++++++++++++++++++++++++++++++++++++++++++
 Average iterative diagonalization steps for k-points is 2
 current threshold of diagonalizaiton is 6.81908e-09
 Electron density deviation 5.88936e-06
                          Diago Threshold = 6.81908e-09
 ----------------------------------------------------------
      Energy           Rydberg                 eV          
 ----------------------------------------------------------
  E_KohnSham     -1134.8039247296     -15439.7994890853    
  E_Harris       -1134.7501529596     -15439.0678866222    
  E_Fermi        -0.1859875814        -2.5304908641        
  E_gap(k)       0.0000000000         0.0000000000         
 ----------------------------------------------------------


 ++++++++++++++++++++++++++++++++++++++++++++++++++++++++++++++++++++++
 --> #ION MOVE#         1  #ELEC ITER#        11
 ++++++++++++++++++++++++++++++++++++++++++++++++++++++++++++++++++++++
 Average iterative diagonalization steps for k-points is 2
 current threshold of diagonalizaiton is 2.30053e-09
 Electron density deviation 1.29138e-06
                          Diago Threshold = 2.30053e-09
 ----------------------------------------------------------
      Energy           Rydberg                 eV          
 ----------------------------------------------------------
  E_KohnSham     -1134.8039247002     -15439.7994886858    
  E_Harris       -1134.7823723740     -15439.5062542442    
  E_Fermi        -0.1858064372        -2.5280262707        
  E_gap(k)       0.0000000000         0.0000000000         
 ----------------------------------------------------------


 ++++++++++++++++++++++++++++++++++++++++++++++++++++++++++++++++++++++
 --> #ION MOVE#         1  #ELEC ITER#        12
 ++++++++++++++++++++++++++++++++++++++++++++++++++++++++++++++++++++++
 Average iterative diagonalization steps for k-points is 3
 current threshold of diagonalizaiton is 5.04444e-10
 Electron density deviation 4.00108e-07
                          Diago Threshold = 5.04444e-10
 ----------------------------------------------------------
      Energy           Rydberg                 eV          
 ----------------------------------------------------------
  E_KohnSham     -1134.8039248968     -15439.7994913610    
  E_Harris       -1134.8124839912     -15439.9159438137    
  E_Fermi        -0.1857013440        -2.5265964045        
  E_gap(k)       0.0000000000         0.0000000000         
 ----------------------------------------------------------


 ++++++++++++++++++++++++++++++++++++++++++++++++++++++++++++++++++++++
 --> #ION MOVE#         1  #ELEC ITER#        13
 ++++++++++++++++++++++++++++++++++++++++++++++++++++++++++++++++++++++
 Average iterative diagonalization steps for k-points is 2
 current threshold of diagonalizaiton is 1.56292e-10
 Electron density deviation 1.32293e-07
                          Diago Threshold = 1.56292e-10
 ----------------------------------------------------------
      Energy           Rydberg                 eV          
 ----------------------------------------------------------
  E_KohnSham     -1134.8039248683     -15439.7994909722    
  E_Harris       -1134.8087499675     -15439.8651398147    
  E_Fermi        -0.1857020104        -2.5266054713        
  E_gap(k)       0.0000000000         0.0000000000         
 ----------------------------------------------------------


 ++++++++++++++++++++++++++++++++++++++++++++++++++++++++++++++++++++++
 --> #ION MOVE#         1  #ELEC ITER#        14
 ++++++++++++++++++++++++++++++++++++++++++++++++++++++++++++++++++++++
 Average iterative diagonalization steps for k-points is 2
 current threshold of diagonalizaiton is 5.16771e-11
 Electron density deviation 3.2329e-08
                          Diago Threshold = 5.16771e-11
 ----------------------------------------------------------
      Energy           Rydberg                 eV          
 ----------------------------------------------------------
  E_KohnSham     -1134.8039248671     -15439.7994909564    
  E_KS(sigma->0) -1134.8039248671     -15439.7994909564    
  E_Harris       -1134.8018196558     -15439.7708480872    
  E_band         -183.2893653501      -2493.7797515650     
  E_one_elec     -917.8986476000      -12488.6517938536    
  E_Hartree      546.3827719932       7433.9189881428      
  E_xc           -313.3634243207      -4263.5281155537     
  E_Ewald        -449.9246249396      -6121.5385696918     
  E_entropy(-TS) 0.0000000000         0.0000000000         
  E_descf        0.0000000000         0.0000000000         
  E_localpp      -1522.5337719037     -20715.1346953230    
  E_exx          0.0000000000         0.0000000000         
  E_Fermi        -0.1857026969        -2.5266148117        
  E_gap(k)       0.0000000000         0.0000000000         
 ----------------------------------------------------------

 #SCF IS CONVERGED#
 #TOTAL ENERGY# -15439.799491 eV
 Write eigenvalues and occupations to file: OUT.ABACUS/eig_occ.txt



 #TOTAL-FORCE (eV/Angstrom)#
 -------------------------------------------------------------------------
     Atoms              Force_x              Force_y              Force_z 
 -------------------------------------------------------------------------
        H1         0.3545067565        -0.3179530885         0.4523587249 
        H2        -0.1155887321         0.7699722075         0.1870821979 
        H3        -0.5093572002        -0.2644378844        -0.7934635066 
        H4        -0.8929617914         2.4191960810        -1.8543765343 
        H5        -0.1214434165         0.1584627410         0.1517804162 
        H6         0.7863700166        -0.7334320381         0.5380464932 
        H7        -0.3373556951        -0.4071666878         0.6924317590 
        H8         1.8950854666         0.1327232555        -0.6491083196 
        H9        -0.6850625199         0.1646856993        -0.5160629555 
       H10         0.4953155049         0.3680307421        -0.3107067328 
       H11        -0.2583521513        -0.1877233825        -0.1789873156 
       H12         0.0955527909        -1.0294068732        -0.2296440402 
       H13        -0.0502584928         0.3211082447        -0.0381966837 
       H14         0.4918510062        -0.0586828023         0.3789423650 
       H15        -1.0056461137        -1.0011428095        -0.5919225959 
       H16         0.2449521539        -0.5779780743        -0.3529267737 
       H17         0.3586100796         1.4330841774         1.1568071525 
       H18         0.6194959851        -1.4396238629         0.0880903705 
       H19         0.1895998147        -0.2588894941        -0.3821431314 
       H20        -0.6278139963        -0.2051837932        -0.5909899032 
       H21         0.2340904247         0.1429689152        -0.3719185358 
       H22         0.7226467808        -0.0357082181         0.1307777262 
       H23        -1.1518365779         0.8520909701        -0.1800531086 
       H24         0.2383449432        -0.1328827496        -1.1834489146 
       H25        -0.2400653799         0.7147262390         0.8295633009 
       H26        -0.2687433915         0.3531324872         0.2324557907 
       H27         0.7599826496         0.4891945684        -0.3976414080 
       H28        -0.7550170760        -0.1558321737        -0.8305911958 
       H29         0.1341303177        -0.1669802564        -0.0161097117 
       H30        -0.2392173455        -0.5575972456         0.3837270861 
       H31        -0.7221543065         0.4735731834        -0.1448981454 
       H32        -0.3660066538        -0.2834375936        -0.3388542910 
       H33        -0.1500581869         0.3329043309        -0.2937138817 
       H34         0.3324894318         0.4881080455         0.2616000864 
       H35         1.6241926665         0.4411528872         0.7109531083 
       H36         0.6624788256         0.6111303751        -0.4833027679 
       H37        -0.6011038477        -0.2059468055        -0.3018713508 
       H38         0.0883286156        -0.7870260283         0.9680451303 
       H39        -0.2569688021         0.0820834694        -0.3767857426 
       H40         0.5654948936         0.6768464268         0.1807596313 
       H41        -0.7093240392        -0.5867000981        -1.4555702577 
       H42        -0.3468354386         0.0041957039        -0.4182264323 
       H43        -0.2027438811        -0.8843130571         0.3289730086 
       H44         0.1719077428         0.1121926120        -0.9614072906 
       H45        -0.3300296566         1.3872367110         0.2492651961 
       H46        -0.2070049185         0.3611740478         0.3076986422 
       H47        -1.6870164651        -2.4934478177         0.0530339262 
       H48        -0.0380561541        -0.7819617826        -0.0794212329 
       H49        -0.2797697351         0.5535546899        -0.1561625119 
       H50        -1.1098283507        -2.5572043918         0.4503546010 
       H51        -0.2697347252        -0.3445061500         0.5472399717 
       H52         0.1031353476        -0.2353860617        -0.3477688891 
       H53        -0.5198046590        -0.4702070720        -0.2502596860 
       H54        -0.2606322878        -1.2614525853         0.1820231686 
       H55        -0.4041374308        -0.0908150194         0.5016062644 
       H56         0.3346038010        -0.2389942613        -0.1066451174 
       H57         0.3193354610         0.0702618501         0.2358349271 
       H58         0.6494129748        -0.2979384957        -1.8377284063 
       H59         0.1800010959         0.6539953174         0.1980225264 
       H60        -0.6366170059        -0.7384303685         0.4334068297 
       H61        -0.1589546380        -0.5543042756        -0.0815687977 
       H62        -0.4339069814        -1.3305819643        -0.2010495217 
       H63        -0.1583663201        -0.0464817764        -0.0447233786 
       H64         0.3200338495         0.3913106121        -1.0658119567 
        O1         0.0117138446        -0.4325148077        -0.4092710209 
        O2         1.8441980513        -1.8741455092         2.6995067463 
        O3        -0.7562340407         0.7447752741        -0.7223548698 
        O4        -1.8796803338        -0.0780778091         0.6844954430 
        O5         0.4249314484        -0.5812591631         0.6558664151 
        O6         0.3579559196         1.1934730534         0.3093443880 
        O7        -0.2953132901         0.0418102953        -0.4549341880 
        O8         0.2633742088         1.6839081408         1.1766667011 
        O9        -1.0265481058        -0.0346243272        -1.4892634464 
       O10         0.3074113795         0.4054499104         0.6260246418 
       O11        -1.0550223848        -0.3035135417         0.2233982282 
       O12         0.7506783598        -0.5852813553         1.2305354223 
       O13         0.8249530218        -0.5496005472        -0.9364106327 
       O14        -0.0561242805        -0.4930666733         1.5131931623 
       O15        -0.0281732683         1.0289919182         0.1539780784 
       O16         1.0916465121        -0.3280300311         0.8662015302 
       O17        -0.1882604486        -0.9469517480         0.4238684513 
       O18        -2.6221432035        -1.6268376329        -0.8596519043 
       O19         0.6502196052         0.5618838841        -0.4795573911 
       O20        -0.4760290371        -0.6450313434         0.2169165954 
       O21         0.8696553980         0.4954667610         1.7792764336 
       O22         0.1992592805         0.9736920268         0.3559447312 
       O23         0.3893139158        -1.6666508676        -0.5772336302 
       O24         2.0315916249         3.2242831658        -0.0841543358 
       O25         1.1800373957         1.8265602564        -0.4086938467 
       O26         0.5561019122         0.1965644992        -0.7188202209 
       O27         0.8784988087         1.5310066401         0.2855336968 
       O28         0.0428467049         0.6064301068        -0.7103259205 
       O29        -0.9357396664        -0.0835915511         1.5261905378 
       O30         0.3541034594         0.2879609960        -0.3251989982 
       O31         0.4313353861         2.0801383287         0.0726634080 
       O32        -0.0047332099         0.1074420995         0.9594464186 
 -------------------------------------------------------------------------

 #TOTAL-STRESS (kbar)#
 ----------------------------------------------------------------
              Stress_x             Stress_y             Stress_z 
 ----------------------------------------------------------------
         -3.7101401565         3.6338677859         0.9699555687 
          3.6338677859         4.8485616989         8.9852232955 
          0.9699555687         8.9852232955         2.4813770462 
 ----------------------------------------------------------------
 #TOTAL-PRESSURE# (EXCLUDE KINETIC PART OF IONS): 1.206600 kbar

 --------------------------------------------
 !FINAL_ETOT_IS -15439.7994909563567489 eV
 --------------------------------------------



TIME STATISTICS
-----------------------------------------------------------------
   CLASS_NAME          NAME        TIME/s  CALLS   AVG/s  PER/%  
-----------------------------------------------------------------
                 total             443.66 17       26.10  100.00 
 Driver          atomic_world      443.66 1        443.66 100.00 
 Relax_Driver    relax_driver      442.92 1        442.92 99.83  
 ESolver_KS      runner            438.97 1        438.97 98.94  
 Symmetry_rho    begin             4.74   15       0.32   1.07   
 Operator        hPsi              379.21 4947     0.08   85.47  
 Operator        veff_pw           64.68  4947     0.01   14.58  
 PW_Basis_K      recip2real        31.36  8581     0.00   7.07   
 PW_Basis_K      real2recip        26.17  6789     0.00   5.90   
 Operator        nonlocal_pw       314.03 4947     0.06   70.78  
 Nonlocal        add_nonlocal_pp   155.27 4947     0.03   35.00  
 ESolver_KS_PW   hamilt2rho_single 432.54 14       30.90  97.49  
 HSolverPW       solve             428.13 14       30.58  96.50  
 HSolverPW       solve_psik        416.41 14       29.74  93.86  
 DiagoCG         diag_once         396.31 14       28.31  89.33  
 ElecStatePW     psiToRho          10.43  14       0.74   2.35   
 DiagoIterAssist diag_subspace     19.44  13       1.50   4.38   
-----------------------------------------------------------------


 NAME-------------------------|MEMORY(MB)------------------
                         total      1892.7847
                      VNL::vkb      1054.3726
                 DiagSub::temp       275.0537
                        Psi_PW       183.3691
              Veff<PW>::porter        32.0000
             Veff<PW>::porter1        32.0000
              Meta<PW>::porter        32.0000
                 ElecSPW::wfcr        32.0000
               ElecSPW::wfcr_a        32.0000
                  SF::strucFac        22.8839
            Nonlocal<PW>::becp        17.2500
              Nonlocal<PW>::ps        17.2500
                      Chg::rho        16.0000
                 Chg::rho_save        16.0000
                 Chg::rho_core        16.0000
                 Pot::veff_fix        16.0000
                     Pot::veff        16.0000
              Pot::veff_smooth        16.0000
                     VNL::vkb1         9.3117
                  SF::eigts123         9.0004
                      VNL::ylm         6.4466
             YlmReal::Ylm_Real         6.4466
                     Chg::rhog         5.7210
                Chg::rhog_save         5.7210
                Chg::rhog_core         5.7210
                  DiagSub::hcc         4.5000
                  DiagSub::scc         4.5000
                  DiagSub::vcc         4.5000
                  PW_B_K::gcar         2.1489
 -------------   < 1.0 MB has been ignored ----------------
 ----------------------------------------------------------

 Start  Time  : Thu Mar 19 15:44:17 2026
 Finish Time  : Thu Mar 19 15:51:41 2026
 Total  Time  : 0 h 7 mins 24 secs 
