 Input  warning : gamma_only_local algorithm is not used.
 In SCAN_BEGIN, can't find: LATTICE_PARAMETERS block.
 AUTO_SET NBANDS to 0
 AUTO_SET NBANDS to 173
 cpu 2D distribution : 4*4
 but, the number of bands-row-block is 3
      Processor           Atom
              1             62
              2             64
              3             61
              4             58
              5             62
              6             64
              7             61
              8             57
              9             62
             10             62
             11             57
             12             61
             13             63
             14             62
             15             61
             16             59
                            startmag_type = 2
                       charge from rho_at = 3.95377
                         charge should be = 4
                       charge from rho_at = 3.99303
                         charge should be = 4

 SETUP ATOMIC RHO FOR SPIN 1
                 Electron number from rho = 288
           total electron number from rho = 288
                                should be = 288
                 charge before normalized = 288
                  charge after normalized = 288
                 charge before normalized = 288.000124629816
                  charge after normalized = 288
                 charge before normalized = 288.00017131575
                  charge after normalized = 288
                 charge before normalized = 288.000144728233
                  charge after normalized = 288
                 charge before normalized = 288.000147993266
                  charge after normalized = 288
                 charge before normalized = 288.000144159193
                  charge after normalized = 288
                 charge before normalized = 288.000144464101
                  charge after normalized = 288
                 charge before normalized = 288.000144529758
                  charge after normalized = 288
                 charge before normalized = 288.000144694555
                  charge after normalized = 288
                 charge before normalized = 288.000144734693
                  charge after normalized = 288
                 charge before normalized = 288.000144740401
                  charge after normalized = 288
                 charge before normalized = 288.000144735601
                  charge after normalized = 288
                 charge before normalized = 288.000144738404
                  charge after normalized = 288
                 charge before normalized = 288.000144737805
                  charge after normalized = 288
                 charge before normalized = 288.000144737567
                  charge after normalized = 288
                 charge before normalized = 288.000144737624
                  charge after normalized = 288
                 charge before normalized = 288.000144737747
                  charge after normalized = 288
                 charge before normalized = 288.000144737716
                  charge after normalized = 288
                            startmag_type = 2
                       charge from rho_at = 3.95377434289291
                         charge should be = 4
                       charge from rho_at = 3.99303358802097
                         charge should be = 4

 SETUP ATOMIC RHO FOR SPIN 1
                 Electron number from rho = 288
           total electron number from rho = 288
                                should be = 288
                            startmag_type = 2
                       charge from rho_at = 3.95377434289291
                         charge should be = 4
                       charge from rho_at = 3.99303358802097
                         charge should be = 4

 SETUP ATOMIC RHO FOR SPIN 1
                 Electron number from rho = 288
           total electron number from rho = 288
                                should be = 288
      Processor           Atom
              1             62
              2             64
              3             61
              4             58
              5             62
              6             64
              7             61
              8             57
              9             62
             10             62
             11             57
             12             61
             13             63
             14             62
             15             61
             16             59
                 charge before normalized = 288
                  charge after normalized = 288
                 charge before normalized = 288.00014473566
                  charge after normalized = 288
                 charge before normalized = 288.000144741889
                  charge after normalized = 288
                 charge before normalized = 288.000144749038
                  charge after normalized = 288
                 charge before normalized = 288.000144745501
                  charge after normalized = 288
                 charge before normalized = 288.000144747544
                  charge after normalized = 288
                 charge before normalized = 288.000144745744
                  charge after normalized = 288
                 charge before normalized = 288.000144746548
                  charge after normalized = 288
                 charge before normalized = 288.000144746527
                  charge after normalized = 288
                 charge before normalized = 288.000144746544
                  charge after normalized = 288
                 charge before normalized = 288.000144746523
                  charge after normalized = 288
                            startmag_type = 2
                       charge from rho_at = 3.95377434289291
                         charge should be = 4
                       charge from rho_at = 3.99303358802097
                         charge should be = 4

 SETUP ATOMIC RHO FOR SPIN 1
                 Electron number from rho = 288
           total electron number from rho = 288
                                should be = 288
                            startmag_type = 2
                       charge from rho_at = 3.95377434289291
                         charge should be = 4
                       charge from rho_at = 3.99303358802097
                         charge should be = 4

 SETUP ATOMIC RHO FOR SPIN 1
                 Electron number from rho = 288
           total electron number from rho = 288
                                should be = 288
      Processor           Atom
              1             62
              2             64
              3             61
              4             58
              5             62
              6             64
              7             61
              8             57
              9             62
             10             62
             11             57
             12             61
             13             63
             14             62
             15             60
             16             58
                 charge before normalized = 288
                  charge after normalized = 288
                 charge before normalized = 288.000144727461
                  charge after normalized = 288
                 charge before normalized = 288.000144734616
                  charge after normalized = 288
                 charge before normalized = 288.000144728316
                  charge after normalized = 288
                 charge before normalized = 288.000144734281
                  charge after normalized = 288
                 charge before normalized = 288.000144730036
                  charge after normalized = 288
                 charge before normalized = 288.000144732809
                  charge after normalized = 288
                 charge before normalized = 288.000144732211
                  charge after normalized = 288
                 charge before normalized = 288.000144732325
                  charge after normalized = 288
                 charge before normalized = 288.000144732243
                  charge after normalized = 288
                 charge before normalized = 288.000144732276
                  charge after normalized = 288
                            startmag_type = 2
                       charge from rho_at = 3.95377434289291
                         charge should be = 4
                       charge from rho_at = 3.99303358802097
                         charge should be = 4

 SETUP ATOMIC RHO FOR SPIN 1
                 Electron number from rho = 288
           total electron number from rho = 288
                                should be = 288
                            startmag_type = 2
                       charge from rho_at = 3.95377434289291
                         charge should be = 4
                       charge from rho_at = 3.99303358802097
                         charge should be = 4

 SETUP ATOMIC RHO FOR SPIN 1
                 Electron number from rho = 288
           total electron number from rho = 288
                                should be = 288
      Processor           Atom
              1             62
              2             64
              3             61
              4             58
              5             62
              6             64
              7             61
              8             57
              9             62
             10             62
             11             57
             12             61
             13             63
             14             62
             15             60
             16             58
                 charge before normalized = 288
                  charge after normalized = 288
                 charge before normalized = 288.000144448602
                  charge after normalized = 288
                 charge before normalized = 288.000144445499
                  charge after normalized = 288
                 charge before normalized = 288.000144466938
                  charge after normalized = 288
                 charge before normalized = 288.000144446335
                  charge after normalized = 288
                 charge before normalized = 288.000144453299
                  charge after normalized = 288
                 charge before normalized = 288.000144451434
                  charge after normalized = 288
                 charge before normalized = 288.000144451464
                  charge after normalized = 288
                 charge before normalized = 288.00014445168
                  charge after normalized = 288
                 charge before normalized = 288.000144451683
                  charge after normalized = 288
                 charge before normalized = 288.000144451686
                  charge after normalized = 288
                 charge before normalized = 288.000144451674
                  charge after normalized = 288
                            startmag_type = 2
                       charge from rho_at = 3.95377434289291
                         charge should be = 4
                       charge from rho_at = 3.99303358802097
                         charge should be = 4

 SETUP ATOMIC RHO FOR SPIN 1
                 Electron number from rho = 288
           total electron number from rho = 288
                                should be = 288
                            startmag_type = 2
                       charge from rho_at = 3.95377434289291
                         charge should be = 4
                       charge from rho_at = 3.99303358802097
                         charge should be = 4

 SETUP ATOMIC RHO FOR SPIN 1
                 Electron number from rho = 288
           total electron number from rho = 288
                                should be = 288
      Processor           Atom
              1             62
              2             64
              3             61
              4             58
              5             62
              6             64
              7             61
              8             57
              9             62
             10             62
             11             57
             12             61
             13             62
             14             62
             15             60
             16             59
                 charge before normalized = 288
                  charge after normalized = 288
                 charge before normalized = 288.000144641868
                  charge after normalized = 288
                 charge before normalized = 288.000144636638
                  charge after normalized = 288
                 charge before normalized = 288.000144652221
                  charge after normalized = 288
                 charge before normalized = 288.000144642543
                  charge after normalized = 288
                 charge before normalized = 288.000144644718
                  charge after normalized = 288
                 charge before normalized = 288.00014464212
                  charge after normalized = 288
                 charge before normalized = 288.00014464436
                  charge after normalized = 288
                 charge before normalized = 288.00014464366
                  charge after normalized = 288
                 charge before normalized = 288.000144643688
                  charge after normalized = 288
                 charge before normalized = 288.000144643698
                  charge after normalized = 288
                 charge before normalized = 288.0001446437
                  charge after normalized = 288
                            startmag_type = 2
                       charge from rho_at = 3.95377434289291
                         charge should be = 4
                       charge from rho_at = 3.99303358802097
                         charge should be = 4

 SETUP ATOMIC RHO FOR SPIN 1
                 Electron number from rho = 288
           total electron number from rho = 288
                                should be = 288
                            startmag_type = 2
                       charge from rho_at = 3.95377434289291
                         charge should be = 4
                       charge from rho_at = 3.99303358802097
                         charge should be = 4

 SETUP ATOMIC RHO FOR SPIN 1
                 Electron number from rho = 288
           total electron number from rho = 288
                                should be = 288
      Processor           Atom
              1             62
              2             64
              3             61
              4             58
              5             62
              6             64
              7             61
              8             57
              9             62
             10             62
             11             57
             12             60
             13             63
             14             62
             15             61
             16             59
                 charge before normalized = 288
                  charge after normalized = 288
                 charge before normalized = 288.000144297757
                  charge after normalized = 288
                 charge before normalized = 288.000144295323
                  charge after normalized = 288
                 charge before normalized = 288.000144305165
                  charge after normalized = 288
                 charge before normalized = 288.000144295541
                  charge after normalized = 288
                 charge before normalized = 288.000144300549
                  charge after normalized = 288
                 charge before normalized = 288.000144296698
                  charge after normalized = 288
                 charge before normalized = 288.000144298349
                  charge after normalized = 288
                 charge before normalized = 288.000144298014
                  charge after normalized = 288
                 charge before normalized = 288.000144298045
                  charge after normalized = 288
                 charge before normalized = 288.000144298024
                  charge after normalized = 288
                 charge before normalized = 288.000144298038
                  charge after normalized = 288
                            startmag_type = 2
                       charge from rho_at = 3.95377434289291
                         charge should be = 4
                       charge from rho_at = 3.99303358802097
                         charge should be = 4

 SETUP ATOMIC RHO FOR SPIN 1
                 Electron number from rho = 288
           total electron number from rho = 288
                                should be = 288
                            startmag_type = 2
                       charge from rho_at = 3.95377434289291
                         charge should be = 4
                       charge from rho_at = 3.99303358802097
                         charge should be = 4

 SETUP ATOMIC RHO FOR SPIN 1
                 Electron number from rho = 288
           total electron number from rho = 288
                                should be = 288
      Processor           Atom
              1             62
              2             64
              3             61
              4             58
              5             62
              6             63
              7             61
              8             57
              9             62
             10             62
             11             57
             12             60
             13             63
             14             62
             15             61
             16             58
                 charge before normalized = 288
                  charge after normalized = 288
                 charge before normalized = 288.000144473863
                  charge after normalized = 288
                 charge before normalized = 288.000144495677
                  charge after normalized = 288
                 charge before normalized = 288.000144488485
                  charge after normalized = 288
                 charge before normalized = 288.000144490542
                  charge after normalized = 288
                 charge before normalized = 288.000144494105
                  charge after normalized = 288
                 charge before normalized = 288.000144490275
                  charge after normalized = 288
                 charge before normalized = 288.000144492583
                  charge after normalized = 288
                 charge before normalized = 288.000144492025
                  charge after normalized = 288
                 charge before normalized = 288.00014449215
                  charge after normalized = 288
                 charge before normalized = 288.00014449212
                  charge after normalized = 288
                 charge before normalized = 288.000144492115
                  charge after normalized = 288
                            startmag_type = 2
                       charge from rho_at = 3.95377434289291
                         charge should be = 4
                       charge from rho_at = 3.99303358802097
                         charge should be = 4

 SETUP ATOMIC RHO FOR SPIN 1
                 Electron number from rho = 288
           total electron number from rho = 288
                                should be = 288
                            startmag_type = 2
                       charge from rho_at = 3.95377434289291
                         charge should be = 4
                       charge from rho_at = 3.99303358802097
                         charge should be = 4

 SETUP ATOMIC RHO FOR SPIN 1
                 Electron number from rho = 288
           total electron number from rho = 288
                                should be = 288
      Processor           Atom
              1             62
              2             64
              3             61
              4             58
              5             62
              6             64
              7             61
              8             57
              9             62
             10             62
             11             57
             12             59
             13             62
             14             62
             15             61
             16             59
                 charge before normalized = 288
                  charge after normalized = 288
                 charge before normalized = 288.00014459559
                  charge after normalized = 288
                 charge before normalized = 288.000144610408
                  charge after normalized = 288
                 charge before normalized = 288.000144600032
                  charge after normalized = 288
                 charge before normalized = 288.00014459997
                  charge after normalized = 288
                 charge before normalized = 288.000144602438
                  charge after normalized = 288
                 charge before normalized = 288.000144601778
                  charge after normalized = 288
                 charge before normalized = 288.00014460197
                  charge after normalized = 288
                 charge before normalized = 288.000144601984
                  charge after normalized = 288
                 charge before normalized = 288.000144601877
                  charge after normalized = 288
                 charge before normalized = 288.000144601981
                  charge after normalized = 288
                 charge before normalized = 288.00014460193
                  charge after normalized = 288
                 charge before normalized = 288.000144601955
                  charge after normalized = 288
                            startmag_type = 2
                       charge from rho_at = 3.95377434289291
                         charge should be = 4
                       charge from rho_at = 3.99303358802097
                         charge should be = 4

 SETUP ATOMIC RHO FOR SPIN 1
                 Electron number from rho = 288
           total electron number from rho = 288
                                should be = 288
                            startmag_type = 2
                       charge from rho_at = 3.95377434289291
                         charge should be = 4
                       charge from rho_at = 3.99303358802097
                         charge should be = 4

 SETUP ATOMIC RHO FOR SPIN 1
                 Electron number from rho = 288
           total electron number from rho = 288
                                should be = 288
      Processor           Atom
              1             62
              2             63
              3             61
              4             57
              5             62
              6             63
              7             61
              8             57
              9             62
             10             62
             11             57
             12             59
             13             62
             14             62
             15             61
             16             59
                 charge before normalized = 288
                  charge after normalized = 288
                 charge before normalized = 288.000144554242
                  charge after normalized = 288
                 charge before normalized = 288.000144550524
                  charge after normalized = 288
                 charge before normalized = 288.000144560182
                  charge after normalized = 288
                 charge before normalized = 288.000144547499
                  charge after normalized = 288
                 charge before normalized = 288.000144553284
                  charge after normalized = 288
                 charge before normalized = 288.000144547499
                  charge after normalized = 288
                 charge before normalized = 288.000144551052
                  charge after normalized = 288
                 charge before normalized = 288.000144550218
                  charge after normalized = 288
                 charge before normalized = 288.000144550173
                  charge after normalized = 288
                 charge before normalized = 288.000144550215
                  charge after normalized = 288
                 charge before normalized = 288.000144550233
                  charge after normalized = 288
                 charge before normalized = 288.000144550221
                  charge after normalized = 288
                            startmag_type = 2
                       charge from rho_at = 3.95377434289291
                         charge should be = 4
                       charge from rho_at = 3.99303358802097
                         charge should be = 4

 SETUP ATOMIC RHO FOR SPIN 1
                 Electron number from rho = 288
           total electron number from rho = 288
                                should be = 288
                            startmag_type = 2
                       charge from rho_at = 3.95377434289291
                         charge should be = 4
                       charge from rho_at = 3.99303358802097
                         charge should be = 4

 SETUP ATOMIC RHO FOR SPIN 1
                 Electron number from rho = 288
           total electron number from rho = 288
                                should be = 288
      Processor           Atom
              1             62
              2             63
              3             61
              4             57
              5             61
              6             63
              7             61
              8             57
              9             62
             10             62
             11             57
             12             59
             13             62
             14             62
             15             60
             16             59
                 charge before normalized = 288
                  charge after normalized = 288
                 charge before normalized = 288.000144660787
                  charge after normalized = 288
                 charge before normalized = 288.000144665258
                  charge after normalized = 288
                 charge before normalized = 288.000144666417
                  charge after normalized = 288
                 charge before normalized = 288.000144658865
                  charge after normalized = 288
                 charge before normalized = 288.000144664972
                  charge after normalized = 288
                 charge before normalized = 288.000144661019
                  charge after normalized = 288
                 charge before normalized = 288.000144662282
                  charge after normalized = 288
                 charge before normalized = 288.000144662057
                  charge after normalized = 288
                 charge before normalized = 288.000144662285
                  charge after normalized = 288
                 charge before normalized = 288.000144662185
                  charge after normalized = 288
                 charge before normalized = 288.000144662209
                  charge after normalized = 288
                 charge before normalized = 288.000144662203
                  charge after normalized = 288
                            startmag_type = 2
                       charge from rho_at = 3.95377434289291
                         charge should be = 4
                       charge from rho_at = 3.99303358802097
                         charge should be = 4

 SETUP ATOMIC RHO FOR SPIN 1
                 Electron number from rho = 288
           total electron number from rho = 288
                                should be = 288
                            startmag_type = 2
                       charge from rho_at = 3.95377434289291
                         charge should be = 4
                       charge from rho_at = 3.99303358802097
                         charge should be = 4

 SETUP ATOMIC RHO FOR SPIN 1
                 Electron number from rho = 288
           total electron number from rho = 288
                                should be = 288
      Processor           Atom
              1             61
              2             63
              3             61
              4             58
              5             61
              6             63
              7             61
              8             57
              9             62
             10             62
             11             57
             12             59
             13             62
             14             62
             15             60
             16             58
                 charge before normalized = 288
                  charge after normalized = 288
                 charge before normalized = 288.000144717119
                  charge after normalized = 288
                 charge before normalized = 288.00014471897
                  charge after normalized = 288
                 charge before normalized = 288.000144735169
                  charge after normalized = 288
                 charge before normalized = 288.00014471723
                  charge after normalized = 288
                 charge before normalized = 288.000144725147
                  charge after normalized = 288
                 charge before normalized = 288.000144720327
                  charge after normalized = 288
                 charge before normalized = 288.000144722426
                  charge after normalized = 288
                 charge before normalized = 288.000144721808
                  charge after normalized = 288
                 charge before normalized = 288.000144721935
                  charge after normalized = 288
                 charge before normalized = 288.000144721902
                  charge after normalized = 288
                 charge before normalized = 288.000144721901
                  charge after normalized = 288
