 In SCAN_BEGIN, can't find: LATTICE_PARAMETERS block.
 In SCAN_BEGIN, can't find: <PP_MESH block.
 In SCAN_BEGIN, can't find: <PP_MESH block.
 AUTO_SET NBANDS to 0
 AUTO_SET NBANDS to 154
 cpu 2D distribution : 4*4
 but, the number of bands-row-block is 3
      Processor           Atom
              1             62
              2             62
              3             60
              4             62
              5             57
              6             63
              7             61
              8             62
              9             55
             10             61
             11             55
             12             61
             13             56
             14             63
             15             61
             16             60
                            startmag_type = 2
                       charge from rho_at = 3.95377
                         charge should be = 4
                            startmag_type = 2
                       charge from rho_at = 3.99303
                         charge should be = 4

 SETUP ATOMIC RHO FOR SPIN 1
                 Electron number from rho = 256
           total electron number from rho = 256
                                should be = 256
                 charge before normalized = 256
                  charge after normalized = 256
                 charge before normalized = 256.00010199759
                  charge after normalized = 256
                 charge before normalized = 256.000151834961
                  charge after normalized = 256
                 charge before normalized = 256.000122674883
                  charge after normalized = 256
                 charge before normalized = 256.000125436909
                  charge after normalized = 256
                 charge before normalized = 256.000121301248
                  charge after normalized = 256
                 charge before normalized = 256.000121702963
                  charge after normalized = 256
                 charge before normalized = 256.000121732899
                  charge after normalized = 256
                 charge before normalized = 256.000121925298
                  charge after normalized = 256
                 charge before normalized = 256.000121932459
                  charge after normalized = 256
                 charge before normalized = 256.000121912922
                  charge after normalized = 256
                 charge before normalized = 256.000121921676
                  charge after normalized = 256
                 charge before normalized = 256.000121923781
                  charge after normalized = 256
                 charge before normalized = 256.000121927999
                  charge after normalized = 256
                 charge before normalized = 256.000121925515
                  charge after normalized = 256
                 charge before normalized = 256.000121925609
                  charge after normalized = 256
                 charge before normalized = 256.000121925628
                  charge after normalized = 256
                 charge before normalized = 256.000121925615
                  charge after normalized = 256
                            startmag_type = 2
                       charge from rho_at = 3.95377434289291
                         charge should be = 4
                            startmag_type = 2
                       charge from rho_at = 3.99303358802097
                         charge should be = 4

 SETUP ATOMIC RHO FOR SPIN 1
                 Electron number from rho = 256
           total electron number from rho = 256
                                should be = 256
                            startmag_type = 2
                       charge from rho_at = 3.95377434289291
                         charge should be = 4
                            startmag_type = 2
                       charge from rho_at = 3.99303358802097
                         charge should be = 4

 SETUP ATOMIC RHO FOR SPIN 1
                 Electron number from rho = 256
           total electron number from rho = 256
                                should be = 256
      Processor           Atom
              1             62
              2             62
              3             60
              4             62
              5             57
              6             63
              7             61
              8             62
              9             55
             10             61
             11             55
             12             61
             13             56
             14             63
             15             61
             16             60
                 charge before normalized = 256
                  charge after normalized = 256
                 charge before normalized = 256.000121902232
                  charge after normalized = 256
                 charge before normalized = 256.000121888342
                  charge after normalized = 256
                 charge before normalized = 256.000121916617
                  charge after normalized = 256
                 charge before normalized = 256.000121898944
                  charge after normalized = 256
                 charge before normalized = 256.00012190172
                  charge after normalized = 256
                 charge before normalized = 256.000121900332
                  charge after normalized = 256
                 charge before normalized = 256.000121900981
                  charge after normalized = 256
                 charge before normalized = 256.000121900914
                  charge after normalized = 256
                 charge before normalized = 256.000121900938
                  charge after normalized = 256
                            startmag_type = 2
                       charge from rho_at = 3.95377434289291
                         charge should be = 4
                            startmag_type = 2
                       charge from rho_at = 3.99303358802097
                         charge should be = 4

 SETUP ATOMIC RHO FOR SPIN 1
                 Electron number from rho = 256
           total electron number from rho = 256
                                should be = 256
                            startmag_type = 2
                       charge from rho_at = 3.95377434289291
                         charge should be = 4
                            startmag_type = 2
                       charge from rho_at = 3.99303358802097
                         charge should be = 4

 SETUP ATOMIC RHO FOR SPIN 1
                 Electron number from rho = 256
           total electron number from rho = 256
                                should be = 256
      Processor           Atom
              1             61
              2             62
              3             60
              4             62
              5             57
              6             63
              7             61
              8             63
              9             55
             10             61
             11             56
             12             61
             13             56
             14             63
             15             61
             16             59
                 charge before normalized = 256
                  charge after normalized = 256
                 charge before normalized = 256.000121904976
                  charge after normalized = 256
                 charge before normalized = 256.000121890239
                  charge after normalized = 256
                 charge before normalized = 256.000121921853
                  charge after normalized = 256
                 charge before normalized = 256.00012189549
                  charge after normalized = 256
                 charge before normalized = 256.00012190422
                  charge after normalized = 256
                 charge before normalized = 256.000121899589
                  charge after normalized = 256
                 charge before normalized = 256.000121901445
                  charge after normalized = 256
                 charge before normalized = 256.000121900742
                  charge after normalized = 256
                 charge before normalized = 256.000121901049
                  charge after normalized = 256
                 charge before normalized = 256.000121900962
                  charge after normalized = 256
                            startmag_type = 2
                       charge from rho_at = 3.95377434289291
                         charge should be = 4
                            startmag_type = 2
                       charge from rho_at = 3.99303358802097
                         charge should be = 4

 SETUP ATOMIC RHO FOR SPIN 1
                 Electron number from rho = 256
           total electron number from rho = 256
                                should be = 256
                            startmag_type = 2
                       charge from rho_at = 3.95377434289291
                         charge should be = 4
                            startmag_type = 2
                       charge from rho_at = 3.99303358802097
                         charge should be = 4

 SETUP ATOMIC RHO FOR SPIN 1
                 Electron number from rho = 256
           total electron number from rho = 256
                                should be = 256
      Processor           Atom
              1             61
              2             62
              3             59
              4             62
              5             58
              6             63
              7             61
              8             63
              9             55
             10             61
             11             56
             12             61
             13             56
             14             63
             15             61
             16             59
                 charge before normalized = 256
                  charge after normalized = 256
                 charge before normalized = 256.000121768076
                  charge after normalized = 256
                 charge before normalized = 256.000121760296
                  charge after normalized = 256
                 charge before normalized = 256.00012178421
                  charge after normalized = 256
                 charge before normalized = 256.000121758254
                  charge after normalized = 256
                 charge before normalized = 256.00012177311
                  charge after normalized = 256
                 charge before normalized = 256.000121764853
                  charge after normalized = 256
                 charge before normalized = 256.000121767999
                  charge after normalized = 256
                 charge before normalized = 256.000121767011
                  charge after normalized = 256
                 charge before normalized = 256.00012176733
                  charge after normalized = 256
                 charge before normalized = 256.000121767264
                  charge after normalized = 256
                            startmag_type = 2
                       charge from rho_at = 3.95377434289291
                         charge should be = 4
                            startmag_type = 2
                       charge from rho_at = 3.99303358802097
                         charge should be = 4

 SETUP ATOMIC RHO FOR SPIN 1
                 Electron number from rho = 256
           total electron number from rho = 256
                                should be = 256
                            startmag_type = 2
                       charge from rho_at = 3.95377434289291
                         charge should be = 4
                            startmag_type = 2
                       charge from rho_at = 3.99303358802097
                         charge should be = 4

 SETUP ATOMIC RHO FOR SPIN 1
                 Electron number from rho = 256
           total electron number from rho = 256
                                should be = 256
      Processor           Atom
              1             61
              2             62
              3             59
              4             62
              5             58
              6             63
              7             61
              8             63
              9             55
             10             61
             11             56
             12             61
             13             56
             14             63
             15             61
             16             59
                 charge before normalized = 256
                  charge after normalized = 256
                 charge before normalized = 256.000121741082
                  charge after normalized = 256
                 charge before normalized = 256.00012173775
                  charge after normalized = 256
                 charge before normalized = 256.000121752493
                  charge after normalized = 256
                 charge before normalized = 256.000121734853
                  charge after normalized = 256
                 charge before normalized = 256.000121744398
                  charge after normalized = 256
                 charge before normalized = 256.000121737698
                  charge after normalized = 256
                 charge before normalized = 256.00012174135
                  charge after normalized = 256
                 charge before normalized = 256.000121739762
                  charge after normalized = 256
                 charge before normalized = 256.000121740131
                  charge after normalized = 256
                 charge before normalized = 256.000121740064
                  charge after normalized = 256
                 charge before normalized = 256.000121740097
                  charge after normalized = 256
                            startmag_type = 2
                       charge from rho_at = 3.95377434289291
                         charge should be = 4
                            startmag_type = 2
                       charge from rho_at = 3.99303358802097
                         charge should be = 4

 SETUP ATOMIC RHO FOR SPIN 1
                 Electron number from rho = 256
           total electron number from rho = 256
                                should be = 256
                            startmag_type = 2
                       charge from rho_at = 3.95377434289291
                         charge should be = 4
                            startmag_type = 2
                       charge from rho_at = 3.99303358802097
                         charge should be = 4

 SETUP ATOMIC RHO FOR SPIN 1
                 Electron number from rho = 256
           total electron number from rho = 256
                                should be = 256
      Processor           Atom
              1             61
              2             62
              3             59
              4             62
              5             57
              6             62
              7             61
              8             63
              9             55
             10             61
             11             56
             12             61
             13             56
             14             63
             15             61
             16             59
                 charge before normalized = 256
                  charge after normalized = 256
                 charge before normalized = 256.000121664062
                  charge after normalized = 256
                 charge before normalized = 256.00012164228
                  charge after normalized = 256
                 charge before normalized = 256.000121682347
                  charge after normalized = 256
                 charge before normalized = 256.000121646707
                  charge after normalized = 256
                 charge before normalized = 256.000121662827
                  charge after normalized = 256
                 charge before normalized = 256.00012165455
                  charge after normalized = 256
                 charge before normalized = 256.000121657516
                  charge after normalized = 256
                 charge before normalized = 256.000121656282
                  charge after normalized = 256
                 charge before normalized = 256.000121656801
                  charge after normalized = 256
                 charge before normalized = 256.000121656698
                  charge after normalized = 256
                 charge before normalized = 256.000121656711
                  charge after normalized = 256
                            startmag_type = 2
                       charge from rho_at = 3.95377434289291
                         charge should be = 4
                            startmag_type = 2
                       charge from rho_at = 3.99303358802097
                         charge should be = 4

 SETUP ATOMIC RHO FOR SPIN 1
                 Electron number from rho = 256
           total electron number from rho = 256
                                should be = 256
                            startmag_type = 2
                       charge from rho_at = 3.95377434289291
                         charge should be = 4
                            startmag_type = 2
                       charge from rho_at = 3.99303358802097
                         charge should be = 4

 SETUP ATOMIC RHO FOR SPIN 1
                 Electron number from rho = 256
           total electron number from rho = 256
                                should be = 256
      Processor           Atom
              1             61
              2             62
              3             59
              4             62
              5             58
              6             62
              7             61
              8             63
              9             55
             10             61
             11             56
             12             61
             13             57
             14             63
             15             61
             16             59
                 charge before normalized = 256
                  charge after normalized = 256
                 charge before normalized = 256.000121672628
                  charge after normalized = 256
                 charge before normalized = 256.000121621419
                  charge after normalized = 256
                 charge before normalized = 256.000121743472
                  charge after normalized = 256
                 charge before normalized = 256.000121654661
                  charge after normalized = 256
                 charge before normalized = 256.000121670656
                  charge after normalized = 256
                 charge before normalized = 256.000121662671
                  charge after normalized = 256
                 charge before normalized = 256.000121666593
                  charge after normalized = 256
                 charge before normalized = 256.0001216655
                  charge after normalized = 256
                 charge before normalized = 256.000121665679
                  charge after normalized = 256
                 charge before normalized = 256.000121665606
                  charge after normalized = 256
                 charge before normalized = 256.000121665611
                  charge after normalized = 256
                            startmag_type = 2
                       charge from rho_at = 3.95377434289291
                         charge should be = 4
                            startmag_type = 2
                       charge from rho_at = 3.99303358802097
                         charge should be = 4

 SETUP ATOMIC RHO FOR SPIN 1
                 Electron number from rho = 256
           total electron number from rho = 256
                                should be = 256
                            startmag_type = 2
                       charge from rho_at = 3.95377434289291
                         charge should be = 4
                            startmag_type = 2
                       charge from rho_at = 3.99303358802097
                         charge should be = 4

 SETUP ATOMIC RHO FOR SPIN 1
                 Electron number from rho = 256
           total electron number from rho = 256
                                should be = 256
      Processor           Atom
              1             61
              2             62
              3             59
              4             62
              5             59
              6             63
              7             61
              8             63
              9             55
             10             61
             11             56
             12             61
             13             56
             14             63
             15             61
             16             59
                 charge before normalized = 256
                  charge after normalized = 256
                 charge before normalized = 256.000121575976
                  charge after normalized = 256
                 charge before normalized = 256.000121532041
                  charge after normalized = 256
                 charge before normalized = 256.000121626335
                  charge after normalized = 256
                 charge before normalized = 256.000121551826
                  charge after normalized = 256
                 charge before normalized = 256.000121570528
                  charge after normalized = 256
                 charge before normalized = 256.000121562433
                  charge after normalized = 256
                 charge before normalized = 256.000121565475
                  charge after normalized = 256
                 charge before normalized = 256.000121564526
                  charge after normalized = 256
                 charge before normalized = 256.000121564824
                  charge after normalized = 256
                 charge before normalized = 256.000121564695
                  charge after normalized = 256
                 charge before normalized = 256.000121564737
                  charge after normalized = 256
                 charge before normalized = 256.000121564706
                  charge after normalized = 256
                            startmag_type = 2
                       charge from rho_at = 3.95377434289291
                         charge should be = 4
                            startmag_type = 2
                       charge from rho_at = 3.99303358802097
                         charge should be = 4

 SETUP ATOMIC RHO FOR SPIN 1
                 Electron number from rho = 256
           total electron number from rho = 256
                                should be = 256
                            startmag_type = 2
                       charge from rho_at = 3.95377434289291
                         charge should be = 4
                            startmag_type = 2
                       charge from rho_at = 3.99303358802097
                         charge should be = 4

 SETUP ATOMIC RHO FOR SPIN 1
                 Electron number from rho = 256
           total electron number from rho = 256
                                should be = 256
      Processor           Atom
              1             61
              2             62
              3             59
              4             62
              5             59
              6             63
              7             61
              8             64
              9             55
             10             62
             11             56
             12             61
             13             58
             14             63
             15             61
             16             59
                 charge before normalized = 256
                  charge after normalized = 256
                 charge before normalized = 256.000121592989
                  charge after normalized = 256
                 charge before normalized = 256.000121571093
                  charge after normalized = 256
                 charge before normalized = 256.000121618215
                  charge after normalized = 256
                 charge before normalized = 256.00012157337
                  charge after normalized = 256
                 charge before normalized = 256.000121591318
                  charge after normalized = 256
                 charge before normalized = 256.000121580898
                  charge after normalized = 256
                 charge before normalized = 256.000121586642
                  charge after normalized = 256
                 charge before normalized = 256.00012158451
                  charge after normalized = 256
                 charge before normalized = 256.00012158491
                  charge after normalized = 256
                 charge before normalized = 256.000121584849
                  charge after normalized = 256
                 charge before normalized = 256.000121584844
                  charge after normalized = 256
                 charge before normalized = 256.000121584848
                  charge after normalized = 256
                            startmag_type = 2
                       charge from rho_at = 3.95377434289291
                         charge should be = 4
                            startmag_type = 2
                       charge from rho_at = 3.99303358802097
                         charge should be = 4

 SETUP ATOMIC RHO FOR SPIN 1
                 Electron number from rho = 256
           total electron number from rho = 256
                                should be = 256
                            startmag_type = 2
                       charge from rho_at = 3.95377434289291
                         charge should be = 4
                            startmag_type = 2
                       charge from rho_at = 3.99303358802097
                         charge should be = 4

 SETUP ATOMIC RHO FOR SPIN 1
                 Electron number from rho = 256
           total electron number from rho = 256
                                should be = 256
      Processor           Atom
              1             61
              2             62
              3             59
              4             62
              5             59
              6             63
              7             61
              8             64
              9             55
             10             62
             11             56
             12             60
             13             58
             14             63
             15             61
             16             59
                 charge before normalized = 256
                  charge after normalized = 256
                 charge before normalized = 256.000121531457
                  charge after normalized = 256
                 charge before normalized = 256.000121504292
                  charge after normalized = 256
                 charge before normalized = 256.000121568418
                  charge after normalized = 256
                 charge before normalized = 256.000121508079
                  charge after normalized = 256
                 charge before normalized = 256.000121530153
                  charge after normalized = 256
                 charge before normalized = 256.000121519036
                  charge after normalized = 256
                 charge before normalized = 256.000121524051
                  charge after normalized = 256
                 charge before normalized = 256.000121522029
                  charge after normalized = 256
                 charge before normalized = 256.000121522621
                  charge after normalized = 256
                 charge before normalized = 256.000121522523
                  charge after normalized = 256
                 charge before normalized = 256.000121522524
                  charge after normalized = 256
                 charge before normalized = 256.000121522503
                  charge after normalized = 256
                            startmag_type = 2
                       charge from rho_at = 3.95377434289291
                         charge should be = 4
                            startmag_type = 2
                       charge from rho_at = 3.99303358802097
                         charge should be = 4

 SETUP ATOMIC RHO FOR SPIN 1
                 Electron number from rho = 256
           total electron number from rho = 256
                                should be = 256
                            startmag_type = 2
                       charge from rho_at = 3.95377434289291
                         charge should be = 4
                            startmag_type = 2
                       charge from rho_at = 3.99303358802097
                         charge should be = 4

 SETUP ATOMIC RHO FOR SPIN 1
                 Electron number from rho = 256
           total electron number from rho = 256
                                should be = 256
      Processor           Atom
              1             60
              2             61
              3             59
              4             62
              5             59
              6             62
              7             61
              8             64
              9             55
             10             62
             11             56
             12             60
             13             56
             14             63
             15             61
             16             59
                 charge before normalized = 256
                  charge after normalized = 256
                 charge before normalized = 256.000121502468
                  charge after normalized = 256
                 charge before normalized = 256.000121499029
                  charge after normalized = 256
                 charge before normalized = 256.000121523061
                  charge after normalized = 256
                 charge before normalized = 256.000121491191
                  charge after normalized = 256
                 charge before normalized = 256.000121506032
                  charge after normalized = 256
                 charge before normalized = 256.000121498535
                  charge after normalized = 256
                 charge before normalized = 256.000121501496
                  charge after normalized = 256
                 charge before normalized = 256.00012149984
                  charge after normalized = 256
                 charge before normalized = 256.000121500359
                  charge after normalized = 256
                 charge before normalized = 256.000121500246
                  charge after normalized = 256
                 charge before normalized = 256.000121500288
                  charge after normalized = 256
                 charge before normalized = 256.000121500259
                  charge after normalized = 256
