                                                                                     
                              ABACUS v3.9.0.25

               Atomic-orbital Based Ab-initio Computation at UStc                    

                     Website: http://abacus.ustc.edu.cn/                             
               Documentation: https://abacus.deepmodeling.com/                       
                  Repository: https://github.com/abacusmodeling/abacus-develop       
                              https://github.com/deepmodeling/abacus-develop         
                      Commit: 5d834e975 (Mon Mar 9 11:19:58 2026 +0800)

    Start Time is Tue Mar 17 17:19:07 2026
                                                                                     
 ------------------------------------------------------------------------------------

 READING GENERAL INFORMATION
                           global_out_dir = OUT.ABACUS/
                           global_in_card = INPUT
                               pseudo_dir = 
                              orbital_dir = 
                                    DRANK = 1
                                    DSIZE = 8
                                   DCOLOR = 1
                                    GRANK = 1
                                    GSIZE = 1


 >>>>>>>>>>>>>>>>>>>>>>>>>>>>>>>>>>>>>>>>>>>>>>>>>>>>>>>>>>>>>>>>>>>>>>
 |                                                                    |
 |                        #Setup Unitcell#                            |
 | From the input file and the structure file we know the number of   |
 | different elments in this unitcell, then we list the detail        |
 | information for each element, especially the zeta and polar atomic |
 | orbital number for each element. The total atom number is counted. |
 | We calculate the nearest atom distance for each atom and show the  |
 | Cartesian and Direct coordinates for each atom. We list the file   |
 | address for atomic orbitals. The volume and the lattice vectors    |
 | in real and reciprocal space is also shown.                        |
 |                                                                    |
 <<<<<<<<<<<<<<<<<<<<<<<<<<<<<<<<<<<<<<<<<<<<<<<<<<<<<<<<<<<<<<<<<<<<<<

 READING UNITCELL INFORMATION
                       Number of elements = 2
                  Lattice constant (Bohr) = 1.88972
              Lattice constant (Angstrom) = 0.999996

 READING ATOM TYPE 1
                               Atom label = Mo
                      L=0, number of zeta = 1
                      L=1, number of zeta = 1
                      L=2, number of zeta = 1
            Number of atoms for this type = 4

 READING ATOM TYPE 2
                               Atom label = S
                      L=0, number of zeta = 1
                      L=1, number of zeta = 1
                      L=2, number of zeta = 1
            Number of atoms for this type = 8

                        TOTAL ATOM NUMBER = 12

 DIRECT COORDINATES
 atom                  x                  y                  z     mag
   Mo     0.185987499999     0.333332400000     0.333333799999  0.0000
   Mo     0.185987499999     0.333332400000     0.833333799999  0.0000
   Mo     0.185987499999     0.833332400000     0.333333799999  0.0000
   Mo     0.185987499999     0.833332400000     0.833333799999  0.0000
    S     0.264231700001     0.166666200001     0.166666900001  0.0000
    S     0.107743299999     0.166666200001     0.166666900001  0.0000
    S     0.264231700001     0.166666200001     0.666666900001  0.0000
    S     0.107743299999     0.166666200001     0.666666900001  0.0000
    S     0.264231700001     0.666666200001     0.166666900001  0.0000
    S     0.107743299999     0.666666200001     0.166666900001  0.0000
    S     0.264231700001     0.666666200001     0.666666900001  0.0000
    S     0.107743299999     0.666666200001     0.666666900001  0.0000

 ATOMIC VELOCITIES
 atom                 vx                 vy                 vz
   Mo                  0                  0                  0
   Mo                  0                  0                  0
   Mo                  0                  0                  0
   Mo                  0                  0                  0
    S                  0                  0                  0
    S                  0                  0                  0
    S                  0                  0                  0
    S                  0                  0                  0
    S                  0                  0                  0
    S                  0                  0                  0
    S                  0                  0                  0
    S                  0                  0                  0

                     Cell volume (Bohr^3) = 4758.61
                        Cell volume (A^3) = 705.153

 Lattice vectors: (Cartesian coordinate: in unit of a_0)
                  +20                  +0                  +0
                   +0            +6.38064                  +0
                   +0            +3.19032            +5.52578
 Reciprocal vectors: (Cartesian coordinate: in unit of 2 pi/a_0)
                +0.05                  -0                  +0
                   -0           +0.156724           -0.090485
                   +0                  -0            +0.18097

 #ENERGY SOLVER# ksdft_pw
 RUNNING WITH DEVICE  : CPU / Intel(R) Xeon(R) Gold 6132 CPU @ 2.60GHz (x2)


 >>>>>>>>>>>>>>>>>>>>>>>>>>>>>>>>>>>>>>>>>>>>>>>>>>>>>>>>>>>>>>>>>>>>>>
 |                                                                    |
 |                 #Read Pseudopotentials Files#                      |
 | ABACUS supports norm-conserving (NC) pseudopotentials for both     |
 | plane wave basis and numerical atomic orbital basis sets.          |
 | In addition, ABACUS supports ultrasoft pseudopotentials (USPP)     |
 | for plane wave basis set.                                          |
 |                                                                    |
 <<<<<<<<<<<<<<<<<<<<<<<<<<<<<<<<<<<<<<<<<<<<<<<<<<<<<<<<<<<<<<<<<<<<<<

                PAO radial cut off (Bohr) = 15
                     Pseudopotential file = ./Mo.upf
                     Pseudopotential type = NC
          Exchange-correlation functional = PBE
                 Nonlocal core correction = 1
                        Valence electrons = 14
                                     Lmax = 2
                           Number of zeta = 4
                     Number of projectors = 6
                           L of projector = 0
                           L of projector = 0
                           L of projector = 1
                           L of projector = 1
                           L of projector = 2
                           L of projector = 2
                PAO radial cut off (Bohr) = 15
                     Pseudopotential file = ./S.upf
                     Pseudopotential type = NC
          Exchange-correlation functional = PBE
                 Nonlocal core correction = 1
                        Valence electrons = 6
                                     Lmax = 2
                           Number of zeta = 2
                     Number of projectors = 6
                           L of projector = 0
                           L of projector = 0
                           L of projector = 1
                           L of projector = 1
                           L of projector = 2
                           L of projector = 2
         Number of pseudo atomic orbitals = 72
            Electron number of element Mo = 14
      Total electron number of element Mo = 56
             Electron number of element S = 6
       Total electron number of element S = 48
          Autoset the number of electrons = 104
               Occupied electronic states = 52
     Number of electronic states (NBANDS) = 62

%%%%%%%%%%%%%%%%%%%%%%%%%%%%%%%%%%%%%%%%%%%%%%%%%%%%%%%%%%%%%%%%%%%%%%%%%%%%%%%%%%%%%%%%%%%%%%%%%%%%%%%%%%
 Warning: the number of valence electrons in pseudopotential > 6 for Mo: [Kr] 4d5 5s1
 Pseudopotentials with additional electrons can yield (more) accurate outcomes, but may be less efficient.
 If you're confident that your chosen pseudopotential is appropriate, you can safely ignore this warning.
%%%%%%%%%%%%%%%%%%%%%%%%%%%%%%%%%%%%%%%%%%%%%%%%%%%%%%%%%%%%%%%%%%%%%%%%%%%%%%%%%%%%%%%%%%%%%%%%%%%%%%%%%%
                  


 >>>>>>>>>>>>>>>>>>>>>>>>>>>>>>>>>>>>>>>>>>>>>>>>>>>>>>>>>>>>>>>>>>>>>>
 |                                                                    |
 |           #Setup Plane Waves of Charge/Potential#                  |
 | Use the kinetic energy cutoff and the lattice vectors to generate  |
 | the dimensions of FFT grid, which is used to represent the charge  |
 | density or potential. If USPP is used, a double grid technique     |
 | is applied.                                                        |
 |                                                                    |
 <<<<<<<<<<<<<<<<<<<<<<<<<<<<<<<<<<<<<<<<<<<<<<<<<<<<<<<<<<<<<<<<<<<<<<

 SETUP PLANE WAVES FOR CHARGE/POTENTIAL
 FFT DIMENSIONS ARE FROM INPUT
 KINETIC ENEGY CUTOFF IS DETERMINED FROM nx, ny, nz
  Energy cutoff for charge/potential (Ry) = 278.059
            FFT grid for charge/potential = [ 256, 64, 64 ]
           Number of FFT grids this proc. = 131072
                Division for big FFT grid = [ 1, 1, 1 ]
      FFT (big) grid for charge/potential = [ 256, 64, 64 ]
     Number of FFT (big) grids this proc. = 131072
                    Number of plane waves = 298765
        Number of sticks on FFT x-y plane = 8693

 PARALLEL PW FOR CHARGE/POTENTIAL
     PROC   COLUMNS(POT)             PW
        1           1086          37345
        2           1086          37345
        3           1086          37345
        4           1087          37346
        5           1087          37346
        6           1087          37346
        7           1087          37346
        8           1087          37346
 --------------- SUM -------------------
        8           8693         298765

                            Number of |g| = 16519
                                  Max |g| = 21.7093
                                  Min |g| = 0.0025


 >>>>>>>>>>>>>>>>>>>>>>>>>>>>>>>>>>>>>>>>>>>>>>>>>>>>>>>>>>>>>>>>>>>>>>
 |                                                                    |
 |                      #Symmetry Analysis#                           |
 | We calculate the norm of 3 vectors and the angles between them,    |
 | the type of Bravais lattice is given. We can judge if the unticell |
 | is a primitive cell. Finally we give the point group operation for |
 | this unitcell. We use the point group operations to perform        |
 | symmetry analysis on given k-point mesh and the charge density.    |
 |                                                                    |
 <<<<<<<<<<<<<<<<<<<<<<<<<<<<<<<<<<<<<<<<<<<<<<<<<<<<<<<<<<<<<<<<<<<<<<

 LATTICE VECTORS: (CARTESIAN COORDINATE: IN UNIT OF A0)
                  +20                  +0                  +0
                   +0            +6.38064                  +0
                   +0            +3.19032            +5.52578
                     Right-handed lattice = 1
                                   NORM_A = 20
                                   NORM_B = 6.38064
                                   NORM_C = 6.38063
                           ALPHA (DEGREE) = 59.9999
                           BETA  (DEGREE) = 90
                           GAMMA (DEGREE) = 90

 The lattice vectors have been changed (STRU_SIMPLE.cif)

 For optimal symmetric configuration:
                             BRAVAIS TYPE = 11
                     BRAVAIS LATTICE NAME = 11. Orthorhombic C (base-centered)
                                    ibrav = 11
                                    IBRAV = 11
                                  BRAVAIS = BASE CENTERED ORTHORHOMBIC CELL
                       LATTICE CONSTANT A = 6.38064
                                B/A RATIO = 1.73205
                                C/A RATIO = 3.13448
                     Right-handed lattice = 1
(for primitive cell:)
                                    IBRAV = 11
                                  BRAVAIS = BASE CENTERED ORTHORHOMBIC CELL
                       LATTICE CONSTANT A = 3.19032
                                B/A RATIO = 1.73205
                                C/A RATIO = 6.26896
optimized lattice volume: 705.16
optimized primitive cell volume: 176.29
Original cell was built up by 4 primitive cells.
              Number of rotation matrices = 8
              PURE POINT GROUP OPERATIONS = 1
                   SPACE GROUP OPERATIONS = 4
                              POINT GROUP = C_1
                                       C2 = 1
                                       C3 = 0
                                       C4 = 0
                                       C6 = 0
                                       S1 = 2
                                       S3 = 0
                                       S4 = 0
                                       S6 = 0
               POINT GROUP IN SPACE GROUP = C_2v
 DONE : SYMMETRY Time : 0.111447 (SEC)

 DONE : SETUP UNITCELL Time : 0.111463 (SEC)


 >>>>>>>>>>>>>>>>>>>>>>>>>>>>>>>>>>>>>>>>>>>>>>>>>>>>>>>>>>>>>>>>>>>>>>
 |                                                                    |
 |                       #Setup K-points#                             |
 | We setup the k-points according to input parameters.               |
 | The reduced k-points are set according to symmetry operations.     |
 | We treat the spin as another set of k-points.                      |
 |                                                                    |
 <<<<<<<<<<<<<<<<<<<<<<<<<<<<<<<<<<<<<<<<<<<<<<<<<<<<<<<<<<<<<<<<<<<<<<


 SETUP K-POINTS
                                    nspin = 1
                   Input type of k points = Monkhorst-Pack(Gamma)
                                   nkstot = 49
                     Right-handed lattice = 1

 For reciprocal-space lattice
                     Bravais lattice type = 11
                     Bravais lattice name = 11. Orthorhombic C (base-centered)
                     Right-handed lattice = 1

 For k-vectors
                     Bravais lattice type = 11
                     Bravais lattice name = 11. Orthorhombic C (base-centered)
                     Right-handed lattice = 1
              Number of rotation matrices = 8
           Number of irreducible k-points = 25

 K-POINTS REDUCTION ACCORDING TO SYMMETRY
     IBZ    DIRECT_X    DIRECT_Y    DIRECT_Z  WEIGHT  ibz2bz
       1  0.00000000  0.00000000  0.00000000  0.0204       0
       2  0.00000000  0.14285714  0.00000000  0.0408       1
       3  0.00000000  0.28571429  0.00000000  0.0408       2
       4  0.00000000  0.42857143  0.00000000  0.0408       3
       5  0.00000000  0.00000000  0.14285714  0.0408       7
       6  0.00000000  0.14285714  0.14285714  0.0408       8
       7  0.00000000  0.28571429  0.14285714  0.0408       9
       8  0.00000000  0.42857143  0.14285714  0.0408      10
       9  0.00000000  0.42857143 -0.14285714  0.0408      11
      10  0.00000000  0.28571429 -0.14285714  0.0408      12
      11  0.00000000 -0.14285714  0.14285714  0.0408      13
      12  0.00000000  0.00000000  0.28571429  0.0408      14
      13  0.00000000  0.14285714  0.28571429  0.0408      15
      14  0.00000000  0.28571429  0.28571429  0.0408      16
      15  0.00000000  0.42857143  0.28571429  0.0408      17
      16  0.00000000  0.42857143 -0.28571429  0.0408      18
      17  0.00000000 -0.28571429  0.28571429  0.0408      19
      18  0.00000000 -0.14285714  0.28571429  0.0408      20
      19  0.00000000  0.00000000  0.42857143  0.0408      21
      20  0.00000000  0.14285714  0.42857143  0.0408      22
      21  0.00000000  0.28571429  0.42857143  0.0408      23
      22  0.00000000  0.42857143  0.42857143  0.0408      24
      23  0.00000000 -0.42857143  0.42857143  0.0408      25
      24  0.00000000 -0.28571429  0.42857143  0.0408      26
      25  0.00000000 -0.14285714  0.42857143  0.0408      27

                               nkstot now = 25
 K-POINTS DIRECT COORDINATES
 KPOINTS    DIRECT_X    DIRECT_Y    DIRECT_Z  WEIGHT
       1  0.00000000  0.00000000  0.00000000  0.0204
       2  0.00000000  0.14285714  0.00000000  0.0408
       3  0.00000000  0.28571429  0.00000000  0.0408
       4  0.00000000  0.42857143  0.00000000  0.0408
       5  0.00000000  0.00000000  0.14285714  0.0408
       6  0.00000000  0.14285714  0.14285714  0.0408
       7  0.00000000  0.28571429  0.14285714  0.0408
       8  0.00000000  0.42857143  0.14285714  0.0408
       9  0.00000000  0.42857143 -0.14285714  0.0408
      10  0.00000000  0.28571429 -0.14285714  0.0408
      11  0.00000000 -0.14285714  0.14285714  0.0408
      12  0.00000000  0.00000000  0.28571429  0.0408
      13  0.00000000  0.14285714  0.28571429  0.0408
      14  0.00000000  0.28571429  0.28571429  0.0408
      15  0.00000000  0.42857143  0.28571429  0.0408
      16  0.00000000  0.42857143 -0.28571429  0.0408
      17  0.00000000 -0.28571429  0.28571429  0.0408
      18  0.00000000 -0.14285714  0.28571429  0.0408
      19  0.00000000  0.00000000  0.42857143  0.0408
      20  0.00000000  0.14285714  0.42857143  0.0408
      21  0.00000000  0.28571429  0.42857143  0.0408
      22  0.00000000  0.42857143  0.42857143  0.0408
      23  0.00000000 -0.42857143  0.42857143  0.0408
      24  0.00000000 -0.28571429  0.42857143  0.0408
      25  0.00000000 -0.14285714  0.42857143  0.0408


       Number of k-points in this process = 25
       Minimum distributed k-point number = 25

 K-POINTS CARTESIAN COORDINATES
 KPOINTS CARTESIAN_X CARTESIAN_Y CARTESIAN_Z  WEIGHT
       1  0.00000000  0.00000000  0.00000000  0.0408
       2  0.00000000  0.02238916 -0.01292642  0.0816
       3  0.00000000  0.04477831 -0.02585285  0.0816
       4  0.00000000  0.06716747 -0.03877927  0.0816
       5  0.00000000  0.00000000  0.02585285  0.0816
       6  0.00000000  0.02238916  0.01292642  0.0816
       7  0.00000000  0.04477831  0.00000000  0.0816
       8  0.00000000  0.06716747 -0.01292642  0.0816
       9  0.00000000  0.06716747 -0.06463212  0.0816
      10  0.00000000  0.04477831 -0.05170569  0.0816
      11  0.00000000 -0.02238916  0.03877927  0.0816
      12  0.00000000  0.00000000  0.05170569  0.0816
      13  0.00000000  0.02238916  0.03877927  0.0816
      14  0.00000000  0.04477831  0.02585285  0.0816
      15  0.00000000  0.06716747  0.01292642  0.0816
      16  0.00000000  0.06716747 -0.09048496  0.0816
      17  0.00000000 -0.04477831  0.07755854  0.0816
      18  0.00000000 -0.02238916  0.06463212  0.0816
      19  0.00000000  0.00000000  0.07755854  0.0816
      20  0.00000000  0.02238916  0.06463212  0.0816
      21  0.00000000  0.04477831  0.05170569  0.0816
      22  0.00000000  0.06716747  0.03877927  0.0816
      23  0.00000000 -0.06716747  0.11633781  0.0816
      24  0.00000000 -0.04477831  0.10341139  0.0816
      25  0.00000000 -0.02238916  0.09048496  0.0816


 K-POINTS DIRECT COORDINATES
 KPOINTS    DIRECT_X    DIRECT_Y    DIRECT_Z  WEIGHT
       1  0.00000000  0.00000000  0.00000000  0.0408
       2  0.00000000  0.14285714  0.00000000  0.0816
       3  0.00000000  0.28571429  0.00000000  0.0816
       4  0.00000000  0.42857143  0.00000000  0.0816
       5  0.00000000  0.00000000  0.14285714  0.0816
       6  0.00000000  0.14285714  0.14285714  0.0816
       7  0.00000000  0.28571429  0.14285714  0.0816
       8  0.00000000  0.42857143  0.14285714  0.0816
       9  0.00000000  0.42857143 -0.14285714  0.0816
      10  0.00000000  0.28571429 -0.14285714  0.0816
      11  0.00000000 -0.14285714  0.14285714  0.0816
      12  0.00000000  0.00000000  0.28571429  0.0816
      13  0.00000000  0.14285714  0.28571429  0.0816
      14  0.00000000  0.28571429  0.28571429  0.0816
      15  0.00000000  0.42857143  0.28571429  0.0816
      16  0.00000000  0.42857143 -0.28571429  0.0816
      17  0.00000000 -0.28571429  0.28571429  0.0816
      18  0.00000000 -0.14285714  0.28571429  0.0816
      19  0.00000000  0.00000000  0.42857143  0.0816
      20  0.00000000  0.14285714  0.42857143  0.0816
      21  0.00000000  0.28571429  0.42857143  0.0816
      22  0.00000000  0.42857143  0.42857143  0.0816
      23  0.00000000 -0.42857143  0.42857143  0.0816
      24  0.00000000 -0.28571429  0.42857143  0.0816
      25  0.00000000 -0.14285714  0.42857143  0.0816

 DONE : INIT K-POINTS Time : 0.195214 (SEC)

 XC:	101	130	

 >>>>>>>>>>>>>>>>>>>>>>>>>>>>>>>>>>>>>>>>>>>>>>>>>>>>>>>>>>>>>>>>>>>>>>
 |                                                                    |
 | Setup charge mixing parameters                                     |
 |                                                                    |
 <<<<<<<<<<<<<<<<<<<<<<<<<<<<<<<<<<<<<<<<<<<<<<<<<<<<<<<<<<<<<<<<<<<<<<

                              mixing_type = broyden
                              mixing_beta = 0.7
                               mixing_gg0 = 1
                           mixing_gg0_min = 0.1
                              mixing_ndim = 8


 >>>>>>>>>>>>>>>>>>>>>>>>>>>>>>>>>>>>>>>>>>>>>>>>>>>>>>>>>>>>>>>>>>>>>>
 |                                                                    |
 |              #Setup Plane Waves of Wave Functions#                 |
 | Use the kinetic energy cutoff and the lattice vectors to generate  |
 | the dimensions of FFT grid, which is used to represent the wave    |
 | functions of electrons.                                            |
 |                                                                    |
 <<<<<<<<<<<<<<<<<<<<<<<<<<<<<<<<<<<<<<<<<<<<<<<<<<<<<<<<<<<<<<<<<<<<<<

 SETUP PLANE WAVES FOR WAVE FUNCTIONS
     Energy cutoff for wavefunc (unit:Ry) = 60
              FFT grid for wave functions = [ 256, 64, 64 ]
              Number of total plane waves = 44331
        Number of sticks on FFT x-y plane = 2433

 PARALLEL PW FOR WAVE FUNCTIONS
     PROC   COLUMNS(POT)             PW
        1            304           5542
        2            304           5542
        3            304           5541
        4            304           5541
        5            304           5541
        6            304           5541
        7            304           5541
        8            305           5542
 --------------- sum -------------------
        8           2433          44331
 DONE : INIT PLANEWAVE Time : 0.22846 (SEC)

                                 init_chg = atomic
 DONE : LOCAL POTENTIAL Time : 0.89204 (SEC)


 SETUP NONLOCAL PSEUDOPOTENTIALS IN PLANE WAVE BASIS
 Mo non-local projectors:
 projector 1 L=0
 projector 2 L=0
 projector 3 L=1
 projector 4 L=1
 projector 5 L=2
 projector 6 L=2
 S non-local projectors:
 projector 1 L=0
 projector 2 L=0
 projector 3 L=1
 projector 4 L=1
 projector 5 L=2
 projector 6 L=2
      TOTAL NUMBER OF NONLOCAL PROJECTORS = 216

 Warning_Memory_Consuming allocated:  VNL::vkb 15.4841 MB

 Init Non-Local PseudoPotential table : 
 Init Non-Local-Pseudopotential done.
 DONE : NON-LOCAL POTENTIAL Time : 0.978892 (SEC)

                                     npwx = 4698

 Warning_Memory_Consuming allocated:  Psi_PW 111.113 MB

 Using ATOMIC starting wave functions for all 72 atomic orbitals (covers 62 bands)

 Make real space PAO into reciprocal space.
       max mesh points in Pseudopotential = 1501
     dq(describe PAO in reciprocal space) = 0.01
                                    max q = 934

 number of pseudo atomic orbitals for Mo is 4
WARNING: norm of atomic wavefunction # 4 of atomic type Mo is 0.999998, renormalized

 number of pseudo atomic orbitals for S is 2
 DONE : INIT BASIS Time : 1.13333 (SEC)

 ================================================================
 SELF-CONSISTENT
 ================================================================

 Warning_Memory_Consuming allocated:  DiagSub::temp 5.16138 MB
 DONE : INIT SCF Time : 9.67965 (SEC)


 ++++++++++++++++++++++++++++++++++++++++++++++++++++++++++++++++++++++
 --> #ION MOVE#         1  #ELEC ITER#         1
 ++++++++++++++++++++++++++++++++++++++++++++++++++++++++++++++++++++++
 Average iterative diagonalization steps for k-points is 2
 current threshold of diagonalizaiton is 0.01
 Electron density deviation 1.81407
                          Diago Threshold = 0.01
 ----------------------------------------------------------
      Energy           Rydberg                 eV          
 ----------------------------------------------------------
  E_KohnSham     -738.1688863968      -10043.3029413109    
  E_Harris       -768.6616857681      -10458.1787607317    
  E_Fermi        0.0473661867         0.6444500310         
  E_gap(k)       0.1322675266         1.7995920220         
 ----------------------------------------------------------


 ++++++++++++++++++++++++++++++++++++++++++++++++++++++++++++++++++++++
 --> #ION MOVE#         1  #ELEC ITER#         2
 ++++++++++++++++++++++++++++++++++++++++++++++++++++++++++++++++++++++
 Average iterative diagonalization steps for k-points is 3
 current threshold of diagonalizaiton is 0.0017443
 Electron density deviation 6.62319
                          Diago Threshold = 0.0017443
 ----------------------------------------------------------
      Energy           Rydberg                 eV          
 ----------------------------------------------------------
  E_KohnSham     -738.0443406358      -10041.6084093002    
  E_Harris       -634.6630864757      -8635.0342863356     
  E_Fermi        -0.1434876459        -1.9522495764        
  E_gap(k)       0.0159908406         0.2175665484         
 ----------------------------------------------------------


 ++++++++++++++++++++++++++++++++++++++++++++++++++++++++++++++++++++++
 --> #ION MOVE#         1  #ELEC ITER#         3
 ++++++++++++++++++++++++++++++++++++++++++++++++++++++++++++++++++++++
 Average iterative diagonalization steps for k-points is 2
 current threshold of diagonalizaiton is 0.0017443
 Electron density deviation 0.103048
                          Diago Threshold = 0.0017443
 ----------------------------------------------------------
      Energy           Rydberg                 eV          
 ----------------------------------------------------------
  E_KohnSham     -739.0247589047      -10054.9476841799    
  E_Harris       -745.5697915646      -10143.9974219504    
  E_Fermi        0.0271274148         0.3690874136         
  E_gap(k)       0.1333411950         1.8142000304         
 ----------------------------------------------------------


 ++++++++++++++++++++++++++++++++++++++++++++++++++++++++++++++++++++++
 --> #ION MOVE#         1  #ELEC ITER#         4
 ++++++++++++++++++++++++++++++++++++++++++++++++++++++++++++++++++++++
 Average iterative diagonalization steps for k-points is 2.12
 current threshold of diagonalizaiton is 9.90844e-05
 Electron density deviation 0.0113868
                          Diago Threshold = 9.90844e-05
 ----------------------------------------------------------
      Energy           Rydberg                 eV          
 ----------------------------------------------------------
  E_KohnSham     -739.0417089685      -10055.1783016290    
  E_Harris       -739.1787892507      -10057.0433745504    
  E_Fermi        0.0243017963         0.3306429013         
  E_gap(k)       0.1262656198         1.7179318912         
 ----------------------------------------------------------


 ++++++++++++++++++++++++++++++++++++++++++++++++++++++++++++++++++++++
 --> #ION MOVE#         1  #ELEC ITER#         5
 ++++++++++++++++++++++++++++++++++++++++++++++++++++++++++++++++++++++
 Average iterative diagonalization steps for k-points is 2.12
 current threshold of diagonalizaiton is 1.09488e-05
 Electron density deviation 0.00152128
                          Diago Threshold = 1.09488e-05
 ----------------------------------------------------------
      Energy           Rydberg                 eV          
 ----------------------------------------------------------
  E_KohnSham     -739.0452130686      -10055.2259773570    
  E_Harris       -735.8481973880      -10011.7283475060    
  E_Fermi        -0.0492053282        -0.6694728352        
  E_gap(k)       0.1243182635         1.6914367488         
 ----------------------------------------------------------


 ++++++++++++++++++++++++++++++++++++++++++++++++++++++++++++++++++++++
 --> #ION MOVE#         1  #ELEC ITER#         6
 ++++++++++++++++++++++++++++++++++++++++++++++++++++++++++++++++++++++
 Average iterative diagonalization steps for k-points is 2
 current threshold of diagonalizaiton is 1.46276e-06
 Electron density deviation 0.00096561
                          Diago Threshold = 1.46276e-06
 ----------------------------------------------------------
      Energy           Rydberg                 eV          
 ----------------------------------------------------------
  E_KohnSham     -739.0451280921      -10055.2248211923    
  E_Harris       -736.3180880404      -10018.1215378149    
  E_Fermi        -0.0456050309        -0.6204882778        
  E_gap(k)       0.1246456064         1.6958904775         
 ----------------------------------------------------------


 ++++++++++++++++++++++++++++++++++++++++++++++++++++++++++++++++++++++
 --> #ION MOVE#         1  #ELEC ITER#         7
 ++++++++++++++++++++++++++++++++++++++++++++++++++++++++++++++++++++++
 Average iterative diagonalization steps for k-points is 2
 current threshold of diagonalizaiton is 9.28471e-07
 Electron density deviation 0.000382264
                          Diago Threshold = 9.28471e-07
 ----------------------------------------------------------
      Energy           Rydberg                 eV          
 ----------------------------------------------------------
  E_KohnSham     -739.0451786407      -10055.2255089415    
  E_Harris       -737.7373938951      -10037.4321846435    
  E_Fermi        -0.0406705853        -0.5533517015        
  E_gap(k)       0.1253909397         1.7060312575         
 ----------------------------------------------------------


 ++++++++++++++++++++++++++++++++++++++++++++++++++++++++++++++++++++++
 --> #ION MOVE#         1  #ELEC ITER#         8
 ++++++++++++++++++++++++++++++++++++++++++++++++++++++++++++++++++++++
 Average iterative diagonalization steps for k-points is 2
 current threshold of diagonalizaiton is 3.67562e-07
 Electron density deviation 0.000163495
                          Diago Threshold = 3.67562e-07
 ----------------------------------------------------------
      Energy           Rydberg                 eV          
 ----------------------------------------------------------
  E_KohnSham     -739.0452128512      -10055.2259743986    
  E_Harris       -737.9984220226      -10040.9836545155    
  E_Fermi        -0.0370404066        -0.5039605857        
  E_gap(k)       0.1252981212         1.7047683971         
 ----------------------------------------------------------


 ++++++++++++++++++++++++++++++++++++++++++++++++++++++++++++++++++++++
 --> #ION MOVE#         1  #ELEC ITER#         9
 ++++++++++++++++++++++++++++++++++++++++++++++++++++++++++++++++++++++
 Average iterative diagonalization steps for k-points is 2
 current threshold of diagonalizaiton is 1.57207e-07
 Electron density deviation 8.32315e-05
                          Diago Threshold = 1.57207e-07
 ----------------------------------------------------------
      Energy           Rydberg                 eV          
 ----------------------------------------------------------
  E_KohnSham     -739.0452519818      -10055.2265067986    
  E_Harris       -738.3317749066      -10045.5191531829    
  E_Fermi        -0.0347092451        -0.4722435062        
  E_gap(k)       0.1253902716         1.7060221682         
 ----------------------------------------------------------


 ++++++++++++++++++++++++++++++++++++++++++++++++++++++++++++++++++++++
 --> #ION MOVE#         1  #ELEC ITER#        10
 ++++++++++++++++++++++++++++++++++++++++++++++++++++++++++++++++++++++
 Average iterative diagonalization steps for k-points is 2
 current threshold of diagonalizaiton is 8.00303e-08
 Electron density deviation 3.58756e-05
                          Diago Threshold = 8.00303e-08
 ----------------------------------------------------------
      Energy           Rydberg                 eV          
 ----------------------------------------------------------
  E_KohnSham     -739.0452780957      -10055.2268620966    
  E_Harris       -738.5833860940      -10048.9424990125    
  E_Fermi        -0.0324755943        -0.4418531288        
  E_gap(k)       0.1254294512         1.7065552336         
 ----------------------------------------------------------


 ++++++++++++++++++++++++++++++++++++++++++++++++++++++++++++++++++++++
 --> #ION MOVE#         1  #ELEC ITER#        11
 ++++++++++++++++++++++++++++++++++++++++++++++++++++++++++++++++++++++
 Average iterative diagonalization steps for k-points is 2
 current threshold of diagonalizaiton is 3.44957e-08
 Electron density deviation 1.95363e-05
                          Diago Threshold = 3.44957e-08
 ----------------------------------------------------------
      Energy           Rydberg                 eV          
 ----------------------------------------------------------
  E_KohnSham     -739.0453282382      -10055.2275443200    
  E_Harris       -738.7208197988      -10050.8123804951    
  E_Fermi        -0.0315228877        -0.4288908905        
  E_gap(k)       0.1254720965         1.7071354531         
 ----------------------------------------------------------


 ++++++++++++++++++++++++++++++++++++++++++++++++++++++++++++++++++++++
 --> #ION MOVE#         1  #ELEC ITER#        12
 ++++++++++++++++++++++++++++++++++++++++++++++++++++++++++++++++++++++
 Average iterative diagonalization steps for k-points is 2
 current threshold of diagonalizaiton is 1.87849e-08
 Electron density deviation 5.6428e-06
                          Diago Threshold = 1.87849e-08
 ----------------------------------------------------------
      Energy           Rydberg                 eV          
 ----------------------------------------------------------
  E_KohnSham     -739.0453419929      -10055.2277314619    
  E_Harris       -739.0022572792      -10054.6415338597    
  E_Fermi        -0.0298176070        -0.4056893556        
  E_gap(k)       0.1255577777         1.7083012054         
 ----------------------------------------------------------


 ++++++++++++++++++++++++++++++++++++++++++++++++++++++++++++++++++++++
 --> #ION MOVE#         1  #ELEC ITER#        13
 ++++++++++++++++++++++++++++++++++++++++++++++++++++++++++++++++++++++
 Average iterative diagonalization steps for k-points is 2
 current threshold of diagonalizaiton is 5.42577e-09
 Electron density deviation 1.0941e-06
                          Diago Threshold = 5.42577e-09
 ----------------------------------------------------------
      Energy           Rydberg                 eV          
 ----------------------------------------------------------
  E_KohnSham     -739.0453509987      -10055.2278539926    
  E_Harris       -738.9882631986      -10054.4511346249    
  E_Fermi        -0.0295899609        -0.4025920722        
  E_gap(k)       0.1255203567         1.7077920658         
 ----------------------------------------------------------


 ++++++++++++++++++++++++++++++++++++++++++++++++++++++++++++++++++++++
 --> #ION MOVE#         1  #ELEC ITER#        14
 ++++++++++++++++++++++++++++++++++++++++++++++++++++++++++++++++++++++
 Average iterative diagonalization steps for k-points is 2.72
 current threshold of diagonalizaiton is 1.05202e-09
 Electron density deviation 5.49631e-07
                          Diago Threshold = 1.05202e-09
 ----------------------------------------------------------
      Energy           Rydberg                 eV          
 ----------------------------------------------------------
  E_KohnSham     -739.0453525634      -10055.2278752814    
  E_Harris       -739.0060297997      -10054.6928616337    
  E_Fermi        -0.0292262478        -0.3976435011        
  E_gap(k)       0.1255088007         1.7076348392         
 ----------------------------------------------------------


 ++++++++++++++++++++++++++++++++++++++++++++++++++++++++++++++++++++++
 --> #ION MOVE#         1  #ELEC ITER#        15
 ++++++++++++++++++++++++++++++++++++++++++++++++++++++++++++++++++++++
 Average iterative diagonalization steps for k-points is 2
 current threshold of diagonalizaiton is 5.28492e-10
 Electron density deviation 1.777e-07
                          Diago Threshold = 5.28492e-10
 ----------------------------------------------------------
      Energy           Rydberg                 eV          
 ----------------------------------------------------------
  E_KohnSham     -739.0453530870      -10055.2278824051    
  E_Harris       -739.0237503818      -10054.9339625222    
  E_Fermi        -0.0291300487        -0.3963346457        
  E_gap(k)       0.1255194043         1.7077791078         
 ----------------------------------------------------------


 ++++++++++++++++++++++++++++++++++++++++++++++++++++++++++++++++++++++
 --> #ION MOVE#         1  #ELEC ITER#        16
 ++++++++++++++++++++++++++++++++++++++++++++++++++++++++++++++++++++++
 Average iterative diagonalization steps for k-points is 2
 current threshold of diagonalizaiton is 1.70865e-10
 Electron density deviation 5.01295e-08
                          Diago Threshold = 1.70865e-10
 ----------------------------------------------------------
      Energy           Rydberg                 eV          
 ----------------------------------------------------------
  E_KohnSham     -739.0453536488      -10055.2278900494    
  E_KS(sigma->0) -739.0453536488      -10055.2278900494    
  E_Harris       -739.0450714596      -10055.2240506675    
  E_band         -131.5276471103      -1789.5254452333     
  E_one_elec     -4445.5621217537     -60484.9756688196    
  E_Hartree      2224.1185151932      30260.6848339266     
  E_xc           -132.7658599325      -1806.3721949522     
  E_Ewald        1615.1641128442      21975.4351397957     
  E_entropy(-TS) -0.0000000000        -0.0000000000        
  E_descf        0.0000000000         0.0000000000         
  E_localpp      -4777.9368758098     -65007.1661953312    
  E_exx          0.0000000000         0.0000000000         
  E_Fermi        -0.0290932589        -0.3958340939        
  E_gap(k)       0.1255285692         1.7079038026         
 ----------------------------------------------------------

 #SCF IS CONVERGED#
 #TOTAL ENERGY# -10055.22789 eV
 Write eigenvalues and occupations to file: OUT.ABACUS/eig_occ.txt



 #TOTAL-FORCE (eV/Angstrom)#
 -------------------------------------------------------------------------
     Atoms              Force_x              Force_y              Force_z 
 -------------------------------------------------------------------------
       Mo1        -0.0000007363         0.0000419626        -0.0000312627 
       Mo2        -0.0000007407         0.0000404445        -0.0000729104 
       Mo3        -0.0000007361         0.0000385221        -0.0000320270 
       Mo4        -0.0000007400         0.0000405662        -0.0000708376 
        S1        -0.0667699686        -0.0000872167        -0.0004320288 
        S2         0.0667707072        -0.0000872161        -0.0004320275 
        S3        -0.0670620297        -0.0000594502         0.0005451514 
        S4         0.0670627676        -0.0000594495         0.0005451507 
        S5        -0.0668005051         0.0000455111        -0.0004778531 
        S6         0.0668012437         0.0000455115        -0.0004778516 
        S7        -0.0671103251         0.0000204071         0.0004682486 
        S8         0.0671110631         0.0000204074         0.0004682481 
 -------------------------------------------------------------------------

 #TOTAL-STRESS (kbar)#
 ----------------------------------------------------------------
              Stress_x             Stress_y             Stress_z 
 ----------------------------------------------------------------
         -7.7185548389         0.0000000025         0.0000000058 
          0.0000000025        -7.7142955119         0.0001151668 
          0.0000000058         0.0001151668        -7.7122989418 
 ----------------------------------------------------------------
 #TOTAL-PRESSURE# (EXCLUDE KINETIC PART OF IONS): -7.715050 kbar

 --------------------------------------------
 !FINAL_ETOT_IS -10055.2278900494056870 eV
 --------------------------------------------



TIME STATISTICS
-------------------------------------------------------------------
   CLASS_NAME          NAME        TIME/s   CALLS    AVG/s  PER/%  
-------------------------------------------------------------------
                 total             1040.50 17       61.21   100.00 
 Driver          atomic_world      1040.50 1        1040.50 100.00 
 Relax_Driver    relax_driver      1039.35 1        1039.35 99.89  
 ESolver_KS      runner            1030.07 1        1030.07 99.00  
 Operator        hPsi              884.70  62883    0.01    85.03  
 Operator        veff_pw           384.67  62883    0.01    36.97  
 PW_Basis_K      recip2real        229.85  112333   0.00    22.09  
 PW_Basis_K      real2recip        162.26  87533    0.00    15.59  
 Operator        nonlocal_pw       497.75  62883    0.01    47.84  
 Nonlocal        add_nonlocal_pp   239.46  62883    0.00    23.01  
 ESolver_KS_PW   hamilt2rho_single 1019.64 16       63.73   97.99  
 HSolverPW       solve             1019.64 16       63.73   97.99  
 HSolverPW       solve_psik        967.95  400      2.42    93.03  
 DiagoCG         diag_once         865.96  400      2.16    83.23  
 ElecStatePW     psiToRho          47.85   16       2.99    4.60   
 DiagoIterAssist diag_subspace     98.74   375      0.26    9.49   
-------------------------------------------------------------------


 NAME-------------------------|MEMORY(MB)------------------
                         total      1244.3508
                        Psi_PW       888.0997
                      VNL::vkb       123.7610
                 DiagSub::temp        41.2537
                  PW_B_K::gcar        21.4863
              Veff<PW>::porter        16.0000
             Veff<PW>::porter1        16.0000
              Meta<PW>::porter        16.0000
                 ElecSPW::wfcr        16.0000
               ElecSPW::wfcr_a        16.0000
                  SF::strucFac         9.1176
                      Chg::rho         8.0000
                 Chg::rho_save         8.0000
                 Chg::rho_core         8.0000
                 Pot::veff_fix         8.0000
                     Pot::veff         8.0000
              Pot::veff_smooth         8.0000
                   PW_B_K::gk2         7.1621
                     VNL::vkb1         5.1567
                      VNL::ylm         2.5784
             YlmReal::Ylm_Real         2.5784
                     Chg::rhog         2.2794
                Chg::rhog_save         2.2794
                Chg::rhog_core         2.2794
            Nonlocal<PW>::becp         1.8984
              Nonlocal<PW>::ps         1.8984
                  SF::eigts123         1.1254
 -------------   < 1.0 MB has been ignored ----------------
 ----------------------------------------------------------

 Start  Time  : Tue Mar 17 17:19:07 2026
 Finish Time  : Tue Mar 17 17:36:28 2026
 Total  Time  : 0 h 17 mins 21 secs 
