 In SCAN_BEGIN, can't find: LATTICE_PARAMETERS block.
 In SCAN_BEGIN, can't find: <PP_MESH block.
 In SCAN_BEGIN, can't find: <PP_MESH block.
 AUTO_SET NBANDS to 0
 AUTO_SET NBANDS to 154
 cpu 2D distribution : 4*4
 but, the number of bands-row-block is 3
      Processor           Atom
              1             65
              2             66
              3             65
              4             65
              5             59
              6             66
              7             61
              8             65
              9             60
             10             65
             11             58
             12             65
             13             60
             14             66
             15             65
             16             63
                            startmag_type = 2
                       charge from rho_at = 3.95377
                         charge should be = 4
                            startmag_type = 2
                       charge from rho_at = 3.99303
                         charge should be = 4

 SETUP ATOMIC RHO FOR SPIN 1
                 Electron number from rho = 256
           total electron number from rho = 256
                                should be = 256
                 charge before normalized = 256
                  charge after normalized = 256
                 charge before normalized = 256.000105100121
                  charge after normalized = 256
                 charge before normalized = 256.000153015257
                  charge after normalized = 256
                 charge before normalized = 256.000125300067
                  charge after normalized = 256
                 charge before normalized = 256.000128054062
                  charge after normalized = 256
                 charge before normalized = 256.000124714846
                  charge after normalized = 256
                 charge before normalized = 256.000124706385
                  charge after normalized = 256
                 charge before normalized = 256.00012497339
                  charge after normalized = 256
                 charge before normalized = 256.000125010024
                  charge after normalized = 256
                 charge before normalized = 256.000125073116
                  charge after normalized = 256
                 charge before normalized = 256.000125045812
                  charge after normalized = 256
                 charge before normalized = 256.000125049156
                  charge after normalized = 256
                 charge before normalized = 256.000125052517
                  charge after normalized = 256
                 charge before normalized = 256.000125053971
                  charge after normalized = 256
                 charge before normalized = 256.000125053459
                  charge after normalized = 256
                 charge before normalized = 256.000125053321
                  charge after normalized = 256
                 charge before normalized = 256.000125053435
                  charge after normalized = 256
                            startmag_type = 2
                       charge from rho_at = 3.95377434289291
                         charge should be = 4
                            startmag_type = 2
                       charge from rho_at = 3.99303358802097
                         charge should be = 4

 SETUP ATOMIC RHO FOR SPIN 1
                 Electron number from rho = 256
           total electron number from rho = 256
                                should be = 256
                            startmag_type = 2
                       charge from rho_at = 3.95377434289291
                         charge should be = 4
                            startmag_type = 2
                       charge from rho_at = 3.99303358802097
                         charge should be = 4

 SETUP ATOMIC RHO FOR SPIN 1
                 Electron number from rho = 256
           total electron number from rho = 256
                                should be = 256
      Processor           Atom
              1             65
              2             66
              3             65
              4             65
              5             59
              6             66
              7             61
              8             65
              9             60
             10             65
             11             58
             12             65
             13             60
             14             66
             15             65
             16             63
                 charge before normalized = 256
                  charge after normalized = 256
                 charge before normalized = 256.00012508192
                  charge after normalized = 256
                 charge before normalized = 256.000125073017
                  charge after normalized = 256
                 charge before normalized = 256.000125099913
                  charge after normalized = 256
                 charge before normalized = 256.000125085181
                  charge after normalized = 256
                 charge before normalized = 256.000125085321
                  charge after normalized = 256
                 charge before normalized = 256.000125085452
                  charge after normalized = 256
                 charge before normalized = 256.000125085386
                  charge after normalized = 256
                 charge before normalized = 256.000125085728
                  charge after normalized = 256
                 charge before normalized = 256.000125085603
                  charge after normalized = 256
                            startmag_type = 2
                       charge from rho_at = 3.95377434289291
                         charge should be = 4
                            startmag_type = 2
                       charge from rho_at = 3.99303358802097
                         charge should be = 4

 SETUP ATOMIC RHO FOR SPIN 1
                 Electron number from rho = 256
           total electron number from rho = 256
                                should be = 256
                            startmag_type = 2
                       charge from rho_at = 3.95377434289291
                         charge should be = 4
                            startmag_type = 2
                       charge from rho_at = 3.99303358802097
                         charge should be = 4

 SETUP ATOMIC RHO FOR SPIN 1
                 Electron number from rho = 256
           total electron number from rho = 256
                                should be = 256
      Processor           Atom
              1             65
              2             66
              3             65
              4             65
              5             59
              6             66
              7             61
              8             65
              9             60
             10             65
             11             58
             12             65
             13             60
             14             66
             15             65
             16             63
                 charge before normalized = 256
                  charge after normalized = 256
                 charge before normalized = 256.000125123562
                  charge after normalized = 256
                 charge before normalized = 256.000125123969
                  charge after normalized = 256
                 charge before normalized = 256.000125135461
                  charge after normalized = 256
                 charge before normalized = 256.000125126322
                  charge after normalized = 256
                 charge before normalized = 256.000125127757
                  charge after normalized = 256
                 charge before normalized = 256.000125127828
                  charge after normalized = 256
                 charge before normalized = 256.000125127581
                  charge after normalized = 256
                 charge before normalized = 256.00012512806
                  charge after normalized = 256
                 charge before normalized = 256.000125127814
                  charge after normalized = 256
                 charge before normalized = 256.000125127848
                  charge after normalized = 256
                            startmag_type = 2
                       charge from rho_at = 3.95377434289291
                         charge should be = 4
                            startmag_type = 2
                       charge from rho_at = 3.99303358802097
                         charge should be = 4

 SETUP ATOMIC RHO FOR SPIN 1
                 Electron number from rho = 256
           total electron number from rho = 256
                                should be = 256
                            startmag_type = 2
                       charge from rho_at = 3.95377434289291
                         charge should be = 4
                            startmag_type = 2
                       charge from rho_at = 3.99303358802097
                         charge should be = 4

 SETUP ATOMIC RHO FOR SPIN 1
                 Electron number from rho = 256
           total electron number from rho = 256
                                should be = 256
      Processor           Atom
              1             65
              2             66
              3             65
              4             65
              5             59
              6             66
              7             60
              8             65
              9             60
             10             65
             11             57
             12             65
             13             60
             14             66
             15             65
             16             63
                 charge before normalized = 256
                  charge after normalized = 256
                 charge before normalized = 256.000125195454
                  charge after normalized = 256
                 charge before normalized = 256.000125181397
                  charge after normalized = 256
                 charge before normalized = 256.000125209637
                  charge after normalized = 256
                 charge before normalized = 256.000125186641
                  charge after normalized = 256
                 charge before normalized = 256.000125193665
                  charge after normalized = 256
                 charge before normalized = 256.000125191901
                  charge after normalized = 256
                 charge before normalized = 256.000125191645
                  charge after normalized = 256
                 charge before normalized = 256.000125192353
                  charge after normalized = 256
                 charge before normalized = 256.000125191964
                  charge after normalized = 256
                 charge before normalized = 256.000125192063
                  charge after normalized = 256
                            startmag_type = 2
                       charge from rho_at = 3.95377434289291
                         charge should be = 4
                            startmag_type = 2
                       charge from rho_at = 3.99303358802097
                         charge should be = 4

 SETUP ATOMIC RHO FOR SPIN 1
                 Electron number from rho = 256
           total electron number from rho = 256
                                should be = 256
                            startmag_type = 2
                       charge from rho_at = 3.95377434289291
                         charge should be = 4
                            startmag_type = 2
                       charge from rho_at = 3.99303358802097
                         charge should be = 4

 SETUP ATOMIC RHO FOR SPIN 1
                 Electron number from rho = 256
           total electron number from rho = 256
                                should be = 256
      Processor           Atom
              1             65
              2             66
              3             65
              4             65
              5             59
              6             66
              7             61
              8             65
              9             60
             10             65
             11             57
             12             65
             13             61
             14             66
             15             65
             16             63
                 charge before normalized = 256
                  charge after normalized = 256
                 charge before normalized = 256.000125170954
                  charge after normalized = 256
                 charge before normalized = 256.00012514945
                  charge after normalized = 256
                 charge before normalized = 256.000125216543
                  charge after normalized = 256
                 charge before normalized = 256.000125174752
                  charge after normalized = 256
                 charge before normalized = 256.000125174711
                  charge after normalized = 256
                 charge before normalized = 256.000125176532
                  charge after normalized = 256
                 charge before normalized = 256.000125175134
                  charge after normalized = 256
                 charge before normalized = 256.000125176531
                  charge after normalized = 256
                 charge before normalized = 256.000125176065
                  charge after normalized = 256
                 charge before normalized = 256.00012517612
                  charge after normalized = 256
                            startmag_type = 2
                       charge from rho_at = 3.95377434289291
                         charge should be = 4
                            startmag_type = 2
                       charge from rho_at = 3.99303358802097
                         charge should be = 4

 SETUP ATOMIC RHO FOR SPIN 1
                 Electron number from rho = 256
           total electron number from rho = 256
                                should be = 256
                            startmag_type = 2
                       charge from rho_at = 3.95377434289291
                         charge should be = 4
                            startmag_type = 2
                       charge from rho_at = 3.99303358802097
                         charge should be = 4

 SETUP ATOMIC RHO FOR SPIN 1
                 Electron number from rho = 256
           total electron number from rho = 256
                                should be = 256
      Processor           Atom
              1             65
              2             66
              3             65
              4             65
              5             60
              6             66
              7             61
              8             65
              9             60
             10             65
             11             57
             12             65
             13             61
             14             66
             15             65
             16             63
                 charge before normalized = 256
                  charge after normalized = 256
                 charge before normalized = 256.000125184809
                  charge after normalized = 256
                 charge before normalized = 256.00012519282
                  charge after normalized = 256
                 charge before normalized = 256.000125192997
                  charge after normalized = 256
                 charge before normalized = 256.000125190868
                  charge after normalized = 256
                 charge before normalized = 256.000125191565
                  charge after normalized = 256
                 charge before normalized = 256.000125191816
                  charge after normalized = 256
                 charge before normalized = 256.000125191535
                  charge after normalized = 256
                 charge before normalized = 256.000125191929
                  charge after normalized = 256
                 charge before normalized = 256.000125191608
                  charge after normalized = 256
                 charge before normalized = 256.000125191743
                  charge after normalized = 256
                 charge before normalized = 256.000125191719
                  charge after normalized = 256
                            startmag_type = 2
                       charge from rho_at = 3.95377434289291
                         charge should be = 4
                            startmag_type = 2
                       charge from rho_at = 3.99303358802097
                         charge should be = 4

 SETUP ATOMIC RHO FOR SPIN 1
                 Electron number from rho = 256
           total electron number from rho = 256
                                should be = 256
                            startmag_type = 2
                       charge from rho_at = 3.95377434289291
                         charge should be = 4
                            startmag_type = 2
                       charge from rho_at = 3.99303358802097
                         charge should be = 4

 SETUP ATOMIC RHO FOR SPIN 1
                 Electron number from rho = 256
           total electron number from rho = 256
                                should be = 256
      Processor           Atom
              1             65
              2             66
              3             65
              4             65
              5             60
              6             66
              7             61
              8             65
              9             59
             10             65
             11             57
             12             65
             13             60
             14             65
             15             64
             16             63
                 charge before normalized = 256
                  charge after normalized = 256
                 charge before normalized = 256.000125194598
                  charge after normalized = 256
                 charge before normalized = 256.000125206437
                  charge after normalized = 256
                 charge before normalized = 256.000125209801
                  charge after normalized = 256
                 charge before normalized = 256.000125205271
                  charge after normalized = 256
                 charge before normalized = 256.000125203871
                  charge after normalized = 256
                 charge before normalized = 256.000125205714
                  charge after normalized = 256
                 charge before normalized = 256.00012520532
                  charge after normalized = 256
                 charge before normalized = 256.000125205672
                  charge after normalized = 256
                 charge before normalized = 256.000125205426
                  charge after normalized = 256
                 charge before normalized = 256.000125205489
                  charge after normalized = 256
                 charge before normalized = 256.000125205484
                  charge after normalized = 256
                            startmag_type = 2
                       charge from rho_at = 3.95377434289291
                         charge should be = 4
                            startmag_type = 2
                       charge from rho_at = 3.99303358802097
                         charge should be = 4

 SETUP ATOMIC RHO FOR SPIN 1
                 Electron number from rho = 256
           total electron number from rho = 256
                                should be = 256
                            startmag_type = 2
                       charge from rho_at = 3.95377434289291
                         charge should be = 4
                            startmag_type = 2
                       charge from rho_at = 3.99303358802097
                         charge should be = 4

 SETUP ATOMIC RHO FOR SPIN 1
                 Electron number from rho = 256
           total electron number from rho = 256
                                should be = 256
      Processor           Atom
              1             65
              2             66
              3             65
              4             65
              5             60
              6             66
              7             61
              8             65
              9             59
             10             65
             11             57
             12             65
             13             61
             14             65
             15             64
             16             63
                 charge before normalized = 256
                  charge after normalized = 256
                 charge before normalized = 256.000125181262
                  charge after normalized = 256
                 charge before normalized = 256.000125181767
                  charge after normalized = 256
                 charge before normalized = 256.000125207095
                  charge after normalized = 256
                 charge before normalized = 256.000125185153
                  charge after normalized = 256
                 charge before normalized = 256.000125188478
                  charge after normalized = 256
                 charge before normalized = 256.000125188853
                  charge after normalized = 256
                 charge before normalized = 256.000125187742
                  charge after normalized = 256
                 charge before normalized = 256.000125189128
                  charge after normalized = 256
                 charge before normalized = 256.000125188387
                  charge after normalized = 256
                 charge before normalized = 256.000125188528
                  charge after normalized = 256
                 charge before normalized = 256.000125188517
                  charge after normalized = 256
                            startmag_type = 2
                       charge from rho_at = 3.95377434289291
                         charge should be = 4
                            startmag_type = 2
                       charge from rho_at = 3.99303358802097
                         charge should be = 4

 SETUP ATOMIC RHO FOR SPIN 1
                 Electron number from rho = 256
           total electron number from rho = 256
                                should be = 256
                            startmag_type = 2
                       charge from rho_at = 3.95377434289291
                         charge should be = 4
                            startmag_type = 2
                       charge from rho_at = 3.99303358802097
                         charge should be = 4

 SETUP ATOMIC RHO FOR SPIN 1
                 Electron number from rho = 256
           total electron number from rho = 256
                                should be = 256
      Processor           Atom
              1             65
              2             66
              3             65
              4             65
              5             60
              6             66
              7             61
              8             65
              9             59
             10             65
             11             57
             12             65
             13             61
             14             66
             15             65
             16             63
                 charge before normalized = 256
                  charge after normalized = 256
                 charge before normalized = 256.000125331529
                  charge after normalized = 256
                 charge before normalized = 256.000125333724
                  charge after normalized = 256
                 charge before normalized = 256.000125340246
                  charge after normalized = 256
                 charge before normalized = 256.000125323631
                  charge after normalized = 256
                 charge before normalized = 256.000125334638
                  charge after normalized = 256
                 charge before normalized = 256.000125330892
                  charge after normalized = 256
                 charge before normalized = 256.000125330515
                  charge after normalized = 256
                 charge before normalized = 256.000125330917
                  charge after normalized = 256
                 charge before normalized = 256.000125330846
                  charge after normalized = 256
                 charge before normalized = 256.000125330864
                  charge after normalized = 256
                 charge before normalized = 256.000125330849
                  charge after normalized = 256
                            startmag_type = 2
                       charge from rho_at = 3.95377434289291
                         charge should be = 4
                            startmag_type = 2
                       charge from rho_at = 3.99303358802097
                         charge should be = 4

 SETUP ATOMIC RHO FOR SPIN 1
                 Electron number from rho = 256
           total electron number from rho = 256
                                should be = 256
                            startmag_type = 2
                       charge from rho_at = 3.95377434289291
                         charge should be = 4
                            startmag_type = 2
                       charge from rho_at = 3.99303358802097
                         charge should be = 4

 SETUP ATOMIC RHO FOR SPIN 1
                 Electron number from rho = 256
           total electron number from rho = 256
                                should be = 256
      Processor           Atom
              1             65
              2             66
              3             65
              4             65
              5             59
              6             66
              7             61
              8             65
              9             59
             10             65
             11             57
             12             66
             13             61
             14             65
             15             64
             16             63
                 charge before normalized = 256
                  charge after normalized = 256
                 charge before normalized = 256.000125368005
                  charge after normalized = 256
                 charge before normalized = 256.000125411027
                  charge after normalized = 256
                 charge before normalized = 256.00012533569
                  charge after normalized = 256
                 charge before normalized = 256.00012537709
                  charge after normalized = 256
                 charge before normalized = 256.000125369472
                  charge after normalized = 256
                 charge before normalized = 256.000125373156
                  charge after normalized = 256
                 charge before normalized = 256.000125371865
                  charge after normalized = 256
                 charge before normalized = 256.000125371988
                  charge after normalized = 256
                 charge before normalized = 256.00012537188
                  charge after normalized = 256
                 charge before normalized = 256.000125371933
                  charge after normalized = 256
                 charge before normalized = 256.000125371941
                  charge after normalized = 256
                            startmag_type = 2
                       charge from rho_at = 3.95377434289291
                         charge should be = 4
                            startmag_type = 2
                       charge from rho_at = 3.99303358802097
                         charge should be = 4

 SETUP ATOMIC RHO FOR SPIN 1
                 Electron number from rho = 256
           total electron number from rho = 256
                                should be = 256
                            startmag_type = 2
                       charge from rho_at = 3.95377434289291
                         charge should be = 4
                            startmag_type = 2
                       charge from rho_at = 3.99303358802097
                         charge should be = 4

 SETUP ATOMIC RHO FOR SPIN 1
                 Electron number from rho = 256
           total electron number from rho = 256
                                should be = 256
      Processor           Atom
              1             65
              2             66
              3             64
              4             65
              5             60
              6             66
              7             62
              8             65
              9             59
             10             65
             11             57
             12             66
             13             62
             14             65
             15             64
             16             63
                 charge before normalized = 256
                  charge after normalized = 256
                 charge before normalized = 256.000125481517
                  charge after normalized = 256
                 charge before normalized = 256.000125497922
                  charge after normalized = 256
                 charge before normalized = 256.000125492554
                  charge after normalized = 256
                 charge before normalized = 256.000125491524
                  charge after normalized = 256
                 charge before normalized = 256.000125489239
                  charge after normalized = 256
                 charge before normalized = 256.000125492667
                  charge after normalized = 256
                 charge before normalized = 256.000125490775
                  charge after normalized = 256
                 charge before normalized = 256.000125492152
                  charge after normalized = 256
                 charge before normalized = 256.000125491457
                  charge after normalized = 256
                 charge before normalized = 256.000125491564
                  charge after normalized = 256
                 charge before normalized = 256.000125491571
                  charge after normalized = 256
