 Input  warning : gamma_only_local algorithm is not used.
 In SCAN_BEGIN, can't find: LATTICE_PARAMETERS block.
 AUTO_SET NBANDS to 0
 AUTO_SET NBANDS to 173
 cpu 2D distribution : 4*4
 but, the number of bands-row-block is 3
      Processor           Atom
              1             54
              2             58
              3             54
              4             52
              5             56
              6             58
              7             54
              8             52
              9             56
             10             58
             11             55
             12             53
             13             55
             14             58
             15             54
             16             53
                            startmag_type = 2
                       charge from rho_at = 3.95377
                         charge should be = 4
                       charge from rho_at = 3.99303
                         charge should be = 4

 SETUP ATOMIC RHO FOR SPIN 1
                 Electron number from rho = 288
           total electron number from rho = 288
                                should be = 288
                 charge before normalized = 288
                  charge after normalized = 288
                 charge before normalized = 288.000111659383
                  charge after normalized = 288
                 charge before normalized = 288.000161161893
                  charge after normalized = 288
                 charge before normalized = 288.000132815389
                  charge after normalized = 288
                 charge before normalized = 288.000138856444
                  charge after normalized = 288
                 charge before normalized = 288.000132247593
                  charge after normalized = 288
                 charge before normalized = 288.000132292793
                  charge after normalized = 288
                 charge before normalized = 288.000132408181
                  charge after normalized = 288
                 charge before normalized = 288.000132564042
                  charge after normalized = 288
                 charge before normalized = 288.000132682544
                  charge after normalized = 288
                 charge before normalized = 288.000132742502
                  charge after normalized = 288
                 charge before normalized = 288.00013272313
                  charge after normalized = 288
                 charge before normalized = 288.000132708363
                  charge after normalized = 288
                 charge before normalized = 288.00013270636
                  charge after normalized = 288
                 charge before normalized = 288.000132705841
                  charge after normalized = 288
                 charge before normalized = 288.000132706349
                  charge after normalized = 288
                 charge before normalized = 288.000132706581
                  charge after normalized = 288
                 charge before normalized = 288.000132706522
                  charge after normalized = 288
                 charge before normalized = 288.000132706508
                  charge after normalized = 288
                 charge before normalized = 288.000132706526
                  charge after normalized = 288
                            startmag_type = 2
                       charge from rho_at = 3.95377434289291
                         charge should be = 4
                       charge from rho_at = 3.99303358802097
                         charge should be = 4

 SETUP ATOMIC RHO FOR SPIN 1
                 Electron number from rho = 288
           total electron number from rho = 288
                                should be = 288
                            startmag_type = 2
                       charge from rho_at = 3.95377434289291
                         charge should be = 4
                       charge from rho_at = 3.99303358802097
                         charge should be = 4

 SETUP ATOMIC RHO FOR SPIN 1
                 Electron number from rho = 288
           total electron number from rho = 288
                                should be = 288
      Processor           Atom
              1             54
              2             58
              3             54
              4             52
              5             56
              6             58
              7             54
              8             52
              9             56
             10             58
             11             55
             12             53
             13             55
             14             58
             15             54
             16             53
                 charge before normalized = 288
                  charge after normalized = 288
                 charge before normalized = 288.000132705502
                  charge after normalized = 288
                 charge before normalized = 288.000132706844
                  charge after normalized = 288
                 charge before normalized = 288.000132704711
                  charge after normalized = 288
                 charge before normalized = 288.000132707924
                  charge after normalized = 288
                 charge before normalized = 288.0001327059
                  charge after normalized = 288
                 charge before normalized = 288.000132706644
                  charge after normalized = 288
                 charge before normalized = 288.000132706823
                  charge after normalized = 288
                 charge before normalized = 288.000132706694
                  charge after normalized = 288
                 charge before normalized = 288.000132706703
                  charge after normalized = 288
                 charge before normalized = 288.000132706696
                  charge after normalized = 288
                            startmag_type = 2
                       charge from rho_at = 3.95377434289291
                         charge should be = 4
                       charge from rho_at = 3.99303358802097
                         charge should be = 4

 SETUP ATOMIC RHO FOR SPIN 1
                 Electron number from rho = 288
           total electron number from rho = 288
                                should be = 288
                            startmag_type = 2
                       charge from rho_at = 3.95377434289291
                         charge should be = 4
                       charge from rho_at = 3.99303358802097
                         charge should be = 4

 SETUP ATOMIC RHO FOR SPIN 1
                 Electron number from rho = 288
           total electron number from rho = 288
                                should be = 288
      Processor           Atom
              1             54
              2             58
              3             54
              4             52
              5             56
              6             58
              7             54
              8             52
              9             56
             10             58
             11             55
             12             53
             13             55
             14             58
             15             54
             16             53
                 charge before normalized = 288
                  charge after normalized = 288
                 charge before normalized = 288.000132563877
                  charge after normalized = 288
                 charge before normalized = 288.000132569822
                  charge after normalized = 288
                 charge before normalized = 288.000132562636
                  charge after normalized = 288
                 charge before normalized = 288.000132564569
                  charge after normalized = 288
                 charge before normalized = 288.000132567106
                  charge after normalized = 288
                 charge before normalized = 288.000132564917
                  charge after normalized = 288
                 charge before normalized = 288.000132565755
                  charge after normalized = 288
                 charge before normalized = 288.000132565598
                  charge after normalized = 288
                 charge before normalized = 288.000132565574
                  charge after normalized = 288
                 charge before normalized = 288.000132565602
                  charge after normalized = 288
                 charge before normalized = 288.000132565583
                  charge after normalized = 288
                            startmag_type = 2
                       charge from rho_at = 3.95377434289291
                         charge should be = 4
                       charge from rho_at = 3.99303358802097
                         charge should be = 4

 SETUP ATOMIC RHO FOR SPIN 1
                 Electron number from rho = 288
           total electron number from rho = 288
                                should be = 288
                            startmag_type = 2
                       charge from rho_at = 3.95377434289291
                         charge should be = 4
                       charge from rho_at = 3.99303358802097
                         charge should be = 4

 SETUP ATOMIC RHO FOR SPIN 1
                 Electron number from rho = 288
           total electron number from rho = 288
                                should be = 288
      Processor           Atom
              1             54
              2             58
              3             54
              4             52
              5             56
              6             58
              7             55
              8             52
              9             56
             10             58
             11             55
             12             53
             13             56
             14             58
             15             54
             16             53
                 charge before normalized = 288
                  charge after normalized = 288
                 charge before normalized = 288.000132670488
                  charge after normalized = 288
                 charge before normalized = 288.000132677621
                  charge after normalized = 288
                 charge before normalized = 288.0001326611
                  charge after normalized = 288
                 charge before normalized = 288.000132678055
                  charge after normalized = 288
                 charge before normalized = 288.0001326696
                  charge after normalized = 288
                 charge before normalized = 288.000132672127
                  charge after normalized = 288
                 charge before normalized = 288.000132672748
                  charge after normalized = 288
                 charge before normalized = 288.000132672234
                  charge after normalized = 288
                 charge before normalized = 288.000132672267
                  charge after normalized = 288
                 charge before normalized = 288.000132672277
                  charge after normalized = 288
                 charge before normalized = 288.000132672285
                  charge after normalized = 288
                            startmag_type = 2
                       charge from rho_at = 3.95377434289291
                         charge should be = 4
                       charge from rho_at = 3.99303358802097
                         charge should be = 4

 SETUP ATOMIC RHO FOR SPIN 1
                 Electron number from rho = 288
           total electron number from rho = 288
                                should be = 288
                            startmag_type = 2
                       charge from rho_at = 3.95377434289291
                         charge should be = 4
                       charge from rho_at = 3.99303358802097
                         charge should be = 4

 SETUP ATOMIC RHO FOR SPIN 1
                 Electron number from rho = 288
           total electron number from rho = 288
                                should be = 288
      Processor           Atom
              1             54
              2             58
              3             54
              4             52
              5             56
              6             58
              7             54
              8             52
              9             56
             10             58
             11             55
             12             53
             13             56
             14             58
             15             54
             16             53
                 charge before normalized = 288
                  charge after normalized = 288
                 charge before normalized = 288.000132447741
                  charge after normalized = 288
                 charge before normalized = 288.000132467534
                  charge after normalized = 288
                 charge before normalized = 288.000132436735
                  charge after normalized = 288
                 charge before normalized = 288.000132453352
                  charge after normalized = 288
                 charge before normalized = 288.000132450156
                  charge after normalized = 288
                 charge before normalized = 288.000132452269
                  charge after normalized = 288
                 charge before normalized = 288.000132451849
                  charge after normalized = 288
                 charge before normalized = 288.000132451471
                  charge after normalized = 288
                 charge before normalized = 288.000132451631
                  charge after normalized = 288
                 charge before normalized = 288.000132451546
                  charge after normalized = 288
                 charge before normalized = 288.000132451576
                  charge after normalized = 288
                            startmag_type = 2
                       charge from rho_at = 3.95377434289291
                         charge should be = 4
                       charge from rho_at = 3.99303358802097
                         charge should be = 4

 SETUP ATOMIC RHO FOR SPIN 1
                 Electron number from rho = 288
           total electron number from rho = 288
                                should be = 288
                            startmag_type = 2
                       charge from rho_at = 3.95377434289291
                         charge should be = 4
                       charge from rho_at = 3.99303358802097
                         charge should be = 4

 SETUP ATOMIC RHO FOR SPIN 1
                 Electron number from rho = 288
           total electron number from rho = 288
                                should be = 288
      Processor           Atom
              1             54
              2             58
              3             54
              4             52
              5             56
              6             58
              7             54
              8             52
              9             57
             10             58
             11             55
             12             53
             13             55
             14             58
             15             54
             16             53
                 charge before normalized = 288
                  charge after normalized = 288
                 charge before normalized = 288.000132492577
                  charge after normalized = 288
                 charge before normalized = 288.000132498836
                  charge after normalized = 288
                 charge before normalized = 288.00013247877
                  charge after normalized = 288
                 charge before normalized = 288.000132491795
                  charge after normalized = 288
                 charge before normalized = 288.000132488842
                  charge after normalized = 288
                 charge before normalized = 288.000132490368
                  charge after normalized = 288
                 charge before normalized = 288.000132489501
                  charge after normalized = 288
                 charge before normalized = 288.000132489645
                  charge after normalized = 288
                 charge before normalized = 288.000132489727
                  charge after normalized = 288
                 charge before normalized = 288.000132489663
                  charge after normalized = 288
                 charge before normalized = 288.000132489692
                  charge after normalized = 288
                            startmag_type = 2
                       charge from rho_at = 3.95377434289291
                         charge should be = 4
                       charge from rho_at = 3.99303358802097
                         charge should be = 4

 SETUP ATOMIC RHO FOR SPIN 1
                 Electron number from rho = 288
           total electron number from rho = 288
                                should be = 288
                            startmag_type = 2
                       charge from rho_at = 3.95377434289291
                         charge should be = 4
                       charge from rho_at = 3.99303358802097
                         charge should be = 4

 SETUP ATOMIC RHO FOR SPIN 1
                 Electron number from rho = 288
           total electron number from rho = 288
                                should be = 288
      Processor           Atom
              1             54
              2             58
              3             55
              4             52
              5             56
              6             58
              7             54
              8             52
              9             56
             10             58
             11             55
             12             53
             13             55
             14             58
             15             54
             16             53
                 charge before normalized = 288
                  charge after normalized = 288
                 charge before normalized = 288.000132657552
                  charge after normalized = 288
                 charge before normalized = 288.000132676097
                  charge after normalized = 288
                 charge before normalized = 288.000132653416
                  charge after normalized = 288
                 charge before normalized = 288.000132664291
                  charge after normalized = 288
                 charge before normalized = 288.000132662415
                  charge after normalized = 288
                 charge before normalized = 288.000132663321
                  charge after normalized = 288
                 charge before normalized = 288.000132663468
                  charge after normalized = 288
                 charge before normalized = 288.000132662972
                  charge after normalized = 288
                 charge before normalized = 288.000132662991
                  charge after normalized = 288
                 charge before normalized = 288.000132663046
                  charge after normalized = 288
                 charge before normalized = 288.000132663035
                  charge after normalized = 288
                            startmag_type = 2
                       charge from rho_at = 3.95377434289291
                         charge should be = 4
                       charge from rho_at = 3.99303358802097
                         charge should be = 4

 SETUP ATOMIC RHO FOR SPIN 1
                 Electron number from rho = 288
           total electron number from rho = 288
                                should be = 288
                            startmag_type = 2
                       charge from rho_at = 3.95377434289291
                         charge should be = 4
                       charge from rho_at = 3.99303358802097
                         charge should be = 4

 SETUP ATOMIC RHO FOR SPIN 1
                 Electron number from rho = 288
           total electron number from rho = 288
                                should be = 288
      Processor           Atom
              1             54
              2             58
              3             55
              4             52
              5             56
              6             58
              7             54
              8             52
              9             56
             10             58
             11             55
             12             53
             13             55
             14             58
             15             54
             16             53
                 charge before normalized = 288
                  charge after normalized = 288
                 charge before normalized = 288.000132694901
                  charge after normalized = 288
                 charge before normalized = 288.000132698614
                  charge after normalized = 288
                 charge before normalized = 288.000132702901
                  charge after normalized = 288
                 charge before normalized = 288.000132694961
                  charge after normalized = 288
                 charge before normalized = 288.000132695967
                  charge after normalized = 288
                 charge before normalized = 288.000132694464
                  charge after normalized = 288
                 charge before normalized = 288.000132696351
                  charge after normalized = 288
                 charge before normalized = 288.000132695601
                  charge after normalized = 288
                 charge before normalized = 288.000132695468
                  charge after normalized = 288
                 charge before normalized = 288.000132695622
                  charge after normalized = 288
                 charge before normalized = 288.000132695593
                  charge after normalized = 288
                 charge before normalized = 288.000132695605
                  charge after normalized = 288
                            startmag_type = 2
                       charge from rho_at = 3.95377434289291
                         charge should be = 4
                       charge from rho_at = 3.99303358802097
                         charge should be = 4

 SETUP ATOMIC RHO FOR SPIN 1
                 Electron number from rho = 288
           total electron number from rho = 288
                                should be = 288
                            startmag_type = 2
                       charge from rho_at = 3.95377434289291
                         charge should be = 4
                       charge from rho_at = 3.99303358802097
                         charge should be = 4

 SETUP ATOMIC RHO FOR SPIN 1
                 Electron number from rho = 288
           total electron number from rho = 288
                                should be = 288
      Processor           Atom
              1             54
              2             58
              3             55
              4             52
              5             56
              6             58
              7             54
              8             53
              9             56
             10             58
             11             55
             12             53
             13             55
             14             58
             15             54
             16             53
                 charge before normalized = 288
                  charge after normalized = 288
                 charge before normalized = 288.000132668492
                  charge after normalized = 288
                 charge before normalized = 288.000132685239
                  charge after normalized = 288
                 charge before normalized = 288.00013264564
                  charge after normalized = 288
                 charge before normalized = 288.00013266322
                  charge after normalized = 288
                 charge before normalized = 288.000132663805
                  charge after normalized = 288
                 charge before normalized = 288.000132663425
                  charge after normalized = 288
                 charge before normalized = 288.000132662427
                  charge after normalized = 288
                 charge before normalized = 288.000132662605
                  charge after normalized = 288
                 charge before normalized = 288.000132662721
                  charge after normalized = 288
                 charge before normalized = 288.000132662679
                  charge after normalized = 288
                 charge before normalized = 288.000132662668
                  charge after normalized = 288
                            startmag_type = 2
                       charge from rho_at = 3.95377434289291
                         charge should be = 4
                       charge from rho_at = 3.99303358802097
                         charge should be = 4

 SETUP ATOMIC RHO FOR SPIN 1
                 Electron number from rho = 288
           total electron number from rho = 288
                                should be = 288
                            startmag_type = 2
                       charge from rho_at = 3.95377434289291
                         charge should be = 4
                       charge from rho_at = 3.99303358802097
                         charge should be = 4

 SETUP ATOMIC RHO FOR SPIN 1
                 Electron number from rho = 288
           total electron number from rho = 288
                                should be = 288
      Processor           Atom
              1             54
              2             58
              3             55
              4             52
              5             56
              6             58
              7             54
              8             53
              9             57
             10             58
             11             55
             12             53
             13             56
             14             58
             15             55
             16             53
                 charge before normalized = 288
                  charge after normalized = 288
                 charge before normalized = 288.000132566478
                  charge after normalized = 288
                 charge before normalized = 288.000132560038
                  charge after normalized = 288
                 charge before normalized = 288.000132562005
                  charge after normalized = 288
                 charge before normalized = 288.000132562159
                  charge after normalized = 288
                 charge before normalized = 288.000132556784
                  charge after normalized = 288
                 charge before normalized = 288.000132560363
                  charge after normalized = 288
                 charge before normalized = 288.000132559829
                  charge after normalized = 288
                 charge before normalized = 288.000132559604
                  charge after normalized = 288
                 charge before normalized = 288.000132559542
                  charge after normalized = 288
                 charge before normalized = 288.000132559632
                  charge after normalized = 288
                 charge before normalized = 288.000132559629
                  charge after normalized = 288
                 charge before normalized = 288.000132559623
                  charge after normalized = 288
                            startmag_type = 2
                       charge from rho_at = 3.95377434289291
                         charge should be = 4
                       charge from rho_at = 3.99303358802097
                         charge should be = 4

 SETUP ATOMIC RHO FOR SPIN 1
                 Electron number from rho = 288
           total electron number from rho = 288
                                should be = 288
                            startmag_type = 2
                       charge from rho_at = 3.95377434289291
                         charge should be = 4
                       charge from rho_at = 3.99303358802097
                         charge should be = 4

 SETUP ATOMIC RHO FOR SPIN 1
                 Electron number from rho = 288
           total electron number from rho = 288
                                should be = 288
      Processor           Atom
              1             54
              2             58
              3             55
              4             52
              5             56
              6             58
              7             54
              8             53
              9             57
             10             58
             11             55
             12             53
             13             56
             14             58
             15             55
             16             53
                 charge before normalized = 288
                  charge after normalized = 288
                 charge before normalized = 288.000132374554
                  charge after normalized = 288
                 charge before normalized = 288.000132383898
                  charge after normalized = 288
                 charge before normalized = 288.000132359499
                  charge after normalized = 288
                 charge before normalized = 288.00013237527
                  charge after normalized = 288
                 charge before normalized = 288.00013236622
                  charge after normalized = 288
                 charge before normalized = 288.000132372977
                  charge after normalized = 288
                 charge before normalized = 288.000132371032
                  charge after normalized = 288
                 charge before normalized = 288.000132371061
                  charge after normalized = 288
                 charge before normalized = 288.000132371045
                  charge after normalized = 288
                 charge before normalized = 288.000132371063
                  charge after normalized = 288
                 charge before normalized = 288.000132371082
                  charge after normalized = 288
                 charge before normalized = 288.000132371071
                  charge after normalized = 288
