WARNING: Total thread number on this node mismatches with hardware availability. This may cause poor performance.
Info: Local MPI proc number: 16,OpenMP thread number: 1,Total thread number: 16,Local thread limit: 32
                                                                                     
                              ABACUS v3.1                                            

               Atomic-orbital Based Ab-initio Computation at UStc                    

                     Website: http://abacus.ustc.edu.cn/                             
               Documentation: https://abacus.deepmodeling.com/                       
                  Repository: https://github.com/abacusmodeling/abacus-develop       
                              https://github.com/deepmodeling/abacus-develop         

 Fri Feb  3 19:57:22 2023
 MAKE THE DIR         : OUT.ABACUS/
 MAKE THE STRU DIR    : OUT.ABACUS/STRU/
 UNIFORM GRID DIM     : 108 * 108 * 108
 UNIFORM GRID DIM(BIG): 54 * 54 * 54
 DONE(0.0993817  SEC) : SETUP UNITCELL
 DONE(0.115128   SEC) : INIT K-POINTS
 ---------------------------------------------------------
 Molecular Dynamics simulations
 ---------------------------------------------------------
 ENSEMBLE                 : Langevin
 Time interval(fs)        : 1
 ---------------------------------------------------------
 SPIN    KPOINTS         PROCESSORS  NBASE       
 1       36              16          1408        
 ---------------------------------------------------------
 Use Systematically Improvable Atomic bases
 ---------------------------------------------------------
 ELEMENT ORBITALS        NBASE       NATOM       XC          
 Si      3s3p2d-9au      22          32          
 C       3s3p2d-9au      22          32          
 ---------------------------------------------------------
 Initial plane wave basis and FFT box
 ---------------------------------------------------------
--------------------------------- INITVEL DONE ------------------------------------
 -------------------------------------------
 STEP OF MOLECULAR DYNAMICS : 0
 -------------------------------------------
 START CHARGE      : atomic
 DONE(8.80214    SEC) : INIT SCF
 ITER   ETOT(eV)       EDIFF(eV)      DRHO       TIME(s)    
 GE1    -8.327616e+03  0.000000e+00   2.769e-01  8.613e+01  
 GE2    -8.371794e+03  -4.417865e+01  1.590e-01  8.076e+01  
 GE3    -8.381990e+03  -1.019520e+01  4.485e-02  8.090e+01  
 GE4    -8.387649e+03  -5.659108e+00  5.830e-02  8.081e+01  
 GE5    -8.396602e+03  -8.952833e+00  9.389e-03  8.066e+01  
 GE6    -8.396744e+03  -1.421085e-01  5.254e-03  8.083e+01  
 GE7    -8.396811e+03  -6.758185e-02  2.182e-03  8.069e+01  
 GE8    -8.396818e+03  -7.153224e-03  1.280e-03  8.071e+01  
 GE9    -8.396821e+03  -2.191612e-03  6.418e-04  8.083e+01  
 GE10   -8.396821e+03  -8.379303e-04  1.668e-04  8.088e+01  
 GE11   -8.396822e+03  -7.394129e-05  1.322e-04  8.073e+01  
 GE12   -8.396822e+03  -5.716449e-05  5.966e-05  8.070e+01  
 GE13   -8.396822e+03  -8.231032e-06  7.624e-06  8.079e+01  
 GE14   -8.396822e+03  -8.520641e-08  7.092e-06  8.090e+01  
 GE15   -8.396822e+03  -1.022304e-07  1.831e-06  8.081e+01  
 GE16   -8.396822e+03  -9.076557e-09  1.265e-06  8.072e+01  
 GE17   -8.396822e+03  -3.067282e-09  3.866e-07  8.081e+01  
 ><><><><><><><><><><><><><><><><><><><><><><
 TOTAL-STRESS (KBAR):
 ><><><><><><><><><><><><><><><><><><><><><><
 9.578e+01      1.124e+02      8.870e+01      
 1.124e+02      8.160e+01      -1.090e+01     
 8.870e+01      -1.090e+01     2.295e+01      
 TOTAL-PRESSURE: 6.678e+01 KBAR
 ------------------------------------------------------------------------------------------------
 Energy              Potential           Kinetic             Temperature         Pressure (KBAR)     
 -3.086e+02          -3.086e+02          2.993e-03           1.000e+01           6.690e+01           
 ------------------------------------------------------------------------------------------------
 -------------------------------------------
 STEP OF MOLECULAR DYNAMICS : 1
 -------------------------------------------
 DONE(1.474e+03  SEC) : INIT SCF
 ITER   ETOT(eV)       EDIFF(eV)      DRHO       TIME(s)    
 GE1    -8.397046e+03  0.000000e+00   6.715e-04  8.614e+01  
 GE2    -8.397046e+03  4.972472e-04   4.966e-04  8.055e+01  
 GE3    -8.397047e+03  -6.360583e-04  5.216e-04  8.058e+01  
 GE4    -8.397047e+03  -7.791777e-04  9.782e-05  8.048e+01  
 GE5    -8.397047e+03  -1.718400e-05  4.751e-05  8.050e+01  
 GE6    -8.397047e+03  -5.949477e-06  2.684e-05  8.061e+01  
 GE7    -8.397047e+03  -2.164749e-06  1.102e-05  8.066e+01  
 GE8    -8.397047e+03  -4.134706e-07  2.996e-06  8.064e+01  
 GE9    -8.397047e+03  -2.581281e-08  1.267e-06  8.049e+01  
 GE10   -8.397047e+03  -2.377414e-09  4.177e-07  8.060e+01  
 ><><><><><><><><><><><><><><><><><><><><><><
 TOTAL-STRESS (KBAR):
 ><><><><><><><><><><><><><><><><><><><><><><
 9.494e+01      1.110e+02      8.796e+01      
 1.110e+02      8.031e+01      -1.214e+01     
 8.796e+01      -1.214e+01     2.181e+01      
 TOTAL-PRESSURE: 6.569e+01 KBAR
 ------------------------------------------------------------------------------------------------
 Energy              Potential           Kinetic             Temperature         Pressure (KBAR)     
 -3.086e+02          -3.086e+02          1.094e-02           3.656e+01           6.616e+01           
 ------------------------------------------------------------------------------------------------
 -------------------------------------------
 STEP OF MOLECULAR DYNAMICS : 2
 -------------------------------------------
 DONE(2.371e+03  SEC) : INIT SCF
 ITER   ETOT(eV)       EDIFF(eV)      DRHO       TIME(s)    
 GE1    -8.397501e+03  0.000000e+00   1.667e-03  8.615e+01  
 GE2    -8.397499e+03  2.219000e-03   1.111e-03  8.057e+01  
 GE3    -8.397502e+03  -3.257742e-03  1.085e-03  8.083e+01  
 GE4    -8.397506e+03  -3.342148e-03  2.268e-04  8.061e+01  
 GE5    -8.397506e+03  -1.095024e-04  1.278e-04  8.073e+01  
 GE6    -8.397506e+03  -4.052958e-05  4.815e-05  8.072e+01  
 GE7    -8.397506e+03  -4.567567e-06  1.897e-05  8.100e+01  
 GE8    -8.397506e+03  -1.272133e-06  8.663e-06  8.083e+01  
 GE9    -8.397506e+03  -2.149263e-07  2.289e-06  8.088e+01  
 GE10   -8.397506e+03  -8.603239e-09  7.253e-07  8.098e+01  
 ><><><><><><><><><><><><><><><><><><><><><><
 TOTAL-STRESS (KBAR):
 ><><><><><><><><><><><><><><><><><><><><><><
 9.381e+01      1.083e+02      8.655e+01      
 1.083e+02      7.753e+01      -1.471e+01     
 8.655e+01      -1.471e+01     1.961e+01      
 TOTAL-PRESSURE: 6.365e+01 KBAR
 ------------------------------------------------------------------------------------------------
 Energy              Potential           Kinetic             Temperature         Pressure (KBAR)     
 -3.086e+02          -3.086e+02          2.355e-02           7.870e+01           6.467e+01           
 ------------------------------------------------------------------------------------------------
 -------------------------------------------
 STEP OF MOLECULAR DYNAMICS : 3
 -------------------------------------------
 DONE(3.271e+03  SEC) : INIT SCF
 ITER   ETOT(eV)       EDIFF(eV)      DRHO       TIME(s)    
 GE1    -8.397879e+03  0.000000e+00   2.046e-03  8.638e+01  
 GE2    -8.397879e+03  2.471318e-05   1.225e-03  8.062e+01  
 GE3    -8.397882e+03  -2.719327e-03  1.041e-03  8.086e+01  
 GE4    -8.397884e+03  -2.903281e-03  3.133e-04  8.077e+01  
 GE5    -8.397885e+03  -2.615929e-04  1.684e-04  8.087e+01  
 GE6    -8.397885e+03  -8.514451e-05  5.828e-05  8.078e+01  
 GE7    -8.397885e+03  -7.405373e-06  2.512e-05  8.093e+01  
 GE8    -8.397885e+03  -2.197252e-06  1.060e-05  8.069e+01  
 GE9    -8.397885e+03  -3.479950e-07  2.935e-06  8.068e+01  
 GE10   -8.397885e+03  -1.911367e-08  1.001e-06  8.068e+01  
 GE11   -8.397885e+03  8.708421e-10   6.649e-07  8.080e+01  
 ><><><><><><><><><><><><><><><><><><><><><><
 TOTAL-STRESS (KBAR):
 ><><><><><><><><><><><><><><><><><><><><><><
 9.270e+01      1.058e+02      8.524e+01      
 1.058e+02      7.529e+01      -1.660e+01     
 8.524e+01      -1.660e+01     1.755e+01      
 TOTAL-PRESSURE: 6.185e+01 KBAR
 ------------------------------------------------------------------------------------------------
 Energy              Potential           Kinetic             Temperature         Pressure (KBAR)     
 -3.086e+02          -3.086e+02          3.321e-02           1.110e+02           6.329e+01           
 ------------------------------------------------------------------------------------------------
 -------------------------------------------
 STEP OF MOLECULAR DYNAMICS : 4
 -------------------------------------------
 DONE(4.251e+03  SEC) : INIT SCF
 ITER   ETOT(eV)       EDIFF(eV)      DRHO       TIME(s)    
 GE1    -8.398263e+03  0.000000e+00   2.435e-03  8.626e+01  
 GE2    -8.398257e+03  5.175163e-03   1.603e-03  8.073e+01  
 GE3    -8.398264e+03  -6.341045e-03  1.630e-03  8.076e+01  
 GE4    -8.398271e+03  -7.698848e-03  3.416e-04  8.061e+01  
 GE5    -8.398272e+03  -2.296156e-04  1.641e-04  8.060e+01  
 GE6    -8.398272e+03  -6.224926e-05  8.033e-05  8.073e+01  
 GE7    -8.398272e+03  -1.621235e-05  3.773e-05  8.071e+01  
 GE8    -8.398272e+03  -4.766185e-06  1.071e-05  8.065e+01  
 GE9    -8.398272e+03  -3.077243e-07  3.496e-06  8.071e+01  
 GE10   -8.398272e+03  -2.624746e-08  1.082e-06  8.061e+01  
 GE11   -8.398272e+03  1.175559e-09   7.070e-07  8.050e+01  
 ><><><><><><><><><><><><><><><><><><><><><><
 TOTAL-STRESS (KBAR):
 ><><><><><><><><><><><><><><><><><><><><><><
 9.120e+01      1.024e+02      8.376e+01      
 1.024e+02      7.291e+01      -1.823e+01     
 8.376e+01      -1.823e+01     1.575e+01      
 TOTAL-PRESSURE: 5.995e+01 KBAR
 ------------------------------------------------------------------------------------------------
 Energy              Potential           Kinetic             Temperature         Pressure (KBAR)     
 -3.086e+02          -3.086e+02          4.160e-02           1.390e+02           6.176e+01           
 ------------------------------------------------------------------------------------------------
 -------------------------------------------
 STEP OF MOLECULAR DYNAMICS : 5
 -------------------------------------------
 DONE(5.229e+03  SEC) : INIT SCF
 ITER   ETOT(eV)       EDIFF(eV)      DRHO       TIME(s)    
 GE1    -8.398478e+03  0.000000e+00   2.578e-03  8.620e+01  
 GE2    -8.398477e+03  9.613424e-04   1.575e-03  8.064e+01  
 GE3    -8.398483e+03  -5.460594e-03  1.342e-03  8.050e+01  
 GE4    -8.398487e+03  -4.585317e-03  3.661e-04  8.068e+01  
 GE5    -8.398488e+03  -3.583853e-04  2.279e-04  8.076e+01  
 GE6    -8.398488e+03  -1.704067e-04  8.474e-05  8.065e+01  
 GE7    -8.398488e+03  -1.613735e-05  3.556e-05  8.072e+01  
 GE8    -8.398488e+03  -4.433248e-06  1.187e-05  8.066e+01  
 GE9    -8.398488e+03  -4.323182e-07  3.486e-06  8.066e+01  
 GE10   -8.398488e+03  -2.834645e-08  1.079e-06  8.055e+01  
 GE11   -8.398488e+03  -2.521266e-10  5.757e-07  8.072e+01  
 ><><><><><><><><><><><><><><><><><><><><><><
 TOTAL-STRESS (KBAR):
 ><><><><><><><><><><><><><><><><><><><><><><
 9.048e+01      1.006e+02      8.243e+01      
 1.006e+02      7.163e+01      -2.056e+01     
 8.243e+01      -2.056e+01     1.468e+01      
 TOTAL-PRESSURE: 5.893e+01 KBAR
 ------------------------------------------------------------------------------------------------
 Energy              Potential           Kinetic             Temperature         Pressure (KBAR)     
 -3.086e+02          -3.086e+02          3.901e-02           1.303e+02           6.062e+01           
 ------------------------------------------------------------------------------------------------
 -------------------------------------------
 STEP OF MOLECULAR DYNAMICS : 6
 -------------------------------------------
 DONE(6.208e+03  SEC) : INIT SCF
 ITER   ETOT(eV)       EDIFF(eV)      DRHO       TIME(s)    
 GE1    -8.398651e+03  0.000000e+00   3.009e-03  8.671e+01  
 GE2    -8.398646e+03  5.939852e-03   2.019e-03  8.104e+01  
 GE3    -8.398655e+03  -9.973652e-03  1.834e-03  8.107e+01  
 GE4    -8.398665e+03  -9.238566e-03  4.617e-04  8.112e+01  
 GE5    -8.398665e+03  -5.447421e-04  2.576e-04  8.104e+01  
 GE6    -8.398665e+03  -1.945725e-04  9.511e-05  8.109e+01  
 GE7    -8.398665e+03  -1.980297e-05  4.885e-05  8.114e+01  
 GE8    -8.398665e+03  -7.696714e-06  1.400e-05  8.119e+01  
 GE9    -8.398665e+03  -5.531595e-07  4.372e-06  8.109e+01  
 GE10   -8.398665e+03  -4.242687e-08  1.467e-06  8.114e+01  
 GE11   -8.398665e+03  1.313224e-09   9.044e-07  8.104e+01  
 ><><><><><><><><><><><><><><><><><><><><><><
 TOTAL-STRESS (KBAR):
 ><><><><><><><><><><><><><><><><><><><><><><
 8.931e+01      9.949e+01      8.184e+01      
 9.949e+01      7.039e+01      -2.092e+01     
 8.184e+01      -2.092e+01     1.376e+01      
 TOTAL-PRESSURE: 5.782e+01 KBAR
 ------------------------------------------------------------------------------------------------
 Energy              Potential           Kinetic             Temperature         Pressure (KBAR)     
 -3.086e+02          -3.086e+02          5.286e-02           1.766e+02           6.011e+01           
 ------------------------------------------------------------------------------------------------
 -------------------------------------------
 STEP OF MOLECULAR DYNAMICS : 7
 -------------------------------------------
 DONE(7.192e+03  SEC) : INIT SCF
 ITER   ETOT(eV)       EDIFF(eV)      DRHO       TIME(s)    
 GE1    -8.398709e+03  0.000000e+00   3.192e-03  8.627e+01  
 GE2    -8.398706e+03  2.225849e-03   1.923e-03  8.079e+01  
 GE3    -8.398715e+03  -8.901045e-03  1.634e-03  8.112e+01  
 GE4    -8.398723e+03  -7.408557e-03  4.419e-04  8.141e+01  
 GE5    -8.398723e+03  -5.348715e-04  2.844e-04  8.112e+01  
 GE6    -8.398723e+03  -2.612928e-04  9.329e-05  8.100e+01  
 GE7    -8.398723e+03  -1.865147e-05  3.031e-05  8.093e+01  
 GE8    -8.398723e+03  -2.740800e-06  1.551e-05  8.081e+01  
 GE9    -8.398723e+03  -8.359419e-07  5.529e-06  8.076e+01  
 GE10   -8.398723e+03  -8.277640e-08  1.282e-06  8.105e+01  
 GE11   -8.398723e+03  2.075791e-09   8.834e-07  8.069e+01  
 ><><><><><><><><><><><><><><><><><><><><><><
 TOTAL-STRESS (KBAR):
 ><><><><><><><><><><><><><><><><><><><><><><
 8.850e+01      9.856e+01      8.208e+01      
 9.856e+01      6.979e+01      -2.049e+01     
 8.208e+01      -2.049e+01     1.312e+01      
 TOTAL-PRESSURE: 5.714e+01 KBAR
 ------------------------------------------------------------------------------------------------
 Energy              Potential           Kinetic             Temperature         Pressure (KBAR)     
 -3.086e+02          -3.086e+02          6.720e-02           2.245e+02           6.005e+01           
 ------------------------------------------------------------------------------------------------
 -------------------------------------------
 STEP OF MOLECULAR DYNAMICS : 8
 -------------------------------------------
 DONE(8.174e+03  SEC) : INIT SCF
 ITER   ETOT(eV)       EDIFF(eV)      DRHO       TIME(s)    
 GE1    -8.398884e+03  0.000000e+00   3.731e-03  8.649e+01  
 GE2    -8.398886e+03  -2.024784e-03  2.086e-03  8.101e+01  
 GE3    -8.398893e+03  -6.810727e-03  1.690e-03  8.090e+01  
 GE4    -8.398902e+03  -8.392148e-03  5.835e-04  8.079e+01  
 GE5    -8.398903e+03  -1.012367e-03  3.015e-04  8.103e+01  
 GE6    -8.398903e+03  -3.110623e-04  1.161e-04  8.081e+01  
 GE7    -8.398903e+03  -3.234770e-05  3.131e-05  8.088e+01  
 GE8    -8.398903e+03  -2.528870e-06  1.741e-05  8.085e+01  
 GE9    -8.398903e+03  -1.023072e-06  6.783e-06  8.102e+01  
 GE10   -8.398903e+03  -1.310455e-07  1.473e-06  8.080e+01  
 GE11   -8.398903e+03  -1.905644e-09  6.847e-07  8.087e+01  
 ><><><><><><><><><><><><><><><><><><><><><><
 TOTAL-STRESS (KBAR):
 ><><><><><><><><><><><><><><><><><><><><><><
 8.780e+01      9.729e+01      8.039e+01      
 9.729e+01      6.861e+01      -2.167e+01     
 8.039e+01      -2.167e+01     1.230e+01      
 TOTAL-PRESSURE: 5.624e+01 KBAR
 ------------------------------------------------------------------------------------------------
 Energy              Potential           Kinetic             Temperature         Pressure (KBAR)     
 -3.086e+02          -3.087e+02          8.335e-02           2.785e+02           5.985e+01           
 ------------------------------------------------------------------------------------------------
 -------------------------------------------
 STEP OF MOLECULAR DYNAMICS : 9
 -------------------------------------------
 DONE(9.155e+03  SEC) : INIT SCF
 ITER   ETOT(eV)       EDIFF(eV)      DRHO       TIME(s)    
 GE1    -8.399073e+03  0.000000e+00   4.043e-03  8.670e+01  
 GE2    -8.399060e+03  1.365746e-02   2.967e-03  8.088e+01  
 GE3    -8.399081e+03  -2.145406e-02  2.603e-03  8.073e+01  
 GE4    -8.399101e+03  -1.976468e-02  6.596e-04  8.081e+01  
 GE5    -8.399102e+03  -1.130264e-03  3.325e-04  8.086e+01  
 GE6    -8.399102e+03  -2.901058e-04  1.227e-04  8.068e+01  
 GE7    -8.399102e+03  -3.033564e-05  5.923e-05  8.075e+01  
 GE8    -8.399102e+03  -1.232490e-05  2.142e-05  8.085e+01  
 GE9    -8.399102e+03  -1.446441e-06  7.094e-06  8.076e+01  
 GE10   -8.399102e+03  -1.134941e-07  1.882e-06  8.069e+01  
 GE11   -8.399102e+03  -6.692955e-09  1.078e-06  8.061e+01  
 GE12   -8.399102e+03  -1.686000e-10  6.062e-07  8.080e+01  
 ><><><><><><><><><><><><><><><><><><><><><><
 TOTAL-STRESS (KBAR):
 ><><><><><><><><><><><><><><><><><><><><><><
 8.692e+01      9.631e+01      7.964e+01      
 9.631e+01      6.720e+01      -2.209e+01     
 7.964e+01      -2.209e+01     1.061e+01      
 TOTAL-PRESSURE: 5.491e+01 KBAR
 ------------------------------------------------------------------------------------------------
 Energy              Potential           Kinetic             Temperature         Pressure (KBAR)     
 -3.086e+02          -3.087e+02          7.696e-02           2.572e+02           5.825e+01           
 ------------------------------------------------------------------------------------------------
 -------------------------------------------
 STEP OF MOLECULAR DYNAMICS : 10
 -------------------------------------------
 DONE(1.022e+04  SEC) : INIT SCF
 ITER   ETOT(eV)       EDIFF(eV)      DRHO       TIME(s)    
 GE1    -8.399129e+03  0.000000e+00   3.676e-03  8.632e+01  
 GE2    -8.399125e+03  4.202646e-03   2.174e-03  8.090e+01  
 GE3    -8.399135e+03  -1.012562e-02  2.026e-03  8.099e+01  
 GE4    -8.399147e+03  -1.194654e-02  4.954e-04  8.082e+01  
 GE5    -8.399148e+03  -6.702195e-04  3.013e-04  8.087e+01  
 GE6    -8.399148e+03  -2.847830e-04  1.091e-04  8.093e+01  
 GE7    -8.399148e+03  -2.399086e-05  3.311e-05  8.094e+01  
 GE8    -8.399148e+03  -3.451257e-06  1.829e-05  8.072e+01  
 GE9    -8.399148e+03  -1.112700e-06  5.750e-06  8.082e+01  
 GE10   -8.399148e+03  -8.717856e-08  1.656e-06  8.105e+01  
 GE11   -8.399148e+03  -2.173238e-09  7.640e-07  8.083e+01  
 ><><><><><><><><><><><><><><><><><><><><><><
 TOTAL-STRESS (KBAR):
 ><><><><><><><><><><><><><><><><><><><><><><
 8.673e+01      9.463e+01      8.004e+01      
 9.463e+01      6.690e+01      -2.273e+01     
 8.004e+01      -2.273e+01     1.064e+01      
 TOTAL-PRESSURE: 5.476e+01 KBAR
 ------------------------------------------------------------------------------------------------
 Energy              Potential           Kinetic             Temperature         Pressure (KBAR)     
 -3.086e+02          -3.087e+02          8.586e-02           2.869e+02           5.848e+01           
 ------------------------------------------------------------------------------------------------

  |CLASS_NAME---------|NAME---------------|TIME(Sec)-----|CALLS----|AVG------|PER%-------
                       total               11194          27        4.1e+02   1e+02     %
   Driver              driver_line         11194          1         1.1e+04   1e+02     %
   PW_Basis            setup_struc_factor  0.88936        11        0.081     0.0079    %
   ORB_control         read_orb_first      0.15732        1         0.16      0.0014    %
   LCAO_Orbitals       Read_Orbitals       0.15732        1         0.16      0.0014    %
   ORB_control         set_orb_tables      6.8027         1         6.8       0.061     %
   ORB_gen_tables      gen_tables          6.8027         1         6.8       0.061     %
   ORB_table_phi       init_Table          5.411          1         5.4       0.048     %
   ORB_table_phi       cal_ST_Phi12_R      5.3819         558       0.0096    0.048     %
   ORB_table_beta      init_Table_Beta     1.2            1         1.2       0.011     %
   ORB_table_beta      VNL_PhiBeta_R       1.1936         168       0.0071    0.011     %
   ppcell_vl           init_vloc           0.23076        1         0.23      0.0021    %
   Run_MD              md_line             11186          1         1.1e+04   1e+02     %
   Langevin            setup               1464.1         1         1.5e+03   13        %
   MD_func             force_virial        11186          11        1e+03     1e+02     %
   ESolver_KS_LCAO     Run                 10266          11        9.3e+02   92        %
   ESolver_KS_LCAO     beforescf           23.784         11        2.2       0.21      %
   ESolver_KS_LCAO     beforesolver        6.1221         11        0.56      0.055     %
   ESolver_KS_LCAO     set_matrix_grid     4.6383         11        0.42      0.041     %
   Grid_Technique      init                2.2049         11        0.2       0.02      %
   Grid_BigCell        grid_expansion_index0.56929        22        0.026     0.0051    %
   Record_adj          for_2d              2.1637         11        0.2       0.019     %
   Grid_Driver         Find_atom           17.483         607296    2.9e-05   0.16      %
   Charge              atomic_rho          14.868         21        0.71      0.13      %
   PW_Basis            recip2real          4.6766         750       0.0062    0.042     %
   PW_Basis            gathers_scatterp    3.4061         750       0.0045    0.03      %
   Potential           init_pot            0.73674        11        0.067     0.0066    %
   Potential           update_from_charge  8.7859         137       0.064     0.078     %
   Potential           cal_v_eff           8.7417         137       0.064     0.078     %
   H_Hartree_pw        v_hartree           0.89997        137       0.0066    0.008     %
   PW_Basis            real2recip          2.6794         1140      0.0024    0.024     %
   PW_Basis            gatherp_scatters    1.0764         1140      0.00094   0.0096    %
   PotXC               cal_v_eff           7.778          137       0.057     0.069     %
   XC_Functional       v_xc                7.7311         137       0.056     0.069     %
   HSolverLCAO         solve               10228          126       81        91        %
   HamiltLCAO          updateHk            3839.1         4536      0.85      34        %
   OperatorLCAO        init                3194.7         9072      0.35      29        %
   Veff                contributeHk        3192.6         4536      0.7       29        %
   Gint_interface      cal_gint            5081.2         263       19        45        %
   Gint_interface      cal_gint_vlocal     2476.8         126       20        22        %
   Gint_k              folding_vl_k        715.81         4536      0.16      6.4       %
   Gint_k              Distri              445.8          4536      0.098     4         %
   Overlap             contributeHR        4.3108         11        0.39      0.039     %
   LCAO_gen_fixedH     calculate_S_no      4.3107         11        0.39      0.039     %
   Ekin<LCAO>          contributeHR        4.3843         11        0.4       0.039     %
   Nonlocal<LCAO>      contributeHR        48.325         11        4.4       0.43      %
   LCAO_gen_fixedH     build_Nonlocal_mu_new152.12         22        6.9       1.4       %
   ORB_gen_tables      snap_psibeta_half   3.2274         1126653   2.9e-06   0.029     %
   OperatorLCAO        folding_fixed       587.35         4536      0.13      5.2       %
   LCAO_nnr            folding_fixedH      581.15         4536      0.13      5.2       %
   HSolverLCAO         hamiltSolvePsiK     1457.2         4536      0.32      13        %
   DiagoElpa           elpa_solve          1446.6         4536      0.32      13        %
   ElecStateLCAO       psiToRho            4931.8         126       39        44        %
   elecstate           cal_dm              135.69         137       0.99      1.2       %
   psiMulPsiMpi        pdgemm              130.88         4932      0.027     1.2       %
    Local_Orbital_wfc  wfc_2d_to_grid      25.921         4536      0.0057    0.23      %
   LCAO_Charge         cal_dk_k            2645.6         126       21        24        %
   Record_adj          for_grid            0.67431        126       0.0054    0.006     %
   Gint_interface      cal_gint_rho        2142.2         126       17        19        %
   Charge              mix_rho             1.2344         115       0.011     0.011     %
   Force_Stress_LCAO   getForceStress      920.09         11        84        8.2       %
   Forces              cal_force_loc       0.73213        11        0.067     0.0065    %
   Forces              cal_force_ew        0.71171        11        0.065     0.0064    %
   Forces              cal_force_scc       6.8185         11        0.62      0.061     %
   Stress_Func         stress_loc          5.7876         11        0.53      0.052     %
   Stress_Func         stress_ewa          0.34855        11        0.032     0.0031    %
   Stress_Func         stress_gga          0.37149        11        0.034     0.0033    %
   Force_LCAO_k        ftable_k            905.27         11        82        8.1       %
   Force_LCAO_k        allocate_k          132.92         11        12        1.2       %
   Force_LCAO_k        cal_foverlap_k      24.276         11        2.2       0.22      %
   Force_LCAO_k        cal_edm_2d          23.418         11        2.1       0.21      %
   Local_Orbital_Chargecal_dm_R            11.371         22        0.52      0.1       %
   Force_LCAO_k        cal_ftvnl_dphi_k    0.25209        11        0.023     0.0023    %
   Force_LCAO_k        cal_fvl_dphi_k      462.17         11        42        4.1       %
   Gint_interface      cal_gint_force      462.17         11        42        4.1       %
   Force_LCAO_k        cal_fvnl_dbeta_k_new273.73         11        25        2.4       %
 ----------------------------------------------------------------------------------------

 START  Time  : Fri Feb  3 19:57:22 2023
 FINISH Time  : Fri Feb  3 23:03:56 2023
 TOTAL  Time  : 1.1e+04
 SEE INFORMATION IN : OUT.ABACUS/
