 In SCAN_BEGIN, can't find: LATTICE_PARAMETERS block.
 In SCAN_BEGIN, can't find: <PP_MESH block.
 In SCAN_BEGIN, can't find: <PP_MESH block.
 AUTO_SET NBANDS to 0
 AUTO_SET NBANDS to 154
 cpu 2D distribution : 4*4
 but, the number of bands-row-block is 3
      Processor           Atom
              1             66
              2             66
              3             66
              4             66
              5             62
              6             66
              7             66
              8             66
              9             64
             10             66
             11             62
             12             66
             13             62
             14             66
             15             66
             16             66
                            startmag_type = 2
                       charge from rho_at = 3.95377
                         charge should be = 4
                            startmag_type = 2
                       charge from rho_at = 3.99303
                         charge should be = 4

 SETUP ATOMIC RHO FOR SPIN 1
                 Electron number from rho = 256
           total electron number from rho = 256
                                should be = 256
                 charge before normalized = 256
                  charge after normalized = 256
                 charge before normalized = 256.000115881431
                  charge after normalized = 256
                 charge before normalized = 256.000159240576
                  charge after normalized = 256
                 charge before normalized = 256.000134398957
                  charge after normalized = 256
                 charge before normalized = 256.000137262687
                  charge after normalized = 256
                 charge before normalized = 256.000133803593
                  charge after normalized = 256
                 charge before normalized = 256.000134028071
                  charge after normalized = 256
                 charge before normalized = 256.000134259357
                  charge after normalized = 256
                 charge before normalized = 256.000134319515
                  charge after normalized = 256
                 charge before normalized = 256.000134353277
                  charge after normalized = 256
                 charge before normalized = 256.000134328061
                  charge after normalized = 256
                 charge before normalized = 256.000134334215
                  charge after normalized = 256
                 charge before normalized = 256.000134334985
                  charge after normalized = 256
                 charge before normalized = 256.000134335996
                  charge after normalized = 256
                 charge before normalized = 256.000134335842
                  charge after normalized = 256
                 charge before normalized = 256.000134335822
                  charge after normalized = 256
                 charge before normalized = 256.000134335847
                  charge after normalized = 256
                            startmag_type = 2
                       charge from rho_at = 3.95377434289291
                         charge should be = 4
                            startmag_type = 2
                       charge from rho_at = 3.99303358802097
                         charge should be = 4

 SETUP ATOMIC RHO FOR SPIN 1
                 Electron number from rho = 256
           total electron number from rho = 256
                                should be = 256
                            startmag_type = 2
                       charge from rho_at = 3.95377434289291
                         charge should be = 4
                            startmag_type = 2
                       charge from rho_at = 3.99303358802097
                         charge should be = 4

 SETUP ATOMIC RHO FOR SPIN 1
                 Electron number from rho = 256
           total electron number from rho = 256
                                should be = 256
      Processor           Atom
              1             66
              2             66
              3             66
              4             66
              5             62
              6             66
              7             66
              8             66
              9             64
             10             66
             11             61
             12             66
             13             62
             14             66
             15             66
             16             66
                 charge before normalized = 256
                  charge after normalized = 256
                 charge before normalized = 256.0001342474
                  charge after normalized = 256
                 charge before normalized = 256.000134250314
                  charge after normalized = 256
                 charge before normalized = 256.000134282103
                  charge after normalized = 256
                 charge before normalized = 256.000134262677
                  charge after normalized = 256
                 charge before normalized = 256.000134264844
                  charge after normalized = 256
                 charge before normalized = 256.000134264855
                  charge after normalized = 256
                 charge before normalized = 256.00013426469
                  charge after normalized = 256
                 charge before normalized = 256.000134265212
                  charge after normalized = 256
                 charge before normalized = 256.000134265027
                  charge after normalized = 256
                 charge before normalized = 256.000134265035
                  charge after normalized = 256
                            startmag_type = 2
                       charge from rho_at = 3.95377434289291
                         charge should be = 4
                            startmag_type = 2
                       charge from rho_at = 3.99303358802097
                         charge should be = 4

 SETUP ATOMIC RHO FOR SPIN 1
                 Electron number from rho = 256
           total electron number from rho = 256
                                should be = 256
                            startmag_type = 2
                       charge from rho_at = 3.95377434289291
                         charge should be = 4
                            startmag_type = 2
                       charge from rho_at = 3.99303358802097
                         charge should be = 4

 SETUP ATOMIC RHO FOR SPIN 1
                 Electron number from rho = 256
           total electron number from rho = 256
                                should be = 256
      Processor           Atom
              1             66
              2             66
              3             66
              4             66
              5             62
              6             66
              7             66
              8             66
              9             64
             10             66
             11             62
             12             66
             13             62
             14             66
             15             66
             16             66
                 charge before normalized = 256
                  charge after normalized = 256
                 charge before normalized = 256.000134163506
                  charge after normalized = 256
                 charge before normalized = 256.000134172433
                  charge after normalized = 256
                 charge before normalized = 256.000134199474
                  charge after normalized = 256
                 charge before normalized = 256.000134182179
                  charge after normalized = 256
                 charge before normalized = 256.000134183403
                  charge after normalized = 256
                 charge before normalized = 256.000134184182
                  charge after normalized = 256
                 charge before normalized = 256.000134183653
                  charge after normalized = 256
                 charge before normalized = 256.000134184396
                  charge after normalized = 256
                 charge before normalized = 256.0001341841
                  charge after normalized = 256
                 charge before normalized = 256.000134184127
                  charge after normalized = 256
                            startmag_type = 2
                       charge from rho_at = 3.95377434289291
                         charge should be = 4
                            startmag_type = 2
                       charge from rho_at = 3.99303358802097
                         charge should be = 4

 SETUP ATOMIC RHO FOR SPIN 1
                 Electron number from rho = 256
           total electron number from rho = 256
                                should be = 256
                            startmag_type = 2
                       charge from rho_at = 3.95377434289291
                         charge should be = 4
                            startmag_type = 2
                       charge from rho_at = 3.99303358802097
                         charge should be = 4

 SETUP ATOMIC RHO FOR SPIN 1
                 Electron number from rho = 256
           total electron number from rho = 256
                                should be = 256
      Processor           Atom
              1             66
              2             66
              3             66
              4             66
              5             62
              6             66
              7             66
              8             66
              9             64
             10             66
             11             62
             12             66
             13             62
             14             66
             15             66
             16             66
                 charge before normalized = 256
                  charge after normalized = 256
                 charge before normalized = 256.000133984793
                  charge after normalized = 256
                 charge before normalized = 256.000133993946
                  charge after normalized = 256
                 charge before normalized = 256.000133994084
                  charge after normalized = 256
                 charge before normalized = 256.000133991724
                  charge after normalized = 256
                 charge before normalized = 256.000133991737
                  charge after normalized = 256
                 charge before normalized = 256.000133992218
                  charge after normalized = 256
                 charge before normalized = 256.000133992064
                  charge after normalized = 256
                 charge before normalized = 256.000133992267
                  charge after normalized = 256
                 charge before normalized = 256.000133992093
                  charge after normalized = 256
                 charge before normalized = 256.000133992158
                  charge after normalized = 256
                            startmag_type = 2
                       charge from rho_at = 3.95377434289291
                         charge should be = 4
                            startmag_type = 2
                       charge from rho_at = 3.99303358802097
                         charge should be = 4

 SETUP ATOMIC RHO FOR SPIN 1
                 Electron number from rho = 256
           total electron number from rho = 256
                                should be = 256
                            startmag_type = 2
                       charge from rho_at = 3.95377434289291
                         charge should be = 4
                            startmag_type = 2
                       charge from rho_at = 3.99303358802097
                         charge should be = 4

 SETUP ATOMIC RHO FOR SPIN 1
                 Electron number from rho = 256
           total electron number from rho = 256
                                should be = 256
      Processor           Atom
              1             66
              2             66
              3             66
              4             66
              5             62
              6             66
              7             66
              8             66
              9             64
             10             66
             11             62
             12             66
             13             62
             14             66
             15             66
             16             66
                 charge before normalized = 256
                  charge after normalized = 256
                 charge before normalized = 256.00013404858
                  charge after normalized = 256
                 charge before normalized = 256.000134036298
                  charge after normalized = 256
                 charge before normalized = 256.000134088213
                  charge after normalized = 256
                 charge before normalized = 256.00013405336
                  charge after normalized = 256
                 charge before normalized = 256.000134056069
                  charge after normalized = 256
                 charge before normalized = 256.000134056152
                  charge after normalized = 256
                 charge before normalized = 256.000134055723
                  charge after normalized = 256
                 charge before normalized = 256.000134056444
                  charge after normalized = 256
                 charge before normalized = 256.000134056196
                  charge after normalized = 256
                 charge before normalized = 256.000134056226
                  charge after normalized = 256
                            startmag_type = 2
                       charge from rho_at = 3.95377434289291
                         charge should be = 4
                            startmag_type = 2
                       charge from rho_at = 3.99303358802097
                         charge should be = 4

 SETUP ATOMIC RHO FOR SPIN 1
                 Electron number from rho = 256
           total electron number from rho = 256
                                should be = 256
                            startmag_type = 2
                       charge from rho_at = 3.95377434289291
                         charge should be = 4
                            startmag_type = 2
                       charge from rho_at = 3.99303358802097
                         charge should be = 4

 SETUP ATOMIC RHO FOR SPIN 1
                 Electron number from rho = 256
           total electron number from rho = 256
                                should be = 256
      Processor           Atom
              1             66
              2             66
              3             66
              4             66
              5             62
              6             66
              7             66
              8             66
              9             63
             10             66
             11             61
             12             66
             13             62
             14             66
             15             66
             16             66
                 charge before normalized = 256
                  charge after normalized = 256
                 charge before normalized = 256.000133977446
                  charge after normalized = 256
                 charge before normalized = 256.000133982809
                  charge after normalized = 256
                 charge before normalized = 256.000133995919
                  charge after normalized = 256
                 charge before normalized = 256.000133985892
                  charge after normalized = 256
                 charge before normalized = 256.000133989961
                  charge after normalized = 256
                 charge before normalized = 256.000133987888
                  charge after normalized = 256
                 charge before normalized = 256.000133988276
                  charge after normalized = 256
                 charge before normalized = 256.000133988588
                  charge after normalized = 256
                 charge before normalized = 256.000133988387
                  charge after normalized = 256
                 charge before normalized = 256.000133988445
                  charge after normalized = 256
                 charge before normalized = 256.00013398844
                  charge after normalized = 256
                            startmag_type = 2
                       charge from rho_at = 3.95377434289291
                         charge should be = 4
                            startmag_type = 2
                       charge from rho_at = 3.99303358802097
                         charge should be = 4

 SETUP ATOMIC RHO FOR SPIN 1
                 Electron number from rho = 256
           total electron number from rho = 256
                                should be = 256
                            startmag_type = 2
                       charge from rho_at = 3.95377434289291
                         charge should be = 4
                            startmag_type = 2
                       charge from rho_at = 3.99303358802097
                         charge should be = 4

 SETUP ATOMIC RHO FOR SPIN 1
                 Electron number from rho = 256
           total electron number from rho = 256
                                should be = 256
      Processor           Atom
              1             66
              2             66
              3             66
              4             66
              5             62
              6             66
              7             66
              8             66
              9             64
             10             66
             11             62
             12             66
             13             62
             14             66
             15             66
             16             66
                 charge before normalized = 256
                  charge after normalized = 256
                 charge before normalized = 256.000133816423
                  charge after normalized = 256
                 charge before normalized = 256.000133851464
                  charge after normalized = 256
                 charge before normalized = 256.000133810752
                  charge after normalized = 256
                 charge before normalized = 256.000133837628
                  charge after normalized = 256
                 charge before normalized = 256.000133830385
                  charge after normalized = 256
                 charge before normalized = 256.000133833351
                  charge after normalized = 256
                 charge before normalized = 256.000133832999
                  charge after normalized = 256
                 charge before normalized = 256.000133832668
                  charge after normalized = 256
                 charge before normalized = 256.000133832872
                  charge after normalized = 256
                 charge before normalized = 256.000133832819
                  charge after normalized = 256
                 charge before normalized = 256.00013383283
                  charge after normalized = 256
                            startmag_type = 2
                       charge from rho_at = 3.95377434289291
                         charge should be = 4
                            startmag_type = 2
                       charge from rho_at = 3.99303358802097
                         charge should be = 4

 SETUP ATOMIC RHO FOR SPIN 1
                 Electron number from rho = 256
           total electron number from rho = 256
                                should be = 256
                            startmag_type = 2
                       charge from rho_at = 3.95377434289291
                         charge should be = 4
                            startmag_type = 2
                       charge from rho_at = 3.99303358802097
                         charge should be = 4

 SETUP ATOMIC RHO FOR SPIN 1
                 Electron number from rho = 256
           total electron number from rho = 256
                                should be = 256
      Processor           Atom
              1             66
              2             66
              3             66
              4             66
              5             62
              6             66
              7             66
              8             66
              9             64
             10             66
             11             62
             12             66
             13             62
             14             66
             15             66
             16             66
                 charge before normalized = 256
                  charge after normalized = 256
                 charge before normalized = 256.000133878495
                  charge after normalized = 256
                 charge before normalized = 256.00013389555
                  charge after normalized = 256
                 charge before normalized = 256.000133876513
                  charge after normalized = 256
                 charge before normalized = 256.000133884745
                  charge after normalized = 256
                 charge before normalized = 256.000133884114
                  charge after normalized = 256
                 charge before normalized = 256.000133884952
                  charge after normalized = 256
                 charge before normalized = 256.000133884616
                  charge after normalized = 256
                 charge before normalized = 256.000133884613
                  charge after normalized = 256
                 charge before normalized = 256.000133884617
                  charge after normalized = 256
                 charge before normalized = 256.000133884638
                  charge after normalized = 256
                 charge before normalized = 256.000133884628
                  charge after normalized = 256
                            startmag_type = 2
                       charge from rho_at = 3.95377434289291
                         charge should be = 4
                            startmag_type = 2
                       charge from rho_at = 3.99303358802097
                         charge should be = 4

 SETUP ATOMIC RHO FOR SPIN 1
                 Electron number from rho = 256
           total electron number from rho = 256
                                should be = 256
                            startmag_type = 2
                       charge from rho_at = 3.95377434289291
                         charge should be = 4
                            startmag_type = 2
                       charge from rho_at = 3.99303358802097
                         charge should be = 4

 SETUP ATOMIC RHO FOR SPIN 1
                 Electron number from rho = 256
           total electron number from rho = 256
                                should be = 256
      Processor           Atom
              1             66
              2             66
              3             66
              4             66
              5             62
              6             66
              7             66
              8             66
              9             64
             10             66
             11             62
             12             66
             13             63
             14             66
             15             66
             16             66
                 charge before normalized = 256
                  charge after normalized = 256
                 charge before normalized = 256.000133866812
                  charge after normalized = 256
                 charge before normalized = 256.000133856597
                  charge after normalized = 256
                 charge before normalized = 256.000133876668
                  charge after normalized = 256
                 charge before normalized = 256.000133854453
                  charge after normalized = 256
                 charge before normalized = 256.000133867941
                  charge after normalized = 256
                 charge before normalized = 256.000133862037
                  charge after normalized = 256
                 charge before normalized = 256.000133862638
                  charge after normalized = 256
                 charge before normalized = 256.000133862967
                  charge after normalized = 256
                 charge before normalized = 256.000133862832
                  charge after normalized = 256
                 charge before normalized = 256.000133862898
                  charge after normalized = 256
                 charge before normalized = 256.000133862874
                  charge after normalized = 256
                            startmag_type = 2
                       charge from rho_at = 3.95377434289291
                         charge should be = 4
                            startmag_type = 2
                       charge from rho_at = 3.99303358802097
                         charge should be = 4

 SETUP ATOMIC RHO FOR SPIN 1
                 Electron number from rho = 256
           total electron number from rho = 256
                                should be = 256
                            startmag_type = 2
                       charge from rho_at = 3.95377434289291
                         charge should be = 4
                            startmag_type = 2
                       charge from rho_at = 3.99303358802097
                         charge should be = 4

 SETUP ATOMIC RHO FOR SPIN 1
                 Electron number from rho = 256
           total electron number from rho = 256
                                should be = 256
      Processor           Atom
              1             66
              2             66
              3             66
              4             66
              5             62
              6             66
              7             66
              8             66
              9             64
             10             66
             11             62
             12             66
             13             64
             14             66
             15             66
             16             66
                 charge before normalized = 256
                  charge after normalized = 256
                 charge before normalized = 256.000133760256
                  charge after normalized = 256
                 charge before normalized = 256.000133810833
                  charge after normalized = 256
                 charge before normalized = 256.00013373501
                  charge after normalized = 256
                 charge before normalized = 256.000133776654
                  charge after normalized = 256
                 charge before normalized = 256.000133768784
                  charge after normalized = 256
                 charge before normalized = 256.000133771889
                  charge after normalized = 256
                 charge before normalized = 256.000133771431
                  charge after normalized = 256
                 charge before normalized = 256.000133770808
                  charge after normalized = 256
                 charge before normalized = 256.000133771172
                  charge after normalized = 256
                 charge before normalized = 256.000133771089
                  charge after normalized = 256
                 charge before normalized = 256.000133771112
                  charge after normalized = 256
                            startmag_type = 2
                       charge from rho_at = 3.95377434289291
                         charge should be = 4
                            startmag_type = 2
                       charge from rho_at = 3.99303358802097
                         charge should be = 4

 SETUP ATOMIC RHO FOR SPIN 1
                 Electron number from rho = 256
           total electron number from rho = 256
                                should be = 256
                            startmag_type = 2
                       charge from rho_at = 3.95377434289291
                         charge should be = 4
                            startmag_type = 2
                       charge from rho_at = 3.99303358802097
                         charge should be = 4

 SETUP ATOMIC RHO FOR SPIN 1
                 Electron number from rho = 256
           total electron number from rho = 256
                                should be = 256
      Processor           Atom
              1             66
              2             66
              3             66
              4             66
              5             62
              6             66
              7             66
              8             66
              9             64
             10             66
             11             62
             12             66
             13             63
             14             66
             15             66
             16             66
                 charge before normalized = 256
                  charge after normalized = 256
                 charge before normalized = 256.000133702177
                  charge after normalized = 256
                 charge before normalized = 256.000133723337
                  charge after normalized = 256
                 charge before normalized = 256.000133713584
                  charge after normalized = 256
                 charge before normalized = 256.000133715516
                  charge after normalized = 256
                 charge before normalized = 256.000133714805
                  charge after normalized = 256
                 charge before normalized = 256.000133716507
                  charge after normalized = 256
                 charge before normalized = 256.000133715589
                  charge after normalized = 256
                 charge before normalized = 256.000133716225
                  charge after normalized = 256
                 charge before normalized = 256.000133715823
                  charge after normalized = 256
                 charge before normalized = 256.00013371596
                  charge after normalized = 256
                 charge before normalized = 256.000133715951
                  charge after normalized = 256
