WARNING: Total thread number on this node mismatches with hardware availability. This may cause poor performance.
Info: Local MPI proc number: 16,OpenMP thread number: 1,Total thread number: 16,Local thread limit: 32
 *********************************************************
 *                                                       *
 *                  WELCOME TO ABACUS v3.0               *
 *                                                       *
 *            'Atomic-orbital Based Ab-initio            *
 *                  Computation at UStc'                 *
 *                                                       *
 *          Website: http://abacus.ustc.edu.cn/          *
 *                                                       *
 *********************************************************
 Mon May 22 14:16:29 2023
 MAKE THE DIR         : OUT.ABACUS/
 MAKE THE STRU DIR    : OUT.ABACUS/STRU/
 UNIFORM GRID DIM     : 120 * 120 * 128
 UNIFORM GRID DIM(BIG): 60 * 60 * 64
 DONE(0.111579   SEC) : SETUP UNITCELL
 DONE(0.120562   SEC) : INIT K-POINTS
 ---------------------------------------------------------
 Molecular Dynamics simulations
 ---------------------------------------------------------
 ENSEMBLE                 : Langevin
 Time interval(fs)        : 1
 ---------------------------------------------------------
 SPIN    KPOINTS         PROCESSORS  NBASE       
 1       36              16          1584        
 ---------------------------------------------------------
 Use Systematically Improvable Atomic bases
 ---------------------------------------------------------
 ELEMENT ORBITALS        NBASE       NATOM       XC          
 Si      3s3p2d-9au      22          36          
 C       3s3p2d-9au      22          36          
 ---------------------------------------------------------
 Initial plane wave basis and FFT box
 ---------------------------------------------------------
--------------------------------- INITVEL DONE ------------------------------------
 -------------------------------------------
 STEP OF MOLECULAR DYNAMICS : 0
 -------------------------------------------
 START CHARGE      : atomic
 DONE(10.2792    SEC) : INIT SCF
 ITER   ETOT(eV)       EDIFF(eV)      DRHO       TIME(s)    
 GE1    -9.380395e+03  0.000000e+00   2.718e-01  1.004e+02  
 GE2    -9.435147e+03  -5.475154e+01  1.531e-01  9.445e+01  
 GE3    -9.448785e+03  -1.363866e+01  2.803e-02  9.444e+01  
 GE4    -9.443731e+03  5.053990e+00   5.348e-02  9.455e+01  
 GE5    -9.452653e+03  -8.921837e+00  7.049e-03  9.434e+01  
 GE6    -9.452833e+03  -1.794816e-01  4.547e-03  9.444e+01  
 GE7    -9.452902e+03  -6.958954e-02  1.140e-03  9.436e+01  
 GE8    -9.452906e+03  -3.346125e-03  4.972e-04  9.429e+01  
 GE9    -9.452906e+03  -4.897571e-04  4.328e-04  9.419e+01  
 GE10   -9.452907e+03  -6.125827e-04  1.861e-04  9.433e+01  
 GE11   -9.452907e+03  -1.123555e-04  4.687e-05  9.433e+01  
 GE12   -9.452907e+03  -6.595031e-06  2.590e-05  9.436e+01  
 GE13   -9.452907e+03  -1.401335e-06  1.091e-05  9.448e+01  
 GE14   -9.452907e+03  -4.581789e-07  3.788e-06  9.436e+01  
 GE15   -9.452907e+03  -2.748489e-08  1.769e-06  9.445e+01  
 GE16   -9.452907e+03  -4.097443e-09  8.291e-07  9.458e+01  
 ><><><><><><><><><><><><><><><><><><><><><><
 TOTAL-STRESS (KBAR):
 ><><><><><><><><><><><><><><><><><><><><><><
 8.148e+00      4.763e+01      4.238e+01      
 4.763e+01      3.332e+01      4.291e+01      
 4.238e+01      4.291e+01      -8.579e+01     
 TOTAL-PRESSURE: -1.477e+01 KBAR
 ------------------------------------------------------------------------------------------------
 Energy              Potential           Kinetic             Temperature         Pressure (KBAR)     
 -3.474e+02          -3.474e+02          3.373e-03           1.000e+01           -1.465e+01          
 ------------------------------------------------------------------------------------------------
 -------------------------------------------
 STEP OF MOLECULAR DYNAMICS : 1
 -------------------------------------------
 DONE(1.622e+03  SEC) : INIT SCF
 ITER   ETOT(eV)       EDIFF(eV)      DRHO       TIME(s)    
 GE1    -9.452950e+03  0.000000e+00   4.607e-04  9.975e+01  
 GE2    -9.452950e+03  6.593257e-05   2.717e-04  9.403e+01  
 GE3    -9.452950e+03  -1.870739e-04  2.586e-04  9.416e+01  
 GE4    -9.452950e+03  -1.912068e-04  5.505e-05  9.416e+01  
 GE5    -9.452950e+03  -3.931445e-06  4.583e-05  9.431e+01  
 GE6    -9.452951e+03  -8.812097e-06  1.993e-05  9.416e+01  
 GE7    -9.452951e+03  -1.425830e-06  6.709e-06  9.407e+01  
 GE8    -9.452951e+03  -1.509511e-07  1.584e-06  9.427e+01  
 GE9    -9.452951e+03  -3.642688e-09  6.920e-07  9.420e+01  
 ><><><><><><><><><><><><><><><><><><><><><><
 TOTAL-STRESS (KBAR):
 ><><><><><><><><><><><><><><><><><><><><><><
 7.828e+00      4.741e+01      4.226e+01      
 4.741e+01      3.294e+01      4.281e+01      
 4.226e+01      4.281e+01      -8.577e+01     
 TOTAL-PRESSURE: -1.500e+01 KBAR
 ------------------------------------------------------------------------------------------------
 Energy              Potential           Kinetic             Temperature         Pressure (KBAR)     
 -3.474e+02          -3.474e+02          7.570e-03           2.244e+01           -1.472e+01          
 ------------------------------------------------------------------------------------------------
 -------------------------------------------
 STEP OF MOLECULAR DYNAMICS : 2
 -------------------------------------------
 DONE(2.570e+03  SEC) : INIT SCF
 ITER   ETOT(eV)       EDIFF(eV)      DRHO       TIME(s)    
 GE1    -9.452989e+03  0.000000e+00   1.528e-03  9.959e+01  
 GE2    -9.452989e+03  5.534067e-04   9.493e-04  9.387e+01  
 GE3    -9.452991e+03  -1.962562e-03  8.340e-04  9.361e+01  
 GE4    -9.452993e+03  -2.086685e-03  2.546e-04  9.387e+01  
 GE5    -9.452993e+03  -2.175203e-04  1.696e-04  9.369e+01  
 GE6    -9.452993e+03  -1.052441e-04  5.636e-05  9.358e+01  
 GE7    -9.452993e+03  -1.000967e-05  2.469e-05  9.363e+01  
 GE8    -9.452993e+03  -1.852682e-06  4.706e-06  9.366e+01  
 GE9    -9.452993e+03  -5.376947e-08  2.150e-06  9.366e+01  
 GE10   -9.452993e+03  -1.177725e-08  1.033e-06  9.357e+01  
 GE11   -9.452993e+03  -1.288475e-09  5.663e-07  9.354e+01  
 ><><><><><><><><><><><><><><><><><><><><><><
 TOTAL-STRESS (KBAR):
 ><><><><><><><><><><><><><><><><><><><><><><
 7.633e+00      4.747e+01      4.195e+01      
 4.747e+01      3.235e+01      4.248e+01      
 4.195e+01      4.248e+01      -8.587e+01     
 TOTAL-PRESSURE: -1.530e+01 KBAR
 ------------------------------------------------------------------------------------------------
 Energy              Potential           Kinetic             Temperature         Pressure (KBAR)     
 -3.474e+02          -3.474e+02          1.904e-02           5.646e+01           -1.458e+01          
 ------------------------------------------------------------------------------------------------
 -------------------------------------------
 STEP OF MOLECULAR DYNAMICS : 3
 -------------------------------------------
 DONE(3.702e+03  SEC) : INIT SCF
 ITER   ETOT(eV)       EDIFF(eV)      DRHO       TIME(s)    
 GE1    -9.452998e+03  0.000000e+00   1.853e-03  9.924e+01  
 GE2    -9.452995e+03  2.270453e-03   1.204e-03  9.366e+01  
 GE3    -9.452998e+03  -2.737043e-03  1.172e-03  9.368e+01  
 GE4    -9.453003e+03  -4.705463e-03  3.451e-04  9.371e+01  
 GE5    -9.453003e+03  -3.833180e-04  1.921e-04  9.359e+01  
 GE6    -9.453003e+03  -1.285726e-04  6.540e-05  9.365e+01  
 GE7    -9.453003e+03  -1.347549e-05  2.818e-05  9.374e+01  
 GE8    -9.453003e+03  -2.492840e-06  6.654e-06  9.361e+01  
 GE9    -9.453003e+03  -1.287114e-07  2.723e-06  9.392e+01  
 GE10   -9.453003e+03  -2.316007e-08  1.411e-06  9.366e+01  
 GE11   -9.453003e+03  -3.249803e-09  7.157e-07  9.373e+01  
 ><><><><><><><><><><><><><><><><><><><><><><
 TOTAL-STRESS (KBAR):
 ><><><><><><><><><><><><><><><><><><><><><><
 8.344e+00      4.786e+01      4.165e+01      
 4.786e+01      3.131e+01      4.268e+01      
 4.165e+01      4.268e+01      -8.566e+01     
 TOTAL-PRESSURE: -1.533e+01 KBAR
 ------------------------------------------------------------------------------------------------
 Energy              Potential           Kinetic             Temperature         Pressure (KBAR)     
 -3.474e+02          -3.474e+02          2.390e-02           7.087e+01           -1.443e+01          
 ------------------------------------------------------------------------------------------------
 -------------------------------------------
 STEP OF MOLECULAR DYNAMICS : 4
 -------------------------------------------
 DONE(4.835e+03  SEC) : INIT SCF
 ITER   ETOT(eV)       EDIFF(eV)      DRHO       TIME(s)    
 GE1    -9.453008e+03  0.000000e+00   2.383e-03  9.930e+01  
 GE2    -9.453006e+03  1.513069e-03   1.433e-03  9.374e+01  
 GE3    -9.453011e+03  -4.818887e-03  1.305e-03  9.365e+01  
 GE4    -9.453016e+03  -4.952594e-03  3.399e-04  9.372e+01  
 GE5    -9.453017e+03  -3.015322e-04  2.439e-04  9.358e+01  
 GE6    -9.453017e+03  -2.383553e-04  9.365e-05  9.375e+01  
 GE7    -9.453017e+03  -3.019213e-05  3.723e-05  9.362e+01  
 GE8    -9.453017e+03  -4.506761e-06  7.505e-06  9.365e+01  
 GE9    -9.453017e+03  -1.291429e-07  3.719e-06  9.363e+01  
 GE10   -9.453017e+03  -5.002160e-08  1.921e-06  9.366e+01  
 GE11   -9.453017e+03  -9.899448e-09  7.956e-07  9.364e+01  
 ><><><><><><><><><><><><><><><><><><><><><><
 TOTAL-STRESS (KBAR):
 ><><><><><><><><><><><><><><><><><><><><><><
 7.986e+00      4.820e+01      4.179e+01      
 4.820e+01      3.191e+01      4.270e+01      
 4.179e+01      4.270e+01      -8.597e+01     
 TOTAL-PRESSURE: -1.536e+01 KBAR
 ------------------------------------------------------------------------------------------------
 Energy              Potential           Kinetic             Temperature         Pressure (KBAR)     
 -3.474e+02          -3.474e+02          3.941e-02           1.168e+02           -1.388e+01          
 ------------------------------------------------------------------------------------------------
 -------------------------------------------
 STEP OF MOLECULAR DYNAMICS : 5
 -------------------------------------------
 DONE(5.966e+03  SEC) : INIT SCF
 ITER   ETOT(eV)       EDIFF(eV)      DRHO       TIME(s)    
 GE1    -9.453046e+03  0.000000e+00   2.652e-03  9.946e+01  
 GE2    -9.453042e+03  4.929978e-03   1.691e-03  9.383e+01  
 GE3    -9.453049e+03  -7.388397e-03  1.663e-03  9.395e+01  
 GE4    -9.453057e+03  -8.191944e-03  3.790e-04  9.385e+01  
 GE5    -9.453057e+03  -3.342247e-04  2.829e-04  9.385e+01  
 GE6    -9.453058e+03  -3.329817e-04  1.103e-04  9.374e+01  
 GE7    -9.453058e+03  -3.997676e-05  4.028e-05  9.383e+01  
 GE8    -9.453058e+03  -5.224545e-06  6.881e-06  9.392e+01  
 GE9    -9.453058e+03  -9.116309e-08  4.558e-06  9.398e+01  
 GE10   -9.453058e+03  -8.692798e-08  2.201e-06  9.396e+01  
 GE11   -9.453058e+03  -1.585304e-08  6.936e-07  9.385e+01  
 ><><><><><><><><><><><><><><><><><><><><><><
 TOTAL-STRESS (KBAR):
 ><><><><><><><><><><><><><><><><><><><><><><
 8.543e+00      4.863e+01      4.174e+01      
 4.863e+01      3.013e+01      4.250e+01      
 4.174e+01      4.250e+01      -8.563e+01     
 TOTAL-PRESSURE: -1.565e+01 KBAR
 ------------------------------------------------------------------------------------------------
 Energy              Potential           Kinetic             Temperature         Pressure (KBAR)     
 -3.473e+02          -3.474e+02          4.517e-02           1.339e+02           -1.395e+01          
 ------------------------------------------------------------------------------------------------
 -------------------------------------------
 STEP OF MOLECULAR DYNAMICS : 6
 -------------------------------------------
 DONE(7.099e+03  SEC) : INIT SCF
 ITER   ETOT(eV)       EDIFF(eV)      DRHO       TIME(s)    
 GE1    -9.453064e+03  0.000000e+00   2.717e-03  9.962e+01  
 GE2    -9.453064e+03  4.758087e-04   1.639e-03  9.406e+01  
 GE3    -9.453070e+03  -6.019243e-03  1.370e-03  9.382e+01  
 GE4    -9.453075e+03  -5.162909e-03  3.451e-04  9.376e+01  
 GE5    -9.453075e+03  -2.259699e-04  2.302e-04  9.388e+01  
 GE6    -9.453075e+03  -1.980928e-04  1.134e-04  9.377e+01  
 GE7    -9.453076e+03  -4.439096e-05  4.301e-05  9.393e+01  
 GE8    -9.453076e+03  -6.943309e-06  9.417e-06  9.396e+01  
 GE9    -9.453076e+03  -2.507066e-07  3.047e-06  9.389e+01  
 GE10   -9.453076e+03  -2.257074e-08  1.288e-06  9.394e+01  
 GE11   -9.453076e+03  2.931165e-09   9.157e-07  9.400e+01  
 ><><><><><><><><><><><><><><><><><><><><><><
 TOTAL-STRESS (KBAR):
 ><><><><><><><><><><><><><><><><><><><><><><
 7.866e+00      4.855e+01      4.194e+01      
 4.855e+01      3.016e+01      4.258e+01      
 4.194e+01      4.258e+01      -8.537e+01     
 TOTAL-PRESSURE: -1.578e+01 KBAR
 ------------------------------------------------------------------------------------------------
 Energy              Potential           Kinetic             Temperature         Pressure (KBAR)     
 -3.473e+02          -3.474e+02          6.332e-02           1.877e+02           -1.340e+01          
 ------------------------------------------------------------------------------------------------
 -------------------------------------------
 STEP OF MOLECULAR DYNAMICS : 7
 -------------------------------------------
 DONE(8.233e+03  SEC) : INIT SCF
 ITER   ETOT(eV)       EDIFF(eV)      DRHO       TIME(s)    
 GE1    -9.453025e+03  0.000000e+00   3.290e-03  9.951e+01  
 GE2    -9.453020e+03  5.107145e-03   1.835e-03  9.394e+01  
 GE3    -9.453027e+03  -7.259894e-03  1.872e-03  9.411e+01  
 GE4    -9.453039e+03  -1.183555e-02  4.893e-04  9.413e+01  
 GE5    -9.453040e+03  -7.282829e-04  3.514e-04  9.401e+01  
 GE6    -9.453040e+03  -4.642726e-04  1.266e-04  9.401e+01  
 GE7    -9.453040e+03  -4.890337e-05  4.272e-05  9.383e+01  
 GE8    -9.453040e+03  -6.222365e-06  1.011e-05  9.404e+01  
 GE9    -9.453040e+03  -2.318033e-07  4.692e-06  9.401e+01  
 GE10   -9.453040e+03  -7.629690e-08  2.437e-06  9.398e+01  
 GE11   -9.453040e+03  -2.549881e-08  1.124e-06  9.404e+01  
 GE12   -9.453040e+03  -3.092031e-09  3.815e-07  9.392e+01  
 ><><><><><><><><><><><><><><><><><><><><><><
 TOTAL-STRESS (KBAR):
 ><><><><><><><><><><><><><><><><><><><><><><
 7.672e+00      4.985e+01      4.283e+01      
 4.985e+01      3.054e+01      4.228e+01      
 4.283e+01      4.228e+01      -8.464e+01     
 TOTAL-PRESSURE: -1.548e+01 KBAR
 ------------------------------------------------------------------------------------------------
 Energy              Potential           Kinetic             Temperature         Pressure (KBAR)     
 -3.473e+02          -3.474e+02          7.793e-02           2.311e+02           -1.254e+01          
 ------------------------------------------------------------------------------------------------
 -------------------------------------------
 STEP OF MOLECULAR DYNAMICS : 8
 -------------------------------------------
 DONE(9.462e+03  SEC) : INIT SCF
 ITER   ETOT(eV)       EDIFF(eV)      DRHO       TIME(s)    
 GE1    -9.453052e+03  0.000000e+00   3.665e-03  9.964e+01  
 GE2    -9.453053e+03  -6.563055e-04  2.168e-03  9.400e+01  
 GE3    -9.453064e+03  -1.130237e-02  1.756e-03  9.387e+01  
 GE4    -9.453073e+03  -8.810238e-03  4.614e-04  9.408e+01  
 GE5    -9.453074e+03  -4.010169e-04  2.570e-04  9.393e+01  
 GE6    -9.453074e+03  -2.178492e-04  1.438e-04  9.388e+01  
 GE7    -9.453074e+03  -7.391819e-05  5.706e-05  9.389e+01  
 GE8    -9.453074e+03  -1.361393e-05  1.468e-05  9.395e+01  
 GE9    -9.453074e+03  -7.381431e-07  4.971e-06  9.374e+01  
 GE10   -9.453074e+03  -5.889862e-08  1.851e-06  9.372e+01  
 GE11   -9.453074e+03  -1.004794e-08  1.223e-06  9.389e+01  
 GE12   -9.453074e+03  -3.817475e-09  5.106e-07  9.406e+01  
 ><><><><><><><><><><><><><><><><><><><><><><
 TOTAL-STRESS (KBAR):
 ><><><><><><><><><><><><><><><><><><><><><><
 5.901e+00      4.974e+01      4.286e+01      
 4.974e+01      3.080e+01      4.174e+01      
 4.286e+01      4.174e+01      -8.436e+01     
 TOTAL-PRESSURE: -1.589e+01 KBAR
 ------------------------------------------------------------------------------------------------
 Energy              Potential           Kinetic             Temperature         Pressure (KBAR)     
 -3.473e+02          -3.474e+02          7.476e-02           2.217e+02           -1.307e+01          
 ------------------------------------------------------------------------------------------------
 -------------------------------------------
 STEP OF MOLECULAR DYNAMICS : 9
 -------------------------------------------
 DONE(1.069e+04  SEC) : INIT SCF
 ITER   ETOT(eV)       EDIFF(eV)      DRHO       TIME(s)    
 GE1    -9.453067e+03  0.000000e+00   3.512e-03  9.988e+01  
 GE2    -9.453062e+03  5.119985e-03   2.257e-03  9.388e+01  
 GE3    -9.453077e+03  -1.462516e-02  2.016e-03  9.386e+01  
 GE4    -9.453087e+03  -1.049260e-02  4.080e-04  9.393e+01  
 GE5    -9.453088e+03  -2.525662e-04  2.409e-04  9.390e+01  
 GE6    -9.453088e+03  -1.923074e-04  1.496e-04  9.397e+01  
 GE7    -9.453088e+03  -7.927156e-05  6.083e-05  9.402e+01  
 GE8    -9.453088e+03  -1.344583e-05  1.370e-05  9.387e+01  
 GE9    -9.453088e+03  -5.711657e-07  4.950e-06  9.397e+01  
 GE10   -9.453088e+03  -6.558230e-08  1.621e-06  9.391e+01  
 GE11   -9.453088e+03  -6.976017e-10  9.914e-07  9.382e+01  
 ><><><><><><><><><><><><><><><><><><><><><><
 TOTAL-STRESS (KBAR):
 ><><><><><><><><><><><><><><><><><><><><><><
 5.158e+00      4.898e+01      4.210e+01      
 4.898e+01      3.051e+01      4.214e+01      
 4.210e+01      4.214e+01      -8.366e+01     
 TOTAL-PRESSURE: -1.599e+01 KBAR
 ------------------------------------------------------------------------------------------------
 Energy              Potential           Kinetic             Temperature         Pressure (KBAR)     
 -3.473e+02          -3.474e+02          7.922e-02           2.349e+02           -1.301e+01          
 ------------------------------------------------------------------------------------------------
 -------------------------------------------
 STEP OF MOLECULAR DYNAMICS : 10
 -------------------------------------------
 DONE(1.182e+04  SEC) : INIT SCF
 ITER   ETOT(eV)       EDIFF(eV)      DRHO       TIME(s)    
 GE1    -9.453131e+03  0.000000e+00   3.527e-03  9.979e+01  
 GE2    -9.453128e+03  3.804090e-03   2.132e-03  9.382e+01  
 GE3    -9.453139e+03  -1.148551e-02  1.886e-03  9.391e+01  
 GE4    -9.453149e+03  -1.041600e-02  5.385e-04  9.375e+01  
 GE5    -9.453150e+03  -8.332129e-04  4.157e-04  9.397e+01  
 GE6    -9.453151e+03  -6.321855e-04  1.403e-04  9.404e+01  
 GE7    -9.453151e+03  -6.184151e-05  5.646e-05  9.397e+01  
 GE8    -9.453151e+03  -1.042733e-05  1.036e-05  9.400e+01  
 GE9    -9.453151e+03  -2.582333e-07  4.291e-06  9.389e+01  
 GE10   -9.453151e+03  -4.695896e-08  1.468e-06  9.380e+01  
 GE11   -9.453151e+03  -8.754824e-10  8.763e-07  9.380e+01  
 ><><><><><><><><><><><><><><><><><><><><><><
 TOTAL-STRESS (KBAR):
 ><><><><><><><><><><><><><><><><><><><><><><
 2.615e+00      4.781e+01      4.218e+01      
 4.781e+01      3.122e+01      4.172e+01      
 4.218e+01      4.172e+01      -8.304e+01     
 TOTAL-PRESSURE: -1.640e+01 KBAR
 ------------------------------------------------------------------------------------------------
 Energy              Potential           Kinetic             Temperature         Pressure (KBAR)     
 -3.473e+02          -3.474e+02          1.053e-01           3.122e+02           -1.244e+01          
 ------------------------------------------------------------------------------------------------

  |CLASS_NAME---------|NAME---------------|TIME(Sec)-----|CALLS----|AVG------|PER%-------
                       total               12956          27        4.8e+02   1e+02     %
   Driver              driver_line         12956          1         1.3e+04   1e+02     %
   PW_Basis            setup_struc_factor  1.229          11        0.11      0.0095    %
   ORB_control         read_orb_first      0.22698        1         0.23      0.0018    %
   LCAO_Orbitals       Read_Orbitals       0.22698        1         0.23      0.0018    %
   NOrbital_Lm         extra_uniform       0.12367        16        0.0077    0.00095   %
   Mathzone_Add1       Uni_Deriv_Phi       0.10947        16        0.0068    0.00084   %
   ORB_control         set_orb_tables      7.0275         1         7         0.054     %
   ORB_gen_tables      gen_tables          7.0275         1         7         0.054     %
   ORB_table_phi       init_Table          5.1898         1         5.2       0.04      %
   ORB_table_phi       cal_ST_Phi12_R      5.1493         558       0.0092    0.04      %
   ORB_table_beta      init_Table_Beta     1.3488         1         1.3       0.01      %
   ORB_table_beta      VNL_PhiBeta_R       1.3393         168       0.008     0.01      %
   ppcell_vl           init_vloc           0.26911        1         0.27      0.0021    %
   Run_MD              md_line             12949          1         1.3e+04   1e+02     %
   Langevin            setup               1611.6         1         1.6e+03   12        %
   MD_func             force_stress        12948          11        1.2e+03   1e+02     %
   ESolver_KS_LCAO     Run                 11926          11        1.1e+03   92        %
   ESolver_KS_LCAO     beforescf           27.617         11        2.5       0.21      %
   ESolver_KS_LCAO     beforesolver        10.014         11        0.91      0.077     %
   ESolver_KS_LCAO     set_matrix_grid     5.8091         11        0.53      0.045     %
   atom_arrange        search              0.10127        11        0.0092    0.00078   %
   Grid_Technique      init                3.0732         11        0.28      0.024     %
   Grid_BigCell        grid_expansion_index0.95126        22        0.043     0.0073    %
   Record_adj          for_2d              2.2972         11        0.21      0.018     %
   Grid_Driver         Find_atom           16.402         683208    2.4e-05   0.13      %
   Charge              atomic_rho          15.524         21        0.74      0.12      %
   PW_Basis            recip2real          3.3005         750       0.0044    0.025     %
   PW_Basis            gathers_scatterp    2.2911         750       0.0031    0.018     %
   Potential           init_pot            0.8779         11        0.08      0.0068    %
   Potential           update_from_charge  9.8356         137       0.072     0.076     %
   Potential           cal_v_eff           9.7869         137       0.071     0.076     %
   H_Hartree_pw        v_hartree           1.0083         137       0.0074    0.0078    %
   PW_Basis            real2recip          2.9331         1140      0.0026    0.023     %
   PW_Basis            gatherp_scatters    1.2604         1140      0.0011    0.0097    %
   PotXC               cal_v_eff           8.6922         137       0.063     0.067     %
   XC_Functional       v_xc                8.648          137       0.063     0.067     %
   HSolverLCAO         solve               11877          126       94        92        %
   HamiltLCAO          updateHk            4246.7         4536      0.94      33        %
   OperatorLCAO        init                3569.1         9072      0.39      28        %
   Veff                contributeHk        3566.5         4536      0.79      28        %
   Gint_interface      cal_gint            5634.9         263       21        43        %
   Gint_interface      cal_gint_vlocal     2694.9         126       21        21        %
   Gint_k              folding_vl_k        871.6          4536      0.19      6.7       %
   Gint_k              Distri              618.67         4536      0.14      4.8       %
   Overlap             contributeHR        4.7355         11        0.43      0.037     %
   LCAO_gen_fixedH     calculate_S_no      4.7355         11        0.43      0.037     %
   Ekinetic<OperatorLCAO>contributeHR        4.8124         11        0.44      0.037     %
   Nonlocal<OperatorLCAO>contributeHR        48.09          11        4.4       0.37      %
   LCAO_gen_fixedH     build_Nonlocal_mu_new153.6          22        7         1.2       %
   ORB_gen_tables      snap_psibeta_half   3.4268         1234422   2.8e-06   0.026     %
   OperatorLCAO        folding_fixed       619.86         4536      0.14      4.8       %
   LCAO_nnr            folding_fixedH      611.92         4536      0.13      4.7       %
   HSolverLCAO         hamiltSolvePsiK     1836.8         4536      0.4       14        %
   DiagoElpa           elpa_solve          1822           4536      0.4       14        %
   ElecStateLCAO       psiToRho            5793.4         126       46        45        %
   elecstate           cal_dm              149.82         137       1.1       1.2       %
   psiMulPsiMpi        pdgemm              144.73         4932      0.029     1.1       %
    Local_Orbital_wfc  wfc_2d_to_grid      27.271         4536      0.006     0.21      %
   LCAO_Charge         cal_dk_k            3232.5         126       26        25        %
   Record_adj          for_grid            0.67555        126       0.0054    0.0052    %
   Gint_interface      cal_gint_rho        2402.9         126       19        19        %
   Charge              mix_rho             1.4889         115       0.013     0.011     %
   Force_Stress_LCAO   getForceStress      1022           11        93        7.9       %
   Forces              cal_force_loc       0.95303        11        0.087     0.0074    %
   Forces              cal_force_ew        0.89585        11        0.081     0.0069    %
   Forces              cal_force_scc       8.0015         11        0.73      0.062     %
   Stress_Func         stress_loc          6.4218         11        0.58      0.05      %
   Stress_Func         stress_ewa          0.40118        11        0.036     0.0031    %
   Stress_Func         stress_gga          0.42671        11        0.039     0.0033    %
   Force_LCAO_k        ftable_k            1004.9         11        91        7.8       %
   Force_LCAO_k        allocate_k          137.23         11        12        1.1       %
   Force_LCAO_k        cal_foverlap_k      27             11        2.5       0.21      %
   Force_LCAO_k        cal_edm_2d          26.031         11        2.4       0.2       %
   Local_Orbital_Chargecal_dm_R            12.341         22        0.56      0.095     %
   Force_LCAO_k        cal_ftvnl_dphi_k    0.31198        11        0.028     0.0024    %
   Force_LCAO_k        cal_fvl_dphi_k      537.16         11        49        4.1       %
   Gint_interface      cal_gint_force      537.16         11        49        4.1       %
   Force_LCAO_k        cal_fvnl_dbeta_k_new280.52         11        26        2.2       %
 ----------------------------------------------------------------------------------------

 START  Time  : Mon May 22 14:16:29 2023
 FINISH Time  : Mon May 22 17:52:26 2023
 TOTAL  Time  : 1.3e+04
 SEE INFORMATION IN : OUT.ABACUS/
