 In SCAN_BEGIN, can't find: LATTICE_PARAMETERS block.
 In SCAN_BEGIN, can't find: <PP_MESH block.
 In SCAN_BEGIN, can't find: <PP_MESH block.
 AUTO_SET NBANDS to 0
 AUTO_SET NBANDS to 154
 cpu 2D distribution : 4*4
 but, the number of bands-row-block is 3
      Processor           Atom
              1             59
              2             59
              3             56
              4             61
              5             58
              6             61
              7             58
              8             60
              9             56
             10             59
             11             55
             12             59
             13             55
             14             61
             15             58
             16             58
                            startmag_type = 2
                       charge from rho_at = 3.95377
                         charge should be = 4
                            startmag_type = 2
                       charge from rho_at = 3.99303
                         charge should be = 4

 SETUP ATOMIC RHO FOR SPIN 1
                 Electron number from rho = 256
           total electron number from rho = 256
                                should be = 256
                 charge before normalized = 256
                  charge after normalized = 256
                 charge before normalized = 256.000099630797
                  charge after normalized = 256
                 charge before normalized = 256.000146735614
                  charge after normalized = 256
                 charge before normalized = 256.000119518415
                  charge after normalized = 256
                 charge before normalized = 256.000125211142
                  charge after normalized = 256
                 charge before normalized = 256.000118842621
                  charge after normalized = 256
                 charge before normalized = 256.000119188395
                  charge after normalized = 256
                 charge before normalized = 256.000119393948
                  charge after normalized = 256
                 charge before normalized = 256.000119522126
                  charge after normalized = 256
                 charge before normalized = 256.000119586009
                  charge after normalized = 256
                 charge before normalized = 256.000119581996
                  charge after normalized = 256
                 charge before normalized = 256.000119577131
                  charge after normalized = 256
                 charge before normalized = 256.000119578338
                  charge after normalized = 256
                 charge before normalized = 256.000119578552
                  charge after normalized = 256
                 charge before normalized = 256.000119578466
                  charge after normalized = 256
                 charge before normalized = 256.000119578717
                  charge after normalized = 256
                 charge before normalized = 256.000119578711
                  charge after normalized = 256
                 charge before normalized = 256.000119578659
                  charge after normalized = 256
                 charge before normalized = 256.00011957868
                  charge after normalized = 256
                            startmag_type = 2
                       charge from rho_at = 3.95377434289291
                         charge should be = 4
                            startmag_type = 2
                       charge from rho_at = 3.99303358802097
                         charge should be = 4

 SETUP ATOMIC RHO FOR SPIN 1
                 Electron number from rho = 256
           total electron number from rho = 256
                                should be = 256
                            startmag_type = 2
                       charge from rho_at = 3.95377434289291
                         charge should be = 4
                            startmag_type = 2
                       charge from rho_at = 3.99303358802097
                         charge should be = 4

 SETUP ATOMIC RHO FOR SPIN 1
                 Electron number from rho = 256
           total electron number from rho = 256
                                should be = 256
      Processor           Atom
              1             59
              2             60
              3             56
              4             61
              5             58
              6             61
              7             58
              8             60
              9             56
             10             59
             11             55
             12             59
             13             55
             14             61
             15             58
             16             58
                 charge before normalized = 256
                  charge after normalized = 256
                 charge before normalized = 256.000119558157
                  charge after normalized = 256
                 charge before normalized = 256.000119553038
                  charge after normalized = 256
                 charge before normalized = 256.000119563272
                  charge after normalized = 256
                 charge before normalized = 256.000119556367
                  charge after normalized = 256
                 charge before normalized = 256.00011955787
                  charge after normalized = 256
                 charge before normalized = 256.000119557235
                  charge after normalized = 256
                 charge before normalized = 256.000119557601
                  charge after normalized = 256
                 charge before normalized = 256.000119557502
                  charge after normalized = 256
                 charge before normalized = 256.000119557532
                  charge after normalized = 256
                            startmag_type = 2
                       charge from rho_at = 3.95377434289291
                         charge should be = 4
                            startmag_type = 2
                       charge from rho_at = 3.99303358802097
                         charge should be = 4

 SETUP ATOMIC RHO FOR SPIN 1
                 Electron number from rho = 256
           total electron number from rho = 256
                                should be = 256
                            startmag_type = 2
                       charge from rho_at = 3.95377434289291
                         charge should be = 4
                            startmag_type = 2
                       charge from rho_at = 3.99303358802097
                         charge should be = 4

 SETUP ATOMIC RHO FOR SPIN 1
                 Electron number from rho = 256
           total electron number from rho = 256
                                should be = 256
      Processor           Atom
              1             59
              2             59
              3             56
              4             61
              5             58
              6             61
              7             58
              8             60
              9             56
             10             60
             11             55
             12             59
             13             55
             14             61
             15             58
             16             58
                 charge before normalized = 256
                  charge after normalized = 256
                 charge before normalized = 256.000119509121
                  charge after normalized = 256
                 charge before normalized = 256.000119502643
                  charge after normalized = 256
                 charge before normalized = 256.000119524401
                  charge after normalized = 256
                 charge before normalized = 256.000119505768
                  charge after normalized = 256
                 charge before normalized = 256.000119511681
                  charge after normalized = 256
                 charge before normalized = 256.000119508779
                  charge after normalized = 256
                 charge before normalized = 256.000119509868
                  charge after normalized = 256
                 charge before normalized = 256.000119509589
                  charge after normalized = 256
                 charge before normalized = 256.00011950969
                  charge after normalized = 256
                 charge before normalized = 256.000119509669
                  charge after normalized = 256
                            startmag_type = 2
                       charge from rho_at = 3.95377434289291
                         charge should be = 4
                            startmag_type = 2
                       charge from rho_at = 3.99303358802097
                         charge should be = 4

 SETUP ATOMIC RHO FOR SPIN 1
                 Electron number from rho = 256
           total electron number from rho = 256
                                should be = 256
                            startmag_type = 2
                       charge from rho_at = 3.95377434289291
                         charge should be = 4
                            startmag_type = 2
                       charge from rho_at = 3.99303358802097
                         charge should be = 4

 SETUP ATOMIC RHO FOR SPIN 1
                 Electron number from rho = 256
           total electron number from rho = 256
                                should be = 256
      Processor           Atom
              1             59
              2             59
              3             56
              4             61
              5             58
              6             61
              7             58
              8             60
              9             56
             10             59
             11             55
             12             60
             13             55
             14             61
             15             58
             16             58
                 charge before normalized = 256
                  charge after normalized = 256
                 charge before normalized = 256.000119478898
                  charge after normalized = 256
                 charge before normalized = 256.000119481637
                  charge after normalized = 256
                 charge before normalized = 256.000119486612
                  charge after normalized = 256
                 charge before normalized = 256.000119479948
                  charge after normalized = 256
                 charge before normalized = 256.000119482829
                  charge after normalized = 256
                 charge before normalized = 256.000119481403
                  charge after normalized = 256
                 charge before normalized = 256.000119482265
                  charge after normalized = 256
                 charge before normalized = 256.000119481773
                  charge after normalized = 256
                 charge before normalized = 256.000119482018
                  charge after normalized = 256
                 charge before normalized = 256.000119481931
                  charge after normalized = 256
                            startmag_type = 2
                       charge from rho_at = 3.95377434289291
                         charge should be = 4
                            startmag_type = 2
                       charge from rho_at = 3.99303358802097
                         charge should be = 4

 SETUP ATOMIC RHO FOR SPIN 1
                 Electron number from rho = 256
           total electron number from rho = 256
                                should be = 256
                            startmag_type = 2
                       charge from rho_at = 3.95377434289291
                         charge should be = 4
                            startmag_type = 2
                       charge from rho_at = 3.99303358802097
                         charge should be = 4

 SETUP ATOMIC RHO FOR SPIN 1
                 Electron number from rho = 256
           total electron number from rho = 256
                                should be = 256
      Processor           Atom
              1             59
              2             59
              3             56
              4             61
              5             58
              6             61
              7             58
              8             60
              9             56
             10             59
             11             55
             12             60
             13             55
             14             61
             15             58
             16             58
                 charge before normalized = 256
                  charge after normalized = 256
                 charge before normalized = 256.000119564048
                  charge after normalized = 256
                 charge before normalized = 256.000119578719
                  charge after normalized = 256
                 charge before normalized = 256.000119556014
                  charge after normalized = 256
                 charge before normalized = 256.000119568381
                  charge after normalized = 256
                 charge before normalized = 256.000119567018
                  charge after normalized = 256
                 charge before normalized = 256.000119568577
                  charge after normalized = 256
                 charge before normalized = 256.000119566974
                  charge after normalized = 256
                 charge before normalized = 256.000119567746
                  charge after normalized = 256
                 charge before normalized = 256.000119567498
                  charge after normalized = 256
                 charge before normalized = 256.000119567558
                  charge after normalized = 256
                            startmag_type = 2
                       charge from rho_at = 3.95377434289291
                         charge should be = 4
                            startmag_type = 2
                       charge from rho_at = 3.99303358802097
                         charge should be = 4

 SETUP ATOMIC RHO FOR SPIN 1
                 Electron number from rho = 256
           total electron number from rho = 256
                                should be = 256
                            startmag_type = 2
                       charge from rho_at = 3.95377434289291
                         charge should be = 4
                            startmag_type = 2
                       charge from rho_at = 3.99303358802097
                         charge should be = 4

 SETUP ATOMIC RHO FOR SPIN 1
                 Electron number from rho = 256
           total electron number from rho = 256
                                should be = 256
      Processor           Atom
              1             59
              2             59
              3             56
              4             61
              5             58
              6             61
              7             58
              8             60
              9             56
             10             59
             11             55
             12             60
             13             55
             14             61
             15             57
             16             58
                 charge before normalized = 256
                  charge after normalized = 256
                 charge before normalized = 256.000119477579
                  charge after normalized = 256
                 charge before normalized = 256.000119461658
                  charge after normalized = 256
                 charge before normalized = 256.00011949882
                  charge after normalized = 256
                 charge before normalized = 256.000119465363
                  charge after normalized = 256
                 charge before normalized = 256.000119478172
                  charge after normalized = 256
                 charge before normalized = 256.000119472478
                  charge after normalized = 256
                 charge before normalized = 256.000119473842
                  charge after normalized = 256
                 charge before normalized = 256.00011947367
                  charge after normalized = 256
                 charge before normalized = 256.000119473714
                  charge after normalized = 256
                 charge before normalized = 256.000119473704
                  charge after normalized = 256
                 charge before normalized = 256.000119473707
                  charge after normalized = 256
                            startmag_type = 2
                       charge from rho_at = 3.95377434289291
                         charge should be = 4
                            startmag_type = 2
                       charge from rho_at = 3.99303358802097
                         charge should be = 4

 SETUP ATOMIC RHO FOR SPIN 1
                 Electron number from rho = 256
           total electron number from rho = 256
                                should be = 256
                            startmag_type = 2
                       charge from rho_at = 3.95377434289291
                         charge should be = 4
                            startmag_type = 2
                       charge from rho_at = 3.99303358802097
                         charge should be = 4

 SETUP ATOMIC RHO FOR SPIN 1
                 Electron number from rho = 256
           total electron number from rho = 256
                                should be = 256
      Processor           Atom
              1             59
              2             59
              3             56
              4             61
              5             58
              6             61
              7             58
              8             60
              9             56
             10             60
             11             55
             12             60
             13             55
             14             61
             15             58
             16             58
                 charge before normalized = 256
                  charge after normalized = 256
                 charge before normalized = 256.000119461428
                  charge after normalized = 256
                 charge before normalized = 256.000119459916
                  charge after normalized = 256
                 charge before normalized = 256.000119473157
                  charge after normalized = 256
                 charge before normalized = 256.00011945804
                  charge after normalized = 256
                 charge before normalized = 256.000119462627
                  charge after normalized = 256
                 charge before normalized = 256.00011946085
                  charge after normalized = 256
                 charge before normalized = 256.00011946153
                  charge after normalized = 256
                 charge before normalized = 256.000119460939
                  charge after normalized = 256
                 charge before normalized = 256.000119461293
                  charge after normalized = 256
                 charge before normalized = 256.000119461218
                  charge after normalized = 256
                 charge before normalized = 256.000119461231
                  charge after normalized = 256
                            startmag_type = 2
                       charge from rho_at = 3.95377434289291
                         charge should be = 4
                            startmag_type = 2
                       charge from rho_at = 3.99303358802097
                         charge should be = 4

 SETUP ATOMIC RHO FOR SPIN 1
                 Electron number from rho = 256
           total electron number from rho = 256
                                should be = 256
                            startmag_type = 2
                       charge from rho_at = 3.95377434289291
                         charge should be = 4
                            startmag_type = 2
                       charge from rho_at = 3.99303358802097
                         charge should be = 4

 SETUP ATOMIC RHO FOR SPIN 1
                 Electron number from rho = 256
           total electron number from rho = 256
                                should be = 256
      Processor           Atom
              1             59
              2             59
              3             56
              4             61
              5             58
              6             61
              7             58
              8             60
              9             56
             10             60
             11             55
             12             59
             13             55
             14             61
             15             57
             16             58
                 charge before normalized = 256
                  charge after normalized = 256
                 charge before normalized = 256.000119497651
                  charge after normalized = 256
                 charge before normalized = 256.00011950346
                  charge after normalized = 256
                 charge before normalized = 256.000119484985
                  charge after normalized = 256
                 charge before normalized = 256.000119494091
                  charge after normalized = 256
                 charge before normalized = 256.000119491853
                  charge after normalized = 256
                 charge before normalized = 256.000119493835
                  charge after normalized = 256
                 charge before normalized = 256.000119492455
                  charge after normalized = 256
                 charge before normalized = 256.000119493059
                  charge after normalized = 256
                 charge before normalized = 256.000119492811
                  charge after normalized = 256
                 charge before normalized = 256.000119492884
                  charge after normalized = 256
                 charge before normalized = 256.00011949286
                  charge after normalized = 256
                            startmag_type = 2
                       charge from rho_at = 3.95377434289291
                         charge should be = 4
                            startmag_type = 2
                       charge from rho_at = 3.99303358802097
                         charge should be = 4

 SETUP ATOMIC RHO FOR SPIN 1
                 Electron number from rho = 256
           total electron number from rho = 256
                                should be = 256
                            startmag_type = 2
                       charge from rho_at = 3.95377434289291
                         charge should be = 4
                            startmag_type = 2
                       charge from rho_at = 3.99303358802097
                         charge should be = 4

 SETUP ATOMIC RHO FOR SPIN 1
                 Electron number from rho = 256
           total electron number from rho = 256
                                should be = 256
      Processor           Atom
              1             59
              2             59
              3             56
              4             61
              5             58
              6             61
              7             58
              8             60
              9             56
             10             60
             11             54
             12             59
             13             55
             14             60
             15             58
             16             58
                 charge before normalized = 256
                  charge after normalized = 256
                 charge before normalized = 256.000119367168
                  charge after normalized = 256
                 charge before normalized = 256.000119346678
                  charge after normalized = 256
                 charge before normalized = 256.000119382401
                  charge after normalized = 256
                 charge before normalized = 256.000119348809
                  charge after normalized = 256
                 charge before normalized = 256.000119359816
                  charge after normalized = 256
                 charge before normalized = 256.000119354633
                  charge after normalized = 256
                 charge before normalized = 256.000119357383
                  charge after normalized = 256
                 charge before normalized = 256.000119356378
                  charge after normalized = 256
                 charge before normalized = 256.000119356568
                  charge after normalized = 256
                 charge before normalized = 256.000119356556
                  charge after normalized = 256
                 charge before normalized = 256.000119356545
                  charge after normalized = 256
                            startmag_type = 2
                       charge from rho_at = 3.95377434289291
                         charge should be = 4
                            startmag_type = 2
                       charge from rho_at = 3.99303358802097
                         charge should be = 4

 SETUP ATOMIC RHO FOR SPIN 1
                 Electron number from rho = 256
           total electron number from rho = 256
                                should be = 256
                            startmag_type = 2
                       charge from rho_at = 3.95377434289291
                         charge should be = 4
                            startmag_type = 2
                       charge from rho_at = 3.99303358802097
                         charge should be = 4

 SETUP ATOMIC RHO FOR SPIN 1
                 Electron number from rho = 256
           total electron number from rho = 256
                                should be = 256
      Processor           Atom
              1             59
              2             59
              3             56
              4             60
              5             58
              6             61
              7             58
              8             61
              9             56
             10             59
             11             54
             12             59
             13             54
             14             60
             15             58
             16             59
                 charge before normalized = 256
                  charge after normalized = 256
                 charge before normalized = 256.00011916142
                  charge after normalized = 256
                 charge before normalized = 256.000119172258
                  charge after normalized = 256
                 charge before normalized = 256.000119160078
                  charge after normalized = 256
                 charge before normalized = 256.000119157375
                  charge after normalized = 256
                 charge before normalized = 256.000119162665
                  charge after normalized = 256
                 charge before normalized = 256.000119160531
                  charge after normalized = 256
                 charge before normalized = 256.000119160545
                  charge after normalized = 256
                 charge before normalized = 256.000119160517
                  charge after normalized = 256
                 charge before normalized = 256.000119160646
                  charge after normalized = 256
                 charge before normalized = 256.000119160655
                  charge after normalized = 256
                 charge before normalized = 256.00011916062
                  charge after normalized = 256
                            startmag_type = 2
                       charge from rho_at = 3.95377434289291
                         charge should be = 4
                            startmag_type = 2
                       charge from rho_at = 3.99303358802097
                         charge should be = 4

 SETUP ATOMIC RHO FOR SPIN 1
                 Electron number from rho = 256
           total electron number from rho = 256
                                should be = 256
                            startmag_type = 2
                       charge from rho_at = 3.95377434289291
                         charge should be = 4
                            startmag_type = 2
                       charge from rho_at = 3.99303358802097
                         charge should be = 4

 SETUP ATOMIC RHO FOR SPIN 1
                 Electron number from rho = 256
           total electron number from rho = 256
                                should be = 256
      Processor           Atom
              1             59
              2             59
              3             56
              4             59
              5             58
              6             61
              7             60
              8             59
              9             56
             10             60
             11             55
             12             59
             13             55
             14             61
             15             58
             16             58
                 charge before normalized = 256
                  charge after normalized = 256
                 charge before normalized = 256.000119324105
                  charge after normalized = 256
                 charge before normalized = 256.000119335492
                  charge after normalized = 256
                 charge before normalized = 256.000119311323
                  charge after normalized = 256
                 charge before normalized = 256.000119319573
                  charge after normalized = 256
                 charge before normalized = 256.000119318833
                  charge after normalized = 256
                 charge before normalized = 256.000119321666
                  charge after normalized = 256
                 charge before normalized = 256.000119319097
                  charge after normalized = 256
                 charge before normalized = 256.000119319997
                  charge after normalized = 256
                 charge before normalized = 256.00011931974
                  charge after normalized = 256
                 charge before normalized = 256.000119319819
                  charge after normalized = 256
                 charge before normalized = 256.000119319791
                  charge after normalized = 256
