 In SCAN_BEGIN, can't find: LATTICE_PARAMETERS block.
 In SCAN_BEGIN, can't find: <PP_MESH block.
 In SCAN_BEGIN, can't find: <PP_MESH block.
 AUTO_SET NBANDS to 0
 AUTO_SET NBANDS to 154
 cpu 2D distribution : 4*4
 but, the number of bands-row-block is 3
      Processor           Atom
              1             62
              2             62
              3             58
              4             62
              5             58
              6             62
              7             60
              8             63
              9             56
             10             62
             11             57
             12             61
             13             55
             14             61
             15             58
             16             59
                            startmag_type = 2
                       charge from rho_at = 3.95377
                         charge should be = 4
                            startmag_type = 2
                       charge from rho_at = 3.99303
                         charge should be = 4

 SETUP ATOMIC RHO FOR SPIN 1
                 Electron number from rho = 256
           total electron number from rho = 256
                                should be = 256
                 charge before normalized = 256
                  charge after normalized = 256
                 charge before normalized = 256.000100486538
                  charge after normalized = 256
                 charge before normalized = 256.000146360635
                  charge after normalized = 256
                 charge before normalized = 256.000119860735
                  charge after normalized = 256
                 charge before normalized = 256.000124967446
                  charge after normalized = 256
                 charge before normalized = 256.000119671921
                  charge after normalized = 256
                 charge before normalized = 256.000119870389
                  charge after normalized = 256
                 charge before normalized = 256.000120081527
                  charge after normalized = 256
                 charge before normalized = 256.000120148428
                  charge after normalized = 256
                 charge before normalized = 256.000120198643
                  charge after normalized = 256
                 charge before normalized = 256.000120187058
                  charge after normalized = 256
                 charge before normalized = 256.000120182711
                  charge after normalized = 256
                 charge before normalized = 256.000120182994
                  charge after normalized = 256
                 charge before normalized = 256.000120182813
                  charge after normalized = 256
                 charge before normalized = 256.000120182606
                  charge after normalized = 256
                 charge before normalized = 256.000120182792
                  charge after normalized = 256
                 charge before normalized = 256.000120182787
                  charge after normalized = 256
                 charge before normalized = 256.000120182789
                  charge after normalized = 256
                            startmag_type = 2
                       charge from rho_at = 3.95377434289291
                         charge should be = 4
                            startmag_type = 2
                       charge from rho_at = 3.99303358802097
                         charge should be = 4

 SETUP ATOMIC RHO FOR SPIN 1
                 Electron number from rho = 256
           total electron number from rho = 256
                                should be = 256
                            startmag_type = 2
                       charge from rho_at = 3.95377434289291
                         charge should be = 4
                            startmag_type = 2
                       charge from rho_at = 3.99303358802097
                         charge should be = 4

 SETUP ATOMIC RHO FOR SPIN 1
                 Electron number from rho = 256
           total electron number from rho = 256
                                should be = 256
      Processor           Atom
              1             62
              2             62
              3             58
              4             62
              5             58
              6             62
              7             60
              8             63
              9             56
             10             62
             11             57
             12             61
             13             55
             14             61
             15             58
             16             59
                 charge before normalized = 256
                  charge after normalized = 256
                 charge before normalized = 256.000120184164
                  charge after normalized = 256
                 charge before normalized = 256.000120181945
                  charge after normalized = 256
                 charge before normalized = 256.000120192838
                  charge after normalized = 256
                 charge before normalized = 256.000120185888
                  charge after normalized = 256
                 charge before normalized = 256.000120186938
                  charge after normalized = 256
                 charge before normalized = 256.000120186608
                  charge after normalized = 256
                 charge before normalized = 256.000120186769
                  charge after normalized = 256
                 charge before normalized = 256.000120186828
                  charge after normalized = 256
                 charge before normalized = 256.000120186794
                  charge after normalized = 256
                            startmag_type = 2
                       charge from rho_at = 3.95377434289291
                         charge should be = 4
                            startmag_type = 2
                       charge from rho_at = 3.99303358802097
                         charge should be = 4

 SETUP ATOMIC RHO FOR SPIN 1
                 Electron number from rho = 256
           total electron number from rho = 256
                                should be = 256
                            startmag_type = 2
                       charge from rho_at = 3.95377434289291
                         charge should be = 4
                            startmag_type = 2
                       charge from rho_at = 3.99303358802097
                         charge should be = 4

 SETUP ATOMIC RHO FOR SPIN 1
                 Electron number from rho = 256
           total electron number from rho = 256
                                should be = 256
      Processor           Atom
              1             62
              2             62
              3             58
              4             62
              5             58
              6             62
              7             60
              8             63
              9             56
             10             62
             11             57
             12             61
             13             55
             14             61
             15             58
             16             59
                 charge before normalized = 256
                  charge after normalized = 256
                 charge before normalized = 256.000120225471
                  charge after normalized = 256
                 charge before normalized = 256.00012023588
                  charge after normalized = 256
                 charge before normalized = 256.000120224154
                  charge after normalized = 256
                 charge before normalized = 256.000120230994
                  charge after normalized = 256
                 charge before normalized = 256.000120230304
                  charge after normalized = 256
                 charge before normalized = 256.000120230749
                  charge after normalized = 256
                 charge before normalized = 256.000120230436
                  charge after normalized = 256
                 charge before normalized = 256.000120230591
                  charge after normalized = 256
                 charge before normalized = 256.000120230514
                  charge after normalized = 256
                 charge before normalized = 256.000120230526
                  charge after normalized = 256
                            startmag_type = 2
                       charge from rho_at = 3.95377434289291
                         charge should be = 4
                            startmag_type = 2
                       charge from rho_at = 3.99303358802097
                         charge should be = 4

 SETUP ATOMIC RHO FOR SPIN 1
                 Electron number from rho = 256
           total electron number from rho = 256
                                should be = 256
                            startmag_type = 2
                       charge from rho_at = 3.95377434289291
                         charge should be = 4
                            startmag_type = 2
                       charge from rho_at = 3.99303358802097
                         charge should be = 4

 SETUP ATOMIC RHO FOR SPIN 1
                 Electron number from rho = 256
           total electron number from rho = 256
                                should be = 256
      Processor           Atom
              1             61
              2             62
              3             58
              4             62
              5             59
              6             63
              7             59
              8             63
              9             56
             10             62
             11             57
             12             61
             13             55
             14             61
             15             58
             16             59
                 charge before normalized = 256
                  charge after normalized = 256
                 charge before normalized = 256.000120289966
                  charge after normalized = 256
                 charge before normalized = 256.000120292548
                  charge after normalized = 256
                 charge before normalized = 256.000120304889
                  charge after normalized = 256
                 charge before normalized = 256.000120294271
                  charge after normalized = 256
                 charge before normalized = 256.000120296971
                  charge after normalized = 256
                 charge before normalized = 256.000120296249
                  charge after normalized = 256
                 charge before normalized = 256.000120296339
                  charge after normalized = 256
                 charge before normalized = 256.000120296616
                  charge after normalized = 256
                 charge before normalized = 256.000120296407
                  charge after normalized = 256
                 charge before normalized = 256.00012029647
                  charge after normalized = 256
                            startmag_type = 2
                       charge from rho_at = 3.95377434289291
                         charge should be = 4
                            startmag_type = 2
                       charge from rho_at = 3.99303358802097
                         charge should be = 4

 SETUP ATOMIC RHO FOR SPIN 1
                 Electron number from rho = 256
           total electron number from rho = 256
                                should be = 256
                            startmag_type = 2
                       charge from rho_at = 3.95377434289291
                         charge should be = 4
                            startmag_type = 2
                       charge from rho_at = 3.99303358802097
                         charge should be = 4

 SETUP ATOMIC RHO FOR SPIN 1
                 Electron number from rho = 256
           total electron number from rho = 256
                                should be = 256
      Processor           Atom
              1             61
              2             61
              3             58
              4             62
              5             59
              6             63
              7             59
              8             63
              9             56
             10             61
             11             57
             12             61
             13             56
             14             61
             15             58
             16             59
                 charge before normalized = 256
                  charge after normalized = 256
                 charge before normalized = 256.000120505618
                  charge after normalized = 256
                 charge before normalized = 256.000120508668
                  charge after normalized = 256
                 charge before normalized = 256.000120526669
                  charge after normalized = 256
                 charge before normalized = 256.00012051159
                  charge after normalized = 256
                 charge before normalized = 256.000120513108
                  charge after normalized = 256
                 charge before normalized = 256.000120513418
                  charge after normalized = 256
                 charge before normalized = 256.000120512992
                  charge after normalized = 256
                 charge before normalized = 256.000120513556
                  charge after normalized = 256
                 charge before normalized = 256.000120513304
                  charge after normalized = 256
                 charge before normalized = 256.000120513338
                  charge after normalized = 256
                            startmag_type = 2
                       charge from rho_at = 3.95377434289291
                         charge should be = 4
                            startmag_type = 2
                       charge from rho_at = 3.99303358802097
                         charge should be = 4

 SETUP ATOMIC RHO FOR SPIN 1
                 Electron number from rho = 256
           total electron number from rho = 256
                                should be = 256
                            startmag_type = 2
                       charge from rho_at = 3.95377434289291
                         charge should be = 4
                            startmag_type = 2
                       charge from rho_at = 3.99303358802097
                         charge should be = 4

 SETUP ATOMIC RHO FOR SPIN 1
                 Electron number from rho = 256
           total electron number from rho = 256
                                should be = 256
      Processor           Atom
              1             61
              2             62
              3             57
              4             63
              5             59
              6             62
              7             59
              8             63
              9             56
             10             61
             11             57
             12             62
             13             56
             14             61
             15             58
             16             58
                 charge before normalized = 256
                  charge after normalized = 256
                 charge before normalized = 256.000120319796
                  charge after normalized = 256
                 charge before normalized = 256.000120318361
                  charge after normalized = 256
                 charge before normalized = 256.000120326225
                  charge after normalized = 256
                 charge before normalized = 256.000120318131
                  charge after normalized = 256
                 charge before normalized = 256.000120322821
                  charge after normalized = 256
                 charge before normalized = 256.000120320043
                  charge after normalized = 256
                 charge before normalized = 256.000120320725
                  charge after normalized = 256
                 charge before normalized = 256.00012032068
                  charge after normalized = 256
                 charge before normalized = 256.000120320699
                  charge after normalized = 256
                 charge before normalized = 256.000120320701
                  charge after normalized = 256
                 charge before normalized = 256.000120320698
                  charge after normalized = 256
                            startmag_type = 2
                       charge from rho_at = 3.95377434289291
                         charge should be = 4
                            startmag_type = 2
                       charge from rho_at = 3.99303358802097
                         charge should be = 4

 SETUP ATOMIC RHO FOR SPIN 1
                 Electron number from rho = 256
           total electron number from rho = 256
                                should be = 256
                            startmag_type = 2
                       charge from rho_at = 3.95377434289291
                         charge should be = 4
                            startmag_type = 2
                       charge from rho_at = 3.99303358802097
                         charge should be = 4

 SETUP ATOMIC RHO FOR SPIN 1
                 Electron number from rho = 256
           total electron number from rho = 256
                                should be = 256
      Processor           Atom
              1             62
              2             62
              3             58
              4             63
              5             58
              6             62
              7             59
              8             63
              9             55
             10             61
             11             56
             12             62
             13             55
             14             61
             15             58
             16             59
                 charge before normalized = 256
                  charge after normalized = 256
                 charge before normalized = 256.000120368074
                  charge after normalized = 256
                 charge before normalized = 256.000120372468
                  charge after normalized = 256
                 charge before normalized = 256.000120379345
                  charge after normalized = 256
                 charge before normalized = 256.000120369469
                  charge after normalized = 256
                 charge before normalized = 256.000120371391
                  charge after normalized = 256
                 charge before normalized = 256.00012037119
                  charge after normalized = 256
                 charge before normalized = 256.000120371374
                  charge after normalized = 256
                 charge before normalized = 256.000120371206
                  charge after normalized = 256
                 charge before normalized = 256.000120371284
                  charge after normalized = 256
                 charge before normalized = 256.000120371272
                  charge after normalized = 256
                 charge before normalized = 256.000120371274
                  charge after normalized = 256
                            startmag_type = 2
                       charge from rho_at = 3.95377434289291
                         charge should be = 4
                            startmag_type = 2
                       charge from rho_at = 3.99303358802097
                         charge should be = 4

 SETUP ATOMIC RHO FOR SPIN 1
                 Electron number from rho = 256
           total electron number from rho = 256
                                should be = 256
                            startmag_type = 2
                       charge from rho_at = 3.95377434289291
                         charge should be = 4
                            startmag_type = 2
                       charge from rho_at = 3.99303358802097
                         charge should be = 4

 SETUP ATOMIC RHO FOR SPIN 1
                 Electron number from rho = 256
           total electron number from rho = 256
                                should be = 256
      Processor           Atom
              1             62
              2             61
              3             57
              4             63
              5             58
              6             62
              7             59
              8             63
              9             55
             10             61
             11             56
             12             62
             13             56
             14             62
             15             59
             16             59
                 charge before normalized = 256
                  charge after normalized = 256
                 charge before normalized = 256.000120425999
                  charge after normalized = 256
                 charge before normalized = 256.000120421956
                  charge after normalized = 256
                 charge before normalized = 256.000120416892
                  charge after normalized = 256
                 charge before normalized = 256.000120416779
                  charge after normalized = 256
                 charge before normalized = 256.000120417025
                  charge after normalized = 256
                 charge before normalized = 256.000120417453
                  charge after normalized = 256
                 charge before normalized = 256.000120416931
                  charge after normalized = 256
                 charge before normalized = 256.00012041705
                  charge after normalized = 256
                 charge before normalized = 256.000120417007
                  charge after normalized = 256
                 charge before normalized = 256.000120417044
                  charge after normalized = 256
                 charge before normalized = 256.000120417036
                  charge after normalized = 256
                            startmag_type = 2
                       charge from rho_at = 3.95377434289291
                         charge should be = 4
                            startmag_type = 2
                       charge from rho_at = 3.99303358802097
                         charge should be = 4

 SETUP ATOMIC RHO FOR SPIN 1
                 Electron number from rho = 256
           total electron number from rho = 256
                                should be = 256
                            startmag_type = 2
                       charge from rho_at = 3.95377434289291
                         charge should be = 4
                            startmag_type = 2
                       charge from rho_at = 3.99303358802097
                         charge should be = 4

 SETUP ATOMIC RHO FOR SPIN 1
                 Electron number from rho = 256
           total electron number from rho = 256
                                should be = 256
      Processor           Atom
              1             62
              2             62
              3             58
              4             62
              5             58
              6             62
              7             59
              8             62
              9             55
             10             61
             11             57
             12             62
             13             56
             14             61
             15             58
             16             59
                 charge before normalized = 256
                  charge after normalized = 256
                 charge before normalized = 256.00012049601
                  charge after normalized = 256
                 charge before normalized = 256.00012050031
                  charge after normalized = 256
                 charge before normalized = 256.000120490982
                  charge after normalized = 256
                 charge before normalized = 256.000120491879
                  charge after normalized = 256
                 charge before normalized = 256.00012049476
                  charge after normalized = 256
                 charge before normalized = 256.000120493156
                  charge after normalized = 256
                 charge before normalized = 256.000120493521
                  charge after normalized = 256
                 charge before normalized = 256.000120493119
                  charge after normalized = 256
                 charge before normalized = 256.000120493455
                  charge after normalized = 256
                 charge before normalized = 256.000120493302
                  charge after normalized = 256
                 charge before normalized = 256.00012049334
                  charge after normalized = 256
                            startmag_type = 2
                       charge from rho_at = 3.95377434289291
                         charge should be = 4
                            startmag_type = 2
                       charge from rho_at = 3.99303358802097
                         charge should be = 4

 SETUP ATOMIC RHO FOR SPIN 1
                 Electron number from rho = 256
           total electron number from rho = 256
                                should be = 256
                            startmag_type = 2
                       charge from rho_at = 3.95377434289291
                         charge should be = 4
                            startmag_type = 2
                       charge from rho_at = 3.99303358802097
                         charge should be = 4

 SETUP ATOMIC RHO FOR SPIN 1
                 Electron number from rho = 256
           total electron number from rho = 256
                                should be = 256
      Processor           Atom
              1             62
              2             62
              3             58
              4             63
              5             58
              6             62
              7             60
              8             63
              9             55
             10             61
             11             56
             12             62
             13             55
             14             61
             15             59
             16             59
                 charge before normalized = 256
                  charge after normalized = 256
                 charge before normalized = 256.000120510565
                  charge after normalized = 256
                 charge before normalized = 256.00012052469
                  charge after normalized = 256
                 charge before normalized = 256.000120517796
                  charge after normalized = 256
                 charge before normalized = 256.000120514263
                  charge after normalized = 256
                 charge before normalized = 256.000120516342
                  charge after normalized = 256
                 charge before normalized = 256.000120515927
                  charge after normalized = 256
                 charge before normalized = 256.00012051598
                  charge after normalized = 256
                 charge before normalized = 256.000120515877
                  charge after normalized = 256
                 charge before normalized = 256.000120515997
                  charge after normalized = 256
                 charge before normalized = 256.000120515979
                  charge after normalized = 256
                 charge before normalized = 256.000120515982
                  charge after normalized = 256
                            startmag_type = 2
                       charge from rho_at = 3.95377434289291
                         charge should be = 4
                            startmag_type = 2
                       charge from rho_at = 3.99303358802097
                         charge should be = 4

 SETUP ATOMIC RHO FOR SPIN 1
                 Electron number from rho = 256
           total electron number from rho = 256
                                should be = 256
                            startmag_type = 2
                       charge from rho_at = 3.95377434289291
                         charge should be = 4
                            startmag_type = 2
                       charge from rho_at = 3.99303358802097
                         charge should be = 4

 SETUP ATOMIC RHO FOR SPIN 1
                 Electron number from rho = 256
           total electron number from rho = 256
                                should be = 256
      Processor           Atom
              1             62
              2             62
              3             58
              4             63
              5             58
              6             62
              7             59
              8             62
              9             56
             10             62
             11             56
             12             61
             13             56
             14             61
             15             58
             16             58
                 charge before normalized = 256
                  charge after normalized = 256
                 charge before normalized = 256.000120579095
                  charge after normalized = 256
                 charge before normalized = 256.000120580515
                  charge after normalized = 256
                 charge before normalized = 256.000120595573
                  charge after normalized = 256
                 charge before normalized = 256.000120578985
                  charge after normalized = 256
                 charge before normalized = 256.000120581763
                  charge after normalized = 256
                 charge before normalized = 256.000120582092
                  charge after normalized = 256
                 charge before normalized = 256.000120581566
                  charge after normalized = 256
                 charge before normalized = 256.000120581843
                  charge after normalized = 256
                 charge before normalized = 256.000120581702
                  charge after normalized = 256
                 charge before normalized = 256.000120581762
                  charge after normalized = 256
                 charge before normalized = 256.000120581751
                  charge after normalized = 256
