 Input  warning : gamma_only_local algorithm is not used.
 In SCAN_BEGIN, can't find: LATTICE_PARAMETERS block.
 AUTO_SET NBANDS to 0
 AUTO_SET NBANDS to 173
 cpu 2D distribution : 4*4
 but, the number of bands-row-block is 3
      Processor           Atom
              1             54
              2             57
              3             52
              4             51
              5             56
              6             58
              7             52
              8             53
              9             57
             10             58
             11             53
             12             52
             13             54
             14             58
             15             52
             16             53
                            startmag_type = 2
                       charge from rho_at = 3.95377
                         charge should be = 4
                       charge from rho_at = 3.99303
                         charge should be = 4

 SETUP ATOMIC RHO FOR SPIN 1
                 Electron number from rho = 288
           total electron number from rho = 288
                                should be = 288
                 charge before normalized = 288
                  charge after normalized = 288
                 charge before normalized = 288.00010674771
                  charge after normalized = 288
                 charge before normalized = 288.000156955065
                  charge after normalized = 288
                 charge before normalized = 288.000127571535
                  charge after normalized = 288
                 charge before normalized = 288.000138396623
                  charge after normalized = 288
                 charge before normalized = 288.000126195939
                  charge after normalized = 288
                 charge before normalized = 288.00012603422
                  charge after normalized = 288
                 charge before normalized = 288.000126227132
                  charge after normalized = 288
                 charge before normalized = 288.000126376213
                  charge after normalized = 288
                 charge before normalized = 288.0001265271
                  charge after normalized = 288
                 charge before normalized = 288.000127099415
                  charge after normalized = 288
                 charge before normalized = 288.000126915738
                  charge after normalized = 288
                 charge before normalized = 288.00012687077
                  charge after normalized = 288
                 charge before normalized = 288.000126866441
                  charge after normalized = 288
                 charge before normalized = 288.00012686936
                  charge after normalized = 288
                 charge before normalized = 288.00012686989
                  charge after normalized = 288
                 charge before normalized = 288.000126870488
                  charge after normalized = 288
                 charge before normalized = 288.000126870901
                  charge after normalized = 288
                 charge before normalized = 288.000126870671
                  charge after normalized = 288
                 charge before normalized = 288.000126870705
                  charge after normalized = 288
                            startmag_type = 2
                       charge from rho_at = 3.95377434289291
                         charge should be = 4
                       charge from rho_at = 3.99303358802097
                         charge should be = 4

 SETUP ATOMIC RHO FOR SPIN 1
                 Electron number from rho = 288
           total electron number from rho = 288
                                should be = 288
                            startmag_type = 2
                       charge from rho_at = 3.95377434289291
                         charge should be = 4
                       charge from rho_at = 3.99303358802097
                         charge should be = 4

 SETUP ATOMIC RHO FOR SPIN 1
                 Electron number from rho = 288
           total electron number from rho = 288
                                should be = 288
      Processor           Atom
              1             54
              2             57
              3             52
              4             51
              5             56
              6             58
              7             52
              8             53
              9             57
             10             58
             11             53
             12             52
             13             54
             14             58
             15             52
             16             53
                 charge before normalized = 288
                  charge after normalized = 288
                 charge before normalized = 288.000126897082
                  charge after normalized = 288
                 charge before normalized = 288.00012689817
                  charge after normalized = 288
                 charge before normalized = 288.000126896149
                  charge after normalized = 288
                 charge before normalized = 288.000126898443
                  charge after normalized = 288
                 charge before normalized = 288.00012689754
                  charge after normalized = 288
                 charge before normalized = 288.000126897622
                  charge after normalized = 288
                 charge before normalized = 288.000126897937
                  charge after normalized = 288
                 charge before normalized = 288.00012689778
                  charge after normalized = 288
                 charge before normalized = 288.000126897833
                  charge after normalized = 288
                 charge before normalized = 288.000126897799
                  charge after normalized = 288
                            startmag_type = 2
                       charge from rho_at = 3.95377434289291
                         charge should be = 4
                       charge from rho_at = 3.99303358802097
                         charge should be = 4

 SETUP ATOMIC RHO FOR SPIN 1
                 Electron number from rho = 288
           total electron number from rho = 288
                                should be = 288
                            startmag_type = 2
                       charge from rho_at = 3.95377434289291
                         charge should be = 4
                       charge from rho_at = 3.99303358802097
                         charge should be = 4

 SETUP ATOMIC RHO FOR SPIN 1
                 Electron number from rho = 288
           total electron number from rho = 288
                                should be = 288
      Processor           Atom
              1             54
              2             58
              3             52
              4             51
              5             56
              6             58
              7             52
              8             53
              9             57
             10             58
             11             53
             12             52
             13             55
             14             58
             15             52
             16             53
                 charge before normalized = 288
                  charge after normalized = 288
                 charge before normalized = 288.000126779493
                  charge after normalized = 288
                 charge before normalized = 288.000126770103
                  charge after normalized = 288
                 charge before normalized = 288.000126791168
                  charge after normalized = 288
                 charge before normalized = 288.000126771666
                  charge after normalized = 288
                 charge before normalized = 288.000126780429
                  charge after normalized = 288
                 charge before normalized = 288.000126776007
                  charge after normalized = 288
                 charge before normalized = 288.000126776696
                  charge after normalized = 288
                 charge before normalized = 288.000126776838
                  charge after normalized = 288
                 charge before normalized = 288.000126776752
                  charge after normalized = 288
                 charge before normalized = 288.000126776783
                  charge after normalized = 288
                 charge before normalized = 288.000126776764
                  charge after normalized = 288
                            startmag_type = 2
                       charge from rho_at = 3.95377434289291
                         charge should be = 4
                       charge from rho_at = 3.99303358802097
                         charge should be = 4

 SETUP ATOMIC RHO FOR SPIN 1
                 Electron number from rho = 288
           total electron number from rho = 288
                                should be = 288
                            startmag_type = 2
                       charge from rho_at = 3.95377434289291
                         charge should be = 4
                       charge from rho_at = 3.99303358802097
                         charge should be = 4

 SETUP ATOMIC RHO FOR SPIN 1
                 Electron number from rho = 288
           total electron number from rho = 288
                                should be = 288
      Processor           Atom
              1             54
              2             57
              3             52
              4             51
              5             56
              6             58
              7             52
              8             53
              9             57
             10             58
             11             53
             12             52
             13             55
             14             58
             15             52
             16             53
                 charge before normalized = 288
                  charge after normalized = 288
                 charge before normalized = 288.000126802967
                  charge after normalized = 288
                 charge before normalized = 288.000126814296
                  charge after normalized = 288
                 charge before normalized = 288.000126786056
                  charge after normalized = 288
                 charge before normalized = 288.000126809188
                  charge after normalized = 288
                 charge before normalized = 288.000126798313
                  charge after normalized = 288
                 charge before normalized = 288.000126803856
                  charge after normalized = 288
                 charge before normalized = 288.000126802087
                  charge after normalized = 288
                 charge before normalized = 288.000126802496
                  charge after normalized = 288
                 charge before normalized = 288.000126802451
                  charge after normalized = 288
                 charge before normalized = 288.000126802435
                  charge after normalized = 288
                 charge before normalized = 288.00012680245
                  charge after normalized = 288
                            startmag_type = 2
                       charge from rho_at = 3.95377434289291
                         charge should be = 4
                       charge from rho_at = 3.99303358802097
                         charge should be = 4

 SETUP ATOMIC RHO FOR SPIN 1
                 Electron number from rho = 288
           total electron number from rho = 288
                                should be = 288
                            startmag_type = 2
                       charge from rho_at = 3.95377434289291
                         charge should be = 4
                       charge from rho_at = 3.99303358802097
                         charge should be = 4

 SETUP ATOMIC RHO FOR SPIN 1
                 Electron number from rho = 288
           total electron number from rho = 288
                                should be = 288
      Processor           Atom
              1             54
              2             57
              3             52
              4             51
              5             56
              6             58
              7             52
              8             53
              9             57
             10             58
             11             53
             12             52
             13             55
             14             58
             15             52
             16             53
                 charge before normalized = 288
                  charge after normalized = 288
                 charge before normalized = 288.000126948082
                  charge after normalized = 288
                 charge before normalized = 288.000126953497
                  charge after normalized = 288
                 charge before normalized = 288.000126933525
                  charge after normalized = 288
                 charge before normalized = 288.000126945447
                  charge after normalized = 288
                 charge before normalized = 288.000126942931
                  charge after normalized = 288
                 charge before normalized = 288.000126944582
                  charge after normalized = 288
                 charge before normalized = 288.000126943964
                  charge after normalized = 288
                 charge before normalized = 288.000126943765
                  charge after normalized = 288
                 charge before normalized = 288.000126944018
                  charge after normalized = 288
                 charge before normalized = 288.000126943855
                  charge after normalized = 288
                 charge before normalized = 288.000126943914
                  charge after normalized = 288
                            startmag_type = 2
                       charge from rho_at = 3.95377434289291
                         charge should be = 4
                       charge from rho_at = 3.99303358802097
                         charge should be = 4

 SETUP ATOMIC RHO FOR SPIN 1
                 Electron number from rho = 288
           total electron number from rho = 288
                                should be = 288
                            startmag_type = 2
                       charge from rho_at = 3.95377434289291
                         charge should be = 4
                       charge from rho_at = 3.99303358802097
                         charge should be = 4

 SETUP ATOMIC RHO FOR SPIN 1
                 Electron number from rho = 288
           total electron number from rho = 288
                                should be = 288
      Processor           Atom
              1             54
              2             57
              3             52
              4             51
              5             56
              6             58
              7             52
              8             53
              9             57
             10             58
             11             53
             12             52
             13             55
             14             58
             15             52
             16             53
                 charge before normalized = 288
                  charge after normalized = 288
                 charge before normalized = 288.00012708683
                  charge after normalized = 288
                 charge before normalized = 288.000127095949
                  charge after normalized = 288
                 charge before normalized = 288.000127069221
                  charge after normalized = 288
                 charge before normalized = 288.000127087026
                  charge after normalized = 288
                 charge before normalized = 288.000127081762
                  charge after normalized = 288
                 charge before normalized = 288.000127084763
                  charge after normalized = 288
                 charge before normalized = 288.000127084126
                  charge after normalized = 288
                 charge before normalized = 288.000127083903
                  charge after normalized = 288
                 charge before normalized = 288.000127084093
                  charge after normalized = 288
                 charge before normalized = 288.000127083938
                  charge after normalized = 288
                 charge before normalized = 288.000127084
                  charge after normalized = 288
                            startmag_type = 2
                       charge from rho_at = 3.95377434289291
                         charge should be = 4
                       charge from rho_at = 3.99303358802097
                         charge should be = 4

 SETUP ATOMIC RHO FOR SPIN 1
                 Electron number from rho = 288
           total electron number from rho = 288
                                should be = 288
                            startmag_type = 2
                       charge from rho_at = 3.95377434289291
                         charge should be = 4
                       charge from rho_at = 3.99303358802097
                         charge should be = 4

 SETUP ATOMIC RHO FOR SPIN 1
                 Electron number from rho = 288
           total electron number from rho = 288
                                should be = 288
      Processor           Atom
              1             54
              2             58
              3             51
              4             51
              5             56
              6             58
              7             52
              8             53
              9             57
             10             58
             11             53
             12             52
             13             55
             14             58
             15             52
             16             53
                 charge before normalized = 288
                  charge after normalized = 288
                 charge before normalized = 288.000127309373
                  charge after normalized = 288
                 charge before normalized = 288.000127306968
                  charge after normalized = 288
                 charge before normalized = 288.000127310816
                  charge after normalized = 288
                 charge before normalized = 288.000127306191
                  charge after normalized = 288
                 charge before normalized = 288.00012731031
                  charge after normalized = 288
                 charge before normalized = 288.000127306247
                  charge after normalized = 288
                 charge before normalized = 288.000127308153
                  charge after normalized = 288
                 charge before normalized = 288.000127307622
                  charge after normalized = 288
                 charge before normalized = 288.000127307779
                  charge after normalized = 288
                 charge before normalized = 288.000127307696
                  charge after normalized = 288
                 charge before normalized = 288.000127307747
                  charge after normalized = 288
                            startmag_type = 2
                       charge from rho_at = 3.95377434289291
                         charge should be = 4
                       charge from rho_at = 3.99303358802097
                         charge should be = 4

 SETUP ATOMIC RHO FOR SPIN 1
                 Electron number from rho = 288
           total electron number from rho = 288
                                should be = 288
                            startmag_type = 2
                       charge from rho_at = 3.95377434289291
                         charge should be = 4
                       charge from rho_at = 3.99303358802097
                         charge should be = 4

 SETUP ATOMIC RHO FOR SPIN 1
                 Electron number from rho = 288
           total electron number from rho = 288
                                should be = 288
      Processor           Atom
              1             54
              2             58
              3             51
              4             51
              5             56
              6             58
              7             53
              8             53
              9             57
             10             58
             11             53
             12             52
             13             56
             14             58
             15             52
             16             53
                 charge before normalized = 288
                  charge after normalized = 288
                 charge before normalized = 288.000127126004
                  charge after normalized = 288
                 charge before normalized = 288.000127114501
                  charge after normalized = 288
                 charge before normalized = 288.000127133493
                  charge after normalized = 288
                 charge before normalized = 288.000127114681
                  charge after normalized = 288
                 charge before normalized = 288.000127122705
                  charge after normalized = 288
                 charge before normalized = 288.000127117937
                  charge after normalized = 288
                 charge before normalized = 288.000127119679
                  charge after normalized = 288
                 charge before normalized = 288.000127119349
                  charge after normalized = 288
                 charge before normalized = 288.000127119298
                  charge after normalized = 288
                 charge before normalized = 288.000127119447
                  charge after normalized = 288
                 charge before normalized = 288.000127119363
                  charge after normalized = 288
                 charge before normalized = 288.000127119388
                  charge after normalized = 288
                            startmag_type = 2
                       charge from rho_at = 3.95377434289291
                         charge should be = 4
                       charge from rho_at = 3.99303358802097
                         charge should be = 4

 SETUP ATOMIC RHO FOR SPIN 1
                 Electron number from rho = 288
           total electron number from rho = 288
                                should be = 288
                            startmag_type = 2
                       charge from rho_at = 3.95377434289291
                         charge should be = 4
                       charge from rho_at = 3.99303358802097
                         charge should be = 4

 SETUP ATOMIC RHO FOR SPIN 1
                 Electron number from rho = 288
           total electron number from rho = 288
                                should be = 288
      Processor           Atom
              1             54
              2             58
              3             51
              4             51
              5             57
              6             58
              7             53
              8             53
              9             57
             10             58
             11             53
             12             52
             13             55
             14             58
             15             52
             16             53
                 charge before normalized = 288
                  charge after normalized = 288
                 charge before normalized = 288.000127083447
                  charge after normalized = 288
                 charge before normalized = 288.000127088533
                  charge after normalized = 288
                 charge before normalized = 288.000127063735
                  charge after normalized = 288
                 charge before normalized = 288.000127073554
                  charge after normalized = 288
                 charge before normalized = 288.000127074175
                  charge after normalized = 288
                 charge before normalized = 288.000127074223
                  charge after normalized = 288
                 charge before normalized = 288.000127072861
                  charge after normalized = 288
                 charge before normalized = 288.000127073875
                  charge after normalized = 288
                 charge before normalized = 288.000127073325
                  charge after normalized = 288
                 charge before normalized = 288.00012707352
                  charge after normalized = 288
                 charge before normalized = 288.00012707348
                  charge after normalized = 288
                 charge before normalized = 288.000127073483
                  charge after normalized = 288
                            startmag_type = 2
                       charge from rho_at = 3.95377434289291
                         charge should be = 4
                       charge from rho_at = 3.99303358802097
                         charge should be = 4

 SETUP ATOMIC RHO FOR SPIN 1
                 Electron number from rho = 288
           total electron number from rho = 288
                                should be = 288
                            startmag_type = 2
                       charge from rho_at = 3.95377434289291
                         charge should be = 4
                       charge from rho_at = 3.99303358802097
                         charge should be = 4

 SETUP ATOMIC RHO FOR SPIN 1
                 Electron number from rho = 288
           total electron number from rho = 288
                                should be = 288
      Processor           Atom
              1             54
              2             58
              3             51
              4             51
              5             56
              6             58
              7             53
              8             53
              9             57
             10             58
             11             53
             12             52
             13             55
             14             58
             15             52
             16             53
                 charge before normalized = 288
                  charge after normalized = 288
                 charge before normalized = 288.000127058551
                  charge after normalized = 288
                 charge before normalized = 288.000127041595
                  charge after normalized = 288
                 charge before normalized = 288.000127055321
                  charge after normalized = 288
                 charge before normalized = 288.000127043105
                  charge after normalized = 288
                 charge before normalized = 288.000127047667
                  charge after normalized = 288
                 charge before normalized = 288.000127044187
                  charge after normalized = 288
                 charge before normalized = 288.000127045918
                  charge after normalized = 288
                 charge before normalized = 288.000127045341
                  charge after normalized = 288
                 charge before normalized = 288.000127045424
                  charge after normalized = 288
                 charge before normalized = 288.000127045508
                  charge after normalized = 288
                 charge before normalized = 288.00012704544
                  charge after normalized = 288
                 charge before normalized = 288.000127045471
                  charge after normalized = 288
                            startmag_type = 2
                       charge from rho_at = 3.95377434289291
                         charge should be = 4
                       charge from rho_at = 3.99303358802097
                         charge should be = 4

 SETUP ATOMIC RHO FOR SPIN 1
                 Electron number from rho = 288
           total electron number from rho = 288
                                should be = 288
                            startmag_type = 2
                       charge from rho_at = 3.95377434289291
                         charge should be = 4
                       charge from rho_at = 3.99303358802097
                         charge should be = 4

 SETUP ATOMIC RHO FOR SPIN 1
                 Electron number from rho = 288
           total electron number from rho = 288
                                should be = 288
      Processor           Atom
              1             54
              2             58
              3             51
              4             51
              5             57
              6             58
              7             53
              8             53
              9             57
             10             58
             11             53
             12             52
             13             55
             14             58
             15             52
             16             53
                 charge before normalized = 288
                  charge after normalized = 288
                 charge before normalized = 288.000127110828
                  charge after normalized = 288
                 charge before normalized = 288.000127119763
                  charge after normalized = 288
                 charge before normalized = 288.000127088032
                  charge after normalized = 288
                 charge before normalized = 288.000127115737
                  charge after normalized = 288
                 charge before normalized = 288.000127097478
                  charge after normalized = 288
                 charge before normalized = 288.00012710961
                  charge after normalized = 288
                 charge before normalized = 288.000127106063
                  charge after normalized = 288
                 charge before normalized = 288.000127106546
                  charge after normalized = 288
                 charge before normalized = 288.00012710659
                  charge after normalized = 288
                 charge before normalized = 288.000127106532
                  charge after normalized = 288
                 charge before normalized = 288.000127106571
                  charge after normalized = 288
                 charge before normalized = 288.000127106563
                  charge after normalized = 288
