WARNING: Total thread number on this node mismatches with hardware availability. This may cause poor performance.
Info: Local MPI proc number: 16,OpenMP thread number: 1,Total thread number: 16,Local thread limit: 32
                                                                                     
                              ABACUS v3.1                                            

               Atomic-orbital Based Ab-initio Computation at UStc                    

                     Website: http://abacus.ustc.edu.cn/                             
               Documentation: https://abacus.deepmodeling.com/                       
                  Repository: https://github.com/abacusmodeling/abacus-develop       
                              https://github.com/deepmodeling/abacus-develop         

 Fri Feb  3 16:52:54 2023
 MAKE THE DIR         : OUT.ABACUS/
 MAKE THE STRU DIR    : OUT.ABACUS/STRU/
 UNIFORM GRID DIM     : 108 * 108 * 108
 UNIFORM GRID DIM(BIG): 54 * 54 * 54
 DONE(0.105523   SEC) : SETUP UNITCELL
 DONE(0.118147   SEC) : INIT K-POINTS
 ---------------------------------------------------------
 Molecular Dynamics simulations
 ---------------------------------------------------------
 ENSEMBLE                 : Langevin
 Time interval(fs)        : 1
 ---------------------------------------------------------
 SPIN    KPOINTS         PROCESSORS  NBASE       
 1       36              16          1408        
 ---------------------------------------------------------
 Use Systematically Improvable Atomic bases
 ---------------------------------------------------------
 ELEMENT ORBITALS        NBASE       NATOM       XC          
 Si      3s3p2d-9au      22          32          
 C       3s3p2d-9au      22          32          
 ---------------------------------------------------------
 Initial plane wave basis and FFT box
 ---------------------------------------------------------
--------------------------------- INITVEL DONE ------------------------------------
 -------------------------------------------
 STEP OF MOLECULAR DYNAMICS : 0
 -------------------------------------------
 START CHARGE      : atomic
 DONE(9.33465    SEC) : INIT SCF
 ITER   ETOT(eV)       EDIFF(eV)      DRHO       TIME(s)    
 GE1    -8.335618e+03  0.000000e+00   2.724e-01  8.111e+01  
 GE2    -8.383646e+03  -4.802815e+01  1.565e-01  7.568e+01  
 GE3    -8.395158e+03  -1.151233e+01  3.134e-02  7.535e+01  
 GE4    -8.391891e+03  3.266993e+00   5.894e-02  7.560e+01  
 GE5    -8.401205e+03  -9.313735e+00  5.005e-03  7.544e+01  
 GE6    -8.401237e+03  -3.154295e-02  2.199e-03  7.550e+01  
 GE7    -8.401243e+03  -6.110249e-03  9.155e-04  7.549e+01  
 GE8    -8.401245e+03  -1.763221e-03  7.631e-04  7.551e+01  
 GE9    -8.401246e+03  -1.160226e-03  3.823e-04  7.548e+01  
 GE10   -8.401246e+03  -3.398228e-04  1.089e-04  7.557e+01  
 GE11   -8.401246e+03  -4.156893e-05  4.834e-05  7.548e+01  
 GE12   -8.401246e+03  -2.935332e-06  1.143e-05  7.558e+01  
 GE13   -8.401246e+03  -2.342936e-07  4.681e-06  7.543e+01  
 GE14   -8.401246e+03  -7.434176e-08  4.067e-06  7.555e+01  
 GE15   -8.401246e+03  -3.911829e-08  9.721e-07  7.553e+01  
 ><><><><><><><><><><><><><><><><><><><><><><
 TOTAL-STRESS (KBAR):
 ><><><><><><><><><><><><><><><><><><><><><><
 -3.043e+01     -8.744e+01     -5.967e+01     
 -8.744e+01     5.346e+00      5.789e+01      
 -5.967e+01     5.789e+01      -2.497e+01     
 TOTAL-PRESSURE: -1.668e+01 KBAR
 ------------------------------------------------------------------------------------------------
 Energy              Potential           Kinetic             Temperature         Pressure (KBAR)     
 -3.087e+02          -3.087e+02          2.993e-03           1.000e+01           -1.656e+01          
 ------------------------------------------------------------------------------------------------
 -------------------------------------------
 STEP OF MOLECULAR DYNAMICS : 1
 -------------------------------------------
 DONE(1.230e+03  SEC) : INIT SCF
 ITER   ETOT(eV)       EDIFF(eV)      DRHO       TIME(s)    
 GE1    -8.401357e+03  0.000000e+00   5.014e-04  8.075e+01  
 GE2    -8.401356e+03  2.025934e-04   3.876e-04  7.535e+01  
 GE3    -8.401357e+03  -3.461235e-04  3.672e-04  7.544e+01  
 GE4    -8.401357e+03  -3.780390e-04  8.776e-05  7.532e+01  
 GE5    -8.401357e+03  -1.845617e-05  4.008e-05  7.548e+01  
 GE6    -8.401357e+03  -4.271131e-06  1.605e-05  7.550e+01  
 GE7    -8.401357e+03  -5.458803e-07  4.999e-06  7.549e+01  
 GE8    -8.401357e+03  -7.792258e-08  2.807e-06  7.546e+01  
 GE9    -8.401357e+03  -2.017322e-08  9.597e-07  7.567e+01  
 ><><><><><><><><><><><><><><><><><><><><><><
 TOTAL-STRESS (KBAR):
 ><><><><><><><><><><><><><><><><><><><><><><
 -3.093e+01     -8.692e+01     -5.895e+01     
 -8.692e+01     5.040e+00      5.716e+01      
 -5.895e+01     5.716e+01      -2.565e+01     
 TOTAL-PRESSURE: -1.718e+01 KBAR
 ------------------------------------------------------------------------------------------------
 Energy              Potential           Kinetic             Temperature         Pressure (KBAR)     
 -3.087e+02          -3.087e+02          7.754e-03           2.591e+01           -1.686e+01          
 ------------------------------------------------------------------------------------------------
 -------------------------------------------
 STEP OF MOLECULAR DYNAMICS : 2
 -------------------------------------------
 DONE(1.997e+03  SEC) : INIT SCF
 ITER   ETOT(eV)       EDIFF(eV)      DRHO       TIME(s)    
 GE1    -8.401568e+03  0.000000e+00   1.571e-03  8.075e+01  
 GE2    -8.401567e+03  1.057745e-03   9.145e-04  7.541e+01  
 GE3    -8.401569e+03  -1.561423e-03  9.359e-04  7.539e+01  
 GE4    -8.401571e+03  -2.474335e-03  2.197e-04  7.550e+01  
 GE5    -8.401571e+03  -1.212222e-04  1.211e-04  7.534e+01  
 GE6    -8.401571e+03  -3.707167e-05  4.362e-05  7.542e+01  
 GE7    -8.401571e+03  -3.914788e-06  9.558e-06  7.544e+01  
 GE8    -8.401571e+03  -1.692264e-07  4.507e-06  7.536e+01  
 GE9    -8.401571e+03  -5.295431e-08  2.364e-06  7.545e+01  
 GE10   -8.401571e+03  -1.604948e-08  6.952e-07  7.536e+01  
 ><><><><><><><><><><><><><><><><><><><><><><
 TOTAL-STRESS (KBAR):
 ><><><><><><><><><><><><><><><><><><><><><><
 -3.197e+01     -8.567e+01     -5.718e+01     
 -8.567e+01     4.401e+00      5.555e+01      
 -5.718e+01     5.555e+01      -2.706e+01     
 TOTAL-PRESSURE: -1.821e+01 KBAR
 ------------------------------------------------------------------------------------------------
 Energy              Potential           Kinetic             Temperature         Pressure (KBAR)     
 -3.087e+02          -3.088e+02          1.889e-02           6.311e+01           -1.741e+01          
 ------------------------------------------------------------------------------------------------
 -------------------------------------------
 STEP OF MOLECULAR DYNAMICS : 3
 -------------------------------------------
 DONE(2.839e+03  SEC) : INIT SCF
 ITER   ETOT(eV)       EDIFF(eV)      DRHO       TIME(s)    
 GE1    -8.401775e+03  0.000000e+00   2.025e-03  8.101e+01  
 GE2    -8.401775e+03  1.186045e-04   1.183e-03  7.551e+01  
 GE3    -8.401778e+03  -2.633786e-03  9.840e-04  7.554e+01  
 GE4    -8.401780e+03  -2.549067e-03  2.954e-04  7.549e+01  
 GE5    -8.401781e+03  -2.447258e-04  1.759e-04  7.561e+01  
 GE6    -8.401781e+03  -9.594240e-05  5.743e-05  7.551e+01  
 GE7    -8.401781e+03  -7.334838e-06  1.434e-05  7.562e+01  
 GE8    -8.401781e+03  -4.224837e-07  7.178e-06  7.556e+01  
 GE9    -8.401781e+03  -1.689387e-07  3.344e-06  7.552e+01  
 GE10   -8.401781e+03  -3.186694e-08  7.738e-07  7.548e+01  
 ><><><><><><><><><><><><><><><><><><><><><><
 TOTAL-STRESS (KBAR):
 ><><><><><><><><><><><><><><><><><><><><><><
 -3.302e+01     -8.479e+01     -5.585e+01     
 -8.479e+01     3.780e+00      5.450e+01      
 -5.585e+01     5.450e+01      -2.829e+01     
 TOTAL-PRESSURE: -1.918e+01 KBAR
 ------------------------------------------------------------------------------------------------
 Energy              Potential           Kinetic             Temperature         Pressure (KBAR)     
 -3.087e+02          -3.088e+02          2.989e-02           9.989e+01           -1.792e+01          
 ------------------------------------------------------------------------------------------------
 -------------------------------------------
 STEP OF MOLECULAR DYNAMICS : 4
 -------------------------------------------
 DONE(3.682e+03  SEC) : INIT SCF
 ITER   ETOT(eV)       EDIFF(eV)      DRHO       TIME(s)    
 GE1    -8.402004e+03  0.000000e+00   2.306e-03  8.092e+01  
 GE2    -8.401998e+03  6.709337e-03   1.682e-03  7.540e+01  
 GE3    -8.402006e+03  -8.431814e-03  1.657e-03  7.542e+01  
 GE4    -8.402013e+03  -7.157967e-03  3.233e-04  7.539e+01  
 GE5    -8.402013e+03  -1.778217e-04  1.647e-04  7.558e+01  
 GE6    -8.402014e+03  -6.634844e-05  7.251e-05  7.558e+01  
 GE7    -8.402014e+03  -1.074859e-05  2.508e-05  7.553e+01  
 GE8    -8.402014e+03  -2.056244e-06  1.061e-05  7.544e+01  
 GE9    -8.402014e+03  -3.483276e-07  3.472e-06  7.566e+01  
 GE10   -8.402014e+03  -2.450113e-08  7.779e-07  7.552e+01  
 ><><><><><><><><><><><><><><><><><><><><><><
 TOTAL-STRESS (KBAR):
 ><><><><><><><><><><><><><><><><><><><><><><
 -3.398e+01     -8.407e+01     -5.451e+01     
 -8.407e+01     3.481e+00      5.319e+01      
 -5.451e+01     5.319e+01      -2.994e+01     
 TOTAL-PRESSURE: -2.014e+01 KBAR
 ------------------------------------------------------------------------------------------------
 Energy              Potential           Kinetic             Temperature         Pressure (KBAR)     
 -3.087e+02          -3.088e+02          4.148e-02           1.386e+02           -1.840e+01          
 ------------------------------------------------------------------------------------------------
 -------------------------------------------
 STEP OF MOLECULAR DYNAMICS : 5
 -------------------------------------------
 DONE(4.525e+03  SEC) : INIT SCF
 ITER   ETOT(eV)       EDIFF(eV)      DRHO       TIME(s)    
 GE1    -8.402227e+03  0.000000e+00   2.542e-03  8.101e+01  
 GE2    -8.402228e+03  -8.371026e-04  1.441e-03  7.560e+01  
 GE3    -8.402232e+03  -4.238945e-03  1.141e-03  7.560e+01  
 GE4    -8.402235e+03  -3.128941e-03  3.370e-04  7.556e+01  
 GE5    -8.402235e+03  -2.905246e-04  2.484e-04  7.555e+01  
 GE6    -8.402236e+03  -2.099871e-04  7.427e-05  7.552e+01  
 GE7    -8.402236e+03  -1.315528e-05  1.528e-05  7.561e+01  
 GE8    -8.402236e+03  -4.557180e-07  6.232e-06  7.551e+01  
 GE9    -8.402236e+03  -7.867896e-08  3.031e-06  7.559e+01  
 GE10   -8.402236e+03  -3.358078e-08  1.590e-06  7.560e+01  
 GE11   -8.402236e+03  -6.689861e-09  4.140e-07  7.559e+01  
 ><><><><><><><><><><><><><><><><><><><><><><
 TOTAL-STRESS (KBAR):
 ><><><><><><><><><><><><><><><><><><><><><><
 -3.507e+01     -8.254e+01     -5.262e+01     
 -8.254e+01     2.685e+00      5.123e+01      
 -5.262e+01     5.123e+01      -3.158e+01     
 TOTAL-PRESSURE: -2.132e+01 KBAR
 ------------------------------------------------------------------------------------------------
 Energy              Potential           Kinetic             Temperature         Pressure (KBAR)     
 -3.087e+02          -3.088e+02          4.047e-02           1.352e+02           -1.962e+01          
 ------------------------------------------------------------------------------------------------
 -------------------------------------------
 STEP OF MOLECULAR DYNAMICS : 6
 -------------------------------------------
 DONE(5.444e+03  SEC) : INIT SCF
 ITER   ETOT(eV)       EDIFF(eV)      DRHO       TIME(s)    
 GE1    -8.402344e+03  0.000000e+00   2.897e-03  8.101e+01  
 GE2    -8.402335e+03  8.962388e-03   2.166e-03  7.553e+01  
 GE3    -8.402348e+03  -1.260471e-02  1.971e-03  7.556e+01  
 GE4    -8.402358e+03  -1.041349e-02  4.454e-04  7.565e+01  
 GE5    -8.402359e+03  -4.406622e-04  2.251e-04  7.550e+01  
 GE6    -8.402359e+03  -1.368828e-04  8.872e-05  7.575e+01  
 GE7    -8.402359e+03  -1.515568e-05  3.013e-05  7.560e+01  
 GE8    -8.402359e+03  -2.836255e-06  1.413e-05  7.561e+01  
 GE9    -8.402359e+03  -6.124634e-07  4.717e-06  7.553e+01  
 GE10   -8.402359e+03  -5.343846e-08  1.117e-06  7.557e+01  
 GE11   -8.402359e+03  -1.356534e-09  4.294e-07  7.561e+01  
 ><><><><><><><><><><><><><><><><><><><><><><
 TOTAL-STRESS (KBAR):
 ><><><><><><><><><><><><><><><><><><><><><><
 -3.578e+01     -8.228e+01     -5.266e+01     
 -8.228e+01     2.448e+00      5.061e+01      
 -5.266e+01     5.061e+01      -3.233e+01     
 TOTAL-PRESSURE: -2.189e+01 KBAR
 ------------------------------------------------------------------------------------------------
 Energy              Potential           Kinetic             Temperature         Pressure (KBAR)     
 -3.087e+02          -3.088e+02          5.399e-02           1.804e+02           -1.961e+01          
 ------------------------------------------------------------------------------------------------
 -------------------------------------------
 STEP OF MOLECULAR DYNAMICS : 7
 -------------------------------------------
 DONE(6.364e+03  SEC) : INIT SCF
 ITER   ETOT(eV)       EDIFF(eV)      DRHO       TIME(s)    
 GE1    -8.402399e+03  0.000000e+00   3.068e-03  8.098e+01  
 GE2    -8.402393e+03  6.267252e-03   2.024e-03  7.545e+01  
 GE3    -8.402404e+03  -1.102949e-02  1.827e-03  7.552e+01  
 GE4    -8.402413e+03  -9.168417e-03  4.479e-04  7.555e+01  
 GE5    -8.402414e+03  -4.666173e-04  2.543e-04  7.544e+01  
 GE6    -8.402414e+03  -1.888261e-04  8.979e-05  7.570e+01  
 GE7    -8.402414e+03  -1.579985e-05  2.968e-05  7.556e+01  
 GE8    -8.402414e+03  -2.633040e-06  1.472e-05  7.569e+01  
 GE9    -8.402414e+03  -6.998214e-07  4.379e-06  7.559e+01  
 GE10   -8.402414e+03  -4.591024e-08  1.058e-06  7.556e+01  
 GE11   -8.402414e+03  -1.156998e-09  4.164e-07  7.555e+01  
 ><><><><><><><><><><><><><><><><><><><><><><
 TOTAL-STRESS (KBAR):
 ><><><><><><><><><><><><><><><><><><><><><><
 -3.647e+01     -8.183e+01     -5.238e+01     
 -8.183e+01     2.598e+00      4.986e+01      
 -5.238e+01     4.986e+01      -3.293e+01     
 TOTAL-PRESSURE: -2.227e+01 KBAR
 ------------------------------------------------------------------------------------------------
 Energy              Potential           Kinetic             Temperature         Pressure (KBAR)     
 -3.087e+02          -3.088e+02          6.649e-02           2.222e+02           -1.947e+01          
 ------------------------------------------------------------------------------------------------
 -------------------------------------------
 STEP OF MOLECULAR DYNAMICS : 8
 -------------------------------------------
 DONE(7.283e+03  SEC) : INIT SCF
 ITER   ETOT(eV)       EDIFF(eV)      DRHO       TIME(s)    
 GE1    -8.402425e+03  0.000000e+00   3.558e-03  8.131e+01  
 GE2    -8.402425e+03  8.535972e-04   2.035e-03  7.570e+01  
 GE3    -8.402432e+03  -7.211856e-03  1.749e-03  7.580e+01  
 GE4    -8.402440e+03  -8.541019e-03  5.346e-04  7.565e+01  
 GE5    -8.402441e+03  -7.676491e-04  3.050e-04  7.589e+01  
 GE6    -8.402441e+03  -2.886870e-04  1.037e-04  7.590e+01  
 GE7    -8.402441e+03  -2.374741e-05  2.248e-05  7.576e+01  
 GE8    -8.402441e+03  -8.856742e-07  1.002e-05  7.570e+01  
 GE9    -8.402441e+03  -2.354878e-07  5.227e-06  7.581e+01  
 GE10   -8.402441e+03  -9.548946e-08  1.846e-06  7.576e+01  
 GE11   -8.402441e+03  -7.263720e-09  4.276e-07  7.572e+01  
 ><><><><><><><><><><><><><><><><><><><><><><
 TOTAL-STRESS (KBAR):
 ><><><><><><><><><><><><><><><><><><><><><><
 -3.682e+01     -8.115e+01     -5.221e+01     
 -8.115e+01     2.119e+00      4.982e+01      
 -5.221e+01     4.982e+01      -3.321e+01     
 TOTAL-PRESSURE: -2.264e+01 KBAR
 ------------------------------------------------------------------------------------------------
 Energy              Potential           Kinetic             Temperature         Pressure (KBAR)     
 -3.087e+02          -3.088e+02          7.905e-02           2.641e+02           -1.931e+01          
 ------------------------------------------------------------------------------------------------
 -------------------------------------------
 STEP OF MOLECULAR DYNAMICS : 9
 -------------------------------------------
 DONE(8.205e+03  SEC) : INIT SCF
 ITER   ETOT(eV)       EDIFF(eV)      DRHO       TIME(s)    
 GE1    -8.402431e+03  0.000000e+00   3.840e-03  8.126e+01  
 GE2    -8.402417e+03  1.403709e-02   2.897e-03  7.593e+01  
 GE3    -8.402439e+03  -2.156138e-02  2.551e-03  7.584e+01  
 GE4    -8.402457e+03  -1.820067e-02  6.124e-04  7.579e+01  
 GE5    -8.402458e+03  -9.057121e-04  3.160e-04  7.587e+01  
 GE6    -8.402458e+03  -2.572172e-04  1.148e-04  7.588e+01  
 GE7    -8.402458e+03  -2.607468e-05  3.498e-05  7.582e+01  
 GE8    -8.402458e+03  -3.211140e-06  1.964e-05  7.579e+01  
 GE9    -8.402458e+03  -1.177819e-06  6.434e-06  7.586e+01  
 GE10   -8.402458e+03  -1.026836e-07  1.459e-06  7.576e+01  
 GE11   -8.402458e+03  -1.345706e-09  7.016e-07  7.581e+01  
 ><><><><><><><><><><><><><><><><><><><><><><
 TOTAL-STRESS (KBAR):
 ><><><><><><><><><><><><><><><><><><><><><><
 -3.704e+01     -8.107e+01     -5.219e+01     
 -8.107e+01     2.239e+00      4.988e+01      
 -5.219e+01     4.988e+01      -3.332e+01     
 TOTAL-PRESSURE: -2.270e+01 KBAR
 ------------------------------------------------------------------------------------------------
 Energy              Potential           Kinetic             Temperature         Pressure (KBAR)     
 -3.087e+02          -3.088e+02          7.936e-02           2.652e+02           -1.936e+01          
 ------------------------------------------------------------------------------------------------
 -------------------------------------------
 STEP OF MOLECULAR DYNAMICS : 10
 -------------------------------------------
 DONE(9.128e+03  SEC) : INIT SCF
 ITER   ETOT(eV)       EDIFF(eV)      DRHO       TIME(s)    
 GE1    -8.402676e+03  0.000000e+00   3.761e-03  8.161e+01  
 GE2    -8.402668e+03  8.055598e-03   2.341e-03  7.574e+01  
 GE3    -8.402681e+03  -1.320251e-02  2.222e-03  7.571e+01  
 GE4    -8.402696e+03  -1.452830e-02  5.088e-04  7.585e+01  
 GE5    -8.402696e+03  -6.704955e-04  2.931e-04  7.598e+01  
 GE6    -8.402697e+03  -2.600124e-04  1.049e-04  7.581e+01  
 GE7    -8.402697e+03  -2.047471e-05  3.025e-05  7.569e+01  
 GE8    -8.402697e+03  -2.616867e-06  1.693e-05  7.582e+01  
 GE9    -8.402697e+03  -9.286131e-07  5.250e-06  7.569e+01  
 GE10   -8.402697e+03  -7.355445e-08  1.452e-06  7.581e+01  
 GE11   -8.402697e+03  -2.317090e-09  5.563e-07  7.566e+01  
 ><><><><><><><><><><><><><><><><><><><><><><
 TOTAL-STRESS (KBAR):
 ><><><><><><><><><><><><><><><><><><><><><><
 -3.841e+01     -7.940e+01     -4.977e+01     
 -7.940e+01     1.859e+00      4.745e+01      
 -4.977e+01     4.745e+01      -3.538e+01     
 TOTAL-PRESSURE: -2.398e+01 KBAR
 ------------------------------------------------------------------------------------------------
 Energy              Potential           Kinetic             Temperature         Pressure (KBAR)     
 -3.087e+02          -3.088e+02          8.814e-02           2.945e+02           -2.027e+01          
 ------------------------------------------------------------------------------------------------

  |CLASS_NAME---------|NAME---------------|TIME(Sec)-----|CALLS----|AVG------|PER%-------
                       total               10048          27        3.7e+02   1e+02     %
   Driver              driver_line         10048          1         1e+04     1e+02     %
   PW_Basis            setup_struc_factor  0.9153         11        0.083     0.0091    %
   ORB_control         read_orb_first      0.14393        1         0.14      0.0014    %
   LCAO_Orbitals       Read_Orbitals       0.14392        1         0.14      0.0014    %
   ORB_control         set_orb_tables      6.3445         1         6.3       0.063     %
   ORB_gen_tables      gen_tables          6.3445         1         6.3       0.063     %
   ORB_table_phi       init_Table          4.9349         1         4.9       0.049     %
   ORB_table_phi       cal_ST_Phi12_R      4.8927         558       0.0088    0.049     %
   ORB_table_beta      init_Table_Beta     1.155          1         1.2       0.011     %
   ORB_table_beta      VNL_PhiBeta_R       1.1449         168       0.0068    0.011     %
   ppcell_vl           init_vloc           0.23767        1         0.24      0.0024    %
   Run_MD              md_line             10040          1         1e+04     1e+02     %
   Langevin            setup               1220.9         1         1.2e+03   12        %
   MD_func             force_virial        10040          11        9.1e+02   1e+02     %
   ESolver_KS_LCAO     Run                 9155.3         11        8.3e+02   91        %
   ESolver_KS_LCAO     beforescf           23.599         11        2.1       0.23      %
   ESolver_KS_LCAO     beforesolver        7.2044         11        0.65      0.072     %
   ESolver_KS_LCAO     set_matrix_grid     3.9905         11        0.36      0.04      %
   Grid_Technique      init                1.6525         11        0.15      0.016     %
   Grid_BigCell        grid_expansion_index0.58194        22        0.026     0.0058    %
   Record_adj          for_2d              2.0851         11        0.19      0.021     %
   Grid_Driver         Find_atom           15.925         578880    2.8e-05   0.16      %
   Charge              atomic_rho          14.312         21        0.68      0.14      %
   PW_Basis            recip2real          3.5193         720       0.0049    0.035     %
   PW_Basis            gathers_scatterp    2.7775         720       0.0039    0.028     %
   Potential           init_pot            0.74687        11        0.068     0.0074    %
   Potential           update_from_charge  8.2124         131       0.063     0.082     %
   Potential           cal_v_eff           8.1702         131       0.062     0.081     %
   H_Hartree_pw        v_hartree           0.86081        131       0.0066    0.0086    %
   PW_Basis            real2recip          2.8472         1092      0.0026    0.028     %
   PW_Basis            gatherp_scatters    1.6577         1092      0.0015    0.016     %
   PotXC               cal_v_eff           7.2496         131       0.055     0.072     %
   XC_Functional       v_xc                7.2127         131       0.055     0.072     %
   HSolverLCAO         solve               9116           120       76        91        %
   HamiltLCAO          updateHk            3399.7         4320      0.79      34        %
   OperatorLCAO        init                2802.6         8640      0.32      28        %
   Veff                contributeHk        2800.7         4320      0.65      28        %
   Gint_interface      cal_gint            3118.4         251       12        31        %
   Gint_interface      cal_gint_vlocal     1512.6         120       13        15        %
   Gint_k              folding_vl_k        1288.1         4320      0.3       13        %
   Gint_k              Distri              1053.9         4320      0.24      10        %
   Overlap             contributeHR        4.1687         11        0.38      0.041     %
   LCAO_gen_fixedH     calculate_S_no      4.1686         11        0.38      0.041     %
   Ekin<LCAO>          contributeHR        4.2492         11        0.39      0.042     %
   Nonlocal<LCAO>      contributeHR        46.542         11        4.2       0.46      %
   LCAO_gen_fixedH     build_Nonlocal_mu_new149.54         22        6.8       1.5       %
   ORB_gen_tables      snap_psibeta_half   3.1775         1119462   2.8e-06   0.032     %
   OperatorLCAO        folding_fixed       542.08         4320      0.13      5.4       %
   LCAO_nnr            folding_fixedH      536.73         4320      0.12      5.3       %
   HSolverLCAO         hamiltSolvePsiK     1407.4         4320      0.33      14        %
   DiagoElpa           elpa_solve          1395.5         4320      0.32      14        %
   ElecStateLCAO       psiToRho            4308.9         120       36        43        %
   elecstate           cal_dm              115.03         131       0.88      1.1       %
   psiMulPsiMpi        pdgemm              111.38         4716      0.024     1.1       %
    Local_Orbital_wfc  wfc_2d_to_grid      24.314         4320      0.0056    0.24      %
   LCAO_Charge         cal_dk_k            2237.1         120       19        22        %
   Record_adj          for_grid            0.62392        120       0.0052    0.0062    %
   Gint_interface      cal_gint_rho        1286.9         120       11        13        %
   Charge              mix_rho             1.0201         109       0.0094    0.01      %
   Force_Stress_LCAO   getForceStress      884.84         11        80        8.8       %
   Forces              cal_force_loc       0.7527         11        0.068     0.0075    %
   Forces              cal_force_ew        0.739          11        0.067     0.0074    %
   Forces              cal_force_scc       7.0349         11        0.64      0.07      %
   Stress_Func         stress_loc          5.9794         11        0.54      0.06      %
   Stress_Func         stress_ewa          0.36032        11        0.033     0.0036    %
   Stress_Func         stress_gga          0.36248        11        0.033     0.0036    %
   Force_LCAO_k        ftable_k            869.55         11        79        8.7       %
   Force_LCAO_k        allocate_k          131.18         11        12        1.3       %
   Force_LCAO_k        cal_foverlap_k      22.987         11        2.1       0.23      %
   Force_LCAO_k        cal_edm_2d          22.127         11        2         0.22      %
   Local_Orbital_Chargecal_dm_R            11.26          22        0.51      0.11      %
   Force_LCAO_k        cal_ftvnl_dphi_k    0.24629        11        0.022     0.0025    %
   Force_LCAO_k        cal_fvl_dphi_k      318.87         11        29        3.2       %
   Gint_interface      cal_gint_force      318.87         11        29        3.2       %
   Force_LCAO_k        cal_fvnl_dbeta_k_new272.68         11        25        2.7       %
 ----------------------------------------------------------------------------------------

 START  Time  : Fri Feb  3 16:52:54 2023
 FINISH Time  : Fri Feb  3 19:40:22 2023
 TOTAL  Time  : 1e+04
 SEE INFORMATION IN : OUT.ABACUS/
