WARNING: Total thread number on this node mismatches with hardware availability. This may cause poor performance.
Info: Local MPI proc number: 16,OpenMP thread number: 1,Total thread number: 16,Local thread limit: 32
 *********************************************************
 *                                                       *
 *                  WELCOME TO ABACUS v3.0               *
 *                                                       *
 *            'Atomic-orbital Based Ab-initio            *
 *                  Computation at UStc'                 *
 *                                                       *
 *          Website: http://abacus.ustc.edu.cn/          *
 *                                                       *
 *********************************************************
 Mon May 22 14:16:28 2023
 MAKE THE DIR         : OUT.ABACUS/
 MAKE THE STRU DIR    : OUT.ABACUS/STRU/
 UNIFORM GRID DIM     : 120 * 120 * 128
 UNIFORM GRID DIM(BIG): 60 * 60 * 64
 DONE(0.112439   SEC) : SETUP UNITCELL
 DONE(0.12139    SEC) : INIT K-POINTS
 ---------------------------------------------------------
 Molecular Dynamics simulations
 ---------------------------------------------------------
 ENSEMBLE                 : Langevin
 Time interval(fs)        : 1
 ---------------------------------------------------------
 SPIN    KPOINTS         PROCESSORS  NBASE       
 1       36              16          1584        
 ---------------------------------------------------------
 Use Systematically Improvable Atomic bases
 ---------------------------------------------------------
 ELEMENT ORBITALS        NBASE       NATOM       XC          
 Si      3s3p2d-9au      22          36          
 C       3s3p2d-9au      22          36          
 ---------------------------------------------------------
 Initial plane wave basis and FFT box
 ---------------------------------------------------------
--------------------------------- INITVEL DONE ------------------------------------
 -------------------------------------------
 STEP OF MOLECULAR DYNAMICS : 0
 -------------------------------------------
 START CHARGE      : atomic
 DONE(10.1349    SEC) : INIT SCF
 ITER   ETOT(eV)       EDIFF(eV)      DRHO       TIME(s)    
 GE1    -9.380853e+03  0.000000e+00   2.709e-01  1.017e+02  
 GE2    -9.430676e+03  -4.982286e+01  1.562e-01  9.588e+01  
 GE3    -9.439943e+03  -9.266760e+00  3.721e-02  9.592e+01  
 GE4    -9.410858e+03  2.908456e+01   8.863e-02  9.605e+01  
 GE5    -9.453153e+03  -4.229431e+01  1.843e-02  9.590e+01  
 GE6    -9.453257e+03  -1.043726e-01  1.095e-02  9.584e+01  
 GE7    -9.453264e+03  -7.454847e-03  5.812e-03  9.581e+01  
 GE8    -9.453269e+03  -4.376952e-03  3.864e-03  9.598e+01  
 GE9    -9.453249e+03  2.018143e-02   2.691e-03  9.584e+01  
 GE10   -9.453241e+03  7.201795e-03   2.635e-03  9.575e+01  
 GE11   -9.453270e+03  -2.864596e-02  5.495e-04  9.574e+01  
 GE12   -9.453271e+03  -6.191428e-04  1.479e-04  9.584e+01  
 GE13   -9.453271e+03  -1.762312e-05  6.653e-05  9.590e+01  
 GE14   -9.453271e+03  -1.805106e-06  2.972e-05  9.579e+01  
 GE15   -9.453271e+03  -1.263739e-06  2.224e-05  9.607e+01  
 GE16   -9.453271e+03  -1.548365e-06  8.993e-06  9.589e+01  
 GE17   -9.453271e+03  -1.436982e-07  6.648e-06  9.589e+01  
 GE18   -9.453271e+03  -1.400045e-07  7.997e-07  9.578e+01  
 ><><><><><><><><><><><><><><><><><><><><><><
 TOTAL-STRESS (KBAR):
 ><><><><><><><><><><><><><><><><><><><><><><
 -5.806e+01     -3.910e+01     -1.529e+01     
 -3.910e+01     -5.135e+00     -2.766e+01     
 -1.529e+01     -2.766e+01     -7.434e+01     
 TOTAL-PRESSURE: -4.584e+01 KBAR
 ------------------------------------------------------------------------------------------------
 Energy              Potential           Kinetic             Temperature         Pressure (KBAR)     
 -3.474e+02          -3.474e+02          3.373e-03           1.000e+01           -4.572e+01          
 ------------------------------------------------------------------------------------------------
 -------------------------------------------
 STEP OF MOLECULAR DYNAMICS : 1
 -------------------------------------------
 DONE(1.838e+03  SEC) : INIT SCF
 ITER   ETOT(eV)       EDIFF(eV)      DRHO       TIME(s)    
 GE1    -9.453286e+03  0.000000e+00   4.167e-04  1.004e+02  
 GE2    -9.453286e+03  3.748671e-05   2.121e-04  9.484e+01  
 GE3    -9.453286e+03  -6.331271e-05  2.285e-04  9.502e+01  
 GE4    -9.453286e+03  -1.697071e-04  6.126e-05  9.493e+01  
 GE5    -9.453286e+03  -1.121609e-05  4.049e-05  9.501e+01  
 GE6    -9.453286e+03  -6.158881e-06  1.548e-05  9.501e+01  
 GE7    -9.453286e+03  -7.537919e-07  5.313e-06  9.489e+01  
 GE8    -9.453286e+03  -8.756990e-08  1.405e-06  9.490e+01  
 GE9    -9.453286e+03  -3.511211e-10  7.683e-07  9.507e+01  
 ><><><><><><><><><><><><><><><><><><><><><><
 TOTAL-STRESS (KBAR):
 ><><><><><><><><><><><><><><><><><><><><><><
 -5.801e+01     -3.903e+01     -1.538e+01     
 -3.903e+01     -5.422e+00     -2.769e+01     
 -1.538e+01     -2.769e+01     -7.438e+01     
 TOTAL-PRESSURE: -4.594e+01 KBAR
 ------------------------------------------------------------------------------------------------
 Energy              Potential           Kinetic             Temperature         Pressure (KBAR)     
 -3.474e+02          -3.474e+02          8.051e-03           2.387e+01           -4.564e+01          
 ------------------------------------------------------------------------------------------------
 -------------------------------------------
 STEP OF MOLECULAR DYNAMICS : 2
 -------------------------------------------
 DONE(2.793e+03  SEC) : INIT SCF
 ITER   ETOT(eV)       EDIFF(eV)      DRHO       TIME(s)    
 GE1    -9.453362e+03  0.000000e+00   1.558e-03  1.001e+02  
 GE2    -9.453361e+03  1.358044e-03   1.049e-03  9.467e+01  
 GE3    -9.453363e+03  -2.845248e-03  9.331e-04  9.461e+01  
 GE4    -9.453366e+03  -2.459970e-03  2.480e-04  9.469e+01  
 GE5    -9.453366e+03  -1.768581e-04  1.750e-04  9.475e+01  
 GE6    -9.453366e+03  -1.137876e-04  6.189e-05  9.466e+01  
 GE7    -9.453366e+03  -1.222398e-05  2.700e-05  9.473e+01  
 GE8    -9.453366e+03  -2.281872e-06  5.439e-06  9.468e+01  
 GE9    -9.453366e+03  -8.059698e-08  2.033e-06  9.466e+01  
 GE10   -9.453366e+03  -7.025515e-09  6.183e-07  9.462e+01  
 ><><><><><><><><><><><><><><><><><><><><><><
 TOTAL-STRESS (KBAR):
 ><><><><><><><><><><><><><><><><><><><><><><
 -5.839e+01     -3.878e+01     -1.580e+01     
 -3.878e+01     -6.118e+00     -2.794e+01     
 -1.580e+01     -2.794e+01     -7.484e+01     
 TOTAL-PRESSURE: -4.645e+01 KBAR
 ------------------------------------------------------------------------------------------------
 Energy              Potential           Kinetic             Temperature         Pressure (KBAR)     
 -3.474e+02          -3.474e+02          2.072e-02           6.145e+01           -4.568e+01          
 ------------------------------------------------------------------------------------------------
 -------------------------------------------
 STEP OF MOLECULAR DYNAMICS : 3
 -------------------------------------------
 DONE(3.840e+03  SEC) : INIT SCF
 ITER   ETOT(eV)       EDIFF(eV)      DRHO       TIME(s)    
 GE1    -9.453390e+03  0.000000e+00   1.883e-03  1.008e+02  
 GE2    -9.453388e+03  2.149272e-03   1.267e-03  9.487e+01  
 GE3    -9.453392e+03  -3.502008e-03  1.155e-03  9.498e+01  
 GE4    -9.453396e+03  -4.209400e-03  3.295e-04  9.485e+01  
 GE5    -9.453396e+03  -3.401084e-04  1.971e-04  9.491e+01  
 GE6    -9.453396e+03  -1.402272e-04  6.933e-05  9.485e+01  
 GE7    -9.453396e+03  -1.476843e-05  3.118e-05  9.508e+01  
 GE8    -9.453396e+03  -3.258730e-06  8.601e-06  9.490e+01  
 GE9    -9.453396e+03  -2.392697e-07  4.661e-06  9.507e+01  
 GE10   -9.453396e+03  -8.410200e-08  1.845e-06  9.483e+01  
 GE11   -9.453396e+03  -1.050115e-08  5.496e-07  9.509e+01  
 ><><><><><><><><><><><><><><><><><><><><><><
 TOTAL-STRESS (KBAR):
 ><><><><><><><><><><><><><><><><><><><><><><
 -5.794e+01     -3.844e+01     -1.632e+01     
 -3.844e+01     -7.402e+00     -2.770e+01     
 -1.632e+01     -2.770e+01     -7.487e+01     
 TOTAL-PRESSURE: -4.674e+01 KBAR
 ------------------------------------------------------------------------------------------------
 Energy              Potential           Kinetic             Temperature         Pressure (KBAR)     
 -3.474e+02          -3.474e+02          2.593e-02           7.687e+01           -4.578e+01          
 ------------------------------------------------------------------------------------------------
 -------------------------------------------
 STEP OF MOLECULAR DYNAMICS : 4
 -------------------------------------------
 DONE(4.985e+03  SEC) : INIT SCF
 ITER   ETOT(eV)       EDIFF(eV)      DRHO       TIME(s)    
 GE1    -9.453455e+03  0.000000e+00   2.425e-03  1.007e+02  
 GE2    -9.453454e+03  1.551066e-03   1.443e-03  9.502e+01  
 GE3    -9.453459e+03  -5.058879e-03  1.360e-03  9.499e+01  
 GE4    -9.453464e+03  -5.044095e-03  3.184e-04  9.502e+01  
 GE5    -9.453464e+03  -2.265749e-04  2.349e-04  9.502e+01  
 GE6    -9.453464e+03  -2.198053e-04  9.955e-05  9.524e+01  
 GE7    -9.453464e+03  -3.297728e-05  3.560e-05  9.495e+01  
 GE8    -9.453464e+03  -4.092732e-06  7.401e-06  9.503e+01  
 GE9    -9.453464e+03  -1.318142e-07  2.882e-06  9.511e+01  
 GE10   -9.453464e+03  -1.894043e-08  1.264e-06  9.513e+01  
 GE11   -9.453464e+03  -4.578495e-10  7.345e-07  9.505e+01  
 ><><><><><><><><><><><><><><><><><><><><><><
 TOTAL-STRESS (KBAR):
 ><><><><><><><><><><><><><><><><><><><><><><
 -5.876e+01     -3.807e+01     -1.620e+01     
 -3.807e+01     -7.212e+00     -2.770e+01     
 -1.620e+01     -2.770e+01     -7.574e+01     
 TOTAL-PRESSURE: -4.724e+01 KBAR
 ------------------------------------------------------------------------------------------------
 Energy              Potential           Kinetic             Temperature         Pressure (KBAR)     
 -3.474e+02          -3.474e+02          4.192e-02           1.243e+02           -4.569e+01          
 ------------------------------------------------------------------------------------------------
 -------------------------------------------
 STEP OF MOLECULAR DYNAMICS : 5
 -------------------------------------------
 DONE(6.132e+03  SEC) : INIT SCF
 ITER   ETOT(eV)       EDIFF(eV)      DRHO       TIME(s)    
 GE1    -9.453541e+03  0.000000e+00   2.665e-03  1.004e+02  
 GE2    -9.453538e+03  3.003684e-03   1.589e-03  9.475e+01  
 GE3    -9.453544e+03  -5.260179e-03  1.566e-03  9.471e+01  
 GE4    -9.453551e+03  -7.666035e-03  3.957e-04  9.472e+01  
 GE5    -9.453552e+03  -3.804686e-04  2.609e-04  9.475e+01  
 GE6    -9.453552e+03  -2.703126e-04  1.135e-04  9.499e+01  
 GE7    -9.453552e+03  -4.091340e-05  3.369e-05  9.472e+01  
 GE8    -9.453552e+03  -3.567975e-06  6.756e-06  9.470e+01  
 GE9    -9.453552e+03  -1.016364e-07  2.893e-06  9.487e+01  
 GE10   -9.453552e+03  -2.187469e-08  1.527e-06  9.468e+01  
 GE11   -9.453552e+03  -1.856147e-09  8.330e-07  9.488e+01  
 ><><><><><><><><><><><><><><><><><><><><><><
 TOTAL-STRESS (KBAR):
 ><><><><><><><><><><><><><><><><><><><><><><
 -5.850e+01     -3.771e+01     -1.639e+01     
 -3.771e+01     -9.181e+00     -2.798e+01     
 -1.639e+01     -2.798e+01     -7.580e+01     
 TOTAL-PRESSURE: -4.783e+01 KBAR
 ------------------------------------------------------------------------------------------------
 Energy              Potential           Kinetic             Temperature         Pressure (KBAR)     
 -3.474e+02          -3.474e+02          4.617e-02           1.369e+02           -4.612e+01          
 ------------------------------------------------------------------------------------------------
 -------------------------------------------
 STEP OF MOLECULAR DYNAMICS : 6
 -------------------------------------------
 DONE(7.276e+03  SEC) : INIT SCF
 ITER   ETOT(eV)       EDIFF(eV)      DRHO       TIME(s)    
 GE1    -9.453534e+03  0.000000e+00   2.668e-03  1.007e+02  
 GE2    -9.453535e+03  -9.932782e-04  1.512e-03  9.497e+01  
 GE3    -9.453539e+03  -4.373361e-03  1.246e-03  9.510e+01  
 GE4    -9.453543e+03  -4.008276e-03  3.686e-04  9.505e+01  
 GE5    -9.453544e+03  -3.089950e-04  2.661e-04  9.509e+01  
 GE6    -9.453544e+03  -2.910607e-04  1.113e-04  9.516e+01  
 GE7    -9.453544e+03  -4.220044e-05  3.903e-05  9.508e+01  
 GE8    -9.453544e+03  -4.950442e-06  7.640e-06  9.503e+01  
 GE9    -9.453544e+03  -1.190208e-07  3.381e-06  9.513e+01  
 GE10   -9.453544e+03  -3.862177e-08  1.865e-06  9.505e+01  
 GE11   -9.453544e+03  -9.068823e-09  8.046e-07  9.502e+01  
 ><><><><><><><><><><><><><><><><><><><><><><
 TOTAL-STRESS (KBAR):
 ><><><><><><><><><><><><><><><><><><><><><><
 -5.876e+01     -3.723e+01     -1.610e+01     
 -3.723e+01     -9.123e+00     -2.804e+01     
 -1.610e+01     -2.804e+01     -7.567e+01     
 TOTAL-PRESSURE: -4.785e+01 KBAR
 ------------------------------------------------------------------------------------------------
 Energy              Potential           Kinetic             Temperature         Pressure (KBAR)     
 -3.473e+02          -3.474e+02          6.339e-02           1.880e+02           -4.551e+01          
 ------------------------------------------------------------------------------------------------
 -------------------------------------------
 STEP OF MOLECULAR DYNAMICS : 7
 -------------------------------------------
 DONE(8.422e+03  SEC) : INIT SCF
 ITER   ETOT(eV)       EDIFF(eV)      DRHO       TIME(s)    
 GE1    -9.453486e+03  0.000000e+00   3.361e-03  1.005e+02  
 GE2    -9.453480e+03  5.949466e-03   1.987e-03  9.495e+01  
 GE3    -9.453490e+03  -9.818712e-03  1.915e-03  9.484e+01  
 GE4    -9.453502e+03  -1.186188e-02  4.662e-04  9.498e+01  
 GE5    -9.453503e+03  -5.555536e-04  3.205e-04  9.481e+01  
 GE6    -9.453503e+03  -3.852797e-04  1.374e-04  9.493e+01  
 GE7    -9.453503e+03  -6.335960e-05  4.882e-05  9.479e+01  
 GE8    -9.453503e+03  -7.984974e-06  1.009e-05  9.481e+01  
 GE9    -9.453503e+03  -2.747545e-07  3.714e-06  9.492e+01  
 GE10   -9.453503e+03  -3.465580e-08  1.623e-06  9.475e+01  
 GE11   -9.453503e+03  -8.726982e-09  1.097e-06  9.485e+01  
 GE12   -9.453503e+03  -2.889401e-09  4.122e-07  9.498e+01  
 ><><><><><><><><><><><><><><><><><><><><><><
 TOTAL-STRESS (KBAR):
 ><><><><><><><><><><><><><><><><><><><><><><
 -5.973e+01     -3.599e+01     -1.570e+01     
 -3.599e+01     -8.577e+00     -2.863e+01     
 -1.570e+01     -2.863e+01     -7.516e+01     
 TOTAL-PRESSURE: -4.782e+01 KBAR
 ------------------------------------------------------------------------------------------------
 Energy              Potential           Kinetic             Temperature         Pressure (KBAR)     
 -3.473e+02          -3.474e+02          7.883e-02           2.337e+02           -4.490e+01          
 ------------------------------------------------------------------------------------------------
 -------------------------------------------
 STEP OF MOLECULAR DYNAMICS : 8
 -------------------------------------------
 DONE(9.662e+03  SEC) : INIT SCF
 ITER   ETOT(eV)       EDIFF(eV)      DRHO       TIME(s)    
 GE1    -9.453540e+03  0.000000e+00   3.610e-03  1.007e+02  
 GE2    -9.453542e+03  -1.936883e-03  2.071e-03  9.503e+01  
 GE3    -9.453551e+03  -9.948467e-03  1.632e-03  9.495e+01  
 GE4    -9.453559e+03  -7.231886e-03  4.215e-04  9.479e+01  
 GE5    -9.453559e+03  -3.163636e-04  2.090e-04  9.489e+01  
 GE6    -9.453559e+03  -1.336193e-04  1.214e-04  9.493e+01  
 GE7    -9.453559e+03  -4.373419e-05  3.623e-05  9.483e+01  
 GE8    -9.453559e+03  -5.300182e-06  1.711e-05  9.488e+01  
 GE9    -9.453559e+03  -1.146455e-06  5.460e-06  9.495e+01  
 GE10   -9.453559e+03  -8.283209e-08  1.278e-06  9.492e+01  
 GE11   -9.453559e+03  -4.501155e-10  7.272e-07  9.494e+01  
 ><><><><><><><><><><><><><><><><><><><><><><
 TOTAL-STRESS (KBAR):
 ><><><><><><><><><><><><><><><><><><><><><><
 -6.077e+01     -3.528e+01     -1.520e+01     
 -3.528e+01     -8.804e+00     -2.941e+01     
 -1.520e+01     -2.941e+01     -7.515e+01     
 TOTAL-PRESSURE: -4.824e+01 KBAR
 ------------------------------------------------------------------------------------------------
 Energy              Potential           Kinetic             Temperature         Pressure (KBAR)     
 -3.473e+02          -3.474e+02          7.515e-02           2.228e+02           -4.546e+01          
 ------------------------------------------------------------------------------------------------
 -------------------------------------------
 STEP OF MOLECULAR DYNAMICS : 9
 -------------------------------------------
 DONE(1.081e+04  SEC) : INIT SCF
 ITER   ETOT(eV)       EDIFF(eV)      DRHO       TIME(s)    
 GE1    -9.453520e+03  0.000000e+00   3.431e-03  1.005e+02  
 GE2    -9.453516e+03  3.909229e-03   2.172e-03  9.491e+01  
 GE3    -9.453530e+03  -1.322600e-02  1.917e-03  9.493e+01  
 GE4    -9.453539e+03  -9.307952e-03  3.824e-04  9.516e+01  
 GE5    -9.453539e+03  -2.546692e-04  2.050e-04  9.502e+01  
 GE6    -9.453539e+03  -1.110039e-04  1.033e-04  9.506e+01  
 GE7    -9.453539e+03  -2.789974e-05  3.417e-05  9.499e+01  
 GE8    -9.453539e+03  -4.827463e-06  1.801e-05  9.496e+01  
 GE9    -9.453539e+03  -1.148505e-06  5.193e-06  9.489e+01  
 GE10   -9.453539e+03  -8.297594e-08  1.596e-06  9.518e+01  
 GE11   -9.453539e+03  -5.723118e-10  9.328e-07  9.508e+01  
 ><><><><><><><><><><><><><><><><><><><><><><
 TOTAL-STRESS (KBAR):
 ><><><><><><><><><><><><><><><><><><><><><><
 -6.101e+01     -3.575e+01     -1.552e+01     
 -3.575e+01     -9.229e+00     -2.877e+01     
 -1.552e+01     -2.877e+01     -7.449e+01     
 TOTAL-PRESSURE: -4.824e+01 KBAR
 ------------------------------------------------------------------------------------------------
 Energy              Potential           Kinetic             Temperature         Pressure (KBAR)     
 -3.473e+02          -3.474e+02          7.738e-02           2.294e+02           -4.538e+01          
 ------------------------------------------------------------------------------------------------
 -------------------------------------------
 STEP OF MOLECULAR DYNAMICS : 10
 -------------------------------------------
 DONE(1.195e+04  SEC) : INIT SCF
 ITER   ETOT(eV)       EDIFF(eV)      DRHO       TIME(s)    
 GE1    -9.453490e+03  0.000000e+00   3.478e-03  1.006e+02  
 GE2    -9.453487e+03  3.365941e-03   2.069e-03  9.490e+01  
 GE3    -9.453497e+03  -1.052743e-02  1.856e-03  9.481e+01  
 GE4    -9.453507e+03  -9.786060e-03  4.953e-04  9.492e+01  
 GE5    -9.453508e+03  -6.407508e-04  3.926e-04  9.482e+01  
 GE6    -9.453508e+03  -5.564937e-04  1.351e-04  9.479e+01  
 GE7    -9.453508e+03  -5.703623e-05  5.639e-05  9.495e+01  
 GE8    -9.453508e+03  -1.039918e-05  1.138e-05  9.480e+01  
 GE9    -9.453508e+03  -3.121683e-07  6.058e-06  9.483e+01  
 GE10   -9.453508e+03  -1.316348e-07  3.074e-06  9.480e+01  
 GE11   -9.453508e+03  -3.977413e-08  1.277e-06  9.486e+01  
 GE12   -9.453508e+03  -4.201078e-09  3.400e-07  9.478e+01  
 ><><><><><><><><><><><><><><><><><><><><><><
 TOTAL-STRESS (KBAR):
 ><><><><><><><><><><><><><><><><><><><><><><
 -6.245e+01     -3.594e+01     -1.503e+01     
 -3.594e+01     -8.059e+00     -2.915e+01     
 -1.503e+01     -2.915e+01     -7.373e+01     
 TOTAL-PRESSURE: -4.808e+01 KBAR
 ------------------------------------------------------------------------------------------------
 Energy              Potential           Kinetic             Temperature         Pressure (KBAR)     
 -3.473e+02          -3.474e+02          1.030e-01           3.055e+02           -4.427e+01          
 ------------------------------------------------------------------------------------------------

  |CLASS_NAME---------|NAME---------------|TIME(Sec)-----|CALLS----|AVG------|PER%-------
                       total               13190          27        4.9e+02   1e+02     %
   Driver              driver_line         13190          1         1.3e+04   1e+02     %
   PW_Basis            setup_struc_factor  1.2811         11        0.12      0.0097    %
   ORB_control         read_orb_first      0.22232        1         0.22      0.0017    %
   LCAO_Orbitals       Read_Orbitals       0.22232        1         0.22      0.0017    %
   NOrbital_Lm         extra_uniform       0.11953        16        0.0075    0.00091   %
   Mathzone_Add1       Uni_Deriv_Phi       0.10567        16        0.0066    0.0008    %
   ORB_control         set_orb_tables      6.9466         1         6.9       0.053     %
   ORB_gen_tables      gen_tables          6.9466         1         6.9       0.053     %
   ORB_table_phi       init_Table          5.1148         1         5.1       0.039     %
   ORB_table_phi       cal_ST_Phi12_R      5.0729         558       0.0091    0.038     %
   ORB_table_beta      init_Table_Beta     1.3515         1         1.4       0.01      %
   ORB_table_beta      VNL_PhiBeta_R       1.3407         168       0.008     0.01      %
   ppcell_vl           init_vloc           0.26969        1         0.27      0.002     %
   Run_MD              md_line             13182          1         1.3e+04   1e+02     %
   Langevin            setup               1827.1         1         1.8e+03   14        %
   MD_func             force_stress        13182          11        1.2e+03   1e+02     %
   ESolver_KS_LCAO     Run                 12162          11        1.1e+03   92        %
   ESolver_KS_LCAO     beforescf           28.5           11        2.6       0.22      %
   ESolver_KS_LCAO     beforesolver        9.8101         11        0.89      0.074     %
   ESolver_KS_LCAO     set_matrix_grid     5.7396         11        0.52      0.044     %
   atom_arrange        search              0.10126        11        0.0092    0.00077   %
   Grid_Technique      init                3.0483         11        0.28      0.023     %
   Grid_BigCell        grid_expansion_index0.95338        22        0.043     0.0072    %
   Record_adj          for_2d              2.2325         11        0.2       0.017     %
   Grid_Driver         Find_atom           15.917         688536    2.3e-05   0.12      %
   Charge              atomic_rho          16.513         21        0.79      0.13      %
   PW_Basis            recip2real          4.4134         755       0.0058    0.033     %
   PW_Basis            gathers_scatterp    3.2522         755       0.0043    0.025     %
   Potential           init_pot            0.90324        11        0.082     0.0068    %
   Potential           update_from_charge  10.254         138       0.074     0.078     %
   Potential           cal_v_eff           10.204         138       0.074     0.077     %
   H_Hartree_pw        v_hartree           1.0796         138       0.0078    0.0082    %
   PW_Basis            real2recip          3.1372         1148      0.0027    0.024     %
   PW_Basis            gatherp_scatters    1.2582         1148      0.0011    0.0095    %
   PotXC               cal_v_eff           9.0423         138       0.066     0.069     %
   XC_Functional       v_xc                8.9946         138       0.065     0.068     %
   HSolverLCAO         solve               12111          127       95        92        %
   HamiltLCAO          updateHk            4340.2         4572      0.95      33        %
   OperatorLCAO        init                3675.9         9144      0.4       28        %
   Veff                contributeHk        3673.3         4572      0.8       28        %
   Gint_interface      cal_gint            5627.4         265       21        43        %
   Gint_interface      cal_gint_vlocal     2703.3         127       21        20        %
   Gint_k              folding_vl_k        969.89         4572      0.21      7.4       %
   Gint_k              Distri              721.64         4572      0.16      5.5       %
   Overlap             contributeHR        4.5506         11        0.41      0.034     %
   LCAO_gen_fixedH     calculate_S_no      4.5506         11        0.41      0.034     %
   Ekinetic<OperatorLCAO>contributeHR        4.6177         11        0.42      0.035     %
   Nonlocal<OperatorLCAO>contributeHR        47.852         11        4.4       0.36      %
   LCAO_gen_fixedH     build_Nonlocal_mu_new151.91         22        6.9       1.2       %
   ORB_gen_tables      snap_psibeta_half   3.4019         1225572   2.8e-06   0.026     %
   OperatorLCAO        folding_fixed       607.3          4572      0.13      4.6       %
   LCAO_nnr            folding_fixedH      599.6          4572      0.13      4.5       %
   HSolverLCAO         hamiltSolvePsiK     1900           4572      0.42      14        %
   DiagoElpa           elpa_solve          1886.3         4572      0.41      14        %
   ElecStateLCAO       psiToRho            5870.8         127       46        45        %
   elecstate           cal_dm              164.95         138       1.2       1.3       %
   psiMulPsiMpi        pdgemm              159.73         4968      0.032     1.2       %
    Local_Orbital_wfc  wfc_2d_to_grid      27.754         4572      0.0061    0.21      %
   LCAO_Charge         cal_dk_k            3234.3         127       25        25        %
   Record_adj          for_grid            0.66839        127       0.0053    0.0051    %
   Gint_interface      cal_gint_rho        2402.1         127       19        18        %
   Charge              mix_rho             1.5221         116       0.013     0.012     %
   Force_Stress_LCAO   getForceStress      1020.4         11        93        7.7       %
   Forces              cal_force_loc       0.95323        11        0.087     0.0072    %
   Forces              cal_force_ew        0.91234        11        0.083     0.0069    %
   Forces              cal_force_scc       8.0782         11        0.73      0.061     %
   Stress_Func         stress_loc          6.1198         11        0.56      0.046     %
   Stress_Func         stress_ewa          0.40676        11        0.037     0.0031    %
   Stress_Func         stress_gga          0.44266        11        0.04      0.0034    %
   Force_LCAO_k        ftable_k            1003.4         11        91        7.6       %
   Force_LCAO_k        allocate_k          134.28         11        12        1         %
   Force_LCAO_k        cal_foverlap_k      28.929         11        2.6       0.22      %
   Force_LCAO_k        cal_edm_2d          27.959         11        2.5       0.21      %
   Local_Orbital_Chargecal_dm_R            12.238         22        0.56      0.093     %
   Force_LCAO_k        cal_ftvnl_dphi_k    0.31608        11        0.029     0.0024    %
   Force_LCAO_k        cal_fvl_dphi_k      522.02         11        47        4         %
   Gint_interface      cal_gint_force      522.02         11        47        4         %
   Force_LCAO_k        cal_fvnl_dbeta_k_new278.59         11        25        2.1       %
 ----------------------------------------------------------------------------------------

 START  Time  : Mon May 22 14:16:28 2023
 FINISH Time  : Mon May 22 17:56:19 2023
 TOTAL  Time  : 1.3e+04
 SEE INFORMATION IN : OUT.ABACUS/
