 In SCAN_BEGIN, can't find: LATTICE_PARAMETERS block.
 In SCAN_BEGIN, can't find: <PP_MESH block.
 In SCAN_BEGIN, can't find: <PP_MESH block.
 AUTO_SET NBANDS to 0
 AUTO_SET NBANDS to 154
 cpu 2D distribution : 4*4
 but, the number of bands-row-block is 3
      Processor           Atom
              1             62
              2             66
              3             62
              4             66
              5             66
              6             62
              7             64
              8             65
              9             62
             10             66
             11             62
             12             66
             13             58
             14             66
             15             59
             16             66
                            startmag_type = 2
                       charge from rho_at = 3.95377
                         charge should be = 4
                            startmag_type = 2
                       charge from rho_at = 3.99303
                         charge should be = 4

 SETUP ATOMIC RHO FOR SPIN 1
                 Electron number from rho = 256
           total electron number from rho = 256
                                should be = 256
                 charge before normalized = 256
                  charge after normalized = 256
                 charge before normalized = 256.000111716997
                  charge after normalized = 256
                 charge before normalized = 256.000161255332
                  charge after normalized = 256
                 charge before normalized = 256.000135477677
                  charge after normalized = 256
                 charge before normalized = 256.000131590218
                  charge after normalized = 256
                 charge before normalized = 256.000131526648
                  charge after normalized = 256
                 charge before normalized = 256.000130988388
                  charge after normalized = 256
                 charge before normalized = 256.000130743072
                  charge after normalized = 256
                 charge before normalized = 256.000130948365
                  charge after normalized = 256
                 charge before normalized = 256.000131129763
                  charge after normalized = 256
                 charge before normalized = 256.000131214827
                  charge after normalized = 256
                 charge before normalized = 256.000131146273
                  charge after normalized = 256
                 charge before normalized = 256.000131149442
                  charge after normalized = 256
                 charge before normalized = 256.000131150513
                  charge after normalized = 256
                 charge before normalized = 256.000131151823
                  charge after normalized = 256
                 charge before normalized = 256.000131150577
                  charge after normalized = 256
                 charge before normalized = 256.000131150837
                  charge after normalized = 256
                 charge before normalized = 256.000131150974
                  charge after normalized = 256
                 charge before normalized = 256.000131150962
                  charge after normalized = 256
                            startmag_type = 2
                       charge from rho_at = 3.95377434289291
                         charge should be = 4
                            startmag_type = 2
                       charge from rho_at = 3.99303358802097
                         charge should be = 4

 SETUP ATOMIC RHO FOR SPIN 1
                 Electron number from rho = 256
           total electron number from rho = 256
                                should be = 256
                            startmag_type = 2
                       charge from rho_at = 3.95377434289291
                         charge should be = 4
                            startmag_type = 2
                       charge from rho_at = 3.99303358802097
                         charge should be = 4

 SETUP ATOMIC RHO FOR SPIN 1
                 Electron number from rho = 256
           total electron number from rho = 256
                                should be = 256
      Processor           Atom
              1             62
              2             66
              3             62
              4             66
              5             66
              6             62
              7             65
              8             65
              9             62
             10             66
             11             62
             12             66
             13             58
             14             66
             15             59
             16             66
                 charge before normalized = 256
                  charge after normalized = 256
                 charge before normalized = 256.000131137325
                  charge after normalized = 256
                 charge before normalized = 256.000131126526
                  charge after normalized = 256
                 charge before normalized = 256.000131175042
                  charge after normalized = 256
                 charge before normalized = 256.000131144701
                  charge after normalized = 256
                 charge before normalized = 256.00013114736
                  charge after normalized = 256
                 charge before normalized = 256.000131146122
                  charge after normalized = 256
                 charge before normalized = 256.00013114693
                  charge after normalized = 256
                 charge before normalized = 256.000131147077
                  charge after normalized = 256
                 charge before normalized = 256.000131147159
                  charge after normalized = 256
                 charge before normalized = 256.000131147047
                  charge after normalized = 256
                            startmag_type = 2
                       charge from rho_at = 3.95377434289291
                         charge should be = 4
                            startmag_type = 2
                       charge from rho_at = 3.99303358802097
                         charge should be = 4

 SETUP ATOMIC RHO FOR SPIN 1
                 Electron number from rho = 256
           total electron number from rho = 256
                                should be = 256
                            startmag_type = 2
                       charge from rho_at = 3.95377434289291
                         charge should be = 4
                            startmag_type = 2
                       charge from rho_at = 3.99303358802097
                         charge should be = 4

 SETUP ATOMIC RHO FOR SPIN 1
                 Electron number from rho = 256
           total electron number from rho = 256
                                should be = 256
      Processor           Atom
              1             62
              2             66
              3             62
              4             66
              5             66
              6             62
              7             65
              8             65
              9             62
             10             66
             11             62
             12             66
             13             58
             14             66
             15             59
             16             66
                 charge before normalized = 256
                  charge after normalized = 256
                 charge before normalized = 256.000131066386
                  charge after normalized = 256
                 charge before normalized = 256.000131077257
                  charge after normalized = 256
                 charge before normalized = 256.000131095758
                  charge after normalized = 256
                 charge before normalized = 256.000131078567
                  charge after normalized = 256
                 charge before normalized = 256.000131085036
                  charge after normalized = 256
                 charge before normalized = 256.000131081078
                  charge after normalized = 256
                 charge before normalized = 256.000131083438
                  charge after normalized = 256
                 charge before normalized = 256.000131082552
                  charge after normalized = 256
                 charge before normalized = 256.000131082732
                  charge after normalized = 256
                 charge before normalized = 256.000131082685
                  charge after normalized = 256
                 charge before normalized = 256.000131082661
                  charge after normalized = 256
                            startmag_type = 2
                       charge from rho_at = 3.95377434289291
                         charge should be = 4
                            startmag_type = 2
                       charge from rho_at = 3.99303358802097
                         charge should be = 4

 SETUP ATOMIC RHO FOR SPIN 1
                 Electron number from rho = 256
           total electron number from rho = 256
                                should be = 256
                            startmag_type = 2
                       charge from rho_at = 3.95377434289291
                         charge should be = 4
                            startmag_type = 2
                       charge from rho_at = 3.99303358802097
                         charge should be = 4

 SETUP ATOMIC RHO FOR SPIN 1
                 Electron number from rho = 256
           total electron number from rho = 256
                                should be = 256
      Processor           Atom
              1             62
              2             66
              3             62
              4             66
              5             66
              6             62
              7             65
              8             64
              9             62
             10             66
             11             62
             12             66
             13             58
             14             66
             15             59
             16             66
                 charge before normalized = 256
                  charge after normalized = 256
                 charge before normalized = 256.000130978447
                  charge after normalized = 256
                 charge before normalized = 256.000130979918
                  charge after normalized = 256
                 charge before normalized = 256.000131002996
                  charge after normalized = 256
                 charge before normalized = 256.00013097882
                  charge after normalized = 256
                 charge before normalized = 256.000130990783
                  charge after normalized = 256
                 charge before normalized = 256.000130984282
                  charge after normalized = 256
                 charge before normalized = 256.000130987021
                  charge after normalized = 256
                 charge before normalized = 256.000130986078
                  charge after normalized = 256
                 charge before normalized = 256.000130986366
                  charge after normalized = 256
                 charge before normalized = 256.000130986224
                  charge after normalized = 256
                 charge before normalized = 256.000130986351
                  charge after normalized = 256
                            startmag_type = 2
                       charge from rho_at = 3.95377434289291
                         charge should be = 4
                            startmag_type = 2
                       charge from rho_at = 3.99303358802097
                         charge should be = 4

 SETUP ATOMIC RHO FOR SPIN 1
                 Electron number from rho = 256
           total electron number from rho = 256
                                should be = 256
                            startmag_type = 2
                       charge from rho_at = 3.95377434289291
                         charge should be = 4
                            startmag_type = 2
                       charge from rho_at = 3.99303358802097
                         charge should be = 4

 SETUP ATOMIC RHO FOR SPIN 1
                 Electron number from rho = 256
           total electron number from rho = 256
                                should be = 256
      Processor           Atom
              1             62
              2             66
              3             62
              4             66
              5             66
              6             62
              7             65
              8             64
              9             62
             10             66
             11             62
             12             65
             13             59
             14             66
             15             59
             16             66
                 charge before normalized = 256
                  charge after normalized = 256
                 charge before normalized = 256.000130890334
                  charge after normalized = 256
                 charge before normalized = 256.000130889717
                  charge after normalized = 256
                 charge before normalized = 256.000130912082
                  charge after normalized = 256
                 charge before normalized = 256.000130897332
                  charge after normalized = 256
                 charge before normalized = 256.000130894476
                  charge after normalized = 256
                 charge before normalized = 256.000130899633
                  charge after normalized = 256
                 charge before normalized = 256.000130895484
                  charge after normalized = 256
                 charge before normalized = 256.000130897867
                  charge after normalized = 256
                 charge before normalized = 256.000130897382
                  charge after normalized = 256
                 charge before normalized = 256.000130897446
                  charge after normalized = 256
                 charge before normalized = 256.000130897533
                  charge after normalized = 256
                            startmag_type = 2
                       charge from rho_at = 3.95377434289291
                         charge should be = 4
                            startmag_type = 2
                       charge from rho_at = 3.99303358802097
                         charge should be = 4

 SETUP ATOMIC RHO FOR SPIN 1
                 Electron number from rho = 256
           total electron number from rho = 256
                                should be = 256
                            startmag_type = 2
                       charge from rho_at = 3.95377434289291
                         charge should be = 4
                            startmag_type = 2
                       charge from rho_at = 3.99303358802097
                         charge should be = 4

 SETUP ATOMIC RHO FOR SPIN 1
                 Electron number from rho = 256
           total electron number from rho = 256
                                should be = 256
      Processor           Atom
              1             62
              2             66
              3             62
              4             66
              5             66
              6             62
              7             65
              8             64
              9             62
             10             66
             11             62
             12             66
             13             58
             14             66
             15             59
             16             66
                 charge before normalized = 256
                  charge after normalized = 256
                 charge before normalized = 256.00013088816
                  charge after normalized = 256
                 charge before normalized = 256.000130860489
                  charge after normalized = 256
                 charge before normalized = 256.000130944206
                  charge after normalized = 256
                 charge before normalized = 256.000130873004
                  charge after normalized = 256
                 charge before normalized = 256.000130898144
                  charge after normalized = 256
                 charge before normalized = 256.000130886661
                  charge after normalized = 256
                 charge before normalized = 256.000130888214
                  charge after normalized = 256
                 charge before normalized = 256.000130888945
                  charge after normalized = 256
                 charge before normalized = 256.00013088884
                  charge after normalized = 256
                 charge before normalized = 256.000130888892
                  charge after normalized = 256
                 charge before normalized = 256.000130888704
                  charge after normalized = 256
                            startmag_type = 2
                       charge from rho_at = 3.95377434289291
                         charge should be = 4
                            startmag_type = 2
                       charge from rho_at = 3.99303358802097
                         charge should be = 4

 SETUP ATOMIC RHO FOR SPIN 1
                 Electron number from rho = 256
           total electron number from rho = 256
                                should be = 256
                            startmag_type = 2
                       charge from rho_at = 3.95377434289291
                         charge should be = 4
                            startmag_type = 2
                       charge from rho_at = 3.99303358802097
                         charge should be = 4

 SETUP ATOMIC RHO FOR SPIN 1
                 Electron number from rho = 256
           total electron number from rho = 256
                                should be = 256
      Processor           Atom
              1             62
              2             66
              3             62
              4             66
              5             66
              6             62
              7             65
              8             64
              9             62
             10             66
             11             62
             12             66
             13             58
             14             66
             15             59
             16             66
                 charge before normalized = 256
                  charge after normalized = 256
                 charge before normalized = 256.000130824458
                  charge after normalized = 256
                 charge before normalized = 256.000130813159
                  charge after normalized = 256
                 charge before normalized = 256.000130889164
                  charge after normalized = 256
                 charge before normalized = 256.00013082272
                  charge after normalized = 256
                 charge before normalized = 256.000130844626
                  charge after normalized = 256
                 charge before normalized = 256.000130833067
                  charge after normalized = 256
                 charge before normalized = 256.000130837445
                  charge after normalized = 256
                 charge before normalized = 256.000130836542
                  charge after normalized = 256
                 charge before normalized = 256.000130836807
                  charge after normalized = 256
                 charge before normalized = 256.000130836728
                  charge after normalized = 256
                 charge before normalized = 256.000130836795
                  charge after normalized = 256
                            startmag_type = 2
                       charge from rho_at = 3.95377434289291
                         charge should be = 4
                            startmag_type = 2
                       charge from rho_at = 3.99303358802097
                         charge should be = 4

 SETUP ATOMIC RHO FOR SPIN 1
                 Electron number from rho = 256
           total electron number from rho = 256
                                should be = 256
                            startmag_type = 2
                       charge from rho_at = 3.95377434289291
                         charge should be = 4
                            startmag_type = 2
                       charge from rho_at = 3.99303358802097
                         charge should be = 4

 SETUP ATOMIC RHO FOR SPIN 1
                 Electron number from rho = 256
           total electron number from rho = 256
                                should be = 256
      Processor           Atom
              1             62
              2             66
              3             62
              4             66
              5             66
              6             62
              7             66
              8             62
              9             62
             10             66
             11             62
             12             66
             13             58
             14             66
             15             59
             16             66
                 charge before normalized = 256
                  charge after normalized = 256
                 charge before normalized = 256.000130821182
                  charge after normalized = 256
                 charge before normalized = 256.000130809068
                  charge after normalized = 256
                 charge before normalized = 256.000130838118
                  charge after normalized = 256
                 charge before normalized = 256.000130811485
                  charge after normalized = 256
                 charge before normalized = 256.000130822652
                  charge after normalized = 256
                 charge before normalized = 256.000130814468
                  charge after normalized = 256
                 charge before normalized = 256.000130819469
                  charge after normalized = 256
                 charge before normalized = 256.000130817083
                  charge after normalized = 256
                 charge before normalized = 256.000130817585
                  charge after normalized = 256
                 charge before normalized = 256.000130817619
                  charge after normalized = 256
                 charge before normalized = 256.000130817498
                  charge after normalized = 256
                 charge before normalized = 256.000130817522
                  charge after normalized = 256
                            startmag_type = 2
                       charge from rho_at = 3.95377434289291
                         charge should be = 4
                            startmag_type = 2
                       charge from rho_at = 3.99303358802097
                         charge should be = 4

 SETUP ATOMIC RHO FOR SPIN 1
                 Electron number from rho = 256
           total electron number from rho = 256
                                should be = 256
                            startmag_type = 2
                       charge from rho_at = 3.95377434289291
                         charge should be = 4
                            startmag_type = 2
                       charge from rho_at = 3.99303358802097
                         charge should be = 4

 SETUP ATOMIC RHO FOR SPIN 1
                 Electron number from rho = 256
           total electron number from rho = 256
                                should be = 256
      Processor           Atom
              1             62
              2             66
              3             62
              4             66
              5             66
              6             62
              7             66
              8             62
              9             62
             10             66
             11             62
             12             66
             13             58
             14             66
             15             59
             16             66
                 charge before normalized = 256
                  charge after normalized = 256
                 charge before normalized = 256.000130606761
                  charge after normalized = 256
                 charge before normalized = 256.000130597055
                  charge after normalized = 256
                 charge before normalized = 256.000130634023
                  charge after normalized = 256
                 charge before normalized = 256.000130594881
                  charge after normalized = 256
                 charge before normalized = 256.000130612968
                  charge after normalized = 256
                 charge before normalized = 256.000130603611
                  charge after normalized = 256
                 charge before normalized = 256.000130608223
                  charge after normalized = 256
                 charge before normalized = 256.000130606571
                  charge after normalized = 256
                 charge before normalized = 256.00013060681
                  charge after normalized = 256
                 charge before normalized = 256.000130606765
                  charge after normalized = 256
                 charge before normalized = 256.000130606802
                  charge after normalized = 256
                 charge before normalized = 256.000130606856
                  charge after normalized = 256
                            startmag_type = 2
                       charge from rho_at = 3.95377434289291
                         charge should be = 4
                            startmag_type = 2
                       charge from rho_at = 3.99303358802097
                         charge should be = 4

 SETUP ATOMIC RHO FOR SPIN 1
                 Electron number from rho = 256
           total electron number from rho = 256
                                should be = 256
                            startmag_type = 2
                       charge from rho_at = 3.95377434289291
                         charge should be = 4
                            startmag_type = 2
                       charge from rho_at = 3.99303358802097
                         charge should be = 4

 SETUP ATOMIC RHO FOR SPIN 1
                 Electron number from rho = 256
           total electron number from rho = 256
                                should be = 256
      Processor           Atom
              1             62
              2             66
              3             62
              4             66
              5             66
              6             62
              7             66
              8             63
              9             62
             10             66
             11             62
             12             66
             13             58
             14             66
             15             59
             16             66
                 charge before normalized = 256
                  charge after normalized = 256
                 charge before normalized = 256.000130536107
                  charge after normalized = 256
                 charge before normalized = 256.000130512775
                  charge after normalized = 256
                 charge before normalized = 256.000130603533
                  charge after normalized = 256
                 charge before normalized = 256.000130518308
                  charge after normalized = 256
                 charge before normalized = 256.000130547355
                  charge after normalized = 256
                 charge before normalized = 256.000130535251
                  charge after normalized = 256
                 charge before normalized = 256.00013053951
                  charge after normalized = 256
                 charge before normalized = 256.000130538428
                  charge after normalized = 256
                 charge before normalized = 256.000130538772
                  charge after normalized = 256
                 charge before normalized = 256.00013053877
                  charge after normalized = 256
                 charge before normalized = 256.000130538696
                  charge after normalized = 256
                 charge before normalized = 256.000130538706
                  charge after normalized = 256
                            startmag_type = 2
                       charge from rho_at = 3.95377434289291
                         charge should be = 4
                            startmag_type = 2
                       charge from rho_at = 3.99303358802097
                         charge should be = 4

 SETUP ATOMIC RHO FOR SPIN 1
                 Electron number from rho = 256
           total electron number from rho = 256
                                should be = 256
                            startmag_type = 2
                       charge from rho_at = 3.95377434289291
                         charge should be = 4
                            startmag_type = 2
                       charge from rho_at = 3.99303358802097
                         charge should be = 4

 SETUP ATOMIC RHO FOR SPIN 1
                 Electron number from rho = 256
           total electron number from rho = 256
                                should be = 256
      Processor           Atom
              1             62
              2             66
              3             62
              4             66
              5             66
              6             62
              7             66
              8             62
              9             62
             10             66
             11             62
             12             66
             13             58
             14             66
             15             59
             16             66
                 charge before normalized = 256
                  charge after normalized = 256
                 charge before normalized = 256.000130539917
                  charge after normalized = 256
                 charge before normalized = 256.000130514472
                  charge after normalized = 256
                 charge before normalized = 256.000130613435
                  charge after normalized = 256
                 charge before normalized = 256.000130530944
                  charge after normalized = 256
                 charge before normalized = 256.000130553183
                  charge after normalized = 256
                 charge before normalized = 256.000130542927
                  charge after normalized = 256
                 charge before normalized = 256.000130546462
                  charge after normalized = 256
                 charge before normalized = 256.000130545427
                  charge after normalized = 256
                 charge before normalized = 256.000130545826
                  charge after normalized = 256
                 charge before normalized = 256.000130545713
                  charge after normalized = 256
                 charge before normalized = 256.00013054577
                  charge after normalized = 256
                 charge before normalized = 256.000130545711
                  charge after normalized = 256
