WARNING: Total thread number on this node mismatches with hardware availability. This may cause poor performance.
Info: Local MPI proc number: 16,OpenMP thread number: 1,Total thread number: 16,Local thread limit: 32
                                                                                     
                              ABACUS v3.1                                            

               Atomic-orbital Based Ab-initio Computation at UStc                    

                     Website: http://abacus.ustc.edu.cn/                             
               Documentation: https://abacus.deepmodeling.com/                       
                  Repository: https://github.com/abacusmodeling/abacus-develop       
                              https://github.com/deepmodeling/abacus-develop         

 Fri Feb  3 16:52:58 2023
 MAKE THE DIR         : OUT.ABACUS/
 MAKE THE STRU DIR    : OUT.ABACUS/STRU/
 UNIFORM GRID DIM     : 108 * 108 * 120
 UNIFORM GRID DIM(BIG): 54 * 54 * 60
 DONE(0.109257   SEC) : SETUP UNITCELL
 DONE(0.123145   SEC) : INIT K-POINTS
 ---------------------------------------------------------
 Molecular Dynamics simulations
 ---------------------------------------------------------
 ENSEMBLE                 : Langevin
 Time interval(fs)        : 1
 ---------------------------------------------------------
 SPIN    KPOINTS         PROCESSORS  NBASE       
 1       36              16          1408        
 ---------------------------------------------------------
 Use Systematically Improvable Atomic bases
 ---------------------------------------------------------
 ELEMENT ORBITALS        NBASE       NATOM       XC          
 Si      3s3p2d-9au      22          32          
 C       3s3p2d-9au      22          32          
 ---------------------------------------------------------
 Initial plane wave basis and FFT box
 ---------------------------------------------------------
--------------------------------- INITVEL DONE ------------------------------------
 -------------------------------------------
 STEP OF MOLECULAR DYNAMICS : 0
 -------------------------------------------
 START CHARGE      : atomic
 DONE(9.61394    SEC) : INIT SCF
 ITER   ETOT(eV)       EDIFF(eV)      DRHO       TIME(s)    
 GE1    -8.332002e+03  0.000000e+00   2.712e-01  8.382e+01  
 GE2    -8.362480e+03  -3.047788e+01  1.675e-01  7.854e+01  
 GE3    -8.376308e+03  -1.382821e+01  6.117e-02  7.811e+01  
 GE4    -8.395440e+03  -1.913219e+01  4.868e-02  7.811e+01  
 GE5    -8.398753e+03  -3.313048e+00  1.441e-02  7.821e+01  
 GE6    -8.399065e+03  -3.113384e-01  8.582e-03  7.847e+01  
 GE7    -8.399212e+03  -1.474846e-01  2.565e-03  7.822e+01  
 GE8    -8.399220e+03  -8.095698e-03  1.001e-03  7.830e+01  
 GE9    -8.399221e+03  -1.099757e-03  7.050e-04  7.810e+01  
 GE10   -8.399222e+03  -1.083461e-03  3.113e-04  7.830e+01  
 GE11   -8.399223e+03  -3.312718e-04  1.429e-04  7.797e+01  
 GE12   -8.399223e+03  -5.475305e-05  6.321e-05  7.807e+01  
 GE13   -8.399223e+03  -1.130817e-05  3.418e-05  7.823e+01  
 GE14   -8.399223e+03  -1.835401e-06  8.111e-06  7.821e+01  
 GE15   -8.399223e+03  -1.863803e-07  2.849e-06  7.824e+01  
 GE16   -8.399223e+03  -1.868521e-08  1.544e-06  7.827e+01  
 GE17   -8.399223e+03  -1.348800e-09  8.058e-07  7.821e+01  
 ><><><><><><><><><><><><><><><><><><><><><><
 TOTAL-STRESS (KBAR):
 ><><><><><><><><><><><><><><><><><><><><><><
 -5.389e+00     4.741e+01      5.222e+00      
 4.741e+01      2.226e+01      3.781e+01      
 5.222e+00      3.781e+01      -8.181e+01     
 TOTAL-PRESSURE: -2.165e+01 KBAR
 ------------------------------------------------------------------------------------------------
 Energy              Potential           Kinetic             Temperature         Pressure (KBAR)     
 -3.087e+02          -3.087e+02          2.993e-03           1.000e+01           -2.152e+01          
 ------------------------------------------------------------------------------------------------
 -------------------------------------------
 STEP OF MOLECULAR DYNAMICS : 1
 -------------------------------------------
 DONE(1.427e+03  SEC) : INIT SCF
 ITER   ETOT(eV)       EDIFF(eV)      DRHO       TIME(s)    
 GE1    -8.399313e+03  0.000000e+00   5.023e-04  8.342e+01  
 GE2    -8.399312e+03  4.523842e-04   4.215e-04  7.812e+01  
 GE3    -8.399313e+03  -5.594838e-04  3.891e-04  7.831e+01  
 GE4    -8.399313e+03  -3.789363e-04  7.978e-05  7.831e+01  
 GE5    -8.399313e+03  -1.026689e-05  4.521e-05  7.818e+01  
 GE6    -8.399313e+03  -6.893096e-06  2.382e-05  7.816e+01  
 GE7    -8.399313e+03  -1.678821e-06  1.119e-05  7.830e+01  
 GE8    -8.399313e+03  -3.292727e-07  1.925e-06  7.819e+01  
 GE9    -8.399313e+03  -5.583907e-09  8.499e-07  7.831e+01  
 ><><><><><><><><><><><><><><><><><><><><><><
 TOTAL-STRESS (KBAR):
 ><><><><><><><><><><><><><><><><><><><><><><
 -5.900e+00     4.725e+01      5.489e+00      
 4.725e+01      2.227e+01      3.782e+01      
 5.489e+00      3.782e+01      -8.224e+01     
 TOTAL-PRESSURE: -2.196e+01 KBAR
 ------------------------------------------------------------------------------------------------
 Energy              Potential           Kinetic             Temperature         Pressure (KBAR)     
 -3.087e+02          -3.087e+02          7.301e-03           2.440e+01           -2.165e+01          
 ------------------------------------------------------------------------------------------------
 -------------------------------------------
 STEP OF MOLECULAR DYNAMICS : 2
 -------------------------------------------
 DONE(2.217e+03  SEC) : INIT SCF
 ITER   ETOT(eV)       EDIFF(eV)      DRHO       TIME(s)    
 GE1    -8.399468e+03  0.000000e+00   1.525e-03  8.356e+01  
 GE2    -8.399466e+03  1.158639e-03   9.306e-04  7.819e+01  
 GE3    -8.399468e+03  -1.794672e-03  9.378e-04  7.811e+01  
 GE4    -8.399471e+03  -2.405882e-03  2.185e-04  7.806e+01  
 GE5    -8.399471e+03  -1.130159e-04  1.278e-04  7.810e+01  
 GE6    -8.399471e+03  -4.211839e-05  4.219e-05  7.798e+01  
 GE7    -8.399471e+03  -3.013554e-06  1.520e-05  7.812e+01  
 GE8    -8.399471e+03  -7.771964e-07  9.492e-06  7.819e+01  
 GE9    -8.399471e+03  -2.602317e-07  2.450e-06  7.816e+01  
 GE10   -8.399471e+03  -1.240370e-08  6.974e-07  7.829e+01  
 ><><><><><><><><><><><><><><><><><><><><><><
 TOTAL-STRESS (KBAR):
 ><><><><><><><><><><><><><><><><><><><><><><
 -6.791e+00     4.683e+01      5.981e+00      
 4.683e+01      2.218e+01      3.786e+01      
 5.981e+00      3.786e+01      -8.298e+01     
 TOTAL-PRESSURE: -2.253e+01 KBAR
 ------------------------------------------------------------------------------------------------
 Energy              Potential           Kinetic             Temperature         Pressure (KBAR)     
 -3.087e+02          -3.087e+02          1.803e-02           6.024e+01           -2.177e+01          
 ------------------------------------------------------------------------------------------------
 -------------------------------------------
 STEP OF MOLECULAR DYNAMICS : 3
 -------------------------------------------
 DONE(3.085e+03  SEC) : INIT SCF
 ITER   ETOT(eV)       EDIFF(eV)      DRHO       TIME(s)    
 GE1    -8.399637e+03  0.000000e+00   1.972e-03  8.360e+01  
 GE2    -8.399636e+03  1.013587e-03   1.205e-03  7.822e+01  
 GE3    -8.399639e+03  -2.762127e-03  1.099e-03  7.811e+01  
 GE4    -8.399642e+03  -3.268384e-03  3.030e-04  7.821e+01  
 GE5    -8.399642e+03  -2.334923e-04  1.758e-04  7.832e+01  
 GE6    -8.399642e+03  -9.369774e-05  7.201e-05  7.818e+01  
 GE7    -8.399642e+03  -1.290422e-05  3.458e-05  7.813e+01  
 GE8    -8.399642e+03  -4.088277e-06  1.011e-05  7.822e+01  
 GE9    -8.399642e+03  -2.711103e-07  3.064e-06  7.837e+01  
 GE10   -8.399642e+03  -1.848413e-08  1.169e-06  7.826e+01  
 GE11   -8.399642e+03  4.160862e-10   7.400e-07  7.812e+01  
 ><><><><><><><><><><><><><><><><><><><><><><
 TOTAL-STRESS (KBAR):
 ><><><><><><><><><><><><><><><><><><><><><><
 -7.714e+00     4.664e+01      6.336e+00      
 4.664e+01      2.221e+01      3.793e+01      
 6.336e+00      3.793e+01      -8.363e+01     
 TOTAL-PRESSURE: -2.304e+01 KBAR
 ------------------------------------------------------------------------------------------------
 Energy              Potential           Kinetic             Temperature         Pressure (KBAR)     
 -3.087e+02          -3.087e+02          2.967e-02           9.913e+01           -2.180e+01          
 ------------------------------------------------------------------------------------------------
 -------------------------------------------
 STEP OF MOLECULAR DYNAMICS : 4
 -------------------------------------------
 DONE(4.032e+03  SEC) : INIT SCF
 ITER   ETOT(eV)       EDIFF(eV)      DRHO       TIME(s)    
 GE1    -8.399855e+03  0.000000e+00   2.330e-03  8.381e+01  
 GE2    -8.399848e+03  6.304583e-03   1.690e-03  7.845e+01  
 GE3    -8.399857e+03  -8.448668e-03  1.646e-03  7.848e+01  
 GE4    -8.399864e+03  -6.812968e-03  3.272e-04  7.840e+01  
 GE5    -8.399864e+03  -1.658459e-04  1.855e-04  7.835e+01  
 GE6    -8.399864e+03  -8.682476e-05  8.783e-05  7.833e+01  
 GE7    -8.399864e+03  -2.066538e-05  4.518e-05  7.841e+01  
 GE8    -8.399864e+03  -6.282493e-06  1.083e-05  7.867e+01  
 GE9    -8.399864e+03  -2.884978e-07  4.185e-06  7.840e+01  
 GE10   -8.399864e+03  -3.663260e-08  1.908e-06  7.841e+01  
 GE11   -8.399864e+03  -6.320179e-09  9.287e-07  7.852e+01  
 ><><><><><><><><><><><><><><><><><><><><><><
 TOTAL-STRESS (KBAR):
 ><><><><><><><><><><><><><><><><><><><><><><
 -9.177e+00     4.582e+01      6.782e+00      
 4.582e+01      2.241e+01      3.815e+01      
 6.782e+00      3.815e+01      -8.499e+01     
 TOTAL-PRESSURE: -2.392e+01 KBAR
 ------------------------------------------------------------------------------------------------
 Energy              Potential           Kinetic             Temperature         Pressure (KBAR)     
 -3.086e+02          -3.087e+02          3.923e-02           1.311e+02           -2.227e+01          
 ------------------------------------------------------------------------------------------------
 -------------------------------------------
 STEP OF MOLECULAR DYNAMICS : 5
 -------------------------------------------
 DONE(4.982e+03  SEC) : INIT SCF
 ITER   ETOT(eV)       EDIFF(eV)      DRHO       TIME(s)    
 GE1    -8.399952e+03  0.000000e+00   2.442e-03  8.345e+01  
 GE2    -8.399951e+03  5.887818e-04   1.429e-03  7.803e+01  
 GE3    -8.399955e+03  -3.858025e-03  1.234e-03  7.822e+01  
 GE4    -8.399959e+03  -3.893191e-03  3.847e-04  7.828e+01  
 GE5    -8.399959e+03  -4.004352e-04  2.605e-04  7.806e+01  
 GE6    -8.399960e+03  -2.130260e-04  8.287e-05  7.815e+01  
 GE7    -8.399960e+03  -1.463239e-05  2.976e-05  7.820e+01  
 GE8    -8.399960e+03  -3.057601e-06  1.287e-05  7.822e+01  
 GE9    -8.399960e+03  -5.406491e-07  4.250e-06  7.810e+01  
 GE10   -8.399960e+03  -4.752199e-08  1.133e-06  7.827e+01  
 GE11   -8.399960e+03  -8.043302e-10  5.699e-07  7.829e+01  
 ><><><><><><><><><><><><><><><><><><><><><><
 TOTAL-STRESS (KBAR):
 ><><><><><><><><><><><><><><><><><><><><><><
 -9.864e+00     4.613e+01      7.067e+00      
 4.613e+01      2.272e+01      3.772e+01      
 7.067e+00      3.772e+01      -8.556e+01     
 TOTAL-PRESSURE: -2.423e+01 KBAR
 ------------------------------------------------------------------------------------------------
 Energy              Potential           Kinetic             Temperature         Pressure (KBAR)     
 -3.087e+02          -3.087e+02          3.857e-02           1.289e+02           -2.261e+01          
 ------------------------------------------------------------------------------------------------
 -------------------------------------------
 STEP OF MOLECULAR DYNAMICS : 6
 -------------------------------------------
 DONE(5.929e+03  SEC) : INIT SCF
 ITER   ETOT(eV)       EDIFF(eV)      DRHO       TIME(s)    
 GE1    -8.400074e+03  0.000000e+00   2.892e-03  8.338e+01  
 GE2    -8.400062e+03  1.201514e-02   2.301e-03  7.817e+01  
 GE3    -8.400077e+03  -1.548596e-02  2.096e-03  7.817e+01  
 GE4    -8.400089e+03  -1.137160e-02  4.674e-04  7.812e+01  
 GE5    -8.400089e+03  -4.278799e-04  2.631e-04  7.811e+01  
 GE6    -8.400089e+03  -1.930122e-04  1.167e-04  7.813e+01  
 GE7    -8.400089e+03  -3.651097e-05  6.563e-05  7.838e+01  
 GE8    -8.400089e+03  -1.296982e-05  1.302e-05  7.819e+01  
 GE9    -8.400089e+03  -4.090158e-07  4.961e-06  7.821e+01  
 GE10   -8.400089e+03  -4.832787e-08  1.670e-06  7.798e+01  
 GE11   -8.400089e+03  -7.825204e-09  1.118e-06  7.833e+01  
 GE12   -8.400089e+03  -2.116007e-09  4.503e-07  7.813e+01  
 ><><><><><><><><><><><><><><><><><><><><><><
 TOTAL-STRESS (KBAR):
 ><><><><><><><><><><><><><><><><><><><><><><
 -1.063e+01     4.589e+01      7.418e+00      
 4.589e+01      2.285e+01      3.847e+01      
 7.418e+00      3.847e+01      -8.624e+01     
 TOTAL-PRESSURE: -2.467e+01 KBAR
 ------------------------------------------------------------------------------------------------
 Energy              Potential           Kinetic             Temperature         Pressure (KBAR)     
 -3.086e+02          -3.087e+02          5.452e-02           1.822e+02           -2.238e+01          
 ------------------------------------------------------------------------------------------------
 -------------------------------------------
 STEP OF MOLECULAR DYNAMICS : 7
 -------------------------------------------
 DONE(6.954e+03  SEC) : INIT SCF
 ITER   ETOT(eV)       EDIFF(eV)      DRHO       TIME(s)    
 GE1    -8.400134e+03  0.000000e+00   3.122e-03  8.369e+01  
 GE2    -8.400127e+03  7.286385e-03   2.105e-03  7.839e+01  
 GE3    -8.400139e+03  -1.224413e-02  1.947e-03  7.828e+01  
 GE4    -8.400149e+03  -1.020604e-02  4.627e-04  7.819e+01  
 GE5    -8.400150e+03  -4.712173e-04  2.626e-04  7.830e+01  
 GE6    -8.400150e+03  -1.863152e-04  1.009e-04  7.827e+01  
 GE7    -8.400150e+03  -2.165902e-05  5.339e-05  7.819e+01  
 GE8    -8.400150e+03  -9.707331e-06  1.631e-05  7.831e+01  
 GE9    -8.400150e+03  -7.534950e-07  5.280e-06  7.852e+01  
 GE10   -8.400150e+03  -6.051966e-08  1.872e-06  7.825e+01  
 GE11   -8.400150e+03  -1.175869e-08  1.371e-06  7.820e+01  
 GE12   -8.400150e+03  -4.620258e-09  3.171e-07  7.815e+01  
 ><><><><><><><><><><><><><><><><><><><><><><
 TOTAL-STRESS (KBAR):
 ><><><><><><><><><><><><><><><><><><><><><><
 -1.098e+01     4.551e+01      8.299e+00      
 4.551e+01      2.361e+01      3.979e+01      
 8.299e+00      3.979e+01      -8.693e+01     
 TOTAL-PRESSURE: -2.477e+01 KBAR
 ------------------------------------------------------------------------------------------------
 Energy              Potential           Kinetic             Temperature         Pressure (KBAR)     
 -3.086e+02          -3.087e+02          6.684e-02           2.233e+02           -2.195e+01          
 ------------------------------------------------------------------------------------------------
 -------------------------------------------
 STEP OF MOLECULAR DYNAMICS : 8
 -------------------------------------------
 DONE(7.980e+03  SEC) : INIT SCF
 ITER   ETOT(eV)       EDIFF(eV)      DRHO       TIME(s)    
 GE1    -8.400164e+03  0.000000e+00   3.556e-03  8.364e+01  
 GE2    -8.400163e+03  1.514612e-03   2.104e-03  7.838e+01  
 GE3    -8.400170e+03  -7.246460e-03  1.865e-03  7.847e+01  
 GE4    -8.400180e+03  -9.928992e-03  5.687e-04  7.866e+01  
 GE5    -8.400181e+03  -9.013569e-04  2.986e-04  7.844e+01  
 GE6    -8.400181e+03  -2.762394e-04  1.129e-04  7.840e+01  
 GE7    -8.400181e+03  -2.835404e-05  4.656e-05  7.854e+01  
 GE8    -8.400181e+03  -7.279963e-06  1.964e-05  7.861e+01  
 GE9    -8.400181e+03  -1.137841e-06  5.313e-06  7.858e+01  
 GE10   -8.400181e+03  -6.370140e-08  1.716e-06  7.853e+01  
 GE11   -8.400181e+03  -6.566118e-09  1.006e-06  7.865e+01  
 GE12   -8.400181e+03  -1.268367e-09  5.073e-07  7.863e+01  
 ><><><><><><><><><><><><><><><><><><><><><><
 TOTAL-STRESS (KBAR):
 ><><><><><><><><><><><><><><><><><><><><><><
 -1.135e+01     4.571e+01      7.703e+00      
 4.571e+01      2.361e+01      4.047e+01      
 7.703e+00      4.047e+01      -8.687e+01     
 TOTAL-PRESSURE: -2.487e+01 KBAR
 ------------------------------------------------------------------------------------------------
 Energy              Potential           Kinetic             Temperature         Pressure (KBAR)     
 -3.086e+02          -3.087e+02          8.040e-02           2.687e+02           -2.149e+01          
 ------------------------------------------------------------------------------------------------
 -------------------------------------------
 STEP OF MOLECULAR DYNAMICS : 9
 -------------------------------------------
 DONE(9.009e+03  SEC) : INIT SCF
 ITER   ETOT(eV)       EDIFF(eV)      DRHO       TIME(s)    
 GE1    -8.400224e+03  0.000000e+00   3.846e-03  8.367e+01  
 GE2    -8.400207e+03  1.765868e-02   2.952e-03  7.845e+01  
 GE3    -8.400230e+03  -2.282292e-02  2.698e-03  7.841e+01  
 GE4    -8.400250e+03  -2.065468e-02  6.514e-04  7.844e+01  
 GE5    -8.400251e+03  -9.719518e-04  3.292e-04  7.834e+01  
 GE6    -8.400252e+03  -2.659841e-04  1.427e-04  7.861e+01  
 GE7    -8.400252e+03  -4.866632e-05  8.382e-05  7.845e+01  
 GE8    -8.400252e+03  -2.249552e-05  1.817e-05  7.853e+01  
 GE9    -8.400252e+03  -8.251144e-07  7.308e-06  7.851e+01  
 GE10   -8.400252e+03  -1.071058e-07  2.412e-06  7.853e+01  
 GE11   -8.400252e+03  -1.659550e-08  1.523e-06  7.843e+01  
 GE12   -8.400252e+03  -2.309356e-09  7.546e-07  7.841e+01  
 ><><><><><><><><><><><><><><><><><><><><><><
 TOTAL-STRESS (KBAR):
 ><><><><><><><><><><><><><><><><><><><><><><
 -1.171e+01     4.560e+01      7.981e+00      
 4.560e+01      2.397e+01      4.098e+01      
 7.981e+00      4.098e+01      -8.713e+01     
 TOTAL-PRESSURE: -2.496e+01 KBAR
 ------------------------------------------------------------------------------------------------
 Energy              Potential           Kinetic             Temperature         Pressure (KBAR)     
 -3.086e+02          -3.087e+02          7.856e-02           2.625e+02           -2.165e+01          
 ------------------------------------------------------------------------------------------------
 -------------------------------------------
 STEP OF MOLECULAR DYNAMICS : 10
 -------------------------------------------
 DONE(1.004e+04  SEC) : INIT SCF
 ITER   ETOT(eV)       EDIFF(eV)      DRHO       TIME(s)    
 GE1    -8.400380e+03  0.000000e+00   3.661e-03  8.375e+01  
 GE2    -8.400372e+03  7.850473e-03   2.257e-03  7.845e+01  
 GE3    -8.400386e+03  -1.307961e-02  2.155e-03  7.846e+01  
 GE4    -8.400399e+03  -1.324037e-02  4.883e-04  7.852e+01  
 GE5    -8.400399e+03  -5.460251e-04  3.081e-04  7.831e+01  
 GE6    -8.400400e+03  -2.680331e-04  1.238e-04  7.822e+01  
 GE7    -8.400400e+03  -3.377509e-05  6.198e-05  7.829e+01  
 GE8    -8.400400e+03  -1.314215e-05  1.635e-05  7.860e+01  
 GE9    -8.400400e+03  -6.639668e-07  5.413e-06  7.846e+01  
 GE10   -8.400400e+03  -6.262484e-08  2.776e-06  7.835e+01  
 GE11   -8.400400e+03  -2.549263e-08  1.301e-06  7.834e+01  
 GE12   -8.400400e+03  -3.512757e-09  4.494e-07  7.835e+01  
 ><><><><><><><><><><><><><><><><><><><><><><
 TOTAL-STRESS (KBAR):
 ><><><><><><><><><><><><><><><><><><><><><><
 -1.277e+01     4.595e+01      9.397e+00      
 4.595e+01      2.476e+01      4.106e+01      
 9.397e+00      4.106e+01      -8.828e+01     
 TOTAL-PRESSURE: -2.543e+01 KBAR
 ------------------------------------------------------------------------------------------------
 Energy              Potential           Kinetic             Temperature         Pressure (KBAR)     
 -3.086e+02          -3.087e+02          8.758e-02           2.927e+02           -2.174e+01          
 ------------------------------------------------------------------------------------------------

  |CLASS_NAME---------|NAME---------------|TIME(Sec)-----|CALLS----|AVG------|PER%-------
                       total               11063          27        4.1e+02   1e+02     %
   Driver              driver_line         11063          1         1.1e+04   1e+02     %
   PW_Basis            setup_struc_factor  0.91666        11        0.083     0.0083    %
   ORB_control         read_orb_first      0.15715        1         0.16      0.0014    %
   LCAO_Orbitals       Read_Orbitals       0.15715        1         0.16      0.0014    %
   ORB_control         set_orb_tables      6.9073         1         6.9       0.062     %
   ORB_gen_tables      gen_tables          6.9073         1         6.9       0.062     %
   ORB_table_phi       init_Table          5.4483         1         5.4       0.049     %
   ORB_table_phi       cal_ST_Phi12_R      5.4127         558       0.0097    0.049     %
   ORB_table_beta      init_Table_Beta     1.2063         1         1.2       0.011     %
   ORB_table_beta      VNL_PhiBeta_R       1.1971         168       0.0071    0.011     %
   ppcell_vl           init_vloc           0.238          1         0.24      0.0022    %
   Run_MD              md_line             11055          1         1.1e+04   1e+02     %
   Langevin            setup               1417           1         1.4e+03   13        %
   MD_func             force_virial        11055          11        1e+03     1e+02     %
   ESolver_KS_LCAO     Run                 10181          11        9.3e+02   92        %
   ESolver_KS_LCAO     beforescf           22.287         11        2         0.2       %
   ESolver_KS_LCAO     beforesolver        7.2558         11        0.66      0.066     %
   ESolver_KS_LCAO     set_matrix_grid     4.7375         11        0.43      0.043     %
   Grid_Technique      init                2.3987         11        0.22      0.022     %
   Grid_BigCell        grid_expansion_index0.65346        22        0.03      0.0059    %
   Record_adj          for_2d              2.0157         11        0.18      0.018     %
   Grid_Driver         Find_atom           17.309         621504    2.8e-05   0.16      %
   Charge              atomic_rho          12.662         21        0.6       0.11      %
   PW_Basis            recip2real          2.431          765       0.0032    0.022     %
   PW_Basis            gathers_scatterp    1.0602         765       0.0014    0.0096    %
   Potential           init_pot            0.82064        11        0.075     0.0074    %
   Potential           update_from_charge  9.5977         140       0.069     0.087     %
   Potential           cal_v_eff           9.5479         140       0.068     0.086     %
   H_Hartree_pw        v_hartree           1.0533         140       0.0075    0.0095    %
   PW_Basis            real2recip          3.1812         1164      0.0027    0.029     %
   PW_Basis            gatherp_scatters    1.2953         1164      0.0011    0.012     %
   PotXC               cal_v_eff           8.4258         140       0.06      0.076     %
   XC_Functional       v_xc                8.3756         140       0.06      0.076     %
   HSolverLCAO         solve               10144          129       79        92        %
   HamiltLCAO          updateHk            3778.8         4644      0.81      34        %
   OperatorLCAO        init                3158.5         9288      0.34      29        %
   Veff                contributeHk        3156.3         4644      0.68      29        %
   Gint_interface      cal_gint            5009.9         269       19        45        %
   Gint_interface      cal_gint_vlocal     2437.4         129       19        22        %
   Gint_k              folding_vl_k        718.86         4644      0.15      6.5       %
   Gint_k              Distri              451.85         4644      0.097     4.1       %
   Overlap             contributeHR        4.0813         11        0.37      0.037     %
   LCAO_gen_fixedH     calculate_S_no      4.0813         11        0.37      0.037     %
   Ekin<LCAO>          contributeHR        4.1536         11        0.38      0.038     %
   Nonlocal<LCAO>      contributeHR        45.158         11        4.1       0.41      %
   LCAO_gen_fixedH     build_Nonlocal_mu_new142.5          22        6.5       1.3       %
   ORB_gen_tables      snap_psibeta_half   3.1132         1088760   2.9e-06   0.028     %
   OperatorLCAO        folding_fixed       566.84         4644      0.12      5.1       %
   LCAO_nnr            folding_fixedH      560.24         4644      0.12      5.1       %
   HSolverLCAO         hamiltSolvePsiK     1498.4         4644      0.32      14        %
   DiagoElpa           elpa_solve          1487.7         4644      0.32      13        %
   ElecStateLCAO       psiToRho            4866.4         129       38        44        %
   elecstate           cal_dm              135.57         140       0.97      1.2       %
   psiMulPsiMpi        pdgemm              130.52         5040      0.026     1.2       %
    Local_Orbital_wfc  wfc_2d_to_grid      26.49          4644      0.0057    0.24      %
   LCAO_Charge         cal_dk_k            2591.8         129       20        23        %
   Record_adj          for_grid            0.66765        129       0.0052    0.006     %
   Gint_interface      cal_gint_rho        2129.4         129       17        19        %
   Charge              mix_rho             1.335          118       0.011     0.012     %
   Force_Stress_LCAO   getForceStress      873.78         11        79        7.9       %
   Forces              cal_force_loc       0.76072        11        0.069     0.0069    %
   Forces              cal_force_ew        0.74088        11        0.067     0.0067    %
   Forces              cal_force_scc       7.0416         11        0.64      0.064     %
   Stress_Func         stress_loc          6.2169         11        0.57      0.056     %
   Stress_Func         stress_ewa          0.35818        11        0.033     0.0032    %
   Stress_Func         stress_gga          0.39491        11        0.036     0.0036    %
   Force_LCAO_k        ftable_k            858.2          11        78        7.8       %
   Force_LCAO_k        allocate_k          124.83         11        11        1.1       %
   Force_LCAO_k        cal_foverlap_k      23.516         11        2.1       0.21      %
   Force_LCAO_k        cal_edm_2d          22.648         11        2.1       0.2       %
   Local_Orbital_Chargecal_dm_R            11.147         22        0.51      0.1       %
   Force_LCAO_k        cal_ftvnl_dphi_k    0.24614        11        0.022     0.0022    %
   Force_LCAO_k        cal_fvl_dphi_k      443.01         11        40        4         %
   Gint_interface      cal_gint_force      443.01         11        40        4         %
   Force_LCAO_k        cal_fvnl_dbeta_k_new254.76         11        23        2.3       %
 ----------------------------------------------------------------------------------------

 START  Time  : Fri Feb  3 16:52:58 2023
 FINISH Time  : Fri Feb  3 19:57:21 2023
 TOTAL  Time  : 1.1e+04
 SEE INFORMATION IN : OUT.ABACUS/
