WARNING: Total thread number on this node mismatches with hardware availability. This may cause poor performance.
Info: Local MPI proc number: 16,OpenMP thread number: 1,Total thread number: 16,Local thread limit: 32
 *********************************************************
 *                                                       *
 *                  WELCOME TO ABACUS v3.0               *
 *                                                       *
 *            'Atomic-orbital Based Ab-initio            *
 *                  Computation at UStc'                 *
 *                                                       *
 *          Website: http://abacus.ustc.edu.cn/          *
 *                                                       *
 *********************************************************
 Mon May 22 14:16:29 2023
 MAKE THE DIR         : OUT.ABACUS/
 MAKE THE STRU DIR    : OUT.ABACUS/STRU/
 UNIFORM GRID DIM     : 120 * 120 * 128
 UNIFORM GRID DIM(BIG): 60 * 60 * 64
 DONE(0.106848   SEC) : SETUP UNITCELL
 DONE(0.116334   SEC) : INIT K-POINTS
 ---------------------------------------------------------
 Molecular Dynamics simulations
 ---------------------------------------------------------
 ENSEMBLE                 : Langevin
 Time interval(fs)        : 1
 ---------------------------------------------------------
 SPIN    KPOINTS         PROCESSORS  NBASE       
 1       36              16          1584        
 ---------------------------------------------------------
 Use Systematically Improvable Atomic bases
 ---------------------------------------------------------
 ELEMENT ORBITALS        NBASE       NATOM       XC          
 Si      3s3p2d-9au      22          36          
 C       3s3p2d-9au      22          36          
 ---------------------------------------------------------
 Initial plane wave basis and FFT box
 ---------------------------------------------------------
--------------------------------- INITVEL DONE ------------------------------------
 -------------------------------------------
 STEP OF MOLECULAR DYNAMICS : 0
 -------------------------------------------
 START CHARGE      : atomic
 DONE(10.292     SEC) : INIT SCF
 ITER   ETOT(eV)       EDIFF(eV)      DRHO       TIME(s)    
 GE1    -9.371978e+03  0.000000e+00   2.767e-01  1.115e+02  
 GE2    -9.424650e+03  -5.267242e+01  1.511e-01  1.052e+02  
 GE3    -9.434075e+03  -9.424955e+00  3.883e-02  1.051e+02  
 GE4    -9.421952e+03  1.212305e+01   7.175e-02  1.054e+02  
 GE5    -9.447449e+03  -2.549691e+01  1.494e-02  1.051e+02  
 GE6    -9.447846e+03  -3.966277e-01  7.390e-03  1.052e+02  
 GE7    -9.447885e+03  -3.947968e-02  3.590e-03  1.053e+02  
 GE8    -9.447913e+03  -2.786839e-02  2.557e-03  1.048e+02  
 GE9    -9.447909e+03  4.646607e-03   1.465e-03  1.050e+02  
 GE10   -9.447911e+03  -2.563806e-03  5.871e-04  1.051e+02  
 GE11   -9.447912e+03  -9.434196e-04  2.903e-04  1.051e+02  
 GE12   -9.447912e+03  -2.483371e-04  1.264e-04  1.050e+02  
 GE13   -9.447912e+03  -2.862535e-05  5.966e-05  1.051e+02  
 GE14   -9.447912e+03  -7.674249e-06  2.260e-05  1.052e+02  
 GE15   -9.447912e+03  -1.292241e-06  1.787e-05  1.051e+02  
 GE16   -9.447912e+03  -9.363362e-07  7.990e-06  1.050e+02  
 GE17   -9.447912e+03  -2.489804e-07  2.963e-06  1.052e+02  
 GE18   -9.447912e+03  -2.055373e-08  1.659e-06  1.050e+02  
 GE19   -9.447912e+03  -6.064959e-09  4.150e-07  1.051e+02  
 ><><><><><><><><><><><><><><><><><><><><><><
 TOTAL-STRESS (KBAR):
 ><><><><><><><><><><><><><><><><><><><><><><
 6.698e+01      4.486e+01      3.718e+01      
 4.486e+01      1.043e+02      -1.285e+01     
 3.718e+01      -1.285e+01     1.153e+02      
 TOTAL-PRESSURE: 9.550e+01 KBAR
 ------------------------------------------------------------------------------------------------
 Energy              Potential           Kinetic             Temperature         Pressure (KBAR)     
 -3.472e+02          -3.472e+02          3.373e-03           1.000e+01           9.563e+01           
 ------------------------------------------------------------------------------------------------
 -------------------------------------------
 STEP OF MOLECULAR DYNAMICS : 1
 -------------------------------------------
 DONE(2.119e+03  SEC) : INIT SCF
 ITER   ETOT(eV)       EDIFF(eV)      DRHO       TIME(s)    
 GE1    -9.448102e+03  0.000000e+00   6.412e-04  1.100e+02  
 GE2    -9.448101e+03  1.333719e-03   5.865e-04  1.041e+02  
 GE3    -9.448102e+03  -1.531433e-03  5.404e-04  1.040e+02  
 GE4    -9.448103e+03  -9.331152e-04  1.087e-04  1.043e+02  
 GE5    -9.448103e+03  -2.075161e-05  6.051e-05  1.040e+02  
 GE6    -9.448103e+03  -1.457676e-05  3.025e-05  1.042e+02  
 GE7    -9.448103e+03  -2.801094e-06  1.177e-05  1.040e+02  
 GE8    -9.448103e+03  -4.673390e-07  4.329e-06  1.040e+02  
 GE9    -9.448103e+03  -8.093572e-08  1.938e-06  1.042e+02  
 GE10   -9.448103e+03  -1.089867e-08  5.485e-07  1.040e+02  
 ><><><><><><><><><><><><><><><><><><><><><><
 TOTAL-STRESS (KBAR):
 ><><><><><><><><><><><><><><><><><><><><><><
 6.665e+01      4.435e+01      3.718e+01      
 4.435e+01      1.034e+02      -1.295e+01     
 3.718e+01      -1.295e+01     1.138e+02      
 TOTAL-PRESSURE: 9.463e+01 KBAR
 ------------------------------------------------------------------------------------------------
 Energy              Potential           Kinetic             Temperature         Pressure (KBAR)     
 -3.472e+02          -3.472e+02          9.295e-03           2.756e+01           9.500e+01           
 ------------------------------------------------------------------------------------------------
 -------------------------------------------
 STEP OF MOLECULAR DYNAMICS : 2
 -------------------------------------------
 DONE(3.269e+03  SEC) : INIT SCF
 ITER   ETOT(eV)       EDIFF(eV)      DRHO       TIME(s)    
 GE1    -9.448295e+03  0.000000e+00   1.556e-03  1.101e+02  
 GE2    -9.448295e+03  -2.040182e-04  8.952e-04  1.043e+02  
 GE3    -9.448297e+03  -1.912523e-03  7.433e-04  1.045e+02  
 GE4    -9.448298e+03  -1.577569e-03  2.004e-04  1.045e+02  
 GE5    -9.448299e+03  -1.039044e-04  1.501e-04  1.044e+02  
 GE6    -9.448299e+03  -9.058657e-05  5.815e-05  1.046e+02  
 GE7    -9.448299e+03  -1.208219e-05  2.473e-05  1.046e+02  
 GE8    -9.448299e+03  -2.185062e-06  5.562e-06  1.047e+02  
 GE9    -9.448299e+03  -9.454901e-08  2.841e-06  1.045e+02  
 GE10   -9.448299e+03  -3.267127e-08  1.342e-06  1.044e+02  
 GE11   -9.448299e+03  -5.900999e-09  3.863e-07  1.043e+02  
 ><><><><><><><><><><><><><><><><><><><><><><
 TOTAL-STRESS (KBAR):
 ><><><><><><><><><><><><><><><><><><><><><><
 6.657e+01      4.399e+01      3.692e+01      
 4.399e+01      1.023e+02      -1.334e+01     
 3.692e+01      -1.334e+01     1.125e+02      
 TOTAL-PRESSURE: 9.378e+01 KBAR
 ------------------------------------------------------------------------------------------------
 Energy              Potential           Kinetic             Temperature         Pressure (KBAR)     
 -3.472e+02          -3.472e+02          2.346e-02           6.956e+01           9.470e+01           
 ------------------------------------------------------------------------------------------------
 -------------------------------------------
 STEP OF MOLECULAR DYNAMICS : 3
 -------------------------------------------
 DONE(4.528e+03  SEC) : INIT SCF
 ITER   ETOT(eV)       EDIFF(eV)      DRHO       TIME(s)    
 GE1    -9.448604e+03  0.000000e+00   2.039e-03  1.102e+02  
 GE2    -9.448600e+03  4.458154e-03   1.393e-03  1.040e+02  
 GE3    -9.448605e+03  -4.890502e-03  1.400e-03  1.040e+02  
 GE4    -9.448612e+03  -6.674725e-03  3.404e-04  1.042e+02  
 GE5    -9.448612e+03  -3.447954e-04  1.857e-04  1.041e+02  
 GE6    -9.448612e+03  -1.210966e-04  7.923e-05  1.041e+02  
 GE7    -9.448612e+03  -2.123822e-05  3.645e-05  1.041e+02  
 GE8    -9.448612e+03  -4.440119e-06  8.749e-06  1.043e+02  
 GE9    -9.448612e+03  -2.796223e-07  5.184e-06  1.043e+02  
 GE10   -9.448612e+03  -1.031600e-07  1.605e-06  1.043e+02  
 GE11   -9.448612e+03  -8.338738e-09  4.625e-07  1.043e+02  
 ><><><><><><><><><><><><><><><><><><><><><><
 TOTAL-STRESS (KBAR):
 ><><><><><><><><><><><><><><><><><><><><><><
 6.762e+01      4.404e+01      3.691e+01      
 4.404e+01      1.000e+02      -1.286e+01     
 3.691e+01      -1.286e+01     1.091e+02      
 TOTAL-PRESSURE: 9.223e+01 KBAR
 ------------------------------------------------------------------------------------------------
 Energy              Potential           Kinetic             Temperature         Pressure (KBAR)     
 -3.472e+02          -3.472e+02          2.727e-02           8.087e+01           9.331e+01           
 ------------------------------------------------------------------------------------------------
 -------------------------------------------
 STEP OF MOLECULAR DYNAMICS : 4
 -------------------------------------------
 DONE(5.785e+03  SEC) : INIT SCF
 ITER   ETOT(eV)       EDIFF(eV)      DRHO       TIME(s)    
 GE1    -9.448704e+03  0.000000e+00   2.451e-03  1.106e+02  
 GE2    -9.448701e+03  2.770348e-03   1.471e-03  1.044e+02  
 GE3    -9.448706e+03  -4.617206e-03  1.431e-03  1.042e+02  
 GE4    -9.448713e+03  -7.022386e-03  3.866e-04  1.043e+02  
 GE5    -9.448713e+03  -4.467515e-04  2.384e-04  1.043e+02  
 GE6    -9.448713e+03  -2.122908e-04  8.998e-05  1.042e+02  
 GE7    -9.448714e+03  -2.725368e-05  3.905e-05  1.042e+02  
 GE8    -9.448714e+03  -5.090196e-06  8.388e-06  1.041e+02  
 GE9    -9.448714e+03  -2.149356e-07  5.783e-06  1.043e+02  
 GE10   -9.448714e+03  -1.334554e-07  1.790e-06  1.043e+02  
 GE11   -9.448714e+03  -9.970600e-09  4.970e-07  1.041e+02  
 ><><><><><><><><><><><><><><><><><><><><><><
 TOTAL-STRESS (KBAR):
 ><><><><><><><><><><><><><><><><><><><><><><
 6.754e+01      4.409e+01      3.716e+01      
 4.409e+01      1.004e+02      -1.292e+01     
 3.716e+01      -1.292e+01     1.078e+02      
 TOTAL-PRESSURE: 9.191e+01 KBAR
 ------------------------------------------------------------------------------------------------
 Energy              Potential           Kinetic             Temperature         Pressure (KBAR)     
 -3.472e+02          -3.472e+02          4.047e-02           1.200e+02           9.350e+01           
 ------------------------------------------------------------------------------------------------
 -------------------------------------------
 STEP OF MOLECULAR DYNAMICS : 5
 -------------------------------------------
 DONE(7.043e+03  SEC) : INIT SCF
 ITER   ETOT(eV)       EDIFF(eV)      DRHO       TIME(s)    
 GE1    -9.448903e+03  0.000000e+00   2.814e-03  1.100e+02  
 GE2    -9.448896e+03  6.599563e-03   1.876e-03  1.042e+02  
 GE3    -9.448906e+03  -1.008692e-02  1.807e-03  1.043e+02  
 GE4    -9.448916e+03  -9.845357e-03  3.952e-04  1.041e+02  
 GE5    -9.448916e+03  -3.148725e-04  2.987e-04  1.043e+02  
 GE6    -9.448917e+03  -3.695308e-04  1.270e-04  1.042e+02  
 GE7    -9.448917e+03  -5.401636e-05  4.265e-05  1.042e+02  
 GE8    -9.448917e+03  -5.850913e-06  6.627e-06  1.044e+02  
 GE9    -9.448917e+03  -1.013131e-07  3.464e-06  1.043e+02  
 GE10   -9.448917e+03  -3.470066e-08  1.641e-06  1.042e+02  
 GE11   -9.448917e+03  -4.293886e-09  8.116e-07  1.042e+02  
 ><><><><><><><><><><><><><><><><><><><><><><
 TOTAL-STRESS (KBAR):
 ><><><><><><><><><><><><><><><><><><><><><><
 6.834e+01      4.425e+01      3.726e+01      
 4.425e+01      9.755e+01      -1.302e+01     
 3.726e+01      -1.302e+01     1.075e+02      
 TOTAL-PRESSURE: 9.114e+01 KBAR
 ------------------------------------------------------------------------------------------------
 Energy              Potential           Kinetic             Temperature         Pressure (KBAR)     
 -3.472e+02          -3.472e+02          5.010e-02           1.486e+02           9.311e+01           
 ------------------------------------------------------------------------------------------------
 -------------------------------------------
 STEP OF MOLECULAR DYNAMICS : 6
 -------------------------------------------
 DONE(8.300e+03  SEC) : INIT SCF
 ITER   ETOT(eV)       EDIFF(eV)      DRHO       TIME(s)    
 GE1    -9.449206e+03  0.000000e+00   2.979e-03  1.103e+02  
 GE2    -9.449203e+03  2.200945e-03   1.862e-03  1.039e+02  
 GE3    -9.449212e+03  -8.714534e-03  1.613e-03  1.042e+02  
 GE4    -9.449220e+03  -7.739519e-03  4.198e-04  1.043e+02  
 GE5    -9.449220e+03  -4.506941e-04  2.648e-04  1.041e+02  
 GE6    -9.449221e+03  -2.910891e-04  1.205e-04  1.045e+02  
 GE7    -9.449221e+03  -4.930242e-05  4.693e-05  1.042e+02  
 GE8    -9.449221e+03  -7.571031e-06  1.112e-05  1.042e+02  
 GE9    -9.449221e+03  -4.073793e-07  6.178e-06  1.042e+02  
 GE10   -9.449221e+03  -1.467624e-07  2.556e-06  1.043e+02  
 GE11   -9.449221e+03  -1.996131e-08  9.692e-07  1.043e+02  
 ><><><><><><><><><><><><><><><><><><><><><><
 TOTAL-STRESS (KBAR):
 ><><><><><><><><><><><><><><><><><><><><><><
 6.755e+01      4.368e+01      3.791e+01      
 4.368e+01      9.673e+01      -1.309e+01     
 3.791e+01      -1.309e+01     1.052e+02      
 TOTAL-PRESSURE: 8.982e+01 KBAR
 ------------------------------------------------------------------------------------------------
 Energy              Potential           Kinetic             Temperature         Pressure (KBAR)     
 -3.472e+02          -3.473e+02          6.925e-02           2.053e+02           9.254e+01           
 ------------------------------------------------------------------------------------------------
 -------------------------------------------
 STEP OF MOLECULAR DYNAMICS : 7
 -------------------------------------------
 DONE(9.557e+03  SEC) : INIT SCF
 ITER   ETOT(eV)       EDIFF(eV)      DRHO       TIME(s)    
 GE1    -9.449368e+03  0.000000e+00   3.517e-03  1.106e+02  
 GE2    -9.449356e+03  1.206215e-02   2.168e-03  1.045e+02  
 GE3    -9.449369e+03  -1.360651e-02  2.268e-03  1.045e+02  
 GE4    -9.449387e+03  -1.753035e-02  4.938e-04  1.045e+02  
 GE5    -9.449388e+03  -7.101780e-04  3.163e-04  1.044e+02  
 GE6    -9.449388e+03  -3.497135e-04  1.261e-04  1.046e+02  
 GE7    -9.449388e+03  -4.778562e-05  4.845e-05  1.045e+02  
 GE8    -9.449388e+03  -8.378103e-06  1.508e-05  1.043e+02  
 GE9    -9.449388e+03  -7.641632e-07  8.354e-06  1.043e+02  
 GE10   -9.449388e+03  -2.569077e-07  2.683e-06  1.045e+02  
 GE11   -9.449388e+03  -2.236811e-08  9.356e-07  1.044e+02  
 ><><><><><><><><><><><><><><><><><><><><><><
 TOTAL-STRESS (KBAR):
 ><><><><><><><><><><><><><><><><><><><><><><
 6.734e+01      4.501e+01      3.895e+01      
 4.501e+01      9.742e+01      -1.361e+01     
 3.895e+01      -1.361e+01     1.027e+02      
 TOTAL-PRESSURE: 8.915e+01 KBAR
 ------------------------------------------------------------------------------------------------
 Energy              Potential           Kinetic             Temperature         Pressure (KBAR)     
 -3.472e+02          -3.473e+02          7.851e-02           2.328e+02           9.224e+01           
 ------------------------------------------------------------------------------------------------
 -------------------------------------------
 STEP OF MOLECULAR DYNAMICS : 8
 -------------------------------------------
 DONE(1.082e+04  SEC) : INIT SCF
 ITER   ETOT(eV)       EDIFF(eV)      DRHO       TIME(s)    
 GE1    -9.449384e+03  0.000000e+00   3.824e-03  1.105e+02  
 GE2    -9.449379e+03  5.342550e-03   2.411e-03  1.044e+02  
 GE3    -9.449395e+03  -1.582086e-02  2.106e-03  1.043e+02  
 GE4    -9.449409e+03  -1.461622e-02  5.152e-04  1.042e+02  
 GE5    -9.449410e+03  -6.408063e-04  3.181e-04  1.044e+02  
 GE6    -9.449410e+03  -4.235991e-04  1.475e-04  1.044e+02  
 GE7    -9.449411e+03  -7.733903e-05  5.833e-05  1.046e+02  
 GE8    -9.449411e+03  -1.248950e-05  1.226e-05  1.044e+02  
 GE9    -9.449411e+03  -3.900058e-07  7.376e-06  1.049e+02  
 GE10   -9.449411e+03  -2.238358e-07  3.350e-06  1.050e+02  
 GE11   -9.449411e+03  -3.805564e-08  8.804e-07  1.050e+02  
 ><><><><><><><><><><><><><><><><><><><><><><
 TOTAL-STRESS (KBAR):
 ><><><><><><><><><><><><><><><><><><><><><><
 6.542e+01      4.440e+01      3.882e+01      
 4.440e+01      9.699e+01      -1.436e+01     
 3.882e+01      -1.436e+01     1.038e+02      
 TOTAL-PRESSURE: 8.874e+01 KBAR
 ------------------------------------------------------------------------------------------------
 Energy              Potential           Kinetic             Temperature         Pressure (KBAR)     
 -3.472e+02          -3.473e+02          7.590e-02           2.250e+02           9.172e+01           
 ------------------------------------------------------------------------------------------------
 -------------------------------------------
 STEP OF MOLECULAR DYNAMICS : 9
 -------------------------------------------
 DONE(1.208e+04  SEC) : INIT SCF
 ITER   ETOT(eV)       EDIFF(eV)      DRHO       TIME(s)    
 GE1    -9.449614e+03  0.000000e+00   3.802e-03  1.111e+02  
 GE2    -9.449605e+03  8.968361e-03   2.564e-03  1.047e+02  
 GE3    -9.449625e+03  -1.984085e-02  2.283e-03  1.048e+02  
 GE4    -9.449640e+03  -1.490474e-02  4.953e-04  1.051e+02  
 GE5    -9.449640e+03  -5.099074e-04  3.207e-04  1.049e+02  
 GE6    -9.449641e+03  -4.291369e-04  1.583e-04  1.049e+02  
 GE7    -9.449641e+03  -9.305950e-05  5.793e-05  1.050e+02  
 GE8    -9.449641e+03  -1.122111e-05  1.340e-05  1.044e+02  
 GE9    -9.449641e+03  -5.109832e-07  7.636e-06  1.046e+02  
 GE10   -9.449641e+03  -2.161838e-07  3.254e-06  1.054e+02  
 GE11   -9.449641e+03  -4.432787e-08  1.190e-06  1.053e+02  
 GE12   -9.449641e+03  -2.965194e-09  4.592e-07  1.052e+02  
 ><><><><><><><><><><><><><><><><><><><><><><
 TOTAL-STRESS (KBAR):
 ><><><><><><><><><><><><><><><><><><><><><><
 6.470e+01      4.310e+01      3.833e+01      
 4.310e+01      9.554e+01      -1.392e+01     
 3.833e+01      -1.392e+01     1.024e+02      
 TOTAL-PRESSURE: 8.755e+01 KBAR
 ------------------------------------------------------------------------------------------------
 Energy              Potential           Kinetic             Temperature         Pressure (KBAR)     
 -3.472e+02          -3.473e+02          8.381e-02           2.485e+02           9.085e+01           
 ------------------------------------------------------------------------------------------------
 -------------------------------------------
 STEP OF MOLECULAR DYNAMICS : 10
 -------------------------------------------
 DONE(1.345e+04  SEC) : INIT SCF
 ITER   ETOT(eV)       EDIFF(eV)      DRHO       TIME(s)    
 GE1    -9.449847e+03  0.000000e+00   3.710e-03  1.104e+02  
 GE2    -9.449838e+03  9.138451e-03   2.361e-03  1.043e+02  
 GE3    -9.449854e+03  -1.614101e-02  2.198e-03  1.043e+02  
 GE4    -9.449870e+03  -1.578827e-02  6.016e-04  1.043e+02  
 GE5    -9.449871e+03  -1.144519e-03  3.928e-04  1.042e+02  
 GE6    -9.449872e+03  -5.538137e-04  1.366e-04  1.044e+02  
 GE7    -9.449872e+03  -5.789034e-05  6.170e-05  1.044e+02  
 GE8    -9.449872e+03  -1.314664e-05  1.405e-05  1.042e+02  
 GE9    -9.449872e+03  -6.626381e-07  9.584e-06  1.040e+02  
 GE10   -9.449872e+03  -3.709540e-07  3.084e-06  1.042e+02  
 GE11   -9.449872e+03  -2.916161e-08  8.895e-07  1.044e+02  
 ><><><><><><><><><><><><><><><><><><><><><><
 TOTAL-STRESS (KBAR):
 ><><><><><><><><><><><><><><><><><><><><><><
 6.203e+01      4.125e+01      3.880e+01      
 4.125e+01      9.586e+01      -1.472e+01     
 3.880e+01      -1.472e+01     1.017e+02      
 TOTAL-PRESSURE: 8.654e+01 KBAR
 ------------------------------------------------------------------------------------------------
 Energy              Potential           Kinetic             Temperature         Pressure (KBAR)     
 -3.472e+02          -3.473e+02          1.082e-01           3.207e+02           9.079e+01           
 ------------------------------------------------------------------------------------------------

  |CLASS_NAME---------|NAME---------------|TIME(Sec)-----|CALLS----|AVG------|PER%-------
                       total               14702          27        5.4e+02   1e+02     %
   Driver              driver_line         14702          1         1.5e+04   1e+02     %
   PW_Basis            setup_struc_factor  1.1832         11        0.11      0.008     %
   ORB_control         read_orb_first      0.2343         1         0.23      0.0016    %
   LCAO_Orbitals       Read_Orbitals       0.23429        1         0.23      0.0016    %
   NOrbital_Lm         extra_uniform       0.12637        16        0.0079    0.00086   %
   Mathzone_Add1       Uni_Deriv_Phi       0.11025        16        0.0069    0.00075   %
   ORB_control         set_orb_tables      7.0532         1         7.1       0.048     %
   ORB_gen_tables      gen_tables          7.0532         1         7.1       0.048     %
   ORB_table_phi       init_Table          5.203          1         5.2       0.035     %
   ORB_table_phi       cal_ST_Phi12_R      5.1644         558       0.0093    0.035     %
   ORB_table_beta      init_Table_Beta     1.3615         1         1.4       0.0093    %
   ORB_table_beta      VNL_PhiBeta_R       1.3515         168       0.008     0.0092    %
   ppcell_vl           init_vloc           0.25685        1         0.26      0.0017    %
   Run_MD              md_line             14694          1         1.5e+04   1e+02     %
   Langevin            setup               2108.4         1         2.1e+03   14        %
   MD_func             force_stress        14694          11        1.3e+03   1e+02     %
   ESolver_KS_LCAO     Run                 13571          11        1.2e+03   92        %
   ESolver_KS_LCAO     beforescf           26.106         11        2.4       0.18      %
   ESolver_KS_LCAO     beforesolver        10.542         11        0.96      0.072     %
   ESolver_KS_LCAO     set_matrix_grid     6.3213         11        0.57      0.043     %
   atom_arrange        search              0.10271        11        0.0093    0.0007    %
   Grid_Technique      init                3.2572         11        0.3       0.022     %
   Grid_BigCell        grid_expansion_index0.96505        22        0.044     0.0066    %
   Record_adj          for_2d              2.6502         11        0.24      0.018     %
   Grid_Driver         Find_atom           17.591         699192    2.5e-05   0.12      %
   Charge              atomic_rho          13.507         21        0.64      0.092     %
   PW_Basis            recip2real          2.183          765       0.0029    0.015     %
   PW_Basis            gathers_scatterp    0.98661        765       0.0013    0.0067    %
   Potential           init_pot            0.89366        11        0.081     0.0061    %
   Potential           update_from_charge  10.303         140       0.074     0.07      %
   Potential           cal_v_eff           10.254         140       0.073     0.07      %
   H_Hartree_pw        v_hartree           1.0695         140       0.0076    0.0073    %
   PW_Basis            real2recip          3.0509         1164      0.0026    0.021     %
   PW_Basis            gatherp_scatters    1.2734         1164      0.0011    0.0087    %
   PotXC               cal_v_eff           9.0979         140       0.065     0.062     %
   XC_Functional       v_xc                9.0481         140       0.065     0.062     %
   HSolverLCAO         solve               13522          129       1e+02     92        %
   HamiltLCAO          updateHk            4954.9         4644      1.1       34        %
   OperatorLCAO        init                4181           9288      0.45      28        %
   Veff                contributeHk        4178.1         4644      0.9       28        %
   Gint_interface      cal_gint            6749.1         269       25        46        %
   Gint_interface      cal_gint_vlocal     3251           129       25        22        %
   Gint_k              folding_vl_k        927.06         4644      0.2       6.3       %
   Gint_k              Distri              662.47         4644      0.14      4.5       %
   Overlap             contributeHR        5.076          11        0.46      0.035     %
   LCAO_gen_fixedH     calculate_S_no      5.076          11        0.46      0.035     %
   Ekinetic<OperatorLCAO>contributeHR        5.1714         11        0.47      0.035     %
   Nonlocal<OperatorLCAO>contributeHR        52.675         11        4.8       0.36      %
   LCAO_gen_fixedH     build_Nonlocal_mu_new164.73         22        7.5       1.1       %
   ORB_gen_tables      snap_psibeta_half   3.5306         1263564   2.8e-06   0.024     %
   OperatorLCAO        folding_fixed       710.98         4644      0.15      4.8       %
   LCAO_nnr            folding_fixedH      702.85         4644      0.15      4.8       %
   HSolverLCAO         hamiltSolvePsiK     1962.2         4644      0.42      13        %
   DiagoElpa           elpa_solve          1948.5         4644      0.42      13        %
   ElecStateLCAO       psiToRho            6604.7         129       51        45        %
   elecstate           cal_dm              168.54         140       1.2       1.1       %
   psiMulPsiMpi        pdgemm              163.11         5040      0.032     1.1       %
    Local_Orbital_wfc  wfc_2d_to_grid      28.934         4644      0.0062    0.2       %
   LCAO_Charge         cal_dk_k            3498.1         129       27        24        %
   Record_adj          for_grid            0.72322        129       0.0056    0.0049    %
   Gint_interface      cal_gint_rho        2900           129       22        20        %
   Charge              mix_rho             1.5645         118       0.013     0.011     %
   Force_Stress_LCAO   getForceStress      1123           11        1e+02     7.6       %
   Forces              cal_force_loc       0.90176        11        0.082     0.0061    %
   Forces              cal_force_ew        0.88353        11        0.08      0.006     %
   Forces              cal_force_scc       7.6394         11        0.69      0.052     %
   Stress_Func         stress_loc          6.5626         11        0.6       0.045     %
   Stress_Func         stress_ewa          0.40113        11        0.036     0.0027    %
   Stress_Func         stress_gga          0.43229        11        0.039     0.0029    %
   Force_LCAO_k        ftable_k            1106.2         11        1e+02     7.5       %
   Force_LCAO_k        allocate_k          145.57         11        13        0.99      %
   Force_LCAO_k        cal_foverlap_k      28.477         11        2.6       0.19      %
   Force_LCAO_k        cal_edm_2d          27.465         11        2.5       0.19      %
   Local_Orbital_Chargecal_dm_R            12.468         22        0.57      0.085     %
   Force_LCAO_k        cal_ftvnl_dphi_k    0.31728        11        0.029     0.0022    %
   Force_LCAO_k        cal_fvl_dphi_k      598.1          11        54        4.1       %
   Gint_interface      cal_gint_force      598.1          11        54        4.1       %
   Force_LCAO_k        cal_fvnl_dbeta_k_new298.63         11        27        2         %
 ----------------------------------------------------------------------------------------

 START  Time  : Mon May 22 14:16:29 2023
 FINISH Time  : Mon May 22 18:21:32 2023
 TOTAL  Time  : 1.5e+04
 SEE INFORMATION IN : OUT.ABACUS/
