 In SCAN_BEGIN, can't find: LATTICE_PARAMETERS block.
 In SCAN_BEGIN, can't find: <PP_MESH block.
 In SCAN_BEGIN, can't find: <PP_MESH block.
 AUTO_SET NBANDS to 0
 AUTO_SET NBANDS to 154
 cpu 2D distribution : 4*4
 but, the number of bands-row-block is 3
      Processor           Atom
              1             64
              2             64
              3             59
              4             64
              5             61
              6             64
              7             64
              8             61
              9             60
             10             64
             11             58
             12             64
             13             57
             14             63
             15             59
             16             64
                            startmag_type = 2
                       charge from rho_at = 3.95377
                         charge should be = 4
                            startmag_type = 2
                       charge from rho_at = 3.99303
                         charge should be = 4

 SETUP ATOMIC RHO FOR SPIN 1
                 Electron number from rho = 256
           total electron number from rho = 256
                                should be = 256
                 charge before normalized = 256
                  charge after normalized = 256
                 charge before normalized = 256.000103735396
                  charge after normalized = 256
                 charge before normalized = 256.000150217457
                  charge after normalized = 256
                 charge before normalized = 256.000123277728
                  charge after normalized = 256
                 charge before normalized = 256.00012854348
                  charge after normalized = 256
                 charge before normalized = 256.000122699562
                  charge after normalized = 256
                 charge before normalized = 256.000123057402
                  charge after normalized = 256
                 charge before normalized = 256.000123260766
                  charge after normalized = 256
                 charge before normalized = 256.00012340428
                  charge after normalized = 256
                 charge before normalized = 256.000123458528
                  charge after normalized = 256
                 charge before normalized = 256.00012344354
                  charge after normalized = 256
                 charge before normalized = 256.000123440355
                  charge after normalized = 256
                 charge before normalized = 256.000123443674
                  charge after normalized = 256
                 charge before normalized = 256.000123443477
                  charge after normalized = 256
                 charge before normalized = 256.00012344408
                  charge after normalized = 256
                 charge before normalized = 256.000123444099
                  charge after normalized = 256
                 charge before normalized = 256.000123443993
                  charge after normalized = 256
                            startmag_type = 2
                       charge from rho_at = 3.95377434289291
                         charge should be = 4
                            startmag_type = 2
                       charge from rho_at = 3.99303358802097
                         charge should be = 4

 SETUP ATOMIC RHO FOR SPIN 1
                 Electron number from rho = 256
           total electron number from rho = 256
                                should be = 256
                            startmag_type = 2
                       charge from rho_at = 3.95377434289291
                         charge should be = 4
                            startmag_type = 2
                       charge from rho_at = 3.99303358802097
                         charge should be = 4

 SETUP ATOMIC RHO FOR SPIN 1
                 Electron number from rho = 256
           total electron number from rho = 256
                                should be = 256
      Processor           Atom
              1             64
              2             64
              3             59
              4             64
              5             61
              6             64
              7             64
              8             61
              9             60
             10             64
             11             58
             12             64
             13             57
             14             63
             15             59
             16             64
                 charge before normalized = 256
                  charge after normalized = 256
                 charge before normalized = 256.000123415752
                  charge after normalized = 256
                 charge before normalized = 256.000123409445
                  charge after normalized = 256
                 charge before normalized = 256.000123430214
                  charge after normalized = 256
                 charge before normalized = 256.000123417035
                  charge after normalized = 256
                 charge before normalized = 256.000123418756
                  charge after normalized = 256
                 charge before normalized = 256.000123418042
                  charge after normalized = 256
                 charge before normalized = 256.000123418401
                  charge after normalized = 256
                 charge before normalized = 256.000123418452
                  charge after normalized = 256
                 charge before normalized = 256.000123418455
                  charge after normalized = 256
                            startmag_type = 2
                       charge from rho_at = 3.95377434289291
                         charge should be = 4
                            startmag_type = 2
                       charge from rho_at = 3.99303358802097
                         charge should be = 4

 SETUP ATOMIC RHO FOR SPIN 1
                 Electron number from rho = 256
           total electron number from rho = 256
                                should be = 256
                            startmag_type = 2
                       charge from rho_at = 3.95377434289291
                         charge should be = 4
                            startmag_type = 2
                       charge from rho_at = 3.99303358802097
                         charge should be = 4

 SETUP ATOMIC RHO FOR SPIN 1
                 Electron number from rho = 256
           total electron number from rho = 256
                                should be = 256
      Processor           Atom
              1             64
              2             64
              3             58
              4             64
              5             61
              6             64
              7             64
              8             61
              9             60
             10             64
             11             58
             12             64
             13             57
             14             63
             15             60
             16             64
                 charge before normalized = 256
                  charge after normalized = 256
                 charge before normalized = 256.000123492524
                  charge after normalized = 256
                 charge before normalized = 256.000123499734
                  charge after normalized = 256
                 charge before normalized = 256.000123494555
                  charge after normalized = 256
                 charge before normalized = 256.00012349744
                  charge after normalized = 256
                 charge before normalized = 256.000123496953
                  charge after normalized = 256
                 charge before normalized = 256.000123497092
                  charge after normalized = 256
                 charge before normalized = 256.000123497066
                  charge after normalized = 256
                 charge before normalized = 256.000123497063
                  charge after normalized = 256
                 charge before normalized = 256.00012349708
                  charge after normalized = 256
                 charge before normalized = 256.000123497074
                  charge after normalized = 256
                            startmag_type = 2
                       charge from rho_at = 3.95377434289291
                         charge should be = 4
                            startmag_type = 2
                       charge from rho_at = 3.99303358802097
                         charge should be = 4

 SETUP ATOMIC RHO FOR SPIN 1
                 Electron number from rho = 256
           total electron number from rho = 256
                                should be = 256
                            startmag_type = 2
                       charge from rho_at = 3.95377434289291
                         charge should be = 4
                            startmag_type = 2
                       charge from rho_at = 3.99303358802097
                         charge should be = 4

 SETUP ATOMIC RHO FOR SPIN 1
                 Electron number from rho = 256
           total electron number from rho = 256
                                should be = 256
      Processor           Atom
              1             64
              2             64
              3             58
              4             64
              5             61
              6             64
              7             64
              8             61
              9             60
             10             64
             11             58
             12             64
             13             57
             14             63
             15             60
             16             64
                 charge before normalized = 256
                  charge after normalized = 256
                 charge before normalized = 256.000123509384
                  charge after normalized = 256
                 charge before normalized = 256.000123494773
                  charge after normalized = 256
                 charge before normalized = 256.000123522165
                  charge after normalized = 256
                 charge before normalized = 256.000123497353
                  charge after normalized = 256
                 charge before normalized = 256.000123509092
                  charge after normalized = 256
                 charge before normalized = 256.00012350375
                  charge after normalized = 256
                 charge before normalized = 256.000123504967
                  charge after normalized = 256
                 charge before normalized = 256.000123504648
                  charge after normalized = 256
                 charge before normalized = 256.000123504855
                  charge after normalized = 256
                 charge before normalized = 256.000123504805
                  charge after normalized = 256
                            startmag_type = 2
                       charge from rho_at = 3.95377434289291
                         charge should be = 4
                            startmag_type = 2
                       charge from rho_at = 3.99303358802097
                         charge should be = 4

 SETUP ATOMIC RHO FOR SPIN 1
                 Electron number from rho = 256
           total electron number from rho = 256
                                should be = 256
                            startmag_type = 2
                       charge from rho_at = 3.95377434289291
                         charge should be = 4
                            startmag_type = 2
                       charge from rho_at = 3.99303358802097
                         charge should be = 4

 SETUP ATOMIC RHO FOR SPIN 1
                 Electron number from rho = 256
           total electron number from rho = 256
                                should be = 256
      Processor           Atom
              1             64
              2             66
              3             59
              4             64
              5             62
              6             64
              7             64
              8             61
              9             60
             10             64
             11             59
             12             64
             13             56
             14             63
             15             60
             16             63
                 charge before normalized = 256
                  charge after normalized = 256
                 charge before normalized = 256.000123537661
                  charge after normalized = 256
                 charge before normalized = 256.000123533414
                  charge after normalized = 256
                 charge before normalized = 256.000123558995
                  charge after normalized = 256
                 charge before normalized = 256.000123541003
                  charge after normalized = 256
                 charge before normalized = 256.000123543434
                  charge after normalized = 256
                 charge before normalized = 256.000123541869
                  charge after normalized = 256
                 charge before normalized = 256.000123543281
                  charge after normalized = 256
                 charge before normalized = 256.000123542656
                  charge after normalized = 256
                 charge before normalized = 256.00012354289
                  charge after normalized = 256
                 charge before normalized = 256.000123542793
                  charge after normalized = 256
                 charge before normalized = 256.000123542851
                  charge after normalized = 256
                            startmag_type = 2
                       charge from rho_at = 3.95377434289291
                         charge should be = 4
                            startmag_type = 2
                       charge from rho_at = 3.99303358802097
                         charge should be = 4

 SETUP ATOMIC RHO FOR SPIN 1
                 Electron number from rho = 256
           total electron number from rho = 256
                                should be = 256
                            startmag_type = 2
                       charge from rho_at = 3.95377434289291
                         charge should be = 4
                            startmag_type = 2
                       charge from rho_at = 3.99303358802097
                         charge should be = 4

 SETUP ATOMIC RHO FOR SPIN 1
                 Electron number from rho = 256
           total electron number from rho = 256
                                should be = 256
      Processor           Atom
              1             64
              2             66
              3             58
              4             64
              5             62
              6             64
              7             64
              8             61
              9             60
             10             64
             11             58
             12             64
             13             56
             14             63
             15             60
             16             64
                 charge before normalized = 256
                  charge after normalized = 256
                 charge before normalized = 256.000123399563
                  charge after normalized = 256
                 charge before normalized = 256.00012341394
                  charge after normalized = 256
                 charge before normalized = 256.000123399332
                  charge after normalized = 256
                 charge before normalized = 256.0001234085
                  charge after normalized = 256
                 charge before normalized = 256.000123403147
                  charge after normalized = 256
                 charge before normalized = 256.000123407402
                  charge after normalized = 256
                 charge before normalized = 256.000123406083
                  charge after normalized = 256
                 charge before normalized = 256.000123406032
                  charge after normalized = 256
                 charge before normalized = 256.00012340612
                  charge after normalized = 256
                 charge before normalized = 256.000123406043
                  charge after normalized = 256
                 charge before normalized = 256.000123406086
                  charge after normalized = 256
                            startmag_type = 2
                       charge from rho_at = 3.95377434289291
                         charge should be = 4
                            startmag_type = 2
                       charge from rho_at = 3.99303358802097
                         charge should be = 4

 SETUP ATOMIC RHO FOR SPIN 1
                 Electron number from rho = 256
           total electron number from rho = 256
                                should be = 256
                            startmag_type = 2
                       charge from rho_at = 3.95377434289291
                         charge should be = 4
                            startmag_type = 2
                       charge from rho_at = 3.99303358802097
                         charge should be = 4

 SETUP ATOMIC RHO FOR SPIN 1
                 Electron number from rho = 256
           total electron number from rho = 256
                                should be = 256
      Processor           Atom
              1             64
              2             66
              3             58
              4             64
              5             62
              6             64
              7             64
              8             61
              9             60
             10             64
             11             58
             12             64
             13             56
             14             63
             15             60
             16             64
                 charge before normalized = 256
                  charge after normalized = 256
                 charge before normalized = 256.0001233828
                  charge after normalized = 256
                 charge before normalized = 256.000123351438
                  charge after normalized = 256
                 charge before normalized = 256.000123435001
                  charge after normalized = 256
                 charge before normalized = 256.000123377772
                  charge after normalized = 256
                 charge before normalized = 256.000123386418
                  charge after normalized = 256
                 charge before normalized = 256.000123382122
                  charge after normalized = 256
                 charge before normalized = 256.000123384461
                  charge after normalized = 256
                 charge before normalized = 256.000123384034
                  charge after normalized = 256
                 charge before normalized = 256.000123384128
                  charge after normalized = 256
                 charge before normalized = 256.000123384085
                  charge after normalized = 256
                 charge before normalized = 256.000123384093
                  charge after normalized = 256
                            startmag_type = 2
                       charge from rho_at = 3.95377434289291
                         charge should be = 4
                            startmag_type = 2
                       charge from rho_at = 3.99303358802097
                         charge should be = 4

 SETUP ATOMIC RHO FOR SPIN 1
                 Electron number from rho = 256
           total electron number from rho = 256
                                should be = 256
                            startmag_type = 2
                       charge from rho_at = 3.95377434289291
                         charge should be = 4
                            startmag_type = 2
                       charge from rho_at = 3.99303358802097
                         charge should be = 4

 SETUP ATOMIC RHO FOR SPIN 1
                 Electron number from rho = 256
           total electron number from rho = 256
                                should be = 256
      Processor           Atom
              1             64
              2             66
              3             58
              4             64
              5             63
              6             64
              7             64
              8             61
              9             61
             10             65
             11             58
             12             64
             13             56
             14             63
             15             59
             16             64
                 charge before normalized = 256
                  charge after normalized = 256
                 charge before normalized = 256.000123307554
                  charge after normalized = 256
                 charge before normalized = 256.000123294627
                  charge after normalized = 256
                 charge before normalized = 256.000123357239
                  charge after normalized = 256
                 charge before normalized = 256.000123306568
                  charge after normalized = 256
                 charge before normalized = 256.000123320088
                  charge after normalized = 256
                 charge before normalized = 256.000123314233
                  charge after normalized = 256
                 charge before normalized = 256.00012331595
                  charge after normalized = 256
                 charge before normalized = 256.000123315874
                  charge after normalized = 256
                 charge before normalized = 256.000123315902
                  charge after normalized = 256
                 charge before normalized = 256.000123315867
                  charge after normalized = 256
                 charge before normalized = 256.000123315884
                  charge after normalized = 256
                            startmag_type = 2
                       charge from rho_at = 3.95377434289291
                         charge should be = 4
                            startmag_type = 2
                       charge from rho_at = 3.99303358802097
                         charge should be = 4

 SETUP ATOMIC RHO FOR SPIN 1
                 Electron number from rho = 256
           total electron number from rho = 256
                                should be = 256
                            startmag_type = 2
                       charge from rho_at = 3.95377434289291
                         charge should be = 4
                            startmag_type = 2
                       charge from rho_at = 3.99303358802097
                         charge should be = 4

 SETUP ATOMIC RHO FOR SPIN 1
                 Electron number from rho = 256
           total electron number from rho = 256
                                should be = 256
      Processor           Atom
              1             64
              2             66
              3             58
              4             64
              5             63
              6             64
              7             64
              8             61
              9             61
             10             65
             11             58
             12             64
             13             56
             14             63
             15             59
             16             64
                 charge before normalized = 256
                  charge after normalized = 256
                 charge before normalized = 256.000123267123
                  charge after normalized = 256
                 charge before normalized = 256.000123283242
                  charge after normalized = 256
                 charge before normalized = 256.000123262138
                  charge after normalized = 256
                 charge before normalized = 256.000123268047
                  charge after normalized = 256
                 charge before normalized = 256.000123270109
                  charge after normalized = 256
                 charge before normalized = 256.000123267833
                  charge after normalized = 256
                 charge before normalized = 256.000123269611
                  charge after normalized = 256
                 charge before normalized = 256.00012326815
                  charge after normalized = 256
                 charge before normalized = 256.000123268621
                  charge after normalized = 256
                 charge before normalized = 256.000123268597
                  charge after normalized = 256
                 charge before normalized = 256.0001232686
                  charge after normalized = 256
                            startmag_type = 2
                       charge from rho_at = 3.95377434289291
                         charge should be = 4
                            startmag_type = 2
                       charge from rho_at = 3.99303358802097
                         charge should be = 4

 SETUP ATOMIC RHO FOR SPIN 1
                 Electron number from rho = 256
           total electron number from rho = 256
                                should be = 256
                            startmag_type = 2
                       charge from rho_at = 3.95377434289291
                         charge should be = 4
                            startmag_type = 2
                       charge from rho_at = 3.99303358802097
                         charge should be = 4

 SETUP ATOMIC RHO FOR SPIN 1
                 Electron number from rho = 256
           total electron number from rho = 256
                                should be = 256
      Processor           Atom
              1             64
              2             65
              3             59
              4             65
              5             62
              6             64
              7             64
              8             61
              9             60
             10             64
             11             58
             12             64
             13             56
             14             63
             15             60
             16             64
                 charge before normalized = 256
                  charge after normalized = 256
                 charge before normalized = 256.000123209669
                  charge after normalized = 256
                 charge before normalized = 256.00012322957
                  charge after normalized = 256
                 charge before normalized = 256.000123213409
                  charge after normalized = 256
                 charge before normalized = 256.000123205295
                  charge after normalized = 256
                 charge before normalized = 256.000123216262
                  charge after normalized = 256
                 charge before normalized = 256.000123210328
                  charge after normalized = 256
                 charge before normalized = 256.000123212996
                  charge after normalized = 256
                 charge before normalized = 256.000123211432
                  charge after normalized = 256
                 charge before normalized = 256.000123211844
                  charge after normalized = 256
                 charge before normalized = 256.000123211806
                  charge after normalized = 256
                 charge before normalized = 256.000123211808
                  charge after normalized = 256
                 charge before normalized = 256.000123211802
                  charge after normalized = 256
                            startmag_type = 2
                       charge from rho_at = 3.95377434289291
                         charge should be = 4
                            startmag_type = 2
                       charge from rho_at = 3.99303358802097
                         charge should be = 4

 SETUP ATOMIC RHO FOR SPIN 1
                 Electron number from rho = 256
           total electron number from rho = 256
                                should be = 256
                            startmag_type = 2
                       charge from rho_at = 3.95377434289291
                         charge should be = 4
                            startmag_type = 2
                       charge from rho_at = 3.99303358802097
                         charge should be = 4

 SETUP ATOMIC RHO FOR SPIN 1
                 Electron number from rho = 256
           total electron number from rho = 256
                                should be = 256
      Processor           Atom
              1             64
              2             66
              3             58
              4             64
              5             63
              6             64
              7             64
              8             61
              9             61
             10             65
             11             58
             12             64
             13             56
             14             63
             15             60
             16             64
                 charge before normalized = 256
                  charge after normalized = 256
                 charge before normalized = 256.000123010907
                  charge after normalized = 256
                 charge before normalized = 256.00012300867
                  charge after normalized = 256
                 charge before normalized = 256.000123028383
                  charge after normalized = 256
                 charge before normalized = 256.000123007857
                  charge after normalized = 256
                 charge before normalized = 256.000123014645
                  charge after normalized = 256
                 charge before normalized = 256.000123011245
                  charge after normalized = 256
                 charge before normalized = 256.000123012952
                  charge after normalized = 256
                 charge before normalized = 256.000123012141
                  charge after normalized = 256
                 charge before normalized = 256.000123012379
                  charge after normalized = 256
                 charge before normalized = 256.000123012335
                  charge after normalized = 256
                 charge before normalized = 256.00012301236
                  charge after normalized = 256
