 In SCAN_BEGIN, can't find: LATTICE_PARAMETERS block.
 In SCAN_BEGIN, can't find: <PP_MESH block.
 In SCAN_BEGIN, can't find: <PP_MESH block.
 AUTO_SET NBANDS to 0
 AUTO_SET NBANDS to 154
 cpu 2D distribution : 4*4
 but, the number of bands-row-block is 3
      Processor           Atom
              1             66
              2             66
              3             66
              4             66
              5             61
              6             66
              7             64
              8             66
              9             60
             10             66
             11             61
             12             66
             13             63
             14             65
             15             65
             16             63
                            startmag_type = 2
                       charge from rho_at = 3.95377
                         charge should be = 4
                            startmag_type = 2
                       charge from rho_at = 3.99303
                         charge should be = 4

 SETUP ATOMIC RHO FOR SPIN 1
                 Electron number from rho = 256
           total electron number from rho = 256
                                should be = 256
                 charge before normalized = 256
                  charge after normalized = 256
                 charge before normalized = 256.000110536612
                  charge after normalized = 256
                 charge before normalized = 256.000156739544
                  charge after normalized = 256
                 charge before normalized = 256.000130532537
                  charge after normalized = 256
                 charge before normalized = 256.000133146063
                  charge after normalized = 256
                 charge before normalized = 256.000129934765
                  charge after normalized = 256
                 charge before normalized = 256.000130053653
                  charge after normalized = 256
                 charge before normalized = 256.000130299792
                  charge after normalized = 256
                 charge before normalized = 256.000130362384
                  charge after normalized = 256
                 charge before normalized = 256.000130403076
                  charge after normalized = 256
                 charge before normalized = 256.000130379592
                  charge after normalized = 256
                 charge before normalized = 256.000130382996
                  charge after normalized = 256
                 charge before normalized = 256.000130385183
                  charge after normalized = 256
                 charge before normalized = 256.000130386739
                  charge after normalized = 256
                 charge before normalized = 256.000130386397
                  charge after normalized = 256
                 charge before normalized = 256.000130386303
                  charge after normalized = 256
                 charge before normalized = 256.000130386413
                  charge after normalized = 256
                            startmag_type = 2
                       charge from rho_at = 3.95377434289291
                         charge should be = 4
                            startmag_type = 2
                       charge from rho_at = 3.99303358802097
                         charge should be = 4

 SETUP ATOMIC RHO FOR SPIN 1
                 Electron number from rho = 256
           total electron number from rho = 256
                                should be = 256
                            startmag_type = 2
                       charge from rho_at = 3.95377434289291
                         charge should be = 4
                            startmag_type = 2
                       charge from rho_at = 3.99303358802097
                         charge should be = 4

 SETUP ATOMIC RHO FOR SPIN 1
                 Electron number from rho = 256
           total electron number from rho = 256
                                should be = 256
      Processor           Atom
              1             66
              2             66
              3             66
              4             66
              5             61
              6             66
              7             64
              8             66
              9             60
             10             66
             11             61
             12             66
             13             63
             14             65
             15             65
             16             63
                 charge before normalized = 256
                  charge after normalized = 256
                 charge before normalized = 256.00013042282
                  charge after normalized = 256
                 charge before normalized = 256.000130415775
                  charge after normalized = 256
                 charge before normalized = 256.000130440242
                  charge after normalized = 256
                 charge before normalized = 256.000130426587
                  charge after normalized = 256
                 charge before normalized = 256.000130427099
                  charge after normalized = 256
                 charge before normalized = 256.000130426984
                  charge after normalized = 256
                 charge before normalized = 256.000130427035
                  charge after normalized = 256
                 charge before normalized = 256.00013042729
                  charge after normalized = 256
                 charge before normalized = 256.000130427198
                  charge after normalized = 256
                            startmag_type = 2
                       charge from rho_at = 3.95377434289291
                         charge should be = 4
                            startmag_type = 2
                       charge from rho_at = 3.99303358802097
                         charge should be = 4

 SETUP ATOMIC RHO FOR SPIN 1
                 Electron number from rho = 256
           total electron number from rho = 256
                                should be = 256
                            startmag_type = 2
                       charge from rho_at = 3.95377434289291
                         charge should be = 4
                            startmag_type = 2
                       charge from rho_at = 3.99303358802097
                         charge should be = 4

 SETUP ATOMIC RHO FOR SPIN 1
                 Electron number from rho = 256
           total electron number from rho = 256
                                should be = 256
      Processor           Atom
              1             66
              2             66
              3             66
              4             66
              5             61
              6             66
              7             64
              8             66
              9             60
             10             66
             11             61
             12             66
             13             63
             14             65
             15             65
             16             63
                 charge before normalized = 256
                  charge after normalized = 256
                 charge before normalized = 256.000130468055
                  charge after normalized = 256
                 charge before normalized = 256.000130470293
                  charge after normalized = 256
                 charge before normalized = 256.000130477207
                  charge after normalized = 256
                 charge before normalized = 256.000130472705
                  charge after normalized = 256
                 charge before normalized = 256.000130472635
                  charge after normalized = 256
                 charge before normalized = 256.000130473143
                  charge after normalized = 256
                 charge before normalized = 256.000130472952
                  charge after normalized = 256
                 charge before normalized = 256.000130473281
                  charge after normalized = 256
                 charge before normalized = 256.000130473077
                  charge after normalized = 256
                 charge before normalized = 256.000130473118
                  charge after normalized = 256
                            startmag_type = 2
                       charge from rho_at = 3.95377434289291
                         charge should be = 4
                            startmag_type = 2
                       charge from rho_at = 3.99303358802097
                         charge should be = 4

 SETUP ATOMIC RHO FOR SPIN 1
                 Electron number from rho = 256
           total electron number from rho = 256
                                should be = 256
                            startmag_type = 2
                       charge from rho_at = 3.95377434289291
                         charge should be = 4
                            startmag_type = 2
                       charge from rho_at = 3.99303358802097
                         charge should be = 4

 SETUP ATOMIC RHO FOR SPIN 1
                 Electron number from rho = 256
           total electron number from rho = 256
                                should be = 256
      Processor           Atom
              1             65
              2             66
              3             66
              4             66
              5             61
              6             66
              7             63
              8             66
              9             60
             10             66
             11             61
             12             66
             13             63
             14             65
             15             65
             16             63
                 charge before normalized = 256
                  charge after normalized = 256
                 charge before normalized = 256.000130400388
                  charge after normalized = 256
                 charge before normalized = 256.000130391048
                  charge after normalized = 256
                 charge before normalized = 256.000130418996
                  charge after normalized = 256
                 charge before normalized = 256.000130396129
                  charge after normalized = 256
                 charge before normalized = 256.000130403027
                  charge after normalized = 256
                 charge before normalized = 256.000130401109
                  charge after normalized = 256
                 charge before normalized = 256.000130401108
                  charge after normalized = 256
                 charge before normalized = 256.000130401684
                  charge after normalized = 256
                 charge before normalized = 256.000130401367
                  charge after normalized = 256
                 charge before normalized = 256.000130401444
                  charge after normalized = 256
                            startmag_type = 2
                       charge from rho_at = 3.95377434289291
                         charge should be = 4
                            startmag_type = 2
                       charge from rho_at = 3.99303358802097
                         charge should be = 4

 SETUP ATOMIC RHO FOR SPIN 1
                 Electron number from rho = 256
           total electron number from rho = 256
                                should be = 256
                            startmag_type = 2
                       charge from rho_at = 3.95377434289291
                         charge should be = 4
                            startmag_type = 2
                       charge from rho_at = 3.99303358802097
                         charge should be = 4

 SETUP ATOMIC RHO FOR SPIN 1
                 Electron number from rho = 256
           total electron number from rho = 256
                                should be = 256
      Processor           Atom
              1             66
              2             66
              3             66
              4             66
              5             61
              6             66
              7             64
              8             66
              9             60
             10             66
             11             61
             12             66
             13             63
             14             65
             15             65
             16             63
                 charge before normalized = 256
                  charge after normalized = 256
                 charge before normalized = 256.000130506552
                  charge after normalized = 256
                 charge before normalized = 256.00013049599
                  charge after normalized = 256
                 charge before normalized = 256.000130546653
                  charge after normalized = 256
                 charge before normalized = 256.000130514346
                  charge after normalized = 256
                 charge before normalized = 256.000130513632
                  charge after normalized = 256
                 charge before normalized = 256.00013051572
                  charge after normalized = 256
                 charge before normalized = 256.000130514418
                  charge after normalized = 256
                 charge before normalized = 256.000130515617
                  charge after normalized = 256
                 charge before normalized = 256.000130515193
                  charge after normalized = 256
                 charge before normalized = 256.000130515243
                  charge after normalized = 256
                            startmag_type = 2
                       charge from rho_at = 3.95377434289291
                         charge should be = 4
                            startmag_type = 2
                       charge from rho_at = 3.99303358802097
                         charge should be = 4

 SETUP ATOMIC RHO FOR SPIN 1
                 Electron number from rho = 256
           total electron number from rho = 256
                                should be = 256
                            startmag_type = 2
                       charge from rho_at = 3.95377434289291
                         charge should be = 4
                            startmag_type = 2
                       charge from rho_at = 3.99303358802097
                         charge should be = 4

 SETUP ATOMIC RHO FOR SPIN 1
                 Electron number from rho = 256
           total electron number from rho = 256
                                should be = 256
      Processor           Atom
              1             66
              2             66
              3             66
              4             66
              5             61
              6             66
              7             64
              8             66
              9             60
             10             66
             11             61
             12             66
             13             63
             14             65
             15             65
             16             63
                 charge before normalized = 256
                  charge after normalized = 256
                 charge before normalized = 256.000130434605
                  charge after normalized = 256
                 charge before normalized = 256.000130434824
                  charge after normalized = 256
                 charge before normalized = 256.000130439783
                  charge after normalized = 256
                 charge before normalized = 256.000130433791
                  charge after normalized = 256
                 charge before normalized = 256.000130438051
                  charge after normalized = 256
                 charge before normalized = 256.000130435539
                  charge after normalized = 256
                 charge before normalized = 256.000130435976
                  charge after normalized = 256
                 charge before normalized = 256.000130436222
                  charge after normalized = 256
                 charge before normalized = 256.000130436021
                  charge after normalized = 256
                 charge before normalized = 256.000130436097
                  charge after normalized = 256
                 charge before normalized = 256.00013043609
                  charge after normalized = 256
                            startmag_type = 2
                       charge from rho_at = 3.95377434289291
                         charge should be = 4
                            startmag_type = 2
                       charge from rho_at = 3.99303358802097
                         charge should be = 4

 SETUP ATOMIC RHO FOR SPIN 1
                 Electron number from rho = 256
           total electron number from rho = 256
                                should be = 256
                            startmag_type = 2
                       charge from rho_at = 3.95377434289291
                         charge should be = 4
                            startmag_type = 2
                       charge from rho_at = 3.99303358802097
                         charge should be = 4

 SETUP ATOMIC RHO FOR SPIN 1
                 Electron number from rho = 256
           total electron number from rho = 256
                                should be = 256
      Processor           Atom
              1             66
              2             66
              3             66
              4             66
              5             61
              6             66
              7             64
              8             66
              9             60
             10             66
             11             61
             12             66
             13             64
             14             65
             15             65
             16             63
                 charge before normalized = 256
                  charge after normalized = 256
                 charge before normalized = 256.000130429992
                  charge after normalized = 256
                 charge before normalized = 256.000130442884
                  charge after normalized = 256
                 charge before normalized = 256.000130439778
                  charge after normalized = 256
                 charge before normalized = 256.000130436609
                  charge after normalized = 256
                 charge before normalized = 256.000130436187
                  charge after normalized = 256
                 charge before normalized = 256.000130437685
                  charge after normalized = 256
                 charge before normalized = 256.00013043704
                  charge after normalized = 256
                 charge before normalized = 256.000130437575
                  charge after normalized = 256
                 charge before normalized = 256.000130437261
                  charge after normalized = 256
                 charge before normalized = 256.000130437313
                  charge after normalized = 256
                 charge before normalized = 256.000130437329
                  charge after normalized = 256
                            startmag_type = 2
                       charge from rho_at = 3.95377434289291
                         charge should be = 4
                            startmag_type = 2
                       charge from rho_at = 3.99303358802097
                         charge should be = 4

 SETUP ATOMIC RHO FOR SPIN 1
                 Electron number from rho = 256
           total electron number from rho = 256
                                should be = 256
                            startmag_type = 2
                       charge from rho_at = 3.95377434289291
                         charge should be = 4
                            startmag_type = 2
                       charge from rho_at = 3.99303358802097
                         charge should be = 4

 SETUP ATOMIC RHO FOR SPIN 1
                 Electron number from rho = 256
           total electron number from rho = 256
                                should be = 256
      Processor           Atom
              1             65
              2             66
              3             66
              4             66
              5             61
              6             66
              7             64
              8             66
              9             60
             10             66
             11             61
             12             66
             13             63
             14             65
             15             65
             16             63
                 charge before normalized = 256
                  charge after normalized = 256
                 charge before normalized = 256.000130416483
                  charge after normalized = 256
                 charge before normalized = 256.000130423833
                  charge after normalized = 256
                 charge before normalized = 256.000130426239
                  charge after normalized = 256
                 charge before normalized = 256.000130418383
                  charge after normalized = 256
                 charge before normalized = 256.000130419767
                  charge after normalized = 256
                 charge before normalized = 256.000130420899
                  charge after normalized = 256
                 charge before normalized = 256.000130419645
                  charge after normalized = 256
                 charge before normalized = 256.000130420721
                  charge after normalized = 256
                 charge before normalized = 256.000130420173
                  charge after normalized = 256
                 charge before normalized = 256.000130420273
                  charge after normalized = 256
                 charge before normalized = 256.00013042027
                  charge after normalized = 256
                            startmag_type = 2
                       charge from rho_at = 3.95377434289291
                         charge should be = 4
                            startmag_type = 2
                       charge from rho_at = 3.99303358802097
                         charge should be = 4

 SETUP ATOMIC RHO FOR SPIN 1
                 Electron number from rho = 256
           total electron number from rho = 256
                                should be = 256
                            startmag_type = 2
                       charge from rho_at = 3.95377434289291
                         charge should be = 4
                            startmag_type = 2
                       charge from rho_at = 3.99303358802097
                         charge should be = 4

 SETUP ATOMIC RHO FOR SPIN 1
                 Electron number from rho = 256
           total electron number from rho = 256
                                should be = 256
      Processor           Atom
              1             66
              2             66
              3             66
              4             66
              5             61
              6             66
              7             64
              8             66
              9             60
             10             66
             11             61
             12             66
             13             63
             14             65
             15             65
             16             63
                 charge before normalized = 256
                  charge after normalized = 256
                 charge before normalized = 256.000130444049
                  charge after normalized = 256
                 charge before normalized = 256.000130446464
                  charge after normalized = 256
                 charge before normalized = 256.000130440104
                  charge after normalized = 256
                 charge before normalized = 256.000130435928
                  charge after normalized = 256
                 charge before normalized = 256.000130442617
                  charge after normalized = 256
                 charge before normalized = 256.000130439867
                  charge after normalized = 256
                 charge before normalized = 256.000130439782
                  charge after normalized = 256
                 charge before normalized = 256.000130439689
                  charge after normalized = 256
                 charge before normalized = 256.000130439964
                  charge after normalized = 256
                 charge before normalized = 256.00013043983
                  charge after normalized = 256
                 charge before normalized = 256.000130439846
                  charge after normalized = 256
                            startmag_type = 2
                       charge from rho_at = 3.95377434289291
                         charge should be = 4
                            startmag_type = 2
                       charge from rho_at = 3.99303358802097
                         charge should be = 4

 SETUP ATOMIC RHO FOR SPIN 1
                 Electron number from rho = 256
           total electron number from rho = 256
                                should be = 256
                            startmag_type = 2
                       charge from rho_at = 3.95377434289291
                         charge should be = 4
                            startmag_type = 2
                       charge from rho_at = 3.99303358802097
                         charge should be = 4

 SETUP ATOMIC RHO FOR SPIN 1
                 Electron number from rho = 256
           total electron number from rho = 256
                                should be = 256
      Processor           Atom
              1             66
              2             66
              3             66
              4             66
              5             61
              6             66
              7             64
              8             66
              9             60
             10             66
             11             61
             12             66
             13             63
             14             65
             15             65
             16             63
                 charge before normalized = 256
                  charge after normalized = 256
                 charge before normalized = 256.000130511874
                  charge after normalized = 256
                 charge before normalized = 256.00013055081
                  charge after normalized = 256
                 charge before normalized = 256.000130493072
                  charge after normalized = 256
                 charge before normalized = 256.000130519758
                  charge after normalized = 256
                 charge before normalized = 256.000130516795
                  charge after normalized = 256
                 charge before normalized = 256.000130518789
                  charge after normalized = 256
                 charge before normalized = 256.000130517505
                  charge after normalized = 256
                 charge before normalized = 256.000130518114
                  charge after normalized = 256
                 charge before normalized = 256.000130517771
                  charge after normalized = 256
                 charge before normalized = 256.000130517848
                  charge after normalized = 256
                 charge before normalized = 256.000130517873
                  charge after normalized = 256
                            startmag_type = 2
                       charge from rho_at = 3.95377434289291
                         charge should be = 4
                            startmag_type = 2
                       charge from rho_at = 3.99303358802097
                         charge should be = 4

 SETUP ATOMIC RHO FOR SPIN 1
                 Electron number from rho = 256
           total electron number from rho = 256
                                should be = 256
                            startmag_type = 2
                       charge from rho_at = 3.95377434289291
                         charge should be = 4
                            startmag_type = 2
                       charge from rho_at = 3.99303358802097
                         charge should be = 4

 SETUP ATOMIC RHO FOR SPIN 1
                 Electron number from rho = 256
           total electron number from rho = 256
                                should be = 256
      Processor           Atom
              1             66
              2             66
              3             66
              4             66
              5             61
              6             66
              7             64
              8             66
              9             60
             10             66
             11             61
             12             66
             13             63
             14             65
             15             65
             16             63
                 charge before normalized = 256
                  charge after normalized = 256
                 charge before normalized = 256.000130333222
                  charge after normalized = 256
                 charge before normalized = 256.000130347175
                  charge after normalized = 256
                 charge before normalized = 256.000130355064
                  charge after normalized = 256
                 charge before normalized = 256.000130342275
                  charge after normalized = 256
                 charge before normalized = 256.000130343143
                  charge after normalized = 256
                 charge before normalized = 256.000130345164
                  charge after normalized = 256
                 charge before normalized = 256.000130343649
                  charge after normalized = 256
                 charge before normalized = 256.000130344841
                  charge after normalized = 256
                 charge before normalized = 256.000130344309
                  charge after normalized = 256
                 charge before normalized = 256.000130344395
                  charge after normalized = 256
                 charge before normalized = 256.000130344391
                  charge after normalized = 256
