WARNING: Total thread number on this node mismatches with hardware availability. This may cause poor performance.
Info: Local MPI proc number: 16,OpenMP thread number: 1,Total thread number: 16,Local thread limit: 32
 *********************************************************
 *                                                       *
 *                  WELCOME TO ABACUS v3.0               *
 *                                                       *
 *            'Atomic-orbital Based Ab-initio            *
 *                  Computation at UStc'                 *
 *                                                       *
 *          Website: http://abacus.ustc.edu.cn/          *
 *                                                       *
 *********************************************************
 Mon May 22 14:16:30 2023
 MAKE THE DIR         : OUT.ABACUS/
 MAKE THE STRU DIR    : OUT.ABACUS/STRU/
 UNIFORM GRID DIM     : 120 * 120 * 128
 UNIFORM GRID DIM(BIG): 60 * 60 * 64
 DONE(0.121727   SEC) : SETUP UNITCELL
 DONE(0.13164    SEC) : INIT K-POINTS
 ---------------------------------------------------------
 Molecular Dynamics simulations
 ---------------------------------------------------------
 ENSEMBLE                 : Langevin
 Time interval(fs)        : 1
 ---------------------------------------------------------
 SPIN    KPOINTS         PROCESSORS  NBASE       
 1       36              16          1584        
 ---------------------------------------------------------
 Use Systematically Improvable Atomic bases
 ---------------------------------------------------------
 ELEMENT ORBITALS        NBASE       NATOM       XC          
 Si      3s3p2d-9au      22          36          
 C       3s3p2d-9au      22          36          
 ---------------------------------------------------------
 Initial plane wave basis and FFT box
 ---------------------------------------------------------
--------------------------------- INITVEL DONE ------------------------------------
 -------------------------------------------
 STEP OF MOLECULAR DYNAMICS : 0
 -------------------------------------------
 START CHARGE      : atomic
 DONE(10.6324    SEC) : INIT SCF
 ITER   ETOT(eV)       EDIFF(eV)      DRHO       TIME(s)    
 GE1    -9.367182e+03  0.000000e+00   2.732e-01  1.113e+02  
 GE2    -9.402359e+03  -3.517643e+01  1.687e-01  1.057e+02  
 GE3    -9.403962e+03  -1.602917e+00  6.541e-02  1.057e+02  
 GE4    -9.403125e+03  8.364833e-01   8.674e-02  1.055e+02  
 GE5    -9.443519e+03  -4.039386e+01  3.010e-02  1.052e+02  
 GE6    -9.444892e+03  -1.373061e+00  1.467e-02  1.056e+02  
 GE7    -9.444786e+03  1.065078e-01   8.438e-03  1.054e+02  
 GE8    -9.444815e+03  -2.915101e-02  5.514e-03  1.055e+02  
 GE9    -9.444821e+03  -6.525346e-03  4.182e-03  1.056e+02  
 GE10   -9.444819e+03  2.282594e-03   2.944e-03  1.057e+02  
 GE11   -9.444834e+03  -1.498209e-02  1.047e-03  1.054e+02  
 GE12   -9.444838e+03  -3.650611e-03  8.311e-04  1.059e+02  
 GE13   -9.444838e+03  -2.576800e-04  3.109e-04  1.055e+02  
 GE14   -9.444838e+03  7.463513e-06   1.996e-04  1.056e+02  
 GE15   -9.444838e+03  -6.046831e-05  8.692e-05  1.057e+02  
 GE16   -9.444838e+03  -6.788165e-06  5.587e-05  1.057e+02  
 GE17   -9.444838e+03  -2.819190e-06  6.970e-05  1.059e+02  
 GE18   -9.444838e+03  -1.636596e-05  1.018e-05  1.055e+02  
 GE19   -9.444838e+03  -2.440307e-07  2.341e-06  1.057e+02  
 GE20   -9.444838e+03  -6.592414e-09  1.416e-06  1.059e+02  
 GE21   -9.444838e+03  -4.137660e-09  5.700e-07  1.056e+02  
 ><><><><><><><><><><><><><><><><><><><><><><
 TOTAL-STRESS (KBAR):
 ><><><><><><><><><><><><><><><><><><><><><><
 1.104e+02      8.505e+01      3.865e+01      
 8.505e+01      -5.527e+01     3.087e+01      
 3.865e+01      3.087e+01      -1.331e+02     
 TOTAL-PRESSURE: -2.597e+01 KBAR
 ------------------------------------------------------------------------------------------------
 Energy              Potential           Kinetic             Temperature         Pressure (KBAR)     
 -3.471e+02          -3.471e+02          3.373e-03           1.000e+01           -2.585e+01          
 ------------------------------------------------------------------------------------------------
 -------------------------------------------
 STEP OF MOLECULAR DYNAMICS : 1
 -------------------------------------------
 DONE(2.333e+03  SEC) : INIT SCF
 ITER   ETOT(eV)       EDIFF(eV)      DRHO       TIME(s)    
 GE1    -9.445022e+03  0.000000e+00   5.658e-04  1.104e+02  
 GE2    -9.445021e+03  3.819749e-04   4.655e-04  1.048e+02  
 GE3    -9.445022e+03  -6.982388e-04  4.234e-04  1.047e+02  
 GE4    -9.445022e+03  -4.551350e-04  7.253e-05  1.049e+02  
 GE5    -9.445022e+03  -7.525901e-07  6.331e-05  1.048e+02  
 GE6    -9.445022e+03  -1.723972e-05  3.466e-05  1.049e+02  
 GE7    -9.445022e+03  -4.273527e-06  9.668e-06  1.048e+02  
 GE8    -9.445022e+03  -2.733949e-07  3.019e-06  1.047e+02  
 GE9    -9.445022e+03  -3.151891e-08  2.036e-06  1.047e+02  
 GE10   -9.445022e+03  -1.181437e-08  6.391e-07  1.048e+02  
 ><><><><><><><><><><><><><><><><><><><><><><
 TOTAL-STRESS (KBAR):
 ><><><><><><><><><><><><><><><><><><><><><><
 1.087e+02      8.383e+01      3.829e+01      
 8.383e+01      -5.580e+01     3.070e+01      
 3.829e+01      3.070e+01      -1.334e+02     
 TOTAL-PRESSURE: -2.684e+01 KBAR
 ------------------------------------------------------------------------------------------------
 Energy              Potential           Kinetic             Temperature         Pressure (KBAR)     
 -3.471e+02          -3.471e+02          9.895e-03           2.934e+01           -2.647e+01          
 ------------------------------------------------------------------------------------------------
 -------------------------------------------
 STEP OF MOLECULAR DYNAMICS : 2
 -------------------------------------------
 DONE(3.487e+03  SEC) : INIT SCF
 ITER   ETOT(eV)       EDIFF(eV)      DRHO       TIME(s)    
 GE1    -9.445312e+03  0.000000e+00   1.527e-03  1.102e+02  
 GE2    -9.445312e+03  6.790686e-04   9.496e-04  1.047e+02  
 GE3    -9.445313e+03  -1.315540e-03  9.035e-04  1.044e+02  
 GE4    -9.445315e+03  -2.552961e-03  3.224e-04  1.046e+02  
 GE5    -9.445316e+03  -3.993157e-04  1.831e-04  1.047e+02  
 GE6    -9.445316e+03  -1.127084e-04  5.195e-05  1.044e+02  
 GE7    -9.445316e+03  -7.134879e-06  2.564e-05  1.044e+02  
 GE8    -9.445316e+03  -1.923641e-06  6.434e-06  1.046e+02  
 GE9    -9.445316e+03  -1.214415e-07  3.015e-06  1.043e+02  
 GE10   -9.445316e+03  -2.486463e-08  1.239e-06  1.046e+02  
 GE11   -9.445316e+03  -7.161632e-10  7.341e-07  1.042e+02  
 ><><><><><><><><><><><><><><><><><><><><><><
 TOTAL-STRESS (KBAR):
 ><><><><><><><><><><><><><><><><><><><><><><
 1.062e+02      8.219e+01      3.764e+01      
 8.219e+01      -5.675e+01     3.037e+01      
 3.764e+01      3.037e+01      -1.345e+02     
 TOTAL-PRESSURE: -2.837e+01 KBAR
 ------------------------------------------------------------------------------------------------
 Energy              Potential           Kinetic             Temperature         Pressure (KBAR)     
 -3.471e+02          -3.471e+02          2.114e-02           6.268e+01           -2.759e+01          
 ------------------------------------------------------------------------------------------------
 -------------------------------------------
 STEP OF MOLECULAR DYNAMICS : 3
 -------------------------------------------
 DONE(4.742e+03  SEC) : INIT SCF
 ITER   ETOT(eV)       EDIFF(eV)      DRHO       TIME(s)    
 GE1    -9.445469e+03  0.000000e+00   1.814e-03  1.112e+02  
 GE2    -9.445467e+03  1.994496e-03   1.148e-03  1.055e+02  
 GE3    -9.445468e+03  -1.801631e-03  1.161e-03  1.058e+02  
 GE4    -9.445473e+03  -4.730501e-03  3.953e-04  1.054e+02  
 GE5    -9.445474e+03  -5.291256e-04  1.972e-04  1.054e+02  
 GE6    -9.445474e+03  -1.268805e-04  7.082e-05  1.051e+02  
 GE7    -9.445474e+03  -1.477286e-05  4.164e-05  1.054e+02  
 GE8    -9.445474e+03  -6.404303e-06  1.353e-05  1.053e+02  
 GE9    -9.445474e+03  -6.848980e-07  5.466e-06  1.052e+02  
 GE10   -9.445474e+03  -1.045877e-07  1.693e-06  1.048e+02  
 GE11   -9.445474e+03  -7.316311e-09  6.191e-07  1.050e+02  
 ><><><><><><><><><><><><><><><><><><><><><><
 TOTAL-STRESS (KBAR):
 ><><><><><><><><><><><><><><><><><><><><><><
 1.049e+02      8.115e+01      3.695e+01      
 8.115e+01      -5.740e+01     3.031e+01      
 3.695e+01      3.031e+01      -1.345e+02     
 TOTAL-PRESSURE: -2.901e+01 KBAR
 ------------------------------------------------------------------------------------------------
 Energy              Potential           Kinetic             Temperature         Pressure (KBAR)     
 -3.471e+02          -3.471e+02          2.560e-02           7.589e+01           -2.808e+01          
 ------------------------------------------------------------------------------------------------
 -------------------------------------------
 STEP OF MOLECULAR DYNAMICS : 4
 -------------------------------------------
 DONE(6.005e+03  SEC) : INIT SCF
 ITER   ETOT(eV)       EDIFF(eV)      DRHO       TIME(s)    
 GE1    -9.445692e+03  0.000000e+00   2.385e-03  1.109e+02  
 GE2    -9.445689e+03  2.562835e-03   1.467e-03  1.049e+02  
 GE3    -9.445694e+03  -4.839887e-03  1.389e-03  1.051e+02  
 GE4    -9.445700e+03  -5.889651e-03  3.708e-04  1.049e+02  
 GE5    -9.445700e+03  -3.792491e-04  2.632e-04  1.052e+02  
 GE6    -9.445700e+03  -2.699549e-04  1.002e-04  1.051e+02  
 GE7    -9.445700e+03  -3.374261e-05  4.269e-05  1.048e+02  
 GE8    -9.445700e+03  -5.835702e-06  1.026e-05  1.051e+02  
 GE9    -9.445700e+03  -2.850036e-07  7.160e-06  1.050e+02  
 GE10   -9.445700e+03  -2.204205e-07  2.816e-06  1.050e+02  
 GE11   -9.445700e+03  -2.512294e-08  8.283e-07  1.049e+02  
 ><><><><><><><><><><><><><><><><><><><><><><
 TOTAL-STRESS (KBAR):
 ><><><><><><><><><><><><><><><><><><><><><><
 1.027e+02      8.020e+01      3.684e+01      
 8.020e+01      -5.739e+01     3.038e+01      
 3.684e+01      3.038e+01      -1.360e+02     
 TOTAL-PRESSURE: -3.022e+01 KBAR
 ------------------------------------------------------------------------------------------------
 Energy              Potential           Kinetic             Temperature         Pressure (KBAR)     
 -3.471e+02          -3.471e+02          4.110e-02           1.218e+02           -2.871e+01          
 ------------------------------------------------------------------------------------------------
 -------------------------------------------
 STEP OF MOLECULAR DYNAMICS : 5
 -------------------------------------------
 DONE(7.266e+03  SEC) : INIT SCF
 ITER   ETOT(eV)       EDIFF(eV)      DRHO       TIME(s)    
 GE1    -9.445864e+03  0.000000e+00   2.626e-03  1.109e+02  
 GE2    -9.445857e+03  6.203175e-03   1.766e-03  1.053e+02  
 GE3    -9.445866e+03  -8.391131e-03  1.743e-03  1.051e+02  
 GE4    -9.445874e+03  -8.639338e-03  4.077e-04  1.051e+02  
 GE5    -9.445875e+03  -4.271494e-04  3.250e-04  1.050e+02  
 GE6    -9.445875e+03  -4.239294e-04  1.088e-04  1.049e+02  
 GE7    -9.445875e+03  -3.534723e-05  4.371e-05  1.050e+02  
 GE8    -9.445875e+03  -5.801796e-06  9.990e-06  1.050e+02  
 GE9    -9.445875e+03  -2.994892e-07  8.633e-06  1.045e+02  
 GE10   -9.445875e+03  -2.915944e-07  2.337e-06  1.049e+02  
 GE11   -9.445875e+03  -1.365196e-08  8.801e-07  1.050e+02  
 ><><><><><><><><><><><><><><><><><><><><><><
 TOTAL-STRESS (KBAR):
 ><><><><><><><><><><><><><><><><><><><><><><
 1.015e+02      7.940e+01      3.661e+01      
 7.940e+01      -5.866e+01     3.006e+01      
 3.661e+01      3.006e+01      -1.365e+02     
 TOTAL-PRESSURE: -3.124e+01 KBAR
 ------------------------------------------------------------------------------------------------
 Energy              Potential           Kinetic             Temperature         Pressure (KBAR)     
 -3.471e+02          -3.471e+02          4.684e-02           1.389e+02           -2.952e+01          
 ------------------------------------------------------------------------------------------------
 -------------------------------------------
 STEP OF MOLECULAR DYNAMICS : 6
 -------------------------------------------
 DONE(8.526e+03  SEC) : INIT SCF
 ITER   ETOT(eV)       EDIFF(eV)      DRHO       TIME(s)    
 GE1    -9.446074e+03  0.000000e+00   2.745e-03  1.107e+02  
 GE2    -9.446072e+03  2.162264e-03   1.733e-03  1.048e+02  
 GE3    -9.446079e+03  -6.953670e-03  1.524e-03  1.050e+02  
 GE4    -9.446085e+03  -6.501562e-03  3.964e-04  1.049e+02  
 GE5    -9.446086e+03  -2.786461e-04  3.401e-04  1.050e+02  
 GE6    -9.446086e+03  -4.806284e-04  1.312e-04  1.049e+02  
 GE7    -9.446086e+03  -5.713323e-05  4.900e-05  1.049e+02  
 GE8    -9.446086e+03  -7.412226e-06  1.265e-05  1.049e+02  
 GE9    -9.446086e+03  -6.051053e-07  9.585e-06  1.047e+02  
 GE10   -9.446086e+03  -3.480182e-07  2.140e-06  1.050e+02  
 GE11   -9.446086e+03  -9.664336e-09  8.993e-07  1.049e+02  
 ><><><><><><><><><><><><><><><><><><><><><><
 TOTAL-STRESS (KBAR):
 ><><><><><><><><><><><><><><><><><><><><><><
 9.883e+01      7.782e+01      3.670e+01      
 7.782e+01      -5.894e+01     3.011e+01      
 3.670e+01      3.011e+01      -1.369e+02     
 TOTAL-PRESSURE: -3.235e+01 KBAR
 ------------------------------------------------------------------------------------------------
 Energy              Potential           Kinetic             Temperature         Pressure (KBAR)     
 -3.471e+02          -3.471e+02          6.481e-02           1.922e+02           -2.997e+01          
 ------------------------------------------------------------------------------------------------
 -------------------------------------------
 STEP OF MOLECULAR DYNAMICS : 7
 -------------------------------------------
 DONE(9.786e+03  SEC) : INIT SCF
 ITER   ETOT(eV)       EDIFF(eV)      DRHO       TIME(s)    
 GE1    -9.446154e+03  0.000000e+00   3.219e-03  1.108e+02  
 GE2    -9.446150e+03  4.181056e-03   1.761e-03  1.050e+02  
 GE3    -9.446155e+03  -5.465793e-03  1.816e-03  1.050e+02  
 GE4    -9.446166e+03  -1.107057e-02  5.275e-04  1.050e+02  
 GE5    -9.446167e+03  -8.728682e-04  3.514e-04  1.048e+02  
 GE6    -9.446167e+03  -4.776754e-04  1.374e-04  1.051e+02  
 GE7    -9.446168e+03  -5.918114e-05  5.845e-05  1.052e+02  
 GE8    -9.446168e+03  -1.157907e-05  1.877e-05  1.048e+02  
 GE9    -9.446168e+03  -1.533111e-06  1.045e-05  1.048e+02  
 GE10   -9.446168e+03  -3.968874e-07  2.529e-06  1.048e+02  
 GE11   -9.446168e+03  -1.437740e-08  9.521e-07  1.052e+02  
 ><><><><><><><><><><><><><><><><><><><><><><
 TOTAL-STRESS (KBAR):
 ><><><><><><><><><><><><><><><><><><><><><><
 9.700e+01      7.808e+01      3.753e+01      
 7.808e+01      -5.854e+01     3.028e+01      
 3.753e+01      3.028e+01      -1.363e+02     
 TOTAL-PRESSURE: -3.261e+01 KBAR
 ------------------------------------------------------------------------------------------------
 Energy              Potential           Kinetic             Temperature         Pressure (KBAR)     
 -3.471e+02          -3.471e+02          8.095e-02           2.400e+02           -2.964e+01          
 ------------------------------------------------------------------------------------------------
 -------------------------------------------
 STEP OF MOLECULAR DYNAMICS : 8
 -------------------------------------------
 DONE(1.105e+04  SEC) : INIT SCF
 ITER   ETOT(eV)       EDIFF(eV)      DRHO       TIME(s)    
 GE1    -9.446432e+03  0.000000e+00   3.723e-03  1.109e+02  
 GE2    -9.446431e+03  5.828545e-04   2.317e-03  1.049e+02  
 GE3    -9.446444e+03  -1.314046e-02  1.919e-03  1.052e+02  
 GE4    -9.446454e+03  -9.987284e-03  4.720e-04  1.050e+02  
 GE5    -9.446455e+03  -3.481111e-04  2.391e-04  1.050e+02  
 GE6    -9.446455e+03  -1.352770e-04  1.563e-04  1.050e+02  
 GE7    -9.446455e+03  -8.150153e-05  6.381e-05  1.050e+02  
 GE8    -9.446455e+03  -1.615601e-05  1.989e-05  1.051e+02  
 GE9    -9.446455e+03  -1.432365e-06  6.767e-06  1.052e+02  
 GE10   -9.446455e+03  -1.287872e-07  2.328e-06  1.022e+02  
 GE11   -9.446455e+03  -1.509047e-08  1.286e-06  1.032e+02  
 GE12   -9.446455e+03  -2.100539e-09  6.733e-07  1.024e+02  
 ><><><><><><><><><><><><><><><><><><><><><><
 TOTAL-STRESS (KBAR):
 ><><><><><><><><><><><><><><><><><><><><><><
 9.315e+01      7.664e+01      3.723e+01      
 7.664e+01      -5.895e+01     2.933e+01      
 3.723e+01      2.933e+01      -1.375e+02     
 TOTAL-PRESSURE: -3.444e+01 KBAR
 ------------------------------------------------------------------------------------------------
 Energy              Potential           Kinetic             Temperature         Pressure (KBAR)     
 -3.471e+02          -3.472e+02          7.802e-02           2.313e+02           -3.158e+01          
 ------------------------------------------------------------------------------------------------
 -------------------------------------------
 STEP OF MOLECULAR DYNAMICS : 9
 -------------------------------------------
 DONE(1.240e+04  SEC) : INIT SCF
 ITER   ETOT(eV)       EDIFF(eV)      DRHO       TIME(s)    
 GE1    -9.446571e+03  0.000000e+00   3.476e-03  1.083e+02  
 GE2    -9.446567e+03  4.769681e-03   2.214e-03  1.023e+02  
 GE3    -9.446580e+03  -1.363211e-02  1.995e-03  1.024e+02  
 GE4    -9.446590e+03  -1.015514e-02  4.195e-04  1.022e+02  
 GE5    -9.446590e+03  -1.701360e-04  2.830e-04  1.022e+02  
 GE6    -9.446591e+03  -3.157638e-04  1.838e-04  1.022e+02  
 GE7    -9.446591e+03  -1.204893e-04  6.274e-05  1.022e+02  
 GE8    -9.446591e+03  -1.323104e-05  1.644e-05  1.022e+02  
 GE9    -9.446591e+03  -7.931500e-07  9.509e-06  1.021e+02  
 GE10   -9.446591e+03  -3.715773e-07  4.113e-06  1.021e+02  
 GE11   -9.446591e+03  -6.223195e-08  1.279e-06  1.021e+02  
 GE12   -9.446591e+03  -2.535187e-09  6.003e-07  1.022e+02  
 ><><><><><><><><><><><><><><><><><><><><><><
 TOTAL-STRESS (KBAR):
 ><><><><><><><><><><><><><><><><><><><><><><
 9.097e+01      7.474e+01      3.601e+01      
 7.474e+01      -5.938e+01     2.910e+01      
 3.601e+01      2.910e+01      -1.371e+02     
 TOTAL-PRESSURE: -3.518e+01 KBAR
 ------------------------------------------------------------------------------------------------
 Energy              Potential           Kinetic             Temperature         Pressure (KBAR)     
 -3.471e+02          -3.472e+02          8.121e-02           2.408e+02           -3.220e+01          
 ------------------------------------------------------------------------------------------------
 -------------------------------------------
 STEP OF MOLECULAR DYNAMICS : 10
 -------------------------------------------
 DONE(1.373e+04  SEC) : INIT SCF
 ITER   ETOT(eV)       EDIFF(eV)      DRHO       TIME(s)    
 GE1    -9.446800e+03  0.000000e+00   3.536e-03  1.077e+02  
 GE2    -9.446796e+03  4.342672e-03   2.137e-03  1.020e+02  
 GE3    -9.446806e+03  -1.046700e-02  1.943e-03  1.018e+02  
 GE4    -9.446817e+03  -1.087233e-02  6.092e-04  1.016e+02  
 GE5    -9.446818e+03  -1.153795e-03  4.828e-04  1.015e+02  
 GE6    -9.446819e+03  -8.351047e-04  1.567e-04  1.001e+02  
 GE7    -9.446819e+03  -7.518316e-05  6.486e-05  1.002e+02  
 GE8    -9.446819e+03  -1.210107e-05  1.090e-05  1.010e+02  
 GE9    -9.446819e+03  -2.133795e-07  8.323e-06  1.018e+02  
 GE10   -9.446819e+03  -2.622921e-07  3.472e-06  1.019e+02  
 GE11   -9.446819e+03  -4.802470e-08  1.385e-06  1.019e+02  
 GE12   -9.446819e+03  -4.979113e-09  4.227e-07  1.017e+02  
 ><><><><><><><><><><><><><><><><><><><><><><
 TOTAL-STRESS (KBAR):
 ><><><><><><><><><><><><><><><><><><><><><><
 8.649e+01      7.210e+01      3.603e+01      
 7.210e+01      -5.887e+01     2.887e+01      
 3.603e+01      2.887e+01      -1.372e+02     
 TOTAL-PRESSURE: -3.652e+01 KBAR
 ------------------------------------------------------------------------------------------------
 Energy              Potential           Kinetic             Temperature         Pressure (KBAR)     
 -3.471e+02          -3.472e+02          1.104e-01           3.274e+02           -3.247e+01          
 ------------------------------------------------------------------------------------------------

  |CLASS_NAME---------|NAME---------------|TIME(Sec)-----|CALLS----|AVG------|PER%-------
                       total               15054          27        5.6e+02   1e+02     %
   Driver              driver_line         15054          1         1.5e+04   1e+02     %
   PW_Basis            setup_struc_factor  1.2758         11        0.12      0.0085    %
   ORB_control         read_orb_first      0.23808        1         0.24      0.0016    %
   LCAO_Orbitals       Read_Orbitals       0.23808        1         0.24      0.0016    %
   NOrbital_Lm         extra_uniform       0.13067        16        0.0082    0.00087   %
   Mathzone_Add1       Uni_Deriv_Phi       0.11511        16        0.0072    0.00076   %
   ORB_control         set_orb_tables      7.3358         1         7.3       0.049     %
   ORB_gen_tables      gen_tables          7.3358         1         7.3       0.049     %
   ORB_table_phi       init_Table          5.457          1         5.5       0.036     %
   ORB_table_phi       cal_ST_Phi12_R      5.4146         558       0.0097    0.036     %
   ORB_table_beta      init_Table_Beta     1.3822         1         1.4       0.0092    %
   ORB_table_beta      VNL_PhiBeta_R       1.3743         168       0.0082    0.0091    %
   ppcell_vl           init_vloc           0.27554        1         0.28      0.0018    %
   Run_MD              md_line             15046          1         1.5e+04   1e+02     %
   Langevin            setup               2322.5         1         2.3e+03   15        %
   MD_func             force_stress        15046          11        1.4e+03   1e+02     %
   ESolver_KS_LCAO     Run                 13982          11        1.3e+03   93        %
   ESolver_KS_LCAO     beforescf           29.046         11        2.6       0.19      %
   ESolver_KS_LCAO     beforesolver        10.072         11        0.92      0.067     %
   ESolver_KS_LCAO     set_matrix_grid     5.9293         11        0.54      0.039     %
   atom_arrange        search              0.10265        11        0.0093    0.00068   %
   Grid_Technique      init                3.3415         11        0.3       0.022     %
   Grid_BigCell        grid_expansion_index0.9636         22        0.044     0.0064    %
   Record_adj          for_2d              2.1296         11        0.19      0.014     %
   Grid_Driver         Find_atom           19.226         720504    2.7e-05   0.13      %
   Charge              atomic_rho          16.659         21        0.79      0.11      %
   PW_Basis            recip2real          4.9757         785       0.0063    0.033     %
   PW_Basis            gathers_scatterp    3.3796         785       0.0043    0.022     %
   Potential           init_pot            1.0483         11        0.095     0.007     %
   Potential           update_from_charge  12.661         144       0.088     0.084     %
   Potential           cal_v_eff           12.604         144       0.088     0.084     %
   H_Hartree_pw        v_hartree           1.4113         144       0.0098    0.0094    %
   PW_Basis            real2recip          4.3283         1196      0.0036    0.029     %
   PW_Basis            gatherp_scatters    1.7215         1196      0.0014    0.011     %
   PotXC               cal_v_eff           11.096         144       0.077     0.074     %
   XC_Functional       v_xc                11.036         144       0.077     0.073     %
   HSolverLCAO         solve               13928          133       1e+02     93        %
   HamiltLCAO          updateHk            5012           4788      1         33        %
   OperatorLCAO        init                4328.9         9576      0.45      29        %
   Veff                contributeHk        4325.7         4788      0.9       29        %
   Gint_interface      cal_gint            6500.9         277       23        43        %
   Gint_interface      cal_gint_vlocal     3225.5         133       24        21        %
   Gint_k              folding_vl_k        1100.2         4788      0.23      7.3       %
   Gint_k              Distri              808.8          4788      0.17      5.4       %
   Overlap             contributeHR        4.9775         11        0.45      0.033     %
   LCAO_gen_fixedH     calculate_S_no      4.9774         11        0.45      0.033     %
   Ekinetic<OperatorLCAO>contributeHR        5.0629         11        0.46      0.034     %
   Nonlocal<OperatorLCAO>contributeHR        50.504         11        4.6       0.34      %
   LCAO_gen_fixedH     build_Nonlocal_mu_new157.88         22        7.2       1         %
   ORB_gen_tables      snap_psibeta_half   3.4878         1209108   2.9e-06   0.023     %
   OperatorLCAO        folding_fixed       622.52         4788      0.13      4.1       %
   LCAO_nnr            folding_fixedH      613.79         4788      0.13      4.1       %
   HSolverLCAO         hamiltSolvePsiK     2141.5         4788      0.45      14        %
   DiagoElpa           elpa_solve          2124.3         4788      0.44      14        %
   ElecStateLCAO       psiToRho            6774           133       51        45        %
   elecstate           cal_dm              226.75         144       1.6       1.5       %
   psiMulPsiMpi        pdgemm              219.68         5184      0.042     1.5       %
    Local_Orbital_wfc  wfc_2d_to_grid      36.311         4788      0.0076    0.24      %
   LCAO_Charge         cal_dk_k            3789.8         133       28        25        %
   Record_adj          for_grid            0.70762        133       0.0053    0.0047    %
   Gint_interface      cal_gint_rho        2724.8         133       20        18        %
   Charge              mix_rho             1.8494         122       0.015     0.012     %
   Force_Stress_LCAO   getForceStress      1063.8         11        97        7.1       %
   Forces              cal_force_loc       0.99371        11        0.09      0.0066    %
   Forces              cal_force_ew        0.93417        11        0.085     0.0062    %
   Forces              cal_force_scc       8.2632         11        0.75      0.055     %
   Stress_Func         stress_loc          7.0569         11        0.64      0.047     %
   Stress_Func         stress_ewa          0.41324        11        0.038     0.0027    %
   Stress_Func         stress_gga          0.50031        11        0.045     0.0033    %
   Force_LCAO_k        ftable_k            1045.6         11        95        6.9       %
   Force_LCAO_k        allocate_k          140.25         11        13        0.93      %
   Force_LCAO_k        cal_foverlap_k      31.147         11        2.8       0.21      %
   Force_LCAO_k        cal_edm_2d          30.116         11        2.7       0.2       %
   Local_Orbital_Chargecal_dm_R            12.37          22        0.56      0.082     %
   Force_LCAO_k        cal_ftvnl_dphi_k    0.3269         11        0.03      0.0022    %
   Force_LCAO_k        cal_fvl_dphi_k      550.68         11        50        3.7       %
   Gint_interface      cal_gint_force      550.68         11        50        3.7       %
   Force_LCAO_k        cal_fvnl_dbeta_k_new281.42         11        26        1.9       %
 ----------------------------------------------------------------------------------------

 START  Time  : Mon May 22 14:16:30 2023
 FINISH Time  : Mon May 22 18:27:25 2023
 TOTAL  Time  : 1.5e+04
 SEE INFORMATION IN : OUT.ABACUS/
