WARNING: Total thread number on this node mismatches with hardware availability. This may cause poor performance.
Info: Local MPI proc number: 16,OpenMP thread number: 1,Total thread number: 16,Local thread limit: 32
                                                                                     
                              ABACUS v3.1                                            

               Atomic-orbital Based Ab-initio Computation at UStc                    

                     Website: http://abacus.ustc.edu.cn/                             
               Documentation: https://abacus.deepmodeling.com/                       
                  Repository: https://github.com/abacusmodeling/abacus-develop       
                              https://github.com/deepmodeling/abacus-develop         

 Fri Feb  3 19:53:12 2023
 MAKE THE DIR         : OUT.ABACUS/
 MAKE THE STRU DIR    : OUT.ABACUS/STRU/
 UNIFORM GRID DIM     : 108 * 108 * 108
 UNIFORM GRID DIM(BIG): 54 * 54 * 54
 DONE(0.140784   SEC) : SETUP UNITCELL
 DONE(0.150233   SEC) : INIT K-POINTS
 ---------------------------------------------------------
 Molecular Dynamics simulations
 ---------------------------------------------------------
 ENSEMBLE                 : Langevin
 Time interval(fs)        : 1
 ---------------------------------------------------------
 SPIN    KPOINTS         PROCESSORS  NBASE       
 1       36              16          1408        
 ---------------------------------------------------------
 Use Systematically Improvable Atomic bases
 ---------------------------------------------------------
 ELEMENT ORBITALS        NBASE       NATOM       XC          
 Si      3s3p2d-9au      22          32          
 C       3s3p2d-9au      22          32          
 ---------------------------------------------------------
 Initial plane wave basis and FFT box
 ---------------------------------------------------------
--------------------------------- INITVEL DONE ------------------------------------
 -------------------------------------------
 STEP OF MOLECULAR DYNAMICS : 0
 -------------------------------------------
 START CHARGE      : atomic
 DONE(8.18775    SEC) : INIT SCF
 ITER   ETOT(eV)       EDIFF(eV)      DRHO       TIME(s)    
 GE1    -8.342976e+03  0.000000e+00   2.692e-01  8.436e+01  
 GE2    -8.392184e+03  -4.920855e+01  1.531e-01  7.870e+01  
 GE3    -8.405769e+03  -1.358406e+01  2.320e-02  7.868e+01  
 GE4    -8.405792e+03  -2.317072e-02  9.840e-04  7.812e+01  
 GE5    -8.405792e+03  -3.078398e-04  2.050e-04  7.830e+01  
 GE6    -8.405792e+03  -4.077609e-06  1.964e-05  7.826e+01  
 GE7    -8.405792e+03  -1.245490e-07  2.602e-06  7.817e+01  
 GE8    -8.405792e+03  -3.268365e-09  7.061e-08  7.806e+01  
 ><><><><><><><><><><><><><><><><><><><><><><
 TOTAL-STRESS (KBAR):
 ><><><><><><><><><><><><><><><><><><><><><><
 -5.919e+01     -1.180e-08     -7.868e-09     
 -1.180e-08     -5.919e+01     2.293e-12      
 -7.868e-09     2.293e-12      -5.919e+01     
 TOTAL-PRESSURE: -5.919e+01 KBAR
 ------------------------------------------------------------------------------------------------
 Energy              Potential           Kinetic             Temperature         Pressure (KBAR)     
 -3.089e+02          -3.089e+02          2.993e-03           1.000e+01           -5.907e+01          
 ------------------------------------------------------------------------------------------------
 -------------------------------------------
 STEP OF MOLECULAR DYNAMICS : 1
 -------------------------------------------
 DONE(7.227e+02  SEC) : INIT SCF
 ITER   ETOT(eV)       EDIFF(eV)      DRHO       TIME(s)    
 GE1    -8.405791e+03  0.000000e+00   3.871e-04  8.358e+01  
 GE2    -8.405791e+03  -2.426567e-05  2.363e-04  7.775e+01  
 GE3    -8.405791e+03  -1.103083e-04  1.654e-04  7.774e+01  
 GE4    -8.405791e+03  -6.307968e-05  5.567e-05  7.795e+01  
 GE5    -8.405791e+03  -8.799179e-06  3.303e-05  7.798e+01  
 GE6    -8.405791e+03  -3.783504e-06  1.234e-05  7.787e+01  
 GE7    -8.405791e+03  -3.893546e-07  3.009e-06  7.785e+01  
 GE8    -8.405791e+03  -1.499302e-08  8.689e-07  7.837e+01  
 ><><><><><><><><><><><><><><><><><><><><><><
 TOTAL-STRESS (KBAR):
 ><><><><><><><><><><><><><><><><><><><><><><
 -5.919e+01     -4.038e-02     4.268e-04      
 -4.038e-02     -5.919e+01     -2.681e-02     
 4.268e-04      -2.681e-02     -5.919e+01     
 TOTAL-PRESSURE: -5.919e+01 KBAR
 ------------------------------------------------------------------------------------------------
 Energy              Potential           Kinetic             Temperature         Pressure (KBAR)     
 -3.089e+02          -3.089e+02          5.513e-03           1.842e+01           -5.896e+01          
 ------------------------------------------------------------------------------------------------
 -------------------------------------------
 STEP OF MOLECULAR DYNAMICS : 2
 -------------------------------------------
 DONE(1.434e+03  SEC) : INIT SCF
 ITER   ETOT(eV)       EDIFF(eV)      DRHO       TIME(s)    
 GE1    -8.405782e+03  0.000000e+00   1.498e-03  8.420e+01  
 GE2    -8.405782e+03  6.420229e-04   8.839e-04  7.893e+01  
 GE3    -8.405783e+03  -1.426070e-03  8.370e-04  7.848e+01  
 GE4    -8.405785e+03  -1.968578e-03  2.118e-04  7.853e+01  
 GE5    -8.405785e+03  -1.134258e-04  1.199e-04  7.851e+01  
 GE6    -8.405785e+03  -3.745350e-05  4.196e-05  7.859e+01  
 GE7    -8.405785e+03  -3.673702e-06  8.560e-06  7.840e+01  
 GE8    -8.405785e+03  -1.259349e-07  3.422e-06  7.833e+01  
 GE9    -8.405785e+03  -1.642535e-08  7.549e-07  7.823e+01  
 ><><><><><><><><><><><><><><><><><><><><><><
 TOTAL-STRESS (KBAR):
 ><><><><><><><><><><><><><><><><><><><><><><
 -5.917e+01     -7.614e-02     2.074e-01      
 -7.614e-02     -5.917e+01     -2.138e-01     
 2.074e-01      -2.138e-01     -5.917e+01     
 TOTAL-PRESSURE: -5.917e+01 KBAR
 ------------------------------------------------------------------------------------------------
 Energy              Potential           Kinetic             Temperature         Pressure (KBAR)     
 -3.089e+02          -3.089e+02          1.460e-02           4.880e+01           -5.856e+01          
 ------------------------------------------------------------------------------------------------
 -------------------------------------------
 STEP OF MOLECULAR DYNAMICS : 3
 -------------------------------------------
 DONE(2.229e+03  SEC) : INIT SCF
 ITER   ETOT(eV)       EDIFF(eV)      DRHO       TIME(s)    
 GE1    -8.405768e+03  0.000000e+00   1.909e-03  8.426e+01  
 GE2    -8.405769e+03  -1.290645e-04  1.108e-03  7.845e+01  
 GE3    -8.405771e+03  -2.305913e-03  8.862e-04  7.841e+01  
 GE4    -8.405773e+03  -1.999635e-03  2.790e-04  7.844e+01  
 GE5    -8.405773e+03  -2.075353e-04  1.666e-04  7.849e+01  
 GE6    -8.405773e+03  -8.926223e-05  5.328e-05  7.799e+01  
 GE7    -8.405773e+03  -6.641124e-06  1.194e-05  7.796e+01  
 GE8    -8.405773e+03  -2.631026e-07  4.019e-06  7.780e+01  
 GE9    -8.405773e+03  -2.402782e-08  1.070e-06  7.782e+01  
 GE10   -8.405773e+03  4.624898e-09   8.550e-07  7.773e+01  
 ><><><><><><><><><><><><><><><><><><><><><><
 TOTAL-STRESS (KBAR):
 ><><><><><><><><><><><><><><><><><><><><><><
 -5.913e+01     -3.927e-01     1.101e-01      
 -3.927e-01     -5.912e+01     1.279e-01      
 1.101e-01      1.279e-01      -5.912e+01     
 TOTAL-PRESSURE: -5.912e+01 KBAR
 ------------------------------------------------------------------------------------------------
 Energy              Potential           Kinetic             Temperature         Pressure (KBAR)     
 -3.089e+02          -3.089e+02          2.465e-02           8.237e+01           -5.810e+01          
 ------------------------------------------------------------------------------------------------
 -------------------------------------------
 STEP OF MOLECULAR DYNAMICS : 4
 -------------------------------------------
 DONE(3.098e+03  SEC) : INIT SCF
 ITER   ETOT(eV)       EDIFF(eV)      DRHO       TIME(s)    
 GE1    -8.405750e+03  0.000000e+00   2.132e-03  8.328e+01  
 GE2    -8.405745e+03  4.603002e-03   1.467e-03  7.775e+01  
 GE3    -8.405751e+03  -5.876156e-03  1.442e-03  7.775e+01  
 GE4    -8.405756e+03  -5.492697e-03  2.985e-04  7.768e+01  
 GE5    -8.405757e+03  -1.689791e-04  1.521e-04  7.766e+01  
 GE6    -8.405757e+03  -5.582254e-05  6.180e-05  7.774e+01  
 GE7    -8.405757e+03  -7.813356e-06  1.391e-05  7.778e+01  
 GE8    -8.405757e+03  -3.450623e-07  4.817e-06  7.794e+01  
 GE9    -8.405757e+03  -3.539826e-08  2.130e-06  7.768e+01  
 GE10   -8.405757e+03  -1.705644e-08  1.267e-06  7.784e+01  
 GE11   -8.405757e+03  -4.331009e-09  2.142e-07  7.815e+01  
 ><><><><><><><><><><><><><><><><><><><><><><
 TOTAL-STRESS (KBAR):
 ><><><><><><><><><><><><><><><><><><><><><><
 -5.907e+01     -8.553e-01     -1.112e-02     
 -8.553e-01     -5.905e+01     1.901e-01      
 -1.112e-02     1.901e-01      -5.906e+01     
 TOTAL-PRESSURE: -5.906e+01 KBAR
 ------------------------------------------------------------------------------------------------
 Energy              Potential           Kinetic             Temperature         Pressure (KBAR)     
 -3.089e+02          -3.089e+02          3.530e-02           1.180e+02           -5.759e+01          
 ------------------------------------------------------------------------------------------------
 -------------------------------------------
 STEP OF MOLECULAR DYNAMICS : 5
 -------------------------------------------
 DONE(4.040e+03  SEC) : INIT SCF
 ITER   ETOT(eV)       EDIFF(eV)      DRHO       TIME(s)    
 GE1    -8.405725e+03  0.000000e+00   2.408e-03  8.390e+01  
 GE2    -8.405726e+03  -6.622314e-04  1.331e-03  7.808e+01  
 GE3    -8.405729e+03  -3.545168e-03  1.078e-03  7.804e+01  
 GE4    -8.405732e+03  -2.606522e-03  2.997e-04  7.817e+01  
 GE5    -8.405732e+03  -2.204658e-04  2.254e-04  7.817e+01  
 GE6    -8.405732e+03  -1.711188e-04  7.310e-05  7.811e+01  
 GE7    -8.405732e+03  -1.201985e-05  1.298e-05  7.838e+01  
 GE8    -8.405732e+03  -2.688412e-07  4.922e-06  7.832e+01  
 GE9    -8.405732e+03  -3.845317e-08  1.523e-06  7.851e+01  
 GE10   -8.405732e+03  -4.460939e-09  1.287e-06  7.841e+01  
 GE11   -8.405732e+03  -4.846089e-09  3.421e-07  7.850e+01  
 ><><><><><><><><><><><><><><><><><><><><><><
 TOTAL-STRESS (KBAR):
 ><><><><><><><><><><><><><><><><><><><><><><
 -5.899e+01     -6.298e-01     2.817e-01      
 -6.298e-01     -5.897e+01     -3.885e-01     
 2.817e-01      -3.885e-01     -5.898e+01     
 TOTAL-PRESSURE: -5.898e+01 KBAR
 ------------------------------------------------------------------------------------------------
 Energy              Potential           Kinetic             Temperature         Pressure (KBAR)     
 -3.089e+02          -3.089e+02          3.642e-02           1.217e+02           -5.747e+01          
 ------------------------------------------------------------------------------------------------
 -------------------------------------------
 STEP OF MOLECULAR DYNAMICS : 6
 -------------------------------------------
 DONE(4.989e+03  SEC) : INIT SCF
 ITER   ETOT(eV)       EDIFF(eV)      DRHO       TIME(s)    
 GE1    -8.405716e+03  0.000000e+00   2.758e-03  8.331e+01  
 GE2    -8.405708e+03  7.978220e-03   1.997e-03  7.798e+01  
 GE3    -8.405720e+03  -1.137978e-02  1.838e-03  7.807e+01  
 GE4    -8.405728e+03  -8.789647e-03  4.029e-04  7.804e+01  
 GE5    -8.405729e+03  -3.396894e-04  2.099e-04  7.775e+01  
 GE6    -8.405729e+03  -1.158272e-04  7.932e-05  7.732e+01  
 GE7    -8.405729e+03  -1.226361e-05  1.887e-05  7.755e+01  
 GE8    -8.405729e+03  -6.332213e-07  6.464e-06  7.792e+01  
 GE9    -8.405729e+03  -6.103938e-08  2.851e-06  7.800e+01  
 GE10   -8.405729e+03  -3.112139e-08  1.646e-06  7.808e+01  
 GE11   -8.405729e+03  -7.616388e-09  2.927e-07  7.828e+01  
 ><><><><><><><><><><><><><><><><><><><><><><
 TOTAL-STRESS (KBAR):
 ><><><><><><><><><><><><><><><><><><><><><><
 -5.898e+01     -6.606e-01     -2.323e-01     
 -6.606e-01     -5.900e+01     -9.223e-02     
 -2.323e-01     -9.223e-02     -5.893e+01     
 TOTAL-PRESSURE: -5.897e+01 KBAR
 ------------------------------------------------------------------------------------------------
 Energy              Potential           Kinetic             Temperature         Pressure (KBAR)     
 -3.089e+02          -3.089e+02          5.268e-02           1.760e+02           -5.678e+01          
 ------------------------------------------------------------------------------------------------
 -------------------------------------------
 STEP OF MOLECULAR DYNAMICS : 7
 -------------------------------------------
 DONE(5.934e+03  SEC) : INIT SCF
 ITER   ETOT(eV)       EDIFF(eV)      DRHO       TIME(s)    
 GE1    -8.405681e+03  0.000000e+00   3.043e-03  8.408e+01  
 GE2    -8.405676e+03  4.521496e-03   1.937e-03  7.843e+01  
 GE3    -8.405685e+03  -9.222855e-03  1.739e-03  7.840e+01  
 GE4    -8.405694e+03  -8.189559e-03  4.462e-04  7.835e+01  
 GE5    -8.405694e+03  -4.867702e-04  2.599e-04  7.850e+01  
 GE6    -8.405694e+03  -1.971848e-04  8.705e-05  7.857e+01  
 GE7    -8.405694e+03  -1.533604e-05  1.846e-05  7.867e+01  
 GE8    -8.405694e+03  -5.861247e-07  6.805e-06  7.852e+01  
 GE9    -8.405694e+03  -7.136883e-08  2.674e-06  7.843e+01  
 GE10   -8.405694e+03  -2.565659e-08  1.753e-06  7.837e+01  
 GE11   -8.405694e+03  -8.679032e-09  3.359e-07  7.828e+01  
 ><><><><><><><><><><><><><><><><><><><><><><
 TOTAL-STRESS (KBAR):
 ><><><><><><><><><><><><><><><><><><><><><><
 -5.891e+01     -4.633e-01     -1.525e-01     
 -4.633e-01     -5.879e+01     -2.246e-02     
 -1.525e-01     -2.246e-02     -5.883e+01     
 TOTAL-PRESSURE: -5.884e+01 KBAR
 ------------------------------------------------------------------------------------------------
 Energy              Potential           Kinetic             Temperature         Pressure (KBAR)     
 -3.088e+02          -3.089e+02          6.596e-02           2.204e+02           -5.610e+01          
 ------------------------------------------------------------------------------------------------
 -------------------------------------------
 STEP OF MOLECULAR DYNAMICS : 8
 -------------------------------------------
 DONE(6.884e+03  SEC) : INIT SCF
 ITER   ETOT(eV)       EDIFF(eV)      DRHO       TIME(s)    
 GE1    -8.405630e+03  0.000000e+00   3.493e-03  8.383e+01  
 GE2    -8.405628e+03  2.021390e-03   2.026e-03  7.814e+01  
 GE3    -8.405635e+03  -7.056506e-03  1.798e-03  7.826e+01  
 GE4    -8.405644e+03  -9.704271e-03  5.304e-04  7.821e+01  
 GE5    -8.405645e+03  -7.250567e-04  2.765e-04  7.822e+01  
 GE6    -8.405645e+03  -2.249891e-04  1.014e-04  7.856e+01  
 GE7    -8.405645e+03  -2.325796e-05  2.015e-05  7.828e+01  
 GE8    -8.405645e+03  -6.728021e-07  7.926e-06  7.807e+01  
 GE9    -8.405645e+03  -8.705018e-08  2.396e-06  7.825e+01  
 GE10   -8.405645e+03  -1.305026e-08  1.843e-06  7.811e+01  
 GE11   -8.405645e+03  -9.617933e-09  5.282e-07  7.821e+01  
 ><><><><><><><><><><><><><><><><><><><><><><
 TOTAL-STRESS (KBAR):
 ><><><><><><><><><><><><><><><><><><><><><><
 -5.879e+01     -3.759e-01     -4.769e-01     
 -3.759e-01     -5.859e+01     3.458e-01      
 -4.769e-01     3.458e-01      -5.859e+01     
 TOTAL-PRESSURE: -5.866e+01 KBAR
 ------------------------------------------------------------------------------------------------
 Energy              Potential           Kinetic             Temperature         Pressure (KBAR)     
 -3.088e+02          -3.089e+02          7.900e-02           2.640e+02           -5.537e+01          
 ------------------------------------------------------------------------------------------------
 -------------------------------------------
 STEP OF MOLECULAR DYNAMICS : 9
 -------------------------------------------
 DONE(7.832e+03  SEC) : INIT SCF
 ITER   ETOT(eV)       EDIFF(eV)      DRHO       TIME(s)    
 GE1    -8.405573e+03  0.000000e+00   3.796e-03  8.392e+01  
 GE2    -8.405560e+03  1.311430e-02   2.826e-03  7.832e+01  
 GE3    -8.405581e+03  -2.067757e-02  2.459e-03  7.837e+01  
 GE4    -8.405597e+03  -1.685155e-02  5.944e-04  7.850e+01  
 GE5    -8.405598e+03  -8.493827e-04  3.097e-04  7.836e+01  
 GE6    -8.405598e+03  -2.389290e-04  1.084e-04  7.839e+01  
 GE7    -8.405598e+03  -2.414534e-05  2.540e-05  7.842e+01  
 GE8    -8.405598e+03  -1.028853e-06  1.114e-05  7.834e+01  
 GE9    -8.405598e+03  -2.624576e-07  5.477e-06  7.846e+01  
 GE10   -8.405598e+03  -1.058065e-07  1.839e-06  7.864e+01  
 GE11   -8.405598e+03  -7.969056e-09  4.147e-07  7.846e+01  
 ><><><><><><><><><><><><><><><><><><><><><><
 TOTAL-STRESS (KBAR):
 ><><><><><><><><><><><><><><><><><><><><><><
 -5.861e+01     -5.723e-01     -1.074e+00     
 -5.723e-01     -5.842e+01     1.123e+00      
 -1.074e+00     1.123e+00      -5.846e+01     
 TOTAL-PRESSURE: -5.850e+01 KBAR
 ------------------------------------------------------------------------------------------------
 Energy              Potential           Kinetic             Temperature         Pressure (KBAR)     
 -3.088e+02          -3.089e+02          7.457e-02           2.492e+02           -5.539e+01          
 ------------------------------------------------------------------------------------------------
 -------------------------------------------
 STEP OF MOLECULAR DYNAMICS : 10
 -------------------------------------------
 DONE(8.783e+03  SEC) : INIT SCF
 ITER   ETOT(eV)       EDIFF(eV)      DRHO       TIME(s)    
 GE1    -8.405513e+03  0.000000e+00   3.503e-03  8.410e+01  
 GE2    -8.405508e+03  4.928647e-03   2.078e-03  7.831e+01  
 GE3    -8.405517e+03  -9.646013e-03  1.949e-03  7.817e+01  
 GE4    -8.405528e+03  -1.077491e-02  4.690e-04  7.816e+01  
 GE5    -8.405529e+03  -5.680190e-04  2.838e-04  7.802e+01  
 GE6    -8.405529e+03  -2.444228e-04  9.894e-05  7.794e+01  
 GE7    -8.405529e+03  -2.005253e-05  2.064e-05  7.831e+01  
 GE8    -8.405529e+03  -7.020395e-07  8.509e-06  7.827e+01  
 GE9    -8.405529e+03  -1.521004e-07  4.431e-06  7.812e+01  
 GE10   -8.405529e+03  -7.098059e-08  1.794e-06  7.824e+01  
 GE11   -8.405529e+03  -8.089705e-09  3.483e-07  7.787e+01  
 ><><><><><><><><><><><><><><><><><><><><><><
 TOTAL-STRESS (KBAR):
 ><><><><><><><><><><><><><><><><><><><><><><
 -5.839e+01     -3.159e-01     -2.443e-01     
 -3.159e-01     -5.813e+01     3.906e-01      
 -2.443e-01     3.906e-01      -5.828e+01     
 TOTAL-PRESSURE: -5.827e+01 KBAR
 ------------------------------------------------------------------------------------------------
 Energy              Potential           Kinetic             Temperature         Pressure (KBAR)     
 -3.088e+02          -3.089e+02          8.301e-02           2.774e+02           -5.481e+01          
 ------------------------------------------------------------------------------------------------

  |CLASS_NAME---------|NAME---------------|TIME(Sec)-----|CALLS----|AVG------|PER%-------
                       total               9729.3         27        3.6e+02   1e+02     %
   Driver              driver_line         9729.2         1         9.7e+03   1e+02     %
   PW_Basis            setup_struc_factor  0.9315         11        0.085     0.0096    %
   ORB_control         read_orb_first      0.15816        1         0.16      0.0016    %
   LCAO_Orbitals       Read_Orbitals       0.15815        1         0.16      0.0016    %
   ORB_control         set_orb_tables      6.9695         1         7         0.072     %
   ORB_gen_tables      gen_tables          6.9695         1         7         0.072     %
   ORB_table_phi       init_Table          5.5092         1         5.5       0.057     %
   ORB_table_phi       cal_ST_Phi12_R      5.4808         558       0.0098    0.056     %
   ORB_table_beta      init_Table_Beta     1.2719         1         1.3       0.013     %
   ORB_table_beta      VNL_PhiBeta_R       1.2655         168       0.0075    0.013     %
   Run_MD              md_line             9721.9         1         9.7e+03   1e+02     %
   Langevin            setup               714.42         1         7.1e+02   7.3       %
   MD_func             force_virial        9721.7         11        8.8e+02   1e+02     %
   ESolver_KS_LCAO     Run                 8829.2         11        8e+02     91        %
   ESolver_KS_LCAO     beforescf           9.3134         11        0.85      0.096     %
   ESolver_KS_LCAO     beforesolver        6.6143         11        0.6       0.068     %
   ESolver_KS_LCAO     set_matrix_grid     4.3053         11        0.39      0.044     %
   Grid_Technique      init                2.0896         11        0.19      0.021     %
   Grid_BigCell        grid_expansion_index0.55994        22        0.025     0.0058    %
   Record_adj          for_2d              1.9527         11        0.18      0.02      %
   Grid_Driver         Find_atom           14.962         540992    2.8e-05   0.15      %
   Charge              atomic_rho          0.99973        21        0.048     0.01      %
   PW_Basis            recip2real          2.1483         680       0.0032    0.022     %
   PW_Basis            gathers_scatterp    0.99391        680       0.0015    0.01      %
   Potential           init_pot            0.77696        11        0.071     0.008     %
   Potential           update_from_charge  8.1295         123       0.066     0.084     %
   Potential           cal_v_eff           8.0878         123       0.066     0.083     %
   H_Hartree_pw        v_hartree           0.85448        123       0.0069    0.0088    %
   PW_Basis            real2recip          2.6474         1028      0.0026    0.027     %
   PW_Basis            gatherp_scatters    1.1189         1028      0.0011    0.012     %
   PotXC               cal_v_eff           7.173          123       0.058     0.074     %
   XC_Functional       v_xc                7.132          123       0.058     0.073     %
   HSolverLCAO         solve               8808           112       79        91        %
   HamiltLCAO          updateHk            3262.7         4032      0.81      34        %
   OperatorLCAO        init                2723.4         8064      0.34      28        %
   Veff                contributeHk        2721.5         4032      0.67      28        %
   Gint_interface      cal_gint            4309           235       18        44        %
   Gint_interface      cal_gint_vlocal     2065.2         112       18        21        %
   Gint_k              folding_vl_k        656.26         4032      0.16      6.7       %
   Gint_k              Distri              418.04         4032      0.1       4.3       %
   Overlap             contributeHR        3.9106         11        0.36      0.04      %
   LCAO_gen_fixedH     calculate_S_no      3.9106         11        0.36      0.04      %
   Ekin<LCAO>          contributeHR        3.9995         11        0.36      0.041     %
   Nonlocal<LCAO>      contributeHR        48.193         11        4.4       0.5       %
   LCAO_gen_fixedH     build_Nonlocal_mu_new153.83         22        7         1.6       %
   ORB_gen_tables      snap_psibeta_half   3.1589         1126752   2.8e-06   0.032     %
   OperatorLCAO        folding_fixed       483.08         4032      0.12      5         %
   LCAO_nnr            folding_fixedH      477.38         4032      0.12      4.9       %
   HSolverLCAO         hamiltSolvePsiK     1351.3         4032      0.34      14        %
   DiagoElpa           elpa_solve          1336.6         4032      0.33      14        %
   ElecStateLCAO       psiToRho            4194           112       37        43        %
   elecstate           cal_dm              124.09         123       1         1.3       %
   psiMulPsiMpi        pdgemm              119.87         4428      0.027     1.2       %
    Local_Orbital_wfc  wfc_2d_to_grid      23.348         4032      0.0058    0.24      %
   LCAO_Charge         cal_dk_k            2262.6         112       20        23        %
   Record_adj          for_grid            0.57208        112       0.0051    0.0059    %
   Gint_interface      cal_gint_rho        1801.2         112       16        19        %
   Charge              mix_rho             1.0679         101       0.011     0.011     %
   Force_Stress_LCAO   getForceStress      892.53         11        81        9.2       %
   Forces              cal_force_loc       0.75335        11        0.068     0.0077    %
   Forces              cal_force_ew        0.74265        11        0.068     0.0076    %
   Forces              cal_force_scc       1.1858         11        0.11      0.012     %
   Stress_Func         stress_loc          0.4738         11        0.043     0.0049    %
   Stress_Func         stress_ewa          0.36662        11        0.033     0.0038    %
   Stress_Func         stress_gga          0.38279        11        0.035     0.0039    %
   Force_LCAO_k        ftable_k            888.56         11        81        9.1       %
   Force_LCAO_k        allocate_k          132.43         11        12        1.4       %
   Force_LCAO_k        cal_foverlap_k      23.968         11        2.2       0.25      %
   Force_LCAO_k        cal_edm_2d          23.084         11        2.1       0.24      %
   Local_Orbital_Chargecal_dm_R            11.46          22        0.52      0.12      %
   Force_LCAO_k        cal_ftvnl_dphi_k    0.25435        11        0.023     0.0026    %
   Force_LCAO_k        cal_fvl_dphi_k      442.53         11        40        4.5       %
   Gint_interface      cal_gint_force      442.53         11        40        4.5       %
   Force_LCAO_k        cal_fvnl_dbeta_k_new274.92         11        25        2.8       %
 ----------------------------------------------------------------------------------------

 START  Time  : Fri Feb  3 19:53:12 2023
 FINISH Time  : Fri Feb  3 22:35:21 2023
 TOTAL  Time  : 9.7e+03
 SEE INFORMATION IN : OUT.ABACUS/
