WARNING: Total thread number on this node mismatches with hardware availability. This may cause poor performance.
Info: Local MPI proc number: 16,OpenMP thread number: 1,Total thread number: 16,Local thread limit: 32
                                                                                     
                              ABACUS v3.1                                            

               Atomic-orbital Based Ab-initio Computation at UStc                    

                     Website: http://abacus.ustc.edu.cn/                             
               Documentation: https://abacus.deepmodeling.com/                       
                  Repository: https://github.com/abacusmodeling/abacus-develop       
                              https://github.com/deepmodeling/abacus-develop         

 Fri Feb  3 16:52:50 2023
 MAKE THE DIR         : OUT.ABACUS/
 MAKE THE STRU DIR    : OUT.ABACUS/STRU/
 UNIFORM GRID DIM     : 108 * 108 * 108
 UNIFORM GRID DIM(BIG): 54 * 54 * 54
 DONE(0.101123   SEC) : SETUP UNITCELL
 DONE(0.116764   SEC) : INIT K-POINTS
 ---------------------------------------------------------
 Molecular Dynamics simulations
 ---------------------------------------------------------
 ENSEMBLE                 : Langevin
 Time interval(fs)        : 1
 ---------------------------------------------------------
 SPIN    KPOINTS         PROCESSORS  NBASE       
 1       36              16          1408        
 ---------------------------------------------------------
 Use Systematically Improvable Atomic bases
 ---------------------------------------------------------
 ELEMENT ORBITALS        NBASE       NATOM       XC          
 Si      3s3p2d-9au      22          32          
 C       3s3p2d-9au      22          32          
 ---------------------------------------------------------
 Initial plane wave basis and FFT box
 ---------------------------------------------------------
--------------------------------- INITVEL DONE ------------------------------------
 -------------------------------------------
 STEP OF MOLECULAR DYNAMICS : 0
 -------------------------------------------
 START CHARGE      : atomic
 DONE(9.68039    SEC) : INIT SCF
 ITER   ETOT(eV)       EDIFF(eV)      DRHO       TIME(s)    
 GE1    -8.337875e+03  0.000000e+00   2.705e-01  8.427e+01  
 GE2    -8.381302e+03  -4.342679e+01  1.585e-01  7.903e+01  
 GE3    -8.390933e+03  -9.631125e+00  3.949e-02  7.897e+01  
 GE4    -8.389820e+03  1.112911e+00   6.656e-02  7.915e+01  
 GE5    -8.402680e+03  -1.286035e+01  7.900e-03  7.909e+01  
 GE6    -8.402744e+03  -6.380088e-02  3.916e-03  7.894e+01  
 GE7    -8.402763e+03  -1.889203e-02  1.987e-03  7.911e+01  
 GE8    -8.402766e+03  -3.315113e-03  1.421e-03  7.905e+01  
 GE9    -8.402768e+03  -1.645641e-03  8.949e-04  7.918e+01  
 GE10   -8.402770e+03  -1.755653e-03  1.551e-04  7.883e+01  
 GE11   -8.402770e+03  -7.691550e-05  1.043e-04  7.894e+01  
 GE12   -8.402770e+03  -1.690728e-05  5.124e-05  7.888e+01  
 GE13   -8.402770e+03  -5.370335e-06  1.986e-05  7.879e+01  
 GE14   -8.402770e+03  -1.209790e-06  6.183e-06  7.899e+01  
 GE15   -8.402770e+03  -5.586692e-08  3.848e-06  7.904e+01  
 GE16   -8.402770e+03  -2.217322e-08  1.532e-06  7.892e+01  
 GE17   -8.402770e+03  -5.815926e-09  1.146e-06  7.919e+01  
 GE18   -8.402770e+03  -9.296201e-10  5.554e-07  7.901e+01  
 ><><><><><><><><><><><><><><><><><><><><><><
 TOTAL-STRESS (KBAR):
 ><><><><><><><><><><><><><><><><><><><><><><
 -8.022e+00     -5.064e+01     4.535e+01      
 -5.064e+01     -6.149e+01     2.152e+00      
 4.535e+01      2.152e+00      -3.522e+01     
 TOTAL-PRESSURE: -3.491e+01 KBAR
 ------------------------------------------------------------------------------------------------
 Energy              Potential           Kinetic             Temperature         Pressure (KBAR)     
 -3.088e+02          -3.088e+02          2.993e-03           1.000e+01           -3.478e+01          
 ------------------------------------------------------------------------------------------------
 -------------------------------------------
 STEP OF MOLECULAR DYNAMICS : 1
 -------------------------------------------
 DONE(1.521e+03  SEC) : INIT SCF
 ITER   ETOT(eV)       EDIFF(eV)      DRHO       TIME(s)    
 GE1    -8.402791e+03  0.000000e+00   4.087e-04  8.378e+01  
 GE2    -8.402791e+03  1.586731e-04   3.023e-04  7.859e+01  
 GE3    -8.402791e+03  -2.220103e-04  2.723e-04  7.866e+01  
 GE4    -8.402791e+03  -2.099721e-04  7.682e-05  7.868e+01  
 GE5    -8.402791e+03  -1.526262e-05  3.232e-05  7.877e+01  
 GE6    -8.402791e+03  -2.846296e-06  1.364e-05  7.867e+01  
 GE7    -8.402791e+03  -3.879114e-07  6.087e-06  7.868e+01  
 GE8    -8.402791e+03  -1.221963e-07  2.292e-06  7.900e+01  
 GE9    -8.402791e+03  -1.349573e-08  7.567e-07  7.864e+01  
 ><><><><><><><><><><><><><><><><><><><><><><
 TOTAL-STRESS (KBAR):
 ><><><><><><><><><><><><><><><><><><><><><><
 -8.103e+00     -5.079e+01     4.543e+01      
 -5.079e+01     -6.152e+01     2.099e+00      
 4.543e+01      2.099e+00      -3.530e+01     
 TOTAL-PRESSURE: -3.497e+01 KBAR
 ------------------------------------------------------------------------------------------------
 Energy              Potential           Kinetic             Temperature         Pressure (KBAR)     
 -3.088e+02          -3.088e+02          5.985e-03           2.000e+01           -3.472e+01          
 ------------------------------------------------------------------------------------------------
 -------------------------------------------
 STEP OF MOLECULAR DYNAMICS : 2
 -------------------------------------------
 DONE(2.317e+03  SEC) : INIT SCF
 ITER   ETOT(eV)       EDIFF(eV)      DRHO       TIME(s)    
 GE1    -8.402837e+03  0.000000e+00   1.529e-03  8.453e+01  
 GE2    -8.402836e+03  1.204900e-03   9.462e-04  7.913e+01  
 GE3    -8.402838e+03  -1.779845e-03  9.448e-04  7.942e+01  
 GE4    -8.402840e+03  -2.432823e-03  2.230e-04  7.916e+01  
 GE5    -8.402840e+03  -1.150487e-04  1.253e-04  7.897e+01  
 GE6    -8.402840e+03  -3.971254e-05  4.921e-05  7.918e+01  
 GE7    -8.402840e+03  -5.155384e-06  2.133e-05  7.907e+01  
 GE8    -8.402840e+03  -1.625445e-06  7.565e-06  7.930e+01  
 GE9    -8.402840e+03  -1.656069e-07  2.108e-06  7.933e+01  
 GE10   -8.402840e+03  -8.196434e-09  5.900e-07  7.938e+01  
 ><><><><><><><><><><><><><><><><><><><><><><
 TOTAL-STRESS (KBAR):
 ><><><><><><><><><><><><><><><><><><><><><><
 -8.355e+00     -5.109e+01     4.578e+01      
 -5.109e+01     -6.154e+01     1.901e+00      
 4.578e+01      1.901e+00      -3.541e+01     
 TOTAL-PRESSURE: -3.510e+01 KBAR
 ------------------------------------------------------------------------------------------------
 Energy              Potential           Kinetic             Temperature         Pressure (KBAR)     
 -3.088e+02          -3.088e+02          1.598e-02           5.339e+01           -3.443e+01          
 ------------------------------------------------------------------------------------------------
 -------------------------------------------
 STEP OF MOLECULAR DYNAMICS : 3
 -------------------------------------------
 DONE(3.198e+03  SEC) : INIT SCF
 ITER   ETOT(eV)       EDIFF(eV)      DRHO       TIME(s)    
 GE1    -8.402897e+03  0.000000e+00   1.955e-03  8.460e+01  
 GE2    -8.402897e+03  4.195971e-05   1.161e-03  7.931e+01  
 GE3    -8.402900e+03  -2.555865e-03  9.492e-04  7.931e+01  
 GE4    -8.402902e+03  -2.301977e-03  2.922e-04  7.913e+01  
 GE5    -8.402903e+03  -2.334788e-04  1.705e-04  7.926e+01  
 GE6    -8.402903e+03  -9.273984e-05  5.757e-05  7.927e+01  
 GE7    -8.402903e+03  -7.487144e-06  1.642e-05  7.929e+01  
 GE8    -8.402903e+03  -6.518771e-07  8.408e-06  7.923e+01  
 GE9    -8.402903e+03  -2.306185e-07  3.363e-06  7.911e+01  
 GE10   -8.402903e+03  -2.969680e-08  8.506e-07  7.915e+01  
 ><><><><><><><><><><><><><><><><><><><><><><
 TOTAL-STRESS (KBAR):
 ><><><><><><><><><><><><><><><><><><><><><><
 -8.577e+00     -5.186e+01     4.587e+01      
 -5.186e+01     -6.177e+01     2.329e+00      
 4.587e+01      2.329e+00      -3.565e+01     
 TOTAL-PRESSURE: -3.533e+01 KBAR
 ------------------------------------------------------------------------------------------------
 Energy              Potential           Kinetic             Temperature         Pressure (KBAR)     
 -3.088e+02          -3.088e+02          2.465e-02           8.238e+01           -3.430e+01          
 ------------------------------------------------------------------------------------------------
 -------------------------------------------
 STEP OF MOLECULAR DYNAMICS : 4
 -------------------------------------------
 DONE(4.080e+03  SEC) : INIT SCF
 ITER   ETOT(eV)       EDIFF(eV)      DRHO       TIME(s)    
 GE1    -8.402861e+03  0.000000e+00   2.072e-03  8.497e+01  
 GE2    -8.402859e+03  2.555166e-03   1.285e-03  7.994e+01  
 GE3    -8.402862e+03  -3.577602e-03  1.283e-03  7.989e+01  
 GE4    -8.402867e+03  -4.548360e-03  3.085e-04  7.990e+01  
 GE5    -8.402867e+03  -2.336677e-04  1.620e-04  8.000e+01  
 GE6    -8.402867e+03  -6.632563e-05  6.090e-05  8.007e+01  
 GE7    -8.402867e+03  -7.087641e-06  2.143e-05  8.015e+01  
 GE8    -8.402867e+03  -1.602192e-06  1.027e-05  7.990e+01  
 GE9    -8.402867e+03  -3.280383e-07  2.945e-06  7.982e+01  
 GE10   -8.402867e+03  -1.553285e-08  9.447e-07  8.017e+01  
 ><><><><><><><><><><><><><><><><><><><><><><
 TOTAL-STRESS (KBAR):
 ><><><><><><><><><><><><><><><><><><><><><><
 -8.224e+00     -5.264e+01     4.554e+01      
 -5.264e+01     -6.162e+01     2.378e+00      
 4.554e+01      2.378e+00      -3.520e+01     
 TOTAL-PRESSURE: -3.501e+01 KBAR
 ------------------------------------------------------------------------------------------------
 Energy              Potential           Kinetic             Temperature         Pressure (KBAR)     
 -3.088e+02          -3.088e+02          3.448e-02           1.152e+02           -3.357e+01          
 ------------------------------------------------------------------------------------------------
 -------------------------------------------
 STEP OF MOLECULAR DYNAMICS : 5
 -------------------------------------------
 DONE(4.968e+03  SEC) : INIT SCF
 ITER   ETOT(eV)       EDIFF(eV)      DRHO       TIME(s)    
 GE1    -8.402863e+03  0.000000e+00   2.430e-03  8.625e+01  
 GE2    -8.402862e+03  5.134198e-04   1.413e-03  8.079e+01  
 GE3    -8.402866e+03  -3.631914e-03  1.268e-03  8.035e+01  
 GE4    -8.402870e+03  -4.025995e-03  3.825e-04  8.030e+01  
 GE5    -8.402870e+03  -4.421261e-04  2.462e-04  8.016e+01  
 GE6    -8.402870e+03  -1.652559e-04  6.745e-05  7.997e+01  
 GE7    -8.402870e+03  -8.232463e-06  2.358e-05  8.008e+01  
 GE8    -8.402870e+03  -1.717553e-06  1.268e-05  8.010e+01  
 GE9    -8.402870e+03  -5.135029e-07  3.443e-06  8.043e+01  
 GE10   -8.402870e+03  -3.089092e-08  1.028e-06  8.018e+01  
 GE11   -8.402870e+03  -4.980660e-10  4.989e-07  8.028e+01  
 ><><><><><><><><><><><><><><><><><><><><><><
 TOTAL-STRESS (KBAR):
 ><><><><><><><><><><><><><><><><><><><><><><
 -8.430e+00     -5.291e+01     4.594e+01      
 -5.291e+01     -6.167e+01     1.939e+00      
 4.594e+01      1.939e+00      -3.525e+01     
 TOTAL-PRESSURE: -3.512e+01 KBAR
 ------------------------------------------------------------------------------------------------
 Energy              Potential           Kinetic             Temperature         Pressure (KBAR)     
 -3.088e+02          -3.088e+02          3.664e-02           1.224e+02           -3.358e+01          
 ------------------------------------------------------------------------------------------------
 -------------------------------------------
 STEP OF MOLECULAR DYNAMICS : 6
 -------------------------------------------
 DONE(5.942e+03  SEC) : INIT SCF
 ITER   ETOT(eV)       EDIFF(eV)      DRHO       TIME(s)    
 GE1    -8.402890e+03  0.000000e+00   2.802e-03  8.575e+01  
 GE2    -8.402881e+03  8.765093e-03   2.015e-03  8.016e+01  
 GE3    -8.402893e+03  -1.204981e-02  1.912e-03  8.033e+01  
 GE4    -8.402903e+03  -9.259813e-03  4.116e-04  8.029e+01  
 GE5    -8.402903e+03  -3.512914e-04  2.204e-04  8.053e+01  
 GE6    -8.402903e+03  -1.266035e-04  8.411e-05  8.047e+01  
 GE7    -8.402903e+03  -1.371323e-05  3.435e-05  8.055e+01  
 GE8    -8.402903e+03  -3.766032e-06  1.368e-05  8.037e+01  
 GE9    -8.402903e+03  -5.945779e-07  4.379e-06  8.014e+01  
 GE10   -8.402903e+03  -4.830312e-08  1.184e-06  8.041e+01  
 GE11   -8.402903e+03  -4.315541e-10  6.132e-07  8.007e+01  
 ><><><><><><><><><><><><><><><><><><><><><><
 TOTAL-STRESS (KBAR):
 ><><><><><><><><><><><><><><><><><><><><><><
 -8.628e+00     -5.286e+01     4.516e+01      
 -5.286e+01     -6.173e+01     1.980e+00      
 4.516e+01      1.980e+00      -3.541e+01     
 TOTAL-PRESSURE: -3.526e+01 KBAR
 ------------------------------------------------------------------------------------------------
 Energy              Potential           Kinetic             Temperature         Pressure (KBAR)     
 -3.088e+02          -3.088e+02          5.080e-02           1.697e+02           -3.312e+01          
 ------------------------------------------------------------------------------------------------
 -------------------------------------------
 STEP OF MOLECULAR DYNAMICS : 7
 -------------------------------------------
 DONE(6.914e+03  SEC) : INIT SCF
 ITER   ETOT(eV)       EDIFF(eV)      DRHO       TIME(s)    
 GE1    -8.402771e+03  0.000000e+00   2.974e-03  8.634e+01  
 GE2    -8.402768e+03  3.305154e-03   1.873e-03  8.036e+01  
 GE3    -8.402777e+03  -8.501896e-03  1.633e-03  8.048e+01  
 GE4    -8.402784e+03  -7.065055e-03  4.369e-04  8.036e+01  
 GE5    -8.402784e+03  -4.712156e-04  2.686e-04  8.020e+01  
 GE6    -8.402784e+03  -2.165217e-04  8.856e-05  8.006e+01  
 GE7    -8.402784e+03  -1.483944e-05  3.041e-05  8.030e+01  
 GE8    -8.402784e+03  -2.935406e-06  1.545e-05  8.016e+01  
 GE9    -8.402784e+03  -7.671871e-07  4.529e-06  8.046e+01  
 GE10   -8.402784e+03  -5.070374e-08  1.207e-06  8.029e+01  
 GE11   -8.402784e+03  -5.908733e-10  6.103e-07  8.039e+01  
 ><><><><><><><><><><><><><><><><><><><><><><
 TOTAL-STRESS (KBAR):
 ><><><><><><><><><><><><><><><><><><><><><><
 -8.384e+00     -5.231e+01     4.483e+01      
 -5.231e+01     -6.106e+01     1.805e+00      
 4.483e+01      1.805e+00      -3.517e+01     
 TOTAL-PRESSURE: -3.487e+01 KBAR
 ------------------------------------------------------------------------------------------------
 Energy              Potential           Kinetic             Temperature         Pressure (KBAR)     
 -3.087e+02          -3.088e+02          6.458e-02           2.158e+02           -3.216e+01          
 ------------------------------------------------------------------------------------------------
 -------------------------------------------
 STEP OF MOLECULAR DYNAMICS : 8
 -------------------------------------------
 DONE(7.888e+03  SEC) : INIT SCF
 ITER   ETOT(eV)       EDIFF(eV)      DRHO       TIME(s)    
 GE1    -8.402778e+03  0.000000e+00   3.544e-03  8.610e+01  
 GE2    -8.402774e+03  3.928928e-03   2.126e-03  8.059e+01  
 GE3    -8.402782e+03  -7.548042e-03  1.995e-03  8.093e+01  
 GE4    -8.402794e+03  -1.207520e-02  5.750e-04  8.044e+01  
 GE5    -8.402795e+03  -8.402537e-04  2.889e-04  8.058e+01  
 GE6    -8.402795e+03  -2.308922e-04  1.177e-04  8.045e+01  
 GE7    -8.402795e+03  -3.165817e-05  4.381e-05  8.079e+01  
 GE8    -8.402795e+03  -6.423602e-06  1.745e-05  8.085e+01  
 GE9    -8.402795e+03  -8.774670e-07  5.750e-06  8.054e+01  
 GE10   -8.402795e+03  -6.235106e-08  1.456e-06  8.034e+01  
 GE11   -8.402795e+03  -1.557616e-09  6.243e-07  8.051e+01  
 ><><><><><><><><><><><><><><><><><><><><><><
 TOTAL-STRESS (KBAR):
 ><><><><><><><><><><><><><><><><><><><><><><
 -8.659e+00     -5.260e+01     4.453e+01      
 -5.260e+01     -6.096e+01     2.425e+00      
 4.453e+01      2.425e+00      -3.512e+01     
 TOTAL-PRESSURE: -3.491e+01 KBAR
 ------------------------------------------------------------------------------------------------
 Energy              Potential           Kinetic             Temperature         Pressure (KBAR)     
 -3.087e+02          -3.088e+02          7.989e-02           2.669e+02           -3.156e+01          
 ------------------------------------------------------------------------------------------------
 -------------------------------------------
 STEP OF MOLECULAR DYNAMICS : 9
 -------------------------------------------
 DONE(8.864e+03  SEC) : INIT SCF
 ITER   ETOT(eV)       EDIFF(eV)      DRHO       TIME(s)    
 GE1    -8.402765e+03  0.000000e+00   3.828e-03  8.624e+01  
 GE2    -8.402752e+03  1.305179e-02   2.837e-03  8.096e+01  
 GE3    -8.402773e+03  -2.117419e-02  2.453e-03  8.109e+01  
 GE4    -8.402789e+03  -1.663769e-02  6.081e-04  8.099e+01  
 GE5    -8.402790e+03  -8.895890e-04  3.157e-04  8.091e+01  
 GE6    -8.402791e+03  -2.564022e-04  1.143e-04  8.102e+01  
 GE7    -8.402791e+03  -2.574619e-05  3.671e-05  8.093e+01  
 GE8    -8.402791e+03  -3.950946e-06  2.067e-05  8.079e+01  
 GE9    -8.402791e+03  -1.377850e-06  6.233e-06  8.074e+01  
 GE10   -8.402791e+03  -9.710121e-08  1.591e-06  8.055e+01  
 GE11   -8.402791e+03  -1.863880e-09  7.962e-07  8.070e+01  
 ><><><><><><><><><><><><><><><><><><><><><><
 TOTAL-STRESS (KBAR):
 ><><><><><><><><><><><><><><><><><><><><><><
 -8.502e+00     -5.257e+01     4.405e+01      
 -5.257e+01     -6.104e+01     2.943e+00      
 4.405e+01      2.943e+00      -3.531e+01     
 TOTAL-PRESSURE: -3.495e+01 KBAR
 ------------------------------------------------------------------------------------------------
 Energy              Potential           Kinetic             Temperature         Pressure (KBAR)     
 -3.087e+02          -3.088e+02          7.290e-02           2.436e+02           -3.189e+01          
 ------------------------------------------------------------------------------------------------
 -------------------------------------------
 STEP OF MOLECULAR DYNAMICS : 10
 -------------------------------------------
 DONE(9.843e+03  SEC) : INIT SCF
 ITER   ETOT(eV)       EDIFF(eV)      DRHO       TIME(s)    
 GE1    -8.402622e+03  0.000000e+00   3.461e-03  8.642e+01  
 GE2    -8.402618e+03  3.794207e-03   2.045e-03  8.071e+01  
 GE3    -8.402627e+03  -9.152211e-03  1.879e-03  8.101e+01  
 GE4    -8.402637e+03  -9.606772e-03  4.756e-04  8.108e+01  
 GE5    -8.402638e+03  -6.001924e-04  3.068e-04  8.098e+01  
 GE6    -8.402638e+03  -2.883621e-04  1.058e-04  8.107e+01  
 GE7    -8.402638e+03  -2.224893e-05  3.885e-05  8.099e+01  
 GE8    -8.402638e+03  -5.046012e-06  1.792e-05  8.097e+01  
 GE9    -8.402638e+03  -9.970090e-07  5.054e-06  8.090e+01  
 GE10   -8.402638e+03  -5.521108e-08  1.448e-06  8.069e+01  
 GE11   -8.402638e+03  -8.832164e-10  6.937e-07  8.051e+01  
 ><><><><><><><><><><><><><><><><><><><><><><
 TOTAL-STRESS (KBAR):
 ><><><><><><><><><><><><><><><><><><><><><><
 -7.942e+00     -5.245e+01     4.471e+01      
 -5.245e+01     -6.044e+01     2.115e+00      
 4.471e+01      2.115e+00      -3.471e+01     
 TOTAL-PRESSURE: -3.436e+01 KBAR
 ------------------------------------------------------------------------------------------------
 Energy              Potential           Kinetic             Temperature         Pressure (KBAR)     
 -3.087e+02          -3.088e+02          8.180e-02           2.733e+02           -3.093e+01          
 ------------------------------------------------------------------------------------------------

  |CLASS_NAME---------|NAME---------------|TIME(Sec)-----|CALLS----|AVG------|PER%-------
                       total               10821          27        4e+02     1e+02     %
   Driver              driver_line         10821          1         1.1e+04   1e+02     %
   PW_Basis            setup_struc_factor  0.92245        11        0.084     0.0085    %
   ORB_control         read_orb_first      0.15858        1         0.16      0.0015    %
   LCAO_Orbitals       Read_Orbitals       0.15857        1         0.16      0.0015    %
   ORB_control         set_orb_tables      6.9229         1         6.9       0.064     %
   ORB_gen_tables      gen_tables          6.9229         1         6.9       0.064     %
   ORB_table_phi       init_Table          5.3978         1         5.4       0.05      %
   ORB_table_phi       cal_ST_Phi12_R      5.3597         558       0.0096    0.05      %
   ORB_table_beta      init_Table_Beta     1.2665         1         1.3       0.012     %
   ORB_table_beta      VNL_PhiBeta_R       1.2588         168       0.0075    0.012     %
   ppcell_vl           init_vloc           0.24116        1         0.24      0.0022    %
   Run_MD              md_line             10813          1         1.1e+04   1e+02     %
   Langevin            setup               1510.9         1         1.5e+03   14        %
   MD_func             force_virial        10813          11        9.8e+02   1e+02     %
   ESolver_KS_LCAO     Run                 9912.7         11        9e+02     92        %
   ESolver_KS_LCAO     beforescf           22.23          11        2         0.21      %
   ESolver_KS_LCAO     beforesolver        7.0543         11        0.64      0.065     %
   ESolver_KS_LCAO     set_matrix_grid     4.582          11        0.42      0.042     %
   Grid_Technique      init                2.2129         11        0.2       0.02      %
   Grid_BigCell        grid_expansion_index0.59914        22        0.027     0.0055    %
   Record_adj          for_2d              2.0177         11        0.18      0.019     %
   Grid_Driver         Find_atom           16.709         593088    2.8e-05   0.15      %
   Charge              atomic_rho          12.919         21        0.62      0.12      %
   PW_Basis            recip2real          2.2172         735       0.003     0.02      %
   PW_Basis            gathers_scatterp    0.98513        735       0.0013    0.0091    %
   Potential           init_pot            0.77328        11        0.07      0.0071    %
   Potential           update_from_charge  9.3083         134       0.069     0.086     %
   Potential           cal_v_eff           9.2622         134       0.069     0.086     %
   H_Hartree_pw        v_hartree           0.92938        134       0.0069    0.0086    %
   PW_Basis            real2recip          3.2145         1116      0.0029    0.03      %
   PW_Basis            gatherp_scatters    1.5653         1116      0.0014    0.014     %
   PotXC               cal_v_eff           8.2674         134       0.062     0.076     %
   XC_Functional       v_xc                8.2246         134       0.061     0.076     %
   HSolverLCAO         solve               9876.1         123       80        91        %
   HamiltLCAO          updateHk            3671.7         4428      0.83      34        %
   OperatorLCAO        init                3072.8         8856      0.35      28        %
   Veff                contributeHk        3070.6         4428      0.69      28        %
   Gint_interface      cal_gint            4826           257       19        45        %
   Gint_interface      cal_gint_vlocal     2335.4         123       19        22        %
   Gint_k              folding_vl_k        735.22         4428      0.17      6.8       %
   Gint_k              Distri              462.75         4428      0.1       4.3       %
   Overlap             contributeHR        4.1612         11        0.38      0.038     %
   LCAO_gen_fixedH     calculate_S_no      4.1612         11        0.38      0.038     %
   Ekin<LCAO>          contributeHR        4.2842         11        0.39      0.04      %
   Nonlocal<LCAO>      contributeHR        46.453         11        4.2       0.43      %
   LCAO_gen_fixedH     build_Nonlocal_mu_new147.31         22        6.7       1.4       %
   ORB_gen_tables      snap_psibeta_half   3.1765         1096368   2.9e-06   0.029     %
   OperatorLCAO        folding_fixed       543.89         4428      0.12      5         %
   LCAO_nnr            folding_fixedH      537.53         4428      0.12      5         %
   HSolverLCAO         hamiltSolvePsiK     1491.8         4428      0.34      14        %
   DiagoElpa           elpa_solve          1474.5         4428      0.33      14        %
   ElecStateLCAO       psiToRho            4712.6         123       38        44        %
   elecstate           cal_dm              134.73         134       1         1.2       %
   psiMulPsiMpi        pdgemm              129.82         4824      0.027     1.2       %
    Local_Orbital_wfc  wfc_2d_to_grid      25.756         4428      0.0058    0.24      %
   LCAO_Charge         cal_dk_k            2534.6         123       21        23        %
   Record_adj          for_grid            0.63728        123       0.0052    0.0059    %
   Gint_interface      cal_gint_rho        2035.8         123       17        19        %
   Charge              mix_rho             1.2119         112       0.011     0.011     %
   Force_Stress_LCAO   getForceStress      900.07         11        82        8.3       %
   Forces              cal_force_loc       0.7801         11        0.071     0.0072    %
   Forces              cal_force_ew        0.73934        11        0.067     0.0068    %
   Forces              cal_force_scc       7.1061         11        0.65      0.066     %
   Stress_Func         stress_loc          6.0105         11        0.55      0.056     %
   Stress_Func         stress_ewa          0.36581        11        0.033     0.0034    %
   Stress_Func         stress_gga          0.37763        11        0.034     0.0035    %
   Force_LCAO_k        ftable_k            884.63         11        80        8.2       %
   Force_LCAO_k        allocate_k          129.58         11        12        1.2       %
   Force_LCAO_k        cal_foverlap_k      25.027         11        2.3       0.23      %
   Force_LCAO_k        cal_edm_2d          24.14          11        2.2       0.22      %
   Local_Orbital_Chargecal_dm_R            11.432         22        0.52      0.11      %
   Force_LCAO_k        cal_ftvnl_dphi_k    0.25484        11        0.023     0.0024    %
   Force_LCAO_k        cal_fvl_dphi_k      454.84         11        41        4.2       %
   Gint_interface      cal_gint_force      454.84         11        41        4.2       %
   Force_LCAO_k        cal_fvnl_dbeta_k_new263.33         11        24        2.4       %
 ----------------------------------------------------------------------------------------

 START  Time  : Fri Feb  3 16:52:50 2023
 FINISH Time  : Fri Feb  3 19:53:11 2023
 TOTAL  Time  : 1.1e+04
 SEE INFORMATION IN : OUT.ABACUS/
