WARNING: Total thread number on this node mismatches with hardware availability. This may cause poor performance.
Info: Local MPI proc number: 16,OpenMP thread number: 1,Total thread number: 16,Local thread limit: 32
                                                                                     
                              ABACUS v3.1                                            

               Atomic-orbital Based Ab-initio Computation at UStc                    

                     Website: http://abacus.ustc.edu.cn/                             
               Documentation: https://abacus.deepmodeling.com/                       
                  Repository: https://github.com/abacusmodeling/abacus-develop       
                              https://github.com/deepmodeling/abacus-develop         

 Fri Feb  3 16:52:50 2023
 MAKE THE DIR         : OUT.ABACUS/
 MAKE THE STRU DIR    : OUT.ABACUS/STRU/
 UNIFORM GRID DIM     : 108 * 108 * 108
 UNIFORM GRID DIM(BIG): 54 * 54 * 54
 DONE(0.113754   SEC) : SETUP UNITCELL
 DONE(0.128198   SEC) : INIT K-POINTS
 ---------------------------------------------------------
 Molecular Dynamics simulations
 ---------------------------------------------------------
 ENSEMBLE                 : Langevin
 Time interval(fs)        : 1
 ---------------------------------------------------------
 SPIN    KPOINTS         PROCESSORS  NBASE       
 1       36              16          1408        
 ---------------------------------------------------------
 Use Systematically Improvable Atomic bases
 ---------------------------------------------------------
 ELEMENT ORBITALS        NBASE       NATOM       XC          
 Si      3s3p2d-9au      22          32          
 C       3s3p2d-9au      22          32          
 ---------------------------------------------------------
 Initial plane wave basis and FFT box
 ---------------------------------------------------------
--------------------------------- INITVEL DONE ------------------------------------
 -------------------------------------------
 STEP OF MOLECULAR DYNAMICS : 0
 -------------------------------------------
 START CHARGE      : atomic
 DONE(9.31943    SEC) : INIT SCF
 ITER   ETOT(eV)       EDIFF(eV)      DRHO       TIME(s)    
 GE1    -8.334715e+03  0.000000e+00   2.734e-01  8.254e+01  
 GE2    -8.378323e+03  -4.360803e+01  1.570e-01  7.712e+01  
 GE3    -8.387385e+03  -9.061914e+00  4.280e-02  7.688e+01  
 GE4    -8.389731e+03  -2.345745e+00  6.316e-02  7.688e+01  
 GE5    -8.400961e+03  -1.123065e+01  8.831e-03  7.695e+01  
 GE6    -8.401073e+03  -1.115304e-01  4.717e-03  7.695e+01  
 GE7    -8.401121e+03  -4.782034e-02  2.121e-03  7.692e+01  
 GE8    -8.401126e+03  -5.124161e-03  1.383e-03  7.684e+01  
 GE9    -8.401127e+03  -1.482158e-03  7.000e-04  7.701e+01  
 GE10   -8.401128e+03  -1.145726e-03  1.077e-04  7.695e+01  
 GE11   -8.401129e+03  -2.200012e-05  1.012e-04  7.699e+01  
 GE12   -8.401129e+03  -2.543481e-05  4.963e-05  7.685e+01  
 GE13   -8.401129e+03  -6.500924e-06  1.124e-05  7.686e+01  
 GE14   -8.401129e+03  -3.918743e-07  8.571e-06  7.706e+01  
 GE15   -8.401129e+03  -1.100030e-07  3.999e-06  7.693e+01  
 GE16   -8.401129e+03  -3.680893e-08  5.411e-07  7.697e+01  
 ><><><><><><><><><><><><><><><><><><><><><><
 TOTAL-STRESS (KBAR):
 ><><><><><><><><><><><><><><><><><><><><><><
 -3.421e+01     5.451e+01      -4.111e+01     
 5.451e+01      5.267e+01      -6.923e+01     
 -4.111e+01     -6.923e+01     5.069e+01      
 TOTAL-PRESSURE: 2.305e+01 KBAR
 ------------------------------------------------------------------------------------------------
 Energy              Potential           Kinetic             Temperature         Pressure (KBAR)     
 -3.087e+02          -3.087e+02          2.993e-03           1.000e+01           2.318e+01           
 ------------------------------------------------------------------------------------------------
 -------------------------------------------
 STEP OF MOLECULAR DYNAMICS : 1
 -------------------------------------------
 DONE(1.329e+03  SEC) : INIT SCF
 ITER   ETOT(eV)       EDIFF(eV)      DRHO       TIME(s)    
 GE1    -8.401216e+03  0.000000e+00   5.131e-04  8.212e+01  
 GE2    -8.401216e+03  3.673677e-04   4.026e-04  7.659e+01  
 GE3    -8.401216e+03  -4.262627e-04  3.971e-04  7.653e+01  
 GE4    -8.401216e+03  -4.379657e-04  8.406e-05  7.666e+01  
 GE5    -8.401216e+03  -1.419208e-05  3.927e-05  7.664e+01  
 GE6    -8.401216e+03  -4.302984e-06  2.207e-05  7.654e+01  
 GE7    -8.401216e+03  -1.427149e-06  1.009e-05  7.642e+01  
 GE8    -8.401216e+03  -3.012882e-07  1.861e-06  7.646e+01  
 GE9    -8.401216e+03  -5.820566e-09  8.247e-07  7.642e+01  
 ><><><><><><><><><><><><><><><><><><><><><><
 TOTAL-STRESS (KBAR):
 ><><><><><><><><><><><><><><><><><><><><><><
 -3.452e+01     5.429e+01      -4.073e+01     
 5.429e+01      5.227e+01      -6.891e+01     
 -4.073e+01     -6.891e+01     5.029e+01      
 TOTAL-PRESSURE: 2.268e+01 KBAR
 ------------------------------------------------------------------------------------------------
 Energy              Potential           Kinetic             Temperature         Pressure (KBAR)     
 -3.087e+02          -3.087e+02          7.051e-03           2.356e+01           2.298e+01           
 ------------------------------------------------------------------------------------------------
 -------------------------------------------
 STEP OF MOLECULAR DYNAMICS : 2
 -------------------------------------------
 DONE(2.106e+03  SEC) : INIT SCF
 ITER   ETOT(eV)       EDIFF(eV)      DRHO       TIME(s)    
 GE1    -8.401341e+03  0.000000e+00   1.565e-03  8.200e+01  
 GE2    -8.401341e+03  3.634816e-04   9.027e-04  7.648e+01  
 GE3    -8.401342e+03  -1.401249e-03  8.444e-04  7.656e+01  
 GE4    -8.401344e+03  -1.991628e-03  2.243e-04  7.649e+01  
 GE5    -8.401344e+03  -1.371481e-04  1.306e-04  7.663e+01  
 GE6    -8.401344e+03  -4.739534e-05  4.467e-05  7.653e+01  
 GE7    -8.401344e+03  -4.270152e-06  1.087e-05  7.669e+01  
 GE8    -8.401344e+03  -2.494800e-07  5.119e-06  7.661e+01  
 GE9    -8.401344e+03  -7.939203e-08  2.537e-06  7.666e+01  
 GE10   -8.401344e+03  -1.812682e-08  6.462e-07  7.663e+01  
 ><><><><><><><><><><><><><><><><><><><><><><
 TOTAL-STRESS (KBAR):
 ><><><><><><><><><><><><><><><><><><><><><><
 -3.504e+01     5.392e+01      -3.989e+01     
 5.392e+01      5.164e+01      -6.832e+01     
 -3.989e+01     -6.832e+01     4.979e+01      
 TOTAL-PRESSURE: 2.213e+01 KBAR
 ------------------------------------------------------------------------------------------------
 Energy              Potential           Kinetic             Temperature         Pressure (KBAR)     
 -3.087e+02          -3.087e+02          1.636e-02           5.466e+01           2.283e+01           
 ------------------------------------------------------------------------------------------------
 -------------------------------------------
 STEP OF MOLECULAR DYNAMICS : 3
 -------------------------------------------
 DONE(2.960e+03  SEC) : INIT SCF
 ITER   ETOT(eV)       EDIFF(eV)      DRHO       TIME(s)    
 GE1    -8.401432e+03  0.000000e+00   1.960e-03  8.208e+01  
 GE2    -8.401432e+03  2.736732e-04   1.159e-03  7.654e+01  
 GE3    -8.401434e+03  -2.576144e-03  9.677e-04  7.669e+01  
 GE4    -8.401437e+03  -2.531304e-03  2.804e-04  7.660e+01  
 GE5    -8.401437e+03  -2.362038e-04  1.604e-04  7.663e+01  
 GE6    -8.401437e+03  -8.763562e-05  5.557e-05  7.662e+01  
 GE7    -8.401437e+03  -6.746898e-06  1.995e-05  7.671e+01  
 GE8    -8.401437e+03  -1.337329e-06  1.051e-05  7.668e+01  
 GE9    -8.401437e+03  -3.651520e-07  3.040e-06  7.669e+01  
 GE10   -8.401437e+03  -2.065582e-08  8.656e-07  7.666e+01  
 ><><><><><><><><><><><><><><><><><><><><><><
 TOTAL-STRESS (KBAR):
 ><><><><><><><><><><><><><><><><><><><><><><
 -3.534e+01     5.320e+01      -3.955e+01     
 5.320e+01      5.140e+01      -6.723e+01     
 -3.955e+01     -6.723e+01     4.920e+01      
 TOTAL-PRESSURE: 2.175e+01 KBAR
 ------------------------------------------------------------------------------------------------
 Energy              Potential           Kinetic             Temperature         Pressure (KBAR)     
 -3.087e+02          -3.087e+02          2.736e-02           9.143e+01           2.293e+01           
 ------------------------------------------------------------------------------------------------
 -------------------------------------------
 STEP OF MOLECULAR DYNAMICS : 4
 -------------------------------------------
 DONE(3.815e+03  SEC) : INIT SCF
 ITER   ETOT(eV)       EDIFF(eV)      DRHO       TIME(s)    
 GE1    -8.401588e+03  0.000000e+00   2.313e-03  8.226e+01  
 GE2    -8.401580e+03  7.365346e-03   1.706e-03  7.680e+01  
 GE3    -8.401590e+03  -9.312876e-03  1.649e-03  7.672e+01  
 GE4    -8.401597e+03  -7.114220e-03  3.094e-04  7.694e+01  
 GE5    -8.401597e+03  -1.482709e-04  1.610e-04  7.677e+01  
 GE6    -8.401597e+03  -6.380917e-05  7.458e-05  7.690e+01  
 GE7    -8.401597e+03  -1.344698e-05  3.508e-05  7.693e+01  
 GE8    -8.401597e+03  -4.171801e-06  1.084e-05  7.685e+01  
 GE9    -8.401597e+03  -3.527050e-07  3.453e-06  7.680e+01  
 GE10   -8.401597e+03  -2.356687e-08  1.082e-06  7.688e+01  
 GE11   -8.401597e+03  3.198759e-09   8.643e-07  7.687e+01  
 ><><><><><><><><><><><><><><><><><><><><><><
 TOTAL-STRESS (KBAR):
 ><><><><><><><><><><><><><><><><><><><><><><
 -3.609e+01     5.221e+01      -3.876e+01     
 5.221e+01      5.072e+01      -6.627e+01     
 -3.876e+01     -6.627e+01     4.847e+01      
 TOTAL-PRESSURE: 2.103e+01 KBAR
 ------------------------------------------------------------------------------------------------
 Energy              Potential           Kinetic             Temperature         Pressure (KBAR)     
 -3.087e+02          -3.088e+02          3.882e-02           1.297e+02           2.270e+01           
 ------------------------------------------------------------------------------------------------
 -------------------------------------------
 STEP OF MOLECULAR DYNAMICS : 5
 -------------------------------------------
 DONE(4.748e+03  SEC) : INIT SCF
 ITER   ETOT(eV)       EDIFF(eV)      DRHO       TIME(s)    
 GE1    -8.401707e+03  0.000000e+00   2.534e-03  8.225e+01  
 GE2    -8.401708e+03  -1.286106e-03  1.419e-03  7.679e+01  
 GE3    -8.401712e+03  -4.330372e-03  1.064e-03  7.693e+01  
 GE4    -8.401715e+03  -2.456254e-03  2.656e-04  7.690e+01  
 GE5    -8.401715e+03  -9.590670e-05  2.037e-04  7.690e+01  
 GE6    -8.401715e+03  -1.523850e-04  8.989e-05  7.691e+01  
 GE7    -8.401715e+03  -2.212280e-05  1.549e-05  7.693e+01  
 GE8    -8.401715e+03  -4.720258e-07  5.791e-06  7.688e+01  
 GE9    -8.401715e+03  -6.162252e-08  2.407e-06  7.689e+01  
 GE10   -8.401715e+03  -2.000462e-08  1.506e-06  7.699e+01  
 GE11   -8.401715e+03  -5.737040e-09  4.376e-07  7.712e+01  
 ><><><><><><><><><><><><><><><><><><><><><><
 TOTAL-STRESS (KBAR):
 ><><><><><><><><><><><><><><><><><><><><><><
 -3.621e+01     5.240e+01      -3.797e+01     
 5.240e+01      5.028e+01      -6.667e+01     
 -3.797e+01     -6.667e+01     4.806e+01      
 TOTAL-PRESSURE: 2.071e+01 KBAR
 ------------------------------------------------------------------------------------------------
 Energy              Potential           Kinetic             Temperature         Pressure (KBAR)     
 -3.087e+02          -3.088e+02          4.162e-02           1.391e+02           2.250e+01           
 ------------------------------------------------------------------------------------------------
 -------------------------------------------
 STEP OF MOLECULAR DYNAMICS : 6
 -------------------------------------------
 DONE(5.683e+03  SEC) : INIT SCF
 ITER   ETOT(eV)       EDIFF(eV)      DRHO       TIME(s)    
 GE1    -8.401949e+03  0.000000e+00   3.094e-03  8.202e+01  
 GE2    -8.401934e+03  1.502070e-02   2.439e-03  7.686e+01  
 GE3    -8.401951e+03  -1.747020e-02  2.337e-03  7.690e+01  
 GE4    -8.401966e+03  -1.454043e-02  4.807e-04  7.677e+01  
 GE5    -8.401966e+03  -4.645681e-04  2.334e-04  7.666e+01  
 GE6    -8.401966e+03  -1.518013e-04  1.041e-04  7.677e+01  
 GE7    -8.401966e+03  -2.518112e-05  5.409e-05  7.670e+01  
 GE8    -8.401966e+03  -9.488259e-06  1.355e-05  7.673e+01  
 GE9    -8.401966e+03  -5.034488e-07  4.554e-06  7.671e+01  
 GE10   -8.401966e+03  -3.714923e-08  1.251e-06  7.677e+01  
 GE11   -8.401966e+03  4.377412e-10   6.997e-07  7.671e+01  
 ><><><><><><><><><><><><><><><><><><><><><><
 TOTAL-STRESS (KBAR):
 ><><><><><><><><><><><><><><><><><><><><><><
 -3.704e+01     5.171e+01      -3.810e+01     
 5.171e+01      4.899e+01      -6.593e+01     
 -3.810e+01     -6.593e+01     4.695e+01      
 TOTAL-PRESSURE: 1.964e+01 KBAR
 ------------------------------------------------------------------------------------------------
 Energy              Potential           Kinetic             Temperature         Pressure (KBAR)     
 -3.087e+02          -3.088e+02          6.157e-02           2.057e+02           2.229e+01           
 ------------------------------------------------------------------------------------------------
 -------------------------------------------
 STEP OF MOLECULAR DYNAMICS : 7
 -------------------------------------------
 DONE(6.616e+03  SEC) : INIT SCF
 ITER   ETOT(eV)       EDIFF(eV)      DRHO       TIME(s)    
 GE1    -8.402242e+03  0.000000e+00   3.304e-03  8.221e+01  
 GE2    -8.402232e+03  9.367564e-03   2.239e-03  7.685e+01  
 GE3    -8.402245e+03  -1.300430e-02  2.168e-03  7.678e+01  
 GE4    -8.402258e+03  -1.289886e-02  5.181e-04  7.666e+01  
 GE5    -8.402259e+03  -6.617738e-04  2.874e-04  7.680e+01  
 GE6    -8.402259e+03  -2.298244e-04  1.076e-04  7.690e+01  
 GE7    -8.402259e+03  -2.494523e-05  5.183e-05  7.680e+01  
 GE8    -8.402259e+03  -9.071318e-06  1.381e-05  7.682e+01  
 GE9    -8.402259e+03  -5.740628e-07  4.745e-06  7.667e+01  
 GE10   -8.402259e+03  -4.201697e-08  1.219e-06  7.669e+01  
 GE11   -8.402259e+03  2.258312e-10   6.802e-07  7.673e+01  
 ><><><><><><><><><><><><><><><><><><><><><><
 TOTAL-STRESS (KBAR):
 ><><><><><><><><><><><><><><><><><><><><><><
 -3.770e+01     5.114e+01      -3.699e+01     
 5.114e+01      4.751e+01      -6.520e+01     
 -3.699e+01     -6.520e+01     4.564e+01      
 TOTAL-PRESSURE: 1.848e+01 KBAR
 ------------------------------------------------------------------------------------------------
 Energy              Potential           Kinetic             Temperature         Pressure (KBAR)     
 -3.087e+02          -3.088e+02          7.077e-02           2.365e+02           2.153e+01           
 ------------------------------------------------------------------------------------------------
 -------------------------------------------
 STEP OF MOLECULAR DYNAMICS : 8
 -------------------------------------------
 DONE(7.549e+03  SEC) : INIT SCF
 ITER   ETOT(eV)       EDIFF(eV)      DRHO       TIME(s)    
 GE1    -8.402224e+03  0.000000e+00   3.577e-03  8.206e+01  
 GE2    -8.402221e+03  3.147656e-03   2.096e-03  7.675e+01  
 GE3    -8.402229e+03  -7.578033e-03  1.917e-03  7.649e+01  
 GE4    -8.402240e+03  -1.126085e-02  5.606e-04  7.666e+01  
 GE5    -8.402241e+03  -8.605024e-04  3.014e-04  7.656e+01  
 GE6    -8.402241e+03  -2.579333e-04  1.095e-04  7.660e+01  
 GE7    -8.402241e+03  -2.567607e-05  4.190e-05  7.669e+01  
 GE8    -8.402241e+03  -6.212340e-06  1.802e-05  7.649e+01  
 GE9    -8.402241e+03  -9.756401e-07  5.265e-06  7.668e+01  
 GE10   -8.402241e+03  -5.354364e-08  1.439e-06  7.660e+01  
 GE11   -8.402241e+03  1.523587e-09   8.788e-07  7.661e+01  
 ><><><><><><><><><><><><><><><><><><><><><><
 TOTAL-STRESS (KBAR):
 ><><><><><><><><><><><><><><><><><><><><><><
 -3.750e+01     5.147e+01      -3.712e+01     
 5.147e+01      4.739e+01      -6.489e+01     
 -3.712e+01     -6.489e+01     4.564e+01      
 TOTAL-PRESSURE: 1.851e+01 KBAR
 ------------------------------------------------------------------------------------------------
 Energy              Potential           Kinetic             Temperature         Pressure (KBAR)     
 -3.087e+02          -3.088e+02          7.964e-02           2.661e+02           2.194e+01           
 ------------------------------------------------------------------------------------------------
 -------------------------------------------
 STEP OF MOLECULAR DYNAMICS : 9
 -------------------------------------------
 DONE(8.481e+03  SEC) : INIT SCF
 ITER   ETOT(eV)       EDIFF(eV)      DRHO       TIME(s)    
 GE1    -8.402251e+03  0.000000e+00   3.996e-03  8.215e+01  
 GE2    -8.402234e+03  1.662146e-02   2.983e-03  7.670e+01  
 GE3    -8.402257e+03  -2.296239e-02  2.719e-03  7.659e+01  
 GE4    -8.402279e+03  -2.157412e-02  6.263e-04  7.658e+01  
 GE5    -8.402280e+03  -9.334012e-04  3.261e-04  7.664e+01  
 GE6    -8.402280e+03  -2.678084e-04  1.288e-04  7.677e+01  
 GE7    -8.402280e+03  -3.984266e-05  7.005e-05  7.666e+01  
 GE8    -8.402280e+03  -1.699390e-05  1.789e-05  7.665e+01  
 GE9    -8.402280e+03  -8.482945e-07  6.089e-06  7.668e+01  
 GE10   -8.402280e+03  -6.895584e-08  1.615e-06  7.661e+01  
 GE11   -8.402280e+03  -3.970607e-09  1.047e-06  7.653e+01  
 GE12   -8.402280e+03  -6.403706e-10  5.989e-07  7.664e+01  
 ><><><><><><><><><><><><><><><><><><><><><><
 TOTAL-STRESS (KBAR):
 ><><><><><><><><><><><><><><><><><><><><><><
 -3.788e+01     5.089e+01      -3.762e+01     
 5.089e+01      4.701e+01      -6.323e+01     
 -3.762e+01     -6.323e+01     4.512e+01      
 TOTAL-PRESSURE: 1.808e+01 KBAR
 ------------------------------------------------------------------------------------------------
 Energy              Potential           Kinetic             Temperature         Pressure (KBAR)     
 -3.087e+02          -3.088e+02          7.809e-02           2.610e+02           2.144e+01           
 ------------------------------------------------------------------------------------------------
 -------------------------------------------
 STEP OF MOLECULAR DYNAMICS : 10
 -------------------------------------------
 DONE(9.489e+03  SEC) : INIT SCF
 ITER   ETOT(eV)       EDIFF(eV)      DRHO       TIME(s)    
 GE1    -8.402383e+03  0.000000e+00   3.705e-03  8.219e+01  
 GE2    -8.402376e+03  7.583919e-03   2.253e-03  7.666e+01  
 GE3    -8.402388e+03  -1.209359e-02  2.195e-03  7.673e+01  
 GE4    -8.402402e+03  -1.397890e-02  4.974e-04  7.682e+01  
 GE5    -8.402402e+03  -6.171442e-04  3.027e-04  7.669e+01  
 GE6    -8.402403e+03  -2.689637e-04  1.155e-04  7.670e+01  
 GE7    -8.402403e+03  -2.977756e-05  5.404e-05  7.666e+01  
 GE8    -8.402403e+03  -1.032501e-05  1.609e-05  7.669e+01  
 GE9    -8.402403e+03  -7.185128e-07  4.823e-06  7.663e+01  
 GE10   -8.402403e+03  -4.791488e-08  1.468e-06  7.663e+01  
 GE11   -8.402403e+03  7.285375e-10   8.065e-07  7.673e+01  
 ><><><><><><><><><><><><><><><><><><><><><><
 TOTAL-STRESS (KBAR):
 ><><><><><><><><><><><><><><><><><><><><><><
 -3.810e+01     5.065e+01      -3.562e+01     
 5.065e+01      4.666e+01      -6.348e+01     
 -3.562e+01     -6.348e+01     4.439e+01      
 TOTAL-PRESSURE: 1.765e+01 KBAR
 ------------------------------------------------------------------------------------------------
 Energy              Potential           Kinetic             Temperature         Pressure (KBAR)     
 -3.087e+02          -3.088e+02          8.589e-02           2.870e+02           2.135e+01           
 ------------------------------------------------------------------------------------------------

  |CLASS_NAME---------|NAME---------------|TIME(Sec)-----|CALLS----|AVG------|PER%-------
                       total               10419          27        3.9e+02   1e+02     %
   Driver              driver_line         10419          1         1e+04     1e+02     %
   PW_Basis            setup_struc_factor  0.90447        11        0.082     0.0087    %
   ORB_control         read_orb_first      0.14642        1         0.15      0.0014    %
   LCAO_Orbitals       Read_Orbitals       0.14642        1         0.15      0.0014    %
   ORB_control         set_orb_tables      6.461          1         6.5       0.062     %
   ORB_gen_tables      gen_tables          6.461          1         6.5       0.062     %
   ORB_table_phi       init_Table          5.0252         1         5         0.048     %
   ORB_table_phi       cal_ST_Phi12_R      4.9816         558       0.0089    0.048     %
   ORB_table_beta      init_Table_Beta     1.177          1         1.2       0.011     %
   ORB_table_beta      VNL_PhiBeta_R       1.1679         168       0.007     0.011     %
   ppcell_vl           init_vloc           0.23012        1         0.23      0.0022    %
   Run_MD              md_line             10412          1         1e+04     1e+02     %
   Langevin            setup               1319.8         1         1.3e+03   13        %
   MD_func             force_virial        10411          11        9.5e+02   1e+02     %
   ESolver_KS_LCAO     Run                 9520.3         11        8.7e+02   91        %
   ESolver_KS_LCAO     beforescf           21.777         11        2         0.21      %
   ESolver_KS_LCAO     beforesolver        6.9728         11        0.63      0.067     %
   ESolver_KS_LCAO     set_matrix_grid     4.2242         11        0.38      0.041     %
   Grid_Technique      init                1.6997         11        0.15      0.016     %
   Grid_BigCell        grid_expansion_index0.59321        22        0.027     0.0057    %
   Record_adj          for_2d              2.254          11        0.2       0.022     %
   Grid_Driver         Find_atom           16.449         593088    2.8e-05   0.16      %
   Charge              atomic_rho          12.56          21        0.6       0.12      %
   PW_Basis            recip2real          2.1668         735       0.0029    0.021     %
   PW_Basis            gathers_scatterp    1.3933         735       0.0019    0.013     %
   Potential           init_pot            0.7243         11        0.066     0.007     %
   Potential           update_from_charge  8.2237         134       0.061     0.079     %
   Potential           cal_v_eff           8.1815         134       0.061     0.079     %
   H_Hartree_pw        v_hartree           0.86401        134       0.0064    0.0083    %
   PW_Basis            real2recip          2.8948         1116      0.0026    0.028     %
   PW_Basis            gatherp_scatters    1.6585         1116      0.0015    0.016     %
   PotXC               cal_v_eff           7.2576         134       0.054     0.07      %
   XC_Functional       v_xc                7.2181         134       0.054     0.069     %
   HSolverLCAO         solve               9484           123       77        91        %
   HamiltLCAO          updateHk            3549.7         4428      0.8       34        %
   OperatorLCAO        init                2906.1         8856      0.33      28        %
   Veff                contributeHk        2904.4         4428      0.66      28        %
   Gint_interface      cal_gint            3326.1         257       13        32        %
   Gint_interface      cal_gint_vlocal     1611           123       13        15        %
   Gint_k              folding_vl_k        1293.4         4428      0.29      12        %
   Gint_k              Distri              1044.4         4428      0.24      10        %
   Overlap             contributeHR        4.3488         11        0.4       0.042     %
   LCAO_gen_fixedH     calculate_S_no      4.3488         11        0.4       0.042     %
   Ekin<LCAO>          contributeHR        4.3953         11        0.4       0.042     %
   Nonlocal<LCAO>      contributeHR        44.713         11        4.1       0.43      %
   LCAO_gen_fixedH     build_Nonlocal_mu_new144            22        6.5       1.4       %
   ORB_gen_tables      snap_psibeta_half   3.1731         1112781   2.9e-06   0.03      %
   OperatorLCAO        folding_fixed       590.09         4428      0.13      5.7       %
   LCAO_nnr            folding_fixedH      584.41         4428      0.13      5.6       %
   HSolverLCAO         hamiltSolvePsiK     1438.1         4428      0.32      14        %
   DiagoElpa           elpa_solve          1423.6         4428      0.32      14        %
   ElecStateLCAO       psiToRho            4496.1         123       37        43        %
   elecstate           cal_dm              125.58         134       0.94      1.2       %
   psiMulPsiMpi        pdgemm              122.14         4824      0.025     1.2       %
    Local_Orbital_wfc  wfc_2d_to_grid      23.685         4428      0.0053    0.23      %
   LCAO_Charge         cal_dk_k            2305.5         123       19        22        %
   Record_adj          for_grid            0.65007        123       0.0053    0.0062    %
   Gint_interface      cal_gint_rho        1360.4         123       11        13        %
   Charge              mix_rho             1.0322         112       0.0092    0.0099    %
   Force_Stress_LCAO   getForceStress      891.19         11        81        8.6       %
   Forces              cal_force_loc       0.73196        11        0.067     0.007     %
   Forces              cal_force_ew        0.71766        11        0.065     0.0069    %
   Forces              cal_force_scc       6.8313         11        0.62      0.066     %
   Stress_Func         stress_loc          6.2215         11        0.57      0.06      %
   Stress_Func         stress_ewa          0.35187        11        0.032     0.0034    %
   Stress_Func         stress_gga          0.35435        11        0.032     0.0034    %
   Force_LCAO_k        ftable_k            875.92         11        80        8.4       %
   Force_LCAO_k        allocate_k          127.67         11        12        1.2       %
   Force_LCAO_k        cal_foverlap_k      30.499         11        2.8       0.29      %
   Force_LCAO_k        cal_edm_2d          29.662         11        2.7       0.28      %
   Local_Orbital_Chargecal_dm_R            11.143         22        0.51      0.11      %
   Force_LCAO_k        cal_ftvnl_dphi_k    0.24906        11        0.023     0.0024    %
   Force_LCAO_k        cal_fvl_dphi_k      354.78         11        32        3.4       %
   Gint_interface      cal_gint_force      354.78         11        32        3.4       %
   Force_LCAO_k        cal_fvnl_dbeta_k_new265.75         11        24        2.6       %
 ----------------------------------------------------------------------------------------

 START  Time  : Fri Feb  3 16:52:50 2023
 FINISH Time  : Fri Feb  3 19:46:29 2023
 TOTAL  Time  : 1e+04
 SEE INFORMATION IN : OUT.ABACUS/
