 Input  warning : gamma_only_local algorithm is not used.
 In SCAN_BEGIN, can't find: LATTICE_PARAMETERS block.
 AUTO_SET NBANDS to 0
 AUTO_SET NBANDS to 173
 cpu 2D distribution : 4*4
 but, the number of bands-row-block is 3
      Processor           Atom
              1             56
              2             57
              3             54
              4             52
              5             57
              6             58
              7             53
              8             53
              9             57
             10             58
             11             54
             12             53
             13             57
             14             58
             15             53
             16             54
                            startmag_type = 2
                       charge from rho_at = 3.95377
                         charge should be = 4
                       charge from rho_at = 3.99303
                         charge should be = 4

 SETUP ATOMIC RHO FOR SPIN 1
                 Electron number from rho = 288
           total electron number from rho = 288
                                should be = 288
                 charge before normalized = 288
                  charge after normalized = 288
                 charge before normalized = 288.000107441358
                  charge after normalized = 288
                 charge before normalized = 288.000156453363
                  charge after normalized = 288
                 charge before normalized = 288.000128207839
                  charge after normalized = 288
                 charge before normalized = 288.000132311828
                  charge after normalized = 288
                 charge before normalized = 288.000128032743
                  charge after normalized = 288
                 charge before normalized = 288.000128269826
                  charge after normalized = 288
                 charge before normalized = 288.000128311579
                  charge after normalized = 288
                 charge before normalized = 288.000128380634
                  charge after normalized = 288
                 charge before normalized = 288.000128400098
                  charge after normalized = 288
                 charge before normalized = 288.000128402933
                  charge after normalized = 288
                 charge before normalized = 288.000128399423
                  charge after normalized = 288
                 charge before normalized = 288.000128399656
                  charge after normalized = 288
                 charge before normalized = 288.000128399812
                  charge after normalized = 288
                 charge before normalized = 288.000128399635
                  charge after normalized = 288
                 charge before normalized = 288.000128399731
                  charge after normalized = 288
                 charge before normalized = 288.000128399769
                  charge after normalized = 288
                            startmag_type = 2
                       charge from rho_at = 3.95377434289291
                         charge should be = 4
                       charge from rho_at = 3.99303358802097
                         charge should be = 4

 SETUP ATOMIC RHO FOR SPIN 1
                 Electron number from rho = 288
           total electron number from rho = 288
                                should be = 288
                            startmag_type = 2
                       charge from rho_at = 3.95377434289291
                         charge should be = 4
                       charge from rho_at = 3.99303358802097
                         charge should be = 4

 SETUP ATOMIC RHO FOR SPIN 1
                 Electron number from rho = 288
           total electron number from rho = 288
                                should be = 288
      Processor           Atom
              1             56
              2             57
              3             54
              4             53
              5             57
              6             58
              7             53
              8             53
              9             57
             10             58
             11             54
             12             53
             13             57
             14             58
             15             53
             16             54
                 charge before normalized = 288
                  charge after normalized = 288
                 charge before normalized = 288.000128401209
                  charge after normalized = 288
                 charge before normalized = 288.00012840368
                  charge after normalized = 288
                 charge before normalized = 288.000128400316
                  charge after normalized = 288
                 charge before normalized = 288.000128403253
                  charge after normalized = 288
                 charge before normalized = 288.000128402044
                  charge after normalized = 288
                 charge before normalized = 288.000128402532
                  charge after normalized = 288
                 charge before normalized = 288.000128402536
                  charge after normalized = 288
                 charge before normalized = 288.00012840251
                  charge after normalized = 288
                 charge before normalized = 288.000128402505
                  charge after normalized = 288
                            startmag_type = 2
                       charge from rho_at = 3.95377434289291
                         charge should be = 4
                       charge from rho_at = 3.99303358802097
                         charge should be = 4

 SETUP ATOMIC RHO FOR SPIN 1
                 Electron number from rho = 288
           total electron number from rho = 288
                                should be = 288
                            startmag_type = 2
                       charge from rho_at = 3.95377434289291
                         charge should be = 4
                       charge from rho_at = 3.99303358802097
                         charge should be = 4

 SETUP ATOMIC RHO FOR SPIN 1
                 Electron number from rho = 288
           total electron number from rho = 288
                                should be = 288
      Processor           Atom
              1             56
              2             57
              3             54
              4             53
              5             57
              6             58
              7             53
              8             53
              9             57
             10             58
             11             54
             12             53
             13             57
             14             58
             15             53
             16             54
                 charge before normalized = 288
                  charge after normalized = 288
                 charge before normalized = 288.000128291775
                  charge after normalized = 288
                 charge before normalized = 288.000128292605
                  charge after normalized = 288
                 charge before normalized = 288.000128291544
                  charge after normalized = 288
                 charge before normalized = 288.000128290286
                  charge after normalized = 288
                 charge before normalized = 288.000128292553
                  charge after normalized = 288
                 charge before normalized = 288.000128290484
                  charge after normalized = 288
                 charge before normalized = 288.000128291483
                  charge after normalized = 288
                 charge before normalized = 288.000128291184
                  charge after normalized = 288
                 charge before normalized = 288.000128291198
                  charge after normalized = 288
                 charge before normalized = 288.000128291205
                  charge after normalized = 288
                 charge before normalized = 288.000128291198
                  charge after normalized = 288
                            startmag_type = 2
                       charge from rho_at = 3.95377434289291
                         charge should be = 4
                       charge from rho_at = 3.99303358802097
                         charge should be = 4

 SETUP ATOMIC RHO FOR SPIN 1
                 Electron number from rho = 288
           total electron number from rho = 288
                                should be = 288
                            startmag_type = 2
                       charge from rho_at = 3.95377434289291
                         charge should be = 4
                       charge from rho_at = 3.99303358802097
                         charge should be = 4

 SETUP ATOMIC RHO FOR SPIN 1
                 Electron number from rho = 288
           total electron number from rho = 288
                                should be = 288
      Processor           Atom
              1             56
              2             57
              3             54
              4             53
              5             57
              6             58
              7             53
              8             53
              9             57
             10             58
             11             53
             12             52
             13             57
             14             58
             15             53
             16             54
                 charge before normalized = 288
                  charge after normalized = 288
                 charge before normalized = 288.000128437768
                  charge after normalized = 288
                 charge before normalized = 288.000128455328
                  charge after normalized = 288
                 charge before normalized = 288.000128430088
                  charge after normalized = 288
                 charge before normalized = 288.000128447126
                  charge after normalized = 288
                 charge before normalized = 288.000128441855
                  charge after normalized = 288
                 charge before normalized = 288.000128443626
                  charge after normalized = 288
                 charge before normalized = 288.00012844367
                  charge after normalized = 288
                 charge before normalized = 288.000128443448
                  charge after normalized = 288
                 charge before normalized = 288.000128443458
                  charge after normalized = 288
                 charge before normalized = 288.000128443458
                  charge after normalized = 288
                 charge before normalized = 288.000128443465
                  charge after normalized = 288
                            startmag_type = 2
                       charge from rho_at = 3.95377434289291
                         charge should be = 4
                       charge from rho_at = 3.99303358802097
                         charge should be = 4

 SETUP ATOMIC RHO FOR SPIN 1
                 Electron number from rho = 288
           total electron number from rho = 288
                                should be = 288
                            startmag_type = 2
                       charge from rho_at = 3.95377434289291
                         charge should be = 4
                       charge from rho_at = 3.99303358802097
                         charge should be = 4

 SETUP ATOMIC RHO FOR SPIN 1
                 Electron number from rho = 288
           total electron number from rho = 288
                                should be = 288
      Processor           Atom
              1             56
              2             57
              3             54
              4             53
              5             57
              6             58
              7             53
              8             53
              9             57
             10             58
             11             54
             12             53
             13             57
             14             58
             15             53
             16             54
                 charge before normalized = 288
                  charge after normalized = 288
                 charge before normalized = 288.000128340479
                  charge after normalized = 288
                 charge before normalized = 288.000128352559
                  charge after normalized = 288
                 charge before normalized = 288.000128327303
                  charge after normalized = 288
                 charge before normalized = 288.000128342578
                  charge after normalized = 288
                 charge before normalized = 288.000128339516
                  charge after normalized = 288
                 charge before normalized = 288.000128340606
                  charge after normalized = 288
                 charge before normalized = 288.000128340345
                  charge after normalized = 288
                 charge before normalized = 288.000128340175
                  charge after normalized = 288
                 charge before normalized = 288.000128340252
                  charge after normalized = 288
                 charge before normalized = 288.000128340206
                  charge after normalized = 288
                 charge before normalized = 288.000128340232
                  charge after normalized = 288
                            startmag_type = 2
                       charge from rho_at = 3.95377434289291
                         charge should be = 4
                       charge from rho_at = 3.99303358802097
                         charge should be = 4

 SETUP ATOMIC RHO FOR SPIN 1
                 Electron number from rho = 288
           total electron number from rho = 288
                                should be = 288
                            startmag_type = 2
                       charge from rho_at = 3.95377434289291
                         charge should be = 4
                       charge from rho_at = 3.99303358802097
                         charge should be = 4

 SETUP ATOMIC RHO FOR SPIN 1
                 Electron number from rho = 288
           total electron number from rho = 288
                                should be = 288
      Processor           Atom
              1             56
              2             57
              3             54
              4             53
              5             57
              6             58
              7             53
              8             53
              9             57
             10             58
             11             53
             12             52
             13             57
             14             58
             15             53
             16             54
                 charge before normalized = 288
                  charge after normalized = 288
                 charge before normalized = 288.00012826191
                  charge after normalized = 288
                 charge before normalized = 288.000128267392
                  charge after normalized = 288
                 charge before normalized = 288.000128254533
                  charge after normalized = 288
                 charge before normalized = 288.000128262289
                  charge after normalized = 288
                 charge before normalized = 288.000128259961
                  charge after normalized = 288
                 charge before normalized = 288.000128261719
                  charge after normalized = 288
                 charge before normalized = 288.000128260778
                  charge after normalized = 288
                 charge before normalized = 288.00012826102
                  charge after normalized = 288
                 charge before normalized = 288.000128260999
                  charge after normalized = 288
                 charge before normalized = 288.00012826099
                  charge after normalized = 288
                 charge before normalized = 288.000128261008
                  charge after normalized = 288
                            startmag_type = 2
                       charge from rho_at = 3.95377434289291
                         charge should be = 4
                       charge from rho_at = 3.99303358802097
                         charge should be = 4

 SETUP ATOMIC RHO FOR SPIN 1
                 Electron number from rho = 288
           total electron number from rho = 288
                                should be = 288
                            startmag_type = 2
                       charge from rho_at = 3.95377434289291
                         charge should be = 4
                       charge from rho_at = 3.99303358802097
                         charge should be = 4

 SETUP ATOMIC RHO FOR SPIN 1
                 Electron number from rho = 288
           total electron number from rho = 288
                                should be = 288
      Processor           Atom
              1             56
              2             57
              3             54
              4             53
              5             57
              6             58
              7             53
              8             53
              9             57
             10             58
             11             54
             12             52
             13             57
             14             58
             15             53
             16             54
                 charge before normalized = 288
                  charge after normalized = 288
                 charge before normalized = 288.000128309051
                  charge after normalized = 288
                 charge before normalized = 288.000128316613
                  charge after normalized = 288
                 charge before normalized = 288.000128310414
                  charge after normalized = 288
                 charge before normalized = 288.000128310868
                  charge after normalized = 288
                 charge before normalized = 288.000128311451
                  charge after normalized = 288
                 charge before normalized = 288.00012831099
                  charge after normalized = 288
                 charge before normalized = 288.000128311672
                  charge after normalized = 288
                 charge before normalized = 288.000128311211
                  charge after normalized = 288
                 charge before normalized = 288.000128311252
                  charge after normalized = 288
                 charge before normalized = 288.000128311266
                  charge after normalized = 288
                 charge before normalized = 288.000128311265
                  charge after normalized = 288
                            startmag_type = 2
                       charge from rho_at = 3.95377434289291
                         charge should be = 4
                       charge from rho_at = 3.99303358802097
                         charge should be = 4

 SETUP ATOMIC RHO FOR SPIN 1
                 Electron number from rho = 288
           total electron number from rho = 288
                                should be = 288
                            startmag_type = 2
                       charge from rho_at = 3.95377434289291
                         charge should be = 4
                       charge from rho_at = 3.99303358802097
                         charge should be = 4

 SETUP ATOMIC RHO FOR SPIN 1
                 Electron number from rho = 288
           total electron number from rho = 288
                                should be = 288
      Processor           Atom
              1             56
              2             57
              3             54
              4             53
              5             57
              6             58
              7             53
              8             53
              9             57
             10             58
             11             54
             12             52
             13             57
             14             58
             15             53
             16             54
                 charge before normalized = 288
                  charge after normalized = 288
                 charge before normalized = 288.000128729178
                  charge after normalized = 288
                 charge before normalized = 288.000128734767
                  charge after normalized = 288
                 charge before normalized = 288.00012872815
                  charge after normalized = 288
                 charge before normalized = 288.000128727939
                  charge after normalized = 288
                 charge before normalized = 288.000128729654
                  charge after normalized = 288
                 charge before normalized = 288.000128727519
                  charge after normalized = 288
                 charge before normalized = 288.000128728891
                  charge after normalized = 288
                 charge before normalized = 288.000128728361
                  charge after normalized = 288
                 charge before normalized = 288.000128728371
                  charge after normalized = 288
                 charge before normalized = 288.000128728432
                  charge after normalized = 288
                 charge before normalized = 288.000128728405
                  charge after normalized = 288
                 charge before normalized = 288.000128728418
                  charge after normalized = 288
                            startmag_type = 2
                       charge from rho_at = 3.95377434289291
                         charge should be = 4
                       charge from rho_at = 3.99303358802097
                         charge should be = 4

 SETUP ATOMIC RHO FOR SPIN 1
                 Electron number from rho = 288
           total electron number from rho = 288
                                should be = 288
                            startmag_type = 2
                       charge from rho_at = 3.95377434289291
                         charge should be = 4
                       charge from rho_at = 3.99303358802097
                         charge should be = 4

 SETUP ATOMIC RHO FOR SPIN 1
                 Electron number from rho = 288
           total electron number from rho = 288
                                should be = 288
      Processor           Atom
              1             56
              2             57
              3             54
              4             53
              5             57
              6             58
              7             53
              8             53
              9             57
             10             58
             11             54
             12             53
             13             57
             14             58
             15             53
             16             54
                 charge before normalized = 288
                  charge after normalized = 288
                 charge before normalized = 288.000128520007
                  charge after normalized = 288
                 charge before normalized = 288.000128524243
                  charge after normalized = 288
                 charge before normalized = 288.000128497903
                  charge after normalized = 288
                 charge before normalized = 288.000128507308
                  charge after normalized = 288
                 charge before normalized = 288.000128508925
                  charge after normalized = 288
                 charge before normalized = 288.000128508031
                  charge after normalized = 288
                 charge before normalized = 288.000128507463
                  charge after normalized = 288
                 charge before normalized = 288.000128507591
                  charge after normalized = 288
                 charge before normalized = 288.000128507609
                  charge after normalized = 288
                 charge before normalized = 288.000128507636
                  charge after normalized = 288
                 charge before normalized = 288.000128507609
                  charge after normalized = 288
                            startmag_type = 2
                       charge from rho_at = 3.95377434289291
                         charge should be = 4
                       charge from rho_at = 3.99303358802097
                         charge should be = 4

 SETUP ATOMIC RHO FOR SPIN 1
                 Electron number from rho = 288
           total electron number from rho = 288
                                should be = 288
                            startmag_type = 2
                       charge from rho_at = 3.95377434289291
                         charge should be = 4
                       charge from rho_at = 3.99303358802097
                         charge should be = 4

 SETUP ATOMIC RHO FOR SPIN 1
                 Electron number from rho = 288
           total electron number from rho = 288
                                should be = 288
      Processor           Atom
              1             56
              2             57
              3             54
              4             53
              5             57
              6             58
              7             53
              8             53
              9             57
             10             58
             11             54
             12             52
             13             57
             14             58
             15             53
             16             54
                 charge before normalized = 288
                  charge after normalized = 288
                 charge before normalized = 288.000128708756
                  charge after normalized = 288
                 charge before normalized = 288.000128724379
                  charge after normalized = 288
                 charge before normalized = 288.00012870104
                  charge after normalized = 288
                 charge before normalized = 288.000128710289
                  charge after normalized = 288
                 charge before normalized = 288.000128709897
                  charge after normalized = 288
                 charge before normalized = 288.000128711097
                  charge after normalized = 288
                 charge before normalized = 288.000128710112
                  charge after normalized = 288
                 charge before normalized = 288.000128710317
                  charge after normalized = 288
                 charge before normalized = 288.000128710263
                  charge after normalized = 288
                 charge before normalized = 288.00012871031
                  charge after normalized = 288
                 charge before normalized = 288.000128710301
                  charge after normalized = 288
                            startmag_type = 2
                       charge from rho_at = 3.95377434289291
                         charge should be = 4
                       charge from rho_at = 3.99303358802097
                         charge should be = 4

 SETUP ATOMIC RHO FOR SPIN 1
                 Electron number from rho = 288
           total electron number from rho = 288
                                should be = 288
                            startmag_type = 2
                       charge from rho_at = 3.95377434289291
                         charge should be = 4
                       charge from rho_at = 3.99303358802097
                         charge should be = 4

 SETUP ATOMIC RHO FOR SPIN 1
                 Electron number from rho = 288
           total electron number from rho = 288
                                should be = 288
      Processor           Atom
              1             56
              2             57
              3             54
              4             53
              5             57
              6             58
              7             53
              8             53
              9             57
             10             58
             11             54
             12             52
             13             57
             14             58
             15             53
             16             54
                 charge before normalized = 288
                  charge after normalized = 288
                 charge before normalized = 288.000128461346
                  charge after normalized = 288
                 charge before normalized = 288.000128480076
                  charge after normalized = 288
                 charge before normalized = 288.0001284465
                  charge after normalized = 288
                 charge before normalized = 288.000128463766
                  charge after normalized = 288
                 charge before normalized = 288.000128457682
                  charge after normalized = 288
                 charge before normalized = 288.000128462935
                  charge after normalized = 288
                 charge before normalized = 288.00012846108
                  charge after normalized = 288
                 charge before normalized = 288.000128461138
                  charge after normalized = 288
                 charge before normalized = 288.000128461141
                  charge after normalized = 288
                 charge before normalized = 288.000128461161
                  charge after normalized = 288
                 charge before normalized = 288.000128461166
                  charge after normalized = 288
                 charge before normalized = 288.00012846116
                  charge after normalized = 288
