WARNING: Total thread number on this node mismatches with hardware availability. This may cause poor performance.
Info: Local MPI proc number: 16,OpenMP thread number: 1,Total thread number: 16,Local thread limit: 32
                                                                                     
                              ABACUS v3.1                                            

               Atomic-orbital Based Ab-initio Computation at UStc                    

                     Website: http://abacus.ustc.edu.cn/                             
               Documentation: https://abacus.deepmodeling.com/                       
                  Repository: https://github.com/abacusmodeling/abacus-develop       
                              https://github.com/deepmodeling/abacus-develop         

 Fri Feb  3 19:40:23 2023
 MAKE THE DIR         : OUT.ABACUS/
 MAKE THE STRU DIR    : OUT.ABACUS/STRU/
 UNIFORM GRID DIM     : 108 * 108 * 108
 UNIFORM GRID DIM(BIG): 54 * 54 * 54
 DONE(0.102871   SEC) : SETUP UNITCELL
 DONE(0.114152   SEC) : INIT K-POINTS
 ---------------------------------------------------------
 Molecular Dynamics simulations
 ---------------------------------------------------------
 ENSEMBLE                 : Langevin
 Time interval(fs)        : 1
 ---------------------------------------------------------
 SPIN    KPOINTS         PROCESSORS  NBASE       
 1       36              16          1408        
 ---------------------------------------------------------
 Use Systematically Improvable Atomic bases
 ---------------------------------------------------------
 ELEMENT ORBITALS        NBASE       NATOM       XC          
 Si      3s3p2d-9au      22          32          
 C       3s3p2d-9au      22          32          
 ---------------------------------------------------------
 Initial plane wave basis and FFT box
 ---------------------------------------------------------
--------------------------------- INITVEL DONE ------------------------------------
 -------------------------------------------
 STEP OF MOLECULAR DYNAMICS : 0
 -------------------------------------------
 START CHARGE      : atomic
 DONE(7.71053    SEC) : INIT SCF
 ITER   ETOT(eV)       EDIFF(eV)      DRHO       TIME(s)    
 GE1    -8.341180e+03  0.000000e+00   2.744e-01  8.530e+01  
 GE2    -8.393281e+03  -5.210105e+01  1.458e-01  7.982e+01  
 GE3    -8.405748e+03  -1.246649e+01  2.241e-02  7.971e+01  
 GE4    -8.405768e+03  -2.056912e-02  9.942e-04  7.974e+01  
 GE5    -8.405769e+03  -3.317750e-04  2.147e-04  7.992e+01  
 GE6    -8.405769e+03  -5.536639e-06  2.205e-05  7.975e+01  
 GE7    -8.405769e+03  -1.516394e-07  2.327e-06  7.980e+01  
 GE8    -8.405769e+03  -2.426912e-09  5.378e-08  7.984e+01  
 ><><><><><><><><><><><><><><><><><><><><><><
 TOTAL-STRESS (KBAR):
 ><><><><><><><><><><><><><><><><><><><><><><
 6.711e+01      -1.255e-08     -8.359e-09     
 -1.255e-08     6.711e+01      9.261e-12      
 -8.359e-09     9.261e-12      6.711e+01      
 TOTAL-PRESSURE: 6.711e+01 KBAR
 ------------------------------------------------------------------------------------------------
 Energy              Potential           Kinetic             Temperature         Pressure (KBAR)     
 -3.089e+02          -3.089e+02          2.993e-03           1.000e+01           6.724e+01           
 ------------------------------------------------------------------------------------------------
 -------------------------------------------
 STEP OF MOLECULAR DYNAMICS : 1
 -------------------------------------------
 DONE(7.351e+02  SEC) : INIT SCF
 ITER   ETOT(eV)       EDIFF(eV)      DRHO       TIME(s)    
 GE1    -8.405768e+03  0.000000e+00   4.098e-04  8.541e+01  
 GE2    -8.405768e+03  -3.976714e-05  2.477e-04  8.015e+01  
 GE3    -8.405768e+03  -1.273667e-04  1.681e-04  8.000e+01  
 GE4    -8.405768e+03  -6.712386e-05  5.546e-05  7.994e+01  
 GE5    -8.405768e+03  -9.249000e-06  3.312e-05  8.000e+01  
 GE6    -8.405768e+03  -3.960250e-06  1.195e-05  8.016e+01  
 GE7    -8.405768e+03  -3.794737e-07  2.960e-06  8.008e+01  
 GE8    -8.405768e+03  -1.579581e-08  8.356e-07  8.006e+01  
 ><><><><><><><><><><><><><><><><><><><><><><
 TOTAL-STRESS (KBAR):
 ><><><><><><><><><><><><><><><><><><><><><><
 6.711e+01      -6.465e-02     9.905e-04      
 -6.465e-02     6.711e+01      -4.302e-02     
 9.905e-04      -4.302e-02     6.711e+01      
 TOTAL-PRESSURE: 6.711e+01 KBAR
 ------------------------------------------------------------------------------------------------
 Energy              Potential           Kinetic             Temperature         Pressure (KBAR)     
 -3.089e+02          -3.089e+02          5.512e-03           1.842e+01           6.735e+01           
 ------------------------------------------------------------------------------------------------
 -------------------------------------------
 STEP OF MOLECULAR DYNAMICS : 2
 -------------------------------------------
 DONE(1.465e+03  SEC) : INIT SCF
 ITER   ETOT(eV)       EDIFF(eV)      DRHO       TIME(s)    
 GE1    -8.405758e+03  0.000000e+00   1.588e-03  8.599e+01  
 GE2    -8.405757e+03  5.171228e-04   9.219e-04  8.053e+01  
 GE3    -8.405759e+03  -1.650470e-03  8.480e-04  8.051e+01  
 GE4    -8.405761e+03  -2.101122e-03  2.131e-04  8.057e+01  
 GE5    -8.405761e+03  -1.224399e-04  1.196e-04  8.043e+01  
 GE6    -8.405761e+03  -3.940013e-05  4.057e-05  8.052e+01  
 GE7    -8.405761e+03  -3.535747e-06  8.590e-06  8.070e+01  
 GE8    -8.405761e+03  -1.356920e-07  3.322e-06  8.055e+01  
 GE9    -8.405761e+03  -1.594275e-08  7.207e-07  8.060e+01  
 ><><><><><><><><><><><><><><><><><><><><><><
 TOTAL-STRESS (KBAR):
 ><><><><><><><><><><><><><><><><><><><><><><
 6.713e+01      -1.233e-01     3.318e-01      
 -1.233e-01     6.714e+01      -3.430e-01     
 3.318e-01      -3.430e-01     6.714e+01      
 TOTAL-PRESSURE: 6.714e+01 KBAR
 ------------------------------------------------------------------------------------------------
 Energy              Potential           Kinetic             Temperature         Pressure (KBAR)     
 -3.089e+02          -3.089e+02          1.459e-02           4.876e+01           6.778e+01           
 ------------------------------------------------------------------------------------------------
 -------------------------------------------
 STEP OF MOLECULAR DYNAMICS : 3
 -------------------------------------------
 DONE(2.279e+03  SEC) : INIT SCF
 ITER   ETOT(eV)       EDIFF(eV)      DRHO       TIME(s)    
 GE1    -8.405742e+03  0.000000e+00   2.020e-03  8.642e+01  
 GE2    -8.405742e+03  -4.642124e-04  1.155e-03  8.063e+01  
 GE3    -8.405745e+03  -2.622096e-03  8.978e-04  8.063e+01  
 GE4    -8.405747e+03  -2.127904e-03  2.805e-04  8.051e+01  
 GE5    -8.405747e+03  -2.223088e-04  1.660e-04  8.068e+01  
 GE6    -8.405747e+03  -9.189923e-05  5.194e-05  8.055e+01  
 GE7    -8.405747e+03  -6.526268e-06  1.178e-05  8.063e+01  
 GE8    -8.405747e+03  -2.677213e-07  3.850e-06  8.068e+01  
 GE9    -8.405747e+03  -1.967825e-08  9.867e-07  8.069e+01  
 ><><><><><><><><><><><><><><><><><><><><><><
 TOTAL-STRESS (KBAR):
 ><><><><><><><><><><><><><><><><><><><><><><
 6.718e+01      -6.296e-01     1.811e-01      
 -6.296e-01     6.720e+01      2.065e-01      
 1.811e-01      2.065e-01      6.719e+01      
 TOTAL-PRESSURE: 6.719e+01 KBAR
 ------------------------------------------------------------------------------------------------
 Energy              Potential           Kinetic             Temperature         Pressure (KBAR)     
 -3.089e+02          -3.089e+02          2.463e-02           8.229e+01           6.828e+01           
 ------------------------------------------------------------------------------------------------
 -------------------------------------------
 STEP OF MOLECULAR DYNAMICS : 4
 -------------------------------------------
 DONE(3.095e+03  SEC) : INIT SCF
 ITER   ETOT(eV)       EDIFF(eV)      DRHO       TIME(s)    
 GE1    -8.405720e+03  0.000000e+00   2.259e-03  8.632e+01  
 GE2    -8.405716e+03  4.739431e-03   1.535e-03  8.078e+01  
 GE3    -8.405722e+03  -6.712298e-03  1.476e-03  8.069e+01  
 GE4    -8.405728e+03  -5.996810e-03  3.008e-04  8.074e+01  
 GE5    -8.405729e+03  -1.823943e-04  1.526e-04  8.057e+01  
 GE6    -8.405729e+03  -5.912285e-05  5.989e-05  8.069e+01  
 GE7    -8.405729e+03  -7.422696e-06  1.387e-05  8.059e+01  
 GE8    -8.405729e+03  -3.654242e-07  4.649e-06  8.063e+01  
 GE9    -8.405729e+03  -3.295588e-08  2.022e-06  8.066e+01  
 GE10   -8.405729e+03  -1.593038e-08  1.204e-06  8.069e+01  
 GE11   -8.405729e+03  -4.092803e-09  1.914e-07  8.072e+01  
 ><><><><><><><><><><><><><><><><><><><><><><
 TOTAL-STRESS (KBAR):
 ><><><><><><><><><><><><><><><><><><><><><><
 6.724e+01      -1.371e+00     -7.591e-03     
 -1.371e+00     6.727e+01      2.938e-01      
 -7.591e-03     2.938e-01      6.725e+01      
 TOTAL-PRESSURE: 6.725e+01 KBAR
 ------------------------------------------------------------------------------------------------
 Energy              Potential           Kinetic             Temperature         Pressure (KBAR)     
 -3.089e+02          -3.089e+02          3.527e-02           1.179e+02           6.881e+01           
 ------------------------------------------------------------------------------------------------
 -------------------------------------------
 STEP OF MOLECULAR DYNAMICS : 5
 -------------------------------------------
 DONE(4.073e+03  SEC) : INIT SCF
 ITER   ETOT(eV)       EDIFF(eV)      DRHO       TIME(s)    
 GE1    -8.405693e+03  0.000000e+00   2.547e-03  8.633e+01  
 GE2    -8.405694e+03  -1.176839e-03  1.385e-03  8.088e+01  
 GE3    -8.405698e+03  -3.997334e-03  1.097e-03  8.071e+01  
 GE4    -8.405701e+03  -2.836730e-03  3.029e-04  8.078e+01  
 GE5    -8.405701e+03  -2.472964e-04  2.247e-04  8.079e+01  
 GE6    -8.405701e+03  -1.756384e-04  7.017e-05  8.086e+01  
 GE7    -8.405701e+03  -1.146758e-05  1.281e-05  8.079e+01  
 GE8    -8.405701e+03  -2.763354e-07  4.718e-06  8.088e+01  
 GE9    -8.405701e+03  -3.597057e-08  1.472e-06  8.082e+01  
 GE10   -8.405701e+03  -4.935803e-09  1.250e-06  8.095e+01  
 GE11   -8.405701e+03  -4.867744e-09  2.995e-07  8.082e+01  
 ><><><><><><><><><><><><><><><><><><><><><><
 TOTAL-STRESS (KBAR):
 ><><><><><><><><><><><><><><><><><><><><><><
 6.733e+01      -9.846e-01     4.837e-01      
 -9.846e-01     6.736e+01      -6.490e-01     
 4.837e-01      -6.490e-01     6.734e+01      
 TOTAL-PRESSURE: 6.735e+01 KBAR
 ------------------------------------------------------------------------------------------------
 Energy              Potential           Kinetic             Temperature         Pressure (KBAR)     
 -3.089e+02          -3.089e+02          3.643e-02           1.217e+02           6.896e+01           
 ------------------------------------------------------------------------------------------------
 -------------------------------------------
 STEP OF MOLECULAR DYNAMICS : 6
 -------------------------------------------
 DONE(5.051e+03  SEC) : INIT SCF
 ITER   ETOT(eV)       EDIFF(eV)      DRHO       TIME(s)    
 GE1    -8.405683e+03  0.000000e+00   2.922e-03  8.617e+01  
 GE2    -8.405674e+03  8.102131e-03   2.090e-03  8.077e+01  
 GE3    -8.405687e+03  -1.288212e-02  1.877e-03  8.061e+01  
 GE4    -8.405697e+03  -9.575661e-03  4.075e-04  8.059e+01  
 GE5    -8.405697e+03  -3.707943e-04  2.103e-04  8.085e+01  
 GE6    -8.405697e+03  -1.221959e-04  7.671e-05  8.072e+01  
 GE7    -8.405697e+03  -1.168468e-05  1.877e-05  8.072e+01  
 GE8    -8.405697e+03  -6.741184e-07  6.209e-06  8.071e+01  
 GE9    -8.405697e+03  -5.620566e-08  2.711e-06  8.071e+01  
 GE10   -8.405697e+03  -2.935341e-08  1.568e-06  8.068e+01  
 GE11   -8.405697e+03  -7.254439e-09  2.612e-07  8.082e+01  
 ><><><><><><><><><><><><><><><><><><><><><><
 TOTAL-STRESS (KBAR):
 ><><><><><><><><><><><><><><><><><><><><><><
 6.734e+01      -1.035e+00     -3.483e-01     
 -1.035e+00     6.733e+01      -1.591e-01     
 -3.483e-01     -1.591e-01     6.741e+01      
 TOTAL-PRESSURE: 6.736e+01 KBAR
 ------------------------------------------------------------------------------------------------
 Energy              Potential           Kinetic             Temperature         Pressure (KBAR)     
 -3.089e+02          -3.089e+02          5.268e-02           1.760e+02           6.969e+01           
 ------------------------------------------------------------------------------------------------
 -------------------------------------------
 STEP OF MOLECULAR DYNAMICS : 7
 -------------------------------------------
 DONE(6.029e+03  SEC) : INIT SCF
 ITER   ETOT(eV)       EDIFF(eV)      DRHO       TIME(s)    
 GE1    -8.405642e+03  0.000000e+00   3.221e-03  8.651e+01  
 GE2    -8.405638e+03  4.191974e-03   2.022e-03  8.089e+01  
 GE3    -8.405649e+03  -1.049302e-02  1.769e-03  8.102e+01  
 GE4    -8.405657e+03  -8.819961e-03  4.486e-04  8.099e+01  
 GE5    -8.405658e+03  -5.254548e-04  2.601e-04  8.091e+01  
 GE6    -8.405658e+03  -2.063740e-04  8.366e-05  8.090e+01  
 GE7    -8.405658e+03  -1.455069e-05  1.836e-05  8.097e+01  
 GE8    -8.405658e+03  -6.155987e-07  6.592e-06  8.113e+01  
 GE9    -8.405658e+03  -6.780503e-08  2.568e-06  8.091e+01  
 GE10   -8.405658e+03  -2.492959e-08  1.657e-06  8.108e+01  
 GE11   -8.405658e+03  -8.122188e-09  3.000e-07  8.079e+01  
 ><><><><><><><><><><><><><><><><><><><><><><
 TOTAL-STRESS (KBAR):
 ><><><><><><><><><><><><><><><><><><><><><><
 6.742e+01      -7.124e-01     -2.106e-01     
 -7.124e-01     6.757e+01      -4.996e-02     
 -2.106e-01     -4.996e-02     6.752e+01      
 TOTAL-PRESSURE: 6.750e+01 KBAR
 ------------------------------------------------------------------------------------------------
 Energy              Potential           Kinetic             Temperature         Pressure (KBAR)     
 -3.088e+02          -3.089e+02          6.587e-02           2.201e+02           7.042e+01           
 ------------------------------------------------------------------------------------------------
 -------------------------------------------
 STEP OF MOLECULAR DYNAMICS : 8
 -------------------------------------------
 DONE(7.009e+03  SEC) : INIT SCF
 ITER   ETOT(eV)       EDIFF(eV)      DRHO       TIME(s)    
 GE1    -8.405584e+03  0.000000e+00   3.696e-03  8.625e+01  
 GE2    -8.405583e+03  9.137614e-04   2.103e-03  8.078e+01  
 GE3    -8.405591e+03  -8.079388e-03  1.804e-03  8.080e+01  
 GE4    -8.405602e+03  -1.007258e-02  5.340e-04  8.072e+01  
 GE5    -8.405602e+03  -7.824683e-04  2.774e-04  8.074e+01  
 GE6    -8.405603e+03  -2.399811e-04  9.847e-05  8.081e+01  
 GE7    -8.405603e+03  -2.241994e-05  1.974e-05  8.078e+01  
 GE8    -8.405603e+03  -7.044587e-07  7.638e-06  8.074e+01  
 GE9    -8.405603e+03  -8.219790e-08  2.258e-06  8.084e+01  
 GE10   -8.405603e+03  -1.210517e-08  1.756e-06  8.090e+01  
 GE11   -8.405603e+03  -9.291560e-09  4.749e-07  8.079e+01  
 ><><><><><><><><><><><><><><><><><><><><><><
 TOTAL-STRESS (KBAR):
 ><><><><><><><><><><><><><><><><><><><><><><
 6.754e+01      -5.750e-01     -7.501e-01     
 -5.750e-01     6.781e+01      5.135e-01      
 -7.501e-01     5.135e-01      6.781e+01      
 TOTAL-PRESSURE: 6.772e+01 KBAR
 ------------------------------------------------------------------------------------------------
 Energy              Potential           Kinetic             Temperature         Pressure (KBAR)     
 -3.088e+02          -3.089e+02          7.890e-02           2.637e+02           7.121e+01           
 ------------------------------------------------------------------------------------------------
 -------------------------------------------
 STEP OF MOLECULAR DYNAMICS : 9
 -------------------------------------------
 DONE(7.987e+03  SEC) : INIT SCF
 ITER   ETOT(eV)       EDIFF(eV)      DRHO       TIME(s)    
 GE1    -8.405520e+03  0.000000e+00   4.028e-03  8.638e+01  
 GE2    -8.405508e+03  1.251114e-02   2.926e-03  8.097e+01  
 GE3    -8.405531e+03  -2.274371e-02  2.500e-03  8.079e+01  
 GE4    -8.405549e+03  -1.815738e-02  5.984e-04  8.079e+01  
 GE5    -8.405550e+03  -9.197767e-04  3.095e-04  8.108e+01  
 GE6    -8.405550e+03  -2.507683e-04  1.043e-04  8.113e+01  
 GE7    -8.405550e+03  -2.270715e-05  2.521e-05  8.101e+01  
 GE8    -8.405550e+03  -1.111776e-06  1.068e-05  8.095e+01  
 GE9    -8.405550e+03  -2.446850e-07  5.280e-06  8.095e+01  
 GE10   -8.405550e+03  -1.031785e-07  1.777e-06  8.100e+01  
 GE11   -8.405550e+03  -7.924199e-09  3.645e-07  8.089e+01  
 ><><><><><><><><><><><><><><><><><><><><><><
 TOTAL-STRESS (KBAR):
 ><><><><><><><><><><><><><><><><><><><><><><
 6.776e+01      -9.165e-01     -1.689e+00     
 -9.165e-01     6.800e+01      1.826e+00      
 -1.689e+00     1.826e+00      6.794e+01      
 TOTAL-PRESSURE: 6.790e+01 KBAR
 ------------------------------------------------------------------------------------------------
 Energy              Potential           Kinetic             Temperature         Pressure (KBAR)     
 -3.088e+02          -3.089e+02          7.441e-02           2.486e+02           7.119e+01           
 ------------------------------------------------------------------------------------------------
 -------------------------------------------
 STEP OF MOLECULAR DYNAMICS : 10
 -------------------------------------------
 DONE(8.967e+03  SEC) : INIT SCF
 ITER   ETOT(eV)       EDIFF(eV)      DRHO       TIME(s)    
 GE1    -8.405454e+03  0.000000e+00   3.705e-03  8.646e+01  
 GE2    -8.405449e+03  4.401279e-03   2.171e-03  8.079e+01  
 GE3    -8.405460e+03  -1.102813e-02  1.980e-03  8.080e+01  
 GE4    -8.405472e+03  -1.156640e-02  4.712e-04  8.084e+01  
 GE5    -8.405473e+03  -6.151047e-04  2.833e-04  8.078e+01  
 GE6    -8.405473e+03  -2.564469e-04  9.493e-05  8.084e+01  
 GE7    -8.405473e+03  -1.896540e-05  2.053e-05  8.092e+01  
 GE8    -8.405473e+03  -7.375182e-07  8.252e-06  8.088e+01  
 GE9    -8.405473e+03  -1.482071e-07  4.363e-06  8.086e+01  
 GE10   -8.405473e+03  -7.104246e-08  1.684e-06  8.081e+01  
 GE11   -8.405473e+03  -7.392104e-09  3.176e-07  8.081e+01  
 ><><><><><><><><><><><><><><><><><><><><><><
 TOTAL-STRESS (KBAR):
 ><><><><><><><><><><><><><><><><><><><><><><
 6.800e+01      -5.098e-01     -3.353e-01     
 -5.098e-01     6.833e+01      6.464e-01      
 -3.353e-01     6.464e-01      6.814e+01      
 TOTAL-PRESSURE: 6.815e+01 KBAR
 ------------------------------------------------------------------------------------------------
 Energy              Potential           Kinetic             Temperature         Pressure (KBAR)     
 -3.088e+02          -3.089e+02          8.287e-02           2.769e+02           7.182e+01           
 ------------------------------------------------------------------------------------------------

  |CLASS_NAME---------|NAME---------------|TIME(Sec)-----|CALLS----|AVG------|PER%-------
                       total               9945.4         27        3.7e+02   1e+02     %
   Driver              driver_line         9945.4         1         9.9e+03   1e+02     %
   PW_Basis            setup_struc_factor  0.87603        11        0.08      0.0088    %
   ORB_control         read_orb_first      0.14565        1         0.15      0.0015    %
   LCAO_Orbitals       Read_Orbitals       0.14565        1         0.15      0.0015    %
   ORB_control         set_orb_tables      6.2607         1         6.3       0.063     %
   ORB_gen_tables      gen_tables          6.2607         1         6.3       0.063     %
   ORB_table_phi       init_Table          4.9282         1         4.9       0.05      %
   ORB_table_phi       cal_ST_Phi12_R      4.9002         558       0.0088    0.049     %
   ORB_table_beta      init_Table_Beta     1.1426         1         1.1       0.011     %
   ORB_table_beta      VNL_PhiBeta_R       1.1365         168       0.0068    0.011     %
   Run_MD              md_line             9938.4         1         9.9e+03   1e+02     %
   Langevin            setup               727.27         1         7.3e+02   7.3       %
   MD_func             force_virial        9938.3         11        9e+02     1e+02     %
   ESolver_KS_LCAO     Run                 9023           11        8.2e+02   91        %
   ESolver_KS_LCAO     beforescf           9.4741         11        0.86      0.095     %
   ESolver_KS_LCAO     beforesolver        6.3844         11        0.58      0.064     %
   ESolver_KS_LCAO     set_matrix_grid     4.0491         11        0.37      0.041     %
   Grid_Technique      init                1.6822         11        0.15      0.017     %
   Grid_BigCell        grid_expansion_index0.58256        22        0.026     0.0059    %
   Record_adj          for_2d              2.1239         11        0.19      0.021     %
   Grid_Driver         Find_atom           14.748         536256    2.8e-05   0.15      %
   Charge              atomic_rho          1.0513         21        0.05      0.011     %
   PW_Basis            recip2real          1.7744         675       0.0026    0.018     %
   PW_Basis            gathers_scatterp    1.0809         675       0.0016    0.011     %
   Potential           init_pot            0.70664        11        0.064     0.0071    %
   Potential           update_from_charge  7.4829         122       0.061     0.075     %
   Potential           cal_v_eff           7.4459         122       0.061     0.075     %
   H_Hartree_pw        v_hartree           0.77705        122       0.0064    0.0078    %
   PW_Basis            real2recip          2.5982         1020      0.0025    0.026     %
   PW_Basis            gatherp_scatters    1.5084         1020      0.0015    0.015     %
   PotXC               cal_v_eff           6.6122         122       0.054     0.066     %
   XC_Functional       v_xc                6.5765         122       0.054     0.066     %
   HSolverLCAO         solve               9002.6         111       81        91        %
   HamiltLCAO          updateHk            3383.8         3996      0.85      34        %
   OperatorLCAO        init                2813           7992      0.35      28        %
   Veff                contributeHk        2811.1         3996      0.7       28        %
   Gint_interface      cal_gint            3255.5         233       14        33        %
   Gint_interface      cal_gint_vlocal     1565.6         111       14        16        %
   Gint_k              folding_vl_k        1245.5         3996      0.31      13        %
   Gint_k              Distri              1020.5         3996      0.26      10        %
   Overlap             contributeHR        4.227          11        0.38      0.043     %
   LCAO_gen_fixedH     calculate_S_no      4.227          11        0.38      0.043     %
   Ekin<LCAO>          contributeHR        4.2954         11        0.39      0.043     %
   Nonlocal<LCAO>      contributeHR        47.04          11        4.3       0.47      %
   LCAO_gen_fixedH     build_Nonlocal_mu_new151.26         22        6.9       1.5       %
   ORB_gen_tables      snap_psibeta_half   3.1503         1126752   2.8e-06   0.032     %
   OperatorLCAO        folding_fixed       515.27         3996      0.13      5.2       %
   LCAO_nnr            folding_fixedH      510.17         3996      0.13      5.1       %
   HSolverLCAO         hamiltSolvePsiK     1300           3996      0.33      13        %
   DiagoElpa           elpa_solve          1289.3         3996      0.32      13        %
   ElecStateLCAO       psiToRho            4318.8         111       39        43        %
   elecstate           cal_dm              109.37         122       0.9       1.1       %
   psiMulPsiMpi        pdgemm              106.17         4392      0.024     1.1       %
    Local_Orbital_wfc  wfc_2d_to_grid      22.316         3996      0.0056    0.22      %
   LCAO_Charge         cal_dk_k            2192.7         111       20        22        %
   Record_adj          for_grid            0.59094        111       0.0053    0.0059    %
   Gint_interface      cal_gint_rho        1329.1         111       12        13        %
   Charge              mix_rho             0.9229         100       0.0092    0.0093    %
   Force_Stress_LCAO   getForceStress      915.28         11        83        9.2       %
   Forces              cal_force_loc       0.70252        11        0.064     0.0071    %
   Forces              cal_force_ew        0.69848        11        0.063     0.007     %
   Forces              cal_force_scc       1.1071         11        0.1       0.011     %
   Stress_Func         stress_loc          0.45053        11        0.041     0.0045    %
   Stress_Func         stress_ewa          0.34398        11        0.031     0.0035    %
   Stress_Func         stress_gga          0.35692        11        0.032     0.0036    %
   Force_LCAO_k        ftable_k            911.56         11        83        9.2       %
   Force_LCAO_k        allocate_k          132.76         11        12        1.3       %
   Force_LCAO_k        cal_foverlap_k      23.405         11        2.1       0.24      %
   Force_LCAO_k        cal_edm_2d          22.534         11        2         0.23      %
   Local_Orbital_Chargecal_dm_R            11.327         22        0.51      0.11      %
   Force_LCAO_k        cal_ftvnl_dphi_k    0.25303        11        0.023     0.0025    %
   Force_LCAO_k        cal_fvl_dphi_k      360.83         11        33        3.6       %
   Gint_interface      cal_gint_force      360.83         11        33        3.6       %
   Force_LCAO_k        cal_fvnl_dbeta_k_new274.94         11        25        2.8       %
 ----------------------------------------------------------------------------------------

 START  Time  : Fri Feb  3 19:40:23 2023
 FINISH Time  : Fri Feb  3 22:26:08 2023
 TOTAL  Time  : 9.9e+03
 SEE INFORMATION IN : OUT.ABACUS/
