 Input  warning : gamma_only_local algorithm is not used.
 In SCAN_BEGIN, can't find: LATTICE_PARAMETERS block.
 AUTO_SET NBANDS to 0
 AUTO_SET NBANDS to 173
 cpu 2D distribution : 4*4
 but, the number of bands-row-block is 3
      Processor           Atom
              1             54
              2             58
              3             56
              4             53
              5             54
              6             58
              7             56
              8             53
              9             55
             10             58
             11             56
             12             53
             13             54
             14             58
             15             56
             16             53
                            startmag_type = 2
                       charge from rho_at = 3.95377
                         charge should be = 4
                       charge from rho_at = 3.99303
                         charge should be = 4

 SETUP ATOMIC RHO FOR SPIN 1
                 Electron number from rho = 288
           total electron number from rho = 288
                                should be = 288
                 charge before normalized = 288
                  charge after normalized = 288
                 charge before normalized = 288.000109227365
                  charge after normalized = 288
                 charge before normalized = 288.000158862513
                  charge after normalized = 288
                 charge before normalized = 288.00013044887
                  charge after normalized = 288
                 charge before normalized = 288.000135290313
                  charge after normalized = 288
                 charge before normalized = 288.000130490061
                  charge after normalized = 288
                 charge before normalized = 288.000130608357
                  charge after normalized = 288
                 charge before normalized = 288.000130818793
                  charge after normalized = 288
                 charge before normalized = 288.000130836523
                  charge after normalized = 288
                 charge before normalized = 288.000130876542
                  charge after normalized = 288
                 charge before normalized = 288.00013087674
                  charge after normalized = 288
                 charge before normalized = 288.000130870863
                  charge after normalized = 288
                 charge before normalized = 288.000130868948
                  charge after normalized = 288
                 charge before normalized = 288.000130868962
                  charge after normalized = 288
                 charge before normalized = 288.000130869025
                  charge after normalized = 288
                 charge before normalized = 288.000130869176
                  charge after normalized = 288
                 charge before normalized = 288.00013086913
                  charge after normalized = 288
                 charge before normalized = 288.000130869154
                  charge after normalized = 288
                            startmag_type = 2
                       charge from rho_at = 3.95377434289291
                         charge should be = 4
                       charge from rho_at = 3.99303358802097
                         charge should be = 4

 SETUP ATOMIC RHO FOR SPIN 1
                 Electron number from rho = 288
           total electron number from rho = 288
                                should be = 288
                            startmag_type = 2
                       charge from rho_at = 3.95377434289291
                         charge should be = 4
                       charge from rho_at = 3.99303358802097
                         charge should be = 4

 SETUP ATOMIC RHO FOR SPIN 1
                 Electron number from rho = 288
           total electron number from rho = 288
                                should be = 288
      Processor           Atom
              1             54
              2             58
              3             56
              4             53
              5             54
              6             58
              7             56
              8             53
              9             55
             10             58
             11             56
             12             53
             13             54
             14             58
             15             56
             16             53
                 charge before normalized = 288
                  charge after normalized = 288
                 charge before normalized = 288.000130838095
                  charge after normalized = 288
                 charge before normalized = 288.000130833907
                  charge after normalized = 288
                 charge before normalized = 288.000130844375
                  charge after normalized = 288
                 charge before normalized = 288.000130838141
                  charge after normalized = 288
                 charge before normalized = 288.000130838372
                  charge after normalized = 288
                 charge before normalized = 288.000130838496
                  charge after normalized = 288
                 charge before normalized = 288.000130838497
                  charge after normalized = 288
                 charge before normalized = 288.000130838601
                  charge after normalized = 288
                 charge before normalized = 288.00013083854
                  charge after normalized = 288
                 charge before normalized = 288.000130838554
                  charge after normalized = 288
                            startmag_type = 2
                       charge from rho_at = 3.95377434289291
                         charge should be = 4
                       charge from rho_at = 3.99303358802097
                         charge should be = 4

 SETUP ATOMIC RHO FOR SPIN 1
                 Electron number from rho = 288
           total electron number from rho = 288
                                should be = 288
                            startmag_type = 2
                       charge from rho_at = 3.95377434289291
                         charge should be = 4
                       charge from rho_at = 3.99303358802097
                         charge should be = 4

 SETUP ATOMIC RHO FOR SPIN 1
                 Electron number from rho = 288
           total electron number from rho = 288
                                should be = 288
      Processor           Atom
              1             54
              2             58
              3             56
              4             53
              5             54
              6             58
              7             56
              8             53
              9             54
             10             58
             11             56
             12             53
             13             54
             14             58
             15             56
             16             53
                 charge before normalized = 288
                  charge after normalized = 288
                 charge before normalized = 288.00013090652
                  charge after normalized = 288
                 charge before normalized = 288.000130910064
                  charge after normalized = 288
                 charge before normalized = 288.000130901345
                  charge after normalized = 288
                 charge before normalized = 288.000130906852
                  charge after normalized = 288
                 charge before normalized = 288.000130904542
                  charge after normalized = 288
                 charge before normalized = 288.000130906582
                  charge after normalized = 288
                 charge before normalized = 288.000130905291
                  charge after normalized = 288
                 charge before normalized = 288.000130905792
                  charge after normalized = 288
                 charge before normalized = 288.000130905706
                  charge after normalized = 288
                 charge before normalized = 288.000130905716
                  charge after normalized = 288
                            startmag_type = 2
                       charge from rho_at = 3.95377434289291
                         charge should be = 4
                       charge from rho_at = 3.99303358802097
                         charge should be = 4

 SETUP ATOMIC RHO FOR SPIN 1
                 Electron number from rho = 288
           total electron number from rho = 288
                                should be = 288
                            startmag_type = 2
                       charge from rho_at = 3.95377434289291
                         charge should be = 4
                       charge from rho_at = 3.99303358802097
                         charge should be = 4

 SETUP ATOMIC RHO FOR SPIN 1
                 Electron number from rho = 288
           total electron number from rho = 288
                                should be = 288
      Processor           Atom
              1             54
              2             58
              3             56
              4             53
              5             54
              6             58
              7             56
              8             53
              9             54
             10             58
             11             56
             12             53
             13             54
             14             58
             15             56
             16             53
                 charge before normalized = 288
                  charge after normalized = 288
                 charge before normalized = 288.000131071692
                  charge after normalized = 288
                 charge before normalized = 288.000131060624
                  charge after normalized = 288
                 charge before normalized = 288.000131092978
                  charge after normalized = 288
                 charge before normalized = 288.000131068658
                  charge after normalized = 288
                 charge before normalized = 288.00013107369
                  charge after normalized = 288
                 charge before normalized = 288.000131071867
                  charge after normalized = 288
                 charge before normalized = 288.00013107259
                  charge after normalized = 288
                 charge before normalized = 288.000131072547
                  charge after normalized = 288
                 charge before normalized = 288.000131072478
                  charge after normalized = 288
                 charge before normalized = 288.000131072528
                  charge after normalized = 288
                 charge before normalized = 288.000131072514
                  charge after normalized = 288
                            startmag_type = 2
                       charge from rho_at = 3.95377434289291
                         charge should be = 4
                       charge from rho_at = 3.99303358802097
                         charge should be = 4

 SETUP ATOMIC RHO FOR SPIN 1
                 Electron number from rho = 288
           total electron number from rho = 288
                                should be = 288
                            startmag_type = 2
                       charge from rho_at = 3.95377434289291
                         charge should be = 4
                       charge from rho_at = 3.99303358802097
                         charge should be = 4

 SETUP ATOMIC RHO FOR SPIN 1
                 Electron number from rho = 288
           total electron number from rho = 288
                                should be = 288
      Processor           Atom
              1             54
              2             58
              3             56
              4             53
              5             54
              6             58
              7             56
              8             53
              9             54
             10             58
             11             56
             12             53
             13             54
             14             58
             15             56
             16             53
                 charge before normalized = 288
                  charge after normalized = 288
                 charge before normalized = 288.000130990384
                  charge after normalized = 288
                 charge before normalized = 288.000130983235
                  charge after normalized = 288
                 charge before normalized = 288.000130997897
                  charge after normalized = 288
                 charge before normalized = 288.00013098199
                  charge after normalized = 288
                 charge before normalized = 288.000130988945
                  charge after normalized = 288
                 charge before normalized = 288.000130984709
                  charge after normalized = 288
                 charge before normalized = 288.000130986288
                  charge after normalized = 288
                 charge before normalized = 288.000130985835
                  charge after normalized = 288
                 charge before normalized = 288.000130985925
                  charge after normalized = 288
                 charge before normalized = 288.000130985924
                  charge after normalized = 288
                 charge before normalized = 288.000130985921
                  charge after normalized = 288
                            startmag_type = 2
                       charge from rho_at = 3.95377434289291
                         charge should be = 4
                       charge from rho_at = 3.99303358802097
                         charge should be = 4

 SETUP ATOMIC RHO FOR SPIN 1
                 Electron number from rho = 288
           total electron number from rho = 288
                                should be = 288
                            startmag_type = 2
                       charge from rho_at = 3.95377434289291
                         charge should be = 4
                       charge from rho_at = 3.99303358802097
                         charge should be = 4

 SETUP ATOMIC RHO FOR SPIN 1
                 Electron number from rho = 288
           total electron number from rho = 288
                                should be = 288
      Processor           Atom
              1             54
              2             58
              3             56
              4             53
              5             54
              6             58
              7             56
              8             53
              9             54
             10             58
             11             56
             12             53
             13             54
             14             58
             15             56
             16             53
                 charge before normalized = 288
                  charge after normalized = 288
                 charge before normalized = 288.000131179887
                  charge after normalized = 288
                 charge before normalized = 288.000131166914
                  charge after normalized = 288
                 charge before normalized = 288.000131185879
                  charge after normalized = 288
                 charge before normalized = 288.00013116603
                  charge after normalized = 288
                 charge before normalized = 288.000131174758
                  charge after normalized = 288
                 charge before normalized = 288.000131169738
                  charge after normalized = 288
                 charge before normalized = 288.000131171404
                  charge after normalized = 288
                 charge before normalized = 288.000131171183
                  charge after normalized = 288
                 charge before normalized = 288.000131171175
                  charge after normalized = 288
                 charge before normalized = 288.000131171221
                  charge after normalized = 288
                 charge before normalized = 288.000131171201
                  charge after normalized = 288
                            startmag_type = 2
                       charge from rho_at = 3.95377434289291
                         charge should be = 4
                       charge from rho_at = 3.99303358802097
                         charge should be = 4

 SETUP ATOMIC RHO FOR SPIN 1
                 Electron number from rho = 288
           total electron number from rho = 288
                                should be = 288
                            startmag_type = 2
                       charge from rho_at = 3.95377434289291
                         charge should be = 4
                       charge from rho_at = 3.99303358802097
                         charge should be = 4

 SETUP ATOMIC RHO FOR SPIN 1
                 Electron number from rho = 288
           total electron number from rho = 288
                                should be = 288
      Processor           Atom
              1             54
              2             58
              3             56
              4             53
              5             54
              6             58
              7             56
              8             53
              9             55
             10             58
             11             56
             12             53
             13             54
             14             58
             15             56
             16             53
                 charge before normalized = 288
                  charge after normalized = 288
                 charge before normalized = 288.000131018323
                  charge after normalized = 288
                 charge before normalized = 288.000131021958
                  charge after normalized = 288
                 charge before normalized = 288.000131023128
                  charge after normalized = 288
                 charge before normalized = 288.000131017945
                  charge after normalized = 288
                 charge before normalized = 288.000131021535
                  charge after normalized = 288
                 charge before normalized = 288.000131019132
                  charge after normalized = 288
                 charge before normalized = 288.000131020366
                  charge after normalized = 288
                 charge before normalized = 288.000131020037
                  charge after normalized = 288
                 charge before normalized = 288.000131019979
                  charge after normalized = 288
                 charge before normalized = 288.00013102007
                  charge after normalized = 288
                 charge before normalized = 288.000131020032
                  charge after normalized = 288
                            startmag_type = 2
                       charge from rho_at = 3.95377434289291
                         charge should be = 4
                       charge from rho_at = 3.99303358802097
                         charge should be = 4

 SETUP ATOMIC RHO FOR SPIN 1
                 Electron number from rho = 288
           total electron number from rho = 288
                                should be = 288
                            startmag_type = 2
                       charge from rho_at = 3.95377434289291
                         charge should be = 4
                       charge from rho_at = 3.99303358802097
                         charge should be = 4

 SETUP ATOMIC RHO FOR SPIN 1
                 Electron number from rho = 288
           total electron number from rho = 288
                                should be = 288
      Processor           Atom
              1             54
              2             58
              3             56
              4             53
              5             54
              6             58
              7             56
              8             53
              9             54
             10             58
             11             56
             12             53
             13             54
             14             58
             15             56
             16             53
                 charge before normalized = 288
                  charge after normalized = 288
                 charge before normalized = 288.000130986038
                  charge after normalized = 288
                 charge before normalized = 288.000130997568
                  charge after normalized = 288
                 charge before normalized = 288.000130989284
                  charge after normalized = 288
                 charge before normalized = 288.000130989006
                  charge after normalized = 288
                 charge before normalized = 288.000130987927
                  charge after normalized = 288
                 charge before normalized = 288.000130989468
                  charge after normalized = 288
                 charge before normalized = 288.000130989354
                  charge after normalized = 288
                 charge before normalized = 288.000130989107
                  charge after normalized = 288
                 charge before normalized = 288.00013098907
                  charge after normalized = 288
                 charge before normalized = 288.000130989126
                  charge after normalized = 288
                 charge before normalized = 288.00013098912
                  charge after normalized = 288
                            startmag_type = 2
                       charge from rho_at = 3.95377434289291
                         charge should be = 4
                       charge from rho_at = 3.99303358802097
                         charge should be = 4

 SETUP ATOMIC RHO FOR SPIN 1
                 Electron number from rho = 288
           total electron number from rho = 288
                                should be = 288
                            startmag_type = 2
                       charge from rho_at = 3.95377434289291
                         charge should be = 4
                       charge from rho_at = 3.99303358802097
                         charge should be = 4

 SETUP ATOMIC RHO FOR SPIN 1
                 Electron number from rho = 288
           total electron number from rho = 288
                                should be = 288
      Processor           Atom
              1             54
              2             58
              3             56
              4             53
              5             54
              6             58
              7             56
              8             53
              9             55
             10             58
             11             57
             12             53
             13             54
             14             58
             15             57
             16             53
                 charge before normalized = 288
                  charge after normalized = 288
                 charge before normalized = 288.0001311766
                  charge after normalized = 288
                 charge before normalized = 288.000131183097
                  charge after normalized = 288
                 charge before normalized = 288.000131167787
                  charge after normalized = 288
                 charge before normalized = 288.000131164463
                  charge after normalized = 288
                 charge before normalized = 288.000131172511
                  charge after normalized = 288
                 charge before normalized = 288.000131168389
                  charge after normalized = 288
                 charge before normalized = 288.000131168688
                  charge after normalized = 288
                 charge before normalized = 288.00013116869
                  charge after normalized = 288
                 charge before normalized = 288.000131168687
                  charge after normalized = 288
                 charge before normalized = 288.000131168766
                  charge after normalized = 288
                 charge before normalized = 288.000131168701
                  charge after normalized = 288
                 charge before normalized = 288.000131168724
                  charge after normalized = 288
                            startmag_type = 2
                       charge from rho_at = 3.95377434289291
                         charge should be = 4
                       charge from rho_at = 3.99303358802097
                         charge should be = 4

 SETUP ATOMIC RHO FOR SPIN 1
                 Electron number from rho = 288
           total electron number from rho = 288
                                should be = 288
                            startmag_type = 2
                       charge from rho_at = 3.95377434289291
                         charge should be = 4
                       charge from rho_at = 3.99303358802097
                         charge should be = 4

 SETUP ATOMIC RHO FOR SPIN 1
                 Electron number from rho = 288
           total electron number from rho = 288
                                should be = 288
      Processor           Atom
              1             54
              2             58
              3             56
              4             54
              5             54
              6             58
              7             56
              8             53
              9             56
             10             58
             11             57
             12             53
             13             54
             14             58
             15             57
             16             53
                 charge before normalized = 288
                  charge after normalized = 288
                 charge before normalized = 288.000130968204
                  charge after normalized = 288
                 charge before normalized = 288.000130965352
                  charge after normalized = 288
                 charge before normalized = 288.000130973851
                  charge after normalized = 288
                 charge before normalized = 288.000130963225
                  charge after normalized = 288
                 charge before normalized = 288.000130965638
                  charge after normalized = 288
                 charge before normalized = 288.000130964753
                  charge after normalized = 288
                 charge before normalized = 288.000130965411
                  charge after normalized = 288
                 charge before normalized = 288.000130965219
                  charge after normalized = 288
                 charge before normalized = 288.0001309651
                  charge after normalized = 288
                 charge before normalized = 288.000130965218
                  charge after normalized = 288
                 charge before normalized = 288.000130965175
                  charge after normalized = 288
                 charge before normalized = 288.000130965192
                  charge after normalized = 288
                            startmag_type = 2
                       charge from rho_at = 3.95377434289291
                         charge should be = 4
                       charge from rho_at = 3.99303358802097
                         charge should be = 4

 SETUP ATOMIC RHO FOR SPIN 1
                 Electron number from rho = 288
           total electron number from rho = 288
                                should be = 288
                            startmag_type = 2
                       charge from rho_at = 3.95377434289291
                         charge should be = 4
                       charge from rho_at = 3.99303358802097
                         charge should be = 4

 SETUP ATOMIC RHO FOR SPIN 1
                 Electron number from rho = 288
           total electron number from rho = 288
                                should be = 288
      Processor           Atom
              1             54
              2             58
              3             56
              4             54
              5             54
              6             58
              7             56
              8             53
              9             55
             10             58
             11             57
             12             53
             13             54
             14             58
             15             57
             16             53
                 charge before normalized = 288
                  charge after normalized = 288
                 charge before normalized = 288.000130785232
                  charge after normalized = 288
                 charge before normalized = 288.00013076874
                  charge after normalized = 288
                 charge before normalized = 288.00013079548
                  charge after normalized = 288
                 charge before normalized = 288.000130769712
                  charge after normalized = 288
                 charge before normalized = 288.00013077835
                  charge after normalized = 288
                 charge before normalized = 288.000130774427
                  charge after normalized = 288
                 charge before normalized = 288.000130775232
                  charge after normalized = 288
                 charge before normalized = 288.000130775094
                  charge after normalized = 288
                 charge before normalized = 288.000130775035
                  charge after normalized = 288
                 charge before normalized = 288.000130775131
                  charge after normalized = 288
                 charge before normalized = 288.000130775095
                  charge after normalized = 288
                 charge before normalized = 288.000130775104
                  charge after normalized = 288
