                                                                                     
                              ABACUS v3.9.0.25

               Atomic-orbital Based Ab-initio Computation at UStc                    

                     Website: http://abacus.ustc.edu.cn/                             
               Documentation: https://abacus.deepmodeling.com/                       
                  Repository: https://github.com/abacusmodeling/abacus-develop       
                              https://github.com/deepmodeling/abacus-develop         
                      Commit: 5d834e975 (Mon Mar 9 11:19:58 2026 +0800)

    Start Time is Tue Mar 17 16:57:43 2026
                                                                                     
 ------------------------------------------------------------------------------------

 READING GENERAL INFORMATION
                           global_out_dir = OUT.ABACUS/
                           global_in_card = INPUT
                               pseudo_dir = 
                              orbital_dir = 
                                    DRANK = 1
                                    DSIZE = 4
                                   DCOLOR = 1
                                    GRANK = 1
                                    GSIZE = 1


 >>>>>>>>>>>>>>>>>>>>>>>>>>>>>>>>>>>>>>>>>>>>>>>>>>>>>>>>>>>>>>>>>>>>>>
 |                                                                    |
 |                        #Setup Unitcell#                            |
 | From the input file and the structure file we know the number of   |
 | different elments in this unitcell, then we list the detail        |
 | information for each element, especially the zeta and polar atomic |
 | orbital number for each element. The total atom number is counted. |
 | We calculate the nearest atom distance for each atom and show the  |
 | Cartesian and Direct coordinates for each atom. We list the file   |
 | address for atomic orbitals. The volume and the lattice vectors    |
 | in real and reciprocal space is also shown.                        |
 |                                                                    |
 <<<<<<<<<<<<<<<<<<<<<<<<<<<<<<<<<<<<<<<<<<<<<<<<<<<<<<<<<<<<<<<<<<<<<<

 READING UNITCELL INFORMATION
                       Number of elements = 2
                  Lattice constant (Bohr) = 1.88972
              Lattice constant (Angstrom) = 0.999994

 READING ATOM TYPE 1
                               Atom label = Ga
                      L=0, number of zeta = 1
                      L=1, number of zeta = 1
                      L=2, number of zeta = 1
            Number of atoms for this type = 4

 READING ATOM TYPE 2
                               Atom label = As
                      L=0, number of zeta = 1
                      L=1, number of zeta = 1
                      L=2, number of zeta = 1
            Number of atoms for this type = 4

                        TOTAL ATOM NUMBER = 8

 DIRECT COORDINATES
 atom                  x                  y                  z     mag
   Ga     0.000000000000     0.000000000000     0.000000000000  0.0000
   Ga     0.000000000000     0.500000000000     0.500000000000  0.0000
   Ga     0.500000000000     0.000000000000     0.500000000000  0.0000
   Ga     0.500000000000     0.500000000000     0.000000000000  0.0000
   As     0.250000000000     0.250000000000     0.250000000000  0.0000
   As     0.250000000000     0.750000000000     0.750000000000  0.0000
   As     0.750000000000     0.250000000000     0.750000000000  0.0000
   As     0.750000000000     0.750000000000     0.250000000000  0.0000

 ATOMIC VELOCITIES
 atom                 vx                 vy                 vz
   Ga                  0                  0                  0
   Ga                  0                  0                  0
   Ga                  0                  0                  0
   Ga                  0                  0                  0
   As                  0                  0                  0
   As                  0                  0                  0
   As                  0                  0                  0
   As                  0                  0                  0

                     Cell volume (Bohr^3) = 1283.02
                        Cell volume (A^3) = 190.124

 Lattice vectors: (Cartesian coordinate: in unit of a_0)
             +5.75018                  +0                  +0
                   +0            +5.75018                  +0
                   +0                  +0            +5.75018
 Reciprocal vectors: (Cartesian coordinate: in unit of 2 pi/a_0)
            +0.173908                  -0                  +0
                   -0           +0.173908                  -0
                   +0                  -0           +0.173908

 #ENERGY SOLVER# ksdft_pw
 RUNNING WITH DEVICE  : CPU / Intel(R) Xeon(R) Gold 6132 CPU @ 2.60GHz (x2)


 >>>>>>>>>>>>>>>>>>>>>>>>>>>>>>>>>>>>>>>>>>>>>>>>>>>>>>>>>>>>>>>>>>>>>>
 |                                                                    |
 |                 #Read Pseudopotentials Files#                      |
 | ABACUS supports norm-conserving (NC) pseudopotentials for both     |
 | plane wave basis and numerical atomic orbital basis sets.          |
 | In addition, ABACUS supports ultrasoft pseudopotentials (USPP)     |
 | for plane wave basis set.                                          |
 |                                                                    |
 <<<<<<<<<<<<<<<<<<<<<<<<<<<<<<<<<<<<<<<<<<<<<<<<<<<<<<<<<<<<<<<<<<<<<<

                PAO radial cut off (Bohr) = 15
                     Pseudopotential file = ./Ga.upf
                     Pseudopotential type = NC
          Exchange-correlation functional = PBE
                 Nonlocal core correction = 1
                        Valence electrons = 13
                                     Lmax = 2
                           Number of zeta = 3
                     Number of projectors = 6
                           L of projector = 0
                           L of projector = 0
                           L of projector = 1
                           L of projector = 1
                           L of projector = 2
                           L of projector = 2
                PAO radial cut off (Bohr) = 15
                     Pseudopotential file = ./As.upf
                     Pseudopotential type = NC
          Exchange-correlation functional = PBE
                 Nonlocal core correction = 1
                        Valence electrons = 15
                                     Lmax = 2
                           Number of zeta = 3
                     Number of projectors = 6
                           L of projector = 0
                           L of projector = 0
                           L of projector = 1
                           L of projector = 1
                           L of projector = 2
                           L of projector = 2
         Number of pseudo atomic orbitals = 72
            Electron number of element Ga = 13
      Total electron number of element Ga = 52
            Electron number of element As = 15
      Total electron number of element As = 60
          Autoset the number of electrons = 112
               Occupied electronic states = 56
     Number of electronic states (NBANDS) = 68

%%%%%%%%%%%%%%%%%%%%%%%%%%%%%%%%%%%%%%%%%%%%%%%%%%%%%%%%%%%%%%%%%%%%%%%%%%%%%%%%%%%%%%%%%%%%%%%%%%%%%%%%%%
 Warning: the number of valence electrons in pseudopotential > 3 for Ga: [Ar] 3d10 4s2 4p1
 Warning: the number of valence electrons in pseudopotential > 5 for As: [Ar] 3d10 4s2 4p3
 Pseudopotentials with additional electrons can yield (more) accurate outcomes, but may be less efficient.
 If you're confident that your chosen pseudopotential is appropriate, you can safely ignore this warning.
%%%%%%%%%%%%%%%%%%%%%%%%%%%%%%%%%%%%%%%%%%%%%%%%%%%%%%%%%%%%%%%%%%%%%%%%%%%%%%%%%%%%%%%%%%%%%%%%%%%%%%%%%%
                  


 >>>>>>>>>>>>>>>>>>>>>>>>>>>>>>>>>>>>>>>>>>>>>>>>>>>>>>>>>>>>>>>>>>>>>>
 |                                                                    |
 |           #Setup Plane Waves of Charge/Potential#                  |
 | Use the kinetic energy cutoff and the lattice vectors to generate  |
 | the dimensions of FFT grid, which is used to represent the charge  |
 | density or potential. If USPP is used, a double grid technique     |
 | is applied.                                                        |
 |                                                                    |
 <<<<<<<<<<<<<<<<<<<<<<<<<<<<<<<<<<<<<<<<<<<<<<<<<<<<<<<<<<<<<<<<<<<<<<

 SETUP PLANE WAVES FOR CHARGE/POTENTIAL
 FFT DIMENSIONS ARE FROM INPUT
 KINETIC ENEGY CUTOFF IS DETERMINED FROM nx, ny, nz
  Energy cutoff for charge/potential (Ry) = 342.376
            FFT grid for charge/potential = [ 64, 64, 64 ]
           Number of FFT grids this proc. = 65536
                Division for big FFT grid = [ 1, 1, 1 ]
      FFT (big) grid for charge/potential = [ 64, 64, 64 ]
     Number of FFT (big) grids this proc. = 65536
                    Number of plane waves = 80581
        Number of sticks on FFT x-y plane = 2241

 PARALLEL PW FOR CHARGE/POTENTIAL
     PROC   COLUMNS(POT)             PW
        1            560          20144
        2            560          20144
        3            560          20144
        4            561          20149
 --------------- SUM -------------------
        4           2241          80581

                            Number of |g| = 592
                                  Max |g| = 21.6848
                                  Min |g| = 0.0604877


 >>>>>>>>>>>>>>>>>>>>>>>>>>>>>>>>>>>>>>>>>>>>>>>>>>>>>>>>>>>>>>>>>>>>>>
 |                                                                    |
 |                      #Symmetry Analysis#                           |
 | We calculate the norm of 3 vectors and the angles between them,    |
 | the type of Bravais lattice is given. We can judge if the unticell |
 | is a primitive cell. Finally we give the point group operation for |
 | this unitcell. We use the point group operations to perform        |
 | symmetry analysis on given k-point mesh and the charge density.    |
 |                                                                    |
 <<<<<<<<<<<<<<<<<<<<<<<<<<<<<<<<<<<<<<<<<<<<<<<<<<<<<<<<<<<<<<<<<<<<<<

 LATTICE VECTORS: (CARTESIAN COORDINATE: IN UNIT OF A0)
             +5.75018                  +0                  +0
                   +0            +5.75018                  +0
                   +0                  +0            +5.75018
                     Right-handed lattice = 1
                                   NORM_A = 5.75018
                                   NORM_B = 5.75018
                                   NORM_C = 5.75018
                           ALPHA (DEGREE) = 90
                           BETA  (DEGREE) = 90
                           GAMMA (DEGREE) = 90

 The lattice vectors have been changed (STRU_SIMPLE.cif)

 For optimal symmetric configuration:
                             BRAVAIS TYPE = 1
                     BRAVAIS LATTICE NAME = 01. Cubic P (simple)
                                    ibrav = 1
                                    IBRAV = 1
                                  BRAVAIS = SIMPLE CUBIC
                       LATTICE CONSTANT A = 5.75018
                     Right-handed lattice = 1
(for primitive cell:)
                                    IBRAV = 3
                                  BRAVAIS = FACE CENTERED CUBIC
                       LATTICE CONSTANT A = 5.75018
optimized lattice volume: 190.127
optimized primitive cell volume: 47.5318
Original cell was built up by 4 primitive cells.
              Number of rotation matrices = 48
              PURE POINT GROUP OPERATIONS = 24
                   SPACE GROUP OPERATIONS = 24
                                       C2 = 3
                                       C3 = 8
                                       C4 = 0
                                       C6 = 0
                                       S1 = 6
                                       S3 = 0
                                       S4 = 6
                                       S6 = 0
                              POINT GROUP = T_d
                                       C2 = 3
                                       C3 = 8
                                       C4 = 0
                                       C6 = 0
                                       S1 = 6
                                       S3 = 0
                                       S4 = 6
                                       S6 = 0
               POINT GROUP IN SPACE GROUP = T_d
 DONE : SYMMETRY Time : 0.102247 (SEC)

 DONE : SETUP UNITCELL Time : 0.102262 (SEC)


 >>>>>>>>>>>>>>>>>>>>>>>>>>>>>>>>>>>>>>>>>>>>>>>>>>>>>>>>>>>>>>>>>>>>>>
 |                                                                    |
 |                       #Setup K-points#                             |
 | We setup the k-points according to input parameters.               |
 | The reduced k-points are set according to symmetry operations.     |
 | We treat the spin as another set of k-points.                      |
 |                                                                    |
 <<<<<<<<<<<<<<<<<<<<<<<<<<<<<<<<<<<<<<<<<<<<<<<<<<<<<<<<<<<<<<<<<<<<<<


 SETUP K-POINTS
                                    nspin = 1
                   Input type of k points = Monkhorst-Pack(Gamma)
                                   nkstot = 343
                     Right-handed lattice = 1

 For reciprocal-space lattice
                     Bravais lattice type = 1
                     Bravais lattice name = 01. Cubic P (simple)
                     Right-handed lattice = 1

 For k-vectors
                     Bravais lattice type = 1
                     Bravais lattice name = 01. Cubic P (simple)
                     Right-handed lattice = 1
              Number of rotation matrices = 48
           Number of irreducible k-points = 20

 K-POINTS REDUCTION ACCORDING TO SYMMETRY
     IBZ    DIRECT_X    DIRECT_Y    DIRECT_Z  WEIGHT  ibz2bz
       1  0.00000000  0.00000000  0.00000000  0.0029       0
       2  0.14285714  0.00000000  0.00000000  0.0175       1
       3  0.28571429  0.00000000  0.00000000  0.0175       2
       4  0.42857143  0.00000000  0.00000000  0.0175       3
       5  0.14285714  0.14285714  0.00000000  0.0350       8
       6  0.28571429  0.14285714  0.00000000  0.0700       9
       7  0.42857143  0.14285714  0.00000000  0.0700      10
       8  0.28571429  0.28571429  0.00000000  0.0350      16
       9  0.42857143  0.28571429  0.00000000  0.0700      17
      10  0.42857143  0.42857143  0.00000000  0.0350      24
      11  0.14285714  0.14285714  0.14285714  0.0233      57
      12  0.28571429  0.14285714  0.14285714  0.0700      58
      13  0.14285714  0.14285714  0.42857143  0.0700      59
      14  0.28571429  0.14285714  0.28571429  0.0700      65
      15  0.42857143  0.28571429  0.14285714  0.1399      66
      16  0.42857143  0.42857143  0.14285714  0.0700      73
      17  0.28571429  0.28571429  0.28571429  0.0233     114
      18  0.42857143  0.28571429  0.28571429  0.0700     115
      19  0.42857143  0.28571429  0.42857143  0.0700     122
      20  0.42857143  0.42857143  0.42857143  0.0233     171

                               nkstot now = 20
 K-POINTS DIRECT COORDINATES
 KPOINTS    DIRECT_X    DIRECT_Y    DIRECT_Z  WEIGHT
       1  0.00000000  0.00000000  0.00000000  0.0029
       2  0.14285714  0.00000000  0.00000000  0.0175
       3  0.28571429  0.00000000  0.00000000  0.0175
       4  0.42857143  0.00000000  0.00000000  0.0175
       5  0.14285714  0.14285714  0.00000000  0.0350
       6  0.28571429  0.14285714  0.00000000  0.0700
       7  0.42857143  0.14285714  0.00000000  0.0700
       8  0.28571429  0.28571429  0.00000000  0.0350
       9  0.42857143  0.28571429  0.00000000  0.0700
      10  0.42857143  0.42857143  0.00000000  0.0350
      11  0.14285714  0.14285714  0.14285714  0.0233
      12  0.28571429  0.14285714  0.14285714  0.0700
      13  0.14285714  0.14285714  0.42857143  0.0700
      14  0.28571429  0.14285714  0.28571429  0.0700
      15  0.42857143  0.28571429  0.14285714  0.1399
      16  0.42857143  0.42857143  0.14285714  0.0700
      17  0.28571429  0.28571429  0.28571429  0.0233
      18  0.42857143  0.28571429  0.28571429  0.0700
      19  0.42857143  0.28571429  0.42857143  0.0700
      20  0.42857143  0.42857143  0.42857143  0.0233


       Number of k-points in this process = 20
       Minimum distributed k-point number = 20

 K-POINTS CARTESIAN COORDINATES
 KPOINTS CARTESIAN_X CARTESIAN_Y CARTESIAN_Z  WEIGHT
       1  0.00000000  0.00000000  0.00000000  0.0058
       2  0.02484394  0.00000000  0.00000000  0.0350
       3  0.04968789  0.00000000  0.00000000  0.0350
       4  0.07453183  0.00000000  0.00000000  0.0350
       5  0.02484394  0.02484394  0.00000000  0.0700
       6  0.04968789  0.02484394  0.00000000  0.1399
       7  0.07453183  0.02484394  0.00000000  0.1399
       8  0.04968789  0.04968789  0.00000000  0.0700
       9  0.07453183  0.04968789  0.00000000  0.1399
      10  0.07453183  0.07453183  0.00000000  0.0700
      11  0.02484394  0.02484394  0.02484394  0.0466
      12  0.04968789  0.02484394  0.02484394  0.1399
      13  0.02484394  0.02484394  0.07453183  0.1399
      14  0.04968789  0.02484394  0.04968789  0.1399
      15  0.07453183  0.04968789  0.02484394  0.2799
      16  0.07453183  0.07453183  0.02484394  0.1399
      17  0.04968789  0.04968789  0.04968789  0.0466
      18  0.07453183  0.04968789  0.04968789  0.1399
      19  0.07453183  0.04968789  0.07453183  0.1399
      20  0.07453183  0.07453183  0.07453183  0.0466


 K-POINTS DIRECT COORDINATES
 KPOINTS    DIRECT_X    DIRECT_Y    DIRECT_Z  WEIGHT
       1  0.00000000  0.00000000  0.00000000  0.0058
       2  0.14285714  0.00000000  0.00000000  0.0350
       3  0.28571429  0.00000000  0.00000000  0.0350
       4  0.42857143  0.00000000  0.00000000  0.0350
       5  0.14285714  0.14285714  0.00000000  0.0700
       6  0.28571429  0.14285714  0.00000000  0.1399
       7  0.42857143  0.14285714  0.00000000  0.1399
       8  0.28571429  0.28571429  0.00000000  0.0700
       9  0.42857143  0.28571429  0.00000000  0.1399
      10  0.42857143  0.42857143  0.00000000  0.0700
      11  0.14285714  0.14285714  0.14285714  0.0466
      12  0.28571429  0.14285714  0.14285714  0.1399
      13  0.14285714  0.14285714  0.42857143  0.1399
      14  0.28571429  0.14285714  0.28571429  0.1399
      15  0.42857143  0.28571429  0.14285714  0.2799
      16  0.42857143  0.42857143  0.14285714  0.1399
      17  0.28571429  0.28571429  0.28571429  0.0466
      18  0.42857143  0.28571429  0.28571429  0.1399
      19  0.42857143  0.28571429  0.42857143  0.1399
      20  0.42857143  0.42857143  0.42857143  0.0466

 DONE : INIT K-POINTS Time : 0.187096 (SEC)

 XC:	101	130	

 >>>>>>>>>>>>>>>>>>>>>>>>>>>>>>>>>>>>>>>>>>>>>>>>>>>>>>>>>>>>>>>>>>>>>>
 |                                                                    |
 | Setup charge mixing parameters                                     |
 |                                                                    |
 <<<<<<<<<<<<<<<<<<<<<<<<<<<<<<<<<<<<<<<<<<<<<<<<<<<<<<<<<<<<<<<<<<<<<<

                              mixing_type = broyden
                              mixing_beta = 0.7
                               mixing_gg0 = 1
                           mixing_gg0_min = 0.1
                              mixing_ndim = 8


 >>>>>>>>>>>>>>>>>>>>>>>>>>>>>>>>>>>>>>>>>>>>>>>>>>>>>>>>>>>>>>>>>>>>>>
 |                                                                    |
 |              #Setup Plane Waves of Wave Functions#                 |
 | Use the kinetic energy cutoff and the lattice vectors to generate  |
 | the dimensions of FFT grid, which is used to represent the wave    |
 | functions of electrons.                                            |
 |                                                                    |
 <<<<<<<<<<<<<<<<<<<<<<<<<<<<<<<<<<<<<<<<<<<<<<<<<<<<<<<<<<<<<<<<<<<<<<

 SETUP PLANE WAVES FOR WAVE FUNCTIONS
     Energy cutoff for wavefunc (unit:Ry) = 60
              FFT grid for wave functions = [ 64, 64, 64 ]
              Number of total plane waves = 11753
        Number of sticks on FFT x-y plane = 621

 PARALLEL PW FOR WAVE FUNCTIONS
     PROC   COLUMNS(POT)             PW
        1            156           2940
        2            155           2937
        3            155           2939
        4            155           2937
 --------------- sum -------------------
        4            621          11753
 DONE : INIT PLANEWAVE Time : 0.199907 (SEC)

                                 init_chg = atomic
 DONE : LOCAL POTENTIAL Time : 0.215731 (SEC)


 SETUP NONLOCAL PSEUDOPOTENTIALS IN PLANE WAVE BASIS
 Ga non-local projectors:
 projector 1 L=0
 projector 2 L=0
 projector 3 L=1
 projector 4 L=1
 projector 5 L=2
 projector 6 L=2
 As non-local projectors:
 projector 1 L=0
 projector 2 L=0
 projector 3 L=1
 projector 4 L=1
 projector 5 L=2
 projector 6 L=2
      TOTAL NUMBER OF NONLOCAL PROJECTORS = 144

 Warning_Memory_Consuming allocated:  VNL::vkb 5.64697 MB

 Init Non-Local PseudoPotential table : 
 Init Non-Local-Pseudopotential done.
 DONE : NON-LOCAL POTENTIAL Time : 0.265764 (SEC)

                                     npwx = 2570

 Warning_Memory_Consuming allocated:  Psi_PW 53.3325 MB

 Using ATOMIC starting wave functions for all 72 atomic orbitals (covers 68 bands)

 Make real space PAO into reciprocal space.
       max mesh points in Pseudopotential = 1501
     dq(describe PAO in reciprocal space) = 0.01
                                    max q = 934

 number of pseudo atomic orbitals for Ga is 3
WARNING: norm of atomic wavefunction # 3 of atomic type Ga is 0.999983, renormalized

 number of pseudo atomic orbitals for As is 3
 DONE : INIT BASIS Time : 0.443286 (SEC)

 ================================================================
 SELF-CONSISTENT
 ================================================================
 DONE : INIT SCF Time : 1.69064 (SEC)


 ++++++++++++++++++++++++++++++++++++++++++++++++++++++++++++++++++++++
 --> #ION MOVE#         1  #ELEC ITER#         1
 ++++++++++++++++++++++++++++++++++++++++++++++++++++++++++++++++++++++
 Average iterative diagonalization steps for k-points is 2
 current threshold of diagonalizaiton is 0.01
 Notice: Threshold on eigenvalues was too large.
 hsover_error=1.12 > DRHO=0.182402
 Origin diag ethr = 0.01
 New diag ethr = 0.000162859
 Average iterative diagonalization steps for k-points is 2.8
 current threshold of diagonalizaiton is 0.000162859
 Electron density deviation 0.207426
                          Diago Threshold = 0.000162859
 ----------------------------------------------------------
      Energy           Rydberg                 eV          
 ----------------------------------------------------------
  E_KohnSham     -1459.7816718996     -19861.3485738012    
  E_Harris       -1458.8861327668     -19849.1641388129    
  E_Fermi        0.5726343556         7.7910901072         
  E_gap(k)       0.0245956288         0.3346406982         
 ----------------------------------------------------------


 ++++++++++++++++++++++++++++++++++++++++++++++++++++++++++++++++++++++
 --> #ION MOVE#         1  #ELEC ITER#         2
 ++++++++++++++++++++++++++++++++++++++++++++++++++++++++++++++++++++++
 Average iterative diagonalization steps for k-points is 2
 current threshold of diagonalizaiton is 0.000185201
 Electron density deviation 0.0165249
                          Diago Threshold = 0.000185201
 ----------------------------------------------------------
      Energy           Rydberg                 eV          
 ----------------------------------------------------------
  E_KohnSham     -1459.8076643396     -19861.7022190897    
  E_Harris       -1460.3280348543     -19868.7822231607    
  E_Fermi        0.5951997060         8.0981074490         
  E_gap(k)       0.0045345926         0.0616962980         
 ----------------------------------------------------------


 ++++++++++++++++++++++++++++++++++++++++++++++++++++++++++++++++++++++
 --> #ION MOVE#         1  #ELEC ITER#         3
 ++++++++++++++++++++++++++++++++++++++++++++++++++++++++++++++++++++++
 Average iterative diagonalization steps for k-points is 2.15
 current threshold of diagonalizaiton is 1.47543e-05
 Electron density deviation 0.00145782
                          Diago Threshold = 1.47543e-05
 ----------------------------------------------------------
      Energy           Rydberg                 eV          
 ----------------------------------------------------------
  E_KohnSham     -1459.8110586896     -19861.7484015914    
  E_Harris       -1459.0743920061     -19851.7255371687    
  E_Fermi        0.5959897535         8.1088565969         
  E_gap(k)       0.0085522033         0.1163586959         
 ----------------------------------------------------------


 ++++++++++++++++++++++++++++++++++++++++++++++++++++++++++++++++++++++
 --> #ION MOVE#         1  #ELEC ITER#         4
 ++++++++++++++++++++++++++++++++++++++++++++++++++++++++++++++++++++++
 Average iterative diagonalization steps for k-points is 2.85
 current threshold of diagonalizaiton is 1.30163e-06
 Electron density deviation 0.000173715
                          Diago Threshold = 1.30163e-06
 ----------------------------------------------------------
      Energy           Rydberg                 eV          
 ----------------------------------------------------------
  E_KohnSham     -1459.8114253921     -19861.7533908342    
  E_Harris       -1459.5203830903     -19857.7935571705    
  E_Fermi        0.5988624138         8.1479411458         
  E_gap(k)       0.0090885617         0.1236562253         
 ----------------------------------------------------------


 ++++++++++++++++++++++++++++++++++++++++++++++++++++++++++++++++++++++
 --> #ION MOVE#         1  #ELEC ITER#         5
 ++++++++++++++++++++++++++++++++++++++++++++++++++++++++++++++++++++++
 Average iterative diagonalization steps for k-points is 2.75
 current threshold of diagonalizaiton is 1.55103e-07
 Electron density deviation 1.40895e-05
                          Diago Threshold = 1.55103e-07
 ----------------------------------------------------------
      Energy           Rydberg                 eV          
 ----------------------------------------------------------
  E_KohnSham     -1459.8114793860     -19861.7541254589    
  E_Harris       -1459.8870239177     -19862.7819615432    
  E_Fermi        0.5999527900         8.1627764751         
  E_gap(k)       0.0092027099         0.1252092912         
 ----------------------------------------------------------


 ++++++++++++++++++++++++++++++++++++++++++++++++++++++++++++++++++++++
 --> #ION MOVE#         1  #ELEC ITER#         6
 ++++++++++++++++++++++++++++++++++++++++++++++++++++++++++++++++++++++
 Average iterative diagonalization steps for k-points is 2.95
 current threshold of diagonalizaiton is 1.25799e-08
 Electron density deviation 7.36857e-07
                          Diago Threshold = 1.25799e-08
 ----------------------------------------------------------
      Energy           Rydberg                 eV          
 ----------------------------------------------------------
  E_KohnSham     -1459.8114845393     -19861.7541955737    
  E_Harris       -1459.7989259620     -19861.5833273634    
  E_Fermi        0.5998126991         8.1608704408         
  E_gap(k)       0.0093279585         0.1269133860         
 ----------------------------------------------------------


 ++++++++++++++++++++++++++++++++++++++++++++++++++++++++++++++++++++++
 --> #ION MOVE#         1  #ELEC ITER#         7
 ++++++++++++++++++++++++++++++++++++++++++++++++++++++++++++++++++++++
 Average iterative diagonalization steps for k-points is 3.15
 current threshold of diagonalizaiton is 6.57908e-10
 Electron density deviation 1.29842e-07
                          Diago Threshold = 6.57908e-10
 ----------------------------------------------------------
      Energy           Rydberg                 eV          
 ----------------------------------------------------------
  E_KohnSham     -1459.8114849210     -19861.7542007672    
  E_Harris       -1459.8033568779     -19861.6436130671    
  E_Fermi        0.5998752776         8.1617218641         
  E_gap(k)       0.0093200669         0.1268060157         
 ----------------------------------------------------------


 ++++++++++++++++++++++++++++++++++++++++++++++++++++++++++++++++++++++
 --> #ION MOVE#         1  #ELEC ITER#         8
 ++++++++++++++++++++++++++++++++++++++++++++++++++++++++++++++++++++++
 Average iterative diagonalization steps for k-points is 3.05
 current threshold of diagonalizaiton is 1.15931e-10
 Electron density deviation 4.63544e-08
                          Diago Threshold = 1.15931e-10
 ----------------------------------------------------------
      Energy           Rydberg                 eV          
 ----------------------------------------------------------
  E_KohnSham     -1459.8114849571     -19861.7542012577    
  E_KS(sigma->0) -1459.8114849328     -19861.7542009279    
  E_Harris       -1459.8166571689     -19861.8245728091    
  E_band         -92.8235761313       -1262.9295441230     
  E_one_elec     -788.2841885220      -10725.1566072051    
  E_Hartree      465.6991495026       6336.1619869890      
  E_xc           -357.1232667358      -4858.9113159804     
  E_Ewald        -780.1031791534      -10613.8482644016    
  E_entropy(-TS) -0.0000000485        -0.0000006596        
  E_descf        0.0000000000         0.0000000000         
  E_localpp      -1174.8436997482     -15984.5685759767    
  E_exx          0.0000000000         0.0000000000         
  E_Fermi        0.5999002776         8.1620620076         
  E_gap(k)       0.0093370700         0.1270373542         
 ----------------------------------------------------------

 #SCF IS CONVERGED#
 #TOTAL ENERGY# -19861.754201 eV
 Write eigenvalues and occupations to file: OUT.ABACUS/eig_occ.txt



 #TOTAL-FORCE (eV/Angstrom)#
 -------------------------------------------------------------------------
     Atoms              Force_x              Force_y              Force_z 
 -------------------------------------------------------------------------
       Ga1         0.0000000000         0.0000000000         0.0000000000 
       Ga2         0.0000000000         0.0000000000         0.0000000000 
       Ga3         0.0000000000         0.0000000000         0.0000000000 
       Ga4         0.0000000000         0.0000000000         0.0000000000 
       As1         0.0003222654         0.0003222654         0.0003222654 
       As2         0.0003222654        -0.0003222654        -0.0003222654 
       As3        -0.0003222654         0.0003222654        -0.0003222654 
       As4        -0.0003222654        -0.0003222654         0.0003222654 
 -------------------------------------------------------------------------

 #TOTAL-STRESS (kbar)#
 ----------------------------------------------------------------
              Stress_x             Stress_y             Stress_z 
 ----------------------------------------------------------------
       -796.9937265841        -0.0000000000         0.0000000000 
         -0.0000000000      -796.9937265841        -0.0000000000 
          0.0000000000        -0.0000000000      -796.9937265841 
 ----------------------------------------------------------------
 #TOTAL-PRESSURE# (EXCLUDE KINETIC PART OF IONS): -796.993727 kbar

 --------------------------------------------
 !FINAL_ETOT_IS -19861.7542012577032438 eV
 --------------------------------------------



TIME STATISTICS
------------------------------------------------------------------
   CLASS_NAME           NAME        TIME/s  CALLS   AVG/s  PER/%  
------------------------------------------------------------------
                 total              59.30  17       3.49   100.00 
 Driver          atomic_world       59.30  1        59.30  100.00 
 Relax_Driver    relax_driver       58.85  1        58.85  99.24  
 ESolver_KS      runner             57.22  1        57.22  96.49  
 ESolver_KS_PW   before_scf         1.25   1        1.25   2.10   
 PSIPrepare      initialize_psi     1.21   1        1.21   2.04   
 DiagoIterAssist diag_subspace_init 1.08   20       0.05   1.82   
 Operator        hPsi               40.77  38066    0.00   68.76  
 Operator        veff_pw            31.06  38066    0.00   52.37  
 PW_Basis_K      recip2real         19.20  61106    0.00   32.37  
 PW_Basis_K      real2recip         13.45  48866    0.00   22.69  
 Operator        nonlocal_pw        9.28   38066    0.00   15.65  
 Nonlocal        add_nonlocal_pp    3.53   38066    0.00   5.94   
 ESolver_KS_PW   hamilt2rho_single  55.82  9        6.20   94.13  
 HSolverPW       solve              55.73  9        6.19   93.98  
 HSolverPW       solve_psik         52.13  180      0.29   87.91  
 DiagoCG         diag_once          45.67  180      0.25   77.01  
 ElecStatePW     psiToRho           3.31   9        0.37   5.59   
 DiagoIterAssist diag_subspace      6.12   140      0.04   10.32  
 Stress_PW       cal_stress         1.41   1        1.41   2.38   
 Stress          stress_nl          1.33   1        1.33   2.25   
------------------------------------------------------------------


 NAME-------------------------|MEMORY(MB)------------------
                         total       292.5840
                        Psi_PW       210.7983
                      VNL::vkb        22.3198
                 DiagSub::temp        11.1599
                  PW_B_K::gcar         4.6500
              Veff<PW>::porter         4.0000
             Veff<PW>::porter1         4.0000
              Meta<PW>::porter         4.0000
                 ElecSPW::wfcr         4.0000
               ElecSPW::wfcr_a         4.0000
                  SF::strucFac         2.4591
                      Chg::rho         2.0000
                 Chg::rho_save         2.0000
                 Chg::rho_core         2.0000
                 Pot::veff_fix         2.0000
                     Pot::veff         2.0000
              Pot::veff_smooth         2.0000
                   PW_B_K::gk2         1.5500
                     VNL::vkb1         1.3950
 -------------   < 1.0 MB has been ignored ----------------
 ----------------------------------------------------------

 Start  Time  : Tue Mar 17 16:57:43 2026
 Finish Time  : Tue Mar 17 16:58:42 2026
 Total  Time  : 0 h 0 mins 59 secs 
