                            startmag_type = 2
                       charge from rho_at = 13
                         charge should be = 13
                            startmag_type = 2
                       charge from rho_at = 15
                         charge should be = 15

 SETUP ATOMIC RHO FOR SPIN 1
                 Electron number from rho = 112
           total electron number from rho = 112
                                should be = 112
                 charge before normalized = 112
                  charge after normalized = 112
 scf  warning : Threshold on eigenvalues was too large.
                            startmag_type = 2
                       charge from rho_at = 12.9999654154835
                         charge should be = 13
                            startmag_type = 2
                       charge from rho_at = 14.9999971653508
                         charge should be = 15

 SETUP ATOMIC RHO FOR SPIN 1
                 Electron number from rho = 111.999999999999
           total electron number from rho = 111.999999999999
                                should be = 112
