WARNING: Total thread number on this node mismatches with hardware availability. This may cause poor performance.
Info: Local MPI proc number: 16,OpenMP thread number: 1,Total thread number: 16,Local thread limit: 32
                                                                                     
                              ABACUS v3.1                                            

               Atomic-orbital Based Ab-initio Computation at UStc                    

                     Website: http://abacus.ustc.edu.cn/                             
               Documentation: https://abacus.deepmodeling.com/                       
                  Repository: https://github.com/abacusmodeling/abacus-develop       
                              https://github.com/deepmodeling/abacus-develop         

 Fri Feb  3 19:43:23 2023
 MAKE THE DIR         : OUT.ABACUS/
 MAKE THE STRU DIR    : OUT.ABACUS/STRU/
 UNIFORM GRID DIM     : 108 * 108 * 108
 UNIFORM GRID DIM(BIG): 54 * 54 * 54
 DONE(0.0980754  SEC) : SETUP UNITCELL
 DONE(0.110807   SEC) : INIT K-POINTS
 ---------------------------------------------------------
 Molecular Dynamics simulations
 ---------------------------------------------------------
 ENSEMBLE                 : Langevin
 Time interval(fs)        : 1
 ---------------------------------------------------------
 SPIN    KPOINTS         PROCESSORS  NBASE       
 1       36              16          1408        
 ---------------------------------------------------------
 Use Systematically Improvable Atomic bases
 ---------------------------------------------------------
 ELEMENT ORBITALS        NBASE       NATOM       XC          
 Si      3s3p2d-9au      22          32          
 C       3s3p2d-9au      22          32          
 ---------------------------------------------------------
 Initial plane wave basis and FFT box
 ---------------------------------------------------------
--------------------------------- INITVEL DONE ------------------------------------
 -------------------------------------------
 STEP OF MOLECULAR DYNAMICS : 0
 -------------------------------------------
 START CHARGE      : atomic
 DONE(8.72709    SEC) : INIT SCF
 ITER   ETOT(eV)       EDIFF(eV)      DRHO       TIME(s)    
 GE1    -8.324748e+03  0.000000e+00   2.802e-01  9.561e+01  
 GE2    -8.364665e+03  -3.991728e+01  1.531e-01  8.959e+01  
 GE3    -8.375849e+03  -1.118445e+01  5.319e-02  8.935e+01  
 GE4    -8.390836e+03  -1.498699e+01  4.556e-02  8.966e+01  
 GE5    -8.394964e+03  -4.127456e+00  9.969e-03  8.948e+01  
 GE6    -8.395046e+03  -8.241645e-02  4.110e-03  8.944e+01  
 GE7    -8.395056e+03  -1.025062e-02  2.204e-03  8.940e+01  
 GE8    -8.395069e+03  -1.264525e-02  1.207e-03  8.974e+01  
 GE9    -8.395073e+03  -4.293070e-03  4.515e-04  8.953e+01  
 GE10   -8.395074e+03  -4.831075e-04  1.547e-04  8.944e+01  
 GE11   -8.395074e+03  -7.683199e-05  9.158e-05  8.941e+01  
 GE12   -8.395074e+03  -1.610890e-05  3.710e-05  8.958e+01  
 GE13   -8.395074e+03  -5.794158e-06  2.765e-05  8.967e+01  
 GE14   -8.395074e+03  -1.928428e-06  2.629e-06  8.955e+01  
 GE15   -8.395074e+03  -1.517554e-08  1.229e-06  8.963e+01  
 GE16   -8.395074e+03  1.006959e-09   6.965e-07  8.949e+01  
 ><><><><><><><><><><><><><><><><><><><><><><
 TOTAL-STRESS (KBAR):
 ><><><><><><><><><><><><><><><><><><><><><><
 2.169e+02      -8.894e+01     -7.432e+01     
 -8.894e+01     2.346e+02      -4.178e+01     
 -7.432e+01     -4.178e+01     2.362e+02      
 TOTAL-PRESSURE: 2.292e+02 KBAR
 ------------------------------------------------------------------------------------------------
 Energy              Potential           Kinetic             Temperature         Pressure (KBAR)     
 -3.085e+02          -3.085e+02          2.993e-03           1.000e+01           2.294e+02           
 ------------------------------------------------------------------------------------------------
 -------------------------------------------
 STEP OF MOLECULAR DYNAMICS : 1
 -------------------------------------------
 DONE(1.544e+03  SEC) : INIT SCF
 ITER   ETOT(eV)       EDIFF(eV)      DRHO       TIME(s)    
 GE1    -8.395235e+03  0.000000e+00   6.090e-04  9.553e+01  
 GE2    -8.395234e+03  8.389077e-04   5.566e-04  8.949e+01  
 GE3    -8.395235e+03  -1.231146e-03  4.793e-04  8.931e+01  
 GE4    -8.395236e+03  -6.913130e-04  8.939e-05  8.929e+01  
 GE5    -8.395236e+03  -1.286887e-05  3.998e-05  8.924e+01  
 GE6    -8.395236e+03  -4.341231e-06  1.871e-05  8.907e+01  
 GE7    -8.395236e+03  -7.474439e-07  8.814e-06  8.923e+01  
 GE8    -8.395236e+03  -2.663632e-07  3.296e-06  8.941e+01  
 GE9    -8.395236e+03  -3.778341e-08  1.006e-06  8.925e+01  
 GE10   -8.395236e+03  -1.978343e-09  2.474e-07  8.938e+01  
 ><><><><><><><><><><><><><><><><><><><><><><
 TOTAL-STRESS (KBAR):
 ><><><><><><><><><><><><><><><><><><><><><><
 2.161e+02      -8.824e+01     -7.358e+01     
 -8.824e+01     2.342e+02      -4.230e+01     
 -7.358e+01     -4.230e+01     2.357e+02      
 TOTAL-PRESSURE: 2.287e+02 KBAR
 ------------------------------------------------------------------------------------------------
 Energy              Potential           Kinetic             Temperature         Pressure (KBAR)     
 -3.085e+02          -3.085e+02          9.285e-03           3.103e+01           2.291e+02           
 ------------------------------------------------------------------------------------------------
 -------------------------------------------
 STEP OF MOLECULAR DYNAMICS : 2
 -------------------------------------------
 DONE(2.540e+03  SEC) : INIT SCF
 ITER   ETOT(eV)       EDIFF(eV)      DRHO       TIME(s)    
 GE1    -8.395582e+03  0.000000e+00   1.755e-03  9.559e+01  
 GE2    -8.395580e+03  1.696615e-03   1.063e-03  8.949e+01  
 GE3    -8.395582e+03  -2.615738e-03  1.070e-03  8.951e+01  
 GE4    -8.395586e+03  -3.497540e-03  2.271e-04  8.982e+01  
 GE5    -8.395586e+03  -1.227065e-04  1.173e-04  8.945e+01  
 GE6    -8.395586e+03  -3.717715e-05  4.725e-05  8.987e+01  
 GE7    -8.395586e+03  -4.937511e-06  1.540e-05  8.965e+01  
 GE8    -8.395586e+03  -8.281461e-07  7.830e-06  8.964e+01  
 GE9    -8.395586e+03  -2.062844e-07  2.237e-06  9.001e+01  
 GE10   -8.395586e+03  -1.151120e-08  5.563e-07  8.974e+01  
 ><><><><><><><><><><><><><><><><><><><><><><
 TOTAL-STRESS (KBAR):
 ><><><><><><><><><><><><><><><><><><><><><><
 2.147e+02      -8.658e+01     -7.144e+01     
 -8.658e+01     2.332e+02      -4.395e+01     
 -7.144e+01     -4.395e+01     2.347e+02      
 TOTAL-PRESSURE: 2.275e+02 KBAR
 ------------------------------------------------------------------------------------------------
 Energy              Potential           Kinetic             Temperature         Pressure (KBAR)     
 -3.085e+02          -3.085e+02          2.092e-02           6.990e+01           2.285e+02           
 ------------------------------------------------------------------------------------------------
 -------------------------------------------
 STEP OF MOLECULAR DYNAMICS : 3
 -------------------------------------------
 DONE(3.540e+03  SEC) : INIT SCF
 ITER   ETOT(eV)       EDIFF(eV)      DRHO       TIME(s)    
 GE1    -8.395862e+03  0.000000e+00   2.181e-03  9.577e+01  
 GE2    -8.395862e+03  1.787224e-04   1.292e-03  8.964e+01  
 GE3    -8.395866e+03  -3.433405e-03  1.052e-03  8.975e+01  
 GE4    -8.395869e+03  -3.277572e-03  3.198e-04  8.968e+01  
 GE5    -8.395869e+03  -3.204063e-04  1.661e-04  8.957e+01  
 GE6    -8.395869e+03  -8.862420e-05  5.367e-05  8.973e+01  
 GE7    -8.395869e+03  -6.219194e-06  1.680e-05  8.976e+01  
 GE8    -8.395869e+03  -7.878955e-07  8.837e-06  8.959e+01  
 GE9    -8.395869e+03  -2.839626e-07  3.292e-06  8.947e+01  
 GE10   -8.395869e+03  -3.253361e-08  7.067e-07  8.945e+01  
 ><><><><><><><><><><><><><><><><><><><><><><
 TOTAL-STRESS (KBAR):
 ><><><><><><><><><><><><><><><><><><><><><><
 2.134e+02      -8.533e+01     -7.020e+01     
 -8.533e+01     2.327e+02      -4.455e+01     
 -7.020e+01     -4.455e+01     2.335e+02      
 TOTAL-PRESSURE: 2.265e+02 KBAR
 ------------------------------------------------------------------------------------------------
 Energy              Potential           Kinetic             Temperature         Pressure (KBAR)     
 -3.085e+02          -3.085e+02          3.180e-02           1.063e+02           2.280e+02           
 ------------------------------------------------------------------------------------------------
 -------------------------------------------
 STEP OF MOLECULAR DYNAMICS : 4
 -------------------------------------------
 DONE(4.539e+03  SEC) : INIT SCF
 ITER   ETOT(eV)       EDIFF(eV)      DRHO       TIME(s)    
 GE1    -8.396214e+03  0.000000e+00   2.547e-03  9.629e+01  
 GE2    -8.396205e+03  8.529891e-03   1.835e-03  8.989e+01  
 GE3    -8.396217e+03  -1.143468e-02  1.784e-03  8.975e+01  
 GE4    -8.396225e+03  -8.786236e-03  3.206e-04  8.994e+01  
 GE5    -8.396226e+03  -1.645354e-04  1.621e-04  9.020e+01  
 GE6    -8.396226e+03  -7.118963e-05  7.512e-05  8.972e+01  
 GE7    -8.396226e+03  -1.169972e-05  3.162e-05  8.965e+01  
 GE8    -8.396226e+03  -3.500258e-06  1.069e-05  8.972e+01  
 GE9    -8.396226e+03  -3.754149e-07  3.278e-06  8.985e+01  
 GE10   -8.396226e+03  -2.112295e-08  7.641e-07  8.972e+01  
 ><><><><><><><><><><><><><><><><><><><><><><
 TOTAL-STRESS (KBAR):
 ><><><><><><><><><><><><><><><><><><><><><><
 2.118e+02      -8.498e+01     -6.851e+01     
 -8.498e+01     2.323e+02      -4.540e+01     
 -6.851e+01     -4.540e+01     2.324e+02      
 TOTAL-PRESSURE: 2.255e+02 KBAR
 ------------------------------------------------------------------------------------------------
 Energy              Potential           Kinetic             Temperature         Pressure (KBAR)     
 -3.085e+02          -3.086e+02          4.294e-02           1.435e+02           2.275e+02           
 ------------------------------------------------------------------------------------------------
 -------------------------------------------
 STEP OF MOLECULAR DYNAMICS : 5
 -------------------------------------------
 DONE(5.540e+03  SEC) : INIT SCF
 ITER   ETOT(eV)       EDIFF(eV)      DRHO       TIME(s)    
 GE1    -8.396479e+03  0.000000e+00   2.814e-03  9.583e+01  
 GE2    -8.396481e+03  -1.455649e-03  1.601e-03  8.989e+01  
 GE3    -8.396487e+03  -5.844918e-03  1.228e-03  9.002e+01  
 GE4    -8.396491e+03  -3.967557e-03  3.618e-04  8.985e+01  
 GE5    -8.396491e+03  -3.950961e-04  2.668e-04  8.987e+01  
 GE6    -8.396491e+03  -2.411493e-04  6.799e-05  8.969e+01  
 GE7    -8.396491e+03  -1.050638e-05  1.672e-05  8.997e+01  
 GE8    -8.396491e+03  -5.479793e-07  8.009e-06  8.974e+01  
 GE9    -8.396491e+03  -2.314862e-07  4.210e-06  8.981e+01  
 GE10   -8.396491e+03  -6.571068e-08  1.117e-06  8.966e+01  
 GE11   -8.396491e+03  -2.785767e-09  4.070e-07  8.992e+01  
 ><><><><><><><><><><><><><><><><><><><><><><
 TOTAL-STRESS (KBAR):
 ><><><><><><><><><><><><><><><><><><><><><><
 2.107e+02      -8.266e+01     -6.614e+01     
 -8.266e+01     2.313e+02      -4.826e+01     
 -6.614e+01     -4.826e+01     2.320e+02      
 TOTAL-PRESSURE: 2.247e+02 KBAR
 ------------------------------------------------------------------------------------------------
 Energy              Potential           Kinetic             Temperature         Pressure (KBAR)     
 -3.085e+02          -3.086e+02          4.180e-02           1.397e+02           2.266e+02           
 ------------------------------------------------------------------------------------------------
 -------------------------------------------
 STEP OF MOLECULAR DYNAMICS : 6
 -------------------------------------------
 DONE(6.631e+03  SEC) : INIT SCF
 ITER   ETOT(eV)       EDIFF(eV)      DRHO       TIME(s)    
 GE1    -8.396710e+03  0.000000e+00   3.191e-03  9.602e+01  
 GE2    -8.396704e+03  6.146983e-03   2.196e-03  8.969e+01  
 GE3    -8.396717e+03  -1.250642e-02  1.927e-03  8.993e+01  
 GE4    -8.396727e+03  -1.057946e-02  4.682e-04  9.003e+01  
 GE5    -8.396728e+03  -5.638363e-04  2.319e-04  9.004e+01  
 GE6    -8.396728e+03  -1.584913e-04  8.602e-05  9.000e+01  
 GE7    -8.396728e+03  -1.467940e-05  2.705e-05  9.003e+01  
 GE8    -8.396728e+03  -2.288698e-06  1.388e-05  8.998e+01  
 GE9    -8.396728e+03  -6.845948e-07  4.583e-06  9.029e+01  
 GE10   -8.396728e+03  -5.970914e-08  1.170e-06  8.989e+01  
 GE11   -8.396728e+03  -1.402937e-09  4.463e-07  8.990e+01  
 ><><><><><><><><><><><><><><><><><><><><><><
 TOTAL-STRESS (KBAR):
 ><><><><><><><><><><><><><><><><><><><><><><
 2.090e+02      -8.215e+01     -6.608e+01     
 -8.215e+01     2.311e+02      -4.787e+01     
 -6.608e+01     -4.787e+01     2.314e+02      
 TOTAL-PRESSURE: 2.238e+02 KBAR
 ------------------------------------------------------------------------------------------------
 Energy              Potential           Kinetic             Temperature         Pressure (KBAR)     
 -3.085e+02          -3.086e+02          5.835e-02           1.950e+02           2.266e+02           
 ------------------------------------------------------------------------------------------------
 -------------------------------------------
 STEP OF MOLECULAR DYNAMICS : 7
 -------------------------------------------
 DONE(7.723e+03  SEC) : INIT SCF
 ITER   ETOT(eV)       EDIFF(eV)      DRHO       TIME(s)    
 GE1    -8.396959e+03  0.000000e+00   3.467e-03  9.598e+01  
 GE2    -8.396954e+03  5.319248e-03   2.170e-03  8.963e+01  
 GE3    -8.396967e+03  -1.304604e-02  1.927e-03  8.957e+01  
 GE4    -8.396978e+03  -1.077522e-02  4.490e-04  8.951e+01  
 GE5    -8.396978e+03  -4.958122e-04  2.657e-04  8.961e+01  
 GE6    -8.396978e+03  -2.330093e-04  9.143e-05  8.970e+01  
 GE7    -8.396978e+03  -1.783414e-05  2.592e-05  8.962e+01  
 GE8    -8.396978e+03  -2.063096e-06  1.530e-05  8.968e+01  
 GE9    -8.396978e+03  -8.095011e-07  4.532e-06  8.950e+01  
 GE10   -8.396978e+03  -5.995353e-08  1.209e-06  8.971e+01  
 GE11   -8.396978e+03  -1.885536e-09  4.658e-07  8.970e+01  
 ><><><><><><><><><><><><><><><><><><><><><><
 TOTAL-STRESS (KBAR):
 ><><><><><><><><><><><><><><><><><><><><><><
 2.067e+02      -8.136e+01     -6.464e+01     
 -8.136e+01     2.307e+02      -4.780e+01     
 -6.464e+01     -4.780e+01     2.313e+02      
 TOTAL-PRESSURE: 2.229e+02 KBAR
 ------------------------------------------------------------------------------------------------
 Energy              Potential           Kinetic             Temperature         Pressure (KBAR)     
 -3.085e+02          -3.086e+02          6.868e-02           2.295e+02           2.261e+02           
 ------------------------------------------------------------------------------------------------
 -------------------------------------------
 STEP OF MOLECULAR DYNAMICS : 8
 -------------------------------------------
 DONE(8.812e+03  SEC) : INIT SCF
 ITER   ETOT(eV)       EDIFF(eV)      DRHO       TIME(s)    
 GE1    -8.396981e+03  0.000000e+00   3.844e-03  9.590e+01  
 GE2    -8.396983e+03  -1.349723e-03  2.120e-03  8.929e+01  
 GE3    -8.396991e+03  -8.661643e-03  1.706e-03  8.978e+01  
 GE4    -8.397000e+03  -8.221025e-03  5.232e-04  8.966e+01  
 GE5    -8.397000e+03  -8.113439e-04  3.208e-04  8.948e+01  
 GE6    -8.397001e+03  -3.617921e-04  1.038e-04  8.944e+01  
 GE7    -8.397001e+03  -2.460501e-05  2.581e-05  8.971e+01  
 GE8    -8.397001e+03  -1.469830e-06  1.220e-05  8.982e+01  
 GE9    -8.397001e+03  -5.108626e-07  5.927e-06  8.954e+01  
 GE10   -8.397001e+03  -1.177400e-07  1.335e-06  8.948e+01  
 GE11   -8.397001e+03  -3.440058e-09  4.317e-07  8.965e+01  
 ><><><><><><><><><><><><><><><><><><><><><><
 TOTAL-STRESS (KBAR):
 ><><><><><><><><><><><><><><><><><><><><><><
 2.066e+02      -8.018e+01     -6.439e+01     
 -8.018e+01     2.302e+02      -4.784e+01     
 -6.439e+01     -4.784e+01     2.318e+02      
 TOTAL-PRESSURE: 2.229e+02 KBAR
 ------------------------------------------------------------------------------------------------
 Energy              Potential           Kinetic             Temperature         Pressure (KBAR)     
 -3.085e+02          -3.086e+02          7.998e-02           2.672e+02           2.266e+02           
 ------------------------------------------------------------------------------------------------
 -------------------------------------------
 STEP OF MOLECULAR DYNAMICS : 9
 -------------------------------------------
 DONE(9.900e+03  SEC) : INIT SCF
 ITER   ETOT(eV)       EDIFF(eV)      DRHO       TIME(s)    
 GE1    -8.397092e+03  0.000000e+00   4.328e-03  9.650e+01  
 GE2    -8.397079e+03  1.296730e-02   3.166e-03  8.971e+01  
 GE3    -8.397105e+03  -2.559334e-02  2.732e-03  8.959e+01  
 GE4    -8.397126e+03  -2.170993e-02  6.468e-04  8.962e+01  
 GE5    -8.397128e+03  -1.126073e-03  3.364e-04  8.997e+01  
 GE6    -8.397128e+03  -3.111289e-04  1.103e-04  8.967e+01  
 GE7    -8.397128e+03  -2.366957e-05  3.560e-05  8.945e+01  
 GE8    -8.397128e+03  -3.684168e-06  1.978e-05  8.990e+01  
 GE9    -8.397128e+03  -1.355309e-06  6.582e-06  9.000e+01  
 GE10   -8.397128e+03  -1.196008e-07  1.493e-06  8.993e+01  
 GE11   -8.397128e+03  -3.107499e-09  5.775e-07  8.955e+01  
 ><><><><><><><><><><><><><><><><><><><><><><
 TOTAL-STRESS (KBAR):
 ><><><><><><><><><><><><><><><><><><><><><><
 2.054e+02      -7.971e+01     -6.498e+01     
 -7.971e+01     2.300e+02      -4.573e+01     
 -6.498e+01     -4.573e+01     2.311e+02      
 TOTAL-PRESSURE: 2.222e+02 KBAR
 ------------------------------------------------------------------------------------------------
 Energy              Potential           Kinetic             Temperature         Pressure (KBAR)     
 -3.085e+02          -3.086e+02          8.107e-02           2.709e+02           2.260e+02           
 ------------------------------------------------------------------------------------------------
 -------------------------------------------
 STEP OF MOLECULAR DYNAMICS : 10
 -------------------------------------------
 DONE(1.099e+04  SEC) : INIT SCF
 ITER   ETOT(eV)       EDIFF(eV)      DRHO       TIME(s)    
 GE1    -8.397388e+03  0.000000e+00   4.077e-03  9.617e+01  
 GE2    -8.397379e+03  8.736190e-03   2.587e-03  9.000e+01  
 GE3    -8.397396e+03  -1.690748e-02  2.421e-03  8.971e+01  
 GE4    -8.397413e+03  -1.762715e-02  5.217e-04  8.990e+01  
 GE5    -8.397414e+03  -6.910475e-04  2.820e-04  8.983e+01  
 GE6    -8.397414e+03  -2.707093e-04  1.085e-04  8.990e+01  
 GE7    -8.397414e+03  -2.396055e-05  3.724e-05  8.981e+01  
 GE8    -8.397414e+03  -4.430269e-06  1.838e-05  8.980e+01  
 GE9    -8.397414e+03  -1.149792e-06  5.537e-06  8.953e+01  
 GE10   -8.397414e+03  -8.036650e-08  1.399e-06  9.004e+01  
 GE11   -8.397414e+03  -2.476409e-09  4.673e-07  9.007e+01  
 ><><><><><><><><><><><><><><><><><><><><><><
 TOTAL-STRESS (KBAR):
 ><><><><><><><><><><><><><><><><><><><><><><
 2.040e+02      -7.802e+01     -6.097e+01     
 -7.802e+01     2.296e+02      -4.902e+01     
 -6.097e+01     -4.902e+01     2.301e+02      
 TOTAL-PRESSURE: 2.213e+02 KBAR
 ------------------------------------------------------------------------------------------------
 Energy              Potential           Kinetic             Temperature         Pressure (KBAR)     
 -3.085e+02          -3.086e+02          8.850e-02           2.957e+02           2.254e+02           
 ------------------------------------------------------------------------------------------------

  |CLASS_NAME---------|NAME---------------|TIME(Sec)-----|CALLS----|AVG------|PER%-------
                       total               12079          27        4.5e+02   1e+02     %
   Driver              driver_line         12079          1         1.2e+04   1e+02     %
   PW_Basis            setup_struc_factor  0.82484        11        0.075     0.0068    %
   ORB_control         read_orb_first      0.15813        1         0.16      0.0013    %
   LCAO_Orbitals       Read_Orbitals       0.15813        1         0.16      0.0013    %
   ORB_control         set_orb_tables      6.7561         1         6.8       0.056     %
   ORB_gen_tables      gen_tables          6.7561         1         6.8       0.056     %
   ORB_table_phi       init_Table          5.3435         1         5.3       0.044     %
   ORB_table_phi       cal_ST_Phi12_R      5.315          558       0.0095    0.044     %
   ORB_table_beta      init_Table_Beta     1.2217         1         1.2       0.01      %
   ORB_table_beta      VNL_PhiBeta_R       1.2156         168       0.0072    0.01      %
   ppcell_vl           init_vloc           0.21672        1         0.22      0.0018    %
   Run_MD              md_line             12072          1         1.2e+04   1e+02     %
   Langevin            setup               1534.9         1         1.5e+03   13        %
   MD_func             force_virial        12072          11        1.1e+03   1e+02     %
   ESolver_KS_LCAO     Run                 11031          11        1e+03     91        %
   ESolver_KS_LCAO     beforescf           20.824         11        1.9       0.17      %
   ESolver_KS_LCAO     beforesolver        7.8484         11        0.71      0.065     %
   ESolver_KS_LCAO     set_matrix_grid     5.316          11        0.48      0.044     %
   Grid_Technique      init                2.3257         11        0.21      0.019     %
   Grid_BigCell        grid_expansion_index0.59953        22        0.027     0.005     %
   Record_adj          for_2d              2.7113         11        0.25      0.022     %
   Grid_Driver         Find_atom           18.264         588352    3.1e-05   0.15      %
   Charge              atomic_rho          11.393         21        0.54      0.094     %
   PW_Basis            recip2real          2.0886         730       0.0029    0.017     %
   PW_Basis            gathers_scatterp    0.87299        730       0.0012    0.0072    %
   Potential           init_pot            0.7608         11        0.069     0.0063    %
   Potential           update_from_charge  8.4974         133       0.064     0.07      %
   Potential           cal_v_eff           8.451          133       0.064     0.07      %
   H_Hartree_pw        v_hartree           0.89287        133       0.0067    0.0074    %
   PW_Basis            real2recip          2.6634         1108      0.0024    0.022     %
   PW_Basis            gatherp_scatters    1.0744         1108      0.00097   0.0089    %
   PotXC               cal_v_eff           7.4944         133       0.056     0.062     %
   XC_Functional       v_xc                7.4477         133       0.056     0.062     %
   HSolverLCAO         solve               10996          122       90        91        %
   HamiltLCAO          updateHk            4294.5         4392      0.98      36        %
   OperatorLCAO        init                3544.2         8784      0.4       29        %
   Veff                contributeHk        3542.1         4392      0.81      29        %
   Gint_interface      cal_gint            5829.6         255       23        48        %
   Gint_interface      cal_gint_vlocal     2835.5         122       23        23        %
   Gint_k              folding_vl_k        706.67         4392      0.16      5.9       %
   Gint_k              Distri              427.7          4392      0.097     3.5       %
   Overlap             contributeHR        4.7375         11        0.43      0.039     %
   LCAO_gen_fixedH     calculate_S_no      4.7375         11        0.43      0.039     %
   Ekin<LCAO>          contributeHR        4.8198         11        0.44      0.04      %
   Nonlocal<LCAO>      contributeHR        54.827         11        5         0.45      %
   LCAO_gen_fixedH     build_Nonlocal_mu_new172.27         22        7.8       1.4       %
   ORB_gen_tables      snap_psibeta_half   3.4352         1201143   2.9e-06   0.028     %
   OperatorLCAO        folding_fixed       685.91         4392      0.16      5.7       %
   LCAO_nnr            folding_fixedH      679.9          4392      0.15      5.6       %
   HSolverLCAO         hamiltSolvePsiK     1407.6         4392      0.32      12        %
   DiagoElpa           elpa_solve          1391.3         4392      0.32      12        %
   ElecStateLCAO       psiToRho            5293.8         122       43        44        %
   elecstate           cal_dm              129.6          133       0.97      1.1       %
   psiMulPsiMpi        pdgemm              125.06         4788      0.026     1         %
    Local_Orbital_wfc  wfc_2d_to_grid      25.061         4392      0.0057    0.21      %
   LCAO_Charge         cal_dk_k            2698           122       22        22        %
   Record_adj          for_grid            0.69971        122       0.0057    0.0058    %
   Gint_interface      cal_gint_rho        2457.5         122       20        20        %
   Charge              mix_rho             1.1745         111       0.011     0.0097    %
   Force_Stress_LCAO   getForceStress      1040.6         11        95        8.6       %
   Forces              cal_force_loc       0.68431        11        0.062     0.0057    %
   Forces              cal_force_ew        0.6641         11        0.06      0.0055    %
   Forces              cal_force_scc       6.4216         11        0.58      0.053     %
   Stress_Func         stress_loc          5.7059         11        0.52      0.047     %
   Stress_Func         stress_ewa          0.34364        11        0.031     0.0028    %
   Stress_Func         stress_gga          0.37895        11        0.034     0.0031    %
   Force_LCAO_k        ftable_k            1026.3         11        93        8.5       %
   Force_LCAO_k        allocate_k          149.03         11        14        1.2       %
   Force_LCAO_k        cal_foverlap_k      23.537         11        2.1       0.19      %
   Force_LCAO_k        cal_edm_2d          22.601         11        2.1       0.19      %
   Local_Orbital_Chargecal_dm_R            12.179         22        0.55      0.1       %
   Force_LCAO_k        cal_ftvnl_dphi_k    0.26926        11        0.024     0.0022    %
   Force_LCAO_k        cal_fvl_dphi_k      536.61         11        49        4.4       %
   Gint_interface      cal_gint_force      536.61         11        49        4.4       %
   Force_LCAO_k        cal_fvnl_dbeta_k_new309.76         11        28        2.6       %
 ----------------------------------------------------------------------------------------

 START  Time  : Fri Feb  3 19:43:23 2023
 FINISH Time  : Fri Feb  3 23:04:42 2023
 TOTAL  Time  : 1.2e+04
 SEE INFORMATION IN : OUT.ABACUS/
