WARNING: Total thread number on this node mismatches with hardware availability. This may cause poor performance.
Info: Local MPI proc number: 16,OpenMP thread number: 1,Total thread number: 16,Local thread limit: 32
                                                                                     
                              ABACUS v3.1                                            

               Atomic-orbital Based Ab-initio Computation at UStc                    

                     Website: http://abacus.ustc.edu.cn/                             
               Documentation: https://abacus.deepmodeling.com/                       
                  Repository: https://github.com/abacusmodeling/abacus-develop       
                              https://github.com/deepmodeling/abacus-develop         

 Fri Feb  3 16:52:53 2023
 MAKE THE DIR         : OUT.ABACUS/
 MAKE THE STRU DIR    : OUT.ABACUS/STRU/
 UNIFORM GRID DIM     : 108 * 108 * 108
 UNIFORM GRID DIM(BIG): 54 * 54 * 54
 DONE(0.111944   SEC) : SETUP UNITCELL
 DONE(0.127008   SEC) : INIT K-POINTS
 ---------------------------------------------------------
 Molecular Dynamics simulations
 ---------------------------------------------------------
 ENSEMBLE                 : Langevin
 Time interval(fs)        : 1
 ---------------------------------------------------------
 SPIN    KPOINTS         PROCESSORS  NBASE       
 1       36              16          1408        
 ---------------------------------------------------------
 Use Systematically Improvable Atomic bases
 ---------------------------------------------------------
 ELEMENT ORBITALS        NBASE       NATOM       XC          
 Si      3s3p2d-9au      22          32          
 C       3s3p2d-9au      22          32          
 ---------------------------------------------------------
 Initial plane wave basis and FFT box
 ---------------------------------------------------------
--------------------------------- INITVEL DONE ------------------------------------
 -------------------------------------------
 STEP OF MOLECULAR DYNAMICS : 0
 -------------------------------------------
 START CHARGE      : atomic
 DONE(9.27983    SEC) : INIT SCF
 ITER   ETOT(eV)       EDIFF(eV)      DRHO       TIME(s)    
 GE1    -8.331811e+03  0.000000e+00   2.759e-01  8.553e+01  
 GE2    -8.372815e+03  -4.100372e+01  1.554e-01  7.977e+01  
 GE3    -8.382690e+03  -9.874417e+00  4.885e-02  7.918e+01  
 GE4    -8.392058e+03  -9.368757e+00  5.318e-02  7.950e+01  
 GE5    -8.399356e+03  -7.297619e+00  1.020e-02  7.936e+01  
 GE6    -8.399539e+03  -1.832740e-01  5.608e-03  7.941e+01  
 GE7    -8.399604e+03  -6.451683e-02  2.375e-03  7.936e+01  
 GE8    -8.399609e+03  -5.269920e-03  1.393e-03  7.933e+01  
 GE9    -8.399612e+03  -2.855913e-03  6.239e-04  7.955e+01  
 GE10   -8.399613e+03  -8.931546e-04  2.011e-04  7.934e+01  
 GE11   -8.399613e+03  -1.237526e-04  1.450e-04  7.943e+01  
 GE12   -8.399613e+03  -6.411686e-05  6.260e-05  7.951e+01  
 GE13   -8.399613e+03  -9.952560e-06  7.456e-06  7.955e+01  
 GE14   -8.399613e+03  2.197677e-08   7.149e-06  7.933e+01  
 GE15   -8.399613e+03  -1.163324e-07  2.327e-06  7.935e+01  
 GE16   -8.399613e+03  -1.825984e-08  1.456e-06  7.935e+01  
 GE17   -8.399613e+03  -3.452433e-09  5.221e-07  7.951e+01  
 ><><><><><><><><><><><><><><><><><><><><><><
 TOTAL-STRESS (KBAR):
 ><><><><><><><><><><><><><><><><><><><><><><
 1.383e+02      2.841e+01      -5.078e+01     
 2.841e+01      5.161e+01      5.109e+01      
 -5.078e+01     5.109e+01      1.249e+02      
 TOTAL-PRESSURE: 1.049e+02 KBAR
 ------------------------------------------------------------------------------------------------
 Energy              Potential           Kinetic             Temperature         Pressure (KBAR)     
 -3.087e+02          -3.087e+02          2.993e-03           1.000e+01           1.051e+02           
 ------------------------------------------------------------------------------------------------
 -------------------------------------------
 STEP OF MOLECULAR DYNAMICS : 1
 -------------------------------------------
 DONE(1.454e+03  SEC) : INIT SCF
 ITER   ETOT(eV)       EDIFF(eV)      DRHO       TIME(s)    
 GE1    -8.399684e+03  0.000000e+00   4.728e-04  8.481e+01  
 GE2    -8.399684e+03  3.688103e-04   3.875e-04  7.916e+01  
 GE3    -8.399684e+03  -4.597757e-04  3.511e-04  7.924e+01  
 GE4    -8.399685e+03  -3.573385e-04  7.672e-05  7.910e+01  
 GE5    -8.399685e+03  -1.212669e-05  3.689e-05  7.904e+01  
 GE6    -8.399685e+03  -3.717772e-06  1.949e-05  7.906e+01  
 GE7    -8.399685e+03  -1.113733e-06  9.429e-06  7.908e+01  
 GE8    -8.399685e+03  -2.701513e-07  1.767e-06  7.904e+01  
 GE9    -8.399685e+03  -4.488781e-09  7.943e-07  7.918e+01  
 ><><><><><><><><><><><><><><><><><><><><><><
 TOTAL-STRESS (KBAR):
 ><><><><><><><><><><><><><><><><><><><><><><
 1.383e+02      2.856e+01      -5.079e+01     
 2.856e+01      5.133e+01      5.052e+01      
 -5.079e+01     5.052e+01      1.245e+02      
 TOTAL-PRESSURE: 1.047e+02 KBAR
 ------------------------------------------------------------------------------------------------
 Energy              Potential           Kinetic             Temperature         Pressure (KBAR)     
 -3.087e+02          -3.087e+02          8.066e-03           2.695e+01           1.051e+02           
 ------------------------------------------------------------------------------------------------
 -------------------------------------------
 STEP OF MOLECULAR DYNAMICS : 2
 -------------------------------------------
 DONE(2.260e+03  SEC) : INIT SCF
 ITER   ETOT(eV)       EDIFF(eV)      DRHO       TIME(s)    
 GE1    -8.399913e+03  0.000000e+00   1.689e-03  8.522e+01  
 GE2    -8.399911e+03  2.288371e-03   1.120e-03  7.932e+01  
 GE3    -8.399914e+03  -3.168170e-03  1.104e-03  7.938e+01  
 GE4    -8.399917e+03  -3.477227e-03  2.380e-04  7.930e+01  
 GE5    -8.399917e+03  -1.222761e-04  1.366e-04  7.943e+01  
 GE6    -8.399917e+03  -5.031331e-05  5.823e-05  7.947e+01  
 GE7    -8.399917e+03  -8.483578e-06  2.722e-05  7.940e+01  
 GE8    -8.399917e+03  -2.616665e-06  6.689e-06  7.943e+01  
 GE9    -8.399917e+03  -1.306634e-07  2.385e-06  7.933e+01  
 GE10   -8.399917e+03  -7.302390e-09  8.828e-07  7.959e+01  
 ><><><><><><><><><><><><><><><><><><><><><><
 TOTAL-STRESS (KBAR):
 ><><><><><><><><><><><><><><><><><><><><><><
 1.385e+02      2.922e+01      -5.025e+01     
 2.922e+01      5.016e+01      4.874e+01      
 -5.025e+01     4.874e+01      1.231e+02      
 TOTAL-PRESSURE: 1.039e+02 KBAR
 ------------------------------------------------------------------------------------------------
 Energy              Potential           Kinetic             Temperature         Pressure (KBAR)     
 -3.087e+02          -3.087e+02          1.904e-02           6.363e+01           1.048e+02           
 ------------------------------------------------------------------------------------------------
 -------------------------------------------
 STEP OF MOLECULAR DYNAMICS : 3
 -------------------------------------------
 DONE(3.148e+03  SEC) : INIT SCF
 ITER   ETOT(eV)       EDIFF(eV)      DRHO       TIME(s)    
 GE1    -8.400061e+03  0.000000e+00   2.107e-03  8.538e+01  
 GE2    -8.400061e+03  3.352102e-04   1.285e-03  7.950e+01  
 GE3    -8.400064e+03  -3.382467e-03  1.069e-03  7.940e+01  
 GE4    -8.400067e+03  -3.066757e-03  3.126e-04  7.957e+01  
 GE5    -8.400068e+03  -2.641220e-04  1.695e-04  7.946e+01  
 GE6    -8.400068e+03  -9.295514e-05  5.406e-05  7.945e+01  
 GE7    -8.400068e+03  -6.153901e-06  1.868e-05  7.943e+01  
 GE8    -8.400068e+03  -9.692441e-07  9.456e-06  7.955e+01  
 GE9    -8.400068e+03  -3.312742e-07  3.508e-06  7.944e+01  
 GE10   -8.400068e+03  -2.908272e-08  8.720e-07  7.957e+01  
 ><><><><><><><><><><><><><><><><><><><><><><
 TOTAL-STRESS (KBAR):
 ><><><><><><><><><><><><><><><><><><><><><><
 1.387e+02      2.890e+01      -5.041e+01     
 2.890e+01      4.943e+01      4.833e+01      
 -5.041e+01     4.833e+01      1.222e+02      
 TOTAL-PRESSURE: 1.034e+02 KBAR
 ------------------------------------------------------------------------------------------------
 Energy              Potential           Kinetic             Temperature         Pressure (KBAR)     
 -3.087e+02          -3.087e+02          2.682e-02           8.962e+01           1.046e+02           
 ------------------------------------------------------------------------------------------------
 -------------------------------------------
 STEP OF MOLECULAR DYNAMICS : 4
 -------------------------------------------
 DONE(4.037e+03  SEC) : INIT SCF
 ITER   ETOT(eV)       EDIFF(eV)      DRHO       TIME(s)    
 GE1    -8.400150e+03  0.000000e+00   2.297e-03  8.533e+01  
 GE2    -8.400144e+03  5.365043e-03   1.539e-03  7.938e+01  
 GE3    -8.400151e+03  -6.642401e-03  1.536e-03  7.924e+01  
 GE4    -8.400158e+03  -6.800571e-03  3.054e-04  7.934e+01  
 GE5    -8.400158e+03  -1.865801e-04  1.518e-04  7.940e+01  
 GE6    -8.400158e+03  -5.503760e-05  6.972e-05  7.941e+01  
 GE7    -8.400158e+03  -1.143706e-05  2.988e-05  7.925e+01  
 GE8    -8.400158e+03  -3.089486e-06  1.048e-05  7.943e+01  
 GE9    -8.400158e+03  -3.230360e-07  2.945e-06  7.937e+01  
 GE10   -8.400158e+03  -2.040369e-08  1.136e-06  7.954e+01  
 GE11   -8.400158e+03  3.263724e-10   7.348e-07  7.940e+01  
 ><><><><><><><><><><><><><><><><><><><><><><
 TOTAL-STRESS (KBAR):
 ><><><><><><><><><><><><><><><><><><><><><><
 1.390e+02      2.842e+01      -5.093e+01     
 2.842e+01      4.881e+01      4.738e+01      
 -5.093e+01     4.738e+01      1.215e+02      
 TOTAL-PRESSURE: 1.031e+02 KBAR
 ------------------------------------------------------------------------------------------------
 Energy              Potential           Kinetic             Temperature         Pressure (KBAR)     
 -3.087e+02          -3.087e+02          3.784e-02           1.264e+02           1.048e+02           
 ------------------------------------------------------------------------------------------------
 -------------------------------------------
 STEP OF MOLECULAR DYNAMICS : 5
 -------------------------------------------
 DONE(5.004e+03  SEC) : INIT SCF
 ITER   ETOT(eV)       EDIFF(eV)      DRHO       TIME(s)    
 GE1    -8.400293e+03  0.000000e+00   2.683e-03  8.521e+01  
 GE2    -8.400292e+03  1.245651e-03   1.608e-03  7.940e+01  
 GE3    -8.400297e+03  -5.486511e-03  1.443e-03  7.935e+01  
 GE4    -8.400303e+03  -5.505688e-03  4.081e-04  7.934e+01  
 GE5    -8.400303e+03  -5.188017e-04  2.556e-04  7.937e+01  
 GE6    -8.400304e+03  -1.949955e-04  8.062e-05  7.929e+01  
 GE7    -8.400304e+03  -1.444488e-05  3.856e-05  7.948e+01  
 GE8    -8.400304e+03  -4.970931e-06  1.174e-05  7.941e+01  
 GE9    -8.400304e+03  -4.515278e-07  3.677e-06  7.947e+01  
 GE10   -8.400304e+03  -3.145395e-08  1.057e-06  7.930e+01  
 GE11   -8.400304e+03  1.186387e-09   6.584e-07  7.931e+01  
 ><><><><><><><><><><><><><><><><><><><><><><
 TOTAL-STRESS (KBAR):
 ><><><><><><><><><><><><><><><><><><><><><><
 1.389e+02      2.940e+01      -5.027e+01     
 2.940e+01      4.805e+01      4.528e+01      
 -5.027e+01     4.528e+01      1.206e+02      
 TOTAL-PRESSURE: 1.025e+02 KBAR
 ------------------------------------------------------------------------------------------------
 Energy              Potential           Kinetic             Temperature         Pressure (KBAR)     
 -3.087e+02          -3.087e+02          3.744e-02           1.251e+02           1.042e+02           
 ------------------------------------------------------------------------------------------------
 -------------------------------------------
 STEP OF MOLECULAR DYNAMICS : 6
 -------------------------------------------
 DONE(5.970e+03  SEC) : INIT SCF
 ITER   ETOT(eV)       EDIFF(eV)      DRHO       TIME(s)    
 GE1    -8.400313e+03  0.000000e+00   2.864e-03  8.549e+01  
 GE2    -8.400310e+03  2.576012e-03   1.733e-03  7.922e+01  
 GE3    -8.400317e+03  -7.333385e-03  1.559e-03  7.921e+01  
 GE4    -8.400324e+03  -6.628136e-03  3.950e-04  7.939e+01  
 GE5    -8.400324e+03  -4.105189e-04  2.316e-04  7.929e+01  
 GE6    -8.400325e+03  -1.594610e-04  7.809e-05  7.936e+01  
 GE7    -8.400325e+03  -1.307510e-05  2.735e-05  7.936e+01  
 GE8    -8.400325e+03  -2.060615e-06  1.210e-05  7.940e+01  
 GE9    -8.400325e+03  -5.237643e-07  4.774e-06  7.923e+01  
 GE10   -8.400325e+03  -6.583597e-08  1.339e-06  7.922e+01  
 GE11   -8.400325e+03  7.641137e-10   7.847e-07  7.929e+01  
 ><><><><><><><><><><><><><><><><><><><><><><
 TOTAL-STRESS (KBAR):
 ><><><><><><><><><><><><><><><><><><><><><><
 1.388e+02      3.017e+01      -5.089e+01     
 3.017e+01      4.796e+01      4.522e+01      
 -5.089e+01     4.522e+01      1.207e+02      
 TOTAL-PRESSURE: 1.025e+02 KBAR
 ------------------------------------------------------------------------------------------------
 Energy              Potential           Kinetic             Temperature         Pressure (KBAR)     
 -3.087e+02          -3.087e+02          5.171e-02           1.728e+02           1.048e+02           
 ------------------------------------------------------------------------------------------------
 -------------------------------------------
 STEP OF MOLECULAR DYNAMICS : 7
 -------------------------------------------
 DONE(6.936e+03  SEC) : INIT SCF
 ITER   ETOT(eV)       EDIFF(eV)      DRHO       TIME(s)    
 GE1    -8.400328e+03  0.000000e+00   3.263e-03  8.534e+01  
 GE2    -8.400328e+03  1.565339e-04   1.926e-03  7.945e+01  
 GE3    -8.400337e+03  -8.656013e-03  1.570e-03  7.949e+01  
 GE4    -8.400343e+03  -6.006863e-03  4.103e-04  7.934e+01  
 GE5    -8.400343e+03  -4.078970e-04  2.993e-04  7.945e+01  
 GE6    -8.400343e+03  -3.022618e-04  1.000e-04  7.945e+01  
 GE7    -8.400343e+03  -2.351374e-05  3.602e-05  7.926e+01  
 GE8    -8.400343e+03  -4.613457e-06  1.655e-05  7.952e+01  
 GE9    -8.400343e+03  -9.054283e-07  4.734e-06  7.945e+01  
 GE10   -8.400343e+03  -5.286151e-08  1.249e-06  7.945e+01  
 GE11   -8.400343e+03  7.888623e-10   7.261e-07  7.947e+01  
 ><><><><><><><><><><><><><><><><><><><><><><
 TOTAL-STRESS (KBAR):
 ><><><><><><><><><><><><><><><><><><><><><><
 1.385e+02      3.182e+01      -5.014e+01     
 3.182e+01      4.797e+01      4.414e+01      
 -5.014e+01     4.414e+01      1.209e+02      
 TOTAL-PRESSURE: 1.024e+02 KBAR
 ------------------------------------------------------------------------------------------------
 Energy              Potential           Kinetic             Temperature         Pressure (KBAR)     
 -3.086e+02          -3.087e+02          6.834e-02           2.284e+02           1.055e+02           
 ------------------------------------------------------------------------------------------------
 -------------------------------------------
 STEP OF MOLECULAR DYNAMICS : 8
 -------------------------------------------
 DONE(7.904e+03  SEC) : INIT SCF
 ITER   ETOT(eV)       EDIFF(eV)      DRHO       TIME(s)    
 GE1    -8.400473e+03  0.000000e+00   3.808e-03  8.510e+01  
 GE2    -8.400472e+03  1.432744e-03   2.179e-03  7.940e+01  
 GE3    -8.400479e+03  -7.733945e-03  1.923e-03  7.924e+01  
 GE4    -8.400491e+03  -1.198589e-02  6.136e-04  7.937e+01  
 GE5    -8.400492e+03  -1.089160e-03  3.025e-04  7.941e+01  
 GE6    -8.400493e+03  -2.896377e-04  1.191e-04  7.922e+01  
 GE7    -8.400493e+03  -3.249953e-05  4.462e-05  7.930e+01  
 GE8    -8.400493e+03  -6.979162e-06  1.755e-05  7.923e+01  
 GE9    -8.400493e+03  -9.775272e-07  5.977e-06  7.936e+01  
 GE10   -8.400493e+03  -6.972614e-08  1.355e-06  7.909e+01  
 GE11   -8.400493e+03  -3.418403e-10  6.763e-07  7.936e+01  
 ><><><><><><><><><><><><><><><><><><><><><><
 TOTAL-STRESS (KBAR):
 ><><><><><><><><><><><><><><><><><><><><><><
 1.383e+02      3.215e+01      -5.061e+01     
 3.215e+01      4.774e+01      4.373e+01      
 -5.061e+01     4.373e+01      1.201e+02      
 TOTAL-PRESSURE: 1.020e+02 KBAR
 ------------------------------------------------------------------------------------------------
 Energy              Potential           Kinetic             Temperature         Pressure (KBAR)     
 -3.086e+02          -3.087e+02          8.033e-02           2.684e+02           1.056e+02           
 ------------------------------------------------------------------------------------------------
 -------------------------------------------
 STEP OF MOLECULAR DYNAMICS : 9
 -------------------------------------------
 DONE(8.870e+03  SEC) : INIT SCF
 ITER   ETOT(eV)       EDIFF(eV)      DRHO       TIME(s)    
 GE1    -8.400415e+03  0.000000e+00   4.002e-03  8.513e+01  
 GE2    -8.400406e+03  9.411967e-03   2.866e-03  7.930e+01  
 GE3    -8.400427e+03  -2.104191e-02  2.386e-03  7.920e+01  
 GE4    -8.400442e+03  -1.565717e-02  5.936e-04  7.934e+01  
 GE5    -8.400443e+03  -9.225872e-04  3.333e-04  7.939e+01  
 GE6    -8.400444e+03  -3.205966e-04  1.083e-04  7.926e+01  
 GE7    -8.400444e+03  -2.468176e-05  3.212e-05  7.929e+01  
 GE8    -8.400444e+03  -2.239110e-06  1.618e-05  7.945e+01  
 GE9    -8.400444e+03  -9.186054e-07  7.337e-06  7.938e+01  
 GE10   -8.400444e+03  -1.545072e-07  1.652e-06  7.938e+01  
 GE11   -8.400444e+03  -1.195668e-09  9.257e-07  7.939e+01  
 ><><><><><><><><><><><><><><><><><><><><><><
 TOTAL-STRESS (KBAR):
 ><><><><><><><><><><><><><><><><><><><><><><
 1.387e+02      3.194e+01      -5.162e+01     
 3.194e+01      4.821e+01      4.479e+01      
 -5.162e+01     4.479e+01      1.204e+02      
 TOTAL-PRESSURE: 1.024e+02 KBAR
 ------------------------------------------------------------------------------------------------
 Energy              Potential           Kinetic             Temperature         Pressure (KBAR)     
 -3.086e+02          -3.087e+02          7.363e-02           2.461e+02           1.057e+02           
 ------------------------------------------------------------------------------------------------
 -------------------------------------------
 STEP OF MOLECULAR DYNAMICS : 10
 -------------------------------------------
 DONE(9.837e+03  SEC) : INIT SCF
 ITER   ETOT(eV)       EDIFF(eV)      DRHO       TIME(s)    
 GE1    -8.400424e+03  0.000000e+00   3.762e-03  8.532e+01  
 GE2    -8.400421e+03  3.536928e-03   2.229e-03  7.936e+01  
 GE3    -8.400431e+03  -1.074398e-02  2.028e-03  7.939e+01  
 GE4    -8.400443e+03  -1.148316e-02  4.932e-04  7.947e+01  
 GE5    -8.400444e+03  -7.033566e-04  3.044e-04  7.953e+01  
 GE6    -8.400444e+03  -3.189574e-04  1.069e-04  7.957e+01  
 GE7    -8.400444e+03  -2.498561e-05  4.062e-05  7.959e+01  
 GE8    -8.400444e+03  -5.911776e-06  1.828e-05  7.962e+01  
 GE9    -8.400444e+03  -1.114927e-06  5.356e-06  7.953e+01  
 GE10   -8.400444e+03  -6.953589e-08  1.598e-06  7.952e+01  
 GE11   -8.400444e+03  -1.528227e-09  7.395e-07  7.953e+01  
 ><><><><><><><><><><><><><><><><><><><><><><
 TOTAL-STRESS (KBAR):
 ><><><><><><><><><><><><><><><><><><><><><><
 1.390e+02      3.288e+01      -5.016e+01     
 3.288e+01      4.776e+01      4.271e+01      
 -5.016e+01     4.271e+01      1.202e+02      
 TOTAL-PRESSURE: 1.023e+02 KBAR
 ------------------------------------------------------------------------------------------------
 Energy              Potential           Kinetic             Temperature         Pressure (KBAR)     
 -3.086e+02          -3.087e+02          8.444e-02           2.821e+02           1.061e+02           
 ------------------------------------------------------------------------------------------------

  |CLASS_NAME---------|NAME---------------|TIME(Sec)-----|CALLS----|AVG------|PER%-------
                       total               10804          27        4e+02     1e+02     %
   Driver              driver_line         10804          1         1.1e+04   1e+02     %
   PW_Basis            setup_struc_factor  0.86266        11        0.078     0.008     %
   ORB_control         read_orb_first      0.14747        1         0.15      0.0014    %
   LCAO_Orbitals       Read_Orbitals       0.14747        1         0.15      0.0014    %
   ORB_control         set_orb_tables      6.4508         1         6.5       0.06      %
   ORB_gen_tables      gen_tables          6.4508         1         6.5       0.06      %
   ORB_table_phi       init_Table          5.0086         1         5         0.046     %
   ORB_table_phi       cal_ST_Phi12_R      4.9698         558       0.0089    0.046     %
   ORB_table_beta      init_Table_Beta     1.1899         1         1.2       0.011     %
   ORB_table_beta      VNL_PhiBeta_R       1.1813         168       0.007     0.011     %
   ppcell_vl           init_vloc           0.23001        1         0.23      0.0021    %
   Run_MD              md_line             10797          1         1.1e+04   1e+02     %
   Langevin            setup               1444.3         1         1.4e+03   13        %
   MD_func             force_virial        10796          11        9.8e+02   1e+02     %
   ESolver_KS_LCAO     Run                 9849.8         11        9e+02     91        %
   ESolver_KS_LCAO     beforescf           22.001         11        2         0.2       %
   ESolver_KS_LCAO     beforesolver        6.9863         11        0.64      0.065     %
   ESolver_KS_LCAO     set_matrix_grid     4.4588         11        0.41      0.041     %
   Grid_Technique      init                1.806          11        0.16      0.017     %
   Grid_BigCell        grid_expansion_index0.62908        22        0.029     0.0058    %
   Record_adj          for_2d              2.3569         11        0.21      0.022     %
   Grid_Driver         Find_atom           16.545         593088    2.8e-05   0.15      %
   Charge              atomic_rho          13.175         21        0.63      0.12      %
   PW_Basis            recip2real          3.0001         735       0.0041    0.028     %
   PW_Basis            gathers_scatterp    2.2181         735       0.003     0.021     %
   Potential           init_pot            0.69107        11        0.063     0.0064    %
   Potential           update_from_charge  7.7226         134       0.058     0.071     %
   Potential           cal_v_eff           7.6837         134       0.057     0.071     %
   H_Hartree_pw        v_hartree           0.78397        134       0.0059    0.0073    %
   PW_Basis            real2recip          2.5746         1116      0.0023    0.024     %
   PW_Basis            gatherp_scatters    1.3659         1116      0.0012    0.013     %
   PotXC               cal_v_eff           6.8447         134       0.051     0.063     %
   XC_Functional       v_xc                6.8159         134       0.051     0.063     %
   HSolverLCAO         solve               9813.7         123       80        91        %
   HamiltLCAO          updateHk            3683.5         4428      0.83      34        %
   OperatorLCAO        init                3009.7         8856      0.34      28        %
   Veff                contributeHk        3008           4428      0.68      28        %
   Gint_interface      cal_gint            3832.9         257       15        35        %
   Gint_interface      cal_gint_vlocal     1840.8         123       15        17        %
   Gint_k              folding_vl_k        1167.2         4428      0.26      11        %
   Gint_k              Distri              936.46         4428      0.21      8.7       %
   Overlap             contributeHR        4.5461         11        0.41      0.042     %
   LCAO_gen_fixedH     calculate_S_no      4.546          11        0.41      0.042     %
   Ekin<LCAO>          contributeHR        4.6204         11        0.42      0.043     %
   Nonlocal<LCAO>      contributeHR        49.859         11        4.5       0.46      %
   LCAO_gen_fixedH     build_Nonlocal_mu_new159.09         22        7.2       1.5       %
   ORB_gen_tables      snap_psibeta_half   3.3269         1161975   2.9e-06   0.031     %
   OperatorLCAO        folding_fixed       614.69         4428      0.14      5.7       %
   LCAO_nnr            folding_fixedH      609.51         4428      0.14      5.6       %
   HSolverLCAO         hamiltSolvePsiK     1422           4428      0.32      13        %
   DiagoElpa           elpa_solve          1410.8         4428      0.32      13        %
   ElecStateLCAO       psiToRho            4708.2         123       38        44        %
   elecstate           cal_dm              111.26         134       0.83      1         %
   psiMulPsiMpi        pdgemm              108.24         4824      0.022     1         %
    Local_Orbital_wfc  wfc_2d_to_grid      20.803         4428      0.0047    0.19      %
   LCAO_Charge         cal_dk_k            2410.6         123       20        22        %
   Record_adj          for_grid            0.67419        123       0.0055    0.0062    %
   Gint_interface      cal_gint_rho        1576           123       13        15        %
   Charge              mix_rho             1.0083         112       0.009     0.0093    %
   Force_Stress_LCAO   getForceStress      946.5          11        86        8.8       %
   Forces              cal_force_loc       0.69442        11        0.063     0.0064    %
   Forces              cal_force_ew        0.67931        11        0.062     0.0063    %
   Forces              cal_force_scc       6.6661         11        0.61      0.062     %
   Stress_Func         stress_loc          5.8156         11        0.53      0.054     %
   Stress_Func         stress_ewa          0.33951        11        0.031     0.0031    %
   Stress_Func         stress_gga          0.33527        11        0.03      0.0031    %
   Force_LCAO_k        ftable_k            931.92         11        85        8.6       %
   Force_LCAO_k        allocate_k          139.28         11        13        1.3       %
   Force_LCAO_k        cal_foverlap_k      22.684         11        2.1       0.21      %
   Force_LCAO_k        cal_edm_2d          21.793         11        2         0.2       %
   Local_Orbital_Chargecal_dm_R            11.615         22        0.53      0.11      %
   Force_LCAO_k        cal_ftvnl_dphi_k    0.25969        11        0.024     0.0024    %
   Force_LCAO_k        cal_fvl_dphi_k      416.08         11        38        3.9       %
   Gint_interface      cal_gint_force      416.08         11        38        3.9       %
   Force_LCAO_k        cal_fvnl_dbeta_k_new291.86         11        27        2.7       %
 ----------------------------------------------------------------------------------------

 START  Time  : Fri Feb  3 16:52:53 2023
 FINISH Time  : Fri Feb  3 19:52:56 2023
 TOTAL  Time  : 1.1e+04
 SEE INFORMATION IN : OUT.ABACUS/
