WARNING: Total thread number on this node mismatches with hardware availability. This may cause poor performance.
Info: Local MPI proc number: 16,OpenMP thread number: 1,Total thread number: 16,Local thread limit: 32
                                                                                     
                              ABACUS v3.1                                            

               Atomic-orbital Based Ab-initio Computation at UStc                    

                     Website: http://abacus.ustc.edu.cn/                             
               Documentation: https://abacus.deepmodeling.com/                       
                  Repository: https://github.com/abacusmodeling/abacus-develop       
                              https://github.com/deepmodeling/abacus-develop         

 Fri Feb  3 16:52:52 2023
 MAKE THE DIR         : OUT.ABACUS/
 MAKE THE STRU DIR    : OUT.ABACUS/STRU/
 UNIFORM GRID DIM     : 108 * 108 * 108
 UNIFORM GRID DIM(BIG): 54 * 54 * 54
 DONE(0.103686   SEC) : SETUP UNITCELL
 DONE(0.121      SEC) : INIT K-POINTS
 ---------------------------------------------------------
 Molecular Dynamics simulations
 ---------------------------------------------------------
 ENSEMBLE                 : Langevin
 Time interval(fs)        : 1
 ---------------------------------------------------------
 SPIN    KPOINTS         PROCESSORS  NBASE       
 1       36              16          1408        
 ---------------------------------------------------------
 Use Systematically Improvable Atomic bases
 ---------------------------------------------------------
 ELEMENT ORBITALS        NBASE       NATOM       XC          
 Si      3s3p2d-9au      22          32          
 C       3s3p2d-9au      22          32          
 ---------------------------------------------------------
 Initial plane wave basis and FFT box
 ---------------------------------------------------------
--------------------------------- INITVEL DONE ------------------------------------
 -------------------------------------------
 STEP OF MOLECULAR DYNAMICS : 0
 -------------------------------------------
 START CHARGE      : atomic
 DONE(9.33787    SEC) : INIT SCF
 ITER   ETOT(eV)       EDIFF(eV)      DRHO       TIME(s)    
 GE1    -8.333784e+03  0.000000e+00   2.709e-01  7.633e+01  
 GE2    -8.372339e+03  -3.855557e+01  1.630e-01  7.157e+01  
 GE3    -8.382512e+03  -1.017295e+01  4.969e-02  7.126e+01  
 GE4    -8.389460e+03  -6.947752e+00  5.911e-02  7.136e+01  
 GE5    -8.399654e+03  -1.019405e+01  1.024e-02  7.107e+01  
 GE6    -8.399800e+03  -1.458568e-01  5.787e-03  7.094e+01  
 GE7    -8.399870e+03  -7.020142e-02  2.856e-03  7.180e+01  
 GE8    -8.399876e+03  -5.739759e-03  1.863e-03  7.136e+01  
 GE9    -8.399877e+03  -1.187246e-03  1.035e-03  7.138e+01  
 GE10   -8.399880e+03  -2.556722e-03  1.862e-04  7.120e+01  
 GE11   -8.399880e+03  -8.763317e-05  1.870e-04  7.061e+01  
 GE12   -8.399880e+03  -8.210657e-05  8.510e-05  7.100e+01  
 GE13   -8.399880e+03  -1.181805e-05  2.510e-05  7.100e+01  
 GE14   -8.399880e+03  -1.129897e-06  1.358e-05  7.102e+01  
 GE15   -8.399880e+03  -3.779795e-07  1.084e-05  7.120e+01  
 GE16   -8.399880e+03  -2.493516e-07  2.168e-06  7.070e+01  
 GE17   -8.399880e+03  -9.924197e-09  1.138e-06  7.067e+01  
 GE18   -8.399880e+03  3.351891e-09   8.769e-07  7.106e+01  
 ><><><><><><><><><><><><><><><><><><><><><><
 TOTAL-STRESS (KBAR):
 ><><><><><><><><><><><><><><><><><><><><><><
 -3.955e+01     -2.345e+01     4.579e+01      
 -2.345e+01     1.627e+01      7.053e+01      
 4.579e+01      7.053e+01      -6.060e+01     
 TOTAL-PRESSURE: -2.796e+01 KBAR
 ------------------------------------------------------------------------------------------------
 Energy              Potential           Kinetic             Temperature         Pressure (KBAR)     
 -3.087e+02          -3.087e+02          2.993e-03           1.000e+01           -2.783e+01          
 ------------------------------------------------------------------------------------------------
 -------------------------------------------
 STEP OF MOLECULAR DYNAMICS : 1
 -------------------------------------------
 DONE(1.374e+03  SEC) : INIT SCF
 ITER   ETOT(eV)       EDIFF(eV)      DRHO       TIME(s)    
 GE1    -8.399951e+03  0.000000e+00   4.645e-04  7.602e+01  
 GE2    -8.399951e+03  3.758761e-04   3.738e-04  7.084e+01  
 GE3    -8.399951e+03  -4.333006e-04  3.485e-04  7.128e+01  
 GE4    -8.399952e+03  -3.423090e-04  7.833e-05  7.145e+01  
 GE5    -8.399952e+03  -1.285256e-05  3.730e-05  7.130e+01  
 GE6    -8.399952e+03  -4.077728e-06  1.802e-05  7.085e+01  
 GE7    -8.399952e+03  -7.937269e-07  9.253e-06  7.060e+01  
 GE8    -8.399952e+03  -2.607824e-07  2.294e-06  7.107e+01  
 GE9    -8.399952e+03  -1.004794e-08  9.293e-07  7.130e+01  
 ><><><><><><><><><><><><><><><><><><><><><><
 TOTAL-STRESS (KBAR):
 ><><><><><><><><><><><><><><><><><><><><><><
 -3.983e+01     -2.323e+01     4.618e+01      
 -2.323e+01     1.604e+01      7.034e+01      
 4.618e+01      7.034e+01      -6.083e+01     
 TOTAL-PRESSURE: -2.820e+01 KBAR
 ------------------------------------------------------------------------------------------------
 Energy              Potential           Kinetic             Temperature         Pressure (KBAR)     
 -3.087e+02          -3.087e+02          6.307e-03           2.107e+01           -2.794e+01          
 ------------------------------------------------------------------------------------------------
 -------------------------------------------
 STEP OF MOLECULAR DYNAMICS : 2
 -------------------------------------------
 DONE(2.097e+03  SEC) : INIT SCF
 ITER   ETOT(eV)       EDIFF(eV)      DRHO       TIME(s)    
 GE1    -8.400035e+03  0.000000e+00   1.514e-03  7.572e+01  
 GE2    -8.400035e+03  4.676368e-04   8.720e-04  7.054e+01  
 GE3    -8.400036e+03  -1.315943e-03  8.295e-04  7.107e+01  
 GE4    -8.400038e+03  -1.852779e-03  2.142e-04  7.116e+01  
 GE5    -8.400038e+03  -1.213292e-04  1.263e-04  7.110e+01  
 GE6    -8.400038e+03  -4.412232e-05  4.325e-05  7.080e+01  
 GE7    -8.400038e+03  -3.547634e-06  1.087e-05  7.055e+01  
 GE8    -8.400038e+03  -2.596780e-07  6.186e-06  7.110e+01  
 GE9    -8.400038e+03  -1.243464e-07  2.614e-06  7.101e+01  
 GE10   -8.400038e+03  -1.644391e-08  7.913e-07  7.098e+01  
 ><><><><><><><><><><><><><><><><><><><><><><
 TOTAL-STRESS (KBAR):
 ><><><><><><><><><><><><><><><><><><><><><><
 -4.040e+01     -2.299e+01     4.691e+01      
 -2.299e+01     1.577e+01      7.009e+01      
 4.691e+01      7.009e+01      -6.093e+01     
 TOTAL-PRESSURE: -2.852e+01 KBAR
 ------------------------------------------------------------------------------------------------
 Energy              Potential           Kinetic             Temperature         Pressure (KBAR)     
 -3.087e+02          -3.087e+02          1.717e-02           5.736e+01           -2.780e+01          
 ------------------------------------------------------------------------------------------------
 -------------------------------------------
 STEP OF MOLECULAR DYNAMICS : 3
 -------------------------------------------
 DONE(2.889e+03  SEC) : INIT SCF
 ITER   ETOT(eV)       EDIFF(eV)      DRHO       TIME(s)    
 GE1    -8.400204e+03  0.000000e+00   1.993e-03  7.605e+01  
 GE2    -8.400203e+03  3.012291e-04   1.174e-03  7.128e+01  
 GE3    -8.400206e+03  -2.512719e-03  1.013e-03  7.127e+01  
 GE4    -8.400209e+03  -2.734755e-03  3.007e-04  7.139e+01  
 GE5    -8.400209e+03  -2.467957e-04  1.818e-04  7.083e+01  
 GE6    -8.400209e+03  -1.023927e-04  6.916e-05  7.080e+01  
 GE7    -8.400209e+03  -1.139433e-05  2.927e-05  7.125e+01  
 GE8    -8.400209e+03  -3.000062e-06  1.140e-05  7.139e+01  
 GE9    -8.400209e+03  -3.622780e-07  2.949e-06  7.131e+01  
 GE10   -8.400209e+03  -1.534105e-08  8.880e-07  7.110e+01  
 ><><><><><><><><><><><><><><><><><><><><><><
 TOTAL-STRESS (KBAR):
 ><><><><><><><><><><><><><><><><><><><><><><
 -4.112e+01     -2.273e+01     4.755e+01      
 -2.273e+01     1.517e+01      7.008e+01      
 4.755e+01      7.008e+01      -6.121e+01     
 TOTAL-PRESSURE: -2.905e+01 KBAR
 ------------------------------------------------------------------------------------------------
 Energy              Potential           Kinetic             Temperature         Pressure (KBAR)     
 -3.087e+02          -3.087e+02          2.824e-02           9.436e+01           -2.787e+01          
 ------------------------------------------------------------------------------------------------
 -------------------------------------------
 STEP OF MOLECULAR DYNAMICS : 4
 -------------------------------------------
 DONE(3.684e+03  SEC) : INIT SCF
 ITER   ETOT(eV)       EDIFF(eV)      DRHO       TIME(s)    
 GE1    -8.400324e+03  0.000000e+00   2.243e-03  7.612e+01  
 GE2    -8.400319e+03  5.106334e-03   1.580e-03  7.127e+01  
 GE3    -8.400326e+03  -6.817755e-03  1.553e-03  7.119e+01  
 GE4    -8.400332e+03  -6.152292e-03  3.229e-04  7.065e+01  
 GE5    -8.400333e+03  -1.911923e-04  1.832e-04  7.101e+01  
 GE6    -8.400333e+03  -8.330004e-05  7.936e-05  7.138e+01  
 GE7    -8.400333e+03  -1.473156e-05  3.914e-05  7.131e+01  
 GE8    -8.400333e+03  -4.853772e-06  1.112e-05  7.128e+01  
 GE9    -8.400333e+03  -3.346307e-07  3.825e-06  7.075e+01  
 GE10   -8.400333e+03  -2.800925e-08  1.319e-06  7.070e+01  
 GE11   -8.400333e+03  7.625669e-10   8.636e-07  7.128e+01  
 ><><><><><><><><><><><><><><><><><><><><><><
 TOTAL-STRESS (KBAR):
 ><><><><><><><><><><><><><><><><><><><><><><
 -4.177e+01     -2.264e+01     4.802e+01      
 -2.264e+01     1.494e+01      6.981e+01      
 4.802e+01      6.981e+01      -6.163e+01     
 TOTAL-PRESSURE: -2.949e+01 KBAR
 ------------------------------------------------------------------------------------------------
 Energy              Potential           Kinetic             Temperature         Pressure (KBAR)     
 -3.087e+02          -3.087e+02          3.804e-02           1.271e+02           -2.789e+01          
 ------------------------------------------------------------------------------------------------
 -------------------------------------------
 STEP OF MOLECULAR DYNAMICS : 5
 -------------------------------------------
 DONE(4.550e+03  SEC) : INIT SCF
 ITER   ETOT(eV)       EDIFF(eV)      DRHO       TIME(s)    
 GE1    -8.400430e+03  0.000000e+00   2.438e-03  7.633e+01  
 GE2    -8.400430e+03  -1.168874e-04  1.373e-03  7.087e+01  
 GE3    -8.400434e+03  -3.216770e-03  1.190e-03  7.108e+01  
 GE4    -8.400437e+03  -3.609122e-03  3.903e-04  7.143e+01  
 GE5    -8.400438e+03  -4.311104e-04  2.578e-04  7.123e+01  
 GE6    -8.400438e+03  -1.938320e-04  7.344e-05  7.119e+01  
 GE7    -8.400438e+03  -1.055836e-05  2.580e-05  7.065e+01  
 GE8    -8.400438e+03  -2.136230e-06  1.167e-05  7.093e+01  
 GE9    -8.400438e+03  -4.674256e-07  4.552e-06  7.136e+01  
 GE10   -8.400438e+03  -5.838200e-08  1.225e-06  7.149e+01  
 GE11   -8.400438e+03  -1.484917e-09  6.006e-07  7.138e+01  
 ><><><><><><><><><><><><><><><><><><><><><><
 TOTAL-STRESS (KBAR):
 ><><><><><><><><><><><><><><><><><><><><><><
 -4.230e+01     -2.192e+01     4.887e+01      
 -2.192e+01     1.453e+01      6.912e+01      
 4.887e+01      6.912e+01      -6.201e+01     
 TOTAL-PRESSURE: -2.993e+01 KBAR
 ------------------------------------------------------------------------------------------------
 Energy              Potential           Kinetic             Temperature         Pressure (KBAR)     
 -3.087e+02          -3.087e+02          3.894e-02           1.301e+02           -2.829e+01          
 ------------------------------------------------------------------------------------------------
 -------------------------------------------
 STEP OF MOLECULAR DYNAMICS : 6
 -------------------------------------------
 DONE(5.416e+03  SEC) : INIT SCF
 ITER   ETOT(eV)       EDIFF(eV)      DRHO       TIME(s)    
 GE1    -8.400539e+03  0.000000e+00   2.903e-03  7.640e+01  
 GE2    -8.400524e+03  1.579148e-02   2.431e-03  7.124e+01  
 GE3    -8.400542e+03  -1.860944e-02  2.256e-03  7.123e+01  
 GE4    -8.400555e+03  -1.307079e-02  4.750e-04  7.112e+01  
 GE5    -8.400556e+03  -4.343658e-04  2.354e-04  7.089e+01  
 GE6    -8.400556e+03  -1.359420e-04  9.966e-05  7.119e+01  
 GE7    -8.400556e+03  -2.058215e-05  5.682e-05  7.153e+01  
 GE8    -8.400556e+03  -1.020545e-05  1.522e-05  7.138e+01  
 GE9    -8.400556e+03  -6.529336e-07  5.579e-06  7.130e+01  
 GE10   -8.400556e+03  -6.806025e-08  1.778e-06  7.075e+01  
 GE11   -8.400556e+03  -8.321724e-09  1.180e-06  7.094e+01  
 GE12   -8.400556e+03  -1.856147e-09  5.484e-07  7.137e+01  
 ><><><><><><><><><><><><><><><><><><><><><><
 TOTAL-STRESS (KBAR):
 ><><><><><><><><><><><><><><><><><><><><><><
 -4.255e+01     -2.163e+01     4.862e+01      
 -2.163e+01     1.414e+01      6.909e+01      
 4.862e+01      6.909e+01      -6.271e+01     
 TOTAL-PRESSURE: -3.037e+01 KBAR
 ------------------------------------------------------------------------------------------------
 Energy              Potential           Kinetic             Temperature         Pressure (KBAR)     
 -3.087e+02          -3.087e+02          5.382e-02           1.799e+02           -2.811e+01          
 ------------------------------------------------------------------------------------------------
 -------------------------------------------
 STEP OF MOLECULAR DYNAMICS : 7
 -------------------------------------------
 DONE(6.354e+03  SEC) : INIT SCF
 ITER   ETOT(eV)       EDIFF(eV)      DRHO       TIME(s)    
 GE1    -8.400558e+03  0.000000e+00   3.063e-03  7.623e+01  
 GE2    -8.400549e+03  8.850857e-03   2.146e-03  7.082e+01  
 GE3    -8.400562e+03  -1.265523e-02  2.024e-03  7.140e+01  
 GE4    -8.400573e+03  -1.102853e-02  4.926e-04  7.130e+01  
 GE5    -8.400573e+03  -5.565696e-04  2.586e-04  7.134e+01  
 GE6    -8.400574e+03  -1.811367e-04  9.764e-05  7.096e+01  
 GE7    -8.400574e+03  -2.005428e-05  5.259e-05  7.070e+01  
 GE8    -8.400574e+03  -8.986065e-06  1.377e-05  7.098e+01  
 GE9    -8.400574e+03  -5.434936e-07  5.574e-06  7.135e+01  
 GE10   -8.400574e+03  -6.518632e-08  1.996e-06  7.130e+01  
 GE11   -8.400574e+03  -1.275018e-08  1.317e-06  7.129e+01  
 GE12   -8.400574e+03  -3.376640e-09  4.489e-07  7.078e+01  
 ><><><><><><><><><><><><><><><><><><><><><><
 TOTAL-STRESS (KBAR):
 ><><><><><><><><><><><><><><><><><><><><><><
 -4.232e+01     -2.120e+01     4.894e+01      
 -2.120e+01     1.452e+01      6.928e+01      
 4.894e+01      6.928e+01      -6.310e+01     
 TOTAL-PRESSURE: -3.030e+01 KBAR
 ------------------------------------------------------------------------------------------------
 Energy              Potential           Kinetic             Temperature         Pressure (KBAR)     
 -3.086e+02          -3.087e+02          6.699e-02           2.239e+02           -2.748e+01          
 ------------------------------------------------------------------------------------------------
 -------------------------------------------
 STEP OF MOLECULAR DYNAMICS : 8
 -------------------------------------------
 DONE(7.291e+03  SEC) : INIT SCF
 ITER   ETOT(eV)       EDIFF(eV)      DRHO       TIME(s)    
 GE1    -8.400617e+03  0.000000e+00   3.547e-03  7.647e+01  
 GE2    -8.400614e+03  3.009026e-03   2.118e-03  7.133e+01  
 GE3    -8.400622e+03  -7.639860e-03  1.956e-03  7.083e+01  
 GE4    -8.400633e+03  -1.114692e-02  5.664e-04  7.084e+01  
 GE5    -8.400634e+03  -8.326298e-04  2.907e-04  7.162e+01  
 GE6    -8.400634e+03  -2.446052e-04  1.159e-04  7.142e+01  
 GE7    -8.400634e+03  -3.063547e-05  4.455e-05  7.143e+01  
 GE8    -8.400634e+03  -7.030880e-06  1.792e-05  7.121e+01  
 GE9    -8.400634e+03  -9.340176e-07  5.325e-06  7.081e+01  
 GE10   -8.400634e+03  -6.171687e-08  1.791e-06  7.122e+01  
 GE11   -8.400634e+03  -7.805096e-09  1.059e-06  7.125e+01  
 GE12   -8.400634e+03  -1.311677e-09  5.430e-07  7.125e+01  
 ><><><><><><><><><><><><><><><><><><><><><><
 TOTAL-STRESS (KBAR):
 ><><><><><><><><><><><><><><><><><><><><><><
 -4.266e+01     -2.058e+01     4.874e+01      
 -2.058e+01     1.409e+01      6.981e+01      
 4.874e+01      6.981e+01      -6.301e+01     
 TOTAL-PRESSURE: -3.053e+01 KBAR
 ------------------------------------------------------------------------------------------------
 Energy              Potential           Kinetic             Temperature         Pressure (KBAR)     
 -3.086e+02          -3.087e+02          8.106e-02           2.709e+02           -2.712e+01          
 ------------------------------------------------------------------------------------------------
 -------------------------------------------
 STEP OF MOLECULAR DYNAMICS : 9
 -------------------------------------------
 DONE(8.229e+03  SEC) : INIT SCF
 ITER   ETOT(eV)       EDIFF(eV)      DRHO       TIME(s)    
 GE1    -8.400666e+03  0.000000e+00   3.825e-03  7.615e+01  
 GE2    -8.400648e+03  1.811593e-02   2.938e-03  7.136e+01  
 GE3    -8.400672e+03  -2.348407e-02  2.660e-03  7.144e+01  
 GE4    -8.400692e+03  -2.035485e-02  6.548e-04  7.128e+01  
 GE5    -8.400693e+03  -1.015068e-03  3.182e-04  7.091e+01  
 GE6    -8.400693e+03  -2.438443e-04  1.354e-04  7.088e+01  
 GE7    -8.400693e+03  -4.106265e-05  7.863e-05  7.130e+01  
 GE8    -8.400693e+03  -1.951761e-05  1.906e-05  7.138e+01  
 GE9    -8.400693e+03  -8.898722e-07  6.740e-06  7.138e+01  
 GE10   -8.400693e+03  -9.606796e-08  2.102e-06  7.106e+01  
 GE11   -8.400693e+03  -1.028305e-08  1.345e-06  7.080e+01  
 GE12   -8.400693e+03  -5.800458e-10  7.362e-07  7.118e+01  
 ><><><><><><><><><><><><><><><><><><><><><><
 TOTAL-STRESS (KBAR):
 ><><><><><><><><><><><><><><><><><><><><><><
 -4.263e+01     -2.015e+01     4.884e+01      
 -2.015e+01     1.404e+01      6.982e+01      
 4.884e+01      6.982e+01      -6.313e+01     
 TOTAL-PRESSURE: -3.057e+01 KBAR
 ------------------------------------------------------------------------------------------------
 Energy              Potential           Kinetic             Temperature         Pressure (KBAR)     
 -3.086e+02          -3.087e+02          7.684e-02           2.568e+02           -2.734e+01          
 ------------------------------------------------------------------------------------------------
 -------------------------------------------
 STEP OF MOLECULAR DYNAMICS : 10
 -------------------------------------------
 DONE(9.167e+03  SEC) : INIT SCF
 ITER   ETOT(eV)       EDIFF(eV)      DRHO       TIME(s)    
 GE1    -8.400719e+03  0.000000e+00   3.599e-03  7.610e+01  
 GE2    -8.400711e+03  7.414553e-03   2.201e-03  7.061e+01  
 GE3    -8.400723e+03  -1.215880e-02  2.104e-03  7.070e+01  
 GE4    -8.400736e+03  -1.270165e-02  4.963e-04  7.123e+01  
 GE5    -8.400737e+03  -6.267201e-04  3.097e-04  7.110e+01  
 GE6    -8.400737e+03  -2.734361e-04  1.190e-04  7.097e+01  
 GE7    -8.400737e+03  -2.816882e-05  5.687e-05  7.069e+01  
 GE8    -8.400737e+03  -1.104658e-05  1.675e-05  7.050e+01  
 GE9    -8.400737e+03  -8.186766e-07  5.392e-06  7.110e+01  
 GE10   -8.400737e+03  -6.045624e-08  2.026e-06  7.102e+01  
 GE11   -8.400737e+03  -1.062799e-08  1.191e-06  7.114e+01  
 GE12   -8.400737e+03  -2.358853e-09  5.071e-07  7.083e+01  
 ><><><><><><><><><><><><><><><><><><><><><><
 TOTAL-STRESS (KBAR):
 ><><><><><><><><><><><><><><><><><><><><><><
 -4.289e+01     -1.915e+01     5.018e+01      
 -1.915e+01     1.438e+01      6.925e+01      
 5.018e+01      6.925e+01      -6.352e+01     
 TOTAL-PRESSURE: -3.068e+01 KBAR
 ------------------------------------------------------------------------------------------------
 Energy              Potential           Kinetic             Temperature         Pressure (KBAR)     
 -3.086e+02          -3.087e+02          8.614e-02           2.878e+02           -2.706e+01          
 ------------------------------------------------------------------------------------------------

  |CLASS_NAME---------|NAME---------------|TIME(Sec)-----|CALLS----|AVG------|PER%-------
                       total               10100          27        3.7e+02   1e+02     %
   Driver              driver_line         10100          1         1e+04     1e+02     %
   PW_Basis            setup_struc_factor  0.92065        11        0.084     0.0091    %
   ORB_control         read_orb_first      0.14975        1         0.15      0.0015    %
   LCAO_Orbitals       Read_Orbitals       0.14975        1         0.15      0.0015    %
   ORB_control         set_orb_tables      6.6337         1         6.6       0.066     %
   ORB_gen_tables      gen_tables          6.6337         1         6.6       0.066     %
   ORB_table_phi       init_Table          5.1793         1         5.2       0.051     %
   ORB_table_phi       cal_ST_Phi12_R      5.1348         558       0.0092    0.051     %
   ORB_table_beta      init_Table_Beta     1.1958         1         1.2       0.012     %
   ORB_table_beta      VNL_PhiBeta_R       1.1875         168       0.0071    0.012     %
   ppcell_vl           init_vloc           0.23798        1         0.24      0.0024    %
   Run_MD              md_line             10093          1         1e+04     1e+02     %
   Langevin            setup               1364.4         1         1.4e+03   14        %
   MD_func             force_virial        10093          11        9.2e+02   1e+02     %
   ESolver_KS_LCAO     Run                 9250           11        8.4e+02   92        %
   ESolver_KS_LCAO     beforescf           21.629         11        2         0.21      %
   ESolver_KS_LCAO     beforesolver        7.3575         11        0.67      0.073     %
   ESolver_KS_LCAO     set_matrix_grid     4.3989         11        0.4       0.044     %
   Grid_Technique      init                1.9478         11        0.18      0.019     %
   Grid_BigCell        grid_expansion_index0.59269        22        0.027     0.0059    %
   Record_adj          for_2d              2.1117         11        0.19      0.021     %
   Grid_Driver         Find_atom           16.536         621504    2.7e-05   0.16      %
   Charge              atomic_rho          12.674         21        0.6       0.13      %
   PW_Basis            recip2real          1.6483         765       0.0022    0.016     %
   PW_Basis            gathers_scatterp    0.72779        765       0.00095   0.0072    %
   Potential           init_pot            0.6661         11        0.061     0.0066    %
   Potential           update_from_charge  7.9395         140       0.057     0.079     %
   Potential           cal_v_eff           7.897          140       0.056     0.078     %
   H_Hartree_pw        v_hartree           0.80247        140       0.0057    0.0079    %
   PW_Basis            real2recip          2.4029         1164      0.0021    0.024     %
   PW_Basis            gatherp_scatters    1.0217         1164      0.00088   0.01      %
   PotXC               cal_v_eff           7.0331         140       0.05      0.07      %
   XC_Functional       v_xc                6.9965         140       0.05      0.069     %
   HSolverLCAO         solve               9215.4         129       71        91        %
   HamiltLCAO          updateHk            3386           4644      0.73      34        %
   OperatorLCAO        init                2747.1         9288      0.3       27        %
   Veff                contributeHk        2745           4644      0.59      27        %
   Gint_interface      cal_gint            4200.1         269       16        42        %
   Gint_interface      cal_gint_vlocal     2004.2         129       16        20        %
   Gint_k              folding_vl_k        740.81         4644      0.16      7.3       %
   Gint_k              Distri              486.26         4644      0.1       4.8       %
   Overlap             contributeHR        4.1778         11        0.38      0.041     %
   LCAO_gen_fixedH     calculate_S_no      4.1777         11        0.38      0.041     %
   Ekin<LCAO>          contributeHR        4.2721         11        0.39      0.042     %
   Nonlocal<LCAO>      contributeHR        43.476         11        4         0.43      %
   LCAO_gen_fixedH     build_Nonlocal_mu_new140.3          22        6.4       1.4       %
   ORB_gen_tables      snap_psibeta_half   3.1115         1081569   2.9e-06   0.031     %
   OperatorLCAO        folding_fixed       586.92         4644      0.13      5.8       %
   LCAO_nnr            folding_fixedH      580.6          4644      0.13      5.7       %
   HSolverLCAO         hamiltSolvePsiK     1504.8         4644      0.32      15        %
   DiagoElpa           elpa_solve          1491.8         4644      0.32      15        %
   ElecStateLCAO       psiToRho            4324.6         129       34        43        %
   elecstate           cal_dm              110.34         140       0.79      1.1       %
   psiMulPsiMpi        pdgemm              106.46         5040      0.021     1.1       %
    Local_Orbital_wfc  wfc_2d_to_grid      22.209         4644      0.0048    0.22      %
   LCAO_Charge         cal_dk_k            2426           129       19        24        %
   Record_adj          for_grid            0.66483        129       0.0052    0.0066    %
   Gint_interface      cal_gint_rho        1781.8         129       14        18        %
   Charge              mix_rho             1.1111         118       0.0094    0.011     %
   Force_Stress_LCAO   getForceStress      842.51         11        77        8.3       %
   Forces              cal_force_loc       0.74733        11        0.068     0.0074    %
   Forces              cal_force_ew        0.73388        11        0.067     0.0073    %
   Forces              cal_force_scc       7.0317         11        0.64      0.07      %
   Stress_Func         stress_loc          5.9042         11        0.54      0.058     %
   Stress_Func         stress_ewa          0.35868        11        0.033     0.0036    %
   Stress_Func         stress_gga          0.32559        11        0.03      0.0032    %
   Force_LCAO_k        ftable_k            827.35         11        75        8.2       %
   Force_LCAO_k        allocate_k          124.84         11        11        1.2       %
   Force_LCAO_k        cal_foverlap_k      22.427         11        2         0.22      %
   Force_LCAO_k        cal_edm_2d          21.596         11        2         0.21      %
   Local_Orbital_Chargecal_dm_R            11.186         22        0.51      0.11      %
   Force_LCAO_k        cal_ftvnl_dphi_k    0.25175        11        0.023     0.0025    %
   Force_LCAO_k        cal_fvl_dphi_k      414.14         11        38        4.1       %
   Gint_interface      cal_gint_force      414.14         11        38        4.1       %
   Force_LCAO_k        cal_fvnl_dbeta_k_new254.3          11        23        2.5       %
 ----------------------------------------------------------------------------------------

 START  Time  : Fri Feb  3 16:52:52 2023
 FINISH Time  : Fri Feb  3 19:41:12 2023
 TOTAL  Time  : 1e+04
 SEE INFORMATION IN : OUT.ABACUS/
