WARNING: Total thread number on this node mismatches with hardware availability. This may cause poor performance.
Info: Local MPI proc number: 16,OpenMP thread number: 1,Total thread number: 16,Local thread limit: 32
                                                                                     
                              ABACUS v3.1                                            

               Atomic-orbital Based Ab-initio Computation at UStc                    

                     Website: http://abacus.ustc.edu.cn/                             
               Documentation: https://abacus.deepmodeling.com/                       
                  Repository: https://github.com/abacusmodeling/abacus-develop       
                              https://github.com/deepmodeling/abacus-develop         

 Fri Feb  3 16:52:55 2023
 MAKE THE DIR         : OUT.ABACUS/
 MAKE THE STRU DIR    : OUT.ABACUS/STRU/
 UNIFORM GRID DIM     : 108 * 108 * 108
 UNIFORM GRID DIM(BIG): 54 * 54 * 54
 DONE(0.105894   SEC) : SETUP UNITCELL
 DONE(0.121472   SEC) : INIT K-POINTS
 ---------------------------------------------------------
 Molecular Dynamics simulations
 ---------------------------------------------------------
 ENSEMBLE                 : Langevin
 Time interval(fs)        : 1
 ---------------------------------------------------------
 SPIN    KPOINTS         PROCESSORS  NBASE       
 1       36              16          1408        
 ---------------------------------------------------------
 Use Systematically Improvable Atomic bases
 ---------------------------------------------------------
 ELEMENT ORBITALS        NBASE       NATOM       XC          
 Si      3s3p2d-9au      22          32          
 C       3s3p2d-9au      22          32          
 ---------------------------------------------------------
 Initial plane wave basis and FFT box
 ---------------------------------------------------------
--------------------------------- INITVEL DONE ------------------------------------
 -------------------------------------------
 STEP OF MOLECULAR DYNAMICS : 0
 -------------------------------------------
 START CHARGE      : atomic
 DONE(9.54094    SEC) : INIT SCF
 ITER   ETOT(eV)       EDIFF(eV)      DRHO       TIME(s)    
 GE1    -8.337054e+03  0.000000e+00   2.708e-01  8.137e+01  
 GE2    -8.380420e+03  -4.336609e+01  1.600e-01  7.590e+01  
 GE3    -8.390440e+03  -1.001962e+01  4.010e-02  7.600e+01  
 GE4    -8.389694e+03  7.453608e-01   6.417e-02  7.580e+01  
 GE5    -8.402136e+03  -1.244158e+01  7.743e-03  7.589e+01  
 GE6    -8.402212e+03  -7.577006e-02  3.991e-03  7.581e+01  
 GE7    -8.402231e+03  -1.961329e-02  1.969e-03  7.586e+01  
 GE8    -8.402234e+03  -2.901095e-03  1.390e-03  7.598e+01  
 GE9    -8.402236e+03  -1.797441e-03  9.315e-04  7.602e+01  
 GE10   -8.402238e+03  -1.974332e-03  1.435e-04  7.580e+01  
 GE11   -8.402238e+03  -7.388828e-05  1.096e-04  7.577e+01  
 GE12   -8.402238e+03  -1.705482e-05  5.296e-05  7.594e+01  
 GE13   -8.402238e+03  -5.239534e-06  2.011e-05  7.592e+01  
 GE14   -8.402238e+03  -1.189925e-06  6.297e-06  7.602e+01  
 GE15   -8.402238e+03  -6.796745e-08  4.162e-06  7.582e+01  
 GE16   -8.402238e+03  -2.691877e-08  1.398e-06  7.585e+01  
 GE17   -8.402238e+03  -3.341064e-09  1.147e-06  7.580e+01  
 GE18   -8.402238e+03  -1.820570e-09  4.837e-07  7.581e+01  
 ><><><><><><><><><><><><><><><><><><><><><><
 TOTAL-STRESS (KBAR):
 ><><><><><><><><><><><><><><><><><><><><><><
 -2.390e+01     7.037e+01      2.047e+01      
 7.037e+01      -5.490e+01     7.268e+00      
 2.047e+01      7.268e+00      -5.719e+01     
 TOTAL-PRESSURE: -4.533e+01 KBAR
 ------------------------------------------------------------------------------------------------
 Energy              Potential           Kinetic             Temperature         Pressure (KBAR)     
 -3.088e+02          -3.088e+02          2.993e-03           1.000e+01           -4.520e+01          
 ------------------------------------------------------------------------------------------------
 -------------------------------------------
 STEP OF MOLECULAR DYNAMICS : 1
 -------------------------------------------
 DONE(1.463e+03  SEC) : INIT SCF
 ITER   ETOT(eV)       EDIFF(eV)      DRHO       TIME(s)    
 GE1    -8.402278e+03  0.000000e+00   4.330e-04  8.099e+01  
 GE2    -8.402278e+03  1.332650e-04   2.948e-04  7.575e+01  
 GE3    -8.402278e+03  -1.952000e-04  2.726e-04  7.568e+01  
 GE4    -8.402278e+03  -2.131836e-04  7.761e-05  7.584e+01  
 GE5    -8.402278e+03  -1.628339e-05  3.442e-05  7.588e+01  
 GE6    -8.402278e+03  -3.357820e-06  1.305e-05  7.576e+01  
 GE7    -8.402278e+03  -3.418264e-07  5.353e-06  7.566e+01  
 GE8    -8.402278e+03  -9.027987e-08  2.231e-06  7.577e+01  
 GE9    -8.402278e+03  -1.304871e-08  7.925e-07  7.581e+01  
 ><><><><><><><><><><><><><><><><><><><><><><
 TOTAL-STRESS (KBAR):
 ><><><><><><><><><><><><><><><><><><><><><><
 -2.416e+01     7.034e+01      2.045e+01      
 7.034e+01      -5.503e+01     7.091e+00      
 2.045e+01      7.091e+00      -5.736e+01     
 TOTAL-PRESSURE: -4.552e+01 KBAR
 ------------------------------------------------------------------------------------------------
 Energy              Potential           Kinetic             Temperature         Pressure (KBAR)     
 -3.088e+02          -3.088e+02          6.318e-03           2.111e+01           -4.525e+01          
 ------------------------------------------------------------------------------------------------
 -------------------------------------------
 STEP OF MOLECULAR DYNAMICS : 2
 -------------------------------------------
 DONE(2.231e+03  SEC) : INIT SCF
 ITER   ETOT(eV)       EDIFF(eV)      DRHO       TIME(s)    
 GE1    -8.402340e+03  0.000000e+00   1.517e-03  8.137e+01  
 GE2    -8.402339e+03  9.651852e-04   9.256e-04  7.608e+01  
 GE3    -8.402340e+03  -1.638681e-03  9.070e-04  7.597e+01  
 GE4    -8.402343e+03  -2.222534e-03  2.232e-04  7.608e+01  
 GE5    -8.402343e+03  -1.190154e-04  1.275e-04  7.615e+01  
 GE6    -8.402343e+03  -4.191571e-05  4.688e-05  7.624e+01  
 GE7    -8.402343e+03  -4.305960e-06  1.913e-05  7.612e+01  
 GE8    -8.402343e+03  -1.289465e-06  7.917e-06  7.612e+01  
 GE9    -8.402343e+03  -1.832233e-07  2.132e-06  7.606e+01  
 GE10   -8.402343e+03  -8.326364e-09  5.928e-07  7.636e+01  
 ><><><><><><><><><><><><><><><><><><><><><><
 TOTAL-STRESS (KBAR):
 ><><><><><><><><><><><><><><><><><><><><><><
 -2.464e+01     7.014e+01      2.035e+01      
 7.014e+01      -5.528e+01     6.758e+00      
 2.035e+01      6.758e+00      -5.762e+01     
 TOTAL-PRESSURE: -4.585e+01 KBAR
 ------------------------------------------------------------------------------------------------
 Energy              Potential           Kinetic             Temperature         Pressure (KBAR)     
 -3.088e+02          -3.088e+02          1.614e-02           5.394e+01           -4.517e+01          
 ------------------------------------------------------------------------------------------------
 -------------------------------------------
 STEP OF MOLECULAR DYNAMICS : 3
 -------------------------------------------
 DONE(3.078e+03  SEC) : INIT SCF
 ITER   ETOT(eV)       EDIFF(eV)      DRHO       TIME(s)    
 GE1    -8.402406e+03  0.000000e+00   1.946e-03  8.119e+01  
 GE2    -8.402406e+03  1.893078e-04   1.161e-03  7.596e+01  
 GE3    -8.402408e+03  -2.462709e-03  9.696e-04  7.605e+01  
 GE4    -8.402411e+03  -2.518004e-03  2.990e-04  7.603e+01  
 GE5    -8.402411e+03  -2.400635e-04  1.669e-04  7.614e+01  
 GE6    -8.402411e+03  -8.538348e-05  5.893e-05  7.605e+01  
 GE7    -8.402411e+03  -7.664270e-06  1.872e-05  7.595e+01  
 GE8    -8.402411e+03  -1.102334e-06  1.034e-05  7.594e+01  
 GE9    -8.402411e+03  -3.268009e-07  2.845e-06  7.607e+01  
 GE10   -8.402411e+03  -1.743695e-08  8.265e-07  7.602e+01  
 ><><><><><><><><><><><><><><><><><><><><><><
 TOTAL-STRESS (KBAR):
 ><><><><><><><><><><><><><><><><><><><><><><
 -2.506e+01     6.956e+01      2.012e+01      
 6.956e+01      -5.546e+01     7.007e+00      
 2.012e+01      7.007e+00      -5.788e+01     
 TOTAL-PRESSURE: -4.613e+01 KBAR
 ------------------------------------------------------------------------------------------------
 Energy              Potential           Kinetic             Temperature         Pressure (KBAR)     
 -3.088e+02          -3.088e+02          2.517e-02           8.411e+01           -4.509e+01          
 ------------------------------------------------------------------------------------------------
 -------------------------------------------
 STEP OF MOLECULAR DYNAMICS : 4
 -------------------------------------------
 DONE(3.925e+03  SEC) : INIT SCF
 ITER   ETOT(eV)       EDIFF(eV)      DRHO       TIME(s)    
 GE1    -8.402404e+03  0.000000e+00   2.116e-03  8.140e+01  
 GE2    -8.402401e+03  2.863613e-03   1.326e-03  7.643e+01  
 GE3    -8.402405e+03  -3.813321e-03  1.330e-03  7.624e+01  
 GE4    -8.402409e+03  -4.881051e-03  3.135e-04  7.611e+01  
 GE5    -8.402410e+03  -2.275081e-04  1.628e-04  7.631e+01  
 GE6    -8.402410e+03  -6.561388e-05  6.739e-05  7.615e+01  
 GE7    -8.402410e+03  -9.859227e-06  2.810e-05  7.625e+01  
 GE8    -8.402410e+03  -2.761513e-06  1.007e-05  7.620e+01  
 GE9    -8.402410e+03  -3.017274e-07  2.943e-06  7.623e+01  
 GE10   -8.402410e+03  -1.689557e-08  8.008e-07  7.632e+01  
 ><><><><><><><><><><><><><><><><><><><><><><
 TOTAL-STRESS (KBAR):
 ><><><><><><><><><><><><><><><><><><><><><><
 -2.531e+01     6.879e+01      1.959e+01      
 6.879e+01      -5.572e+01     7.076e+00      
 1.959e+01      7.076e+00      -5.794e+01     
 TOTAL-PRESSURE: -4.632e+01 KBAR
 ------------------------------------------------------------------------------------------------
 Energy              Potential           Kinetic             Temperature         Pressure (KBAR)     
 -3.087e+02          -3.088e+02          3.535e-02           1.181e+02           -4.485e+01          
 ------------------------------------------------------------------------------------------------
 -------------------------------------------
 STEP OF MOLECULAR DYNAMICS : 5
 -------------------------------------------
 DONE(4.773e+03  SEC) : INIT SCF
 ITER   ETOT(eV)       EDIFF(eV)      DRHO       TIME(s)    
 GE1    -8.402431e+03  0.000000e+00   2.412e-03  8.118e+01  
 GE2    -8.402430e+03  5.087696e-04   1.430e-03  7.600e+01  
 GE3    -8.402434e+03  -3.831186e-03  1.242e-03  7.628e+01  
 GE4    -8.402438e+03  -3.763297e-03  3.748e-04  7.612e+01  
 GE5    -8.402438e+03  -3.927816e-04  2.376e-04  7.603e+01  
 GE6    -8.402438e+03  -1.708184e-04  7.641e-05  7.613e+01  
 GE7    -8.402438e+03  -1.203578e-05  2.051e-05  7.617e+01  
 GE8    -8.402438e+03  -1.133493e-06  1.133e-05  7.625e+01  
 GE9    -8.402438e+03  -4.334999e-07  4.145e-06  7.627e+01  
 GE10   -8.402438e+03  -4.251194e-08  9.472e-07  7.617e+01  
 ><><><><><><><><><><><><><><><><><><><><><><
 TOTAL-STRESS (KBAR):
 ><><><><><><><><><><><><><><><><><><><><><><
 -2.560e+01     6.885e+01      1.955e+01      
 6.885e+01      -5.567e+01     6.448e+00      
 1.955e+01      6.448e+00      -5.819e+01     
 TOTAL-PRESSURE: -4.649e+01 KBAR
 ------------------------------------------------------------------------------------------------
 Energy              Potential           Kinetic             Temperature         Pressure (KBAR)     
 -3.087e+02          -3.088e+02          3.749e-02           1.253e+02           -4.493e+01          
 ------------------------------------------------------------------------------------------------
 -------------------------------------------
 STEP OF MOLECULAR DYNAMICS : 6
 -------------------------------------------
 DONE(5.621e+03  SEC) : INIT SCF
 ITER   ETOT(eV)       EDIFF(eV)      DRHO       TIME(s)    
 GE1    -8.402488e+03  0.000000e+00   2.824e-03  8.133e+01  
 GE2    -8.402477e+03  1.038829e-02   2.118e-03  7.618e+01  
 GE3    -8.402491e+03  -1.356913e-02  1.981e-03  7.624e+01  
 GE4    -8.402501e+03  -9.978198e-03  4.307e-04  7.596e+01  
 GE5    -8.402501e+03  -3.849873e-04  2.205e-04  7.597e+01  
 GE6    -8.402502e+03  -1.267520e-04  8.623e-05  7.608e+01  
 GE7    -8.402502e+03  -1.428380e-05  4.321e-05  7.613e+01  
 GE8    -8.402502e+03  -5.920716e-06  1.451e-05  7.628e+01  
 GE9    -8.402502e+03  -6.031069e-07  4.249e-06  7.602e+01  
 GE10   -8.402502e+03  -3.736732e-08  1.261e-06  7.600e+01  
 GE11   -8.402502e+03  2.490330e-10   6.893e-07  7.604e+01  
 ><><><><><><><><><><><><><><><><><><><><><><
 TOTAL-STRESS (KBAR):
 ><><><><><><><><><><><><><><><><><><><><><><
 -2.587e+01     6.924e+01      1.913e+01      
 6.924e+01      -5.614e+01     6.467e+00      
 1.913e+01      6.467e+00      -5.840e+01     
 TOTAL-PRESSURE: -4.680e+01 KBAR
 ------------------------------------------------------------------------------------------------
 Energy              Potential           Kinetic             Temperature         Pressure (KBAR)     
 -3.087e+02          -3.088e+02          5.285e-02           1.766e+02           -4.460e+01          
 ------------------------------------------------------------------------------------------------
 -------------------------------------------
 STEP OF MOLECULAR DYNAMICS : 7
 -------------------------------------------
 DONE(6.545e+03  SEC) : INIT SCF
 ITER   ETOT(eV)       EDIFF(eV)      DRHO       TIME(s)    
 GE1    -8.402457e+03  0.000000e+00   3.035e-03  8.112e+01  
 GE2    -8.402452e+03  4.912245e-03   1.960e-03  7.578e+01  
 GE3    -8.402462e+03  -9.427736e-03  1.768e-03  7.575e+01  
 GE4    -8.402470e+03  -8.322447e-03  4.556e-04  7.583e+01  
 GE5    -8.402470e+03  -5.072147e-04  2.713e-04  7.593e+01  
 GE6    -8.402471e+03  -2.139597e-04  8.831e-05  7.585e+01  
 GE7    -8.402471e+03  -1.498348e-05  2.842e-05  7.588e+01  
 GE8    -8.402471e+03  -2.308251e-06  1.451e-05  7.578e+01  
 GE9    -8.402471e+03  -7.170325e-07  5.272e-06  7.570e+01  
 GE10   -8.402471e+03  -7.190866e-08  1.160e-06  7.579e+01  
 GE11   -8.402471e+03  -1.218870e-09  5.186e-07  7.583e+01  
 ><><><><><><><><><><><><><><><><><><><><><><
 TOTAL-STRESS (KBAR):
 ><><><><><><><><><><><><><><><><><><><><><><
 -2.551e+01     6.994e+01      1.947e+01      
 6.994e+01      -5.618e+01     6.525e+00      
 1.947e+01      6.525e+00      -5.839e+01     
 TOTAL-PRESSURE: -4.669e+01 KBAR
 ------------------------------------------------------------------------------------------------
 Energy              Potential           Kinetic             Temperature         Pressure (KBAR)     
 -3.087e+02          -3.088e+02          6.700e-02           2.239e+02           -4.390e+01          
 ------------------------------------------------------------------------------------------------
 -------------------------------------------
 STEP OF MOLECULAR DYNAMICS : 8
 -------------------------------------------
 DONE(7.465e+03  SEC) : INIT SCF
 ITER   ETOT(eV)       EDIFF(eV)      DRHO       TIME(s)    
 GE1    -8.402518e+03  0.000000e+00   3.543e-03  8.098e+01  
 GE2    -8.402514e+03  3.715669e-03   2.099e-03  7.584e+01  
 GE3    -8.402521e+03  -7.078353e-03  2.003e-03  7.581e+01  
 GE4    -8.402533e+03  -1.212077e-02  5.640e-04  7.596e+01  
 GE5    -8.402534e+03  -7.993472e-04  2.816e-04  7.590e+01  
 GE6    -8.402534e+03  -2.150151e-04  1.172e-04  7.583e+01  
 GE7    -8.402534e+03  -3.010174e-05  4.254e-05  7.578e+01  
 GE8    -8.402534e+03  -6.105655e-06  1.665e-05  7.594e+01  
 GE9    -8.402534e+03  -8.311917e-07  5.479e-06  7.594e+01  
 GE10   -8.402534e+03  -5.664959e-08  1.364e-06  7.591e+01  
 GE11   -8.402534e+03  -2.071150e-09  5.449e-07  7.578e+01  
 ><><><><><><><><><><><><><><><><><><><><><><
 TOTAL-STRESS (KBAR):
 ><><><><><><><><><><><><><><><><><><><><><><
 -2.606e+01     7.028e+01      1.892e+01      
 7.028e+01      -5.617e+01     6.549e+00      
 1.892e+01      6.549e+00      -5.859e+01     
 TOTAL-PRESSURE: -4.694e+01 KBAR
 ------------------------------------------------------------------------------------------------
 Energy              Potential           Kinetic             Temperature         Pressure (KBAR)     
 -3.087e+02          -3.088e+02          8.056e-02           2.692e+02           -4.359e+01          
 ------------------------------------------------------------------------------------------------
 -------------------------------------------
 STEP OF MOLECULAR DYNAMICS : 9
 -------------------------------------------
 DONE(8.386e+03  SEC) : INIT SCF
 ITER   ETOT(eV)       EDIFF(eV)      DRHO       TIME(s)    
 GE1    -8.402493e+03  0.000000e+00   3.790e-03  8.109e+01  
 GE2    -8.402479e+03  1.340585e-02   2.798e-03  7.601e+01  
 GE3    -8.402500e+03  -2.025874e-02  2.467e-03  7.610e+01  
 GE4    -8.402517e+03  -1.721920e-02  6.094e-04  7.578e+01  
 GE5    -8.402518e+03  -8.730296e-04  3.057e-04  7.574e+01  
 GE6    -8.402518e+03  -2.254028e-04  1.162e-04  7.581e+01  
 GE7    -8.402518e+03  -2.597129e-05  5.052e-05  7.594e+01  
 GE8    -8.402518e+03  -8.831547e-06  2.097e-05  7.593e+01  
 GE9    -8.402518e+03  -1.209094e-06  5.774e-06  7.589e+01  
 GE10   -8.402518e+03  -7.117394e-08  1.483e-06  7.582e+01  
 GE11   -8.402518e+03  -1.883989e-09  6.699e-07  7.576e+01  
 ><><><><><><><><><><><><><><><><><><><><><><
 TOTAL-STRESS (KBAR):
 ><><><><><><><><><><><><><><><><><><><><><><
 -2.614e+01     7.033e+01      1.863e+01      
 7.033e+01      -5.615e+01     6.740e+00      
 1.863e+01      6.740e+00      -5.856e+01     
 TOTAL-PRESSURE: -4.695e+01 KBAR
 ------------------------------------------------------------------------------------------------
 Energy              Potential           Kinetic             Temperature         Pressure (KBAR)     
 -3.087e+02          -3.088e+02          7.363e-02           2.460e+02           -4.388e+01          
 ------------------------------------------------------------------------------------------------
 -------------------------------------------
 STEP OF MOLECULAR DYNAMICS : 10
 -------------------------------------------
 DONE(9.307e+03  SEC) : INIT SCF
 ITER   ETOT(eV)       EDIFF(eV)      DRHO       TIME(s)    
 GE1    -8.402411e+03  0.000000e+00   3.495e-03  8.117e+01  
 GE2    -8.402407e+03  4.016702e-03   2.045e-03  7.592e+01  
 GE3    -8.402416e+03  -9.081472e-03  1.922e-03  7.570e+01  
 GE4    -8.402426e+03  -1.009315e-02  4.733e-04  7.576e+01  
 GE5    -8.402427e+03  -5.965822e-04  3.016e-04  7.582e+01  
 GE6    -8.402427e+03  -2.747048e-04  1.042e-04  7.599e+01  
 GE7    -8.402427e+03  -2.121886e-05  3.679e-05  7.599e+01  
 GE8    -8.402427e+03  -4.345525e-06  1.820e-05  7.608e+01  
 GE9    -8.402427e+03  -9.887352e-07  4.767e-06  7.578e+01  
 GE10   -8.402427e+03  -5.054287e-08  1.428e-06  7.587e+01  
 GE11   -8.402427e+03  -1.399844e-09  6.462e-07  7.597e+01  
 ><><><><><><><><><><><><><><><><><><><><><><
 TOTAL-STRESS (KBAR):
 ><><><><><><><><><><><><><><><><><><><><><><
 -2.574e+01     7.039e+01      1.925e+01      
 7.039e+01      -5.587e+01     6.611e+00      
 1.925e+01      6.611e+00      -5.831e+01     
 TOTAL-PRESSURE: -4.664e+01 KBAR
 ------------------------------------------------------------------------------------------------
 Energy              Potential           Kinetic             Temperature         Pressure (KBAR)     
 -3.087e+02          -3.088e+02          8.310e-02           2.777e+02           -4.318e+01          
 ------------------------------------------------------------------------------------------------

  |CLASS_NAME---------|NAME---------------|TIME(Sec)-----|CALLS----|AVG------|PER%-------
                       total               10227          27        3.8e+02   1e+02     %
   Driver              driver_line         10227          1         1e+04     1e+02     %
   PW_Basis            setup_struc_factor  0.93702        11        0.085     0.0092    %
   ORB_control         read_orb_first      0.15523        1         0.16      0.0015    %
   LCAO_Orbitals       Read_Orbitals       0.15523        1         0.16      0.0015    %
   ORB_control         set_orb_tables      6.8507         1         6.9       0.067     %
   ORB_gen_tables      gen_tables          6.8507         1         6.9       0.067     %
   ORB_table_phi       init_Table          5.3685         1         5.4       0.052     %
   ORB_table_phi       cal_ST_Phi12_R      5.325          558       0.0095    0.052     %
   ORB_table_beta      init_Table_Beta     1.2312         1         1.2       0.012     %
   ORB_table_beta      VNL_PhiBeta_R       1.2223         168       0.0073    0.012     %
   ppcell_vl           init_vloc           0.23831        1         0.24      0.0023    %
   Run_MD              md_line             10219          1         1e+04     1e+02     %
   Langevin            setup               1452.8         1         1.5e+03   14        %
   MD_func             force_virial        10219          11        9.3e+02   1e+02     %
   ESolver_KS_LCAO     Run                 9350.3         11        8.5e+02   91        %
   ESolver_KS_LCAO     beforescf           24.594         11        2.2       0.24      %
   ESolver_KS_LCAO     beforesolver        7.4173         11        0.67      0.073     %
   ESolver_KS_LCAO     set_matrix_grid     4.357          11        0.4       0.043     %
   Grid_Technique      init                2.1394         11        0.19      0.021     %
   Grid_BigCell        grid_expansion_index0.57118        22        0.026     0.0056    %
   Record_adj          for_2d              1.8938         11        0.17      0.019     %
   Grid_Driver         Find_atom           16.044         588352    2.7e-05   0.16      %
   Charge              atomic_rho          15.378         21        0.73      0.15      %
   PW_Basis            recip2real          4.7102         730       0.0065    0.046     %
   PW_Basis            gathers_scatterp    3.4775         730       0.0048    0.034     %
   Potential           init_pot            0.76975        11        0.07      0.0075    %
   Potential           update_from_charge  8.5678         133       0.064     0.084     %
   Potential           cal_v_eff           8.521          133       0.064     0.083     %
   H_Hartree_pw        v_hartree           0.89821        133       0.0068    0.0088    %
   PW_Basis            real2recip          2.666          1108      0.0024    0.026     %
   PW_Basis            gatherp_scatters    1.0935         1108      0.00099   0.011     %
   PotXC               cal_v_eff           7.5576         133       0.057     0.074     %
   XC_Functional       v_xc                7.5159         133       0.057     0.073     %
   HSolverLCAO         solve               9310.1         122       76        91        %
   HamiltLCAO          updateHk            3416.3         4392      0.78      33        %
   OperatorLCAO        init                2850           8784      0.32      28        %
   Veff                contributeHk        2847.9         4392      0.65      28        %
   Gint_interface      cal_gint            4498.4         255       18        44        %
   Gint_interface      cal_gint_vlocal     2167.8         122       18        21        %
   Gint_k              folding_vl_k        680.1          4392      0.15      6.7       %
   Gint_k              Distri              416.94         4392      0.095     4.1       %
   Overlap             contributeHR        3.9494         11        0.36      0.039     %
   LCAO_gen_fixedH     calculate_S_no      3.9494         11        0.36      0.039     %
   Ekin<LCAO>          contributeHR        4.0348         11        0.37      0.039     %
   Nonlocal<LCAO>      contributeHR        45.298         11        4.1       0.44      %
   LCAO_gen_fixedH     build_Nonlocal_mu_new143.78         22        6.5       1.4       %
   ORB_gen_tables      snap_psibeta_half   3.0904         1095459   2.8e-06   0.03      %
   OperatorLCAO        folding_fixed       513.04         4392      0.12      5         %
   LCAO_nnr            folding_fixedH      506.84         4392      0.12      5         %
   HSolverLCAO         hamiltSolvePsiK     1405.8         4392      0.32      14        %
   DiagoElpa           elpa_solve          1391.5         4392      0.32      14        %
   ElecStateLCAO       psiToRho            4487.9         122       37        44        %
   elecstate           cal_dm              130.07         133       0.98      1.3       %
   psiMulPsiMpi        pdgemm              125.34         4788      0.026     1.2       %
    Local_Orbital_wfc  wfc_2d_to_grid      24.891         4392      0.0057    0.24      %
   LCAO_Charge         cal_dk_k            2449.1         122       20        24        %
   Record_adj          for_grid            0.62147        122       0.0051    0.0061    %
   Gint_interface      cal_gint_rho        1901.3         122       16        19        %
   Charge              mix_rho             1.1843         111       0.011     0.012     %
   Force_Stress_LCAO   getForceStress      868.64         11        79        8.5       %
   Forces              cal_force_loc       0.76937        11        0.07      0.0075    %
   Forces              cal_force_ew        0.73879        11        0.067     0.0072    %
   Forces              cal_force_scc       7.1702         11        0.65      0.07      %
   Stress_Func         stress_loc          6.3348         11        0.58      0.062     %
   Stress_Func         stress_ewa          0.37406        11        0.034     0.0037    %
   Stress_Func         stress_gga          0.37652        11        0.034     0.0037    %
   Force_LCAO_k        ftable_k            852.82         11        78        8.3       %
   Force_LCAO_k        allocate_k          125.49         11        11        1.2       %
   Force_LCAO_k        cal_foverlap_k      24.123         11        2.2       0.24      %
   Force_LCAO_k        cal_edm_2d          23.277         11        2.1       0.23      %
   Local_Orbital_Chargecal_dm_R            11.136         22        0.51      0.11      %
   Force_LCAO_k        cal_ftvnl_dphi_k    0.24935        11        0.023     0.0024    %
   Force_LCAO_k        cal_fvl_dphi_k      429.26         11        39        4.2       %
   Gint_interface      cal_gint_force      429.26         11        39        4.2       %
   Force_LCAO_k        cal_fvnl_dbeta_k_new257.72         11        23        2.5       %
 ----------------------------------------------------------------------------------------

 START  Time  : Fri Feb  3 16:52:55 2023
 FINISH Time  : Fri Feb  3 19:43:22 2023
 TOTAL  Time  : 1e+04
 SEE INFORMATION IN : OUT.ABACUS/
