 Input  warning : gamma_only_local algorithm is not used.
 In SCAN_BEGIN, can't find: LATTICE_PARAMETERS block.
 AUTO_SET NBANDS to 0
 AUTO_SET NBANDS to 173
 cpu 2D distribution : 4*4
 but, the number of bands-row-block is 3
      Processor           Atom
              1             58
              2             59
              3             56
              4             53
              5             58
              6             60
              7             57
              8             53
              9             59
             10             60
             11             57
             12             53
             13             57
             14             60
             15             56
             16             53
                            startmag_type = 2
                       charge from rho_at = 3.95377
                         charge should be = 4
                       charge from rho_at = 3.99303
                         charge should be = 4

 SETUP ATOMIC RHO FOR SPIN 1
                 Electron number from rho = 288
           total electron number from rho = 288
                                should be = 288
                 charge before normalized = 288
                  charge after normalized = 288
                 charge before normalized = 288.000113398148
                  charge after normalized = 288
                 charge before normalized = 288.000161353983
                  charge after normalized = 288
                 charge before normalized = 288.000134041306
                  charge after normalized = 288
                 charge before normalized = 288.000135609646
                  charge after normalized = 288
                 charge before normalized = 288.000134190557
                  charge after normalized = 288
                 charge before normalized = 288.000134224828
                  charge after normalized = 288
                 charge before normalized = 288.000134313611
                  charge after normalized = 288
                 charge before normalized = 288.000134339119
                  charge after normalized = 288
                 charge before normalized = 288.000134342291
                  charge after normalized = 288
                 charge before normalized = 288.000134346486
                  charge after normalized = 288
                 charge before normalized = 288.000134346419
                  charge after normalized = 288
                 charge before normalized = 288.000134348467
                  charge after normalized = 288
                 charge before normalized = 288.000134348626
                  charge after normalized = 288
                 charge before normalized = 288.000134348697
                  charge after normalized = 288
                 charge before normalized = 288.000134348578
                  charge after normalized = 288
                 charge before normalized = 288.000134348575
                  charge after normalized = 288
                            startmag_type = 2
                       charge from rho_at = 3.95377434289291
                         charge should be = 4
                       charge from rho_at = 3.99303358802097
                         charge should be = 4

 SETUP ATOMIC RHO FOR SPIN 1
                 Electron number from rho = 288
           total electron number from rho = 288
                                should be = 288
                            startmag_type = 2
                       charge from rho_at = 3.95377434289291
                         charge should be = 4
                       charge from rho_at = 3.99303358802097
                         charge should be = 4

 SETUP ATOMIC RHO FOR SPIN 1
                 Electron number from rho = 288
           total electron number from rho = 288
                                should be = 288
      Processor           Atom
              1             58
              2             59
              3             57
              4             53
              5             58
              6             60
              7             56
              8             53
              9             59
             10             60
             11             57
             12             53
             13             57
             14             59
             15             56
             16             53
                 charge before normalized = 288
                  charge after normalized = 288
                 charge before normalized = 288.000134358055
                  charge after normalized = 288
                 charge before normalized = 288.000134360043
                  charge after normalized = 288
                 charge before normalized = 288.000134357841
                  charge after normalized = 288
                 charge before normalized = 288.000134359702
                  charge after normalized = 288
                 charge before normalized = 288.000134359399
                  charge after normalized = 288
                 charge before normalized = 288.000134359324
                  charge after normalized = 288
                 charge before normalized = 288.00013435949
                  charge after normalized = 288
                 charge before normalized = 288.00013435944
                  charge after normalized = 288
                 charge before normalized = 288.000134359447
                  charge after normalized = 288
                            startmag_type = 2
                       charge from rho_at = 3.95377434289291
                         charge should be = 4
                       charge from rho_at = 3.99303358802097
                         charge should be = 4

 SETUP ATOMIC RHO FOR SPIN 1
                 Electron number from rho = 288
           total electron number from rho = 288
                                should be = 288
                            startmag_type = 2
                       charge from rho_at = 3.95377434289291
                         charge should be = 4
                       charge from rho_at = 3.99303358802097
                         charge should be = 4

 SETUP ATOMIC RHO FOR SPIN 1
                 Electron number from rho = 288
           total electron number from rho = 288
                                should be = 288
      Processor           Atom
              1             58
              2             59
              3             57
              4             53
              5             58
              6             61
              7             56
              8             53
              9             59
             10             60
             11             57
             12             53
             13             57
             14             59
             15             56
             16             53
                 charge before normalized = 288.000000000001
                  charge after normalized = 288
                 charge before normalized = 288.00013437206
                  charge after normalized = 288
                 charge before normalized = 288.000134371624
                  charge after normalized = 288
                 charge before normalized = 288.000134371263
                  charge after normalized = 288
                 charge before normalized = 288.000134371211
                  charge after normalized = 288
                 charge before normalized = 288.000134370827
                  charge after normalized = 288
                 charge before normalized = 288.000134371015
                  charge after normalized = 288
                 charge before normalized = 288.000134371156
                  charge after normalized = 288
                 charge before normalized = 288.000134371084
                  charge after normalized = 288
                 charge before normalized = 288.00013437106
                  charge after normalized = 288
                 charge before normalized = 288.000134371074
                  charge after normalized = 288
                            startmag_type = 2
                       charge from rho_at = 3.95377434289291
                         charge should be = 4
                       charge from rho_at = 3.99303358802097
                         charge should be = 4

 SETUP ATOMIC RHO FOR SPIN 1
                 Electron number from rho = 288
           total electron number from rho = 288
                                should be = 288
                            startmag_type = 2
                       charge from rho_at = 3.95377434289291
                         charge should be = 4
                       charge from rho_at = 3.99303358802097
                         charge should be = 4

 SETUP ATOMIC RHO FOR SPIN 1
                 Electron number from rho = 288
           total electron number from rho = 288
                                should be = 288
      Processor           Atom
              1             57
              2             60
              3             57
              4             54
              5             58
              6             61
              7             56
              8             53
              9             58
             10             59
             11             56
             12             53
             13             57
             14             59
             15             57
             16             53
                 charge before normalized = 288
                  charge after normalized = 288
                 charge before normalized = 288.000134195778
                  charge after normalized = 288
                 charge before normalized = 288.000134199179
                  charge after normalized = 288
                 charge before normalized = 288.000134194213
                  charge after normalized = 288
                 charge before normalized = 288.00013419377
                  charge after normalized = 288
                 charge before normalized = 288.00013419493
                  charge after normalized = 288
                 charge before normalized = 288.000134194949
                  charge after normalized = 288
                 charge before normalized = 288.000134194602
                  charge after normalized = 288
                 charge before normalized = 288.000134194666
                  charge after normalized = 288
                 charge before normalized = 288.000134194679
                  charge after normalized = 288
                 charge before normalized = 288.000134194683
                  charge after normalized = 288
                            startmag_type = 2
                       charge from rho_at = 3.95377434289291
                         charge should be = 4
                       charge from rho_at = 3.99303358802097
                         charge should be = 4

 SETUP ATOMIC RHO FOR SPIN 1
                 Electron number from rho = 288
           total electron number from rho = 288
                                should be = 288
                            startmag_type = 2
                       charge from rho_at = 3.95377434289291
                         charge should be = 4
                       charge from rho_at = 3.99303358802097
                         charge should be = 4

 SETUP ATOMIC RHO FOR SPIN 1
                 Electron number from rho = 288
           total electron number from rho = 288
                                should be = 288
      Processor           Atom
              1             58
              2             60
              3             56
              4             53
              5             58
              6             61
              7             57
              8             53
              9             59
             10             59
             11             56
             12             53
             13             57
             14             60
             15             56
             16             53
                 charge before normalized = 288
                  charge after normalized = 288
                 charge before normalized = 288.000134172796
                  charge after normalized = 288
                 charge before normalized = 288.000134180266
                  charge after normalized = 288
                 charge before normalized = 288.000134170418
                  charge after normalized = 288
                 charge before normalized = 288.000134175076
                  charge after normalized = 288
                 charge before normalized = 288.000134173431
                  charge after normalized = 288
                 charge before normalized = 288.000134174236
                  charge after normalized = 288
                 charge before normalized = 288.000134174428
                  charge after normalized = 288
                 charge before normalized = 288.000134174146
                  charge after normalized = 288
                 charge before normalized = 288.000134174139
                  charge after normalized = 288
                 charge before normalized = 288.000134174165
                  charge after normalized = 288
                 charge before normalized = 288.000134174167
                  charge after normalized = 288
                            startmag_type = 2
                       charge from rho_at = 3.95377434289291
                         charge should be = 4
                       charge from rho_at = 3.99303358802097
                         charge should be = 4

 SETUP ATOMIC RHO FOR SPIN 1
                 Electron number from rho = 288
           total electron number from rho = 288
                                should be = 288
                            startmag_type = 2
                       charge from rho_at = 3.95377434289291
                         charge should be = 4
                       charge from rho_at = 3.99303358802097
                         charge should be = 4

 SETUP ATOMIC RHO FOR SPIN 1
                 Electron number from rho = 288
           total electron number from rho = 288
                                should be = 288
      Processor           Atom
              1             59
              2             59
              3             57
              4             53
              5             58
              6             61
              7             58
              8             53
              9             58
             10             58
             11             56
             12             54
             13             56
             14             59
             15             56
             16             53
                 charge before normalized = 288
                  charge after normalized = 288
                 charge before normalized = 288.000134234816
                  charge after normalized = 288
                 charge before normalized = 288.000134236943
                  charge after normalized = 288
                 charge before normalized = 288.000134225333
                  charge after normalized = 288
                 charge before normalized = 288.00013422935
                  charge after normalized = 288
                 charge before normalized = 288.000134229563
                  charge after normalized = 288
                 charge before normalized = 288.000134229493
                  charge after normalized = 288
                 charge before normalized = 288.00013422941
                  charge after normalized = 288
                 charge before normalized = 288.000134229394
                  charge after normalized = 288
                 charge before normalized = 288.000134229325
                  charge after normalized = 288
                 charge before normalized = 288.000134229368
                  charge after normalized = 288
                 charge before normalized = 288.000134229371
                  charge after normalized = 288
                            startmag_type = 2
                       charge from rho_at = 3.95377434289291
                         charge should be = 4
                       charge from rho_at = 3.99303358802097
                         charge should be = 4

 SETUP ATOMIC RHO FOR SPIN 1
                 Electron number from rho = 288
           total electron number from rho = 288
                                should be = 288
                            startmag_type = 2
                       charge from rho_at = 3.95377434289291
                         charge should be = 4
                       charge from rho_at = 3.99303358802097
                         charge should be = 4

 SETUP ATOMIC RHO FOR SPIN 1
                 Electron number from rho = 288
           total electron number from rho = 288
                                should be = 288
      Processor           Atom
              1             57
              2             59
              3             57
              4             53
              5             58
              6             60
              7             57
              8             53
              9             58
             10             59
             11             56
             12             54
             13             56
             14             59
             15             56
             16             53
                 charge before normalized = 288
                  charge after normalized = 288
                 charge before normalized = 288.00013423408
                  charge after normalized = 288
                 charge before normalized = 288.000134238515
                  charge after normalized = 288
                 charge before normalized = 288.00013422795
                  charge after normalized = 288
                 charge before normalized = 288.00013423491
                  charge after normalized = 288
                 charge before normalized = 288.000134233329
                  charge after normalized = 288
                 charge before normalized = 288.000134233784
                  charge after normalized = 288
                 charge before normalized = 288.000134233523
                  charge after normalized = 288
                 charge before normalized = 288.000134233543
                  charge after normalized = 288
                 charge before normalized = 288.000134233586
                  charge after normalized = 288
                 charge before normalized = 288.000134233576
                  charge after normalized = 288
                 charge before normalized = 288.000134233571
                  charge after normalized = 288
                            startmag_type = 2
                       charge from rho_at = 3.95377434289291
                         charge should be = 4
                       charge from rho_at = 3.99303358802097
                         charge should be = 4

 SETUP ATOMIC RHO FOR SPIN 1
                 Electron number from rho = 288
           total electron number from rho = 288
                                should be = 288
                            startmag_type = 2
                       charge from rho_at = 3.95377434289291
                         charge should be = 4
                       charge from rho_at = 3.99303358802097
                         charge should be = 4

 SETUP ATOMIC RHO FOR SPIN 1
                 Electron number from rho = 288
           total electron number from rho = 288
                                should be = 288
      Processor           Atom
              1             57
              2             59
              3             57
              4             53
              5             58
              6             60
              7             56
              8             53
              9             59
             10             60
             11             56
             12             54
             13             57
             14             59
             15             57
             16             53
                 charge before normalized = 288
                  charge after normalized = 288
                 charge before normalized = 288.000134063602
                  charge after normalized = 288
                 charge before normalized = 288.000134076317
                  charge after normalized = 288
                 charge before normalized = 288.000134055918
                  charge after normalized = 288
                 charge before normalized = 288.000134062168
                  charge after normalized = 288
                 charge before normalized = 288.000134063321
                  charge after normalized = 288
                 charge before normalized = 288.000134062798
                  charge after normalized = 288
                 charge before normalized = 288.000134063147
                  charge after normalized = 288
                 charge before normalized = 288.000134062647
                  charge after normalized = 288
                 charge before normalized = 288.000134062777
                  charge after normalized = 288
                 charge before normalized = 288.000134062762
                  charge after normalized = 288
                 charge before normalized = 288.000134062764
                  charge after normalized = 288
                 charge before normalized = 288.000134062769
                  charge after normalized = 288
                            startmag_type = 2
                       charge from rho_at = 3.95377434289291
                         charge should be = 4
                       charge from rho_at = 3.99303358802097
                         charge should be = 4

 SETUP ATOMIC RHO FOR SPIN 1
                 Electron number from rho = 288
           total electron number from rho = 288
                                should be = 288
                            startmag_type = 2
                       charge from rho_at = 3.95377434289291
                         charge should be = 4
                       charge from rho_at = 3.99303358802097
                         charge should be = 4

 SETUP ATOMIC RHO FOR SPIN 1
                 Electron number from rho = 288
           total electron number from rho = 288
                                should be = 288
      Processor           Atom
              1             58
              2             59
              3             56
              4             53
              5             58
              6             61
              7             57
              8             53
              9             59
             10             60
             11             56
             12             54
             13             57
             14             59
             15             56
             16             53
                 charge before normalized = 288
                  charge after normalized = 288
                 charge before normalized = 288.000134197982
                  charge after normalized = 288
                 charge before normalized = 288.000134183255
                  charge after normalized = 288
                 charge before normalized = 288.000134194132
                  charge after normalized = 288
                 charge before normalized = 288.000134184155
                  charge after normalized = 288
                 charge before normalized = 288.000134185109
                  charge after normalized = 288
                 charge before normalized = 288.00013418476
                  charge after normalized = 288
                 charge before normalized = 288.000134185241
                  charge after normalized = 288
                 charge before normalized = 288.000134185141
                  charge after normalized = 288
                 charge before normalized = 288.000134184984
                  charge after normalized = 288
                 charge before normalized = 288.00013418508
                  charge after normalized = 288
                 charge before normalized = 288.000134185064
                  charge after normalized = 288
                 charge before normalized = 288.000134185065
                  charge after normalized = 288
                            startmag_type = 2
                       charge from rho_at = 3.95377434289291
                         charge should be = 4
                       charge from rho_at = 3.99303358802097
                         charge should be = 4

 SETUP ATOMIC RHO FOR SPIN 1
                 Electron number from rho = 288
           total electron number from rho = 288
                                should be = 288
                            startmag_type = 2
                       charge from rho_at = 3.95377434289291
                         charge should be = 4
                       charge from rho_at = 3.99303358802097
                         charge should be = 4

 SETUP ATOMIC RHO FOR SPIN 1
                 Electron number from rho = 288
           total electron number from rho = 288
                                should be = 288
      Processor           Atom
              1             58
              2             59
              3             56
              4             54
              5             58
              6             61
              7             57
              8             53
              9             59
             10             59
             11             56
             12             53
             13             57
             14             59
             15             56
             16             53
                 charge before normalized = 288
                  charge after normalized = 288
                 charge before normalized = 288.00013420497
                  charge after normalized = 288
                 charge before normalized = 288.000134195688
                  charge after normalized = 288
                 charge before normalized = 288.000134201662
                  charge after normalized = 288
                 charge before normalized = 288.000134192314
                  charge after normalized = 288
                 charge before normalized = 288.000134196067
                  charge after normalized = 288
                 charge before normalized = 288.000134194551
                  charge after normalized = 288
                 charge before normalized = 288.000134194415
                  charge after normalized = 288
                 charge before normalized = 288.000134194611
                  charge after normalized = 288
                 charge before normalized = 288.000134194662
                  charge after normalized = 288
                 charge before normalized = 288.00013419465
                  charge after normalized = 288
                 charge before normalized = 288.00013419464
                  charge after normalized = 288
                            startmag_type = 2
                       charge from rho_at = 3.95377434289291
                         charge should be = 4
                       charge from rho_at = 3.99303358802097
                         charge should be = 4

 SETUP ATOMIC RHO FOR SPIN 1
                 Electron number from rho = 288
           total electron number from rho = 288
                                should be = 288
                            startmag_type = 2
                       charge from rho_at = 3.95377434289291
                         charge should be = 4
                       charge from rho_at = 3.99303358802097
                         charge should be = 4

 SETUP ATOMIC RHO FOR SPIN 1
                 Electron number from rho = 288
           total electron number from rho = 288
                                should be = 288
      Processor           Atom
              1             59
              2             59
              3             56
              4             54
              5             58
              6             61
              7             57
              8             53
              9             59
             10             59
             11             56
             12             53
             13             57
             14             59
             15             56
             16             53
                 charge before normalized = 288
                  charge after normalized = 288
                 charge before normalized = 288.000134372269
                  charge after normalized = 288
                 charge before normalized = 288.000134379172
                  charge after normalized = 288
                 charge before normalized = 288.00013436186
                  charge after normalized = 288
                 charge before normalized = 288.00013437238
                  charge after normalized = 288
                 charge before normalized = 288.000134368551
                  charge after normalized = 288
                 charge before normalized = 288.000134370465
                  charge after normalized = 288
                 charge before normalized = 288.00013437034
                  charge after normalized = 288
                 charge before normalized = 288.000134370069
                  charge after normalized = 288
                 charge before normalized = 288.000134370136
                  charge after normalized = 288
                 charge before normalized = 288.000134370135
                  charge after normalized = 288
                 charge before normalized = 288.00013437014
                  charge after normalized = 288
                 charge before normalized = 288.000134370141
                  charge after normalized = 288
