 In SCAN_BEGIN, can't find: LATTICE_PARAMETERS block.
 In SCAN_BEGIN, can't find: <PP_MESH block.
 In SCAN_BEGIN, can't find: <PP_MESH block.
 AUTO_SET NBANDS to 0
 AUTO_SET NBANDS to 154
 cpu 2D distribution : 4*4
 but, the number of bands-row-block is 3
      Processor           Atom
              1             55
              2             57
              3             54
              4             62
              5             56
              6             56
              7             56
              8             57
              9             54
             10             57
             11             54
             12             60
             13             54
             14             56
             15             55
             16             57
                            startmag_type = 2
                       charge from rho_at = 3.95377
                         charge should be = 4
                            startmag_type = 2
                       charge from rho_at = 3.99303
                         charge should be = 4

 SETUP ATOMIC RHO FOR SPIN 1
                 Electron number from rho = 256
           total electron number from rho = 256
                                should be = 256
                 charge before normalized = 256
                  charge after normalized = 256
                 charge before normalized = 256.000095134655
                  charge after normalized = 256
                 charge before normalized = 256.000142142663
                  charge after normalized = 256
                 charge before normalized = 256.000115123047
                  charge after normalized = 256
                 charge before normalized = 256.000118906114
                  charge after normalized = 256
                 charge before normalized = 256.000115137334
                  charge after normalized = 256
                 charge before normalized = 256.000115361098
                  charge after normalized = 256
                 charge before normalized = 256.000115409356
                  charge after normalized = 256
                 charge before normalized = 256.000115440145
                  charge after normalized = 256
                 charge before normalized = 256.00011544654
                  charge after normalized = 256
                 charge before normalized = 256.000115449001
                  charge after normalized = 256
                 charge before normalized = 256.000115447197
                  charge after normalized = 256
                 charge before normalized = 256.000115448316
                  charge after normalized = 256
                 charge before normalized = 256.000115448265
                  charge after normalized = 256
                 charge before normalized = 256.000115448238
                  charge after normalized = 256
                 charge before normalized = 256.000115448267
                  charge after normalized = 256
                            startmag_type = 2
                       charge from rho_at = 3.95377434289291
                         charge should be = 4
                            startmag_type = 2
                       charge from rho_at = 3.99303358802097
                         charge should be = 4

 SETUP ATOMIC RHO FOR SPIN 1
                 Electron number from rho = 256
           total electron number from rho = 256
                                should be = 256
                            startmag_type = 2
                       charge from rho_at = 3.95377434289291
                         charge should be = 4
                            startmag_type = 2
                       charge from rho_at = 3.99303358802097
                         charge should be = 4

 SETUP ATOMIC RHO FOR SPIN 1
                 Electron number from rho = 256
           total electron number from rho = 256
                                should be = 256
      Processor           Atom
              1             55
              2             57
              3             54
              4             62
              5             56
              6             56
              7             56
              8             57
              9             54
             10             57
             11             54
             12             60
             13             54
             14             56
             15             55
             16             57
                 charge before normalized = 256
                  charge after normalized = 256
                 charge before normalized = 256.000115423949
                  charge after normalized = 256
                 charge before normalized = 256.000115422226
                  charge after normalized = 256
                 charge before normalized = 256.000115426282
                  charge after normalized = 256
                 charge before normalized = 256.000115423084
                  charge after normalized = 256
                 charge before normalized = 256.00011542406
                  charge after normalized = 256
                 charge before normalized = 256.000115423679
                  charge after normalized = 256
                 charge before normalized = 256.000115423834
                  charge after normalized = 256
                 charge before normalized = 256.000115423795
                  charge after normalized = 256
                 charge before normalized = 256.000115423815
                  charge after normalized = 256
                            startmag_type = 2
                       charge from rho_at = 3.95377434289291
                         charge should be = 4
                            startmag_type = 2
                       charge from rho_at = 3.99303358802097
                         charge should be = 4

 SETUP ATOMIC RHO FOR SPIN 1
                 Electron number from rho = 256
           total electron number from rho = 256
                                should be = 256
                            startmag_type = 2
                       charge from rho_at = 3.95377434289291
                         charge should be = 4
                            startmag_type = 2
                       charge from rho_at = 3.99303358802097
                         charge should be = 4

 SETUP ATOMIC RHO FOR SPIN 1
                 Electron number from rho = 256
           total electron number from rho = 256
                                should be = 256
      Processor           Atom
              1             55
              2             57
              3             54
              4             62
              5             56
              6             56
              7             56
              8             57
              9             54
             10             57
             11             54
             12             60
             13             54
             14             56
             15             55
             16             57
                 charge before normalized = 256
                  charge after normalized = 256
                 charge before normalized = 256.000115451035
                  charge after normalized = 256
                 charge before normalized = 256.000115449957
                  charge after normalized = 256
                 charge before normalized = 256.000115452697
                  charge after normalized = 256
                 charge before normalized = 256.00011544857
                  charge after normalized = 256
                 charge before normalized = 256.000115450748
                  charge after normalized = 256
                 charge before normalized = 256.00011544981
                  charge after normalized = 256
                 charge before normalized = 256.000115449921
                  charge after normalized = 256
                 charge before normalized = 256.00011544994
                  charge after normalized = 256
                 charge before normalized = 256.00011544994
                  charge after normalized = 256
                 charge before normalized = 256.000115449943
                  charge after normalized = 256
                            startmag_type = 2
                       charge from rho_at = 3.95377434289291
                         charge should be = 4
                            startmag_type = 2
                       charge from rho_at = 3.99303358802097
                         charge should be = 4

 SETUP ATOMIC RHO FOR SPIN 1
                 Electron number from rho = 256
           total electron number from rho = 256
                                should be = 256
                            startmag_type = 2
                       charge from rho_at = 3.95377434289291
                         charge should be = 4
                            startmag_type = 2
                       charge from rho_at = 3.99303358802097
                         charge should be = 4

 SETUP ATOMIC RHO FOR SPIN 1
                 Electron number from rho = 256
           total electron number from rho = 256
                                should be = 256
      Processor           Atom
              1             56
              2             57
              3             54
              4             62
              5             56
              6             56
              7             56
              8             57
              9             54
             10             57
             11             53
             12             60
             13             53
             14             56
             15             55
             16             57
                 charge before normalized = 256
                  charge after normalized = 256
                 charge before normalized = 256.000115428667
                  charge after normalized = 256
                 charge before normalized = 256.000115429692
                  charge after normalized = 256
                 charge before normalized = 256.000115429147
                  charge after normalized = 256
                 charge before normalized = 256.000115426929
                  charge after normalized = 256
                 charge before normalized = 256.000115428979
                  charge after normalized = 256
                 charge before normalized = 256.000115428031
                  charge after normalized = 256
                 charge before normalized = 256.000115428162
                  charge after normalized = 256
                 charge before normalized = 256.000115428077
                  charge after normalized = 256
                 charge before normalized = 256.000115428161
                  charge after normalized = 256
                 charge before normalized = 256.00011542812
                  charge after normalized = 256
                 charge before normalized = 256.000115428128
                  charge after normalized = 256
                            startmag_type = 2
                       charge from rho_at = 3.95377434289291
                         charge should be = 4
                            startmag_type = 2
                       charge from rho_at = 3.99303358802097
                         charge should be = 4

 SETUP ATOMIC RHO FOR SPIN 1
                 Electron number from rho = 256
           total electron number from rho = 256
                                should be = 256
                            startmag_type = 2
                       charge from rho_at = 3.95377434289291
                         charge should be = 4
                            startmag_type = 2
                       charge from rho_at = 3.99303358802097
                         charge should be = 4

 SETUP ATOMIC RHO FOR SPIN 1
                 Electron number from rho = 256
           total electron number from rho = 256
                                should be = 256
      Processor           Atom
              1             56
              2             58
              3             54
              4             62
              5             56
              6             56
              7             56
              8             57
              9             54
             10             57
             11             53
             12             60
             13             53
             14             56
             15             55
             16             57
                 charge before normalized = 256
                  charge after normalized = 256
                 charge before normalized = 256.000115484366
                  charge after normalized = 256
                 charge before normalized = 256.000115492155
                  charge after normalized = 256
                 charge before normalized = 256.000115483976
                  charge after normalized = 256
                 charge before normalized = 256.000115483928
                  charge after normalized = 256
                 charge before normalized = 256.000115485978
                  charge after normalized = 256
                 charge before normalized = 256.000115485628
                  charge after normalized = 256
                 charge before normalized = 256.000115485333
                  charge after normalized = 256
                 charge before normalized = 256.000115485383
                  charge after normalized = 256
                 charge before normalized = 256.000115485398
                  charge after normalized = 256
                 charge before normalized = 256.000115485403
                  charge after normalized = 256
                            startmag_type = 2
                       charge from rho_at = 3.95377434289291
                         charge should be = 4
                            startmag_type = 2
                       charge from rho_at = 3.99303358802097
                         charge should be = 4

 SETUP ATOMIC RHO FOR SPIN 1
                 Electron number from rho = 256
           total electron number from rho = 256
                                should be = 256
                            startmag_type = 2
                       charge from rho_at = 3.95377434289291
                         charge should be = 4
                            startmag_type = 2
                       charge from rho_at = 3.99303358802097
                         charge should be = 4

 SETUP ATOMIC RHO FOR SPIN 1
                 Electron number from rho = 256
           total electron number from rho = 256
                                should be = 256
      Processor           Atom
              1             57
              2             58
              3             54
              4             62
              5             56
              6             56
              7             57
              8             56
              9             54
             10             57
             11             53
             12             58
             13             53
             14             56
             15             55
             16             57
                 charge before normalized = 256
                  charge after normalized = 256
                 charge before normalized = 256.000115545585
                  charge after normalized = 256
                 charge before normalized = 256.000115544675
                  charge after normalized = 256
                 charge before normalized = 256.000115547192
                  charge after normalized = 256
                 charge before normalized = 256.000115542869
                  charge after normalized = 256
                 charge before normalized = 256.000115544749
                  charge after normalized = 256
                 charge before normalized = 256.000115544048
                  charge after normalized = 256
                 charge before normalized = 256.000115544155
                  charge after normalized = 256
                 charge before normalized = 256.000115544112
                  charge after normalized = 256
                 charge before normalized = 256.000115544132
                  charge after normalized = 256
                 charge before normalized = 256.000115544133
                  charge after normalized = 256
                 charge before normalized = 256.000115544134
                  charge after normalized = 256
                            startmag_type = 2
                       charge from rho_at = 3.95377434289291
                         charge should be = 4
                            startmag_type = 2
                       charge from rho_at = 3.99303358802097
                         charge should be = 4

 SETUP ATOMIC RHO FOR SPIN 1
                 Electron number from rho = 256
           total electron number from rho = 256
                                should be = 256
                            startmag_type = 2
                       charge from rho_at = 3.95377434289291
                         charge should be = 4
                            startmag_type = 2
                       charge from rho_at = 3.99303358802097
                         charge should be = 4

 SETUP ATOMIC RHO FOR SPIN 1
                 Electron number from rho = 256
           total electron number from rho = 256
                                should be = 256
      Processor           Atom
              1             57
              2             58
              3             54
              4             60
              5             56
              6             56
              7             57
              8             58
              9             54
             10             57
             11             53
             12             56
             13             53
             14             56
             15             55
             16             57
                 charge before normalized = 256
                  charge after normalized = 256
                 charge before normalized = 256.00011551724
                  charge after normalized = 256
                 charge before normalized = 256.000115516949
                  charge after normalized = 256
                 charge before normalized = 256.000115535801
                  charge after normalized = 256
                 charge before normalized = 256.000115515655
                  charge after normalized = 256
                 charge before normalized = 256.00011552048
                  charge after normalized = 256
                 charge before normalized = 256.000115519095
                  charge after normalized = 256
                 charge before normalized = 256.000115519577
                  charge after normalized = 256
                 charge before normalized = 256.000115519271
                  charge after normalized = 256
                 charge before normalized = 256.000115519441
                  charge after normalized = 256
                 charge before normalized = 256.000115519415
                  charge after normalized = 256
                 charge before normalized = 256.000115519414
                  charge after normalized = 256
                            startmag_type = 2
                       charge from rho_at = 3.95377434289291
                         charge should be = 4
                            startmag_type = 2
                       charge from rho_at = 3.99303358802097
                         charge should be = 4

 SETUP ATOMIC RHO FOR SPIN 1
                 Electron number from rho = 256
           total electron number from rho = 256
                                should be = 256
                            startmag_type = 2
                       charge from rho_at = 3.95377434289291
                         charge should be = 4
                            startmag_type = 2
                       charge from rho_at = 3.99303358802097
                         charge should be = 4

 SETUP ATOMIC RHO FOR SPIN 1
                 Electron number from rho = 256
           total electron number from rho = 256
                                should be = 256
      Processor           Atom
              1             58
              2             58
              3             54
              4             60
              5             56
              6             56
              7             56
              8             58
              9             54
             10             58
             11             54
             12             56
             13             54
             14             56
             15             54
             16             56
                 charge before normalized = 256
                  charge after normalized = 256
                 charge before normalized = 256.000115510052
                  charge after normalized = 256
                 charge before normalized = 256.000115508928
                  charge after normalized = 256
                 charge before normalized = 256.000115521266
                  charge after normalized = 256
                 charge before normalized = 256.000115506061
                  charge after normalized = 256
                 charge before normalized = 256.000115510496
                  charge after normalized = 256
                 charge before normalized = 256.000115509303
                  charge after normalized = 256
                 charge before normalized = 256.000115509367
                  charge after normalized = 256
                 charge before normalized = 256.000115509368
                  charge after normalized = 256
                 charge before normalized = 256.000115509388
                  charge after normalized = 256
                 charge before normalized = 256.000115509383
                  charge after normalized = 256
                 charge before normalized = 256.000115509388
                  charge after normalized = 256
                            startmag_type = 2
                       charge from rho_at = 3.95377434289291
                         charge should be = 4
                            startmag_type = 2
                       charge from rho_at = 3.99303358802097
                         charge should be = 4

 SETUP ATOMIC RHO FOR SPIN 1
                 Electron number from rho = 256
           total electron number from rho = 256
                                should be = 256
                            startmag_type = 2
                       charge from rho_at = 3.95377434289291
                         charge should be = 4
                            startmag_type = 2
                       charge from rho_at = 3.99303358802097
                         charge should be = 4

 SETUP ATOMIC RHO FOR SPIN 1
                 Electron number from rho = 256
           total electron number from rho = 256
                                should be = 256
      Processor           Atom
              1             56
              2             58
              3             54
              4             56
              5             56
              6             56
              7             57
              8             57
              9             55
             10             57
             11             54
             12             56
             13             54
             14             56
             15             54
             16             58
                 charge before normalized = 256
                  charge after normalized = 256
                 charge before normalized = 256.00011531342
                  charge after normalized = 256
                 charge before normalized = 256.000115318839
                  charge after normalized = 256
                 charge before normalized = 256.000115316939
                  charge after normalized = 256
                 charge before normalized = 256.00011530942
                  charge after normalized = 256
                 charge before normalized = 256.000115314109
                  charge after normalized = 256
                 charge before normalized = 256.000115312286
                  charge after normalized = 256
                 charge before normalized = 256.000115312736
                  charge after normalized = 256
                 charge before normalized = 256.000115312388
                  charge after normalized = 256
                 charge before normalized = 256.000115312568
                  charge after normalized = 256
                 charge before normalized = 256.000115312537
                  charge after normalized = 256
                 charge before normalized = 256.000115312539
                  charge after normalized = 256
                            startmag_type = 2
                       charge from rho_at = 3.95377434289291
                         charge should be = 4
                            startmag_type = 2
                       charge from rho_at = 3.99303358802097
                         charge should be = 4

 SETUP ATOMIC RHO FOR SPIN 1
                 Electron number from rho = 256
           total electron number from rho = 256
                                should be = 256
                            startmag_type = 2
                       charge from rho_at = 3.95377434289291
                         charge should be = 4
                            startmag_type = 2
                       charge from rho_at = 3.99303358802097
                         charge should be = 4

 SETUP ATOMIC RHO FOR SPIN 1
                 Electron number from rho = 256
           total electron number from rho = 256
                                should be = 256
      Processor           Atom
              1             56
              2             58
              3             54
              4             57
              5             56
              6             56
              7             57
              8             57
              9             55
             10             58
             11             54
             12             58
             13             54
             14             56
             15             54
             16             56
                 charge before normalized = 256
                  charge after normalized = 256
                 charge before normalized = 256.000115269145
                  charge after normalized = 256
                 charge before normalized = 256.000115291703
                  charge after normalized = 256
                 charge before normalized = 256.00011526422
                  charge after normalized = 256
                 charge before normalized = 256.000115268119
                  charge after normalized = 256
                 charge before normalized = 256.000115271991
                  charge after normalized = 256
                 charge before normalized = 256.000115271344
                  charge after normalized = 256
                 charge before normalized = 256.000115270824
                  charge after normalized = 256
                 charge before normalized = 256.00011527061
                  charge after normalized = 256
                 charge before normalized = 256.000115270857
                  charge after normalized = 256
                 charge before normalized = 256.000115270827
                  charge after normalized = 256
                 charge before normalized = 256.000115270824
                  charge after normalized = 256
                            startmag_type = 2
                       charge from rho_at = 3.95377434289291
                         charge should be = 4
                            startmag_type = 2
                       charge from rho_at = 3.99303358802097
                         charge should be = 4

 SETUP ATOMIC RHO FOR SPIN 1
                 Electron number from rho = 256
           total electron number from rho = 256
                                should be = 256
                            startmag_type = 2
                       charge from rho_at = 3.95377434289291
                         charge should be = 4
                            startmag_type = 2
                       charge from rho_at = 3.99303358802097
                         charge should be = 4

 SETUP ATOMIC RHO FOR SPIN 1
                 Electron number from rho = 256
           total electron number from rho = 256
                                should be = 256
      Processor           Atom
              1             57
              2             58
              3             54
              4             57
              5             56
              6             56
              7             57
              8             57
              9             55
             10             58
             11             53
             12             56
             13             53
             14             56
             15             55
             16             57
                 charge before normalized = 256
                  charge after normalized = 256
                 charge before normalized = 256.000115350722
                  charge after normalized = 256
                 charge before normalized = 256.000115362018
                  charge after normalized = 256
                 charge before normalized = 256.000115345417
                  charge after normalized = 256
                 charge before normalized = 256.000115350138
                  charge after normalized = 256
                 charge before normalized = 256.000115350441
                  charge after normalized = 256
                 charge before normalized = 256.000115351444
                  charge after normalized = 256
                 charge before normalized = 256.000115350602
                  charge after normalized = 256
                 charge before normalized = 256.000115350633
                  charge after normalized = 256
                 charge before normalized = 256.00011535069
                  charge after normalized = 256
                 charge before normalized = 256.000115350697
                  charge after normalized = 256
                 charge before normalized = 256.000115350689
                  charge after normalized = 256
