 In SCAN_BEGIN, can't find: LATTICE_PARAMETERS block.
 In SCAN_BEGIN, can't find: <PP_MESH block.
 In SCAN_BEGIN, can't find: <PP_MESH block.
 AUTO_SET NBANDS to 0
 AUTO_SET NBANDS to 154
 cpu 2D distribution : 4*4
 but, the number of bands-row-block is 3
      Processor           Atom
              1             60
              2             65
              3             63
              4             65
              5             63
              6             62
              7             64
              8             62
              9             63
             10             66
             11             60
             12             63
             13             58
             14             65
             15             57
             16             64
                            startmag_type = 2
                       charge from rho_at = 3.95377
                         charge should be = 4
                            startmag_type = 2
                       charge from rho_at = 3.99303
                         charge should be = 4

 SETUP ATOMIC RHO FOR SPIN 1
                 Electron number from rho = 256
           total electron number from rho = 256
                                should be = 256
                 charge before normalized = 256
                  charge after normalized = 256
                 charge before normalized = 256.000107037842
                  charge after normalized = 256
                 charge before normalized = 256.000154409818
                  charge after normalized = 256
                 charge before normalized = 256.00012748297
                  charge after normalized = 256
                 charge before normalized = 256.000130272603
                  charge after normalized = 256
                 charge before normalized = 256.000126077729
                  charge after normalized = 256
                 charge before normalized = 256.000126545069
                  charge after normalized = 256
                 charge before normalized = 256.000126636592
                  charge after normalized = 256
                 charge before normalized = 256.000126830497
                  charge after normalized = 256
                 charge before normalized = 256.000126842894
                  charge after normalized = 256
                 charge before normalized = 256.000126829954
                  charge after normalized = 256
                 charge before normalized = 256.000126836491
                  charge after normalized = 256
                 charge before normalized = 256.000126839647
                  charge after normalized = 256
                 charge before normalized = 256.000126841069
                  charge after normalized = 256
                 charge before normalized = 256.000126840656
                  charge after normalized = 256
                 charge before normalized = 256.000126840658
                  charge after normalized = 256
                 charge before normalized = 256.000126840708
                  charge after normalized = 256
                            startmag_type = 2
                       charge from rho_at = 3.95377434289291
                         charge should be = 4
                            startmag_type = 2
                       charge from rho_at = 3.99303358802097
                         charge should be = 4

 SETUP ATOMIC RHO FOR SPIN 1
                 Electron number from rho = 256
           total electron number from rho = 256
                                should be = 256
                            startmag_type = 2
                       charge from rho_at = 3.95377434289291
                         charge should be = 4
                            startmag_type = 2
                       charge from rho_at = 3.99303358802097
                         charge should be = 4

 SETUP ATOMIC RHO FOR SPIN 1
                 Electron number from rho = 256
           total electron number from rho = 256
                                should be = 256
      Processor           Atom
              1             60
              2             64
              3             63
              4             65
              5             63
              6             62
              7             64
              8             62
              9             63
             10             64
             11             61
             12             63
             13             58
             14             65
             15             57
             16             64
                 charge before normalized = 256
                  charge after normalized = 256
                 charge before normalized = 256.000126834672
                  charge after normalized = 256
                 charge before normalized = 256.00012682826
                  charge after normalized = 256
                 charge before normalized = 256.000126849901
                  charge after normalized = 256
                 charge before normalized = 256.000126834778
                  charge after normalized = 256
                 charge before normalized = 256.000126837503
                  charge after normalized = 256
                 charge before normalized = 256.00012683637
                  charge after normalized = 256
                 charge before normalized = 256.000126836835
                  charge after normalized = 256
                 charge before normalized = 256.000126836853
                  charge after normalized = 256
                 charge before normalized = 256.000126836853
                  charge after normalized = 256
                            startmag_type = 2
                       charge from rho_at = 3.95377434289291
                         charge should be = 4
                            startmag_type = 2
                       charge from rho_at = 3.99303358802097
                         charge should be = 4

 SETUP ATOMIC RHO FOR SPIN 1
                 Electron number from rho = 256
           total electron number from rho = 256
                                should be = 256
                            startmag_type = 2
                       charge from rho_at = 3.95377434289291
                         charge should be = 4
                            startmag_type = 2
                       charge from rho_at = 3.99303358802097
                         charge should be = 4

 SETUP ATOMIC RHO FOR SPIN 1
                 Electron number from rho = 256
           total electron number from rho = 256
                                should be = 256
      Processor           Atom
              1             60
              2             65
              3             63
              4             63
              5             63
              6             62
              7             64
              8             62
              9             63
             10             66
             11             60
             12             63
             13             58
             14             65
             15             57
             16             64
                 charge before normalized = 256
                  charge after normalized = 256
                 charge before normalized = 256.000126880947
                  charge after normalized = 256
                 charge before normalized = 256.000126884452
                  charge after normalized = 256
                 charge before normalized = 256.000126886075
                  charge after normalized = 256
                 charge before normalized = 256.000126881568
                  charge after normalized = 256
                 charge before normalized = 256.000126885506
                  charge after normalized = 256
                 charge before normalized = 256.000126882563
                  charge after normalized = 256
                 charge before normalized = 256.000126884509
                  charge after normalized = 256
                 charge before normalized = 256.000126883437
                  charge after normalized = 256
                 charge before normalized = 256.000126883718
                  charge after normalized = 256
                 charge before normalized = 256.000126883682
                  charge after normalized = 256
                            startmag_type = 2
                       charge from rho_at = 3.95377434289291
                         charge should be = 4
                            startmag_type = 2
                       charge from rho_at = 3.99303358802097
                         charge should be = 4

 SETUP ATOMIC RHO FOR SPIN 1
                 Electron number from rho = 256
           total electron number from rho = 256
                                should be = 256
                            startmag_type = 2
                       charge from rho_at = 3.95377434289291
                         charge should be = 4
                            startmag_type = 2
                       charge from rho_at = 3.99303358802097
                         charge should be = 4

 SETUP ATOMIC RHO FOR SPIN 1
                 Electron number from rho = 256
           total electron number from rho = 256
                                should be = 256
      Processor           Atom
              1             60
              2             64
              3             63
              4             64
              5             63
              6             62
              7             64
              8             62
              9             63
             10             64
             11             61
             12             63
             13             58
             14             65
             15             57
             16             64
                 charge before normalized = 256
                  charge after normalized = 256
                 charge before normalized = 256.000126888863
                  charge after normalized = 256
                 charge before normalized = 256.000126878145
                  charge after normalized = 256
                 charge before normalized = 256.000126909146
                  charge after normalized = 256
                 charge before normalized = 256.00012688054
                  charge after normalized = 256
                 charge before normalized = 256.000126892424
                  charge after normalized = 256
                 charge before normalized = 256.00012688591
                  charge after normalized = 256
                 charge before normalized = 256.000126888737
                  charge after normalized = 256
                 charge before normalized = 256.000126887858
                  charge after normalized = 256
                 charge before normalized = 256.000126888001
                  charge after normalized = 256
                 charge before normalized = 256.000126887959
                  charge after normalized = 256
                            startmag_type = 2
                       charge from rho_at = 3.95377434289291
                         charge should be = 4
                            startmag_type = 2
                       charge from rho_at = 3.99303358802097
                         charge should be = 4

 SETUP ATOMIC RHO FOR SPIN 1
                 Electron number from rho = 256
           total electron number from rho = 256
                                should be = 256
                            startmag_type = 2
                       charge from rho_at = 3.95377434289291
                         charge should be = 4
                            startmag_type = 2
                       charge from rho_at = 3.99303358802097
                         charge should be = 4

 SETUP ATOMIC RHO FOR SPIN 1
                 Electron number from rho = 256
           total electron number from rho = 256
                                should be = 256
      Processor           Atom
              1             60
              2             64
              3             63
              4             64
              5             63
              6             62
              7             64
              8             62
              9             63
             10             64
             11             61
             12             63
             13             59
             14             65
             15             57
             16             64
                 charge before normalized = 256
                  charge after normalized = 256
                 charge before normalized = 256.000126788362
                  charge after normalized = 256
                 charge before normalized = 256.000126786378
                  charge after normalized = 256
                 charge before normalized = 256.000126787126
                  charge after normalized = 256
                 charge before normalized = 256.000126790497
                  charge after normalized = 256
                 charge before normalized = 256.00012678424
                  charge after normalized = 256
                 charge before normalized = 256.000126789585
                  charge after normalized = 256
                 charge before normalized = 256.000126786168
                  charge after normalized = 256
                 charge before normalized = 256.000126787874
                  charge after normalized = 256
                 charge before normalized = 256.000126787508
                  charge after normalized = 256
                 charge before normalized = 256.000126787544
                  charge after normalized = 256
                 charge before normalized = 256.000126787552
                  charge after normalized = 256
                            startmag_type = 2
                       charge from rho_at = 3.95377434289291
                         charge should be = 4
                            startmag_type = 2
                       charge from rho_at = 3.99303358802097
                         charge should be = 4

 SETUP ATOMIC RHO FOR SPIN 1
                 Electron number from rho = 256
           total electron number from rho = 256
                                should be = 256
                            startmag_type = 2
                       charge from rho_at = 3.95377434289291
                         charge should be = 4
                            startmag_type = 2
                       charge from rho_at = 3.99303358802097
                         charge should be = 4

 SETUP ATOMIC RHO FOR SPIN 1
                 Electron number from rho = 256
           total electron number from rho = 256
                                should be = 256
      Processor           Atom
              1             60
              2             63
              3             63
              4             64
              5             64
              6             62
              7             64
              8             62
              9             62
             10             64
             11             61
             12             63
             13             59
             14             65
             15             57
             16             64
                 charge before normalized = 256
                  charge after normalized = 256
                 charge before normalized = 256.000126830801
                  charge after normalized = 256
                 charge before normalized = 256.000126808601
                  charge after normalized = 256
                 charge before normalized = 256.00012686123
                  charge after normalized = 256
                 charge before normalized = 256.000126813535
                  charge after normalized = 256
                 charge before normalized = 256.000126833192
                  charge after normalized = 256
                 charge before normalized = 256.000126823588
                  charge after normalized = 256
                 charge before normalized = 256.000126826005
                  charge after normalized = 256
                 charge before normalized = 256.000126825816
                  charge after normalized = 256
                 charge before normalized = 256.000126825826
                  charge after normalized = 256
                 charge before normalized = 256.00012682582
                  charge after normalized = 256
                            startmag_type = 2
                       charge from rho_at = 3.95377434289291
                         charge should be = 4
                            startmag_type = 2
                       charge from rho_at = 3.99303358802097
                         charge should be = 4

 SETUP ATOMIC RHO FOR SPIN 1
                 Electron number from rho = 256
           total electron number from rho = 256
                                should be = 256
                            startmag_type = 2
                       charge from rho_at = 3.95377434289291
                         charge should be = 4
                            startmag_type = 2
                       charge from rho_at = 3.99303358802097
                         charge should be = 4

 SETUP ATOMIC RHO FOR SPIN 1
                 Electron number from rho = 256
           total electron number from rho = 256
                                should be = 256
      Processor           Atom
              1             61
              2             64
              3             63
              4             64
              5             63
              6             62
              7             64
              8             62
              9             62
             10             64
             11             61
             12             63
             13             59
             14             65
             15             57
             16             63
                 charge before normalized = 256
                  charge after normalized = 256
                 charge before normalized = 256.00012680161
                  charge after normalized = 256
                 charge before normalized = 256.000126774038
                  charge after normalized = 256
                 charge before normalized = 256.000126853495
                  charge after normalized = 256
                 charge before normalized = 256.000126790765
                  charge after normalized = 256
                 charge before normalized = 256.000126807837
                  charge after normalized = 256
                 charge before normalized = 256.000126798392
                  charge after normalized = 256
                 charge before normalized = 256.000126802202
                  charge after normalized = 256
                 charge before normalized = 256.000126801333
                  charge after normalized = 256
                 charge before normalized = 256.000126801472
                  charge after normalized = 256
                 charge before normalized = 256.000126801442
                  charge after normalized = 256
                 charge before normalized = 256.000126801434
                  charge after normalized = 256
                            startmag_type = 2
                       charge from rho_at = 3.95377434289291
                         charge should be = 4
                            startmag_type = 2
                       charge from rho_at = 3.99303358802097
                         charge should be = 4

 SETUP ATOMIC RHO FOR SPIN 1
                 Electron number from rho = 256
           total electron number from rho = 256
                                should be = 256
                            startmag_type = 2
                       charge from rho_at = 3.95377434289291
                         charge should be = 4
                            startmag_type = 2
                       charge from rho_at = 3.99303358802097
                         charge should be = 4

 SETUP ATOMIC RHO FOR SPIN 1
                 Electron number from rho = 256
           total electron number from rho = 256
                                should be = 256
      Processor           Atom
              1             60
              2             64
              3             63
              4             64
              5             63
              6             62
              7             64
              8             62
              9             62
             10             64
             11             61
             12             64
             13             58
             14             65
             15             57
             16             63
                 charge before normalized = 256
                  charge after normalized = 256
                 charge before normalized = 256.000126793854
                  charge after normalized = 256
                 charge before normalized = 256.000126802108
                  charge after normalized = 256
                 charge before normalized = 256.000126815953
                  charge after normalized = 256
                 charge before normalized = 256.000126796515
                  charge after normalized = 256
                 charge before normalized = 256.000126806472
                  charge after normalized = 256
                 charge before normalized = 256.000126799791
                  charge after normalized = 256
                 charge before normalized = 256.000126803791
                  charge after normalized = 256
                 charge before normalized = 256.000126801782
                  charge after normalized = 256
                 charge before normalized = 256.000126802244
                  charge after normalized = 256
                 charge before normalized = 256.000126802191
                  charge after normalized = 256
                 charge before normalized = 256.000126802196
                  charge after normalized = 256
                            startmag_type = 2
                       charge from rho_at = 3.95377434289291
                         charge should be = 4
                            startmag_type = 2
                       charge from rho_at = 3.99303358802097
                         charge should be = 4

 SETUP ATOMIC RHO FOR SPIN 1
                 Electron number from rho = 256
           total electron number from rho = 256
                                should be = 256
                            startmag_type = 2
                       charge from rho_at = 3.95377434289291
                         charge should be = 4
                            startmag_type = 2
                       charge from rho_at = 3.99303358802097
                         charge should be = 4

 SETUP ATOMIC RHO FOR SPIN 1
                 Electron number from rho = 256
           total electron number from rho = 256
                                should be = 256
      Processor           Atom
              1             60
              2             64
              3             63
              4             64
              5             63
              6             62
              7             64
              8             62
              9             63
             10             64
             11             61
             12             65
             13             58
             14             65
             15             57
             16             63
                 charge before normalized = 256
                  charge after normalized = 256
                 charge before normalized = 256.000126816956
                  charge after normalized = 256
                 charge before normalized = 256.000126820382
                  charge after normalized = 256
                 charge before normalized = 256.000126827818
                  charge after normalized = 256
                 charge before normalized = 256.000126815363
                  charge after normalized = 256
                 charge before normalized = 256.000126820503
                  charge after normalized = 256
                 charge before normalized = 256.000126816079
                  charge after normalized = 256
                 charge before normalized = 256.000126820406
                  charge after normalized = 256
                 charge before normalized = 256.000126818056
                  charge after normalized = 256
                 charge before normalized = 256.000126818513
                  charge after normalized = 256
                 charge before normalized = 256.000126818483
                  charge after normalized = 256
                 charge before normalized = 256.000126818511
                  charge after normalized = 256
                            startmag_type = 2
                       charge from rho_at = 3.95377434289291
                         charge should be = 4
                            startmag_type = 2
                       charge from rho_at = 3.99303358802097
                         charge should be = 4

 SETUP ATOMIC RHO FOR SPIN 1
                 Electron number from rho = 256
           total electron number from rho = 256
                                should be = 256
                            startmag_type = 2
                       charge from rho_at = 3.95377434289291
                         charge should be = 4
                            startmag_type = 2
                       charge from rho_at = 3.99303358802097
                         charge should be = 4

 SETUP ATOMIC RHO FOR SPIN 1
                 Electron number from rho = 256
           total electron number from rho = 256
                                should be = 256
      Processor           Atom
              1             60
              2             64
              3             64
              4             64
              5             63
              6             62
              7             64
              8             62
              9             63
             10             65
             11             61
             12             64
             13             58
             14             65
             15             57
             16             63
                 charge before normalized = 256
                  charge after normalized = 256
                 charge before normalized = 256.000126780413
                  charge after normalized = 256
                 charge before normalized = 256.000126753985
                  charge after normalized = 256
                 charge before normalized = 256.000126827953
                  charge after normalized = 256
                 charge before normalized = 256.000126755339
                  charge after normalized = 256
                 charge before normalized = 256.00012677955
                  charge after normalized = 256
                 charge before normalized = 256.000126769067
                  charge after normalized = 256
                 charge before normalized = 256.000126773078
                  charge after normalized = 256
                 charge before normalized = 256.000126771894
                  charge after normalized = 256
                 charge before normalized = 256.000126772121
                  charge after normalized = 256
                 charge before normalized = 256.000126772094
                  charge after normalized = 256
                 charge before normalized = 256.00012677207
                  charge after normalized = 256
                 charge before normalized = 256.000126772074
                  charge after normalized = 256
                            startmag_type = 2
                       charge from rho_at = 3.95377434289291
                         charge should be = 4
                            startmag_type = 2
                       charge from rho_at = 3.99303358802097
                         charge should be = 4

 SETUP ATOMIC RHO FOR SPIN 1
                 Electron number from rho = 256
           total electron number from rho = 256
                                should be = 256
                            startmag_type = 2
                       charge from rho_at = 3.95377434289291
                         charge should be = 4
                            startmag_type = 2
                       charge from rho_at = 3.99303358802097
                         charge should be = 4

 SETUP ATOMIC RHO FOR SPIN 1
                 Electron number from rho = 256
           total electron number from rho = 256
                                should be = 256
      Processor           Atom
              1             61
              2             64
              3             64
              4             64
              5             63
              6             62
              7             64
              8             62
              9             63
             10             65
             11             61
             12             64
             13             58
             14             64
             15             57
             16             64
                 charge before normalized = 256
                  charge after normalized = 256
                 charge before normalized = 256.000126606076
                  charge after normalized = 256
                 charge before normalized = 256.000126579895
                  charge after normalized = 256
                 charge before normalized = 256.000126646339
                  charge after normalized = 256
                 charge before normalized = 256.000126590291
                  charge after normalized = 256
                 charge before normalized = 256.000126608616
                  charge after normalized = 256
                 charge before normalized = 256.000126598462
                  charge after normalized = 256
                 charge before normalized = 256.000126602234
                  charge after normalized = 256
                 charge before normalized = 256.000126601097
                  charge after normalized = 256
                 charge before normalized = 256.000126601372
                  charge after normalized = 256
                 charge before normalized = 256.000126601351
                  charge after normalized = 256
                 charge before normalized = 256.000126601349
                  charge after normalized = 256
                 charge before normalized = 256.000126601353
                  charge after normalized = 256
