WARNING: Total thread number on this node mismatches with hardware availability. This may cause poor performance.
Info: Local MPI proc number: 16,OpenMP thread number: 1,Total thread number: 16,Local thread limit: 32
                                                                                     
                              ABACUS v3.1                                            

               Atomic-orbital Based Ab-initio Computation at UStc                    

                     Website: http://abacus.ustc.edu.cn/                             
               Documentation: https://abacus.deepmodeling.com/                       
                  Repository: https://github.com/abacusmodeling/abacus-develop       
                              https://github.com/deepmodeling/abacus-develop         

 Fri Feb  3 16:52:52 2023
 MAKE THE DIR         : OUT.ABACUS/
 MAKE THE STRU DIR    : OUT.ABACUS/STRU/
 UNIFORM GRID DIM     : 108 * 108 * 108
 UNIFORM GRID DIM(BIG): 54 * 54 * 54
 DONE(0.143167   SEC) : SETUP UNITCELL
 DONE(0.159536   SEC) : INIT K-POINTS
 ---------------------------------------------------------
 Molecular Dynamics simulations
 ---------------------------------------------------------
 ENSEMBLE                 : Langevin
 Time interval(fs)        : 1
 ---------------------------------------------------------
 SPIN    KPOINTS         PROCESSORS  NBASE       
 1       36              16          1408        
 ---------------------------------------------------------
 Use Systematically Improvable Atomic bases
 ---------------------------------------------------------
 ELEMENT ORBITALS        NBASE       NATOM       XC          
 Si      3s3p2d-9au      22          32          
 C       3s3p2d-9au      22          32          
 ---------------------------------------------------------
 Initial plane wave basis and FFT box
 ---------------------------------------------------------
--------------------------------- INITVEL DONE ------------------------------------
 -------------------------------------------
 STEP OF MOLECULAR DYNAMICS : 0
 -------------------------------------------
 START CHARGE      : atomic
 DONE(9.82715    SEC) : INIT SCF
 ITER   ETOT(eV)       EDIFF(eV)      DRHO       TIME(s)    
 GE1    -8.322805e+03  0.000000e+00   2.778e-01  9.120e+01  
 GE2    -8.339389e+03  -1.658366e+01  1.674e-01  8.503e+01  
 GE3    -8.352271e+03  -1.288198e+01  8.683e-02  8.811e+01  
 GE4    -8.393750e+03  -4.147951e+01  3.978e-02  8.852e+01  
 GE5    -8.393020e+03  7.307553e-01   2.270e-02  8.747e+01  
 GE6    -8.393676e+03  -6.560851e-01  1.564e-02  8.502e+01  
 GE7    -8.394142e+03  -4.662286e-01  4.428e-03  8.450e+01  
 GE8    -8.394175e+03  -3.311887e-02  2.236e-03  8.789e+01  
 GE9    -8.394172e+03  2.583095e-03   1.423e-03  8.808e+01  
 GE10   -8.394177e+03  -4.392973e-03  9.798e-04  8.801e+01  
 GE11   -8.394180e+03  -2.941847e-03  3.062e-04  8.557e+01  
 GE12   -8.394180e+03  -2.868800e-04  1.275e-04  8.442e+01  
 GE13   -8.394180e+03  -4.500833e-05  3.219e-05  8.743e+01  
 GE14   -8.394180e+03  -1.435725e-06  2.119e-05  8.787e+01  
 GE15   -8.394180e+03  -1.434090e-06  9.559e-06  8.821e+01  
 GE16   -8.394180e+03  -1.714321e-07  7.093e-06  8.585e+01  
 GE17   -8.394180e+03  -1.365613e-07  1.722e-06  8.521e+01  
 GE18   -8.394180e+03  -5.302392e-09  4.808e-07  8.655e+01  
 ><><><><><><><><><><><><><><><><><><><><><><
 TOTAL-STRESS (KBAR):
 ><><><><><><><><><><><><><><><><><><><><><><
 1.801e+02      -7.720e+01     -5.435e+01     
 -7.720e+01     1.857e+02      6.205e+01      
 -5.435e+01     6.205e+01      6.443e+01      
 TOTAL-PRESSURE: 1.434e+02 KBAR
 ------------------------------------------------------------------------------------------------
 Energy              Potential           Kinetic             Temperature         Pressure (KBAR)     
 -3.085e+02          -3.085e+02          2.993e-03           1.000e+01           1.435e+02           
 ------------------------------------------------------------------------------------------------
 -------------------------------------------
 STEP OF MOLECULAR DYNAMICS : 1
 -------------------------------------------
 DONE(1.671e+03  SEC) : INIT SCF
 ITER   ETOT(eV)       EDIFF(eV)      DRHO       TIME(s)    
 GE1    -8.394395e+03  0.000000e+00   6.172e-04  9.421e+01  
 GE2    -8.394394e+03  1.267279e-03   6.139e-04  8.541e+01  
 GE3    -8.394395e+03  -1.315913e-03  6.327e-04  8.480e+01  
 GE4    -8.394396e+03  -1.120370e-03  1.091e-04  8.713e+01  
 GE5    -8.394396e+03  -2.209141e-05  6.769e-05  8.794e+01  
 GE6    -8.394396e+03  -1.610734e-05  3.672e-05  8.803e+01  
 GE7    -8.394396e+03  -4.196413e-06  1.564e-05  8.590e+01  
 GE8    -8.394396e+03  -6.269027e-07  2.821e-06  8.524e+01  
 GE9    -8.394396e+03  -2.019797e-08  1.413e-06  8.644e+01  
 GE10   -8.394396e+03  -2.301622e-09  5.970e-07  8.795e+01  
 ><><><><><><><><><><><><><><><><><><><><><><
 TOTAL-STRESS (KBAR):
 ><><><><><><><><><><><><><><><><><><><><><><
 1.797e+02      -7.648e+01     -5.333e+01     
 -7.648e+01     1.850e+02      6.083e+01      
 -5.333e+01     6.083e+01      6.320e+01      
 TOTAL-PRESSURE: 1.426e+02 KBAR
 ------------------------------------------------------------------------------------------------
 Energy              Potential           Kinetic             Temperature         Pressure (KBAR)     
 -3.085e+02          -3.085e+02          1.062e-02           3.549e+01           1.431e+02           
 ------------------------------------------------------------------------------------------------
 -------------------------------------------
 STEP OF MOLECULAR DYNAMICS : 2
 -------------------------------------------
 DONE(2.640e+03  SEC) : INIT SCF
 ITER   ETOT(eV)       EDIFF(eV)      DRHO       TIME(s)    
 GE1    -8.394862e+03  0.000000e+00   1.741e-03  9.245e+01  
 GE2    -8.394859e+03  2.750939e-03   1.124e-03  8.571e+01  
 GE3    -8.394863e+03  -3.593303e-03  1.151e-03  8.759e+01  
 GE4    -8.394866e+03  -3.815960e-03  2.329e-04  8.836e+01  
 GE5    -8.394867e+03  -1.126925e-04  1.439e-04  8.857e+01  
 GE6    -8.394867e+03  -5.393818e-05  6.359e-05  8.642e+01  
 GE7    -8.394867e+03  -1.171769e-05  3.639e-05  8.583e+01  
 GE8    -8.394867e+03  -4.142942e-06  6.902e-06  8.706e+01  
 GE9    -8.394867e+03  -1.276611e-07  3.016e-06  8.843e+01  
 GE10   -8.394867e+03  -2.367051e-08  1.401e-06  8.831e+01  
 GE11   -8.394867e+03  -5.718478e-09  5.682e-07  8.653e+01  
 ><><><><><><><><><><><><><><><><><><><><><><
 TOTAL-STRESS (KBAR):
 ><><><><><><><><><><><><><><><><><><><><><><
 1.794e+02      -7.486e+01     -5.089e+01     
 -7.486e+01     1.832e+02      5.812e+01      
 -5.089e+01     5.812e+01      6.040e+01      
 TOTAL-PRESSURE: 1.410e+02 KBAR
 ------------------------------------------------------------------------------------------------
 Energy              Potential           Kinetic             Temperature         Pressure (KBAR)     
 -3.085e+02          -3.085e+02          2.454e-02           8.199e+01           1.421e+02           
 ------------------------------------------------------------------------------------------------
 -------------------------------------------
 STEP OF MOLECULAR DYNAMICS : 3
 -------------------------------------------
 DONE(3.699e+03  SEC) : INIT SCF
 ITER   ETOT(eV)       EDIFF(eV)      DRHO       TIME(s)    
 GE1    -8.395309e+03  0.000000e+00   2.142e-03  9.332e+01  
 GE2    -8.395309e+03  -2.054593e-04  1.250e-03  8.824e+01  
 GE3    -8.395312e+03  -2.913839e-03  1.038e-03  8.851e+01  
 GE4    -8.395315e+03  -2.850200e-03  3.239e-04  8.632e+01  
 GE5    -8.395315e+03  -3.049459e-04  1.970e-04  8.575e+01  
 GE6    -8.395315e+03  -1.215493e-04  6.859e-05  8.726e+01  
 GE7    -8.395315e+03  -1.137852e-05  3.631e-05  8.840e+01  
 GE8    -8.395315e+03  -4.665000e-06  1.073e-05  8.823e+01  
 GE9    -8.395315e+03  -3.375263e-07  2.953e-06  8.642e+01  
 GE10   -8.395315e+03  -1.673471e-08  1.003e-06  8.576e+01  
 GE11   -8.395315e+03  1.877802e-09   6.732e-07  8.682e+01  
 ><><><><><><><><><><><><><><><><><><><><><><
 TOTAL-STRESS (KBAR):
 ><><><><><><><><><><><><><><><><><><><><><><
 1.787e+02      -7.358e+01     -4.893e+01     
 -7.358e+01     1.815e+02      5.609e+01      
 -4.893e+01     5.609e+01      5.777e+01      
 TOTAL-PRESSURE: 1.393e+02 KBAR
 ------------------------------------------------------------------------------------------------
 Energy              Potential           Kinetic             Temperature         Pressure (KBAR)     
 -3.085e+02          -3.085e+02          3.294e-02           1.101e+02           1.408e+02           
 ------------------------------------------------------------------------------------------------
 -------------------------------------------
 STEP OF MOLECULAR DYNAMICS : 4
 -------------------------------------------
 DONE(4.760e+03  SEC) : INIT SCF
 ITER   ETOT(eV)       EDIFF(eV)      DRHO       TIME(s)    
 GE1    -8.395642e+03  0.000000e+00   2.423e-03  9.467e+01  
 GE2    -8.395636e+03  5.261390e-03   1.678e-03  8.585e+01  
 GE3    -8.395644e+03  -7.699564e-03  1.610e-03  8.569e+01  
 GE4    -8.395651e+03  -7.311324e-03  3.521e-04  8.732e+01  
 GE5    -8.395652e+03  -2.435763e-04  1.791e-04  8.835e+01  
 GE6    -8.395652e+03  -8.209426e-05  8.297e-05  8.845e+01  
 GE7    -8.395652e+03  -1.851741e-05  4.788e-05  8.648e+01  
 GE8    -8.395652e+03  -7.406066e-06  1.117e-05  8.577e+01  
 GE9    -8.395652e+03  -3.146911e-07  3.868e-06  8.689e+01  
 GE10   -8.395652e+03  -3.214072e-08  1.634e-06  8.845e+01  
 GE11   -8.395652e+03  -2.236657e-09  9.334e-07  8.822e+01  
 ><><><><><><><><><><><><><><><><><><><><><><
 TOTAL-STRESS (KBAR):
 ><><><><><><><><><><><><><><><><><><><><><><
 1.783e+02      -7.350e+01     -4.769e+01     
 -7.350e+01     1.809e+02      5.459e+01      
 -4.769e+01     5.459e+01      5.550e+01      
 TOTAL-PRESSURE: 1.382e+02 KBAR
 ------------------------------------------------------------------------------------------------
 Energy              Potential           Kinetic             Temperature         Pressure (KBAR)     
 -3.085e+02          -3.085e+02          4.007e-02           1.339e+02           1.400e+02           
 ------------------------------------------------------------------------------------------------
 -------------------------------------------
 STEP OF MOLECULAR DYNAMICS : 5
 -------------------------------------------
 DONE(5.820e+03  SEC) : INIT SCF
 ITER   ETOT(eV)       EDIFF(eV)      DRHO       TIME(s)    
 GE1    -8.395861e+03  0.000000e+00   2.652e-03  9.177e+01  
 GE2    -8.395860e+03  1.796406e-03   1.597e-03  8.723e+01  
 GE3    -8.395865e+03  -5.329264e-03  1.482e-03  8.831e+01  
 GE4    -8.395871e+03  -5.897684e-03  4.136e-04  8.834e+01  
 GE5    -8.395871e+03  -4.776980e-04  2.808e-04  8.640e+01  
 GE6    -8.395871e+03  -2.457039e-04  9.287e-05  8.573e+01  
 GE7    -8.395871e+03  -2.150595e-05  4.947e-05  8.691e+01  
 GE8    -8.395871e+03  -7.922171e-06  1.134e-05  8.825e+01  
 GE9    -8.395871e+03  -3.767529e-07  3.554e-06  8.820e+01  
 GE10   -8.395871e+03  -2.913067e-08  1.246e-06  8.643e+01  
 GE11   -8.395871e+03  -1.407578e-09  7.315e-07  8.529e+01  
 ><><><><><><><><><><><><><><><><><><><><><><
 TOTAL-STRESS (KBAR):
 ><><><><><><><><><><><><><><><><><><><><><><
 1.781e+02      -7.187e+01     -4.604e+01     
 -7.187e+01     1.801e+02      5.209e+01      
 -4.604e+01     5.209e+01      5.379e+01      
 TOTAL-PRESSURE: 1.373e+02 KBAR
 ------------------------------------------------------------------------------------------------
 Energy              Potential           Kinetic             Temperature         Pressure (KBAR)     
 -3.085e+02          -3.085e+02          3.979e-02           1.330e+02           1.391e+02           
 ------------------------------------------------------------------------------------------------
 -------------------------------------------
 STEP OF MOLECULAR DYNAMICS : 6
 -------------------------------------------
 DONE(6.878e+03  SEC) : INIT SCF
 ITER   ETOT(eV)       EDIFF(eV)      DRHO       TIME(s)    
 GE1    -8.396106e+03  0.000000e+00   3.114e-03  9.438e+01  
 GE2    -8.396094e+03  1.199568e-02   2.302e-03  8.822e+01  
 GE3    -8.396109e+03  -1.470895e-02  2.227e-03  8.621e+01  
 GE4    -8.396123e+03  -1.388320e-02  5.018e-04  8.553e+01  
 GE5    -8.396123e+03  -5.778950e-04  2.890e-04  8.666e+01  
 GE6    -8.396124e+03  -2.579091e-04  1.287e-04  8.813e+01  
 GE7    -8.396124e+03  -4.770324e-05  6.434e-05  8.795e+01  
 GE8    -8.396124e+03  -1.244604e-05  1.258e-05  8.625e+01  
 GE9    -8.396124e+03  -3.892881e-07  4.744e-06  8.519e+01  
 GE10   -8.396124e+03  -4.546940e-08  1.416e-06  8.650e+01  
 GE11   -8.396124e+03  2.134569e-09   8.634e-07  8.817e+01  
 ><><><><><><><><><><><><><><><><><><><><><><
 TOTAL-STRESS (KBAR):
 ><><><><><><><><><><><><><><><><><><><><><><
 1.770e+02      -7.075e+01     -4.530e+01     
 -7.075e+01     1.796e+02      5.137e+01      
 -4.530e+01     5.137e+01      5.269e+01      
 TOTAL-PRESSURE: 1.364e+02 KBAR
 ------------------------------------------------------------------------------------------------
 Energy              Potential           Kinetic             Temperature         Pressure (KBAR)     
 -3.085e+02          -3.086e+02          5.344e-02           1.786e+02           1.388e+02           
 ------------------------------------------------------------------------------------------------
 -------------------------------------------
 STEP OF MOLECULAR DYNAMICS : 7
 -------------------------------------------
 DONE(7.937e+03  SEC) : INIT SCF
 ITER   ETOT(eV)       EDIFF(eV)      DRHO       TIME(s)    
 GE1    -8.396161e+03  0.000000e+00   3.229e-03  9.236e+01  
 GE2    -8.396155e+03  5.476573e-03   2.083e-03  8.558e+01  
 GE3    -8.396167e+03  -1.198011e-02  1.859e-03  8.661e+01  
 GE4    -8.396177e+03  -9.602575e-03  4.769e-04  8.810e+01  
 GE5    -8.396177e+03  -6.137464e-04  3.030e-04  8.791e+01  
 GE6    -8.396178e+03  -2.790316e-04  1.127e-04  8.619e+01  
 GE7    -8.396178e+03  -3.253836e-05  6.558e-05  8.515e+01  
 GE8    -8.396178e+03  -1.427473e-05  1.454e-05  8.404e+01  
 GE9    -8.396178e+03  -6.192028e-07  4.966e-06  8.408e+01  
 GE10   -8.396178e+03  -5.052276e-08  1.744e-06  8.409e+01  
 GE11   -8.396178e+03  -1.126526e-08  1.238e-06  8.420e+01  
 GE12   -8.396178e+03  -3.743229e-09  3.172e-07  8.415e+01  
 ><><><><><><><><><><><><><><><><><><><><><><
 TOTAL-STRESS (KBAR):
 ><><><><><><><><><><><><><><><><><><><><><><
 1.759e+02      -6.955e+01     -4.396e+01     
 -6.955e+01     1.802e+02      5.093e+01      
 -4.396e+01     5.093e+01      5.220e+01      
 TOTAL-PRESSURE: 1.361e+02 KBAR
 ------------------------------------------------------------------------------------------------
 Energy              Potential           Kinetic             Temperature         Pressure (KBAR)     
 -3.085e+02          -3.086e+02          6.557e-02           2.191e+02           1.390e+02           
 ------------------------------------------------------------------------------------------------
 -------------------------------------------
 STEP OF MOLECULAR DYNAMICS : 8
 -------------------------------------------
 DONE(9.063e+03  SEC) : INIT SCF
 ITER   ETOT(eV)       EDIFF(eV)      DRHO       TIME(s)    
 GE1    -8.396287e+03  0.000000e+00   3.807e-03  9.030e+01  
 GE2    -8.396288e+03  -5.966271e-04  2.208e-03  8.440e+01  
 GE3    -8.396296e+03  -8.248336e-03  1.817e-03  8.422e+01  
 GE4    -8.396306e+03  -9.620027e-03  6.093e-04  8.422e+01  
 GE5    -8.396307e+03  -1.144234e-03  3.185e-04  8.431e+01  
 GE6    -8.396307e+03  -3.643800e-04  1.285e-04  8.423e+01  
 GE7    -8.396307e+03  -4.177171e-05  5.861e-05  8.429e+01  
 GE8    -8.396307e+03  -1.211165e-05  1.928e-05  8.425e+01  
 GE9    -8.396307e+03  -1.136831e-06  5.246e-06  8.419e+01  
 GE10   -8.396307e+03  -5.926212e-08  1.936e-06  9.893e+01  
 GE11   -8.396307e+03  -1.082597e-08  1.143e-06  1.018e+02  
 GE12   -8.396307e+03  -1.902550e-09  4.658e-07  9.654e+01  
 ><><><><><><><><><><><><><><><><><><><><><><
 TOTAL-STRESS (KBAR):
 ><><><><><><><><><><><><><><><><><><><><><><
 1.756e+02      -6.861e+01     -4.414e+01     
 -6.861e+01     1.792e+02      5.098e+01      
 -4.414e+01     5.098e+01      5.165e+01      
 TOTAL-PRESSURE: 1.355e+02 KBAR
 ------------------------------------------------------------------------------------------------
 Energy              Potential           Kinetic             Temperature         Pressure (KBAR)     
 -3.085e+02          -3.086e+02          8.196e-02           2.739e+02           1.392e+02           
 ------------------------------------------------------------------------------------------------
 -------------------------------------------
 STEP OF MOLECULAR DYNAMICS : 9
 -------------------------------------------
 DONE(1.023e+04  SEC) : INIT SCF
 ITER   ETOT(eV)       EDIFF(eV)      DRHO       TIME(s)    
 GE1    -8.396486e+03  0.000000e+00   4.139e-03  1.092e+02  
 GE2    -8.396470e+03  1.583271e-02   3.093e-03  9.953e+01  
 GE3    -8.396494e+03  -2.440599e-02  2.778e-03  1.040e+02  
 GE4    -8.396516e+03  -2.212666e-02  7.168e-04  9.820e+01  
 GE5    -8.396518e+03  -1.355459e-03  3.713e-04  9.986e+01  
 GE6    -8.396518e+03  -3.900300e-04  1.510e-04  1.065e+02  
 GE7    -8.396518e+03  -5.729314e-05  9.075e-05  1.002e+02  
 GE8    -8.396518e+03  -2.766250e-05  2.068e-05  1.035e+02  
 GE9    -8.396518e+03  -1.141355e-06  7.528e-06  9.767e+01  
 GE10   -8.396518e+03  -1.146232e-07  2.592e-06  1.024e+02  
 GE11   -8.396518e+03  -2.159626e-08  1.697e-06  1.049e+02  
 GE12   -8.396518e+03  -5.337968e-09  7.036e-07  1.009e+02  
 ><><><><><><><><><><><><><><><><><><><><><><
 TOTAL-STRESS (KBAR):
 ><><><><><><><><><><><><><><><><><><><><><><
 1.753e+02      -6.780e+01     -4.300e+01     
 -6.780e+01     1.783e+02      5.050e+01      
 -4.300e+01     5.050e+01      5.077e+01      
 TOTAL-PRESSURE: 1.348e+02 KBAR
 ------------------------------------------------------------------------------------------------
 Energy              Potential           Kinetic             Temperature         Pressure (KBAR)     
 -3.085e+02          -3.086e+02          7.956e-02           2.658e+02           1.384e+02           
 ------------------------------------------------------------------------------------------------
 -------------------------------------------
 STEP OF MOLECULAR DYNAMICS : 10
 -------------------------------------------
 DONE(1.156e+04  SEC) : INIT SCF
 ITER   ETOT(eV)       EDIFF(eV)      DRHO       TIME(s)    
 GE1    -8.396691e+03  0.000000e+00   3.939e-03  1.067e+02  
 GE2    -8.396681e+03  9.589054e-03   2.484e-03  9.922e+01  
 GE3    -8.396697e+03  -1.573449e-02  2.383e-03  1.065e+02  
 GE4    -8.396714e+03  -1.653893e-02  5.552e-04  1.006e+02  
 GE5    -8.396715e+03  -7.754153e-04  3.480e-04  1.031e+02  
 GE6    -8.396715e+03  -3.424209e-04  1.382e-04  9.700e+01  
 GE7    -8.396715e+03  -5.112502e-05  7.999e-05  1.032e+02  
 GE8    -8.396715e+03  -2.135728e-05  1.519e-05  1.024e+02  
 GE9    -8.396715e+03  -5.747975e-07  5.649e-06  1.028e+02  
 GE10   -8.396715e+03  -6.448562e-08  2.579e-06  1.006e+02  
 GE11   -8.396715e+03  -2.292960e-08  1.288e-06  9.780e+01  
 GE12   -8.396715e+03  -4.559933e-09  4.400e-07  1.066e+02  
 ><><><><><><><><><><><><><><><><><><><><><><
 TOTAL-STRESS (KBAR):
 ><><><><><><><><><><><><><><><><><><><><><><
 1.748e+02      -6.644e+01     -4.038e+01     
 -6.644e+01     1.785e+02      4.842e+01      
 -4.038e+01     4.842e+01      4.868e+01      
 TOTAL-PRESSURE: 1.340e+02 KBAR
 ------------------------------------------------------------------------------------------------
 Energy              Potential           Kinetic             Temperature         Pressure (KBAR)     
 -3.085e+02          -3.086e+02          8.802e-02           2.941e+02           1.380e+02           
 ------------------------------------------------------------------------------------------------

  |CLASS_NAME---------|NAME---------------|TIME(Sec)-----|CALLS----|AVG------|PER%-------
                       total               12898          27        4.8e+02   1e+02     %
   Driver              driver_line         12898          1         1.3e+04   1e+02     %
   PW_Basis            setup_struc_factor  0.85572        11        0.078     0.0066    %
   ORB_control         read_orb_first      0.15917        1         0.16      0.0012    %
   LCAO_Orbitals       Read_Orbitals       0.15917        1         0.16      0.0012    %
   ORB_control         set_orb_tables      7.0724         1         7.1       0.055     %
   ORB_gen_tables      gen_tables          7.0724         1         7.1       0.055     %
   ORB_table_phi       init_Table          5.5626         1         5.6       0.043     %
   ORB_table_phi       cal_ST_Phi12_R      5.5171         558       0.0099    0.043     %
   ORB_table_beta      init_Table_Beta     1.2524         1         1.3       0.0097    %
   ORB_table_beta      VNL_PhiBeta_R       1.2447         168       0.0074    0.0097    %
   ppcell_vl           init_vloc           0.22304        1         0.22      0.0017    %
   Run_MD              md_line             12890          1         1.3e+04   1e+02     %
   Langevin            setup               1660.7         1         1.7e+03   13        %
   MD_func             force_virial        12890          11        1.2e+03   1e+02     %
   ESolver_KS_LCAO     Run                 11831          11        1.1e+03   92        %
   ESolver_KS_LCAO     beforescf           23.57          11        2.1       0.18      %
   ESolver_KS_LCAO     beforesolver        8.6679         11        0.79      0.067     %
   ESolver_KS_LCAO     set_matrix_grid     5.1919         11        0.47      0.04      %
   Grid_Technique      init                2.4203         11        0.22      0.019     %
   Grid_BigCell        grid_expansion_index0.61406        22        0.028     0.0048    %
   Record_adj          for_2d              2.4136         11        0.22      0.019     %
   Grid_Driver         Find_atom           19.908         630976    3.2e-05   0.15      %
   Charge              atomic_rho          13.234         21        0.63      0.1       %
   PW_Basis            recip2real          3.8121         775       0.0049    0.03      %
   PW_Basis            gathers_scatterp    2.4467         775       0.0032    0.019     %
   Potential           init_pot            0.81611        11        0.074     0.0063    %
   Potential           update_from_charge  9.608          142       0.068     0.074     %
   Potential           cal_v_eff           9.5616         142       0.067     0.074     %
   H_Hartree_pw        v_hartree           1.0427         142       0.0073    0.0081    %
   PW_Basis            real2recip          3.0982         1180      0.0026    0.024     %
   PW_Basis            gatherp_scatters    1.2762         1180      0.0011    0.0099    %
   PotXC               cal_v_eff           8.4424         142       0.059     0.065     %
   XC_Functional       v_xc                8.3896         142       0.059     0.065     %
   HSolverLCAO         solve               11787          131       90        91        %
   HamiltLCAO          updateHk            4621.3         4716      0.98      36        %
   OperatorLCAO        init                3884.8         9432      0.41      30        %
   Veff                contributeHk        3882.4         4716      0.82      30        %
   Gint_interface      cal_gint            6138.1         273       22        48        %
   Gint_interface      cal_gint_vlocal     3043.4         131       23        24        %
   Gint_k              folding_vl_k        838.9          4716      0.18      6.5       %
   Gint_k              Distri              515.81         4716      0.11      4         %
   Overlap             contributeHR        4.5426         11        0.41      0.035     %
   LCAO_gen_fixedH     calculate_S_no      4.5425         11        0.41      0.035     %
   Ekin<LCAO>          contributeHR        4.6165         11        0.42      0.036     %
   Nonlocal<LCAO>      contributeHR        53.595         11        4.9       0.42      %
   LCAO_gen_fixedH     build_Nonlocal_mu_new168.8          22        7.7       1.3       %
   ORB_gen_tables      snap_psibeta_half   3.4429         1183545   2.9e-06   0.027     %
   OperatorLCAO        folding_fixed       673.63         4716      0.14      5.2       %
   LCAO_nnr            folding_fixedH      666.25         4716      0.14      5.2       %
   HSolverLCAO         hamiltSolvePsiK     1573.1         4716      0.33      12        %
   DiagoElpa           elpa_solve          1559.1         4716      0.33      12        %
   ElecStateLCAO       psiToRho            5593.1         131       43        43        %
   elecstate           cal_dm              143.78         142       1         1.1       %
   psiMulPsiMpi        pdgemm              138.38         5112      0.027     1.1       %
    Local_Orbital_wfc  wfc_2d_to_grid      29.439         4716      0.0062    0.23      %
   LCAO_Charge         cal_dk_k            2877.3         131       22        22        %
   Record_adj          for_grid            0.73207        131       0.0056    0.0057    %
   Gint_interface      cal_gint_rho        2562.2         131       20        20        %
   Charge              mix_rho             1.4025         120       0.012     0.011     %
   Force_Stress_LCAO   getForceStress      1058.9         11        96        8.2       %
   Forces              cal_force_loc       0.70939        11        0.064     0.0055    %
   Forces              cal_force_ew        0.68727        11        0.062     0.0053    %
   Forces              cal_force_scc       6.6212         11        0.6       0.051     %
   Stress_Func         stress_loc          5.4685         11        0.5       0.042     %
   Stress_Func         stress_ewa          0.33888        11        0.031     0.0026    %
   Stress_Func         stress_gga          0.39303        11        0.036     0.003     %
   Force_LCAO_k        ftable_k            1044.7         11        95        8.1       %
   Force_LCAO_k        allocate_k          146.52         11        13        1.1       %
   Force_LCAO_k        cal_foverlap_k      27.192         11        2.5       0.21      %
   Force_LCAO_k        cal_edm_2d          26.221         11        2.4       0.2       %
   Local_Orbital_Chargecal_dm_R            12.526         22        0.57      0.097     %
   Force_LCAO_k        cal_ftvnl_dphi_k    0.27577        11        0.025     0.0021    %
   Force_LCAO_k        cal_fvl_dphi_k      532.44         11        48        4.1       %
   Gint_interface      cal_gint_force      532.44         11        48        4.1       %
   Force_LCAO_k        cal_fvnl_dbeta_k_new302.61         11        28        2.3       %
 ----------------------------------------------------------------------------------------

 START  Time  : Fri Feb  3 16:52:52 2023
 FINISH Time  : Fri Feb  3 20:27:50 2023
 TOTAL  Time  : 1.3e+04
 SEE INFORMATION IN : OUT.ABACUS/
