 In SCAN_BEGIN, can't find: LATTICE_PARAMETERS block.
 In SCAN_BEGIN, can't find: <PP_MESH block.
 In SCAN_BEGIN, can't find: <PP_MESH block.
 AUTO_SET NBANDS to 0
 AUTO_SET NBANDS to 154
 cpu 2D distribution : 4*4
 but, the number of bands-row-block is 3
      Processor           Atom
              1             52
              2             52
              3             52
              4             52
              5             52
              6             53
              7             52
              8             53
              9             52
             10             52
             11             52
             12             53
             13             52
             14             51
             15             52
             16             51
                            startmag_type = 2
                       charge from rho_at = 3.95377
                         charge should be = 4
                            startmag_type = 2
                       charge from rho_at = 3.99303
                         charge should be = 4

 SETUP ATOMIC RHO FOR SPIN 1
                 Electron number from rho = 256
           total electron number from rho = 256
                                should be = 256
                 charge before normalized = 256
                  charge after normalized = 256
                 charge before normalized = 256.000092830231
                  charge after normalized = 256
                 charge before normalized = 256.000144867451
                  charge after normalized = 256
                 charge before normalized = 256.000113189707
                  charge after normalized = 256
                 charge before normalized = 256.000116453751
                  charge after normalized = 256
                 charge before normalized = 256.000111564037
                  charge after normalized = 256
                 charge before normalized = 256.00011183873
                  charge after normalized = 256
                 charge before normalized = 256.000111842182
                  charge after normalized = 256
                 charge before normalized = 256.000112040171
                  charge after normalized = 256
                 charge before normalized = 256.000112069984
                  charge after normalized = 256
                 charge before normalized = 256.000112051034
                  charge after normalized = 256
                 charge before normalized = 256.000112059204
                  charge after normalized = 256
                 charge before normalized = 256.000112062858
                  charge after normalized = 256
                 charge before normalized = 256.000112068173
                  charge after normalized = 256
                 charge before normalized = 256.000112064466
                  charge after normalized = 256
                 charge before normalized = 256.000112064512
                  charge after normalized = 256
                 charge before normalized = 256.000112064535
                  charge after normalized = 256
                 charge before normalized = 256.000112064502
                  charge after normalized = 256
                            startmag_type = 2
                       charge from rho_at = 3.95377434289291
                         charge should be = 4
                            startmag_type = 2
                       charge from rho_at = 3.99303358802097
                         charge should be = 4

 SETUP ATOMIC RHO FOR SPIN 1
                 Electron number from rho = 256
           total electron number from rho = 256
                                should be = 256
                            startmag_type = 2
                       charge from rho_at = 3.95377434289291
                         charge should be = 4
                            startmag_type = 2
                       charge from rho_at = 3.99303358802097
                         charge should be = 4

 SETUP ATOMIC RHO FOR SPIN 1
                 Electron number from rho = 256
           total electron number from rho = 256
                                should be = 256
      Processor           Atom
              1             52
              2             52
              3             52
              4             52
              5             52
              6             53
              7             52
              8             53
              9             52
             10             52
             11             52
             12             53
             13             52
             14             51
             15             52
             16             51
                 charge before normalized = 256
                  charge after normalized = 256
                 charge before normalized = 256.00011202884
                  charge after normalized = 256
                 charge before normalized = 256.000112015584
                  charge after normalized = 256
                 charge before normalized = 256.000112043926
                  charge after normalized = 256
                 charge before normalized = 256.00011202543
                  charge after normalized = 256
                 charge before normalized = 256.000112028277
                  charge after normalized = 256
                 charge before normalized = 256.000112026899
                  charge after normalized = 256
                 charge before normalized = 256.00011202747
                  charge after normalized = 256
                 charge before normalized = 256.00011202747
                  charge after normalized = 256
                 charge before normalized = 256.000112027465
                  charge after normalized = 256
                            startmag_type = 2
                       charge from rho_at = 3.95377434289291
                         charge should be = 4
                            startmag_type = 2
                       charge from rho_at = 3.99303358802097
                         charge should be = 4

 SETUP ATOMIC RHO FOR SPIN 1
                 Electron number from rho = 256
           total electron number from rho = 256
                                should be = 256
                            startmag_type = 2
                       charge from rho_at = 3.95377434289291
                         charge should be = 4
                            startmag_type = 2
                       charge from rho_at = 3.99303358802097
                         charge should be = 4

 SETUP ATOMIC RHO FOR SPIN 1
                 Electron number from rho = 256
           total electron number from rho = 256
                                should be = 256
      Processor           Atom
              1             52
              2             52
              3             52
              4             53
              5             52
              6             53
              7             52
              8             53
              9             52
             10             52
             11             52
             12             53
             13             52
             14             51
             15             52
             16             51
                 charge before normalized = 256.000000000001
                  charge after normalized = 256
                 charge before normalized = 256.000111959322
                  charge after normalized = 256
                 charge before normalized = 256.000111955741
                  charge after normalized = 256
                 charge before normalized = 256.000111965025
                  charge after normalized = 256
                 charge before normalized = 256.000111955618
                  charge after normalized = 256
                 charge before normalized = 256.000111959818
                  charge after normalized = 256
                 charge before normalized = 256.000111957449
                  charge after normalized = 256
                 charge before normalized = 256.000111958409
                  charge after normalized = 256
                 charge before normalized = 256.000111957821
                  charge after normalized = 256
                 charge before normalized = 256.000111958233
                  charge after normalized = 256
                 charge before normalized = 256.000111958096
                  charge after normalized = 256
                            startmag_type = 2
                       charge from rho_at = 3.95377434289291
                         charge should be = 4
                            startmag_type = 2
                       charge from rho_at = 3.99303358802097
                         charge should be = 4

 SETUP ATOMIC RHO FOR SPIN 1
                 Electron number from rho = 256
           total electron number from rho = 256
                                should be = 256
                            startmag_type = 2
                       charge from rho_at = 3.95377434289291
                         charge should be = 4
                            startmag_type = 2
                       charge from rho_at = 3.99303358802097
                         charge should be = 4

 SETUP ATOMIC RHO FOR SPIN 1
                 Electron number from rho = 256
           total electron number from rho = 256
                                should be = 256
      Processor           Atom
              1             52
              2             52
              3             52
              4             52
              5             52
              6             53
              7             52
              8             53
              9             52
             10             52
             11             52
             12             53
             13             52
             14             51
             15             52
             16             51
                 charge before normalized = 256
                  charge after normalized = 256
                 charge before normalized = 256.00011194171
                  charge after normalized = 256
                 charge before normalized = 256.000111929589
                  charge after normalized = 256
                 charge before normalized = 256.000111960262
                  charge after normalized = 256
                 charge before normalized = 256.000111929643
                  charge after normalized = 256
                 charge before normalized = 256.000111946013
                  charge after normalized = 256
                 charge before normalized = 256.000111936711
                  charge after normalized = 256
                 charge before normalized = 256.000111940296
                  charge after normalized = 256
                 charge before normalized = 256.000111939158
                  charge after normalized = 256
                 charge before normalized = 256.000111939492
                  charge after normalized = 256
                 charge before normalized = 256.000111939427
                  charge after normalized = 256
                 charge before normalized = 256.000111939413
                  charge after normalized = 256
                            startmag_type = 2
                       charge from rho_at = 3.95377434289291
                         charge should be = 4
                            startmag_type = 2
                       charge from rho_at = 3.99303358802097
                         charge should be = 4

 SETUP ATOMIC RHO FOR SPIN 1
                 Electron number from rho = 256
           total electron number from rho = 256
                                should be = 256
                            startmag_type = 2
                       charge from rho_at = 3.95377434289291
                         charge should be = 4
                            startmag_type = 2
                       charge from rho_at = 3.99303358802097
                         charge should be = 4

 SETUP ATOMIC RHO FOR SPIN 1
                 Electron number from rho = 256
           total electron number from rho = 256
                                should be = 256
      Processor           Atom
              1             52
              2             52
              3             52
              4             52
              5             52
              6             53
              7             52
              8             53
              9             52
             10             52
             11             52
             12             53
             13             52
             14             51
             15             52
             16             51
                 charge before normalized = 256
                  charge after normalized = 256
                 charge before normalized = 256.000111961265
                  charge after normalized = 256
                 charge before normalized = 256.000111965827
                  charge after normalized = 256
                 charge before normalized = 256.000111971817
                  charge after normalized = 256
                 charge before normalized = 256.000111959984
                  charge after normalized = 256
                 charge before normalized = 256.000111968361
                  charge after normalized = 256
                 charge before normalized = 256.000111961912
                  charge after normalized = 256
                 charge before normalized = 256.000111965952
                  charge after normalized = 256
                 charge before normalized = 256.000111964087
                  charge after normalized = 256
                 charge before normalized = 256.000111964488
                  charge after normalized = 256
                 charge before normalized = 256.000111964366
                  charge after normalized = 256
                 charge before normalized = 256.000111964439
                  charge after normalized = 256
                 charge before normalized = 256.000111964409
                  charge after normalized = 256
                            startmag_type = 2
                       charge from rho_at = 3.95377434289291
                         charge should be = 4
                            startmag_type = 2
                       charge from rho_at = 3.99303358802097
                         charge should be = 4

 SETUP ATOMIC RHO FOR SPIN 1
                 Electron number from rho = 256
           total electron number from rho = 256
                                should be = 256
                            startmag_type = 2
                       charge from rho_at = 3.95377434289291
                         charge should be = 4
                            startmag_type = 2
                       charge from rho_at = 3.99303358802097
                         charge should be = 4

 SETUP ATOMIC RHO FOR SPIN 1
                 Electron number from rho = 256
           total electron number from rho = 256
                                should be = 256
      Processor           Atom
              1             52
              2             52
              3             52
              4             52
              5             52
              6             53
              7             52
              8             53
              9             52
             10             52
             11             52
             12             54
             13             52
             14             51
             15             52
             16             51
                 charge before normalized = 256
                  charge after normalized = 256
                 charge before normalized = 256.000111998295
                  charge after normalized = 256
                 charge before normalized = 256.000111988835
                  charge after normalized = 256
                 charge before normalized = 256.000112015512
                  charge after normalized = 256
                 charge before normalized = 256.000111986637
                  charge after normalized = 256
                 charge before normalized = 256.000112002751
                  charge after normalized = 256
                 charge before normalized = 256.000111993595
                  charge after normalized = 256
                 charge before normalized = 256.000111996857
                  charge after normalized = 256
                 charge before normalized = 256.000111995461
                  charge after normalized = 256
                 charge before normalized = 256.000111996125
                  charge after normalized = 256
                 charge before normalized = 256.000111995964
                  charge after normalized = 256
                 charge before normalized = 256.000111995984
                  charge after normalized = 256
                            startmag_type = 2
                       charge from rho_at = 3.95377434289291
                         charge should be = 4
                            startmag_type = 2
                       charge from rho_at = 3.99303358802097
                         charge should be = 4

 SETUP ATOMIC RHO FOR SPIN 1
                 Electron number from rho = 256
           total electron number from rho = 256
                                should be = 256
                            startmag_type = 2
                       charge from rho_at = 3.95377434289291
                         charge should be = 4
                            startmag_type = 2
                       charge from rho_at = 3.99303358802097
                         charge should be = 4

 SETUP ATOMIC RHO FOR SPIN 1
                 Electron number from rho = 256
           total electron number from rho = 256
                                should be = 256
      Processor           Atom
              1             52
              2             52
              3             52
              4             52
              5             52
              6             53
              7             52
              8             52
              9             52
             10             52
             11             52
             12             53
             13             52
             14             51
             15             52
             16             51
                 charge before normalized = 256
                  charge after normalized = 256
                 charge before normalized = 256.000111741657
                  charge after normalized = 256
                 charge before normalized = 256.000111676023
                  charge after normalized = 256
                 charge before normalized = 256.000111833184
                  charge after normalized = 256
                 charge before normalized = 256.000111723672
                  charge after normalized = 256
                 charge before normalized = 256.000111740319
                  charge after normalized = 256
                 charge before normalized = 256.000111732283
                  charge after normalized = 256
                 charge before normalized = 256.000111735447
                  charge after normalized = 256
                 charge before normalized = 256.000111735032
                  charge after normalized = 256
                 charge before normalized = 256.000111735102
                  charge after normalized = 256
                 charge before normalized = 256.000111735061
                  charge after normalized = 256
                 charge before normalized = 256.000111735024
                  charge after normalized = 256
                 charge before normalized = 256.000111735024
                  charge after normalized = 256
                            startmag_type = 2
                       charge from rho_at = 3.95377434289291
                         charge should be = 4
                            startmag_type = 2
                       charge from rho_at = 3.99303358802097
                         charge should be = 4

 SETUP ATOMIC RHO FOR SPIN 1
                 Electron number from rho = 256
           total electron number from rho = 256
                                should be = 256
                            startmag_type = 2
                       charge from rho_at = 3.95377434289291
                         charge should be = 4
                            startmag_type = 2
                       charge from rho_at = 3.99303358802097
                         charge should be = 4

 SETUP ATOMIC RHO FOR SPIN 1
                 Electron number from rho = 256
           total electron number from rho = 256
                                should be = 256
      Processor           Atom
              1             52
              2             52
              3             52
              4             52
              5             52
              6             53
              7             52
              8             52
              9             52
             10             52
             11             52
             12             53
             13             52
             14             51
             15             52
             16             51
                 charge before normalized = 256
                  charge after normalized = 256
                 charge before normalized = 256.000111857761
                  charge after normalized = 256
                 charge before normalized = 256.000111811147
                  charge after normalized = 256
                 charge before normalized = 256.000111916547
                  charge after normalized = 256
                 charge before normalized = 256.000111831879
                  charge after normalized = 256
                 charge before normalized = 256.000111854771
                  charge after normalized = 256
                 charge before normalized = 256.000111844245
                  charge after normalized = 256
                 charge before normalized = 256.000111847708
                  charge after normalized = 256
                 charge before normalized = 256.000111846895
                  charge after normalized = 256
                 charge before normalized = 256.000111847055
                  charge after normalized = 256
                 charge before normalized = 256.000111846998
                  charge after normalized = 256
                 charge before normalized = 256.000111846992
                  charge after normalized = 256
                            startmag_type = 2
                       charge from rho_at = 3.95377434289291
                         charge should be = 4
                            startmag_type = 2
                       charge from rho_at = 3.99303358802097
                         charge should be = 4

 SETUP ATOMIC RHO FOR SPIN 1
                 Electron number from rho = 256
           total electron number from rho = 256
                                should be = 256
                            startmag_type = 2
                       charge from rho_at = 3.95377434289291
                         charge should be = 4
                            startmag_type = 2
                       charge from rho_at = 3.99303358802097
                         charge should be = 4

 SETUP ATOMIC RHO FOR SPIN 1
                 Electron number from rho = 256
           total electron number from rho = 256
                                should be = 256
      Processor           Atom
              1             52
              2             52
              3             52
              4             52
              5             52
              6             54
              7             52
              8             52
              9             52
             10             52
             11             52
             12             52
             13             52
             14             52
             15             52
             16             51
                 charge before normalized = 256
                  charge after normalized = 256
                 charge before normalized = 256.000111902721
                  charge after normalized = 256
                 charge before normalized = 256.000111894371
                  charge after normalized = 256
                 charge before normalized = 256.000111925223
                  charge after normalized = 256
                 charge before normalized = 256.000111891274
                  charge after normalized = 256
                 charge before normalized = 256.000111906414
                  charge after normalized = 256
                 charge before normalized = 256.000111896202
                  charge after normalized = 256
                 charge before normalized = 256.000111902607
                  charge after normalized = 256
                 charge before normalized = 256.000111900062
                  charge after normalized = 256
                 charge before normalized = 256.000111900386
                  charge after normalized = 256
                 charge before normalized = 256.000111900335
                  charge after normalized = 256
                 charge before normalized = 256.000111900356
                  charge after normalized = 256
                 charge before normalized = 256.000111900361
                  charge after normalized = 256
                            startmag_type = 2
                       charge from rho_at = 3.95377434289291
                         charge should be = 4
                            startmag_type = 2
                       charge from rho_at = 3.99303358802097
                         charge should be = 4

 SETUP ATOMIC RHO FOR SPIN 1
                 Electron number from rho = 256
           total electron number from rho = 256
                                should be = 256
                            startmag_type = 2
                       charge from rho_at = 3.95377434289291
                         charge should be = 4
                            startmag_type = 2
                       charge from rho_at = 3.99303358802097
                         charge should be = 4

 SETUP ATOMIC RHO FOR SPIN 1
                 Electron number from rho = 256
           total electron number from rho = 256
                                should be = 256
      Processor           Atom
              1             52
              2             52
              3             52
              4             52
              5             52
              6             54
              7             52
              8             52
              9             52
             10             52
             11             52
             12             52
             13             52
             14             51
             15             52
             16             51
                 charge before normalized = 256
                  charge after normalized = 256
                 charge before normalized = 256.000111881676
                  charge after normalized = 256
                 charge before normalized = 256.000111839602
                  charge after normalized = 256
                 charge before normalized = 256.000111948206
                  charge after normalized = 256
                 charge before normalized = 256.000111855525
                  charge after normalized = 256
                 charge before normalized = 256.000111884265
                  charge after normalized = 256
                 charge before normalized = 256.00011187087
                  charge after normalized = 256
                 charge before normalized = 256.000111875986
                  charge after normalized = 256
                 charge before normalized = 256.000111874683
                  charge after normalized = 256
                 charge before normalized = 256.0001118751
                  charge after normalized = 256
                 charge before normalized = 256.000111875019
                  charge after normalized = 256
                 charge before normalized = 256.000111874981
                  charge after normalized = 256
                 charge before normalized = 256.000111874972
                  charge after normalized = 256
                            startmag_type = 2
                       charge from rho_at = 3.95377434289291
                         charge should be = 4
                            startmag_type = 2
                       charge from rho_at = 3.99303358802097
                         charge should be = 4

 SETUP ATOMIC RHO FOR SPIN 1
                 Electron number from rho = 256
           total electron number from rho = 256
                                should be = 256
                            startmag_type = 2
                       charge from rho_at = 3.95377434289291
                         charge should be = 4
                            startmag_type = 2
                       charge from rho_at = 3.99303358802097
                         charge should be = 4

 SETUP ATOMIC RHO FOR SPIN 1
                 Electron number from rho = 256
           total electron number from rho = 256
                                should be = 256
      Processor           Atom
              1             52
              2             52
              3             52
              4             52
              5             52
              6             54
              7             52
              8             52
              9             52
             10             52
             11             52
             12             52
             13             52
             14             51
             15             52
             16             51
                 charge before normalized = 256
                  charge after normalized = 256
                 charge before normalized = 256.000111779314
                  charge after normalized = 256
                 charge before normalized = 256.000111756933
                  charge after normalized = 256
                 charge before normalized = 256.000111819612
                  charge after normalized = 256
                 charge before normalized = 256.00011175935
                  charge after normalized = 256
                 charge before normalized = 256.000111782703
                  charge after normalized = 256
                 charge before normalized = 256.000111770438
                  charge after normalized = 256
                 charge before normalized = 256.000111774617
                  charge after normalized = 256
                 charge before normalized = 256.000111773062
                  charge after normalized = 256
                 charge before normalized = 256.000111773431
                  charge after normalized = 256
                 charge before normalized = 256.000111773391
                  charge after normalized = 256
                 charge before normalized = 256.000111773378
                  charge after normalized = 256
                 charge before normalized = 256.000111773377
                  charge after normalized = 256
