 In SCAN_BEGIN, can't find: LATTICE_PARAMETERS block.
 In SCAN_BEGIN, can't find: <PP_MESH block.
 In SCAN_BEGIN, can't find: <PP_MESH block.
 AUTO_SET NBANDS to 0
 AUTO_SET NBANDS to 154
 cpu 2D distribution : 4*4
 but, the number of bands-row-block is 3
      Processor           Atom
              1             66
              2             66
              3             61
              4             66
              5             64
              6             66
              7             65
              8             66
              9             64
             10             66
             11             61
             12             66
             13             61
             14             66
             15             64
             16             65
                            startmag_type = 2
                       charge from rho_at = 3.95377
                         charge should be = 4
                            startmag_type = 2
                       charge from rho_at = 3.99303
                         charge should be = 4

 SETUP ATOMIC RHO FOR SPIN 1
                 Electron number from rho = 256
           total electron number from rho = 256
                                should be = 256
                 charge before normalized = 256
                  charge after normalized = 256
                 charge before normalized = 256.000107946668
                  charge after normalized = 256
                 charge before normalized = 256.00015189584
                  charge after normalized = 256
                 charge before normalized = 256.00012784924
                  charge after normalized = 256
                 charge before normalized = 256.000129598104
                  charge after normalized = 256
                 charge before normalized = 256.000128310448
                  charge after normalized = 256
                 charge before normalized = 256.000128412493
                  charge after normalized = 256
                 charge before normalized = 256.000128452085
                  charge after normalized = 256
                 charge before normalized = 256.000128463166
                  charge after normalized = 256
                 charge before normalized = 256.000128468475
                  charge after normalized = 256
                 charge before normalized = 256.000128472142
                  charge after normalized = 256
                 charge before normalized = 256.000128471282
                  charge after normalized = 256
                 charge before normalized = 256.000128472171
                  charge after normalized = 256
                 charge before normalized = 256.000128472134
                  charge after normalized = 256
                 charge before normalized = 256.000128472169
                  charge after normalized = 256
                 charge before normalized = 256.000128472149
                  charge after normalized = 256
                            startmag_type = 2
                       charge from rho_at = 3.95377434289291
                         charge should be = 4
                            startmag_type = 2
                       charge from rho_at = 3.99303358802097
                         charge should be = 4

 SETUP ATOMIC RHO FOR SPIN 1
                 Electron number from rho = 256
           total electron number from rho = 256
                                should be = 256
                            startmag_type = 2
                       charge from rho_at = 3.95377434289291
                         charge should be = 4
                            startmag_type = 2
                       charge from rho_at = 3.99303358802097
                         charge should be = 4

 SETUP ATOMIC RHO FOR SPIN 1
                 Electron number from rho = 256
           total electron number from rho = 256
                                should be = 256
      Processor           Atom
              1             66
              2             66
              3             62
              4             66
              5             64
              6             66
              7             65
              8             66
              9             64
             10             66
             11             61
             12             66
             13             61
             14             66
             15             64
             16             65
                 charge before normalized = 256
                  charge after normalized = 256
                 charge before normalized = 256.000128500724
                  charge after normalized = 256
                 charge before normalized = 256.0001285008
                  charge after normalized = 256
                 charge before normalized = 256.000128501184
                  charge after normalized = 256
                 charge before normalized = 256.000128501085
                  charge after normalized = 256
                 charge before normalized = 256.000128500963
                  charge after normalized = 256
                 charge before normalized = 256.000128501043
                  charge after normalized = 256
                 charge before normalized = 256.000128501042
                  charge after normalized = 256
                 charge before normalized = 256.000128501042
                  charge after normalized = 256
                            startmag_type = 2
                       charge from rho_at = 3.95377434289291
                         charge should be = 4
                            startmag_type = 2
                       charge from rho_at = 3.99303358802097
                         charge should be = 4

 SETUP ATOMIC RHO FOR SPIN 1
                 Electron number from rho = 256
           total electron number from rho = 256
                                should be = 256
                            startmag_type = 2
                       charge from rho_at = 3.95377434289291
                         charge should be = 4
                            startmag_type = 2
                       charge from rho_at = 3.99303358802097
                         charge should be = 4

 SETUP ATOMIC RHO FOR SPIN 1
                 Electron number from rho = 256
           total electron number from rho = 256
                                should be = 256
      Processor           Atom
              1             66
              2             66
              3             62
              4             66
              5             64
              6             66
              7             65
              8             66
              9             63
             10             66
             11             61
             12             66
             13             61
             14             66
             15             64
             16             65
                 charge before normalized = 256
                  charge after normalized = 256
                 charge before normalized = 256.000128546359
                  charge after normalized = 256
                 charge before normalized = 256.000128542556
                  charge after normalized = 256
                 charge before normalized = 256.000128550892
                  charge after normalized = 256
                 charge before normalized = 256.000128543346
                  charge after normalized = 256
                 charge before normalized = 256.000128545737
                  charge after normalized = 256
                 charge before normalized = 256.000128544837
                  charge after normalized = 256
                 charge before normalized = 256.000128545059
                  charge after normalized = 256
                 charge before normalized = 256.000128545062
                  charge after normalized = 256
                 charge before normalized = 256.000128545061
                  charge after normalized = 256
                 charge before normalized = 256.000128545061
                  charge after normalized = 256
                            startmag_type = 2
                       charge from rho_at = 3.95377434289291
                         charge should be = 4
                            startmag_type = 2
                       charge from rho_at = 3.99303358802097
                         charge should be = 4

 SETUP ATOMIC RHO FOR SPIN 1
                 Electron number from rho = 256
           total electron number from rho = 256
                                should be = 256
                            startmag_type = 2
                       charge from rho_at = 3.95377434289291
                         charge should be = 4
                            startmag_type = 2
                       charge from rho_at = 3.99303358802097
                         charge should be = 4

 SETUP ATOMIC RHO FOR SPIN 1
                 Electron number from rho = 256
           total electron number from rho = 256
                                should be = 256
      Processor           Atom
              1             66
              2             66
              3             61
              4             66
              5             64
              6             66
              7             65
              8             66
              9             64
             10             66
             11             61
             12             66
             13             61
             14             66
             15             64
             16             65
                 charge before normalized = 256
                  charge after normalized = 256
                 charge before normalized = 256.000128516416
                  charge after normalized = 256
                 charge before normalized = 256.000128521209
                  charge after normalized = 256
                 charge before normalized = 256.000128512613
                  charge after normalized = 256
                 charge before normalized = 256.000128517969
                  charge after normalized = 256
                 charge before normalized = 256.000128516088
                  charge after normalized = 256
                 charge before normalized = 256.000128516994
                  charge after normalized = 256
                 charge before normalized = 256.000128516766
                  charge after normalized = 256
                 charge before normalized = 256.000128516762
                  charge after normalized = 256
                 charge before normalized = 256.000128516759
                  charge after normalized = 256
                 charge before normalized = 256.000128516771
                  charge after normalized = 256
                 charge before normalized = 256.000128516768
                  charge after normalized = 256
                            startmag_type = 2
                       charge from rho_at = 3.95377434289291
                         charge should be = 4
                            startmag_type = 2
                       charge from rho_at = 3.99303358802097
                         charge should be = 4

 SETUP ATOMIC RHO FOR SPIN 1
                 Electron number from rho = 256
           total electron number from rho = 256
                                should be = 256
                            startmag_type = 2
                       charge from rho_at = 3.95377434289291
                         charge should be = 4
                            startmag_type = 2
                       charge from rho_at = 3.99303358802097
                         charge should be = 4

 SETUP ATOMIC RHO FOR SPIN 1
                 Electron number from rho = 256
           total electron number from rho = 256
                                should be = 256
      Processor           Atom
              1             66
              2             66
              3             62
              4             66
              5             64
              6             66
              7             65
              8             66
              9             64
             10             66
             11             61
             12             66
             13             61
             14             66
             15             64
             16             65
                 charge before normalized = 256
                  charge after normalized = 256
                 charge before normalized = 256.000128519548
                  charge after normalized = 256
                 charge before normalized = 256.000128520275
                  charge after normalized = 256
                 charge before normalized = 256.000128523385
                  charge after normalized = 256
                 charge before normalized = 256.000128516938
                  charge after normalized = 256
                 charge before normalized = 256.000128519304
                  charge after normalized = 256
                 charge before normalized = 256.000128518788
                  charge after normalized = 256
                 charge before normalized = 256.000128518558
                  charge after normalized = 256
                 charge before normalized = 256.00012851876
                  charge after normalized = 256
                 charge before normalized = 256.00012851868
                  charge after normalized = 256
                 charge before normalized = 256.00012851871
                  charge after normalized = 256
                            startmag_type = 2
                       charge from rho_at = 3.95377434289291
                         charge should be = 4
                            startmag_type = 2
                       charge from rho_at = 3.99303358802097
                         charge should be = 4

 SETUP ATOMIC RHO FOR SPIN 1
                 Electron number from rho = 256
           total electron number from rho = 256
                                should be = 256
                            startmag_type = 2
                       charge from rho_at = 3.95377434289291
                         charge should be = 4
                            startmag_type = 2
                       charge from rho_at = 3.99303358802097
                         charge should be = 4

 SETUP ATOMIC RHO FOR SPIN 1
                 Electron number from rho = 256
           total electron number from rho = 256
                                should be = 256
      Processor           Atom
              1             66
              2             66
              3             62
              4             66
              5             64
              6             66
              7             65
              8             66
              9             64
             10             66
             11             61
             12             66
             13             61
             14             66
             15             64
             16             65
                 charge before normalized = 256
                  charge after normalized = 256
                 charge before normalized = 256.000128639697
                  charge after normalized = 256
                 charge before normalized = 256.000128638116
                  charge after normalized = 256
                 charge before normalized = 256.000128643794
                  charge after normalized = 256
                 charge before normalized = 256.000128637255
                  charge after normalized = 256
                 charge before normalized = 256.000128639318
                  charge after normalized = 256
                 charge before normalized = 256.000128638608
                  charge after normalized = 256
                 charge before normalized = 256.000128638834
                  charge after normalized = 256
                 charge before normalized = 256.00012863874
                  charge after normalized = 256
                 charge before normalized = 256.000128638775
                  charge after normalized = 256
                 charge before normalized = 256.000128638768
                  charge after normalized = 256
                 charge before normalized = 256.000128638775
                  charge after normalized = 256
                            startmag_type = 2
                       charge from rho_at = 3.95377434289291
                         charge should be = 4
                            startmag_type = 2
                       charge from rho_at = 3.99303358802097
                         charge should be = 4

 SETUP ATOMIC RHO FOR SPIN 1
                 Electron number from rho = 256
           total electron number from rho = 256
                                should be = 256
                            startmag_type = 2
                       charge from rho_at = 3.95377434289291
                         charge should be = 4
                            startmag_type = 2
                       charge from rho_at = 3.99303358802097
                         charge should be = 4

 SETUP ATOMIC RHO FOR SPIN 1
                 Electron number from rho = 256
           total electron number from rho = 256
                                should be = 256
      Processor           Atom
              1             66
              2             66
              3             62
              4             66
              5             64
              6             66
              7             65
              8             66
              9             64
             10             66
             11             61
             12             66
             13             61
             14             66
             15             64
             16             65
                 charge before normalized = 256
                  charge after normalized = 256
                 charge before normalized = 256.000128653479
                  charge after normalized = 256
                 charge before normalized = 256.000128667437
                  charge after normalized = 256
                 charge before normalized = 256.000128641249
                  charge after normalized = 256
                 charge before normalized = 256.000128653778
                  charge after normalized = 256
                 charge before normalized = 256.000128651765
                  charge after normalized = 256
                 charge before normalized = 256.000128653422
                  charge after normalized = 256
                 charge before normalized = 256.000128652721
                  charge after normalized = 256
                 charge before normalized = 256.000128652764
                  charge after normalized = 256
                 charge before normalized = 256.000128652766
                  charge after normalized = 256
                 charge before normalized = 256.00012865279
                  charge after normalized = 256
                 charge before normalized = 256.000128652781
                  charge after normalized = 256
                            startmag_type = 2
                       charge from rho_at = 3.95377434289291
                         charge should be = 4
                            startmag_type = 2
                       charge from rho_at = 3.99303358802097
                         charge should be = 4

 SETUP ATOMIC RHO FOR SPIN 1
                 Electron number from rho = 256
           total electron number from rho = 256
                                should be = 256
                            startmag_type = 2
                       charge from rho_at = 3.95377434289291
                         charge should be = 4
                            startmag_type = 2
                       charge from rho_at = 3.99303358802097
                         charge should be = 4

 SETUP ATOMIC RHO FOR SPIN 1
                 Electron number from rho = 256
           total electron number from rho = 256
                                should be = 256
      Processor           Atom
              1             66
              2             66
              3             62
              4             66
              5             64
              6             66
              7             65
              8             66
              9             64
             10             66
             11             60
             12             66
             13             61
             14             66
             15             64
             16             65
                 charge before normalized = 256
                  charge after normalized = 256
                 charge before normalized = 256.000128513636
                  charge after normalized = 256
                 charge before normalized = 256.000128527276
                  charge after normalized = 256
                 charge before normalized = 256.000128506193
                  charge after normalized = 256
                 charge before normalized = 256.000128516287
                  charge after normalized = 256
                 charge before normalized = 256.000128513183
                  charge after normalized = 256
                 charge before normalized = 256.000128515496
                  charge after normalized = 256
                 charge before normalized = 256.000128514626
                  charge after normalized = 256
                 charge before normalized = 256.00012851473
                  charge after normalized = 256
                 charge before normalized = 256.000128514698
                  charge after normalized = 256
                 charge before normalized = 256.000128514717
                  charge after normalized = 256
                 charge before normalized = 256.000128514715
                  charge after normalized = 256
                            startmag_type = 2
                       charge from rho_at = 3.95377434289291
                         charge should be = 4
                            startmag_type = 2
                       charge from rho_at = 3.99303358802097
                         charge should be = 4

 SETUP ATOMIC RHO FOR SPIN 1
                 Electron number from rho = 256
           total electron number from rho = 256
                                should be = 256
                            startmag_type = 2
                       charge from rho_at = 3.95377434289291
                         charge should be = 4
                            startmag_type = 2
                       charge from rho_at = 3.99303358802097
                         charge should be = 4

 SETUP ATOMIC RHO FOR SPIN 1
                 Electron number from rho = 256
           total electron number from rho = 256
                                should be = 256
      Processor           Atom
              1             66
              2             66
              3             62
              4             66
              5             64
              6             66
              7             65
              8             66
              9             63
             10             66
             11             60
             12             66
             13             61
             14             66
             15             64
             16             65
                 charge before normalized = 256
                  charge after normalized = 256
                 charge before normalized = 256.000128576168
                  charge after normalized = 256
                 charge before normalized = 256.000128577447
                  charge after normalized = 256
                 charge before normalized = 256.00012857714
                  charge after normalized = 256
                 charge before normalized = 256.000128570225
                  charge after normalized = 256
                 charge before normalized = 256.000128574195
                  charge after normalized = 256
                 charge before normalized = 256.000128573134
                  charge after normalized = 256
                 charge before normalized = 256.000128573073
                  charge after normalized = 256
                 charge before normalized = 256.000128573015
                  charge after normalized = 256
                 charge before normalized = 256.000128573108
                  charge after normalized = 256
                 charge before normalized = 256.000128573086
                  charge after normalized = 256
                 charge before normalized = 256.000128573083
                  charge after normalized = 256
                            startmag_type = 2
                       charge from rho_at = 3.95377434289291
                         charge should be = 4
                            startmag_type = 2
                       charge from rho_at = 3.99303358802097
                         charge should be = 4

 SETUP ATOMIC RHO FOR SPIN 1
                 Electron number from rho = 256
           total electron number from rho = 256
                                should be = 256
                            startmag_type = 2
                       charge from rho_at = 3.95377434289291
                         charge should be = 4
                            startmag_type = 2
                       charge from rho_at = 3.99303358802097
                         charge should be = 4

 SETUP ATOMIC RHO FOR SPIN 1
                 Electron number from rho = 256
           total electron number from rho = 256
                                should be = 256
      Processor           Atom
              1             66
              2             66
              3             62
              4             66
              5             64
              6             66
              7             65
              8             66
              9             64
             10             66
             11             60
             12             66
             13             61
             14             66
             15             64
             16             66
                 charge before normalized = 256
                  charge after normalized = 256
                 charge before normalized = 256.000128641698
                  charge after normalized = 256
                 charge before normalized = 256.00012867227
                  charge after normalized = 256
                 charge before normalized = 256.000128617655
                  charge after normalized = 256
                 charge before normalized = 256.000128642129
                  charge after normalized = 256
                 charge before normalized = 256.000128639082
                  charge after normalized = 256
                 charge before normalized = 256.000128641365
                  charge after normalized = 256
                 charge before normalized = 256.000128640071
                  charge after normalized = 256
                 charge before normalized = 256.000128640057
                  charge after normalized = 256
                 charge before normalized = 256.000128640171
                  charge after normalized = 256
                 charge before normalized = 256.000128640151
                  charge after normalized = 256
                 charge before normalized = 256.000128640155
                  charge after normalized = 256
                            startmag_type = 2
                       charge from rho_at = 3.95377434289291
                         charge should be = 4
                            startmag_type = 2
                       charge from rho_at = 3.99303358802097
                         charge should be = 4

 SETUP ATOMIC RHO FOR SPIN 1
                 Electron number from rho = 256
           total electron number from rho = 256
                                should be = 256
                            startmag_type = 2
                       charge from rho_at = 3.95377434289291
                         charge should be = 4
                            startmag_type = 2
                       charge from rho_at = 3.99303358802097
                         charge should be = 4

 SETUP ATOMIC RHO FOR SPIN 1
                 Electron number from rho = 256
           total electron number from rho = 256
                                should be = 256
      Processor           Atom
              1             66
              2             66
              3             62
              4             66
              5             64
              6             66
              7             66
              8             66
              9             64
             10             66
             11             60
             12             66
             13             61
             14             66
             15             64
             16             66
                 charge before normalized = 256
                  charge after normalized = 256
                 charge before normalized = 256.000128664263
                  charge after normalized = 256
                 charge before normalized = 256.000128681504
                  charge after normalized = 256
                 charge before normalized = 256.000128645697
                  charge after normalized = 256
                 charge before normalized = 256.000128664924
                  charge after normalized = 256
                 charge before normalized = 256.000128661012
                  charge after normalized = 256
                 charge before normalized = 256.000128663648
                  charge after normalized = 256
                 charge before normalized = 256.000128662549
                  charge after normalized = 256
                 charge before normalized = 256.000128662575
                  charge after normalized = 256
                 charge before normalized = 256.000128662623
                  charge after normalized = 256
                 charge before normalized = 256.000128662627
                  charge after normalized = 256
                 charge before normalized = 256.000128662622
                  charge after normalized = 256
