WARNING: Total thread number on this node mismatches with hardware availability. This may cause poor performance.
Info: Local MPI proc number: 16,OpenMP thread number: 1,Total thread number: 16,Local thread limit: 32
                                                                                     
                              ABACUS v3.1                                            

               Atomic-orbital Based Ab-initio Computation at UStc                    

                     Website: http://abacus.ustc.edu.cn/                             
               Documentation: https://abacus.deepmodeling.com/                       
                  Repository: https://github.com/abacusmodeling/abacus-develop       
                              https://github.com/deepmodeling/abacus-develop         

 Fri Feb  3 16:52:54 2023
 MAKE THE DIR         : OUT.ABACUS/
 MAKE THE STRU DIR    : OUT.ABACUS/STRU/
 UNIFORM GRID DIM     : 108 * 108 * 108
 UNIFORM GRID DIM(BIG): 54 * 54 * 54
 DONE(0.117308   SEC) : SETUP UNITCELL
 DONE(0.129386   SEC) : INIT K-POINTS
 ---------------------------------------------------------
 Molecular Dynamics simulations
 ---------------------------------------------------------
 ENSEMBLE                 : Langevin
 Time interval(fs)        : 1
 ---------------------------------------------------------
 SPIN    KPOINTS         PROCESSORS  NBASE       
 1       36              16          1408        
 ---------------------------------------------------------
 Use Systematically Improvable Atomic bases
 ---------------------------------------------------------
 ELEMENT ORBITALS        NBASE       NATOM       XC          
 Si      3s3p2d-9au      22          32          
 C       3s3p2d-9au      22          32          
 ---------------------------------------------------------
 Initial plane wave basis and FFT box
 ---------------------------------------------------------
--------------------------------- INITVEL DONE ------------------------------------
 -------------------------------------------
 STEP OF MOLECULAR DYNAMICS : 0
 -------------------------------------------
 START CHARGE      : atomic
 DONE(10.1644    SEC) : INIT SCF
 ITER   ETOT(eV)       EDIFF(eV)      DRHO       TIME(s)    
 GE1    -8.330193e+03  0.000000e+00   2.746e-01  1.054e+02  
 GE2    -8.371333e+03  -4.114033e+01  1.605e-01  9.475e+01  
 GE3    -8.382652e+03  -1.131868e+01  4.706e-02  9.590e+01  
 GE4    -8.391264e+03  -8.611684e+00  5.487e-02  9.865e+01  
 GE5    -8.398212e+03  -6.947864e+00  9.475e-03  8.704e+01  
 GE6    -8.398305e+03  -9.340645e-02  4.122e-03  1.011e+02  
 GE7    -8.398323e+03  -1.798621e-02  2.223e-03  9.448e+01  
 GE8    -8.398331e+03  -8.297269e-03  1.467e-03  9.551e+01  
 GE9    -8.398336e+03  -4.282710e-03  5.881e-04  9.798e+01  
 GE10   -8.398336e+03  -7.953648e-04  1.920e-04  8.785e+01  
 GE11   -8.398336e+03  -1.170990e-04  1.075e-04  9.770e+01  
 GE12   -8.398336e+03  -2.767371e-05  5.789e-05  8.929e+01  
 GE13   -8.398336e+03  -9.805255e-06  7.663e-06  9.925e+01  
 GE14   -8.398336e+03  -1.795358e-08  5.032e-06  9.364e+01  
 GE15   -8.398336e+03  -6.037581e-08  2.884e-06  9.710e+01  
 GE16   -8.398336e+03  -2.332712e-08  1.322e-06  9.702e+01  
 GE17   -8.398336e+03  -3.215774e-09  4.812e-07  9.703e+01  
 ><><><><><><><><><><><><><><><><><><><><><><
 TOTAL-STRESS (KBAR):
 ><><><><><><><><><><><><><><><><><><><><><><
 5.813e+01      8.206e+01      3.141e+01      
 8.206e+01      4.965e+01      -4.660e+01     
 3.141e+01      -4.660e+01     4.175e+00      
 TOTAL-PRESSURE: 3.732e+01 KBAR
 ------------------------------------------------------------------------------------------------
 Energy              Potential           Kinetic             Temperature         Pressure (KBAR)     
 -3.086e+02          -3.086e+02          2.993e-03           1.000e+01           3.745e+01           
 ------------------------------------------------------------------------------------------------
 -------------------------------------------
 STEP OF MOLECULAR DYNAMICS : 1
 -------------------------------------------
 DONE(1.728e+03  SEC) : INIT SCF
 ITER   ETOT(eV)       EDIFF(eV)      DRHO       TIME(s)    
 GE1    -8.398499e+03  0.000000e+00   6.061e-04  8.427e+01  
 GE2    -8.398498e+03  4.833757e-04   4.563e-04  7.879e+01  
 GE3    -8.398499e+03  -6.110309e-04  4.600e-04  7.876e+01  
 GE4    -8.398500e+03  -5.971388e-04  8.375e-05  7.884e+01  
 GE5    -8.398500e+03  -1.168688e-05  4.185e-05  7.881e+01  
 GE6    -8.398500e+03  -4.228658e-06  2.104e-05  7.897e+01  
 GE7    -8.398500e+03  -1.036028e-06  8.077e-06  7.879e+01  
 GE8    -8.398500e+03  -2.208938e-07  3.101e-06  7.886e+01  
 GE9    -8.398500e+03  -2.894042e-08  1.036e-06  8.477e+01  
 GE10   -8.398500e+03  -2.123741e-09  2.506e-07  8.607e+01  
 ><><><><><><><><><><><><><><><><><><><><><><
 TOTAL-STRESS (KBAR):
 ><><><><><><><><><><><><><><><><><><><><><><
 5.770e+01      8.111e+01      3.120e+01      
 8.111e+01      4.881e+01      -4.708e+01     
 3.120e+01      -4.708e+01     3.300e+00      
 TOTAL-PRESSURE: 3.660e+01 KBAR
 ------------------------------------------------------------------------------------------------
 Energy              Potential           Kinetic             Temperature         Pressure (KBAR)     
 -3.086e+02          -3.086e+02          9.734e-03           3.253e+01           3.702e+01           
 ------------------------------------------------------------------------------------------------
 -------------------------------------------
 STEP OF MOLECULAR DYNAMICS : 2
 -------------------------------------------
 DONE(2.624e+03  SEC) : INIT SCF
 ITER   ETOT(eV)       EDIFF(eV)      DRHO       TIME(s)    
 GE1    -8.398853e+03  0.000000e+00   1.624e-03  9.245e+01  
 GE2    -8.398851e+03  2.112091e-03   1.065e-03  8.584e+01  
 GE3    -8.398853e+03  -2.956794e-03  1.059e-03  8.584e+01  
 GE4    -8.398857e+03  -3.148347e-03  2.183e-04  8.621e+01  
 GE5    -8.398857e+03  -9.817541e-05  1.296e-04  8.583e+01  
 GE6    -8.398857e+03  -4.248852e-05  4.876e-05  8.530e+01  
 GE7    -8.398857e+03  -4.768553e-06  1.938e-05  8.583e+01  
 GE8    -8.398857e+03  -1.272719e-06  8.124e-06  8.661e+01  
 GE9    -8.398857e+03  -1.931506e-07  2.309e-06  8.558e+01  
 GE10   -8.398857e+03  -1.022582e-08  6.372e-07  8.600e+01  
 ><><><><><><><><><><><><><><><><><><><><><><
 TOTAL-STRESS (KBAR):
 ><><><><><><><><><><><><><><><><><><><><><><
 5.735e+01      7.921e+01      3.092e+01      
 7.921e+01      4.685e+01      -4.832e+01     
 3.092e+01      -4.832e+01     1.475e+00      
 TOTAL-PRESSURE: 3.523e+01 KBAR
 ------------------------------------------------------------------------------------------------
 Energy              Potential           Kinetic             Temperature         Pressure (KBAR)     
 -3.086e+02          -3.087e+02          2.147e-02           7.173e+01           3.615e+01           
 ------------------------------------------------------------------------------------------------
 -------------------------------------------
 STEP OF MOLECULAR DYNAMICS : 3
 -------------------------------------------
 DONE(3.578e+03  SEC) : INIT SCF
 ITER   ETOT(eV)       EDIFF(eV)      DRHO       TIME(s)    
 GE1    -8.399128e+03  0.000000e+00   2.014e-03  9.244e+01  
 GE2    -8.399128e+03  4.170582e-04   1.228e-03  8.610e+01  
 GE3    -8.399130e+03  -2.867425e-03  1.059e-03  8.639e+01  
 GE4    -8.399133e+03  -3.014719e-03  3.084e-04  8.712e+01  
 GE5    -8.399134e+03  -2.451054e-04  1.631e-04  8.547e+01  
 GE6    -8.399134e+03  -7.923835e-05  5.384e-05  8.638e+01  
 GE7    -8.399134e+03  -5.815383e-06  1.946e-05  8.669e+01  
 GE8    -8.399134e+03  -1.177235e-06  1.013e-05  8.619e+01  
 GE9    -8.399134e+03  -3.280012e-07  2.972e-06  8.620e+01  
 GE10   -8.399134e+03  -2.134259e-08  8.169e-07  8.618e+01  
 ><><><><><><><><><><><><><><><><><><><><><><
 TOTAL-STRESS (KBAR):
 ><><><><><><><><><><><><><><><><><><><><><><
 5.696e+01      7.747e+01      3.042e+01      
 7.747e+01      4.542e+01      -4.909e+01     
 3.042e+01      -4.909e+01     -2.532e-01     
 TOTAL-PRESSURE: 3.404e+01 KBAR
 ------------------------------------------------------------------------------------------------
 Energy              Potential           Kinetic             Temperature         Pressure (KBAR)     
 -3.086e+02          -3.087e+02          3.179e-02           1.062e+02           3.541e+01           
 ------------------------------------------------------------------------------------------------
 -------------------------------------------
 STEP OF MOLECULAR DYNAMICS : 4
 -------------------------------------------
 DONE(4.537e+03  SEC) : INIT SCF
 ITER   ETOT(eV)       EDIFF(eV)      DRHO       TIME(s)    
 GE1    -8.399459e+03  0.000000e+00   2.397e-03  9.186e+01  
 GE2    -8.399453e+03  6.224609e-03   1.643e-03  8.632e+01  
 GE3    -8.399461e+03  -7.428070e-03  1.668e-03  8.707e+01  
 GE4    -8.399468e+03  -7.783939e-03  3.272e-04  8.243e+01  
 GE5    -8.399469e+03  -1.868377e-04  1.578e-04  7.933e+01  
 GE6    -8.399469e+03  -5.805530e-05  7.412e-05  7.926e+01  
 GE7    -8.399469e+03  -1.210331e-05  2.899e-05  7.925e+01  
 GE8    -8.399469e+03  -2.914320e-06  1.085e-05  7.924e+01  
 GE9    -8.399469e+03  -3.532262e-07  3.392e-06  7.933e+01  
 GE10   -8.399469e+03  -2.087082e-08  9.794e-07  7.924e+01  
 ><><><><><><><><><><><><><><><><><><><><><><
 TOTAL-STRESS (KBAR):
 ><><><><><><><><><><><><><><><><><><><><><><
 5.599e+01      7.471e+01      2.994e+01      
 7.471e+01      4.385e+01      -4.959e+01     
 2.994e+01      -4.959e+01     -1.907e+00     
 TOTAL-PRESSURE: 3.264e+01 KBAR
 ------------------------------------------------------------------------------------------------
 Energy              Potential           Kinetic             Temperature         Pressure (KBAR)     
 -3.086e+02          -3.087e+02          4.045e-02           1.352e+02           3.439e+01           
 ------------------------------------------------------------------------------------------------
 -------------------------------------------
 STEP OF MOLECULAR DYNAMICS : 5
 -------------------------------------------
 DONE(5.445e+03  SEC) : INIT SCF
 ITER   ETOT(eV)       EDIFF(eV)      DRHO       TIME(s)    
 GE1    -8.399601e+03  0.000000e+00   2.539e-03  8.462e+01  
 GE2    -8.399600e+03  9.141802e-04   1.534e-03  7.917e+01  
 GE3    -8.399606e+03  -5.355024e-03  1.290e-03  7.920e+01  
 GE4    -8.399610e+03  -4.179013e-03  3.427e-04  7.927e+01  
 GE5    -8.399610e+03  -2.964077e-04  2.274e-04  7.918e+01  
 GE6    -8.399610e+03  -1.722769e-04  7.621e-05  7.918e+01  
 GE7    -8.399610e+03  -1.263339e-05  2.421e-05  7.926e+01  
 GE8    -8.399610e+03  -1.941778e-06  1.269e-05  7.928e+01  
 GE9    -8.399610e+03  -5.192214e-07  3.547e-06  7.918e+01  
 GE10   -8.399610e+03  -3.565967e-08  1.121e-06  7.923e+01  
 GE11   -8.399610e+03  -1.733950e-09  4.702e-07  7.915e+01  
 ><><><><><><><><><><><><><><><><><><><><><><
 TOTAL-STRESS (KBAR):
 ><><><><><><><><><><><><><><><><><><><><><><
 5.594e+01      7.356e+01      2.938e+01      
 7.356e+01      4.318e+01      -5.088e+01     
 2.938e+01      -5.088e+01     -2.696e+00     
 TOTAL-PRESSURE: 3.214e+01 KBAR
 ------------------------------------------------------------------------------------------------
 Energy              Potential           Kinetic             Temperature         Pressure (KBAR)     
 -3.086e+02          -3.087e+02          3.832e-02           1.281e+02           3.379e+01           
 ------------------------------------------------------------------------------------------------
 -------------------------------------------
 STEP OF MOLECULAR DYNAMICS : 6
 -------------------------------------------
 DONE(6.407e+03  SEC) : INIT SCF
 ITER   ETOT(eV)       EDIFF(eV)      DRHO       TIME(s)    
 GE1    -8.399753e+03  0.000000e+00   2.943e-03  8.463e+01  
 GE2    -8.399748e+03  5.112031e-03   1.980e-03  7.915e+01  
 GE3    -8.399758e+03  -9.497063e-03  1.771e-03  7.909e+01  
 GE4    -8.399766e+03  -8.330833e-03  4.341e-04  7.924e+01  
 GE5    -8.399767e+03  -4.575195e-04  2.464e-04  7.923e+01  
 GE6    -8.399767e+03  -1.846885e-04  9.195e-05  7.923e+01  
 GE7    -8.399767e+03  -1.790181e-05  3.879e-05  7.912e+01  
 GE8    -8.399767e+03  -4.976060e-06  1.452e-05  7.912e+01  
 GE9    -8.399767e+03  -6.306861e-07  4.275e-06  7.916e+01  
 GE10   -8.399767e+03  -4.290173e-08  1.307e-06  7.912e+01  
 GE11   -8.399767e+03  -5.197210e-10  6.749e-07  7.916e+01  
 ><><><><><><><><><><><><><><><><><><><><><><
 TOTAL-STRESS (KBAR):
 ><><><><><><><><><><><><><><><><><><><><><><
 5.498e+01      7.248e+01      2.949e+01      
 7.248e+01      4.242e+01      -5.041e+01     
 2.949e+01      -5.041e+01     -3.397e+00     
 TOTAL-PRESSURE: 3.134e+01 KBAR
 ------------------------------------------------------------------------------------------------
 Energy              Potential           Kinetic             Temperature         Pressure (KBAR)     
 -3.086e+02          -3.087e+02          5.413e-02           1.809e+02           3.367e+01           
 ------------------------------------------------------------------------------------------------
 -------------------------------------------
 STEP OF MOLECULAR DYNAMICS : 7
 -------------------------------------------
 DONE(7.368e+03  SEC) : INIT SCF
 ITER   ETOT(eV)       EDIFF(eV)      DRHO       TIME(s)    
 GE1    -8.399844e+03  0.000000e+00   3.194e-03  8.455e+01  
 GE2    -8.399841e+03  2.817266e-03   1.940e-03  7.922e+01  
 GE3    -8.399850e+03  -9.213207e-03  1.680e-03  7.913e+01  
 GE4    -8.399858e+03  -7.804029e-03  4.376e-04  7.927e+01  
 GE5    -8.399858e+03  -4.744098e-04  2.756e-04  7.932e+01  
 GE6    -8.399858e+03  -2.467641e-04  9.725e-05  7.923e+01  
 GE7    -8.399858e+03  -2.137782e-05  2.562e-05  7.922e+01  
 GE8    -8.399858e+03  -1.755143e-06  1.297e-05  7.918e+01  
 GE9    -8.399858e+03  -5.765253e-07  5.263e-06  7.923e+01  
 GE10   -8.399858e+03  -8.546627e-08  1.367e-06  7.923e+01  
 GE11   -8.399858e+03  -2.301622e-09  6.379e-07  7.915e+01  
 ><><><><><><><><><><><><><><><><><><><><><><
 TOTAL-STRESS (KBAR):
 ><><><><><><><><><><><><><><><><><><><><><><
 5.400e+01      7.152e+01      3.034e+01      
 7.152e+01      4.201e+01      -4.928e+01     
 3.034e+01      -4.928e+01     -3.989e+00     
 TOTAL-PRESSURE: 3.067e+01 KBAR
 ------------------------------------------------------------------------------------------------
 Energy              Potential           Kinetic             Temperature         Pressure (KBAR)     
 -3.086e+02          -3.087e+02          6.709e-02           2.242e+02           3.356e+01           
 ------------------------------------------------------------------------------------------------
 -------------------------------------------
 STEP OF MOLECULAR DYNAMICS : 8
 -------------------------------------------
 DONE(8.329e+03  SEC) : INIT SCF
 ITER   ETOT(eV)       EDIFF(eV)      DRHO       TIME(s)    
 GE1    -8.399930e+03  0.000000e+00   3.668e-03  8.505e+01  
 GE2    -8.399932e+03  -2.179826e-03  2.051e-03  7.969e+01  
 GE3    -8.399939e+03  -6.855011e-03  1.621e-03  7.972e+01  
 GE4    -8.399946e+03  -7.374642e-03  5.525e-04  7.963e+01  
 GE5    -8.399947e+03  -9.035774e-04  3.038e-04  7.964e+01  
 GE6    -8.399947e+03  -3.214901e-04  1.137e-04  7.960e+01  
 GE7    -8.399947e+03  -3.069326e-05  2.646e-05  7.967e+01  
 GE8    -8.399947e+03  -1.418698e-06  1.183e-05  7.963e+01  
 GE9    -8.399947e+03  -4.090375e-07  6.334e-06  7.959e+01  
 GE10   -8.399947e+03  -1.300091e-07  1.694e-06  7.976e+01  
 GE11   -8.399947e+03  -5.198757e-09  5.803e-07  7.963e+01  
 ><><><><><><><><><><><><><><><><><><><><><><
 TOTAL-STRESS (KBAR):
 ><><><><><><><><><><><><><><><><><><><><><><
 5.408e+01      7.057e+01      2.917e+01      
 7.057e+01      4.126e+01      -4.971e+01     
 2.917e+01      -4.971e+01     -4.464e+00     
 TOTAL-PRESSURE: 3.029e+01 KBAR
 ------------------------------------------------------------------------------------------------
 Energy              Potential           Kinetic             Temperature         Pressure (KBAR)     
 -3.086e+02          -3.087e+02          8.150e-02           2.723e+02           3.380e+01           
 ------------------------------------------------------------------------------------------------
 -------------------------------------------
 STEP OF MOLECULAR DYNAMICS : 9
 -------------------------------------------
 DONE(9.296e+03  SEC) : INIT SCF
 ITER   ETOT(eV)       EDIFF(eV)      DRHO       TIME(s)    
 GE1    -8.400060e+03  0.000000e+00   3.991e-03  8.504e+01  
 GE2    -8.400046e+03  1.410581e-02   2.972e-03  7.960e+01  
 GE3    -8.400068e+03  -2.173180e-02  2.604e-03  7.958e+01  
 GE4    -8.400087e+03  -1.949355e-02  6.457e-04  7.967e+01  
 GE5    -8.400088e+03  -1.075539e-03  3.353e-04  7.966e+01  
 GE6    -8.400089e+03  -2.982973e-04  1.149e-04  7.958e+01  
 GE7    -8.400089e+03  -2.647352e-05  3.804e-05  8.196e+01  
 GE8    -8.400089e+03  -4.211559e-06  1.854e-05  1.048e+02  
 GE9    -8.400089e+03  -1.169575e-06  7.710e-06  1.005e+02  
 GE10   -8.400089e+03  -1.683556e-07  1.835e-06  1.022e+02  
 GE11   -8.400089e+03  -2.674398e-09  9.609e-07  1.021e+02  
 ><><><><><><><><><><><><><><><><><><><><><><
 TOTAL-STRESS (KBAR):
 ><><><><><><><><><><><><><><><><><><><><><><
 5.360e+01      6.972e+01      2.880e+01      
 6.972e+01      4.027e+01      -4.924e+01     
 2.880e+01      -4.924e+01     -5.746e+00     
 TOTAL-PRESSURE: 2.938e+01 KBAR
 ------------------------------------------------------------------------------------------------
 Energy              Potential           Kinetic             Temperature         Pressure (KBAR)     
 -3.086e+02          -3.087e+02          7.712e-02           2.577e+02           3.270e+01           
 ------------------------------------------------------------------------------------------------
 -------------------------------------------
 STEP OF MOLECULAR DYNAMICS : 10
 -------------------------------------------
 DONE(1.036e+04  SEC) : INIT SCF
 ITER   ETOT(eV)       EDIFF(eV)      DRHO       TIME(s)    
 GE1    -8.400138e+03  0.000000e+00   3.668e-03  1.094e+02  
 GE2    -8.400132e+03  5.716766e-03   2.223e-03  1.062e+02  
 GE3    -8.400143e+03  -1.112764e-02  2.091e-03  1.042e+02  
 GE4    -8.400156e+03  -1.274682e-02  4.915e-04  1.012e+02  
 GE5    -8.400157e+03  -6.158747e-04  2.925e-04  1.036e+02  
 GE6    -8.400157e+03  -2.676968e-04  1.086e-04  1.012e+02  
 GE7    -8.400157e+03  -2.408295e-05  3.017e-05  9.889e+01  
 GE8    -8.400157e+03  -2.454478e-06  1.542e-05  1.059e+02  
 GE9    -8.400157e+03  -8.116480e-07  5.872e-06  1.049e+02  
 GE10   -8.400157e+03  -1.032404e-07  1.660e-06  1.007e+02  
 GE11   -8.400157e+03  -3.670530e-09  6.342e-07  1.042e+02  
 ><><><><><><><><><><><><><><><><><><><><><><
 TOTAL-STRESS (KBAR):
 ><><><><><><><><><><><><><><><><><><><><><><
 5.341e+01      6.829e+01      2.978e+01      
 6.829e+01      4.030e+01      -4.947e+01     
 2.978e+01      -4.947e+01     -5.944e+00     
 TOTAL-PRESSURE: 2.926e+01 KBAR
 ------------------------------------------------------------------------------------------------
 Energy              Potential           Kinetic             Temperature         Pressure (KBAR)     
 -3.086e+02          -3.087e+02          8.577e-02           2.866e+02           3.295e+01           
 ------------------------------------------------------------------------------------------------

  |CLASS_NAME---------|NAME---------------|TIME(Sec)-----|CALLS----|AVG------|PER%-------
                       total               11596          27        4.3e+02   1e+02     %
   Driver              driver_line         11596          1         1.2e+04   1e+02     %
   PW_Basis            setup_struc_factor  0.89885        11        0.082     0.0078    %
   ORB_control         read_orb_first      0.15427        1         0.15      0.0013    %
   LCAO_Orbitals       Read_Orbitals       0.15427        1         0.15      0.0013    %
   ORB_control         set_orb_tables      7.1536         1         7.2       0.062     %
   ORB_gen_tables      gen_tables          7.1536         1         7.2       0.062     %
   ORB_table_phi       init_Table          5.4044         1         5.4       0.047     %
   ORB_table_phi       cal_ST_Phi12_R      5.3654         558       0.0096    0.046     %
   ORB_table_beta      init_Table_Beta     1.5            1         1.5       0.013     %
   ORB_table_beta      VNL_PhiBeta_R       1.4886         168       0.0089    0.013     %
   ppcell_vl           init_vloc           0.23931        1         0.24      0.0021    %
   Run_MD              md_line             11588          1         1.2e+04   1e+02     %
   Langevin            setup               1717.4         1         1.7e+03   15        %
   MD_func             force_virial        11588          11        1.1e+03   1e+02     %
   ESolver_KS_LCAO     Run                 10645          11        9.7e+02   92        %
   ESolver_KS_LCAO     beforescf           23.964         11        2.2       0.21      %
   ESolver_KS_LCAO     beforesolver        8.0011         11        0.73      0.069     %
   ESolver_KS_LCAO     set_matrix_grid     4.8811         11        0.44      0.042     %
   Grid_Technique      init                2.4098         11        0.22      0.021     %
   Grid_BigCell        grid_expansion_index0.61091        22        0.028     0.0053    %
   Record_adj          for_2d              2.1202         11        0.19      0.018     %
   Grid_Driver         Find_atom           18.191         593088    3.1e-05   0.16      %
   Charge              atomic_rho          14.08          21        0.67      0.12      %
   PW_Basis            recip2real          2.249          735       0.0031    0.019     %
   PW_Basis            gathers_scatterp    0.91829        735       0.0012    0.0079    %
   Potential           init_pot            0.82504        11        0.075     0.0071    %
   Potential           update_from_charge  9.2004         134       0.069     0.079     %
   Potential           cal_v_eff           9.1519         134       0.068     0.079     %
   H_Hartree_pw        v_hartree           0.97416        134       0.0073    0.0084    %
   PW_Basis            real2recip          2.9377         1116      0.0026    0.025     %
   PW_Basis            gatherp_scatters    1.1869         1116      0.0011    0.01      %
   PotXC               cal_v_eff           8.1059         134       0.06      0.07      %
   XC_Functional       v_xc                8.054          134       0.06      0.069     %
   HSolverLCAO         solve               10606          123       86        91        %
   HamiltLCAO          updateHk            4015.7         4428      0.91      35        %
   OperatorLCAO        init                3390.3         8856      0.38      29        %
   Veff                contributeHk        3388           4428      0.77      29        %
   Gint_interface      cal_gint            5375.6         257       21        46        %
   Gint_interface      cal_gint_vlocal     2650.9         123       22        23        %
   Gint_k              folding_vl_k        737.04         4428      0.17      6.4       %
   Gint_k              Distri              438.9          4428      0.099     3.8       %
   Overlap             contributeHR        4.351          11        0.4       0.038     %
   LCAO_gen_fixedH     calculate_S_no      4.351          11        0.4       0.038     %
   Ekin<LCAO>          contributeHR        4.4069         11        0.4       0.038     %
   Nonlocal<LCAO>      contributeHR        48.861         11        4.4       0.42      %
   LCAO_gen_fixedH     build_Nonlocal_mu_new153.68         22        7         1.3       %
   ORB_gen_tables      snap_psibeta_half   3.2597         1122444   2.9e-06   0.028     %
   OperatorLCAO        folding_fixed       567.69         4428      0.13      4.9       %
   LCAO_nnr            folding_fixedH      560.81         4428      0.13      4.8       %
   HSolverLCAO         hamiltSolvePsiK     1503.5         4428      0.34      13        %
   DiagoElpa           elpa_solve          1491.9         4428      0.34      13        %
   ElecStateLCAO       psiToRho            5086.8         123       41        44        %
   elecstate           cal_dm              143.16         134       1.1       1.2       %
   psiMulPsiMpi        pdgemm              137.96         4824      0.029     1.2       %
    Local_Orbital_wfc  wfc_2d_to_grid      27.602         4428      0.0062    0.24      %
   LCAO_Charge         cal_dk_k            2687.8         123       22        23        %
   Record_adj          for_grid            0.66074        123       0.0054    0.0057    %
   Gint_interface      cal_gint_rho        2246.2         123       18        19        %
   Charge              mix_rho             1.3165         112       0.012     0.011     %
   Force_Stress_LCAO   getForceStress      943.01         11        86        8.1       %
   Forces              cal_force_loc       0.75872        11        0.069     0.0065    %
   Forces              cal_force_ew        0.72743        11        0.066     0.0063    %
   Forces              cal_force_scc       6.8926         11        0.63      0.059     %
   Stress_Func         stress_loc          6.069          11        0.55      0.052     %
   Stress_Func         stress_ewa          0.35796        11        0.033     0.0031    %
   Stress_Func         stress_gga          0.4142         11        0.038     0.0036    %
   Force_LCAO_k        ftable_k            927.72         11        84        8         %
   Force_LCAO_k        allocate_k          134.78         11        12        1.2       %
   Force_LCAO_k        cal_foverlap_k      24.742         11        2.2       0.21      %
   Force_LCAO_k        cal_edm_2d          23.871         11        2.2       0.21      %
   Local_Orbital_Chargecal_dm_R            11.733         22        0.53      0.1       %
   Force_LCAO_k        cal_ftvnl_dphi_k    0.25952        11        0.024     0.0022    %
   Force_LCAO_k        cal_fvl_dphi_k      478.51         11        44        4.1       %
   Gint_interface      cal_gint_force      478.51         11        44        4.1       %
   Force_LCAO_k        cal_fvnl_dbeta_k_new277.69         11        25        2.4       %
 ----------------------------------------------------------------------------------------

 START  Time  : Fri Feb  3 16:52:54 2023
 FINISH Time  : Fri Feb  3 20:06:10 2023
 TOTAL  Time  : 1.2e+04
 SEE INFORMATION IN : OUT.ABACUS/
