WARNING: Total thread number on this node mismatches with hardware availability. This may cause poor performance.
Info: Local MPI proc number: 16,OpenMP thread number: 1,Total thread number: 16,Local thread limit: 32
                                                                                     
                              ABACUS v3.1                                            

               Atomic-orbital Based Ab-initio Computation at UStc                    

                     Website: http://abacus.ustc.edu.cn/                             
               Documentation: https://abacus.deepmodeling.com/                       
                  Repository: https://github.com/abacusmodeling/abacus-develop       
                              https://github.com/deepmodeling/abacus-develop         

 Fri Feb  3 16:52:11 2023
 MAKE THE DIR         : OUT.ABACUS/
 MAKE THE STRU DIR    : OUT.ABACUS/STRU/
 UNIFORM GRID DIM     : 108 * 108 * 120
 UNIFORM GRID DIM(BIG): 54 * 54 * 60
 DONE(0.0711961  SEC) : SETUP UNITCELL
 DONE(0.0786366  SEC) : INIT K-POINTS
 ---------------------------------------------------------
 Molecular Dynamics simulations
 ---------------------------------------------------------
 ENSEMBLE                 : Langevin
 Time interval(fs)        : 1
 ---------------------------------------------------------
 SPIN    KPOINTS         PROCESSORS  NBASE       
 1       36              16          1408        
 ---------------------------------------------------------
 Use Systematically Improvable Atomic bases
 ---------------------------------------------------------
 ELEMENT ORBITALS        NBASE       NATOM       XC          
 Si      3s3p2d-9au      22          32          
 C       3s3p2d-9au      22          32          
 ---------------------------------------------------------
 Initial plane wave basis and FFT box
 ---------------------------------------------------------
--------------------------------- INITVEL DONE ------------------------------------
 -------------------------------------------
 STEP OF MOLECULAR DYNAMICS : 0
 -------------------------------------------
 START CHARGE      : atomic
 DONE(8.83445    SEC) : INIT SCF
 ITER   ETOT(eV)       EDIFF(eV)      DRHO       TIME(s)    
 GE1    -8.335167e+03  0.000000e+00   2.715e-01  8.279e+01  
 GE2    -8.374906e+03  -3.973976e+01  1.611e-01  7.756e+01  
 GE3    -8.385840e+03  -1.093377e+01  4.675e-02  7.752e+01  
 GE4    -8.393172e+03  -7.331635e+00  5.692e-02  7.751e+01  
 GE5    -8.401099e+03  -7.927214e+00  9.782e-03  7.755e+01  
 GE6    -8.401233e+03  -1.336911e-01  5.120e-03  7.760e+01  
 GE7    -8.401290e+03  -5.729648e-02  2.322e-03  7.755e+01  
 GE8    -8.401297e+03  -7.589862e-03  1.311e-03  7.755e+01  
 GE9    -8.401299e+03  -1.783624e-03  6.625e-04  7.751e+01  
 GE10   -8.401300e+03  -8.584948e-04  1.982e-04  7.756e+01  
 GE11   -8.401300e+03  -1.108118e-04  1.270e-04  7.759e+01  
 GE12   -8.401300e+03  -5.316460e-05  6.984e-05  7.754e+01  
 GE13   -8.401300e+03  -1.098278e-05  8.707e-06  7.758e+01  
 GE14   -8.401300e+03  -1.452527e-07  6.601e-06  7.758e+01  
 GE15   -8.401300e+03  -8.375243e-08  2.089e-06  7.757e+01  
 GE16   -8.401300e+03  -1.164887e-08  1.362e-06  7.761e+01  
 GE17   -8.401300e+03  -4.069601e-09  3.381e-07  7.759e+01  
 ><><><><><><><><><><><><><><><><><><><><><><
 TOTAL-STRESS (KBAR):
 ><><><><><><><><><><><><><><><><><><><><><><
 -6.173e+00     2.496e+01      2.242e+01      
 2.496e+01      1.774e+01      -8.001e+00     
 2.242e+01      -8.001e+00     -6.417e+01     
 TOTAL-PRESSURE: -1.754e+01 KBAR
 ------------------------------------------------------------------------------------------------
 Energy              Potential           Kinetic             Temperature         Pressure (KBAR)     
 -3.087e+02          -3.087e+02          2.993e-03           1.000e+01           -1.741e+01          
 ------------------------------------------------------------------------------------------------
 -------------------------------------------
 STEP OF MOLECULAR DYNAMICS : 1
 -------------------------------------------
 DONE(1.414e+03  SEC) : INIT SCF
 ITER   ETOT(eV)       EDIFF(eV)      DRHO       TIME(s)    
 GE1    -8.401374e+03  0.000000e+00   4.923e-04  8.250e+01  
 GE2    -8.401374e+03  3.407975e-04   3.924e-04  7.726e+01  
 GE3    -8.401374e+03  -4.610009e-04  3.624e-04  7.733e+01  
 GE4    -8.401375e+03  -3.259411e-04  7.323e-05  7.735e+01  
 GE5    -8.401375e+03  -9.145160e-06  3.699e-05  7.746e+01  
 GE6    -8.401375e+03  -4.159389e-06  2.015e-05  7.734e+01  
 GE7    -8.401375e+03  -1.168758e-06  9.893e-06  7.738e+01  
 GE8    -8.401375e+03  -2.957259e-07  1.878e-06  7.738e+01  
 GE9    -8.401375e+03  -7.040983e-09  7.598e-07  7.739e+01  
 ><><><><><><><><><><><><><><><><><><><><><><
 TOTAL-STRESS (KBAR):
 ><><><><><><><><><><><><><><><><><><><><><><
 -6.624e+00     2.465e+01      2.276e+01      
 2.465e+01      1.773e+01      -8.022e+00     
 2.276e+01      -8.022e+00     -6.451e+01     
 TOTAL-PRESSURE: -1.780e+01 KBAR
 ------------------------------------------------------------------------------------------------
 Energy              Potential           Kinetic             Temperature         Pressure (KBAR)     
 -3.087e+02          -3.087e+02          7.054e-03           2.357e+01           -1.750e+01          
 ------------------------------------------------------------------------------------------------
 -------------------------------------------
 STEP OF MOLECULAR DYNAMICS : 2
 -------------------------------------------
 DONE(2.198e+03  SEC) : INIT SCF
 ITER   ETOT(eV)       EDIFF(eV)      DRHO       TIME(s)    
 GE1    -8.401502e+03  0.000000e+00   1.537e-03  8.273e+01  
 GE2    -8.401501e+03  9.900865e-04   9.272e-04  7.751e+01  
 GE3    -8.401503e+03  -1.714071e-03  9.136e-04  7.755e+01  
 GE4    -8.401506e+03  -2.333130e-03  2.187e-04  7.750e+01  
 GE5    -8.401506e+03  -1.178274e-04  1.246e-04  7.762e+01  
 GE6    -8.401506e+03  -3.998027e-05  4.056e-05  7.767e+01  
 GE7    -8.401506e+03  -2.995124e-06  9.536e-06  7.760e+01  
 GE8    -8.401506e+03  -1.786819e-07  5.168e-06  7.770e+01  
 GE9    -8.401506e+03  -7.535800e-08  2.291e-06  7.764e+01  
 GE10   -8.401506e+03  -1.411135e-08  7.281e-07  7.767e+01  
 ><><><><><><><><><><><><><><><><><><><><><><
 TOTAL-STRESS (KBAR):
 ><><><><><><><><><><><><><><><><><><><><><><
 -7.353e+00     2.390e+01      2.345e+01      
 2.390e+01      1.770e+01      -8.076e+00     
 2.345e+01      -8.076e+00     -6.504e+01     
 TOTAL-PRESSURE: -1.823e+01 KBAR
 ------------------------------------------------------------------------------------------------
 Energy              Potential           Kinetic             Temperature         Pressure (KBAR)     
 -3.087e+02          -3.087e+02          1.749e-02           5.843e+01           -1.749e+01          
 ------------------------------------------------------------------------------------------------
 -------------------------------------------
 STEP OF MOLECULAR DYNAMICS : 3
 -------------------------------------------
 DONE(3.061e+03  SEC) : INIT SCF
 ITER   ETOT(eV)       EDIFF(eV)      DRHO       TIME(s)    
 GE1    -8.401637e+03  0.000000e+00   1.967e-03  8.289e+01  
 GE2    -8.401636e+03  6.963227e-04   1.189e-03  7.766e+01  
 GE3    -8.401639e+03  -2.784082e-03  1.041e-03  7.759e+01  
 GE4    -8.401642e+03  -2.937505e-03  2.925e-04  7.755e+01  
 GE5    -8.401642e+03  -2.247104e-04  1.656e-04  7.762e+01  
 GE6    -8.401642e+03  -8.256403e-05  6.114e-05  7.766e+01  
 GE7    -8.401642e+03  -8.634495e-06  2.645e-05  7.772e+01  
 GE8    -8.401642e+03  -2.515468e-06  1.055e-05  7.781e+01  
 GE9    -8.401642e+03  -3.147220e-07  2.793e-06  7.764e+01  
 GE10   -8.401642e+03  -1.075637e-08  9.753e-07  7.763e+01  
 ><><><><><><><><><><><><><><><><><><><><><><
 TOTAL-STRESS (KBAR):
 ><><><><><><><><><><><><><><><><><><><><><><
 -8.100e+00     2.342e+01      2.395e+01      
 2.342e+01      1.775e+01      -8.101e+00     
 2.395e+01      -8.101e+00     -6.565e+01     
 TOTAL-PRESSURE: -1.867e+01 KBAR
 ------------------------------------------------------------------------------------------------
 Energy              Potential           Kinetic             Temperature         Pressure (KBAR)     
 -3.087e+02          -3.088e+02          2.910e-02           9.725e+01           -1.744e+01          
 ------------------------------------------------------------------------------------------------
 -------------------------------------------
 STEP OF MOLECULAR DYNAMICS : 4
 -------------------------------------------
 DONE(3.925e+03  SEC) : INIT SCF
 ITER   ETOT(eV)       EDIFF(eV)      DRHO       TIME(s)    
 GE1    -8.401828e+03  0.000000e+00   2.327e-03  8.295e+01  
 GE2    -8.401822e+03  6.190072e-03   1.672e-03  7.770e+01  
 GE3    -8.401830e+03  -8.323979e-03  1.624e-03  7.763e+01  
 GE4    -8.401837e+03  -6.770962e-03  3.190e-04  7.765e+01  
 GE5    -8.401837e+03  -1.620019e-04  1.747e-04  7.766e+01  
 GE6    -8.401837e+03  -7.611587e-05  8.015e-05  7.770e+01  
 GE7    -8.401837e+03  -1.581443e-05  3.814e-05  7.758e+01  
 GE8    -8.401837e+03  -4.683126e-06  1.025e-05  7.760e+01  
 GE9    -8.401837e+03  -2.819626e-07  3.739e-06  7.763e+01  
 GE10   -8.401837e+03  -2.744622e-08  1.506e-06  7.769e+01  
 GE11   -8.401837e+03  -1.050270e-09  8.855e-07  7.766e+01  
 ><><><><><><><><><><><><><><><><><><><><><><
 TOTAL-STRESS (KBAR):
 ><><><><><><><><><><><><><><><><><><><><><><
 -9.353e+00     2.224e+01      2.456e+01      
 2.224e+01      1.793e+01      -7.970e+00     
 2.456e+01      -7.970e+00     -6.661e+01     
 TOTAL-PRESSURE: -1.934e+01 KBAR
 ------------------------------------------------------------------------------------------------
 Energy              Potential           Kinetic             Temperature         Pressure (KBAR)     
 -3.087e+02          -3.088e+02          3.840e-02           1.283e+02           -1.772e+01          
 ------------------------------------------------------------------------------------------------
 -------------------------------------------
 STEP OF MOLECULAR DYNAMICS : 5
 -------------------------------------------
 DONE(4.867e+03  SEC) : INIT SCF
 ITER   ETOT(eV)       EDIFF(eV)      DRHO       TIME(s)    
 GE1    -8.401877e+03  0.000000e+00   2.436e-03  8.290e+01  
 GE2    -8.401877e+03  -7.778139e-05  1.398e-03  7.764e+01  
 GE3    -8.401881e+03  -3.827186e-03  1.149e-03  7.772e+01  
 GE4    -8.401884e+03  -3.235485e-03  3.450e-04  7.770e+01  
 GE5    -8.401884e+03  -3.128743e-04  2.485e-04  7.780e+01  
 GE6    -8.401884e+03  -2.000916e-04  7.712e-05  7.781e+01  
 GE7    -8.401884e+03  -1.267806e-05  2.233e-05  7.767e+01  
 GE8    -8.401884e+03  -1.731768e-06  1.240e-05  7.772e+01  
 GE9    -8.401884e+03  -5.050497e-07  3.658e-06  7.772e+01  
 GE10   -8.401884e+03  -3.643306e-08  1.064e-06  7.773e+01  
 GE11   -8.401884e+03  -1.011600e-09  5.008e-07  7.771e+01  
 ><><><><><><><><><><><><><><><><><><><><><><
 TOTAL-STRESS (KBAR):
 ><><><><><><><><><><><><><><><><><><><><><><
 -9.701e+00     2.213e+01      2.495e+01      
 2.213e+01      1.825e+01      -8.488e+00     
 2.495e+01      -8.488e+00     -6.680e+01     
 TOTAL-PRESSURE: -1.942e+01 KBAR
 ------------------------------------------------------------------------------------------------
 Energy              Potential           Kinetic             Temperature         Pressure (KBAR)     
 -3.087e+02          -3.088e+02          3.779e-02           1.263e+02           -1.782e+01          
 ------------------------------------------------------------------------------------------------
 -------------------------------------------
 STEP OF MOLECULAR DYNAMICS : 6
 -------------------------------------------
 DONE(5.809e+03  SEC) : INIT SCF
 ITER   ETOT(eV)       EDIFF(eV)      DRHO       TIME(s)    
 GE1    -8.401975e+03  0.000000e+00   2.892e-03  8.299e+01  
 GE2    -8.401964e+03  1.062817e-02   2.235e-03  7.787e+01  
 GE3    -8.401979e+03  -1.457803e-02  2.020e-03  7.787e+01  
 GE4    -8.401989e+03  -1.056645e-02  4.405e-04  7.783e+01  
 GE5    -8.401990e+03  -3.930837e-04  2.445e-04  7.774e+01  
 GE6    -8.401990e+03  -1.647127e-04  1.027e-04  7.777e+01  
 GE7    -8.401990e+03  -2.451983e-05  5.580e-05  7.777e+01  
 GE8    -8.401990e+03  -9.989603e-06  1.328e-05  7.777e+01  
 GE9    -8.401990e+03  -4.457366e-07  4.514e-06  7.776e+01  
 GE10   -8.401990e+03  -4.112138e-08  1.454e-06  7.783e+01  
 GE11   -8.401990e+03  2.006185e-09   9.910e-07  7.784e+01  
 ><><><><><><><><><><><><><><><><><><><><><><
 TOTAL-STRESS (KBAR):
 ><><><><><><><><><><><><><><><><><><><><><><
 -1.048e+01     2.158e+01      2.544e+01      
 2.158e+01      1.840e+01      -7.883e+00     
 2.544e+01      -7.883e+00     -6.733e+01     
 TOTAL-PRESSURE: -1.980e+01 KBAR
 ------------------------------------------------------------------------------------------------
 Energy              Potential           Kinetic             Temperature         Pressure (KBAR)     
 -3.087e+02          -3.088e+02          5.436e-02           1.817e+02           -1.750e+01          
 ------------------------------------------------------------------------------------------------
 -------------------------------------------
 STEP OF MOLECULAR DYNAMICS : 7
 -------------------------------------------
 DONE(6.753e+03  SEC) : INIT SCF
 ITER   ETOT(eV)       EDIFF(eV)      DRHO       TIME(s)    
 GE1    -8.402020e+03  0.000000e+00   3.135e-03  8.310e+01  
 GE2    -8.402014e+03  6.602060e-03   2.073e-03  7.787e+01  
 GE3    -8.402026e+03  -1.186998e-02  1.895e-03  7.783e+01  
 GE4    -8.402035e+03  -9.821845e-03  4.490e-04  7.780e+01  
 GE5    -8.402036e+03  -4.480853e-04  2.566e-04  7.783e+01  
 GE6    -8.402036e+03  -1.827254e-04  9.310e-05  7.785e+01  
 GE7    -8.402036e+03  -1.688568e-05  3.732e-05  7.785e+01  
 GE8    -8.402036e+03  -4.913223e-06  1.698e-05  7.785e+01  
 GE9    -8.402036e+03  -8.795211e-07  4.787e-06  7.782e+01  
 GE10   -8.402036e+03  -4.817164e-08  1.496e-06  7.784e+01  
 GE11   -8.402036e+03  -5.999994e-09  1.186e-06  7.788e+01  
 GE12   -8.402036e+03  -3.689091e-09  3.038e-07  7.786e+01  
 ><><><><><><><><><><><><><><><><><><><><><><
 TOTAL-STRESS (KBAR):
 ><><><><><><><><><><><><><><><><><><><><><><
 -1.109e+01     2.096e+01      2.644e+01      
 2.096e+01      1.908e+01      -6.645e+00     
 2.644e+01      -6.645e+00     -6.791e+01     
 TOTAL-PRESSURE: -1.997e+01 KBAR
 ------------------------------------------------------------------------------------------------
 Energy              Potential           Kinetic             Temperature         Pressure (KBAR)     
 -3.087e+02          -3.088e+02          6.631e-02           2.216e+02           -1.717e+01          
 ------------------------------------------------------------------------------------------------
 -------------------------------------------
 STEP OF MOLECULAR DYNAMICS : 8
 -------------------------------------------
 DONE(7.774e+03  SEC) : INIT SCF
 ITER   ETOT(eV)       EDIFF(eV)      DRHO       TIME(s)    
 GE1    -8.402006e+03  0.000000e+00   3.559e-03  8.317e+01  
 GE2    -8.402005e+03  7.358355e-04   2.073e-03  7.781e+01  
 GE3    -8.402013e+03  -7.172876e-03  1.789e-03  7.788e+01  
 GE4    -8.402022e+03  -9.151020e-03  5.567e-04  7.782e+01  
 GE5    -8.402023e+03  -8.571592e-04  2.933e-04  7.783e+01  
 GE6    -8.402023e+03  -2.687671e-04  1.059e-04  7.788e+01  
 GE7    -8.402023e+03  -2.460157e-05  3.053e-05  7.788e+01  
 GE8    -8.402023e+03  -2.548416e-06  1.785e-05  7.788e+01  
 GE9    -8.402023e+03  -1.003962e-06  5.624e-06  7.785e+01  
 GE10   -8.402023e+03  -8.500068e-08  1.611e-06  7.784e+01  
 GE11   -8.402023e+03  -1.214229e-09  8.333e-07  7.783e+01  
 ><><><><><><><><><><><><><><><><><><><><><><
 TOTAL-STRESS (KBAR):
 ><><><><><><><><><><><><><><><><><><><><><><
 -1.130e+01     2.086e+01      2.602e+01      
 2.086e+01      1.904e+01      -6.199e+00     
 2.602e+01      -6.199e+00     -6.768e+01     
 TOTAL-PRESSURE: -1.998e+01 KBAR
 ------------------------------------------------------------------------------------------------
 Energy              Potential           Kinetic             Temperature         Pressure (KBAR)     
 -3.087e+02          -3.088e+02          8.001e-02           2.674e+02           -1.660e+01          
 ------------------------------------------------------------------------------------------------
 -------------------------------------------
 STEP OF MOLECULAR DYNAMICS : 9
 -------------------------------------------
 DONE(8.719e+03  SEC) : INIT SCF
 ITER   ETOT(eV)       EDIFF(eV)      DRHO       TIME(s)    
 GE1    -8.402058e+03  0.000000e+00   3.890e-03  8.302e+01  
 GE2    -8.402041e+03  1.657120e-02   2.967e-03  7.776e+01  
 GE3    -8.402064e+03  -2.303597e-02  2.644e-03  7.779e+01  
 GE4    -8.402084e+03  -1.998732e-02  6.400e-04  7.780e+01  
 GE5    -8.402085e+03  -9.867311e-04  3.220e-04  7.772e+01  
 GE6    -8.402086e+03  -2.561507e-04  1.233e-04  7.777e+01  
 GE7    -8.402086e+03  -3.057475e-05  6.242e-05  7.787e+01  
 GE8    -8.402086e+03  -1.357443e-05  2.020e-05  7.778e+01  
 GE9    -8.402086e+03  -1.170758e-06  6.589e-06  7.773e+01  
 GE10   -8.402086e+03  -8.671607e-08  1.984e-06  7.780e+01  
 GE11   -8.402086e+03  -9.826749e-09  1.421e-06  7.782e+01  
 GE12   -8.402086e+03  -3.220414e-09  6.511e-07  7.776e+01  
 ><><><><><><><><><><><><><><><><><><><><><><
 TOTAL-STRESS (KBAR):
 ><><><><><><><><><><><><><><><><><><><><><><
 -1.173e+01     2.061e+01      2.643e+01      
 2.061e+01      1.916e+01      -5.699e+00     
 2.643e+01      -5.699e+00     -6.821e+01     
 TOTAL-PRESSURE: -2.026e+01 KBAR
 ------------------------------------------------------------------------------------------------
 Energy              Potential           Kinetic             Temperature         Pressure (KBAR)     
 -3.087e+02          -3.088e+02          7.756e-02           2.592e+02           -1.698e+01          
 ------------------------------------------------------------------------------------------------
 -------------------------------------------
 STEP OF MOLECULAR DYNAMICS : 10
 -------------------------------------------
 DONE(9.739e+03  SEC) : INIT SCF
 ITER   ETOT(eV)       EDIFF(eV)      DRHO       TIME(s)    
 GE1    -8.402140e+03  0.000000e+00   3.626e-03  8.311e+01  
 GE2    -8.402133e+03  7.259417e-03   2.224e-03  7.787e+01  
 GE3    -8.402146e+03  -1.267962e-02  2.093e-03  7.788e+01  
 GE4    -8.402158e+03  -1.265915e-02  4.765e-04  7.785e+01  
 GE5    -8.402159e+03  -5.199877e-04  2.925e-04  7.791e+01  
 GE6    -8.402159e+03  -2.470583e-04  1.135e-04  7.790e+01  
 GE7    -8.402159e+03  -2.648749e-05  4.804e-05  7.794e+01  
 GE8    -8.402159e+03  -8.289147e-06  1.719e-05  7.794e+01  
 GE9    -8.402159e+03  -7.870757e-07  4.847e-06  7.793e+01  
 GE10   -8.402159e+03  -4.362563e-08  2.035e-06  7.794e+01  
 GE11   -8.402159e+03  -1.205258e-08  1.262e-06  7.782e+01  
 GE12   -8.402159e+03  -3.724667e-09  4.198e-07  7.785e+01  
 ><><><><><><><><><><><><><><><><><><><><><><
 TOTAL-STRESS (KBAR):
 ><><><><><><><><><><><><><><><><><><><><><><
 -1.239e+01     2.041e+01      2.787e+01      
 2.041e+01      2.012e+01      -5.857e+00     
 2.787e+01      -5.857e+00     -6.867e+01     
 TOTAL-PRESSURE: -2.031e+01 KBAR
 ------------------------------------------------------------------------------------------------
 Energy              Potential           Kinetic             Temperature         Pressure (KBAR)     
 -3.087e+02          -3.088e+02          8.590e-02           2.870e+02           -1.668e+01          
 ------------------------------------------------------------------------------------------------

  |CLASS_NAME---------|NAME---------------|TIME(Sec)-----|CALLS----|AVG------|PER%-------
                       total               10759          27        4e+02     1e+02     %
   Driver              driver_line         10759          1         1.1e+04   1e+02     %
   PW_Basis            setup_struc_factor  0.90427        11        0.082     0.0084    %
   ORB_control         read_orb_first      0.15516        1         0.16      0.0014    %
   LCAO_Orbitals       Read_Orbitals       0.15516        1         0.16      0.0014    %
   ORB_control         set_orb_tables      6.8611         1         6.9       0.064     %
   ORB_gen_tables      gen_tables          6.8611         1         6.9       0.064     %
   ORB_table_phi       init_Table          5.4774         1         5.5       0.051     %
   ORB_table_phi       cal_ST_Phi12_R      5.4485         558       0.0098    0.051     %
   ORB_table_beta      init_Table_Beta     1.1946         1         1.2       0.011     %
   ORB_table_beta      VNL_PhiBeta_R       1.1884         168       0.0071    0.011     %
   ppcell_vl           init_vloc           0.23071        1         0.23      0.0021    %
   Run_MD              md_line             10751          1         1.1e+04   1e+02     %
   Langevin            setup               1404.6         1         1.4e+03   13        %
   MD_func             force_virial        10751          11        9.8e+02   1e+02     %
   ESolver_KS_LCAO     Run                 9872.3         11        9e+02     92        %
   ESolver_KS_LCAO     beforescf           24.011         11        2.2       0.22      %
   ESolver_KS_LCAO     beforesolver        6.312          11        0.57      0.059     %
   ESolver_KS_LCAO     set_matrix_grid     4.6492         11        0.42      0.043     %
   Grid_Technique      init                2.3827         11        0.22      0.022     %
   Grid_BigCell        grid_expansion_index0.63345        22        0.029     0.0059    %
   Record_adj          for_2d              1.9945         11        0.18      0.019     %
   Grid_Driver         Find_atom           16.666         607296    2.7e-05   0.15      %
   Charge              atomic_rho          15.133         21        0.72      0.14      %
   PW_Basis            recip2real          4.9306         750       0.0066    0.046     %
   PW_Basis            gathers_scatterp    3.7292         750       0.005     0.035     %
   Potential           init_pot            0.7783         11        0.071     0.0072    %
   Potential           update_from_charge  9.1694         137       0.067     0.085     %
   Potential           cal_v_eff           9.1235         137       0.067     0.085     %
   H_Hartree_pw        v_hartree           0.9663         137       0.0071    0.009     %
   PW_Basis            real2recip          2.9281         1140      0.0026    0.027     %
   PW_Basis            gatherp_scatters    1.2362         1140      0.0011    0.011     %
   PotXC               cal_v_eff           8.0871         137       0.059     0.075     %
   XC_Functional       v_xc                8.0422         137       0.059     0.075     %
   HSolverLCAO         solve               9833.9         126       78        91        %
   HamiltLCAO          updateHk            3644.5         4536      0.8       34        %
   OperatorLCAO        init                3047           9072      0.34      28        %
   Veff                contributeHk        3044.9         4536      0.67      28        %
   Gint_interface      cal_gint            4868.1         263       19        45        %
   Gint_interface      cal_gint_vlocal     2342.9         126       19        22        %
   Gint_k              folding_vl_k        702.01         4536      0.15      6.5       %
   Gint_k              Distri              425.8          4536      0.094     4         %
   Overlap             contributeHR        3.9947         11        0.36      0.037     %
   LCAO_gen_fixedH     calculate_S_no      3.9947         11        0.36      0.037     %
   Ekin<LCAO>          contributeHR        4.0688         11        0.37      0.038     %
   Nonlocal<LCAO>      contributeHR        45.121         11        4.1       0.42      %
   LCAO_gen_fixedH     build_Nonlocal_mu_new142.09         22        6.5       1.3       %
   ORB_gen_tables      snap_psibeta_half   3.09           1099059   2.8e-06   0.029     %
   OperatorLCAO        folding_fixed       544.33         4536      0.12      5.1       %
   LCAO_nnr            folding_fixedH      538.38         4536      0.12      5         %
   HSolverLCAO         hamiltSolvePsiK     1481.2         4536      0.33      14        %
   DiagoElpa           elpa_solve          1469.4         4536      0.32      14        %
   ElecStateLCAO       psiToRho            4708.1         126       37        44        %
   elecstate           cal_dm              139.2          137       1         1.3       %
   psiMulPsiMpi        pdgemm              134.86         4932      0.027     1.3       %
    Local_Orbital_wfc  wfc_2d_to_grid      25.236         4536      0.0056    0.23      %
   LCAO_Charge         cal_dk_k            2474.8         126       20        23        %
   Record_adj          for_grid            0.64736        126       0.0051    0.006     %
   Gint_interface      cal_gint_rho        2087.2         126       17        19        %
   Charge              mix_rho             1.2899         115       0.011     0.012     %
   Force_Stress_LCAO   getForceStress      878.85         11        80        8.2       %
   Forces              cal_force_loc       0.7741         11        0.07      0.0072    %
   Forces              cal_force_ew        0.73136        11        0.066     0.0068    %
   Forces              cal_force_scc       6.9788         11        0.63      0.065     %
   Stress_Func         stress_loc          6.1632         11        0.56      0.057     %
   Stress_Func         stress_ewa          0.35599        11        0.032     0.0033    %
   Stress_Func         stress_gga          0.38351        11        0.035     0.0036    %
   Force_LCAO_k        ftable_k            863.4          11        78        8         %
   Force_LCAO_k        allocate_k          124.04         11        11        1.2       %
   Force_LCAO_k        cal_foverlap_k      24.81          11        2.3       0.23      %
   Force_LCAO_k        cal_edm_2d          23.987         11        2.2       0.22      %
   Local_Orbital_Chargecal_dm_R            10.9           22        0.5       0.1       %
   Force_LCAO_k        cal_ftvnl_dphi_k    0.23707        11        0.022     0.0022    %
   Force_LCAO_k        cal_fvl_dphi_k      438            11        40        4.1       %
   Gint_interface      cal_gint_force      438            11        40        4.1       %
   Force_LCAO_k        cal_fvnl_dbeta_k_new257.53         11        23        2.4       %
 ----------------------------------------------------------------------------------------

 START  Time  : Fri Feb  3 16:52:11 2023
 FINISH Time  : Fri Feb  3 19:51:30 2023
 TOTAL  Time  : 1.1e+04
 SEE INFORMATION IN : OUT.ABACUS/
