 Input  warning : gamma_only_local algorithm is not used.
 In SCAN_BEGIN, can't find: LATTICE_PARAMETERS block.
 AUTO_SET NBANDS to 0
 AUTO_SET NBANDS to 173
 cpu 2D distribution : 4*4
 but, the number of bands-row-block is 3
      Processor           Atom
              1             61
              2             64
              3             62
              4             56
              5             59
              6             64
              7             60
              8             55
              9             58
             10             62
             11             61
             12             56
             13             58
             14             64
             15             61
             16             57
                            startmag_type = 2
                       charge from rho_at = 3.95377
                         charge should be = 4
                       charge from rho_at = 3.99303
                         charge should be = 4

 SETUP ATOMIC RHO FOR SPIN 1
                 Electron number from rho = 288
           total electron number from rho = 288
                                should be = 288
                 charge before normalized = 288
                  charge after normalized = 288
                 charge before normalized = 288.000118523827
                  charge after normalized = 288
                 charge before normalized = 288.000166481413
                  charge after normalized = 288
                 charge before normalized = 288.000139090994
                  charge after normalized = 288
                 charge before normalized = 288.00014618647
                  charge after normalized = 288
                 charge before normalized = 288.000137941639
                  charge after normalized = 288
                 charge before normalized = 288.000138385675
                  charge after normalized = 288
                 charge before normalized = 288.000138606943
                  charge after normalized = 288
                 charge before normalized = 288.000138870496
                  charge after normalized = 288
                 charge before normalized = 288.000139074087
                  charge after normalized = 288
                 charge before normalized = 288.000139154386
                  charge after normalized = 288
                 charge before normalized = 288.000139094562
                  charge after normalized = 288
                 charge before normalized = 288.000139091769
                  charge after normalized = 288
                 charge before normalized = 288.000139089142
                  charge after normalized = 288
                 charge before normalized = 288.000139090634
                  charge after normalized = 288
                 charge before normalized = 288.000139090632
                  charge after normalized = 288
                 charge before normalized = 288.000139091499
                  charge after normalized = 288
                 charge before normalized = 288.000139091246
                  charge after normalized = 288
                 charge before normalized = 288.000139091208
                  charge after normalized = 288
                 charge before normalized = 288.000139091276
                  charge after normalized = 288
                            startmag_type = 2
                       charge from rho_at = 3.95377434289291
                         charge should be = 4
                       charge from rho_at = 3.99303358802097
                         charge should be = 4

 SETUP ATOMIC RHO FOR SPIN 1
                 Electron number from rho = 288
           total electron number from rho = 288
                                should be = 288
                            startmag_type = 2
                       charge from rho_at = 3.95377434289291
                         charge should be = 4
                       charge from rho_at = 3.99303358802097
                         charge should be = 4

 SETUP ATOMIC RHO FOR SPIN 1
                 Electron number from rho = 288
           total electron number from rho = 288
                                should be = 288
      Processor           Atom
              1             61
              2             64
              3             62
              4             56
              5             59
              6             64
              7             60
              8             55
              9             58
             10             62
             11             61
             12             56
             13             58
             14             64
             15             61
             16             57
                 charge before normalized = 288
                  charge after normalized = 288
                 charge before normalized = 288.000139125782
                  charge after normalized = 288
                 charge before normalized = 288.000139126461
                  charge after normalized = 288
                 charge before normalized = 288.000139141992
                  charge after normalized = 288
                 charge before normalized = 288.00013913118
                  charge after normalized = 288
                 charge before normalized = 288.000139135255
                  charge after normalized = 288
                 charge before normalized = 288.000139132607
                  charge after normalized = 288
                 charge before normalized = 288.000139133657
                  charge after normalized = 288
                 charge before normalized = 288.000139133551
                  charge after normalized = 288
                 charge before normalized = 288.000139133662
                  charge after normalized = 288
                 charge before normalized = 288.000139133611
                  charge after normalized = 288
                            startmag_type = 2
                       charge from rho_at = 3.95377434289291
                         charge should be = 4
                       charge from rho_at = 3.99303358802097
                         charge should be = 4

 SETUP ATOMIC RHO FOR SPIN 1
                 Electron number from rho = 288
           total electron number from rho = 288
                                should be = 288
                            startmag_type = 2
                       charge from rho_at = 3.95377434289291
                         charge should be = 4
                       charge from rho_at = 3.99303358802097
                         charge should be = 4

 SETUP ATOMIC RHO FOR SPIN 1
                 Electron number from rho = 288
           total electron number from rho = 288
                                should be = 288
      Processor           Atom
              1             61
              2             63
              3             62
              4             56
              5             59
              6             64
              7             60
              8             55
              9             58
             10             62
             11             60
             12             56
             13             59
             14             63
             15             61
             16             57
                 charge before normalized = 288.000000000001
                  charge after normalized = 288
                 charge before normalized = 288.000139144255
                  charge after normalized = 288
                 charge before normalized = 288.00013914644
                  charge after normalized = 288
                 charge before normalized = 288.000139141497
                  charge after normalized = 288
                 charge before normalized = 288.000139145681
                  charge after normalized = 288
                 charge before normalized = 288.000139142545
                  charge after normalized = 288
                 charge before normalized = 288.000139145244
                  charge after normalized = 288
                 charge before normalized = 288.000139143849
                  charge after normalized = 288
                 charge before normalized = 288.000139144436
                  charge after normalized = 288
                 charge before normalized = 288.000139144224
                  charge after normalized = 288
                 charge before normalized = 288.000139144333
                  charge after normalized = 288
                 charge before normalized = 288.000139144299
                  charge after normalized = 288
                            startmag_type = 2
                       charge from rho_at = 3.95377434289291
                         charge should be = 4
                       charge from rho_at = 3.99303358802097
                         charge should be = 4

 SETUP ATOMIC RHO FOR SPIN 1
                 Electron number from rho = 288
           total electron number from rho = 288
                                should be = 288
                            startmag_type = 2
                       charge from rho_at = 3.95377434289291
                         charge should be = 4
                       charge from rho_at = 3.99303358802097
                         charge should be = 4

 SETUP ATOMIC RHO FOR SPIN 1
                 Electron number from rho = 288
           total electron number from rho = 288
                                should be = 288
      Processor           Atom
              1             61
              2             64
              3             62
              4             56
              5             58
              6             64
              7             61
              8             55
              9             58
             10             63
             11             60
             12             55
             13             58
             14             63
             15             61
             16             57
                 charge before normalized = 288
                  charge after normalized = 288
                 charge before normalized = 288.000139199458
                  charge after normalized = 288
                 charge before normalized = 288.000139187469
                  charge after normalized = 288
                 charge before normalized = 288.000139233191
                  charge after normalized = 288
                 charge before normalized = 288.000139193419
                  charge after normalized = 288
                 charge before normalized = 288.000139206636
                  charge after normalized = 288
                 charge before normalized = 288.000139200841
                  charge after normalized = 288
                 charge before normalized = 288.000139202714
                  charge after normalized = 288
                 charge before normalized = 288.000139202428
                  charge after normalized = 288
                 charge before normalized = 288.000139202573
                  charge after normalized = 288
                 charge before normalized = 288.000139202529
                  charge after normalized = 288
                 charge before normalized = 288.000139202513
                  charge after normalized = 288
                            startmag_type = 2
                       charge from rho_at = 3.95377434289291
                         charge should be = 4
                       charge from rho_at = 3.99303358802097
                         charge should be = 4

 SETUP ATOMIC RHO FOR SPIN 1
                 Electron number from rho = 288
           total electron number from rho = 288
                                should be = 288
                            startmag_type = 2
                       charge from rho_at = 3.95377434289291
                         charge should be = 4
                       charge from rho_at = 3.99303358802097
                         charge should be = 4

 SETUP ATOMIC RHO FOR SPIN 1
                 Electron number from rho = 288
           total electron number from rho = 288
                                should be = 288
      Processor           Atom
              1             60
              2             64
              3             62
              4             56
              5             58
              6             64
              7             61
              8             55
              9             57
             10             63
             11             60
             12             55
             13             58
             14             63
             15             61
             16             57
                 charge before normalized = 288
                  charge after normalized = 288
                 charge before normalized = 288.000139310315
                  charge after normalized = 288
                 charge before normalized = 288.000139296087
                  charge after normalized = 288
                 charge before normalized = 288.00013933676
                  charge after normalized = 288
                 charge before normalized = 288.000139300271
                  charge after normalized = 288
                 charge before normalized = 288.000139315856
                  charge after normalized = 288
                 charge before normalized = 288.000139307939
                  charge after normalized = 288
                 charge before normalized = 288.000139310185
                  charge after normalized = 288
                 charge before normalized = 288.000139309914
                  charge after normalized = 288
                 charge before normalized = 288.000139310009
                  charge after normalized = 288
                 charge before normalized = 288.000139309963
                  charge after normalized = 288
                 charge before normalized = 288.000139309964
                  charge after normalized = 288
                            startmag_type = 2
                       charge from rho_at = 3.95377434289291
                         charge should be = 4
                       charge from rho_at = 3.99303358802097
                         charge should be = 4

 SETUP ATOMIC RHO FOR SPIN 1
                 Electron number from rho = 288
           total electron number from rho = 288
                                should be = 288
                            startmag_type = 2
                       charge from rho_at = 3.95377434289291
                         charge should be = 4
                       charge from rho_at = 3.99303358802097
                         charge should be = 4

 SETUP ATOMIC RHO FOR SPIN 1
                 Electron number from rho = 288
           total electron number from rho = 288
                                should be = 288
      Processor           Atom
              1             61
              2             63
              3             62
              4             56
              5             59
              6             64
              7             61
              8             55
              9             57
             10             62
             11             60
             12             55
             13             59
             14             63
             15             61
             16             57
                 charge before normalized = 288
                  charge after normalized = 288
                 charge before normalized = 288.000139308178
                  charge after normalized = 288
                 charge before normalized = 288.000139314745
                  charge after normalized = 288
                 charge before normalized = 288.000139328891
                  charge after normalized = 288
                 charge before normalized = 288.000139306795
                  charge after normalized = 288
                 charge before normalized = 288.00013932225
                  charge after normalized = 288
                 charge before normalized = 288.000139311763
                  charge after normalized = 288
                 charge before normalized = 288.000139315325
                  charge after normalized = 288
                 charge before normalized = 288.000139314796
                  charge after normalized = 288
                 charge before normalized = 288.000139314843
                  charge after normalized = 288
                 charge before normalized = 288.000139314826
                  charge after normalized = 288
                 charge before normalized = 288.000139314817
                  charge after normalized = 288
                            startmag_type = 2
                       charge from rho_at = 3.95377434289291
                         charge should be = 4
                       charge from rho_at = 3.99303358802097
                         charge should be = 4

 SETUP ATOMIC RHO FOR SPIN 1
                 Electron number from rho = 288
           total electron number from rho = 288
                                should be = 288
                            startmag_type = 2
                       charge from rho_at = 3.95377434289291
                         charge should be = 4
                       charge from rho_at = 3.99303358802097
                         charge should be = 4

 SETUP ATOMIC RHO FOR SPIN 1
                 Electron number from rho = 288
           total electron number from rho = 288
                                should be = 288
      Processor           Atom
              1             60
              2             64
              3             62
              4             56
              5             59
              6             63
              7             61
              8             55
              9             57
             10             62
             11             61
             12             56
             13             59
             14             63
             15             61
             16             57
                 charge before normalized = 288
                  charge after normalized = 288
                 charge before normalized = 288.000139356956
                  charge after normalized = 288
                 charge before normalized = 288.000139378493
                  charge after normalized = 288
                 charge before normalized = 288.000139374875
                  charge after normalized = 288
                 charge before normalized = 288.000139368585
                  charge after normalized = 288
                 charge before normalized = 288.000139379138
                  charge after normalized = 288
                 charge before normalized = 288.000139371019
                  charge after normalized = 288
                 charge before normalized = 288.000139374497
                  charge after normalized = 288
                 charge before normalized = 288.000139373615
                  charge after normalized = 288
                 charge before normalized = 288.000139373959
                  charge after normalized = 288
                 charge before normalized = 288.000139373793
                  charge after normalized = 288
                 charge before normalized = 288.000139373817
                  charge after normalized = 288
                            startmag_type = 2
                       charge from rho_at = 3.95377434289291
                         charge should be = 4
                       charge from rho_at = 3.99303358802097
                         charge should be = 4

 SETUP ATOMIC RHO FOR SPIN 1
                 Electron number from rho = 288
           total electron number from rho = 288
                                should be = 288
                            startmag_type = 2
                       charge from rho_at = 3.95377434289291
                         charge should be = 4
                       charge from rho_at = 3.99303358802097
                         charge should be = 4

 SETUP ATOMIC RHO FOR SPIN 1
                 Electron number from rho = 288
           total electron number from rho = 288
                                should be = 288
      Processor           Atom
              1             60
              2             63
              3             62
              4             56
              5             59
              6             63
              7             61
              8             56
              9             58
             10             62
             11             60
             12             55
             13             59
             14             63
             15             61
             16             57
                 charge before normalized = 288
                  charge after normalized = 288
                 charge before normalized = 288.000139458985
                  charge after normalized = 288
                 charge before normalized = 288.000139487409
                  charge after normalized = 288
                 charge before normalized = 288.000139468842
                  charge after normalized = 288
                 charge before normalized = 288.000139468233
                  charge after normalized = 288
                 charge before normalized = 288.000139471651
                  charge after normalized = 288
                 charge before normalized = 288.000139473591
                  charge after normalized = 288
                 charge before normalized = 288.000139470932
                  charge after normalized = 288
                 charge before normalized = 288.000139472095
                  charge after normalized = 288
                 charge before normalized = 288.000139471691
                  charge after normalized = 288
                 charge before normalized = 288.000139471899
                  charge after normalized = 288
                 charge before normalized = 288.000139471825
                  charge after normalized = 288
                            startmag_type = 2
                       charge from rho_at = 3.95377434289291
                         charge should be = 4
                       charge from rho_at = 3.99303358802097
                         charge should be = 4

 SETUP ATOMIC RHO FOR SPIN 1
                 Electron number from rho = 288
           total electron number from rho = 288
                                should be = 288
                            startmag_type = 2
                       charge from rho_at = 3.95377434289291
                         charge should be = 4
                       charge from rho_at = 3.99303358802097
                         charge should be = 4

 SETUP ATOMIC RHO FOR SPIN 1
                 Electron number from rho = 288
           total electron number from rho = 288
                                should be = 288
      Processor           Atom
              1             60
              2             63
              3             61
              4             56
              5             58
              6             64
              7             61
              8             57
              9             58
             10             62
             11             60
             12             55
             13             58
             14             63
             15             60
             16             57
                 charge before normalized = 288
                  charge after normalized = 288
                 charge before normalized = 288.000139690927
                  charge after normalized = 288
                 charge before normalized = 288.000139693889
                  charge after normalized = 288
                 charge before normalized = 288.000139685505
                  charge after normalized = 288
                 charge before normalized = 288.000139681332
                  charge after normalized = 288
                 charge before normalized = 288.000139687838
                  charge after normalized = 288
                 charge before normalized = 288.000139681245
                  charge after normalized = 288
                 charge before normalized = 288.000139685041
                  charge after normalized = 288
                 charge before normalized = 288.000139683643
                  charge after normalized = 288
                 charge before normalized = 288.000139683872
                  charge after normalized = 288
                 charge before normalized = 288.000139683742
                  charge after normalized = 288
                 charge before normalized = 288.000139683817
                  charge after normalized = 288
                            startmag_type = 2
                       charge from rho_at = 3.95377434289291
                         charge should be = 4
                       charge from rho_at = 3.99303358802097
                         charge should be = 4

 SETUP ATOMIC RHO FOR SPIN 1
                 Electron number from rho = 288
           total electron number from rho = 288
                                should be = 288
                            startmag_type = 2
                       charge from rho_at = 3.95377434289291
                         charge should be = 4
                       charge from rho_at = 3.99303358802097
                         charge should be = 4

 SETUP ATOMIC RHO FOR SPIN 1
                 Electron number from rho = 288
           total electron number from rho = 288
                                should be = 288
      Processor           Atom
              1             60
              2             63
              3             62
              4             56
              5             58
              6             64
              7             61
              8             57
              9             58
             10             63
             11             61
             12             55
             13             58
             14             63
             15             61
             16             57
                 charge before normalized = 288
                  charge after normalized = 288
                 charge before normalized = 288.000139936939
                  charge after normalized = 288
                 charge before normalized = 288.000139966285
                  charge after normalized = 288
                 charge before normalized = 288.00013994212
                  charge after normalized = 288
                 charge before normalized = 288.000139942184
                  charge after normalized = 288
                 charge before normalized = 288.000139952106
                  charge after normalized = 288
                 charge before normalized = 288.000139946333
                  charge after normalized = 288
                 charge before normalized = 288.000139948434
                  charge after normalized = 288
                 charge before normalized = 288.000139947611
                  charge after normalized = 288
                 charge before normalized = 288.000139948076
                  charge after normalized = 288
                 charge before normalized = 288.00013994784
                  charge after normalized = 288
                 charge before normalized = 288.0001399479
                  charge after normalized = 288
                 charge before normalized = 288.000139947893
                  charge after normalized = 288
                            startmag_type = 2
                       charge from rho_at = 3.95377434289291
                         charge should be = 4
                       charge from rho_at = 3.99303358802097
                         charge should be = 4

 SETUP ATOMIC RHO FOR SPIN 1
                 Electron number from rho = 288
           total electron number from rho = 288
                                should be = 288
                            startmag_type = 2
                       charge from rho_at = 3.95377434289291
                         charge should be = 4
                       charge from rho_at = 3.99303358802097
                         charge should be = 4

 SETUP ATOMIC RHO FOR SPIN 1
                 Electron number from rho = 288
           total electron number from rho = 288
                                should be = 288
      Processor           Atom
              1             60
              2             63
              3             62
              4             55
              5             59
              6             64
              7             61
              8             56
              9             58
             10             63
             11             61
             12             57
             13             58
             14             63
             15             61
             16             57
                 charge before normalized = 288
                  charge after normalized = 288
                 charge before normalized = 288.000139864977
                  charge after normalized = 288
                 charge before normalized = 288.000139867075
                  charge after normalized = 288
                 charge before normalized = 288.000139887862
                  charge after normalized = 288
                 charge before normalized = 288.000139857443
                  charge after normalized = 288
                 charge before normalized = 288.000139875498
                  charge after normalized = 288
                 charge before normalized = 288.000139866682
                  charge after normalized = 288
                 charge before normalized = 288.000139869373
                  charge after normalized = 288
                 charge before normalized = 288.000139868435
                  charge after normalized = 288
                 charge before normalized = 288.000139868768
                  charge after normalized = 288
                 charge before normalized = 288.000139868663
                  charge after normalized = 288
                 charge before normalized = 288.000139868662
                  charge after normalized = 288
