 In SCAN_BEGIN, can't find: LATTICE_PARAMETERS block.
 In SCAN_BEGIN, can't find: <PP_MESH block.
 In SCAN_BEGIN, can't find: <PP_MESH block.
 AUTO_SET NBANDS to 0
 AUTO_SET NBANDS to 154
 cpu 2D distribution : 4*4
 but, the number of bands-row-block is 3
      Processor           Atom
              1             56
              2             60
              3             57
              4             60
              5             61
              6             58
              7             60
              8             57
              9             59
             10             60
             11             57
             12             60
             13             55
             14             59
             15             55
             16             59
                            startmag_type = 2
                       charge from rho_at = 3.95377
                         charge should be = 4
                            startmag_type = 2
                       charge from rho_at = 3.99303
                         charge should be = 4

 SETUP ATOMIC RHO FOR SPIN 1
                 Electron number from rho = 256
           total electron number from rho = 256
                                should be = 256
                 charge before normalized = 256
                  charge after normalized = 256
                 charge before normalized = 256.000098341527
                  charge after normalized = 256
                 charge before normalized = 256.000147177684
                  charge after normalized = 256
                 charge before normalized = 256.000118398227
                  charge after normalized = 256
                 charge before normalized = 256.00012216229
                  charge after normalized = 256
                 charge before normalized = 256.00011720306
                  charge after normalized = 256
                 charge before normalized = 256.00011753508
                  charge after normalized = 256
                 charge before normalized = 256.000117722321
                  charge after normalized = 256
                 charge before normalized = 256.000117953481
                  charge after normalized = 256
                 charge before normalized = 256.00011798167
                  charge after normalized = 256
                 charge before normalized = 256.000117955729
                  charge after normalized = 256
                 charge before normalized = 256.000117954988
                  charge after normalized = 256
                 charge before normalized = 256.000117961304
                  charge after normalized = 256
                 charge before normalized = 256.00011796145
                  charge after normalized = 256
                 charge before normalized = 256.00011796216
                  charge after normalized = 256
                 charge before normalized = 256.000117961915
                  charge after normalized = 256
                 charge before normalized = 256.00011796192
                  charge after normalized = 256
                 charge before normalized = 256.000117961963
                  charge after normalized = 256
                            startmag_type = 2
                       charge from rho_at = 3.95377434289291
                         charge should be = 4
                            startmag_type = 2
                       charge from rho_at = 3.99303358802097
                         charge should be = 4

 SETUP ATOMIC RHO FOR SPIN 1
                 Electron number from rho = 256
           total electron number from rho = 256
                                should be = 256
                            startmag_type = 2
                       charge from rho_at = 3.95377434289291
                         charge should be = 4
                            startmag_type = 2
                       charge from rho_at = 3.99303358802097
                         charge should be = 4

 SETUP ATOMIC RHO FOR SPIN 1
                 Electron number from rho = 256
           total electron number from rho = 256
                                should be = 256
      Processor           Atom
              1             56
              2             60
              3             57
              4             60
              5             61
              6             58
              7             60
              8             57
              9             59
             10             60
             11             57
             12             60
             13             55
             14             59
             15             55
             16             59
                 charge before normalized = 256
                  charge after normalized = 256
                 charge before normalized = 256.000117974816
                  charge after normalized = 256
                 charge before normalized = 256.000117973768
                  charge after normalized = 256
                 charge before normalized = 256.00011798354
                  charge after normalized = 256
                 charge before normalized = 256.000117975316
                  charge after normalized = 256
                 charge before normalized = 256.000117977979
                  charge after normalized = 256
                 charge before normalized = 256.000117976874
                  charge after normalized = 256
                 charge before normalized = 256.000117977344
                  charge after normalized = 256
                 charge before normalized = 256.000117977271
                  charge after normalized = 256
                 charge before normalized = 256.000117977287
                  charge after normalized = 256
                            startmag_type = 2
                       charge from rho_at = 3.95377434289291
                         charge should be = 4
                            startmag_type = 2
                       charge from rho_at = 3.99303358802097
                         charge should be = 4

 SETUP ATOMIC RHO FOR SPIN 1
                 Electron number from rho = 256
           total electron number from rho = 256
                                should be = 256
                            startmag_type = 2
                       charge from rho_at = 3.95377434289291
                         charge should be = 4
                            startmag_type = 2
                       charge from rho_at = 3.99303358802097
                         charge should be = 4

 SETUP ATOMIC RHO FOR SPIN 1
                 Electron number from rho = 256
           total electron number from rho = 256
                                should be = 256
      Processor           Atom
              1             56
              2             60
              3             57
              4             60
              5             61
              6             58
              7             60
              8             56
              9             59
             10             60
             11             57
             12             60
             13             55
             14             59
             15             55
             16             59
                 charge before normalized = 256
                  charge after normalized = 256
                 charge before normalized = 256.000117895524
                  charge after normalized = 256
                 charge before normalized = 256.000117886384
                  charge after normalized = 256
                 charge before normalized = 256.000117924711
                  charge after normalized = 256
                 charge before normalized = 256.000117893008
                  charge after normalized = 256
                 charge before normalized = 256.000117901409
                  charge after normalized = 256
                 charge before normalized = 256.000117897797
                  charge after normalized = 256
                 charge before normalized = 256.000117899087
                  charge after normalized = 256
                 charge before normalized = 256.000117898916
                  charge after normalized = 256
                 charge before normalized = 256.000117899014
                  charge after normalized = 256
                 charge before normalized = 256.000117898939
                  charge after normalized = 256
                            startmag_type = 2
                       charge from rho_at = 3.95377434289291
                         charge should be = 4
                            startmag_type = 2
                       charge from rho_at = 3.99303358802097
                         charge should be = 4

 SETUP ATOMIC RHO FOR SPIN 1
                 Electron number from rho = 256
           total electron number from rho = 256
                                should be = 256
                            startmag_type = 2
                       charge from rho_at = 3.95377434289291
                         charge should be = 4
                            startmag_type = 2
                       charge from rho_at = 3.99303358802097
                         charge should be = 4

 SETUP ATOMIC RHO FOR SPIN 1
                 Electron number from rho = 256
           total electron number from rho = 256
                                should be = 256
      Processor           Atom
              1             56
              2             60
              3             57
              4             60
              5             61
              6             58
              7             60
              8             56
              9             59
             10             60
             11             57
             12             60
             13             55
             14             59
             15             55
             16             59
                 charge before normalized = 256
                  charge after normalized = 256
                 charge before normalized = 256.000117878799
                  charge after normalized = 256
                 charge before normalized = 256.000117881647
                  charge after normalized = 256
                 charge before normalized = 256.000117879277
                  charge after normalized = 256
                 charge before normalized = 256.000117881649
                  charge after normalized = 256
                 charge before normalized = 256.000117879511
                  charge after normalized = 256
                 charge before normalized = 256.00011787996
                  charge after normalized = 256
                 charge before normalized = 256.000117880906
                  charge after normalized = 256
                 charge before normalized = 256.000117880173
                  charge after normalized = 256
                 charge before normalized = 256.000117880416
                  charge after normalized = 256
                 charge before normalized = 256.000117880327
                  charge after normalized = 256
                 charge before normalized = 256.000117880392
                  charge after normalized = 256
                            startmag_type = 2
                       charge from rho_at = 3.95377434289291
                         charge should be = 4
                            startmag_type = 2
                       charge from rho_at = 3.99303358802097
                         charge should be = 4

 SETUP ATOMIC RHO FOR SPIN 1
                 Electron number from rho = 256
           total electron number from rho = 256
                                should be = 256
                            startmag_type = 2
                       charge from rho_at = 3.95377434289291
                         charge should be = 4
                            startmag_type = 2
                       charge from rho_at = 3.99303358802097
                         charge should be = 4

 SETUP ATOMIC RHO FOR SPIN 1
                 Electron number from rho = 256
           total electron number from rho = 256
                                should be = 256
      Processor           Atom
              1             56
              2             60
              3             57
              4             60
              5             60
              6             59
              7             60
              8             56
              9             59
             10             60
             11             57
             12             60
             13             55
             14             59
             15             55
             16             59
                 charge before normalized = 256
                  charge after normalized = 256
                 charge before normalized = 256.000118011124
                  charge after normalized = 256
                 charge before normalized = 256.000118007613
                  charge after normalized = 256
                 charge before normalized = 256.000118017328
                  charge after normalized = 256
                 charge before normalized = 256.000118010178
                  charge after normalized = 256
                 charge before normalized = 256.000118009583
                  charge after normalized = 256
                 charge before normalized = 256.000118012723
                  charge after normalized = 256
                 charge before normalized = 256.000118009364
                  charge after normalized = 256
                 charge before normalized = 256.000118011007
                  charge after normalized = 256
                 charge before normalized = 256.000118010822
                  charge after normalized = 256
                 charge before normalized = 256.000118010822
                  charge after normalized = 256
                 charge before normalized = 256.00011801083
                  charge after normalized = 256
                            startmag_type = 2
                       charge from rho_at = 3.95377434289291
                         charge should be = 4
                            startmag_type = 2
                       charge from rho_at = 3.99303358802097
                         charge should be = 4

 SETUP ATOMIC RHO FOR SPIN 1
                 Electron number from rho = 256
           total electron number from rho = 256
                                should be = 256
                            startmag_type = 2
                       charge from rho_at = 3.95377434289291
                         charge should be = 4
                            startmag_type = 2
                       charge from rho_at = 3.99303358802097
                         charge should be = 4

 SETUP ATOMIC RHO FOR SPIN 1
                 Electron number from rho = 256
           total electron number from rho = 256
                                should be = 256
      Processor           Atom
              1             56
              2             60
              3             57
              4             60
              5             60
              6             59
              7             60
              8             57
              9             59
             10             60
             11             57
             12             59
             13             55
             14             59
             15             55
             16             59
                 charge before normalized = 256
                  charge after normalized = 256
                 charge before normalized = 256.000118069347
                  charge after normalized = 256
                 charge before normalized = 256.000118059858
                  charge after normalized = 256
                 charge before normalized = 256.00011810798
                  charge after normalized = 256
                 charge before normalized = 256.000118062614
                  charge after normalized = 256
                 charge before normalized = 256.00011808111
                  charge after normalized = 256
                 charge before normalized = 256.000118072287
                  charge after normalized = 256
                 charge before normalized = 256.00011807446
                  charge after normalized = 256
                 charge before normalized = 256.000118074411
                  charge after normalized = 256
                 charge before normalized = 256.000118074303
                  charge after normalized = 256
                 charge before normalized = 256.000118074308
                  charge after normalized = 256
                 charge before normalized = 256.000118074324
                  charge after normalized = 256
                            startmag_type = 2
                       charge from rho_at = 3.95377434289291
                         charge should be = 4
                            startmag_type = 2
                       charge from rho_at = 3.99303358802097
                         charge should be = 4

 SETUP ATOMIC RHO FOR SPIN 1
                 Electron number from rho = 256
           total electron number from rho = 256
                                should be = 256
                            startmag_type = 2
                       charge from rho_at = 3.95377434289291
                         charge should be = 4
                            startmag_type = 2
                       charge from rho_at = 3.99303358802097
                         charge should be = 4

 SETUP ATOMIC RHO FOR SPIN 1
                 Electron number from rho = 256
           total electron number from rho = 256
                                should be = 256
      Processor           Atom
              1             56
              2             60
              3             57
              4             60
              5             61
              6             58
              7             60
              8             57
              9             59
             10             60
             11             57
             12             60
             13             55
             14             59
             15             55
             16             59
                 charge before normalized = 256
                  charge after normalized = 256
                 charge before normalized = 256.000117960722
                  charge after normalized = 256
                 charge before normalized = 256.000117985109
                  charge after normalized = 256
                 charge before normalized = 256.00011794697
                  charge after normalized = 256
                 charge before normalized = 256.00011796797
                  charge after normalized = 256
                 charge before normalized = 256.000117966732
                  charge after normalized = 256
                 charge before normalized = 256.000117967579
                  charge after normalized = 256
                 charge before normalized = 256.000117967261
                  charge after normalized = 256
                 charge before normalized = 256.000117966875
                  charge after normalized = 256
                 charge before normalized = 256.000117967193
                  charge after normalized = 256
                 charge before normalized = 256.0001179671
                  charge after normalized = 256
                 charge before normalized = 256.000117967117
                  charge after normalized = 256
                            startmag_type = 2
                       charge from rho_at = 3.95377434289291
                         charge should be = 4
                            startmag_type = 2
                       charge from rho_at = 3.99303358802097
                         charge should be = 4

 SETUP ATOMIC RHO FOR SPIN 1
                 Electron number from rho = 256
           total electron number from rho = 256
                                should be = 256
                            startmag_type = 2
                       charge from rho_at = 3.95377434289291
                         charge should be = 4
                            startmag_type = 2
                       charge from rho_at = 3.99303358802097
                         charge should be = 4

 SETUP ATOMIC RHO FOR SPIN 1
                 Electron number from rho = 256
           total electron number from rho = 256
                                should be = 256
      Processor           Atom
              1             56
              2             60
              3             57
              4             60
              5             61
              6             58
              7             60
              8             57
              9             59
             10             60
             11             57
             12             60
             13             55
             14             59
             15             55
             16             59
                 charge before normalized = 256
                  charge after normalized = 256
                 charge before normalized = 256.000117943562
                  charge after normalized = 256
                 charge before normalized = 256.000117975592
                  charge after normalized = 256
                 charge before normalized = 256.000117919539
                  charge after normalized = 256
                 charge before normalized = 256.000117960023
                  charge after normalized = 256
                 charge before normalized = 256.000117943043
                  charge after normalized = 256
                 charge before normalized = 256.00011795446
                  charge after normalized = 256
                 charge before normalized = 256.00011795045
                  charge after normalized = 256
                 charge before normalized = 256.000117951177
                  charge after normalized = 256
                 charge before normalized = 256.000117951039
                  charge after normalized = 256
                 charge before normalized = 256.000117951088
                  charge after normalized = 256
                 charge before normalized = 256.000117951075
                  charge after normalized = 256
                            startmag_type = 2
                       charge from rho_at = 3.95377434289291
                         charge should be = 4
                            startmag_type = 2
                       charge from rho_at = 3.99303358802097
                         charge should be = 4

 SETUP ATOMIC RHO FOR SPIN 1
                 Electron number from rho = 256
           total electron number from rho = 256
                                should be = 256
                            startmag_type = 2
                       charge from rho_at = 3.95377434289291
                         charge should be = 4
                            startmag_type = 2
                       charge from rho_at = 3.99303358802097
                         charge should be = 4

 SETUP ATOMIC RHO FOR SPIN 1
                 Electron number from rho = 256
           total electron number from rho = 256
                                should be = 256
      Processor           Atom
              1             56
              2             60
              3             57
              4             60
              5             61
              6             58
              7             60
              8             57
              9             59
             10             60
             11             57
             12             60
             13             55
             14             59
             15             55
             16             59
                 charge before normalized = 256
                  charge after normalized = 256
                 charge before normalized = 256.000117784977
                  charge after normalized = 256
                 charge before normalized = 256.000117771549
                  charge after normalized = 256
                 charge before normalized = 256.000117825176
                  charge after normalized = 256
                 charge before normalized = 256.000117769212
                  charge after normalized = 256
                 charge before normalized = 256.000117790254
                  charge after normalized = 256
                 charge before normalized = 256.000117781885
                  charge after normalized = 256
                 charge before normalized = 256.00011778511
                  charge after normalized = 256
                 charge before normalized = 256.000117784355
                  charge after normalized = 256
                 charge before normalized = 256.000117784413
                  charge after normalized = 256
                 charge before normalized = 256.000117784362
                  charge after normalized = 256
                 charge before normalized = 256.000117784366
                  charge after normalized = 256
                            startmag_type = 2
                       charge from rho_at = 3.95377434289291
                         charge should be = 4
                            startmag_type = 2
                       charge from rho_at = 3.99303358802097
                         charge should be = 4

 SETUP ATOMIC RHO FOR SPIN 1
                 Electron number from rho = 256
           total electron number from rho = 256
                                should be = 256
                            startmag_type = 2
                       charge from rho_at = 3.95377434289291
                         charge should be = 4
                            startmag_type = 2
                       charge from rho_at = 3.99303358802097
                         charge should be = 4

 SETUP ATOMIC RHO FOR SPIN 1
                 Electron number from rho = 256
           total electron number from rho = 256
                                should be = 256
      Processor           Atom
              1             56
              2             60
              3             57
              4             60
              5             61
              6             58
              7             60
              8             57
              9             59
             10             60
             11             57
             12             60
             13             55
             14             59
             15             55
             16             59
                 charge before normalized = 256
                  charge after normalized = 256
                 charge before normalized = 256.000117769053
                  charge after normalized = 256
                 charge before normalized = 256.000117814665
                  charge after normalized = 256
                 charge before normalized = 256.000117742361
                  charge after normalized = 256
                 charge before normalized = 256.000117776951
                  charge after normalized = 256
                 charge before normalized = 256.000117773428
                  charge after normalized = 256
                 charge before normalized = 256.000117776985
                  charge after normalized = 256
                 charge before normalized = 256.000117774184
                  charge after normalized = 256
                 charge before normalized = 256.00011777522
                  charge after normalized = 256
                 charge before normalized = 256.000117774748
                  charge after normalized = 256
                 charge before normalized = 256.000117774952
                  charge after normalized = 256
                 charge before normalized = 256.000117774889
                  charge after normalized = 256
                 charge before normalized = 256.00011777493
                  charge after normalized = 256
                            startmag_type = 2
                       charge from rho_at = 3.95377434289291
                         charge should be = 4
                            startmag_type = 2
                       charge from rho_at = 3.99303358802097
                         charge should be = 4

 SETUP ATOMIC RHO FOR SPIN 1
                 Electron number from rho = 256
           total electron number from rho = 256
                                should be = 256
                            startmag_type = 2
                       charge from rho_at = 3.95377434289291
                         charge should be = 4
                            startmag_type = 2
                       charge from rho_at = 3.99303358802097
                         charge should be = 4

 SETUP ATOMIC RHO FOR SPIN 1
                 Electron number from rho = 256
           total electron number from rho = 256
                                should be = 256
      Processor           Atom
              1             56
              2             60
              3             56
              4             60
              5             61
              6             58
              7             60
              8             57
              9             59
             10             60
             11             57
             12             59
             13             55
             14             59
             15             55
             16             59
                 charge before normalized = 256
                  charge after normalized = 256
                 charge before normalized = 256.000117752526
                  charge after normalized = 256
                 charge before normalized = 256.000117781068
                  charge after normalized = 256
                 charge before normalized = 256.000117730168
                  charge after normalized = 256
                 charge before normalized = 256.000117761786
                  charge after normalized = 256
                 charge before normalized = 256.000117752614
                  charge after normalized = 256
                 charge before normalized = 256.000117760678
                  charge after normalized = 256
                 charge before normalized = 256.00011775584
                  charge after normalized = 256
                 charge before normalized = 256.000117757365
                  charge after normalized = 256
                 charge before normalized = 256.000117757178
                  charge after normalized = 256
                 charge before normalized = 256.00011775725
                  charge after normalized = 256
                 charge before normalized = 256.000117757224
                  charge after normalized = 256
