 Input  warning : gamma_only_local algorithm is not used.
 In SCAN_BEGIN, can't find: LATTICE_PARAMETERS block.
 AUTO_SET NBANDS to 0
 AUTO_SET NBANDS to 173
 cpu 2D distribution : 4*4
 but, the number of bands-row-block is 3
      Processor           Atom
              1             58
              2             59
              3             56
              4             55
              5             58
              6             59
              7             55
              8             54
              9             58
             10             60
             11             56
             12             55
             13             58
             14             60
             15             57
             16             54
                            startmag_type = 2
                       charge from rho_at = 3.95377
                         charge should be = 4
                       charge from rho_at = 3.99303
                         charge should be = 4

 SETUP ATOMIC RHO FOR SPIN 1
                 Electron number from rho = 288
           total electron number from rho = 288
                                should be = 288
                 charge before normalized = 288
                  charge after normalized = 288
                 charge before normalized = 288.000113905384
                  charge after normalized = 288
                 charge before normalized = 288.000161795393
                  charge after normalized = 288
                 charge before normalized = 288.000134850048
                  charge after normalized = 288
                 charge before normalized = 288.000141899198
                  charge after normalized = 288
                 charge before normalized = 288.000134440379
                  charge after normalized = 288
                 charge before normalized = 288.000134619304
                  charge after normalized = 288
                 charge before normalized = 288.000134776554
                  charge after normalized = 288
                 charge before normalized = 288.000134892604
                  charge after normalized = 288
                 charge before normalized = 288.000135039736
                  charge after normalized = 288
                 charge before normalized = 288.000135129864
                  charge after normalized = 288
                 charge before normalized = 288.000135072895
                  charge after normalized = 288
                 charge before normalized = 288.000135056844
                  charge after normalized = 288
                 charge before normalized = 288.000135057107
                  charge after normalized = 288
                 charge before normalized = 288.000135057312
                  charge after normalized = 288
                 charge before normalized = 288.000135057791
                  charge after normalized = 288
                 charge before normalized = 288.000135057919
                  charge after normalized = 288
                 charge before normalized = 288.000135057892
                  charge after normalized = 288
                 charge before normalized = 288.000135057855
                  charge after normalized = 288
                            startmag_type = 2
                       charge from rho_at = 3.95377434289291
                         charge should be = 4
                       charge from rho_at = 3.99303358802097
                         charge should be = 4

 SETUP ATOMIC RHO FOR SPIN 1
                 Electron number from rho = 288
           total electron number from rho = 288
                                should be = 288
                            startmag_type = 2
                       charge from rho_at = 3.95377434289291
                         charge should be = 4
                       charge from rho_at = 3.99303358802097
                         charge should be = 4

 SETUP ATOMIC RHO FOR SPIN 1
                 Electron number from rho = 288
           total electron number from rho = 288
                                should be = 288
      Processor           Atom
              1             58
              2             59
              3             57
              4             54
              5             58
              6             59
              7             56
              8             54
              9             58
             10             60
             11             56
             12             54
             13             58
             14             60
             15             57
             16             54
                 charge before normalized = 288
                  charge after normalized = 288
                 charge before normalized = 288.000135053593
                  charge after normalized = 288
                 charge before normalized = 288.000135055988
                  charge after normalized = 288
                 charge before normalized = 288.000135053095
                  charge after normalized = 288
                 charge before normalized = 288.000135055397
                  charge after normalized = 288
                 charge before normalized = 288.000135054425
                  charge after normalized = 288
                 charge before normalized = 288.000135054965
                  charge after normalized = 288
                 charge before normalized = 288.000135054875
                  charge after normalized = 288
                 charge before normalized = 288.000135054868
                  charge after normalized = 288
                 charge before normalized = 288.00013505487
                  charge after normalized = 288
                            startmag_type = 2
                       charge from rho_at = 3.95377434289291
                         charge should be = 4
                       charge from rho_at = 3.99303358802097
                         charge should be = 4

 SETUP ATOMIC RHO FOR SPIN 1
                 Electron number from rho = 288
           total electron number from rho = 288
                                should be = 288
                            startmag_type = 2
                       charge from rho_at = 3.95377434289291
                         charge should be = 4
                       charge from rho_at = 3.99303358802097
                         charge should be = 4

 SETUP ATOMIC RHO FOR SPIN 1
                 Electron number from rho = 288
           total electron number from rho = 288
                                should be = 288
      Processor           Atom
              1             58
              2             59
              3             57
              4             54
              5             58
              6             59
              7             56
              8             54
              9             58
             10             60
             11             56
             12             54
             13             58
             14             60
             15             57
             16             54
                 charge before normalized = 288
                  charge after normalized = 288
                 charge before normalized = 288.000134992852
                  charge after normalized = 288
                 charge before normalized = 288.000134986448
                  charge after normalized = 288
                 charge before normalized = 288.000134996997
                  charge after normalized = 288
                 charge before normalized = 288.000134986479
                  charge after normalized = 288
                 charge before normalized = 288.000134991837
                  charge after normalized = 288
                 charge before normalized = 288.000134989189
                  charge after normalized = 288
                 charge before normalized = 288.000134989678
                  charge after normalized = 288
                 charge before normalized = 288.000134989646
                  charge after normalized = 288
                 charge before normalized = 288.000134989643
                  charge after normalized = 288
                 charge before normalized = 288.000134989648
                  charge after normalized = 288
                            startmag_type = 2
                       charge from rho_at = 3.95377434289291
                         charge should be = 4
                       charge from rho_at = 3.99303358802097
                         charge should be = 4

 SETUP ATOMIC RHO FOR SPIN 1
                 Electron number from rho = 288
           total electron number from rho = 288
                                should be = 288
                            startmag_type = 2
                       charge from rho_at = 3.95377434289291
                         charge should be = 4
                       charge from rho_at = 3.99303358802097
                         charge should be = 4

 SETUP ATOMIC RHO FOR SPIN 1
                 Electron number from rho = 288
           total electron number from rho = 288
                                should be = 288
      Processor           Atom
              1             58
              2             59
              3             57
              4             54
              5             58
              6             59
              7             56
              8             54
              9             58
             10             60
             11             56
             12             54
             13             58
             14             60
             15             57
             16             54
                 charge before normalized = 288
                  charge after normalized = 288
                 charge before normalized = 288.000135063424
                  charge after normalized = 288
                 charge before normalized = 288.000135075341
                  charge after normalized = 288
                 charge before normalized = 288.000135048849
                  charge after normalized = 288
                 charge before normalized = 288.000135066731
                  charge after normalized = 288
                 charge before normalized = 288.000135060935
                  charge after normalized = 288
                 charge before normalized = 288.000135063672
                  charge after normalized = 288
                 charge before normalized = 288.000135062671
                  charge after normalized = 288
                 charge before normalized = 288.000135062797
                  charge after normalized = 288
                 charge before normalized = 288.000135062788
                  charge after normalized = 288
                 charge before normalized = 288.000135062792
                  charge after normalized = 288
                 charge before normalized = 288.000135062799
                  charge after normalized = 288
                            startmag_type = 2
                       charge from rho_at = 3.95377434289291
                         charge should be = 4
                       charge from rho_at = 3.99303358802097
                         charge should be = 4

 SETUP ATOMIC RHO FOR SPIN 1
                 Electron number from rho = 288
           total electron number from rho = 288
                                should be = 288
                            startmag_type = 2
                       charge from rho_at = 3.95377434289291
                         charge should be = 4
                       charge from rho_at = 3.99303358802097
                         charge should be = 4

 SETUP ATOMIC RHO FOR SPIN 1
                 Electron number from rho = 288
           total electron number from rho = 288
                                should be = 288
      Processor           Atom
              1             58
              2             59
              3             56
              4             54
              5             58
              6             59
              7             56
              8             54
              9             58
             10             60
             11             57
             12             54
             13             57
             14             59
             15             57
             16             54
                 charge before normalized = 288
                  charge after normalized = 288
                 charge before normalized = 288.000135208519
                  charge after normalized = 288
                 charge before normalized = 288.000135219336
                  charge after normalized = 288
                 charge before normalized = 288.000135201236
                  charge after normalized = 288
                 charge before normalized = 288.000135210026
                  charge after normalized = 288
                 charge before normalized = 288.000135206853
                  charge after normalized = 288
                 charge before normalized = 288.000135209705
                  charge after normalized = 288
                 charge before normalized = 288.000135208495
                  charge after normalized = 288
                 charge before normalized = 288.000135208603
                  charge after normalized = 288
                 charge before normalized = 288.000135208622
                  charge after normalized = 288
                 charge before normalized = 288.000135208609
                  charge after normalized = 288
                 charge before normalized = 288.000135208625
                  charge after normalized = 288
                            startmag_type = 2
                       charge from rho_at = 3.95377434289291
                         charge should be = 4
                       charge from rho_at = 3.99303358802097
                         charge should be = 4

 SETUP ATOMIC RHO FOR SPIN 1
                 Electron number from rho = 288
           total electron number from rho = 288
                                should be = 288
                            startmag_type = 2
                       charge from rho_at = 3.95377434289291
                         charge should be = 4
                       charge from rho_at = 3.99303358802097
                         charge should be = 4

 SETUP ATOMIC RHO FOR SPIN 1
                 Electron number from rho = 288
           total electron number from rho = 288
                                should be = 288
      Processor           Atom
              1             58
              2             59
              3             57
              4             54
              5             58
              6             59
              7             56
              8             54
              9             58
             10             60
             11             57
             12             54
             13             58
             14             59
             15             57
             16             54
                 charge before normalized = 288
                  charge after normalized = 288
                 charge before normalized = 288.00013512984
                  charge after normalized = 288
                 charge before normalized = 288.000135143322
                  charge after normalized = 288
                 charge before normalized = 288.000135109417
                  charge after normalized = 288
                 charge before normalized = 288.0001351288
                  charge after normalized = 288
                 charge before normalized = 288.000135124131
                  charge after normalized = 288
                 charge before normalized = 288.000135127265
                  charge after normalized = 288
                 charge before normalized = 288.000135125969
                  charge after normalized = 288
                 charge before normalized = 288.000135126091
                  charge after normalized = 288
                 charge before normalized = 288.000135126058
                  charge after normalized = 288
                 charge before normalized = 288.000135126077
                  charge after normalized = 288
                 charge before normalized = 288.000135126079
                  charge after normalized = 288
                            startmag_type = 2
                       charge from rho_at = 3.95377434289291
                         charge should be = 4
                       charge from rho_at = 3.99303358802097
                         charge should be = 4

 SETUP ATOMIC RHO FOR SPIN 1
                 Electron number from rho = 288
           total electron number from rho = 288
                                should be = 288
                            startmag_type = 2
                       charge from rho_at = 3.95377434289291
                         charge should be = 4
                       charge from rho_at = 3.99303358802097
                         charge should be = 4

 SETUP ATOMIC RHO FOR SPIN 1
                 Electron number from rho = 288
           total electron number from rho = 288
                                should be = 288
      Processor           Atom
              1             58
              2             59
              3             57
              4             54
              5             58
              6             59
              7             56
              8             54
              9             58
             10             60
             11             57
             12             54
             13             58
             14             59
             15             57
             16             54
                 charge before normalized = 288
                  charge after normalized = 288
                 charge before normalized = 288.000135305667
                  charge after normalized = 288
                 charge before normalized = 288.000135315614
                  charge after normalized = 288
                 charge before normalized = 288.000135307607
                  charge after normalized = 288
                 charge before normalized = 288.000135309297
                  charge after normalized = 288
                 charge before normalized = 288.000135310243
                  charge after normalized = 288
                 charge before normalized = 288.000135309214
                  charge after normalized = 288
                 charge before normalized = 288.000135310001
                  charge after normalized = 288
                 charge before normalized = 288.000135309604
                  charge after normalized = 288
                 charge before normalized = 288.000135309685
                  charge after normalized = 288
                 charge before normalized = 288.000135309641
                  charge after normalized = 288
                 charge before normalized = 288.000135309681
                  charge after normalized = 288
                            startmag_type = 2
                       charge from rho_at = 3.95377434289291
                         charge should be = 4
                       charge from rho_at = 3.99303358802097
                         charge should be = 4

 SETUP ATOMIC RHO FOR SPIN 1
                 Electron number from rho = 288
           total electron number from rho = 288
                                should be = 288
                            startmag_type = 2
                       charge from rho_at = 3.95377434289291
                         charge should be = 4
                       charge from rho_at = 3.99303358802097
                         charge should be = 4

 SETUP ATOMIC RHO FOR SPIN 1
                 Electron number from rho = 288
           total electron number from rho = 288
                                should be = 288
      Processor           Atom
              1             58
              2             59
              3             57
              4             54
              5             58
              6             59
              7             56
              8             54
              9             59
             10             60
             11             56
             12             54
             13             58
             14             59
             15             57
             16             54
                 charge before normalized = 288
                  charge after normalized = 288
                 charge before normalized = 288.000135396944
                  charge after normalized = 288
                 charge before normalized = 288.000135381799
                  charge after normalized = 288
                 charge before normalized = 288.000135397106
                  charge after normalized = 288
                 charge before normalized = 288.000135379758
                  charge after normalized = 288
                 charge before normalized = 288.000135387009
                  charge after normalized = 288
                 charge before normalized = 288.000135383168
                  charge after normalized = 288
                 charge before normalized = 288.000135384259
                  charge after normalized = 288
                 charge before normalized = 288.000135383943
                  charge after normalized = 288
                 charge before normalized = 288.000135384023
                  charge after normalized = 288
                 charge before normalized = 288.000135384035
                  charge after normalized = 288
                 charge before normalized = 288.000135384009
                  charge after normalized = 288
                 charge before normalized = 288.000135384025
                  charge after normalized = 288
                            startmag_type = 2
                       charge from rho_at = 3.95377434289291
                         charge should be = 4
                       charge from rho_at = 3.99303358802097
                         charge should be = 4

 SETUP ATOMIC RHO FOR SPIN 1
                 Electron number from rho = 288
           total electron number from rho = 288
                                should be = 288
                            startmag_type = 2
                       charge from rho_at = 3.95377434289291
                         charge should be = 4
                       charge from rho_at = 3.99303358802097
                         charge should be = 4

 SETUP ATOMIC RHO FOR SPIN 1
                 Electron number from rho = 288
           total electron number from rho = 288
                                should be = 288
      Processor           Atom
              1             58
              2             59
              3             57
              4             54
              5             58
              6             59
              7             56
              8             54
              9             59
             10             60
             11             56
             12             54
             13             58
             14             59
             15             57
             16             54
                 charge before normalized = 288
                  charge after normalized = 288
                 charge before normalized = 288.000135465104
                  charge after normalized = 288
                 charge before normalized = 288.000135458994
                  charge after normalized = 288
                 charge before normalized = 288.000135442588
                  charge after normalized = 288
                 charge before normalized = 288.000135448269
                  charge after normalized = 288
                 charge before normalized = 288.000135447419
                  charge after normalized = 288
                 charge before normalized = 288.000135448274
                  charge after normalized = 288
                 charge before normalized = 288.000135447378
                  charge after normalized = 288
                 charge before normalized = 288.00013544767
                  charge after normalized = 288
                 charge before normalized = 288.000135447505
                  charge after normalized = 288
                 charge before normalized = 288.000135447573
                  charge after normalized = 288
                 charge before normalized = 288.000135447558
                  charge after normalized = 288
                            startmag_type = 2
                       charge from rho_at = 3.95377434289291
                         charge should be = 4
                       charge from rho_at = 3.99303358802097
                         charge should be = 4

 SETUP ATOMIC RHO FOR SPIN 1
                 Electron number from rho = 288
           total electron number from rho = 288
                                should be = 288
                            startmag_type = 2
                       charge from rho_at = 3.95377434289291
                         charge should be = 4
                       charge from rho_at = 3.99303358802097
                         charge should be = 4

 SETUP ATOMIC RHO FOR SPIN 1
                 Electron number from rho = 288
           total electron number from rho = 288
                                should be = 288
      Processor           Atom
              1             58
              2             59
              3             57
              4             54
              5             58
              6             59
              7             56
              8             54
              9             59
             10             60
             11             57
             12             54
             13             57
             14             60
             15             57
             16             54
                 charge before normalized = 288
                  charge after normalized = 288
                 charge before normalized = 288.000135557887
                  charge after normalized = 288
                 charge before normalized = 288.000135559489
                  charge after normalized = 288
                 charge before normalized = 288.000135558722
                  charge after normalized = 288
                 charge before normalized = 288.000135553133
                  charge after normalized = 288
                 charge before normalized = 288.000135555872
                  charge after normalized = 288
                 charge before normalized = 288.00013555524
                  charge after normalized = 288
                 charge before normalized = 288.000135555372
                  charge after normalized = 288
                 charge before normalized = 288.000135555098
                  charge after normalized = 288
                 charge before normalized = 288.000135555245
                  charge after normalized = 288
                 charge before normalized = 288.000135555239
                  charge after normalized = 288
                 charge before normalized = 288.000135555226
                  charge after normalized = 288
                            startmag_type = 2
                       charge from rho_at = 3.95377434289291
                         charge should be = 4
                       charge from rho_at = 3.99303358802097
                         charge should be = 4

 SETUP ATOMIC RHO FOR SPIN 1
                 Electron number from rho = 288
           total electron number from rho = 288
                                should be = 288
                            startmag_type = 2
                       charge from rho_at = 3.95377434289291
                         charge should be = 4
                       charge from rho_at = 3.99303358802097
                         charge should be = 4

 SETUP ATOMIC RHO FOR SPIN 1
                 Electron number from rho = 288
           total electron number from rho = 288
                                should be = 288
      Processor           Atom
              1             58
              2             59
              3             57
              4             54
              5             58
              6             60
              7             56
              8             55
              9             58
             10             60
             11             57
             12             54
             13             58
             14             60
             15             57
             16             55
                 charge before normalized = 288
                  charge after normalized = 288
                 charge before normalized = 288.000135370138
                  charge after normalized = 288
                 charge before normalized = 288.000135380995
                  charge after normalized = 288
                 charge before normalized = 288.000135347132
                  charge after normalized = 288
                 charge before normalized = 288.000135370484
                  charge after normalized = 288
                 charge before normalized = 288.000135358937
                  charge after normalized = 288
                 charge before normalized = 288.000135366207
                  charge after normalized = 288
                 charge before normalized = 288.000135364368
                  charge after normalized = 288
                 charge before normalized = 288.000135364399
                  charge after normalized = 288
                 charge before normalized = 288.000135364447
                  charge after normalized = 288
                 charge before normalized = 288.000135364423
                  charge after normalized = 288
                 charge before normalized = 288.000135364447
                  charge after normalized = 288
                 charge before normalized = 288.000135364439
                  charge after normalized = 288
