 Input  warning : gamma_only_local algorithm is not used.
 In SCAN_BEGIN, can't find: LATTICE_PARAMETERS block.
 AUTO_SET NBANDS to 0
 AUTO_SET NBANDS to 173
 cpu 2D distribution : 4*4
 but, the number of bands-row-block is 3
      Processor           Atom
              1             55
              2             58
              3             54
              4             53
              5             57
              6             58
              7             54
              8             54
              9             58
             10             58
             11             54
             12             53
             13             57
             14             58
             15             53
             16             53
                            startmag_type = 2
                       charge from rho_at = 3.95377
                         charge should be = 4
                       charge from rho_at = 3.99303
                         charge should be = 4

 SETUP ATOMIC RHO FOR SPIN 1
                 Electron number from rho = 288
           total electron number from rho = 288
                                should be = 288
                 charge before normalized = 288
                  charge after normalized = 288
                 charge before normalized = 288.000109751841
                  charge after normalized = 288
                 charge before normalized = 288.000159491722
                  charge after normalized = 288
                 charge before normalized = 288.000131105659
                  charge after normalized = 288
                 charge before normalized = 288.000142006835
                  charge after normalized = 288
                 charge before normalized = 288.000129989486
                  charge after normalized = 288
                 charge before normalized = 288.000129967116
                  charge after normalized = 288
                 charge before normalized = 288.000130219113
                  charge after normalized = 288
                 charge before normalized = 288.00013036361
                  charge after normalized = 288
                 charge before normalized = 288.000130557607
                  charge after normalized = 288
                 charge before normalized = 288.000131061278
                  charge after normalized = 288
                 charge before normalized = 288.000130858273
                  charge after normalized = 288
                 charge before normalized = 288.00013083244
                  charge after normalized = 288
                 charge before normalized = 288.000130834506
                  charge after normalized = 288
                 charge before normalized = 288.000130836115
                  charge after normalized = 288
                 charge before normalized = 288.000130837031
                  charge after normalized = 288
                 charge before normalized = 288.000130837252
                  charge after normalized = 288
                 charge before normalized = 288.000130837483
                  charge after normalized = 288
                 charge before normalized = 288.00013083731
                  charge after normalized = 288
                            startmag_type = 2
                       charge from rho_at = 3.95377434289291
                         charge should be = 4
                       charge from rho_at = 3.99303358802097
                         charge should be = 4

 SETUP ATOMIC RHO FOR SPIN 1
                 Electron number from rho = 288
           total electron number from rho = 288
                                should be = 288
                            startmag_type = 2
                       charge from rho_at = 3.95377434289291
                         charge should be = 4
                       charge from rho_at = 3.99303358802097
                         charge should be = 4

 SETUP ATOMIC RHO FOR SPIN 1
                 Electron number from rho = 288
           total electron number from rho = 288
                                should be = 288
      Processor           Atom
              1             55
              2             58
              3             54
              4             53
              5             57
              6             58
              7             54
              8             54
              9             58
             10             58
             11             54
             12             53
             13             57
             14             58
             15             53
             16             53
                 charge before normalized = 288
                  charge after normalized = 288
                 charge before normalized = 288.000130793989
                  charge after normalized = 288
                 charge before normalized = 288.000130795321
                  charge after normalized = 288
                 charge before normalized = 288.000130793159
                  charge after normalized = 288
                 charge before normalized = 288.000130794757
                  charge after normalized = 288
                 charge before normalized = 288.000130794334
                  charge after normalized = 288
                 charge before normalized = 288.000130794376
                  charge after normalized = 288
                 charge before normalized = 288.000130794516
                  charge after normalized = 288
                 charge before normalized = 288.00013079442
                  charge after normalized = 288
                 charge before normalized = 288.000130794458
                  charge after normalized = 288
                            startmag_type = 2
                       charge from rho_at = 3.95377434289291
                         charge should be = 4
                       charge from rho_at = 3.99303358802097
                         charge should be = 4

 SETUP ATOMIC RHO FOR SPIN 1
                 Electron number from rho = 288
           total electron number from rho = 288
                                should be = 288
                            startmag_type = 2
                       charge from rho_at = 3.95377434289291
                         charge should be = 4
                       charge from rho_at = 3.99303358802097
                         charge should be = 4

 SETUP ATOMIC RHO FOR SPIN 1
                 Electron number from rho = 288
           total electron number from rho = 288
                                should be = 288
      Processor           Atom
              1             55
              2             58
              3             54
              4             53
              5             57
              6             58
              7             54
              8             53
              9             58
             10             58
             11             54
             12             53
             13             57
             14             58
             15             53
             16             53
                 charge before normalized = 287.999999999999
                  charge after normalized = 288
                 charge before normalized = 288.000130632684
                  charge after normalized = 288
                 charge before normalized = 288.000130628324
                  charge after normalized = 288
                 charge before normalized = 288.0001306403
                  charge after normalized = 288
                 charge before normalized = 288.000130627396
                  charge after normalized = 288
                 charge before normalized = 288.000130635393
                  charge after normalized = 288
                 charge before normalized = 288.000130630316
                  charge after normalized = 288
                 charge before normalized = 288.000130632069
                  charge after normalized = 288
                 charge before normalized = 288.000130631667
                  charge after normalized = 288
                 charge before normalized = 288.000130631684
                  charge after normalized = 288
                 charge before normalized = 288.000130631684
                  charge after normalized = 288
                            startmag_type = 2
                       charge from rho_at = 3.95377434289291
                         charge should be = 4
                       charge from rho_at = 3.99303358802097
                         charge should be = 4

 SETUP ATOMIC RHO FOR SPIN 1
                 Electron number from rho = 288
           total electron number from rho = 288
                                should be = 288
                            startmag_type = 2
                       charge from rho_at = 3.95377434289291
                         charge should be = 4
                       charge from rho_at = 3.99303358802097
                         charge should be = 4

 SETUP ATOMIC RHO FOR SPIN 1
                 Electron number from rho = 288
           total electron number from rho = 288
                                should be = 288
      Processor           Atom
              1             55
              2             57
              3             54
              4             53
              5             57
              6             58
              7             54
              8             53
              9             58
             10             58
             11             54
             12             53
             13             56
             14             58
             15             53
             16             53
                 charge before normalized = 288
                  charge after normalized = 288
                 charge before normalized = 288.000130701063
                  charge after normalized = 288
                 charge before normalized = 288.000130715225
                  charge after normalized = 288
                 charge before normalized = 288.000130678277
                  charge after normalized = 288
                 charge before normalized = 288.000130709323
                  charge after normalized = 288
                 charge before normalized = 288.000130696799
                  charge after normalized = 288
                 charge before normalized = 288.000130702026
                  charge after normalized = 288
                 charge before normalized = 288.000130701095
                  charge after normalized = 288
                 charge before normalized = 288.000130701077
                  charge after normalized = 288
                 charge before normalized = 288.000130701032
                  charge after normalized = 288
                 charge before normalized = 288.000130701056
                  charge after normalized = 288
                 charge before normalized = 288.000130701061
                  charge after normalized = 288
                            startmag_type = 2
                       charge from rho_at = 3.95377434289291
                         charge should be = 4
                       charge from rho_at = 3.99303358802097
                         charge should be = 4

 SETUP ATOMIC RHO FOR SPIN 1
                 Electron number from rho = 288
           total electron number from rho = 288
                                should be = 288
                            startmag_type = 2
                       charge from rho_at = 3.95377434289291
                         charge should be = 4
                       charge from rho_at = 3.99303358802097
                         charge should be = 4

 SETUP ATOMIC RHO FOR SPIN 1
                 Electron number from rho = 288
           total electron number from rho = 288
                                should be = 288
      Processor           Atom
              1             55
              2             57
              3             54
              4             53
              5             57
              6             58
              7             54
              8             53
              9             58
             10             58
             11             54
             12             53
             13             56
             14             58
             15             53
             16             53
                 charge before normalized = 288
                  charge after normalized = 288
                 charge before normalized = 288.000130557326
                  charge after normalized = 288
                 charge before normalized = 288.000130576517
                  charge after normalized = 288
                 charge before normalized = 288.000130546442
                  charge after normalized = 288
                 charge before normalized = 288.000130563849
                  charge after normalized = 288
                 charge before normalized = 288.000130559439
                  charge after normalized = 288
                 charge before normalized = 288.000130561952
                  charge after normalized = 288
                 charge before normalized = 288.000130561297
                  charge after normalized = 288
                 charge before normalized = 288.000130561191
                  charge after normalized = 288
                 charge before normalized = 288.00013056122
                  charge after normalized = 288
                 charge before normalized = 288.000130561179
                  charge after normalized = 288
                 charge before normalized = 288.000130561225
                  charge after normalized = 288
                            startmag_type = 2
                       charge from rho_at = 3.95377434289291
                         charge should be = 4
                       charge from rho_at = 3.99303358802097
                         charge should be = 4

 SETUP ATOMIC RHO FOR SPIN 1
                 Electron number from rho = 288
           total electron number from rho = 288
                                should be = 288
                            startmag_type = 2
                       charge from rho_at = 3.95377434289291
                         charge should be = 4
                       charge from rho_at = 3.99303358802097
                         charge should be = 4

 SETUP ATOMIC RHO FOR SPIN 1
                 Electron number from rho = 288
           total electron number from rho = 288
                                should be = 288
      Processor           Atom
              1             55
              2             57
              3             54
              4             53
              5             57
              6             58
              7             54
              8             53
              9             58
             10             58
             11             54
             12             53
             13             56
             14             58
             15             53
             16             53
                 charge before normalized = 288
                  charge after normalized = 288
                 charge before normalized = 288.000130483441
                  charge after normalized = 288
                 charge before normalized = 288.000130491651
                  charge after normalized = 288
                 charge before normalized = 288.000130468354
                  charge after normalized = 288
                 charge before normalized = 288.00013048253
                  charge after normalized = 288
                 charge before normalized = 288.000130478953
                  charge after normalized = 288
                 charge before normalized = 288.000130481743
                  charge after normalized = 288
                 charge before normalized = 288.00013048012
                  charge after normalized = 288
                 charge before normalized = 288.000130480506
                  charge after normalized = 288
                 charge before normalized = 288.000130480506
                  charge after normalized = 288
                 charge before normalized = 288.000130480466
                  charge after normalized = 288
                 charge before normalized = 288.000130480505
                  charge after normalized = 288
                            startmag_type = 2
                       charge from rho_at = 3.95377434289291
                         charge should be = 4
                       charge from rho_at = 3.99303358802097
                         charge should be = 4

 SETUP ATOMIC RHO FOR SPIN 1
                 Electron number from rho = 288
           total electron number from rho = 288
                                should be = 288
                            startmag_type = 2
                       charge from rho_at = 3.95377434289291
                         charge should be = 4
                       charge from rho_at = 3.99303358802097
                         charge should be = 4

 SETUP ATOMIC RHO FOR SPIN 1
                 Electron number from rho = 288
           total electron number from rho = 288
                                should be = 288
      Processor           Atom
              1             55
              2             57
              3             53
              4             53
              5             57
              6             58
              7             54
              8             54
              9             58
             10             58
             11             54
             12             53
             13             56
             14             58
             15             53
             16             53
                 charge before normalized = 288
                  charge after normalized = 288
                 charge before normalized = 288.000130315264
                  charge after normalized = 288
                 charge before normalized = 288.000130323788
                  charge after normalized = 288
                 charge before normalized = 288.00013031998
                  charge after normalized = 288
                 charge before normalized = 288.00013031395
                  charge after normalized = 288
                 charge before normalized = 288.000130321765
                  charge after normalized = 288
                 charge before normalized = 288.000130316147
                  charge after normalized = 288
                 charge before normalized = 288.000130318257
                  charge after normalized = 288
                 charge before normalized = 288.000130317574
                  charge after normalized = 288
                 charge before normalized = 288.000130317749
                  charge after normalized = 288
                 charge before normalized = 288.000130317666
                  charge after normalized = 288
                 charge before normalized = 288.000130317713
                  charge after normalized = 288
                            startmag_type = 2
                       charge from rho_at = 3.95377434289291
                         charge should be = 4
                       charge from rho_at = 3.99303358802097
                         charge should be = 4

 SETUP ATOMIC RHO FOR SPIN 1
                 Electron number from rho = 288
           total electron number from rho = 288
                                should be = 288
                            startmag_type = 2
                       charge from rho_at = 3.95377434289291
                         charge should be = 4
                       charge from rho_at = 3.99303358802097
                         charge should be = 4

 SETUP ATOMIC RHO FOR SPIN 1
                 Electron number from rho = 288
           total electron number from rho = 288
                                should be = 288
      Processor           Atom
              1             55
              2             57
              3             54
              4             53
              5             57
              6             58
              7             55
              8             53
              9             58
             10             58
             11             54
             12             53
             13             56
             14             58
             15             53
             16             53
                 charge before normalized = 288
                  charge after normalized = 288
                 charge before normalized = 288.000130179408
                  charge after normalized = 288
                 charge before normalized = 288.000130175069
                  charge after normalized = 288
                 charge before normalized = 288.000130184185
                  charge after normalized = 288
                 charge before normalized = 288.000130170723
                  charge after normalized = 288
                 charge before normalized = 288.000130177996
                  charge after normalized = 288
                 charge before normalized = 288.000130172503
                  charge after normalized = 288
                 charge before normalized = 288.000130175304
                  charge after normalized = 288
                 charge before normalized = 288.000130174338
                  charge after normalized = 288
                 charge before normalized = 288.000130174475
                  charge after normalized = 288
                 charge before normalized = 288.00013017444
                  charge after normalized = 288
                 charge before normalized = 288.000130174483
                  charge after normalized = 288
                 charge before normalized = 288.000130174456
                  charge after normalized = 288
                            startmag_type = 2
                       charge from rho_at = 3.95377434289291
                         charge should be = 4
                       charge from rho_at = 3.99303358802097
                         charge should be = 4

 SETUP ATOMIC RHO FOR SPIN 1
                 Electron number from rho = 288
           total electron number from rho = 288
                                should be = 288
                            startmag_type = 2
                       charge from rho_at = 3.95377434289291
                         charge should be = 4
                       charge from rho_at = 3.99303358802097
                         charge should be = 4

 SETUP ATOMIC RHO FOR SPIN 1
                 Electron number from rho = 288
           total electron number from rho = 288
                                should be = 288
      Processor           Atom
              1             55
              2             57
              3             53
              4             53
              5             57
              6             58
              7             55
              8             54
              9             58
             10             58
             11             54
             12             53
             13             56
             14             58
             15             53
             16             53
                 charge before normalized = 288
                  charge after normalized = 288
                 charge before normalized = 288.000130196035
                  charge after normalized = 288
                 charge before normalized = 288.000130201758
                  charge after normalized = 288
                 charge before normalized = 288.00013018321
                  charge after normalized = 288
                 charge before normalized = 288.000130184539
                  charge after normalized = 288
                 charge before normalized = 288.000130188805
                  charge after normalized = 288
                 charge before normalized = 288.000130186449
                  charge after normalized = 288
                 charge before normalized = 288.000130187247
                  charge after normalized = 288
                 charge before normalized = 288.00013018671
                  charge after normalized = 288
                 charge before normalized = 288.000130186962
                  charge after normalized = 288
                 charge before normalized = 288.000130186923
                  charge after normalized = 288
                 charge before normalized = 288.000130186923
                  charge after normalized = 288
                            startmag_type = 2
                       charge from rho_at = 3.95377434289291
                         charge should be = 4
                       charge from rho_at = 3.99303358802097
                         charge should be = 4

 SETUP ATOMIC RHO FOR SPIN 1
                 Electron number from rho = 288
           total electron number from rho = 288
                                should be = 288
                            startmag_type = 2
                       charge from rho_at = 3.95377434289291
                         charge should be = 4
                       charge from rho_at = 3.99303358802097
                         charge should be = 4

 SETUP ATOMIC RHO FOR SPIN 1
                 Electron number from rho = 288
           total electron number from rho = 288
                                should be = 288
      Processor           Atom
              1             56
              2             58
              3             53
              4             53
              5             57
              6             58
              7             55
              8             53
              9             58
             10             58
             11             54
             12             53
             13             57
             14             58
             15             53
             16             53
                 charge before normalized = 288
                  charge after normalized = 288
                 charge before normalized = 288.000130015512
                  charge after normalized = 288
                 charge before normalized = 288.000130020411
                  charge after normalized = 288
                 charge before normalized = 288.00013000957
                  charge after normalized = 288
                 charge before normalized = 288.000130010713
                  charge after normalized = 288
                 charge before normalized = 288.000130012628
                  charge after normalized = 288
                 charge before normalized = 288.000130011263
                  charge after normalized = 288
                 charge before normalized = 288.000130012337
                  charge after normalized = 288
                 charge before normalized = 288.000130011288
                  charge after normalized = 288
                 charge before normalized = 288.000130011816
                  charge after normalized = 288
                 charge before normalized = 288.000130011718
                  charge after normalized = 288
                 charge before normalized = 288.000130011736
                  charge after normalized = 288
                            startmag_type = 2
                       charge from rho_at = 3.95377434289291
                         charge should be = 4
                       charge from rho_at = 3.99303358802097
                         charge should be = 4

 SETUP ATOMIC RHO FOR SPIN 1
                 Electron number from rho = 288
           total electron number from rho = 288
                                should be = 288
                            startmag_type = 2
                       charge from rho_at = 3.95377434289291
                         charge should be = 4
                       charge from rho_at = 3.99303358802097
                         charge should be = 4

 SETUP ATOMIC RHO FOR SPIN 1
                 Electron number from rho = 288
           total electron number from rho = 288
                                should be = 288
      Processor           Atom
              1             55
              2             58
              3             53
              4             53
              5             57
              6             58
              7             54
              8             54
              9             58
             10             58
             11             54
             12             53
             13             57
             14             58
             15             53
             16             53
                 charge before normalized = 288
                  charge after normalized = 288
                 charge before normalized = 288.000129946818
                  charge after normalized = 288
                 charge before normalized = 288.0001299611
                  charge after normalized = 288
                 charge before normalized = 288.000129919992
                  charge after normalized = 288
                 charge before normalized = 288.000129949856
                  charge after normalized = 288
                 charge before normalized = 288.00012993311
                  charge after normalized = 288
                 charge before normalized = 288.000129944841
                  charge after normalized = 288
                 charge before normalized = 288.000129941038
                  charge after normalized = 288
                 charge before normalized = 288.000129941594
                  charge after normalized = 288
                 charge before normalized = 288.000129941548
                  charge after normalized = 288
                 charge before normalized = 288.000129941557
                  charge after normalized = 288
                 charge before normalized = 288.000129941559
                  charge after normalized = 288
                 charge before normalized = 288.000129941559
                  charge after normalized = 288
