WARNING: Total thread number on this node mismatches with hardware availability. This may cause poor performance.
Info: Local MPI proc number: 16,OpenMP thread number: 1,Total thread number: 16,Local thread limit: 32
                                                                                     
                              ABACUS v3.1                                            

               Atomic-orbital Based Ab-initio Computation at UStc                    

                     Website: http://abacus.ustc.edu.cn/                             
               Documentation: https://abacus.deepmodeling.com/                       
                  Repository: https://github.com/abacusmodeling/abacus-develop       
                              https://github.com/deepmodeling/abacus-develop         

 Fri Feb  3 19:45:30 2023
 MAKE THE DIR         : OUT.ABACUS/
 MAKE THE STRU DIR    : OUT.ABACUS/STRU/
 UNIFORM GRID DIM     : 108 * 108 * 108
 UNIFORM GRID DIM(BIG): 54 * 54 * 54
 DONE(0.0977494  SEC) : SETUP UNITCELL
 DONE(0.10992    SEC) : INIT K-POINTS
 ---------------------------------------------------------
 Molecular Dynamics simulations
 ---------------------------------------------------------
 ENSEMBLE                 : Langevin
 Time interval(fs)        : 1
 ---------------------------------------------------------
 SPIN    KPOINTS         PROCESSORS  NBASE       
 1       36              16          1408        
 ---------------------------------------------------------
 Use Systematically Improvable Atomic bases
 ---------------------------------------------------------
 ELEMENT ORBITALS        NBASE       NATOM       XC          
 Si      3s3p2d-9au      22          32          
 C       3s3p2d-9au      22          32          
 ---------------------------------------------------------
 Initial plane wave basis and FFT box
 ---------------------------------------------------------
--------------------------------- INITVEL DONE ------------------------------------
 -------------------------------------------
 STEP OF MOLECULAR DYNAMICS : 0
 -------------------------------------------
 START CHARGE      : atomic
 DONE(8.87877    SEC) : INIT SCF
 ITER   ETOT(eV)       EDIFF(eV)      DRHO       TIME(s)    
 GE1    -8.330211e+03  0.000000e+00   2.771e-01  8.932e+01  
 GE2    -8.370447e+03  -4.023690e+01  1.550e-01  8.365e+01  
 GE3    -8.381328e+03  -1.088018e+01  5.026e-02  8.357e+01  
 GE4    -8.393332e+03  -1.200455e+01  4.933e-02  8.369e+01  
 GE5    -8.398741e+03  -5.408975e+00  9.680e-03  8.377e+01  
 GE6    -8.398819e+03  -7.835685e-02  3.985e-03  8.374e+01  
 GE7    -8.398826e+03  -6.105703e-03  2.100e-03  8.371e+01  
 GE8    -8.398833e+03  -7.373082e-03  1.358e-03  8.369e+01  
 GE9    -8.398838e+03  -5.120193e-03  5.108e-04  8.376e+01  
 GE10   -8.398839e+03  -6.566327e-04  1.792e-04  8.373e+01  
 GE11   -8.398839e+03  -9.787528e-05  9.290e-05  8.376e+01  
 GE12   -8.398839e+03  -1.508815e-05  4.251e-05  8.365e+01  
 GE13   -8.398839e+03  -7.422947e-06  1.703e-05  8.379e+01  
 GE14   -8.398839e+03  -7.522792e-07  3.234e-06  8.375e+01  
 GE15   -8.398839e+03  -1.411290e-08  1.902e-06  8.365e+01  
 GE16   -8.398839e+03  -3.802007e-09  7.506e-07  8.375e+01  
 ><><><><><><><><><><><><><><><><><><><><><><
 TOTAL-STRESS (KBAR):
 ><><><><><><><><><><><><><><><><><><><><><><
 1.318e+02      3.412e+01      3.413e+01      
 3.412e+01      1.456e+02      3.134e+01      
 3.413e+01      3.134e+01      1.374e+02      
 TOTAL-PRESSURE: 1.383e+02 KBAR
 ------------------------------------------------------------------------------------------------
 Energy              Potential           Kinetic             Temperature         Pressure (KBAR)     
 -3.086e+02          -3.087e+02          2.993e-03           1.000e+01           1.384e+02           
 ------------------------------------------------------------------------------------------------
 -------------------------------------------
 STEP OF MOLECULAR DYNAMICS : 1
 -------------------------------------------
 DONE(1.443e+03  SEC) : INIT SCF
 ITER   ETOT(eV)       EDIFF(eV)      DRHO       TIME(s)    
 GE1    -8.398945e+03  0.000000e+00   5.524e-04  8.951e+01  
 GE2    -8.398945e+03  5.463388e-04   4.610e-04  8.358e+01  
 GE3    -8.398945e+03  -7.897424e-04  4.046e-04  8.371e+01  
 GE4    -8.398946e+03  -4.627590e-04  7.878e-05  8.361e+01  
 GE5    -8.398946e+03  -9.944072e-06  3.526e-05  8.361e+01  
 GE6    -8.398946e+03  -3.383857e-06  1.617e-05  8.349e+01  
 GE7    -8.398946e+03  -5.865268e-07  7.690e-06  8.369e+01  
 GE8    -8.398946e+03  -1.920957e-07  2.639e-06  8.369e+01  
 GE9    -8.398946e+03  -1.879194e-08  8.786e-07  8.366e+01  
 ><><><><><><><><><><><><><><><><><><><><><><
 TOTAL-STRESS (KBAR):
 ><><><><><><><><><><><><><><><><><><><><><><
 1.312e+02      3.391e+01      3.429e+01      
 3.391e+01      1.455e+02      3.121e+01      
 3.429e+01      3.121e+01      1.369e+02      
 TOTAL-PRESSURE: 1.379e+02 KBAR
 ------------------------------------------------------------------------------------------------
 Energy              Potential           Kinetic             Temperature         Pressure (KBAR)     
 -3.086e+02          -3.087e+02          8.042e-03           2.687e+01           1.382e+02           
 ------------------------------------------------------------------------------------------------
 -------------------------------------------
 STEP OF MOLECULAR DYNAMICS : 2
 -------------------------------------------
 DONE(2.291e+03  SEC) : INIT SCF
 ITER   ETOT(eV)       EDIFF(eV)      DRHO       TIME(s)    
 GE1    -8.399158e+03  0.000000e+00   1.650e-03  8.977e+01  
 GE2    -8.399156e+03  1.228159e-03   1.002e-03  8.359e+01  
 GE3    -8.399159e+03  -2.201379e-03  9.792e-04  8.375e+01  
 GE4    -8.399162e+03  -2.861812e-03  2.283e-04  8.381e+01  
 GE5    -8.399162e+03  -1.293145e-04  1.252e-04  8.383e+01  
 GE6    -8.399162e+03  -4.206544e-05  4.403e-05  8.381e+01  
 GE7    -8.399162e+03  -3.766497e-06  1.327e-05  8.366e+01  
 GE8    -8.399162e+03  -5.767217e-07  7.808e-06  8.379e+01  
 GE9    -8.399162e+03  -2.025767e-07  2.313e-06  8.367e+01  
 GE10   -8.399162e+03  -1.300849e-08  5.797e-07  8.386e+01  
 ><><><><><><><><><><><><><><><><><><><><><><
 TOTAL-STRESS (KBAR):
 ><><><><><><><><><><><><><><><><><><><><><><
 1.301e+02      3.337e+01      3.483e+01      
 3.337e+01      1.452e+02      3.061e+01      
 3.483e+01      3.061e+01      1.361e+02      
 TOTAL-PRESSURE: 1.371e+02 KBAR
 ------------------------------------------------------------------------------------------------
 Energy              Potential           Kinetic             Temperature         Pressure (KBAR)     
 -3.086e+02          -3.087e+02          1.909e-02           6.378e+01           1.380e+02           
 ------------------------------------------------------------------------------------------------
 -------------------------------------------
 STEP OF MOLECULAR DYNAMICS : 3
 -------------------------------------------
 DONE(3.224e+03  SEC) : INIT SCF
 ITER   ETOT(eV)       EDIFF(eV)      DRHO       TIME(s)    
 GE1    -8.399352e+03  0.000000e+00   2.099e-03  8.979e+01  
 GE2    -8.399352e+03  3.904144e-04   1.259e-03  8.375e+01  
 GE3    -8.399355e+03  -3.207131e-03  1.060e-03  8.380e+01  
 GE4    -8.399358e+03  -3.190325e-03  3.016e-04  8.374e+01  
 GE5    -8.399358e+03  -2.598812e-04  1.624e-04  8.388e+01  
 GE6    -8.399358e+03  -8.303150e-05  5.658e-05  8.383e+01  
 GE7    -8.399358e+03  -7.104064e-06  1.801e-05  8.366e+01  
 GE8    -8.399358e+03  -9.943532e-07  9.721e-06  8.398e+01  
 GE9    -8.399358e+03  -3.310669e-07  3.124e-06  8.382e+01  
 GE10   -8.399358e+03  -2.562256e-08  6.834e-07  8.373e+01  
 ><><><><><><><><><><><><><><><><><><><><><><
 TOTAL-STRESS (KBAR):
 ><><><><><><><><><><><><><><><><><><><><><><
 1.292e+02      3.292e+01      3.488e+01      
 3.292e+01      1.451e+02      3.059e+01      
 3.488e+01      3.059e+01      1.352e+02      
 TOTAL-PRESSURE: 1.365e+02 KBAR
 ------------------------------------------------------------------------------------------------
 Energy              Potential           Kinetic             Temperature         Pressure (KBAR)     
 -3.086e+02          -3.087e+02          3.103e-02           1.037e+02           1.379e+02           
 ------------------------------------------------------------------------------------------------
 -------------------------------------------
 STEP OF MOLECULAR DYNAMICS : 4
 -------------------------------------------
 DONE(4.158e+03  SEC) : INIT SCF
 ITER   ETOT(eV)       EDIFF(eV)      DRHO       TIME(s)    
 GE1    -8.399638e+03  0.000000e+00   2.510e-03  8.989e+01  
 GE2    -8.399630e+03  8.257916e-03   1.806e-03  8.398e+01  
 GE3    -8.399640e+03  -1.077812e-02  1.768e-03  8.395e+01  
 GE4    -8.399649e+03  -8.393268e-03  3.175e-04  8.396e+01  
 GE5    -8.399649e+03  -1.588908e-04  1.687e-04  8.403e+01  
 GE6    -8.399649e+03  -7.124262e-05  7.429e-05  8.377e+01  
 GE7    -8.399649e+03  -1.139259e-05  3.110e-05  8.402e+01  
 GE8    -8.399649e+03  -3.311113e-06  1.096e-05  8.409e+01  
 GE9    -8.399649e+03  -3.786786e-07  3.506e-06  8.407e+01  
 GE10   -8.399649e+03  -2.340446e-08  8.533e-07  8.406e+01  
 ><><><><><><><><><><><><><><><><><><><><><><
 TOTAL-STRESS (KBAR):
 ><><><><><><><><><><><><><><><><><><><><><><
 1.273e+02      3.181e+01      3.547e+01      
 3.181e+01      1.450e+02      3.021e+01      
 3.547e+01      3.021e+01      1.340e+02      
 TOTAL-PRESSURE: 1.354e+02 KBAR
 ------------------------------------------------------------------------------------------------
 Energy              Potential           Kinetic             Temperature         Pressure (KBAR)     
 -3.086e+02          -3.087e+02          4.160e-02           1.390e+02           1.373e+02           
 ------------------------------------------------------------------------------------------------
 -------------------------------------------
 STEP OF MOLECULAR DYNAMICS : 5
 -------------------------------------------
 DONE(5.093e+03  SEC) : INIT SCF
 ITER   ETOT(eV)       EDIFF(eV)      DRHO       TIME(s)    
 GE1    -8.399807e+03  0.000000e+00   2.660e-03  8.997e+01  
 GE2    -8.399808e+03  -1.186504e-03  1.472e-03  8.414e+01  
 GE3    -8.399813e+03  -4.682751e-03  1.125e-03  8.422e+01  
 GE4    -8.399816e+03  -3.364492e-03  3.353e-04  8.420e+01  
 GE5    -8.399817e+03  -3.211827e-04  2.458e-04  8.398e+01  
 GE6    -8.399817e+03  -2.069888e-04  6.888e-05  8.413e+01  
 GE7    -8.399817e+03  -1.099592e-05  1.528e-05  8.413e+01  
 GE8    -8.399817e+03  -4.734272e-07  8.465e-06  8.415e+01  
 GE9    -8.399817e+03  -2.566850e-07  4.060e-06  8.416e+01  
 GE10   -8.399817e+03  -5.446553e-08  1.004e-06  8.419e+01  
 GE11   -8.399817e+03  -1.809743e-09  3.620e-07  8.425e+01  
 ><><><><><><><><><><><><><><><><><><><><><><
 TOTAL-STRESS (KBAR):
 ><><><><><><><><><><><><><><><><><><><><><><
 1.260e+02      3.234e+01      3.648e+01      
 3.234e+01      1.450e+02      2.863e+01      
 3.648e+01      2.863e+01      1.337e+02      
 TOTAL-PRESSURE: 1.349e+02 KBAR
 ------------------------------------------------------------------------------------------------
 Energy              Potential           Kinetic             Temperature         Pressure (KBAR)     
 -3.086e+02          -3.087e+02          3.925e-02           1.311e+02           1.367e+02           
 ------------------------------------------------------------------------------------------------
 -------------------------------------------
 STEP OF MOLECULAR DYNAMICS : 6
 -------------------------------------------
 DONE(6.114e+03  SEC) : INIT SCF
 ITER   ETOT(eV)       EDIFF(eV)      DRHO       TIME(s)    
 GE1    -8.399908e+03  0.000000e+00   3.039e-03  8.999e+01  
 GE2    -8.399901e+03  6.502825e-03   2.174e-03  8.415e+01  
 GE3    -8.399914e+03  -1.247460e-02  1.877e-03  8.414e+01  
 GE4    -8.399924e+03  -9.837750e-03  4.491e-04  8.405e+01  
 GE5    -8.399924e+03  -4.885267e-04  2.210e-04  8.409e+01  
 GE6    -8.399924e+03  -1.371837e-04  8.430e-05  8.401e+01  
 GE7    -8.399924e+03  -1.471099e-05  2.909e-05  8.406e+01  
 GE8    -8.399924e+03  -2.767245e-06  1.384e-05  8.397e+01  
 GE9    -8.399924e+03  -6.420535e-07  4.275e-06  8.407e+01  
 GE10   -8.399924e+03  -4.737814e-08  1.164e-06  8.414e+01  
 GE11   -8.399924e+03  -1.017787e-09  4.948e-07  8.412e+01  
 ><><><><><><><><><><><><><><><><><><><><><><
 TOTAL-STRESS (KBAR):
 ><><><><><><><><><><><><><><><><><><><><><><
 1.251e+02      3.206e+01      3.656e+01      
 3.206e+01      1.454e+02      2.957e+01      
 3.656e+01      2.957e+01      1.330e+02      
 TOTAL-PRESSURE: 1.345e+02 KBAR
 ------------------------------------------------------------------------------------------------
 Energy              Potential           Kinetic             Temperature         Pressure (KBAR)     
 -3.086e+02          -3.087e+02          5.450e-02           1.821e+02           1.370e+02           
 ------------------------------------------------------------------------------------------------
 -------------------------------------------
 STEP OF MOLECULAR DYNAMICS : 7
 -------------------------------------------
 DONE(7.133e+03  SEC) : INIT SCF
 ITER   ETOT(eV)       EDIFF(eV)      DRHO       TIME(s)    
 GE1    -8.399998e+03  0.000000e+00   3.357e-03  8.992e+01  
 GE2    -8.399992e+03  5.732187e-03   2.127e-03  8.402e+01  
 GE3    -8.400004e+03  -1.246466e-02  1.916e-03  8.402e+01  
 GE4    -8.400015e+03  -1.043963e-02  4.419e-04  8.406e+01  
 GE5    -8.400015e+03  -4.525438e-04  2.570e-04  8.394e+01  
 GE6    -8.400015e+03  -1.967472e-04  9.004e-05  8.413e+01  
 GE7    -8.400015e+03  -1.671004e-05  2.936e-05  8.413e+01  
 GE8    -8.400015e+03  -2.959895e-06  1.632e-05  8.400e+01  
 GE9    -8.400015e+03  -8.470169e-07  4.360e-06  8.401e+01  
 GE10   -8.400015e+03  -4.712756e-08  1.181e-06  8.409e+01  
 GE11   -8.400015e+03  -8.383595e-10  5.182e-07  8.395e+01  
 ><><><><><><><><><><><><><><><><><><><><><><
 TOTAL-STRESS (KBAR):
 ><><><><><><><><><><><><><><><><><><><><><><
 1.242e+02      3.208e+01      3.785e+01      
 3.208e+01      1.462e+02      3.077e+01      
 3.785e+01      3.077e+01      1.326e+02      
 TOTAL-PRESSURE: 1.343e+02 KBAR
 ------------------------------------------------------------------------------------------------
 Energy              Potential           Kinetic             Temperature         Pressure (KBAR)     
 -3.086e+02          -3.087e+02          6.663e-02           2.226e+02           1.373e+02           
 ------------------------------------------------------------------------------------------------
 -------------------------------------------
 STEP OF MOLECULAR DYNAMICS : 8
 -------------------------------------------
 DONE(8.153e+03  SEC) : INIT SCF
 ITER   ETOT(eV)       EDIFF(eV)      DRHO       TIME(s)    
 GE1    -8.399996e+03  0.000000e+00   3.734e-03  8.989e+01  
 GE2    -8.399998e+03  -1.633162e-03  2.058e-03  8.402e+01  
 GE3    -8.400006e+03  -7.546885e-03  1.649e-03  8.383e+01  
 GE4    -8.400013e+03  -7.966497e-03  5.426e-04  8.391e+01  
 GE5    -8.400014e+03  -8.408512e-04  3.172e-04  8.401e+01  
 GE6    -8.400015e+03  -3.437989e-04  1.025e-04  8.388e+01  
 GE7    -8.400015e+03  -2.284856e-05  2.381e-05  8.414e+01  
 GE8    -8.400015e+03  -1.142942e-06  1.048e-05  8.400e+01  
 GE9    -8.400015e+03  -3.305658e-07  5.708e-06  8.385e+01  
 GE10   -8.400015e+03  -1.139504e-07  1.663e-06  8.399e+01  
 GE11   -8.400015e+03  -6.284603e-09  5.118e-07  8.399e+01  
 ><><><><><><><><><><><><><><><><><><><><><><
 TOTAL-STRESS (KBAR):
 ><><><><><><><><><><><><><><><><><><><><><><
 1.240e+02      3.201e+01      3.744e+01      
 3.201e+01      1.464e+02      3.089e+01      
 3.744e+01      3.089e+01      1.330e+02      
 TOTAL-PRESSURE: 1.345e+02 KBAR
 ------------------------------------------------------------------------------------------------
 Energy              Potential           Kinetic             Temperature         Pressure (KBAR)     
 -3.086e+02          -3.087e+02          7.932e-02           2.650e+02           1.381e+02           
 ------------------------------------------------------------------------------------------------
 -------------------------------------------
 STEP OF MOLECULAR DYNAMICS : 9
 -------------------------------------------
 DONE(9.172e+03  SEC) : INIT SCF
 ITER   ETOT(eV)       EDIFF(eV)      DRHO       TIME(s)    
 GE1    -8.400034e+03  0.000000e+00   4.163e-03  8.994e+01  
 GE2    -8.400020e+03  1.400657e-02   3.067e-03  8.417e+01  
 GE3    -8.400044e+03  -2.421021e-02  2.661e-03  8.396e+01  
 GE4    -8.400065e+03  -2.086085e-02  6.385e-04  8.411e+01  
 GE5    -8.400066e+03  -1.066113e-03  3.171e-04  8.406e+01  
 GE6    -8.400066e+03  -2.697409e-04  1.108e-04  8.431e+01  
 GE7    -8.400066e+03  -2.384600e-05  4.033e-05  8.417e+01  
 GE8    -8.400066e+03  -5.458345e-06  2.041e-05  8.401e+01  
 GE9    -8.400066e+03  -1.374087e-06  6.167e-06  8.413e+01  
 GE10   -8.400066e+03  -9.277948e-08  1.379e-06  8.387e+01  
 GE11   -8.400066e+03  -1.463262e-09  6.278e-07  8.400e+01  
 ><><><><><><><><><><><><><><><><><><><><><><
 TOTAL-STRESS (KBAR):
 ><><><><><><><><><><><><><><><><><><><><><><
 1.239e+02      3.184e+01      3.666e+01      
 3.184e+01      1.467e+02      3.265e+01      
 3.666e+01      3.265e+01      1.323e+02      
 TOTAL-PRESSURE: 1.343e+02 KBAR
 ------------------------------------------------------------------------------------------------
 Energy              Potential           Kinetic             Temperature         Pressure (KBAR)     
 -3.086e+02          -3.087e+02          7.851e-02           2.624e+02           1.378e+02           
 ------------------------------------------------------------------------------------------------
 -------------------------------------------
 STEP OF MOLECULAR DYNAMICS : 10
 -------------------------------------------
 DONE(1.019e+04  SEC) : INIT SCF
 ITER   ETOT(eV)       EDIFF(eV)      DRHO       TIME(s)    
 GE1    -8.400219e+03  0.000000e+00   3.867e-03  8.985e+01  
 GE2    -8.400210e+03  8.661538e-03   2.427e-03  8.404e+01  
 GE3    -8.400226e+03  -1.532091e-02  2.294e-03  8.387e+01  
 GE4    -8.400241e+03  -1.561001e-02  4.897e-04  8.410e+01  
 GE5    -8.400242e+03  -5.659933e-04  2.809e-04  8.378e+01  
 GE6    -8.400242e+03  -2.514743e-04  1.099e-04  8.376e+01  
 GE7    -8.400242e+03  -2.447803e-05  3.977e-05  8.391e+01  
 GE8    -8.400242e+03  -5.528279e-06  1.791e-05  8.390e+01  
 GE9    -8.400242e+03  -9.853137e-07  4.536e-06  8.387e+01  
 GE10   -8.400242e+03  -4.663104e-08  1.324e-06  8.390e+01  
 GE11   -8.400242e+03  -2.024747e-09  5.012e-07  8.389e+01  
 ><><><><><><><><><><><><><><><><><><><><><><
 TOTAL-STRESS (KBAR):
 ><><><><><><><><><><><><><><><><><><><><><><
 1.224e+02      3.243e+01      3.953e+01      
 3.243e+01      1.475e+02      3.133e+01      
 3.953e+01      3.133e+01      1.317e+02      
 TOTAL-PRESSURE: 1.339e+02 KBAR
 ------------------------------------------------------------------------------------------------
 Energy              Potential           Kinetic             Temperature         Pressure (KBAR)     
 -3.086e+02          -3.087e+02          8.730e-02           2.917e+02           1.378e+02           
 ------------------------------------------------------------------------------------------------

  |CLASS_NAME---------|NAME---------------|TIME(Sec)-----|CALLS----|AVG------|PER%-------
                       total               11208          27        4.2e+02   1e+02     %
   Driver              driver_line         11208          1         1.1e+04   1e+02     %
   PW_Basis            setup_struc_factor  0.83967        11        0.076     0.0075    %
   ORB_control         read_orb_first      0.15552        1         0.16      0.0014    %
   LCAO_Orbitals       Read_Orbitals       0.15552        1         0.16      0.0014    %
   ORB_control         set_orb_tables      6.843          1         6.8       0.061     %
   ORB_gen_tables      gen_tables          6.843          1         6.8       0.061     %
   ORB_table_phi       init_Table          5.4473         1         5.4       0.049     %
   ORB_table_phi       cal_ST_Phi12_R      5.4187         558       0.0097    0.048     %
   ORB_table_beta      init_Table_Beta     1.2081         1         1.2       0.011     %
   ORB_table_beta      VNL_PhiBeta_R       1.2019         168       0.0072    0.011     %
   ppcell_vl           init_vloc           0.21628        1         0.22      0.0019    %
   Run_MD              md_line             11200          1         1.1e+04   1e+02     %
   Langevin            setup               1433.6         1         1.4e+03   13        %
   MD_func             force_virial        11200          11        1e+03     1e+02     %
   ESolver_KS_LCAO     Run                 10242          11        9.3e+02   91        %
   ESolver_KS_LCAO     beforescf           23.054         11        2.1       0.21      %
   ESolver_KS_LCAO     beforesolver        7.3651         11        0.67      0.066     %
   ESolver_KS_LCAO     set_matrix_grid     5.032          11        0.46      0.045     %
   Grid_Technique      init                2.2964         11        0.21      0.02      %
   Grid_BigCell        grid_expansion_index0.58769        22        0.027     0.0052    %
   Record_adj          for_2d              2.4651         11        0.22      0.022     %
   Grid_Driver         Find_atom           17.282         583616    3e-05     0.15      %
   Charge              atomic_rho          13.965         21        0.67      0.12      %
   PW_Basis            recip2real          4.2561         725       0.0059    0.038     %
   PW_Basis            gathers_scatterp    3.1929         725       0.0044    0.028     %
   Potential           init_pot            0.7049         11        0.064     0.0063    %
   Potential           update_from_charge  7.812          132       0.059     0.07      %
   Potential           cal_v_eff           7.771          132       0.059     0.069     %
   H_Hartree_pw        v_hartree           0.78301        132       0.0059    0.007     %
   PW_Basis            real2recip          2.3877         1100      0.0022    0.021     %
   PW_Basis            gatherp_scatters    0.95654        1100      0.00087   0.0085    %
   PotXC               cal_v_eff           6.9289         132       0.052     0.062     %
   XC_Functional       v_xc                6.8922         132       0.052     0.061     %
   HSolverLCAO         solve               10203          121       84        91        %
   HamiltLCAO          updateHk            3850.4         4356      0.88      34        %
   OperatorLCAO        init                3170.3         8712      0.36      28        %
   Veff                contributeHk        3168.5         4356      0.73      28        %
   Gint_interface      cal_gint            5264           253       21        47        %
   Gint_interface      cal_gint_vlocal     2500.2         121       21        22        %
   Gint_k              folding_vl_k        668.32         4356      0.15      6         %
   Gint_k              Distri              422.32         4356      0.097     3.8       %
   Overlap             contributeHR        4.4495         11        0.4       0.04      %
   LCAO_gen_fixedH     calculate_S_no      4.4494         11        0.4       0.04      %
   Ekin<LCAO>          contributeHR        4.5299         11        0.41      0.04      %
   Nonlocal<LCAO>      contributeHR        49.851         11        4.5       0.44      %
   LCAO_gen_fixedH     build_Nonlocal_mu_new156.25         22        7.1       1.4       %
   ORB_gen_tables      snap_psibeta_half   3.2096         1152249   2.8e-06   0.029     %
   OperatorLCAO        folding_fixed       621.16         4356      0.14      5.5       %
   LCAO_nnr            folding_fixedH      615.71         4356      0.14      5.5       %
   HSolverLCAO         hamiltSolvePsiK     1366.2         4356      0.31      12        %
   DiagoElpa           elpa_solve          1353.1         4356      0.31      12        %
   ElecStateLCAO       psiToRho            4986.8         121       41        44        %
   elecstate           cal_dm              125.61         132       0.95      1.1       %
   psiMulPsiMpi        pdgemm              121.95         4752      0.026     1.1       %
    Local_Orbital_wfc  wfc_2d_to_grid      21.149         4356      0.0049    0.19      %
   LCAO_Charge         cal_dk_k            2591.8         121       21        23        %
   Record_adj          for_grid            0.6674         121       0.0055    0.006     %
   Gint_interface      cal_gint_rho        2265.4         121       19        20        %
   Charge              mix_rho             1.1524         110       0.01      0.01      %
   Force_Stress_LCAO   getForceStress      958.14         11        87        8.5       %
   Forces              cal_force_loc       0.6909         11        0.063     0.0062    %
   Forces              cal_force_ew        0.67933        11        0.062     0.0061    %
   Forces              cal_force_scc       6.4382         11        0.59      0.057     %
   Stress_Func         stress_loc          5.4553         11        0.5       0.049     %
   Stress_Func         stress_ewa          0.33141        11        0.03      0.003     %
   Stress_Func         stress_gga          0.34443        11        0.031     0.0031    %
   Force_LCAO_k        ftable_k            944.14         11        86        8.4       %
   Force_LCAO_k        allocate_k          135.71         11        12        1.2       %
   Force_LCAO_k        cal_foverlap_k      23.824         11        2.2       0.21      %
   Force_LCAO_k        cal_edm_2d          22.979         11        2.1       0.21      %
   Local_Orbital_Chargecal_dm_R            11.29          22        0.51      0.1       %
   Force_LCAO_k        cal_ftvnl_dphi_k    0.24911        11        0.023     0.0022    %
   Force_LCAO_k        cal_fvl_dphi_k      498.44         11        45        4.4       %
   Gint_interface      cal_gint_force      498.44         11        45        4.4       %
   Force_LCAO_k        cal_fvnl_dbeta_k_new279.91         11        25        2.5       %
 ----------------------------------------------------------------------------------------

 START  Time  : Fri Feb  3 19:45:30 2023
 FINISH Time  : Fri Feb  3 22:52:17 2023
 TOTAL  Time  : 1.1e+04
 SEE INFORMATION IN : OUT.ABACUS/
