 In SCAN_BEGIN, can't find: LATTICE_PARAMETERS block.
 In SCAN_BEGIN, can't find: <PP_MESH block.
 In SCAN_BEGIN, can't find: <PP_MESH block.
 AUTO_SET NBANDS to 0
 AUTO_SET NBANDS to 154
 cpu 2D distribution : 4*4
 but, the number of bands-row-block is 3
      Processor           Atom
              1             61
              2             65
              3             61
              4             66
              5             65
              6             63
              7             64
              8             64
              9             62
             10             65
             11             60
             12             66
             13             59
             14             64
             15             61
             16             66
                            startmag_type = 2
                       charge from rho_at = 3.95377
                         charge should be = 4
                            startmag_type = 2
                       charge from rho_at = 3.99303
                         charge should be = 4

 SETUP ATOMIC RHO FOR SPIN 1
                 Electron number from rho = 256
           total electron number from rho = 256
                                should be = 256
                 charge before normalized = 256
                  charge after normalized = 256
                 charge before normalized = 256.000109086122
                  charge after normalized = 256
                 charge before normalized = 256.000154223432
                  charge after normalized = 256
                 charge before normalized = 256.000128031241
                  charge after normalized = 256
                 charge before normalized = 256.000132384272
                  charge after normalized = 256
                 charge before normalized = 256.000127464272
                  charge after normalized = 256
                 charge before normalized = 256.00012780746
                  charge after normalized = 256
                 charge before normalized = 256.000127979212
                  charge after normalized = 256
                 charge before normalized = 256.00012814524
                  charge after normalized = 256
                 charge before normalized = 256.000128183778
                  charge after normalized = 256
                 charge before normalized = 256.000128167974
                  charge after normalized = 256
                 charge before normalized = 256.000128165318
                  charge after normalized = 256
                 charge before normalized = 256.000128170155
                  charge after normalized = 256
                 charge before normalized = 256.0001281701
                  charge after normalized = 256
                 charge before normalized = 256.000128170508
                  charge after normalized = 256
                 charge before normalized = 256.000128170454
                  charge after normalized = 256
                 charge before normalized = 256.000128170439
                  charge after normalized = 256
                            startmag_type = 2
                       charge from rho_at = 3.95377434289291
                         charge should be = 4
                            startmag_type = 2
                       charge from rho_at = 3.99303358802097
                         charge should be = 4

 SETUP ATOMIC RHO FOR SPIN 1
                 Electron number from rho = 256
           total electron number from rho = 256
                                should be = 256
                            startmag_type = 2
                       charge from rho_at = 3.95377434289291
                         charge should be = 4
                            startmag_type = 2
                       charge from rho_at = 3.99303358802097
                         charge should be = 4

 SETUP ATOMIC RHO FOR SPIN 1
                 Electron number from rho = 256
           total electron number from rho = 256
                                should be = 256
      Processor           Atom
              1             61
              2             65
              3             61
              4             66
              5             65
              6             63
              7             64
              8             64
              9             62
             10             65
             11             60
             12             66
             13             59
             14             64
             15             61
             16             66
                 charge before normalized = 256
                  charge after normalized = 256
                 charge before normalized = 256.000128140539
                  charge after normalized = 256
                 charge before normalized = 256.000128136716
                  charge after normalized = 256
                 charge before normalized = 256.000128158634
                  charge after normalized = 256
                 charge before normalized = 256.000128144588
                  charge after normalized = 256
                 charge before normalized = 256.000128146791
                  charge after normalized = 256
                 charge before normalized = 256.000128145921
                  charge after normalized = 256
                 charge before normalized = 256.000128146398
                  charge after normalized = 256
                 charge before normalized = 256.00012814641
                  charge after normalized = 256
                 charge before normalized = 256.000128146436
                  charge after normalized = 256
                            startmag_type = 2
                       charge from rho_at = 3.95377434289291
                         charge should be = 4
                            startmag_type = 2
                       charge from rho_at = 3.99303358802097
                         charge should be = 4

 SETUP ATOMIC RHO FOR SPIN 1
                 Electron number from rho = 256
           total electron number from rho = 256
                                should be = 256
                            startmag_type = 2
                       charge from rho_at = 3.95377434289291
                         charge should be = 4
                            startmag_type = 2
                       charge from rho_at = 3.99303358802097
                         charge should be = 4

 SETUP ATOMIC RHO FOR SPIN 1
                 Electron number from rho = 256
           total electron number from rho = 256
                                should be = 256
      Processor           Atom
              1             61
              2             65
              3             61
              4             66
              5             65
              6             63
              7             64
              8             64
              9             62
             10             65
             11             60
             12             65
             13             59
             14             64
             15             61
             16             66
                 charge before normalized = 256
                  charge after normalized = 256
                 charge before normalized = 256.000128185718
                  charge after normalized = 256
                 charge before normalized = 256.000128189642
                  charge after normalized = 256
                 charge before normalized = 256.000128202012
                  charge after normalized = 256
                 charge before normalized = 256.000128192426
                  charge after normalized = 256
                 charge before normalized = 256.000128194841
                  charge after normalized = 256
                 charge before normalized = 256.000128194078
                  charge after normalized = 256
                 charge before normalized = 256.000128194275
                  charge after normalized = 256
                 charge before normalized = 256.000128194383
                  charge after normalized = 256
                 charge before normalized = 256.000128194399
                  charge after normalized = 256
                 charge before normalized = 256.000128194344
                  charge after normalized = 256
                            startmag_type = 2
                       charge from rho_at = 3.95377434289291
                         charge should be = 4
                            startmag_type = 2
                       charge from rho_at = 3.99303358802097
                         charge should be = 4

 SETUP ATOMIC RHO FOR SPIN 1
                 Electron number from rho = 256
           total electron number from rho = 256
                                should be = 256
                            startmag_type = 2
                       charge from rho_at = 3.95377434289291
                         charge should be = 4
                            startmag_type = 2
                       charge from rho_at = 3.99303358802097
                         charge should be = 4

 SETUP ATOMIC RHO FOR SPIN 1
                 Electron number from rho = 256
           total electron number from rho = 256
                                should be = 256
      Processor           Atom
              1             61
              2             65
              3             61
              4             66
              5             65
              6             63
              7             64
              8             64
              9             62
             10             65
             11             60
             12             65
             13             59
             14             64
             15             61
             16             66
                 charge before normalized = 256
                  charge after normalized = 256
                 charge before normalized = 256.000128092174
                  charge after normalized = 256
                 charge before normalized = 256.000128096925
                  charge after normalized = 256
                 charge before normalized = 256.000128109238
                  charge after normalized = 256
                 charge before normalized = 256.000128097141
                  charge after normalized = 256
                 charge before normalized = 256.000128101726
                  charge after normalized = 256
                 charge before normalized = 256.000128099177
                  charge after normalized = 256
                 charge before normalized = 256.000128100492
                  charge after normalized = 256
                 charge before normalized = 256.000128099959
                  charge after normalized = 256
                 charge before normalized = 256.000128100176
                  charge after normalized = 256
                 charge before normalized = 256.000128100107
                  charge after normalized = 256
                            startmag_type = 2
                       charge from rho_at = 3.95377434289291
                         charge should be = 4
                            startmag_type = 2
                       charge from rho_at = 3.99303358802097
                         charge should be = 4

 SETUP ATOMIC RHO FOR SPIN 1
                 Electron number from rho = 256
           total electron number from rho = 256
                                should be = 256
                            startmag_type = 2
                       charge from rho_at = 3.95377434289291
                         charge should be = 4
                            startmag_type = 2
                       charge from rho_at = 3.99303358802097
                         charge should be = 4

 SETUP ATOMIC RHO FOR SPIN 1
                 Electron number from rho = 256
           total electron number from rho = 256
                                should be = 256
      Processor           Atom
              1             61
              2             65
              3             61
              4             66
              5             65
              6             63
              7             65
              8             64
              9             62
             10             65
             11             60
             12             65
             13             59
             14             64
             15             61
             16             66
                 charge before normalized = 256
                  charge after normalized = 256
                 charge before normalized = 256.000128109098
                  charge after normalized = 256
                 charge before normalized = 256.000128115296
                  charge after normalized = 256
                 charge before normalized = 256.000128115393
                  charge after normalized = 256
                 charge before normalized = 256.000128114472
                  charge after normalized = 256
                 charge before normalized = 256.000128112268
                  charge after normalized = 256
                 charge before normalized = 256.000128115439
                  charge after normalized = 256
                 charge before normalized = 256.00012811291
                  charge after normalized = 256
                 charge before normalized = 256.000128114284
                  charge after normalized = 256
                 charge before normalized = 256.000128113966
                  charge after normalized = 256
                 charge before normalized = 256.000128113988
                  charge after normalized = 256
                 charge before normalized = 256.000128114005
                  charge after normalized = 256
                            startmag_type = 2
                       charge from rho_at = 3.95377434289291
                         charge should be = 4
                            startmag_type = 2
                       charge from rho_at = 3.99303358802097
                         charge should be = 4

 SETUP ATOMIC RHO FOR SPIN 1
                 Electron number from rho = 256
           total electron number from rho = 256
                                should be = 256
                            startmag_type = 2
                       charge from rho_at = 3.95377434289291
                         charge should be = 4
                            startmag_type = 2
                       charge from rho_at = 3.99303358802097
                         charge should be = 4

 SETUP ATOMIC RHO FOR SPIN 1
                 Electron number from rho = 256
           total electron number from rho = 256
                                should be = 256
      Processor           Atom
              1             61
              2             65
              3             61
              4             66
              5             65
              6             63
              7             65
              8             64
              9             62
             10             65
             11             60
             12             66
             13             59
             14             64
             15             61
             16             66
                 charge before normalized = 256
                  charge after normalized = 256
                 charge before normalized = 256.000127981261
                  charge after normalized = 256
                 charge before normalized = 256.000127963168
                  charge after normalized = 256
                 charge before normalized = 256.000128016291
                  charge after normalized = 256
                 charge before normalized = 256.00012797225
                  charge after normalized = 256
                 charge before normalized = 256.000127989389
                  charge after normalized = 256
                 charge before normalized = 256.000127980875
                  charge after normalized = 256
                 charge before normalized = 256.000127982864
                  charge after normalized = 256
                 charge before normalized = 256.000127982906
                  charge after normalized = 256
                 charge before normalized = 256.00012798285
                  charge after normalized = 256
                 charge before normalized = 256.000127982853
                  charge after normalized = 256
                            startmag_type = 2
                       charge from rho_at = 3.95377434289291
                         charge should be = 4
                            startmag_type = 2
                       charge from rho_at = 3.99303358802097
                         charge should be = 4

 SETUP ATOMIC RHO FOR SPIN 1
                 Electron number from rho = 256
           total electron number from rho = 256
                                should be = 256
                            startmag_type = 2
                       charge from rho_at = 3.95377434289291
                         charge should be = 4
                            startmag_type = 2
                       charge from rho_at = 3.99303358802097
                         charge should be = 4

 SETUP ATOMIC RHO FOR SPIN 1
                 Electron number from rho = 256
           total electron number from rho = 256
                                should be = 256
      Processor           Atom
              1             61
              2             65
              3             61
              4             66
              5             65
              6             63
              7             65
              8             64
              9             62
             10             65
             11             60
             12             65
             13             59
             14             64
             15             61
             16             66
                 charge before normalized = 256
                  charge after normalized = 256
                 charge before normalized = 256.000127950308
                  charge after normalized = 256
                 charge before normalized = 256.000127954905
                  charge after normalized = 256
                 charge before normalized = 256.000127976228
                  charge after normalized = 256
                 charge before normalized = 256.000127951899
                  charge after normalized = 256
                 charge before normalized = 256.000127962964
                  charge after normalized = 256
                 charge before normalized = 256.00012795661
                  charge after normalized = 256
                 charge before normalized = 256.000127960005
                  charge after normalized = 256
                 charge before normalized = 256.000127958523
                  charge after normalized = 256
                 charge before normalized = 256.000127958885
                  charge after normalized = 256
                 charge before normalized = 256.000127958852
                  charge after normalized = 256
                 charge before normalized = 256.000127958826
                  charge after normalized = 256
                            startmag_type = 2
                       charge from rho_at = 3.95377434289291
                         charge should be = 4
                            startmag_type = 2
                       charge from rho_at = 3.99303358802097
                         charge should be = 4

 SETUP ATOMIC RHO FOR SPIN 1
                 Electron number from rho = 256
           total electron number from rho = 256
                                should be = 256
                            startmag_type = 2
                       charge from rho_at = 3.95377434289291
                         charge should be = 4
                            startmag_type = 2
                       charge from rho_at = 3.99303358802097
                         charge should be = 4

 SETUP ATOMIC RHO FOR SPIN 1
                 Electron number from rho = 256
           total electron number from rho = 256
                                should be = 256
      Processor           Atom
              1             61
              2             64
              3             61
              4             66
              5             65
              6             63
              7             65
              8             64
              9             62
             10             65
             11             60
             12             65
             13             59
             14             64
             15             61
             16             66
                 charge before normalized = 256
                  charge after normalized = 256
                 charge before normalized = 256.000128110366
                  charge after normalized = 256
                 charge before normalized = 256.000128117417
                  charge after normalized = 256
                 charge before normalized = 256.000128102671
                  charge after normalized = 256
                 charge before normalized = 256.000128109786
                  charge after normalized = 256
                 charge before normalized = 256.000128108877
                  charge after normalized = 256
                 charge before normalized = 256.000128108368
                  charge after normalized = 256
                 charge before normalized = 256.000128109641
                  charge after normalized = 256
                 charge before normalized = 256.000128108282
                  charge after normalized = 256
                 charge before normalized = 256.000128108914
                  charge after normalized = 256
                 charge before normalized = 256.000128108816
                  charge after normalized = 256
                 charge before normalized = 256.000128108808
                  charge after normalized = 256
                            startmag_type = 2
                       charge from rho_at = 3.95377434289291
                         charge should be = 4
                            startmag_type = 2
                       charge from rho_at = 3.99303358802097
                         charge should be = 4

 SETUP ATOMIC RHO FOR SPIN 1
                 Electron number from rho = 256
           total electron number from rho = 256
                                should be = 256
                            startmag_type = 2
                       charge from rho_at = 3.95377434289291
                         charge should be = 4
                            startmag_type = 2
                       charge from rho_at = 3.99303358802097
                         charge should be = 4

 SETUP ATOMIC RHO FOR SPIN 1
                 Electron number from rho = 256
           total electron number from rho = 256
                                should be = 256
      Processor           Atom
              1             61
              2             64
              3             61
              4             66
              5             65
              6             63
              7             65
              8             64
              9             62
             10             65
             11             60
             12             66
             13             59
             14             64
             15             61
             16             66
                 charge before normalized = 256
                  charge after normalized = 256
                 charge before normalized = 256.000128054307
                  charge after normalized = 256
                 charge before normalized = 256.00012804883
                  charge after normalized = 256
                 charge before normalized = 256.000128066006
                  charge after normalized = 256
                 charge before normalized = 256.000128048786
                  charge after normalized = 256
                 charge before normalized = 256.000128056291
                  charge after normalized = 256
                 charge before normalized = 256.000128052364
                  charge after normalized = 256
                 charge before normalized = 256.00012805422
                  charge after normalized = 256
                 charge before normalized = 256.000128053493
                  charge after normalized = 256
                 charge before normalized = 256.000128053793
                  charge after normalized = 256
                 charge before normalized = 256.000128053711
                  charge after normalized = 256
                 charge before normalized = 256.000128053753
                  charge after normalized = 256
                            startmag_type = 2
                       charge from rho_at = 3.95377434289291
                         charge should be = 4
                            startmag_type = 2
                       charge from rho_at = 3.99303358802097
                         charge should be = 4

 SETUP ATOMIC RHO FOR SPIN 1
                 Electron number from rho = 256
           total electron number from rho = 256
                                should be = 256
                            startmag_type = 2
                       charge from rho_at = 3.95377434289291
                         charge should be = 4
                            startmag_type = 2
                       charge from rho_at = 3.99303358802097
                         charge should be = 4

 SETUP ATOMIC RHO FOR SPIN 1
                 Electron number from rho = 256
           total electron number from rho = 256
                                should be = 256
      Processor           Atom
              1             61
              2             64
              3             61
              4             66
              5             65
              6             63
              7             65
              8             64
              9             62
             10             65
             11             60
             12             66
             13             59
             14             64
             15             61
             16             66
                 charge before normalized = 256
                  charge after normalized = 256
                 charge before normalized = 256.000128216762
                  charge after normalized = 256
                 charge before normalized = 256.000128216309
                  charge after normalized = 256
                 charge before normalized = 256.000128244374
                  charge after normalized = 256
                 charge before normalized = 256.000128208255
                  charge after normalized = 256
                 charge before normalized = 256.000128222699
                  charge after normalized = 256
                 charge before normalized = 256.000128216281
                  charge after normalized = 256
                 charge before normalized = 256.000128219143
                  charge after normalized = 256
                 charge before normalized = 256.000128217721
                  charge after normalized = 256
                 charge before normalized = 256.000128218183
                  charge after normalized = 256
                 charge before normalized = 256.00012821816
                  charge after normalized = 256
                 charge before normalized = 256.00012821811
                  charge after normalized = 256
                 charge before normalized = 256.000128218145
                  charge after normalized = 256
                            startmag_type = 2
                       charge from rho_at = 3.95377434289291
                         charge should be = 4
                            startmag_type = 2
                       charge from rho_at = 3.99303358802097
                         charge should be = 4

 SETUP ATOMIC RHO FOR SPIN 1
                 Electron number from rho = 256
           total electron number from rho = 256
                                should be = 256
                            startmag_type = 2
                       charge from rho_at = 3.95377434289291
                         charge should be = 4
                            startmag_type = 2
                       charge from rho_at = 3.99303358802097
                         charge should be = 4

 SETUP ATOMIC RHO FOR SPIN 1
                 Electron number from rho = 256
           total electron number from rho = 256
                                should be = 256
      Processor           Atom
              1             62
              2             64
              3             61
              4             65
              5             65
              6             63
              7             65
              8             64
              9             62
             10             65
             11             60
             12             66
             13             59
             14             64
             15             61
             16             66
                 charge before normalized = 256
                  charge after normalized = 256
                 charge before normalized = 256.00012820188
                  charge after normalized = 256
                 charge before normalized = 256.000128188637
                  charge after normalized = 256
                 charge before normalized = 256.000128234279
                  charge after normalized = 256
                 charge before normalized = 256.000128195883
                  charge after normalized = 256
                 charge before normalized = 256.000128206519
                  charge after normalized = 256
                 charge before normalized = 256.000128201768
                  charge after normalized = 256
                 charge before normalized = 256.000128203448
                  charge after normalized = 256
                 charge before normalized = 256.000128202679
                  charge after normalized = 256
                 charge before normalized = 256.000128203046
                  charge after normalized = 256
                 charge before normalized = 256.000128203008
                  charge after normalized = 256
                 charge before normalized = 256.000128203019
                  charge after normalized = 256
