 Input  warning : gamma_only_local algorithm is not used.
 In SCAN_BEGIN, can't find: LATTICE_PARAMETERS block.
 AUTO_SET NBANDS to 0
 AUTO_SET NBANDS to 173
 cpu 2D distribution : 4*4
 but, the number of bands-row-block is 3
      Processor           Atom
              1             59
              2             61
              3             60
              4             56
              5             59
              6             60
              7             59
              8             56
              9             58
             10             60
             11             59
             12             55
             13             58
             14             61
             15             59
             16             55
                            startmag_type = 2
                       charge from rho_at = 3.95377
                         charge should be = 4
                       charge from rho_at = 3.99303
                         charge should be = 4

 SETUP ATOMIC RHO FOR SPIN 1
                 Electron number from rho = 288
           total electron number from rho = 288
                                should be = 288
                 charge before normalized = 288
                  charge after normalized = 288
                 charge before normalized = 288.00011854015
                  charge after normalized = 288
                 charge before normalized = 288.000165683756
                  charge after normalized = 288
                 charge before normalized = 288.000138969582
                  charge after normalized = 288
                 charge before normalized = 288.000141297889
                  charge after normalized = 288
                 charge before normalized = 288.000138958601
                  charge after normalized = 288
                 charge before normalized = 288.000139146233
                  charge after normalized = 288
                 charge before normalized = 288.000139175277
                  charge after normalized = 288
                 charge before normalized = 288.000139234526
                  charge after normalized = 288
                 charge before normalized = 288.000139242193
                  charge after normalized = 288
                 charge before normalized = 288.000139243753
                  charge after normalized = 288
                 charge before normalized = 288.000139244276
                  charge after normalized = 288
                 charge before normalized = 288.000139245842
                  charge after normalized = 288
                 charge before normalized = 288.000139246429
                  charge after normalized = 288
                 charge before normalized = 288.000139246412
                  charge after normalized = 288
                 charge before normalized = 288.000139246257
                  charge after normalized = 288
                 charge before normalized = 288.000139246286
                  charge after normalized = 288
                            startmag_type = 2
                       charge from rho_at = 3.95377434289291
                         charge should be = 4
                       charge from rho_at = 3.99303358802097
                         charge should be = 4

 SETUP ATOMIC RHO FOR SPIN 1
                 Electron number from rho = 288
           total electron number from rho = 288
                                should be = 288
                            startmag_type = 2
                       charge from rho_at = 3.95377434289291
                         charge should be = 4
                       charge from rho_at = 3.99303358802097
                         charge should be = 4

 SETUP ATOMIC RHO FOR SPIN 1
                 Electron number from rho = 288
           total electron number from rho = 288
                                should be = 288
      Processor           Atom
              1             59
              2             61
              3             60
              4             56
              5             59
              6             60
              7             59
              8             56
              9             58
             10             60
             11             59
             12             55
             13             58
             14             61
             15             59
             16             55
                 charge before normalized = 288.000000000001
                  charge after normalized = 288
                 charge before normalized = 288.000139277869
                  charge after normalized = 288
                 charge before normalized = 288.000139283175
                  charge after normalized = 288
                 charge before normalized = 288.000139284339
                  charge after normalized = 288
                 charge before normalized = 288.000139284432
                  charge after normalized = 288
                 charge before normalized = 288.000139284483
                  charge after normalized = 288
                 charge before normalized = 288.000139284
                  charge after normalized = 288
                 charge before normalized = 288.000139284493
                  charge after normalized = 288
                 charge before normalized = 288.00013928443
                  charge after normalized = 288
                 charge before normalized = 288.000139284408
                  charge after normalized = 288
                 charge before normalized = 288.000139284411
                  charge after normalized = 288
                            startmag_type = 2
                       charge from rho_at = 3.95377434289291
                         charge should be = 4
                       charge from rho_at = 3.99303358802097
                         charge should be = 4

 SETUP ATOMIC RHO FOR SPIN 1
                 Electron number from rho = 288
           total electron number from rho = 288
                                should be = 288
                            startmag_type = 2
                       charge from rho_at = 3.95377434289291
                         charge should be = 4
                       charge from rho_at = 3.99303358802097
                         charge should be = 4

 SETUP ATOMIC RHO FOR SPIN 1
                 Electron number from rho = 288
           total electron number from rho = 288
                                should be = 288
      Processor           Atom
              1             59
              2             61
              3             60
              4             56
              5             59
              6             60
              7             59
              8             56
              9             58
             10             60
             11             59
             12             56
             13             58
             14             61
             15             59
             16             55
                 charge before normalized = 287.999999999999
                  charge after normalized = 288
                 charge before normalized = 288.00013923599
                  charge after normalized = 288
                 charge before normalized = 288.000139237174
                  charge after normalized = 288
                 charge before normalized = 288.00013923405
                  charge after normalized = 288
                 charge before normalized = 288.000139236275
                  charge after normalized = 288
                 charge before normalized = 288.000139235198
                  charge after normalized = 288
                 charge before normalized = 288.000139236057
                  charge after normalized = 288
                 charge before normalized = 288.000139235554
                  charge after normalized = 288
                 charge before normalized = 288.000139235799
                  charge after normalized = 288
                 charge before normalized = 288.000139235743
                  charge after normalized = 288
                 charge before normalized = 288.000139235749
                  charge after normalized = 288
                            startmag_type = 2
                       charge from rho_at = 3.95377434289291
                         charge should be = 4
                       charge from rho_at = 3.99303358802097
                         charge should be = 4

 SETUP ATOMIC RHO FOR SPIN 1
                 Electron number from rho = 288
           total electron number from rho = 288
                                should be = 288
                            startmag_type = 2
                       charge from rho_at = 3.95377434289291
                         charge should be = 4
                       charge from rho_at = 3.99303358802097
                         charge should be = 4

 SETUP ATOMIC RHO FOR SPIN 1
                 Electron number from rho = 288
           total electron number from rho = 288
                                should be = 288
      Processor           Atom
              1             59
              2             61
              3             60
              4             56
              5             58
              6             60
              7             59
              8             56
              9             58
             10             60
             11             59
             12             56
             13             58
             14             61
             15             59
             16             55
                 charge before normalized = 288
                  charge after normalized = 288
                 charge before normalized = 288.000139181889
                  charge after normalized = 288
                 charge before normalized = 288.000139183386
                  charge after normalized = 288
                 charge before normalized = 288.000139193916
                  charge after normalized = 288
                 charge before normalized = 288.000139182721
                  charge after normalized = 288
                 charge before normalized = 288.000139185943
                  charge after normalized = 288
                 charge before normalized = 288.000139185168
                  charge after normalized = 288
                 charge before normalized = 288.000139185351
                  charge after normalized = 288
                 charge before normalized = 288.000139185299
                  charge after normalized = 288
                 charge before normalized = 288.000139185327
                  charge after normalized = 288
                 charge before normalized = 288.000139185331
                  charge after normalized = 288
                            startmag_type = 2
                       charge from rho_at = 3.95377434289291
                         charge should be = 4
                       charge from rho_at = 3.99303358802097
                         charge should be = 4

 SETUP ATOMIC RHO FOR SPIN 1
                 Electron number from rho = 288
           total electron number from rho = 288
                                should be = 288
                            startmag_type = 2
                       charge from rho_at = 3.95377434289291
                         charge should be = 4
                       charge from rho_at = 3.99303358802097
                         charge should be = 4

 SETUP ATOMIC RHO FOR SPIN 1
                 Electron number from rho = 288
           total electron number from rho = 288
                                should be = 288
      Processor           Atom
              1             59
              2             61
              3             59
              4             56
              5             58
              6             60
              7             59
              8             55
              9             58
             10             60
             11             59
             12             56
             13             58
             14             61
             15             59
             16             55
                 charge before normalized = 288
                  charge after normalized = 288
                 charge before normalized = 288.000139151192
                  charge after normalized = 288
                 charge before normalized = 288.000139147899
                  charge after normalized = 288
                 charge before normalized = 288.000139154819
                  charge after normalized = 288
                 charge before normalized = 288.000139147476
                  charge after normalized = 288
                 charge before normalized = 288.000139151149
                  charge after normalized = 288
                 charge before normalized = 288.00013914906
                  charge after normalized = 288
                 charge before normalized = 288.000139149775
                  charge after normalized = 288
                 charge before normalized = 288.000139149572
                  charge after normalized = 288
                 charge before normalized = 288.000139149619
                  charge after normalized = 288
                 charge before normalized = 288.000139149623
                  charge after normalized = 288
                 charge before normalized = 288.000139149618
                  charge after normalized = 288
                            startmag_type = 2
                       charge from rho_at = 3.95377434289291
                         charge should be = 4
                       charge from rho_at = 3.99303358802097
                         charge should be = 4

 SETUP ATOMIC RHO FOR SPIN 1
                 Electron number from rho = 288
           total electron number from rho = 288
                                should be = 288
                            startmag_type = 2
                       charge from rho_at = 3.95377434289291
                         charge should be = 4
                       charge from rho_at = 3.99303358802097
                         charge should be = 4

 SETUP ATOMIC RHO FOR SPIN 1
                 Electron number from rho = 288
           total electron number from rho = 288
                                should be = 288
      Processor           Atom
              1             59
              2             61
              3             60
              4             56
              5             58
              6             60
              7             59
              8             56
              9             58
             10             60
             11             59
             12             56
             13             58
             14             61
             15             59
             16             55
                 charge before normalized = 288
                  charge after normalized = 288
                 charge before normalized = 288.000139093489
                  charge after normalized = 288
                 charge before normalized = 288.000139098511
                  charge after normalized = 288
                 charge before normalized = 288.000139090417
                  charge after normalized = 288
                 charge before normalized = 288.000139089658
                  charge after normalized = 288
                 charge before normalized = 288.000139094159
                  charge after normalized = 288
                 charge before normalized = 288.000139090865
                  charge after normalized = 288
                 charge before normalized = 288.0001390919
                  charge after normalized = 288
                 charge before normalized = 288.000139091729
                  charge after normalized = 288
                 charge before normalized = 288.000139091717
                  charge after normalized = 288
                 charge before normalized = 288.000139091736
                  charge after normalized = 288
                 charge before normalized = 288.000139091729
                  charge after normalized = 288
                            startmag_type = 2
                       charge from rho_at = 3.95377434289291
                         charge should be = 4
                       charge from rho_at = 3.99303358802097
                         charge should be = 4

 SETUP ATOMIC RHO FOR SPIN 1
                 Electron number from rho = 288
           total electron number from rho = 288
                                should be = 288
                            startmag_type = 2
                       charge from rho_at = 3.95377434289291
                         charge should be = 4
                       charge from rho_at = 3.99303358802097
                         charge should be = 4

 SETUP ATOMIC RHO FOR SPIN 1
                 Electron number from rho = 288
           total electron number from rho = 288
                                should be = 288
      Processor           Atom
              1             59
              2             61
              3             60
              4             56
              5             58
              6             60
              7             59
              8             56
              9             58
             10             60
             11             59
             12             56
             13             58
             14             61
             15             59
             16             55
                 charge before normalized = 288
                  charge after normalized = 288
                 charge before normalized = 288.00013916256
                  charge after normalized = 288
                 charge before normalized = 288.000139178
                  charge after normalized = 288
                 charge before normalized = 288.000139167058
                  charge after normalized = 288
                 charge before normalized = 288.000139174031
                  charge after normalized = 288
                 charge before normalized = 288.000139172548
                  charge after normalized = 288
                 charge before normalized = 288.000139172515
                  charge after normalized = 288
                 charge before normalized = 288.000139173296
                  charge after normalized = 288
                 charge before normalized = 288.000139172875
                  charge after normalized = 288
                 charge before normalized = 288.00013917295
                  charge after normalized = 288
                 charge before normalized = 288.00013917295
                  charge after normalized = 288
                 charge before normalized = 288.000139172958
                  charge after normalized = 288
                            startmag_type = 2
                       charge from rho_at = 3.95377434289291
                         charge should be = 4
                       charge from rho_at = 3.99303358802097
                         charge should be = 4

 SETUP ATOMIC RHO FOR SPIN 1
                 Electron number from rho = 288
           total electron number from rho = 288
                                should be = 288
                            startmag_type = 2
                       charge from rho_at = 3.95377434289291
                         charge should be = 4
                       charge from rho_at = 3.99303358802097
                         charge should be = 4

 SETUP ATOMIC RHO FOR SPIN 1
                 Electron number from rho = 288
           total electron number from rho = 288
                                should be = 288
      Processor           Atom
              1             59
              2             61
              3             60
              4             56
              5             58
              6             60
              7             59
              8             55
              9             59
             10             60
             11             59
             12             56
             13             58
             14             61
             15             59
             16             55
                 charge before normalized = 288
                  charge after normalized = 288
                 charge before normalized = 288.000139360738
                  charge after normalized = 288
                 charge before normalized = 288.000139367262
                  charge after normalized = 288
                 charge before normalized = 288.000139355997
                  charge after normalized = 288
                 charge before normalized = 288.00013935971
                  charge after normalized = 288
                 charge before normalized = 288.000139359506
                  charge after normalized = 288
                 charge before normalized = 288.000139360788
                  charge after normalized = 288
                 charge before normalized = 288.000139360237
                  charge after normalized = 288
                 charge before normalized = 288.000139360162
                  charge after normalized = 288
                 charge before normalized = 288.000139360213
                  charge after normalized = 288
                 charge before normalized = 288.000139360224
                  charge after normalized = 288
                 charge before normalized = 288.000139360226
                  charge after normalized = 288
                            startmag_type = 2
                       charge from rho_at = 3.95377434289291
                         charge should be = 4
                       charge from rho_at = 3.99303358802097
                         charge should be = 4

 SETUP ATOMIC RHO FOR SPIN 1
                 Electron number from rho = 288
           total electron number from rho = 288
                                should be = 288
                            startmag_type = 2
                       charge from rho_at = 3.95377434289291
                         charge should be = 4
                       charge from rho_at = 3.99303358802097
                         charge should be = 4

 SETUP ATOMIC RHO FOR SPIN 1
                 Electron number from rho = 288
           total electron number from rho = 288
                                should be = 288
      Processor           Atom
              1             59
              2             61
              3             60
              4             57
              5             59
              6             60
              7             58
              8             55
              9             59
             10             60
             11             59
             12             56
             13             58
             14             61
             15             59
             16             55
                 charge before normalized = 288
                  charge after normalized = 288
                 charge before normalized = 288.000139595338
                  charge after normalized = 288
                 charge before normalized = 288.00013960055
                  charge after normalized = 288
                 charge before normalized = 288.000139582164
                  charge after normalized = 288
                 charge before normalized = 288.000139589148
                  charge after normalized = 288
                 charge before normalized = 288.000139589334
                  charge after normalized = 288
                 charge before normalized = 288.000139588029
                  charge after normalized = 288
                 charge before normalized = 288.000139588812
                  charge after normalized = 288
                 charge before normalized = 288.000139588509
                  charge after normalized = 288
                 charge before normalized = 288.000139588496
                  charge after normalized = 288
                 charge before normalized = 288.000139588527
                  charge after normalized = 288
                 charge before normalized = 288.000139588512
                  charge after normalized = 288
                 charge before normalized = 288.000139588527
                  charge after normalized = 288
                            startmag_type = 2
                       charge from rho_at = 3.95377434289291
                         charge should be = 4
                       charge from rho_at = 3.99303358802097
                         charge should be = 4

 SETUP ATOMIC RHO FOR SPIN 1
                 Electron number from rho = 288
           total electron number from rho = 288
                                should be = 288
                            startmag_type = 2
                       charge from rho_at = 3.95377434289291
                         charge should be = 4
                       charge from rho_at = 3.99303358802097
                         charge should be = 4

 SETUP ATOMIC RHO FOR SPIN 1
                 Electron number from rho = 288
           total electron number from rho = 288
                                should be = 288
      Processor           Atom
              1             59
              2             61
              3             59
              4             57
              5             59
              6             60
              7             58
              8             55
              9             58
             10             61
             11             59
             12             56
             13             58
             14             61
             15             59
             16             55
                 charge before normalized = 288
                  charge after normalized = 288
                 charge before normalized = 288.000139381121
                  charge after normalized = 288
                 charge before normalized = 288.000139387871
                  charge after normalized = 288
                 charge before normalized = 288.000139384171
                  charge after normalized = 288
                 charge before normalized = 288.000139382929
                  charge after normalized = 288
                 charge before normalized = 288.000139382992
                  charge after normalized = 288
                 charge before normalized = 288.000139383712
                  charge after normalized = 288
                 charge before normalized = 288.000139383407
                  charge after normalized = 288
                 charge before normalized = 288.000139383443
                  charge after normalized = 288
                 charge before normalized = 288.000139383407
                  charge after normalized = 288
                 charge before normalized = 288.000139383452
                  charge after normalized = 288
                 charge before normalized = 288.000139383439
                  charge after normalized = 288
                 charge before normalized = 288.000139383446
                  charge after normalized = 288
                            startmag_type = 2
                       charge from rho_at = 3.95377434289291
                         charge should be = 4
                       charge from rho_at = 3.99303358802097
                         charge should be = 4

 SETUP ATOMIC RHO FOR SPIN 1
                 Electron number from rho = 288
           total electron number from rho = 288
                                should be = 288
                            startmag_type = 2
                       charge from rho_at = 3.95377434289291
                         charge should be = 4
                       charge from rho_at = 3.99303358802097
                         charge should be = 4

 SETUP ATOMIC RHO FOR SPIN 1
                 Electron number from rho = 288
           total electron number from rho = 288
                                should be = 288
      Processor           Atom
              1             59
              2             60
              3             59
              4             56
              5             59
              6             60
              7             59
              8             55
              9             59
             10             60
             11             59
             12             56
             13             59
             14             61
             15             59
             16             55
                 charge before normalized = 288
                  charge after normalized = 288
                 charge before normalized = 288.000139288258
                  charge after normalized = 288
                 charge before normalized = 288.0001392885
                  charge after normalized = 288
                 charge before normalized = 288.000139295208
                  charge after normalized = 288
                 charge before normalized = 288.000139288516
                  charge after normalized = 288
                 charge before normalized = 288.00013928973
                  charge after normalized = 288
                 charge before normalized = 288.000139288654
                  charge after normalized = 288
                 charge before normalized = 288.000139289559
                  charge after normalized = 288
                 charge before normalized = 288.000139289195
                  charge after normalized = 288
                 charge before normalized = 288.000139289245
                  charge after normalized = 288
                 charge before normalized = 288.000139289262
                  charge after normalized = 288
                 charge before normalized = 288.000139289252
                  charge after normalized = 288
                 charge before normalized = 288.000139289261
                  charge after normalized = 288
