WARNING: Total thread number on this node mismatches with hardware availability. This may cause poor performance.
Info: Local MPI proc number: 16,OpenMP thread number: 1,Total thread number: 16,Local thread limit: 32
                                                                                     
                              ABACUS v3.1                                            

               Atomic-orbital Based Ab-initio Computation at UStc                    

                     Website: http://abacus.ustc.edu.cn/                             
               Documentation: https://abacus.deepmodeling.com/                       
                  Repository: https://github.com/abacusmodeling/abacus-develop       
                              https://github.com/deepmodeling/abacus-develop         

 Fri Feb  3 20:27:32 2023
 MAKE THE DIR         : OUT.ABACUS/
 MAKE THE STRU DIR    : OUT.ABACUS/STRU/
 UNIFORM GRID DIM     : 108 * 108 * 108
 UNIFORM GRID DIM(BIG): 54 * 54 * 54
 DONE(0.0958726  SEC) : SETUP UNITCELL
 DONE(0.107234   SEC) : INIT K-POINTS
 ---------------------------------------------------------
 Molecular Dynamics simulations
 ---------------------------------------------------------
 ENSEMBLE                 : Langevin
 Time interval(fs)        : 1
 ---------------------------------------------------------
 SPIN    KPOINTS         PROCESSORS  NBASE       
 1       36              16          1408        
 ---------------------------------------------------------
 Use Systematically Improvable Atomic bases
 ---------------------------------------------------------
 ELEMENT ORBITALS        NBASE       NATOM       XC          
 Si      3s3p2d-9au      22          32          
 C       3s3p2d-9au      22          32          
 ---------------------------------------------------------
 Initial plane wave basis and FFT box
 ---------------------------------------------------------
--------------------------------- INITVEL DONE ------------------------------------
 -------------------------------------------
 STEP OF MOLECULAR DYNAMICS : 0
 -------------------------------------------
 START CHARGE      : atomic
 DONE(9.16769    SEC) : INIT SCF
 ITER   ETOT(eV)       EDIFF(eV)      DRHO       TIME(s)    
 GE1    -8.332133e+03  0.000000e+00   2.745e-01  1.052e+02  
 GE2    -8.369828e+03  -3.769432e+01  1.594e-01  9.972e+01  
 GE3    -8.381825e+03  -1.199677e+01  5.198e-02  9.047e+01  
 GE4    -8.394818e+03  -1.299378e+01  4.964e-02  1.026e+02  
 GE5    -8.399917e+03  -5.098705e+00  1.056e-02  9.930e+01  
 GE6    -8.400013e+03  -9.632794e-02  4.249e-03  9.086e+01  
 GE7    -8.400022e+03  -8.447580e-03  2.247e-03  1.005e+02  
 GE8    -8.400029e+03  -7.603387e-03  1.485e-03  1.003e+02  
 GE9    -8.400035e+03  -5.550114e-03  5.267e-04  9.140e+01  
 GE10   -8.400036e+03  -7.019612e-04  1.930e-04  9.974e+01  
 GE11   -8.400036e+03  -1.300532e-04  8.713e-05  9.983e+01  
 GE12   -8.400036e+03  -9.360109e-06  3.405e-05  9.432e+01  
 GE13   -8.400036e+03  -5.134244e-06  2.523e-05  9.815e+01  
 GE14   -8.400036e+03  -1.540653e-06  4.405e-06  9.780e+01  
 GE15   -8.400036e+03  -5.139670e-08  2.340e-06  9.821e+01  
 GE16   -8.400036e+03  -8.408344e-09  8.065e-07  9.518e+01  
 ><><><><><><><><><><><><><><><><><><><><><><
 TOTAL-STRESS (KBAR):
 ><><><><><><><><><><><><><><><><><><><><><><
 4.151e+01      3.462e+01      7.075e+00      
 3.462e+01      7.075e+01      -1.702e+01     
 7.075e+00      -1.702e+01     7.449e+01      
 TOTAL-PRESSURE: 6.225e+01 KBAR
 ------------------------------------------------------------------------------------------------
 Energy              Potential           Kinetic             Temperature         Pressure (KBAR)     
 -3.087e+02          -3.087e+02          2.993e-03           1.000e+01           6.238e+01           
 ------------------------------------------------------------------------------------------------
 -------------------------------------------
 STEP OF MOLECULAR DYNAMICS : 1
 -------------------------------------------
 DONE(1.679e+03  SEC) : INIT SCF
 ITER   ETOT(eV)       EDIFF(eV)      DRHO       TIME(s)    
 GE1    -8.400144e+03  0.000000e+00   5.516e-04  1.061e+02  
 GE2    -8.400143e+03  5.820321e-04   4.682e-04  9.283e+01  
 GE3    -8.400144e+03  -8.219246e-04  4.115e-04  9.782e+01  
 GE4    -8.400145e+03  -4.624616e-04  7.872e-05  9.977e+01  
 GE5    -8.400145e+03  -1.000227e-05  3.623e-05  9.431e+01  
 GE6    -8.400145e+03  -3.333670e-06  1.712e-05  9.684e+01  
 GE7    -8.400145e+03  -5.598107e-07  7.448e-06  9.882e+01  
 GE8    -8.400145e+03  -1.877910e-07  2.808e-06  9.110e+01  
 GE9    -8.400145e+03  -2.099611e-08  9.243e-07  9.846e+01  
 ><><><><><><><><><><><><><><><><><><><><><><
 TOTAL-STRESS (KBAR):
 ><><><><><><><><><><><><><><><><><><><><><><
 4.088e+01      3.469e+01      7.180e+00      
 3.469e+01      7.042e+01      -1.677e+01     
 7.180e+00      -1.677e+01     7.430e+01      
 TOTAL-PRESSURE: 6.187e+01 KBAR
 ------------------------------------------------------------------------------------------------
 Energy              Potential           Kinetic             Temperature         Pressure (KBAR)     
 -3.087e+02          -3.087e+02          7.932e-03           2.651e+01           6.221e+01           
 ------------------------------------------------------------------------------------------------
 -------------------------------------------
 STEP OF MOLECULAR DYNAMICS : 2
 -------------------------------------------
 DONE(2.653e+03  SEC) : INIT SCF
 ITER   ETOT(eV)       EDIFF(eV)      DRHO       TIME(s)    
 GE1    -8.400348e+03  0.000000e+00   1.600e-03  9.860e+01  
 GE2    -8.400347e+03  9.842621e-04   9.707e-04  9.827e+01  
 GE3    -8.400349e+03  -1.864068e-03  9.340e-04  9.970e+01  
 GE4    -8.400351e+03  -2.612469e-03  2.311e-04  8.931e+01  
 GE5    -8.400352e+03  -1.324594e-04  1.239e-04  1.012e+02  
 GE6    -8.400352e+03  -4.155640e-05  4.625e-05  9.778e+01  
 GE7    -8.400352e+03  -4.607469e-06  1.554e-05  9.057e+01  
 GE8    -8.400352e+03  -8.449767e-07  8.054e-06  1.002e+02  
 GE9    -8.400352e+03  -1.994600e-07  2.186e-06  9.658e+01  
 GE10   -8.400352e+03  -1.036658e-08  5.747e-07  9.484e+01  
 ><><><><><><><><><><><><><><><><><><><><><><
 TOTAL-STRESS (KBAR):
 ><><><><><><><><><><><><><><><><><><><><><><
 3.973e+01      3.474e+01      7.567e+00      
 3.474e+01      6.968e+01      -1.667e+01     
 7.567e+00      -1.667e+01     7.409e+01      
 TOTAL-PRESSURE: 6.117e+01 KBAR
 ------------------------------------------------------------------------------------------------
 Energy              Potential           Kinetic             Temperature         Pressure (KBAR)     
 -3.087e+02          -3.087e+02          1.772e-02           5.923e+01           6.194e+01           
 ------------------------------------------------------------------------------------------------
 -------------------------------------------
 STEP OF MOLECULAR DYNAMICS : 3
 -------------------------------------------
 DONE(3.726e+03  SEC) : INIT SCF
 ITER   ETOT(eV)       EDIFF(eV)      DRHO       TIME(s)    
 GE1    -8.400481e+03  0.000000e+00   1.991e-03  1.057e+02  
 GE2    -8.400480e+03  7.446536e-04   1.224e-03  8.850e+01  
 GE3    -8.400484e+03  -3.035114e-03  1.037e-03  1.011e+02  
 GE4    -8.400487e+03  -3.051348e-03  2.985e-04  9.713e+01  
 GE5    -8.400487e+03  -2.596376e-04  1.552e-04  9.349e+01  
 GE6    -8.400487e+03  -7.580599e-05  5.488e-05  9.952e+01  
 GE7    -8.400487e+03  -6.545006e-06  1.705e-05  9.485e+01  
 GE8    -8.400487e+03  -8.578475e-07  9.299e-06  9.566e+01  
 GE9    -8.400487e+03  -3.024745e-07  3.065e-06  9.859e+01  
 GE10   -8.400487e+03  -2.547870e-08  7.235e-07  8.978e+01  
 ><><><><><><><><><><><><><><><><><><><><><><
 TOTAL-STRESS (KBAR):
 ><><><><><><><><><><><><><><><><><><><><><><
 3.901e+01      3.466e+01      7.371e+00      
 3.466e+01      6.950e+01      -1.592e+01     
 7.371e+00      -1.592e+01     7.389e+01      
 TOTAL-PRESSURE: 6.080e+01 KBAR
 ------------------------------------------------------------------------------------------------
 Energy              Potential           Kinetic             Temperature         Pressure (KBAR)     
 -3.087e+02          -3.087e+02          2.951e-02           9.862e+01           6.209e+01           
 ------------------------------------------------------------------------------------------------
 -------------------------------------------
 STEP OF MOLECULAR DYNAMICS : 4
 -------------------------------------------
 DONE(4.792e+03  SEC) : INIT SCF
 ITER   ETOT(eV)       EDIFF(eV)      DRHO       TIME(s)    
 GE1    -8.400753e+03  0.000000e+00   2.411e-03  1.004e+02  
 GE2    -8.400744e+03  9.115176e-03   1.801e-03  8.220e+01  
 GE3    -8.400755e+03  -1.130691e-02  1.755e-03  8.228e+01  
 GE4    -8.400763e+03  -8.052199e-03  3.070e-04  8.227e+01  
 GE5    -8.400763e+03  -1.357055e-04  1.580e-04  8.530e+01  
 GE6    -8.400763e+03  -6.106629e-05  7.818e-05  8.583e+01  
 GE7    -8.400763e+03  -1.309595e-05  3.200e-05  8.518e+01  
 GE8    -8.400763e+03  -3.526864e-06  1.058e-05  8.531e+01  
 GE9    -8.400763e+03  -3.410484e-07  3.394e-06  8.664e+01  
 GE10   -8.400763e+03  -2.226602e-08  7.964e-07  8.674e+01  
 ><><><><><><><><><><><><><><><><><><><><><><
 TOTAL-STRESS (KBAR):
 ><><><><><><><><><><><><><><><><><><><><><><
 3.724e+01      3.419e+01      7.884e+00      
 3.419e+01      6.880e+01      -1.552e+01     
 7.884e+00      -1.552e+01     7.328e+01      
 TOTAL-PRESSURE: 5.977e+01 KBAR
 ------------------------------------------------------------------------------------------------
 Energy              Potential           Kinetic             Temperature         Pressure (KBAR)     
 -3.087e+02          -3.087e+02          4.115e-02           1.375e+02           6.157e+01           
 ------------------------------------------------------------------------------------------------
 -------------------------------------------
 STEP OF MOLECULAR DYNAMICS : 5
 -------------------------------------------
 DONE(5.743e+03  SEC) : INIT SCF
 ITER   ETOT(eV)       EDIFF(eV)      DRHO       TIME(s)    
 GE1    -8.400921e+03  0.000000e+00   2.595e-03  9.092e+01  
 GE2    -8.400922e+03  -8.614151e-04  1.467e-03  8.552e+01  
 GE3    -8.400927e+03  -4.713050e-03  1.118e-03  8.666e+01  
 GE4    -8.400930e+03  -3.114441e-03  3.301e-04  8.686e+01  
 GE5    -8.400930e+03  -3.056687e-04  2.563e-04  8.616e+01  
 GE6    -8.400931e+03  -2.127347e-04  6.791e-05  8.535e+01  
 GE7    -8.400931e+03  -9.651168e-06  1.538e-05  8.508e+01  
 GE8    -8.400931e+03  -4.563970e-07  8.177e-06  8.621e+01  
 GE9    -8.400931e+03  -2.137121e-07  3.960e-06  8.677e+01  
 GE10   -8.400931e+03  -5.280273e-08  1.210e-06  8.652e+01  
 GE11   -8.400931e+03  -2.737816e-09  3.889e-07  8.579e+01  
 ><><><><><><><><><><><><><><><><><><><><><><
 TOTAL-STRESS (KBAR):
 ><><><><><><><><><><><><><><><><><><><><><><
 3.615e+01      3.502e+01      8.711e+00      
 3.502e+01      6.842e+01      -1.640e+01     
 8.711e+00      -1.640e+01     7.349e+01      
 TOTAL-PRESSURE: 5.935e+01 KBAR
 ------------------------------------------------------------------------------------------------
 Energy              Potential           Kinetic             Temperature         Pressure (KBAR)     
 -3.087e+02          -3.087e+02          4.013e-02           1.341e+02           6.111e+01           
 ------------------------------------------------------------------------------------------------
 -------------------------------------------
 STEP OF MOLECULAR DYNAMICS : 6
 -------------------------------------------
 DONE(6.785e+03  SEC) : INIT SCF
 ITER   ETOT(eV)       EDIFF(eV)      DRHO       TIME(s)    
 GE1    -8.401078e+03  0.000000e+00   3.002e-03  9.171e+01  
 GE2    -8.401070e+03  8.190971e-03   2.181e-03  8.659e+01  
 GE3    -8.401082e+03  -1.278073e-02  1.955e-03  8.640e+01  
 GE4    -8.401093e+03  -1.064388e-02  4.502e-04  8.440e+01  
 GE5    -8.401094e+03  -4.613141e-04  2.246e-04  8.229e+01  
 GE6    -8.401094e+03  -1.370802e-04  8.538e-05  8.236e+01  
 GE7    -8.401094e+03  -1.404581e-05  2.721e-05  8.242e+01  
 GE8    -8.401094e+03  -2.219811e-06  1.324e-05  8.688e+01  
 GE9    -8.401094e+03  -5.980798e-07  4.639e-06  8.591e+01  
 GE10   -8.401094e+03  -5.613915e-08  1.193e-06  8.592e+01  
 GE11   -8.401094e+03  -1.540602e-09  4.603e-07  8.595e+01  
 ><><><><><><><><><><><><><><><><><><><><><><
 TOTAL-STRESS (KBAR):
 ><><><><><><><><><><><><><><><><><><><><><><
 3.519e+01      3.505e+01      8.809e+00      
 3.505e+01      6.800e+01      -1.516e+01     
 8.809e+00      -1.516e+01     7.318e+01      
 TOTAL-PRESSURE: 5.879e+01 KBAR
 ------------------------------------------------------------------------------------------------
 Energy              Potential           Kinetic             Temperature         Pressure (KBAR)     
 -3.087e+02          -3.087e+02          5.754e-02           1.923e+02           6.131e+01           
 ------------------------------------------------------------------------------------------------
 -------------------------------------------
 STEP OF MOLECULAR DYNAMICS : 7
 -------------------------------------------
 DONE(7.813e+03  SEC) : INIT SCF
 ITER   ETOT(eV)       EDIFF(eV)      DRHO       TIME(s)    
 GE1    -8.401281e+03  0.000000e+00   3.318e-03  9.164e+01  
 GE2    -8.401275e+03  6.611213e-03   2.141e-03  8.592e+01  
 GE3    -8.401287e+03  -1.207069e-02  1.992e-03  8.589e+01  
 GE4    -8.401298e+03  -1.097948e-02  4.565e-04  8.602e+01  
 GE5    -8.401298e+03  -4.671291e-04  2.651e-04  8.615e+01  
 GE6    -8.401298e+03  -2.026147e-04  9.456e-05  8.612e+01  
 GE7    -8.401298e+03  -1.817331e-05  2.838e-05  8.611e+01  
 GE8    -8.401298e+03  -2.565031e-06  1.635e-05  8.623e+01  
 GE9    -8.401298e+03  -8.298243e-07  4.609e-06  8.610e+01  
 GE10   -8.401298e+03  -5.334101e-08  1.233e-06  8.618e+01  
 GE11   -8.401298e+03  -1.673625e-09  5.027e-07  8.587e+01  
 ><><><><><><><><><><><><><><><><><><><><><><
 TOTAL-STRESS (KBAR):
 ><><><><><><><><><><><><><><><><><><><><><><
 3.400e+01      3.546e+01      9.950e+00      
 3.546e+01      6.747e+01      -1.394e+01     
 9.950e+00      -1.394e+01     7.300e+01      
 TOTAL-PRESSURE: 5.816e+01 KBAR
 ------------------------------------------------------------------------------------------------
 Energy              Potential           Kinetic             Temperature         Pressure (KBAR)     
 -3.087e+02          -3.087e+02          6.910e-02           2.309e+02           6.118e+01           
 ------------------------------------------------------------------------------------------------
 -------------------------------------------
 STEP OF MOLECULAR DYNAMICS : 8
 -------------------------------------------
 DONE(8.854e+03  SEC) : INIT SCF
 ITER   ETOT(eV)       EDIFF(eV)      DRHO       TIME(s)    
 GE1    -8.401305e+03  0.000000e+00   3.633e-03  9.151e+01  
 GE2    -8.401304e+03  1.028000e-03   2.062e-03  8.581e+01  
 GE3    -8.401311e+03  -7.662392e-03  1.759e-03  8.586e+01  
 GE4    -8.401321e+03  -9.433792e-03  5.437e-04  8.592e+01  
 GE5    -8.401321e+03  -8.055826e-04  3.072e-04  8.476e+01  
 GE6    -8.401322e+03  -3.047519e-04  1.042e-04  8.228e+01  
 GE7    -8.401322e+03  -2.271051e-05  2.712e-05  8.221e+01  
 GE8    -8.401322e+03  -1.826651e-06  1.454e-05  8.221e+01  
 GE9    -8.401322e+03  -7.124834e-07  5.709e-06  8.220e+01  
 GE10   -8.401322e+03  -9.489240e-08  1.354e-06  8.236e+01  
 GE11   -8.401322e+03  -2.832170e-09  5.329e-07  8.228e+01  
 ><><><><><><><><><><><><><><><><><><><><><><
 TOTAL-STRESS (KBAR):
 ><><><><><><><><><><><><><><><><><><><><><><
 3.382e+01      3.586e+01      9.884e+00      
 3.586e+01      6.740e+01      -1.361e+01     
 9.884e+00      -1.361e+01     7.348e+01      
 TOTAL-PRESSURE: 5.824e+01 KBAR
 ------------------------------------------------------------------------------------------------
 Energy              Potential           Kinetic             Temperature         Pressure (KBAR)     
 -3.087e+02          -3.087e+02          8.010e-02           2.676e+02           6.175e+01           
 ------------------------------------------------------------------------------------------------
 -------------------------------------------
 STEP OF MOLECULAR DYNAMICS : 9
 -------------------------------------------
 DONE(9.868e+03  SEC) : INIT SCF
 ITER   ETOT(eV)       EDIFF(eV)      DRHO       TIME(s)    
 GE1    -8.401358e+03  0.000000e+00   4.081e-03  8.822e+01  
 GE2    -8.401343e+03  1.497470e-02   3.062e-03  8.232e+01  
 GE3    -8.401367e+03  -2.370551e-02  2.703e-03  8.245e+01  
 GE4    -8.401388e+03  -2.096248e-02  6.320e-04  8.243e+01  
 GE5    -8.401389e+03  -1.003806e-03  3.215e-04  8.239e+01  
 GE6    -8.401389e+03  -2.607033e-04  1.111e-04  8.241e+01  
 GE7    -8.401389e+03  -2.247137e-05  3.694e-05  8.252e+01  
 GE8    -8.401389e+03  -4.055399e-06  2.000e-05  8.242e+01  
 GE9    -8.401389e+03  -1.310282e-06  6.461e-06  8.238e+01  
 GE10   -8.401389e+03  -1.014601e-07  1.447e-06  8.250e+01  
 GE11   -8.401389e+03  -2.558389e-09  5.703e-07  8.243e+01  
 ><><><><><><><><><><><><><><><><><><><><><><
 TOTAL-STRESS (KBAR):
 ><><><><><><><><><><><><><><><><><><><><><><
 3.349e+01      3.584e+01      8.807e+00      
 3.584e+01      6.718e+01      -1.122e+01     
 8.807e+00      -1.122e+01     7.315e+01      
 TOTAL-PRESSURE: 5.794e+01 KBAR
 ------------------------------------------------------------------------------------------------
 Energy              Potential           Kinetic             Temperature         Pressure (KBAR)     
 -3.087e+02          -3.087e+02          7.937e-02           2.652e+02           6.142e+01           
 ------------------------------------------------------------------------------------------------
 -------------------------------------------
 STEP OF MOLECULAR DYNAMICS : 10
 -------------------------------------------
 DONE(1.087e+04  SEC) : INIT SCF
 ITER   ETOT(eV)       EDIFF(eV)      DRHO       TIME(s)    
 GE1    -8.401575e+03  0.000000e+00   3.763e-03  8.795e+01  
 GE2    -8.401567e+03  8.640968e-03   2.370e-03  8.230e+01  
 GE3    -8.401580e+03  -1.385485e-02  2.289e-03  8.234e+01  
 GE4    -8.401596e+03  -1.513014e-02  4.895e-04  8.236e+01  
 GE5    -8.401596e+03  -5.545415e-04  2.815e-04  8.234e+01  
 GE6    -8.401596e+03  -2.370265e-04  1.066e-04  8.228e+01  
 GE7    -8.401596e+03  -2.216887e-05  3.355e-05  8.233e+01  
 GE8    -8.401596e+03  -3.786980e-06  1.840e-05  8.241e+01  
 GE9    -8.401596e+03  -1.043448e-06  4.612e-06  8.246e+01  
 GE10   -8.401596e+03  -5.094813e-08  1.378e-06  8.517e+01  
 GE11   -8.401596e+03  -2.357306e-09  4.077e-07  8.356e+01  
 ><><><><><><><><><><><><><><><><><><><><><><
 TOTAL-STRESS (KBAR):
 ><><><><><><><><><><><><><><><><><><><><><><
 3.213e+01      3.651e+01      1.120e+01      
 3.651e+01      6.716e+01      -1.217e+01     
 1.120e+01      -1.217e+01     7.296e+01      
 TOTAL-PRESSURE: 5.742e+01 KBAR
 ------------------------------------------------------------------------------------------------
 Energy              Potential           Kinetic             Temperature         Pressure (KBAR)     
 -3.087e+02          -3.088e+02          8.720e-02           2.914e+02           6.124e+01           
 ------------------------------------------------------------------------------------------------

  |CLASS_NAME---------|NAME---------------|TIME(Sec)-----|CALLS----|AVG------|PER%-------
                       total               11868          27        4.4e+02   1e+02     %
   Driver              driver_line         11868          1         1.2e+04   1e+02     %
   PW_Basis            setup_struc_factor  0.87971        11        0.08      0.0074    %
   ORB_control         read_orb_first      0.16065        1         0.16      0.0014    %
   LCAO_Orbitals       Read_Orbitals       0.16065        1         0.16      0.0014    %
   ORB_control         set_orb_tables      7.1974         1         7.2       0.061     %
   ORB_gen_tables      gen_tables          7.1974         1         7.2       0.061     %
   ORB_table_phi       init_Table          5.7688         1         5.8       0.049     %
   ORB_table_phi       cal_ST_Phi12_R      5.7394         558       0.01      0.048     %
   ORB_table_beta      init_Table_Beta     1.232          1         1.2       0.01      %
   ORB_table_beta      VNL_PhiBeta_R       1.2257         168       0.0073    0.01      %
   ppcell_vl           init_vloc           0.22568        1         0.23      0.0019    %
   Run_MD              md_line             11860          1         1.2e+04   1e+02     %
   Langevin            setup               1669.5         1         1.7e+03   14        %
   MD_func             force_virial        11860          11        1.1e+03   1e+02     %
   ESolver_KS_LCAO     Run                 10855          11        9.9e+02   91        %
   ESolver_KS_LCAO     beforescf           21.419         11        1.9       0.18      %
   ESolver_KS_LCAO     beforesolver        7.0809         11        0.64      0.06      %
   ESolver_KS_LCAO     set_matrix_grid     4.9441         11        0.45      0.042     %
   Grid_Technique      init                2.4278         11        0.22      0.02      %
   Grid_BigCell        grid_expansion_index0.58425        22        0.027     0.0049    %
   Record_adj          for_2d              2.2192         11        0.2       0.019     %
   Grid_Driver         Find_atom           18.138         583616    3.1e-05   0.15      %
   Charge              atomic_rho          12.259         21        0.58      0.1       %
   PW_Basis            recip2real          2.4919         725       0.0034    0.021     %
   PW_Basis            gathers_scatterp    1.1068         725       0.0015    0.0093    %
   Potential           init_pot            0.77447        11        0.07      0.0065    %
   Potential           update_from_charge  9.4027         132       0.071     0.079     %
   Potential           cal_v_eff           9.3552         132       0.071     0.079     %
   H_Hartree_pw        v_hartree           1.0136         132       0.0077    0.0085    %
   PW_Basis            real2recip          3.0863         1100      0.0028    0.026     %
   PW_Basis            gatherp_scatters    1.2607         1100      0.0011    0.011     %
   PotXC               cal_v_eff           8.2716         132       0.063     0.07      %
   XC_Functional       v_xc                8.2207         132       0.062     0.069     %
   HSolverLCAO         solve               10817          121       89        91        %
   HamiltLCAO          updateHk            4148.3         4356      0.95      35        %
   OperatorLCAO        init                3511.5         8712      0.4       30        %
   Veff                contributeHk        3509           4356      0.81      30        %
   Gint_interface      cal_gint            5679.9         253       22        48        %
   Gint_interface      cal_gint_vlocal     2753.2         121       23        23        %
   Gint_k              folding_vl_k        755.75         4356      0.17      6.4       %
   Gint_k              Distri              456.51         4356      0.1       3.8       %
   Overlap             contributeHR        4.3082         11        0.39      0.036     %
   LCAO_gen_fixedH     calculate_S_no      4.3082         11        0.39      0.036     %
   Ekin<LCAO>          contributeHR        4.3887         11        0.4       0.037     %
   Nonlocal<LCAO>      contributeHR        49.767         11        4.5       0.42      %
   LCAO_gen_fixedH     build_Nonlocal_mu_new156.48         22        7.1       1.3       %
   ORB_gen_tables      snap_psibeta_half   3.2225         1132281   2.8e-06   0.027     %
   OperatorLCAO        folding_fixed       578.34         4356      0.13      4.9       %
   LCAO_nnr            folding_fixedH      571.16         4356      0.13      4.8       %
   HSolverLCAO         hamiltSolvePsiK     1465.8         4356      0.34      12        %
   DiagoElpa           elpa_solve          1452.7         4356      0.33      12        %
   ElecStateLCAO       psiToRho            5203.3         121       43        44        %
   elecstate           cal_dm              141.05         132       1.1       1.2       %
   psiMulPsiMpi        pdgemm              135.86         4752      0.029     1.1       %
    Local_Orbital_wfc  wfc_2d_to_grid      28.058         4356      0.0064    0.24      %
   LCAO_Charge         cal_dk_k            2670.9         121       22        23        %
   Record_adj          for_grid            0.65819        121       0.0054    0.0055    %
   Gint_interface      cal_gint_rho        2383.4         121       20        20        %
   Charge              mix_rho             1.3833         110       0.013     0.012     %
   Force_Stress_LCAO   getForceStress      1005.2         11        91        8.5       %
   Forces              cal_force_loc       0.72985        11        0.066     0.0061    %
   Forces              cal_force_ew        0.70766        11        0.064     0.006     %
   Forces              cal_force_scc       6.7511         11        0.61      0.057     %
   Stress_Func         stress_loc          5.681          11        0.52      0.048     %
   Stress_Func         stress_ewa          0.34744        11        0.032     0.0029    %
   Stress_Func         stress_gga          0.38843        11        0.035     0.0033    %
   Force_LCAO_k        ftable_k            990.53         11        90        8.3       %
   Force_LCAO_k        allocate_k          136.07         11        12        1.1       %
   Force_LCAO_k        cal_foverlap_k      27.208         11        2.5       0.23      %
   Force_LCAO_k        cal_edm_2d          26.282         11        2.4       0.22      %
   Local_Orbital_Chargecal_dm_R            11.924         22        0.54      0.1       %
   Force_LCAO_k        cal_ftvnl_dphi_k    0.26189        11        0.024     0.0022    %
   Force_LCAO_k        cal_fvl_dphi_k      543.23         11        49        4.6       %
   Gint_interface      cal_gint_force      543.23         11        49        4.6       %
   Force_LCAO_k        cal_fvnl_dbeta_k_new277.17         11        25        2.3       %
 ----------------------------------------------------------------------------------------

 START  Time  : Fri Feb  3 20:27:32 2023
 FINISH Time  : Fri Feb  3 23:45:20 2023
 TOTAL  Time  : 1.2e+04
 SEE INFORMATION IN : OUT.ABACUS/
