 Input  warning : gamma_only_local algorithm is not used.
 In SCAN_BEGIN, can't find: LATTICE_PARAMETERS block.
 AUTO_SET NBANDS to 0
 AUTO_SET NBANDS to 173
 cpu 2D distribution : 4*4
 but, the number of bands-row-block is 3
      Processor           Atom
              1             61
              2             65
              3             62
              4             57
              5             62
              6             66
              7             61
              8             57
              9             61
             10             65
             11             61
             12             57
             13             62
             14             64
             15             62
             16             57
                            startmag_type = 2
                       charge from rho_at = 3.95377
                         charge should be = 4
                       charge from rho_at = 3.99303
                         charge should be = 4

 SETUP ATOMIC RHO FOR SPIN 1
                 Electron number from rho = 288
           total electron number from rho = 288
                                should be = 288
                 charge before normalized = 288
                  charge after normalized = 288
                 charge before normalized = 288.000123045401
                  charge after normalized = 288
                 charge before normalized = 288.000168787963
                  charge after normalized = 288
                 charge before normalized = 288.000143532628
                  charge after normalized = 288
                 charge before normalized = 288.000144832746
                  charge after normalized = 288
                 charge before normalized = 288.000144213721
                  charge after normalized = 288
                 charge before normalized = 288.000144227884
                  charge after normalized = 288
                 charge before normalized = 288.000144281586
                  charge after normalized = 288
                 charge before normalized = 288.000144295118
                  charge after normalized = 288
                 charge before normalized = 288.000144300089
                  charge after normalized = 288
                 charge before normalized = 288.000144303798
                  charge after normalized = 288
                 charge before normalized = 288.000144303829
                  charge after normalized = 288
                 charge before normalized = 288.000144304785
                  charge after normalized = 288
                 charge before normalized = 288.000144305183
                  charge after normalized = 288
                 charge before normalized = 288.000144305193
                  charge after normalized = 288
                 charge before normalized = 288.00014430514
                  charge after normalized = 288
                 charge before normalized = 288.000144305134
                  charge after normalized = 288
                            startmag_type = 2
                       charge from rho_at = 3.95377434289291
                         charge should be = 4
                       charge from rho_at = 3.99303358802097
                         charge should be = 4

 SETUP ATOMIC RHO FOR SPIN 1
                 Electron number from rho = 288
           total electron number from rho = 288
                                should be = 288
                            startmag_type = 2
                       charge from rho_at = 3.95377434289291
                         charge should be = 4
                       charge from rho_at = 3.99303358802097
                         charge should be = 4

 SETUP ATOMIC RHO FOR SPIN 1
                 Electron number from rho = 288
           total electron number from rho = 288
                                should be = 288
      Processor           Atom
              1             61
              2             65
              3             62
              4             57
              5             62
              6             66
              7             61
              8             57
              9             61
             10             65
             11             61
             12             57
             13             62
             14             64
             15             62
             16             57
                 charge before normalized = 288
                  charge after normalized = 288
                 charge before normalized = 288.000144302115
                  charge after normalized = 288
                 charge before normalized = 288.000144302725
                  charge after normalized = 288
                 charge before normalized = 288.000144303034
                  charge after normalized = 288
                 charge before normalized = 288.000144303056
                  charge after normalized = 288
                 charge before normalized = 288.000144302967
                  charge after normalized = 288
                 charge before normalized = 288.000144303015
                  charge after normalized = 288
                 charge before normalized = 288.000144303067
                  charge after normalized = 288
                 charge before normalized = 288.000144303056
                  charge after normalized = 288
                 charge before normalized = 288.000144303053
                  charge after normalized = 288
                            startmag_type = 2
                       charge from rho_at = 3.95377434289291
                         charge should be = 4
                       charge from rho_at = 3.99303358802097
                         charge should be = 4

 SETUP ATOMIC RHO FOR SPIN 1
                 Electron number from rho = 288
           total electron number from rho = 288
                                should be = 288
                            startmag_type = 2
                       charge from rho_at = 3.95377434289291
                         charge should be = 4
                       charge from rho_at = 3.99303358802097
                         charge should be = 4

 SETUP ATOMIC RHO FOR SPIN 1
                 Electron number from rho = 288
           total electron number from rho = 288
                                should be = 288
      Processor           Atom
              1             61
              2             65
              3             62
              4             57
              5             62
              6             66
              7             61
              8             57
              9             61
             10             65
             11             61
             12             57
             13             61
             14             64
             15             62
             16             57
                 charge before normalized = 287.999999999999
                  charge after normalized = 288
                 charge before normalized = 288.000144255442
                  charge after normalized = 288
                 charge before normalized = 288.000144253436
                  charge after normalized = 288
                 charge before normalized = 288.000144251451
                  charge after normalized = 288
                 charge before normalized = 288.000144252167
                  charge after normalized = 288
                 charge before normalized = 288.000144251695
                  charge after normalized = 288
                 charge before normalized = 288.000144251824
                  charge after normalized = 288
                 charge before normalized = 288.000144251942
                  charge after normalized = 288
                 charge before normalized = 288.00014425185
                  charge after normalized = 288
                 charge before normalized = 288.00014425183
                  charge after normalized = 288
                 charge before normalized = 288.00014425185
                  charge after normalized = 288
                            startmag_type = 2
                       charge from rho_at = 3.95377434289291
                         charge should be = 4
                       charge from rho_at = 3.99303358802097
                         charge should be = 4

 SETUP ATOMIC RHO FOR SPIN 1
                 Electron number from rho = 288
           total electron number from rho = 288
                                should be = 288
                            startmag_type = 2
                       charge from rho_at = 3.95377434289291
                         charge should be = 4
                       charge from rho_at = 3.99303358802097
                         charge should be = 4

 SETUP ATOMIC RHO FOR SPIN 1
                 Electron number from rho = 288
           total electron number from rho = 288
                                should be = 288
      Processor           Atom
              1             61
              2             65
              3             62
              4             57
              5             62
              6             66
              7             61
              8             57
              9             61
             10             65
             11             61
             12             57
             13             61
             14             64
             15             61
             16             57
                 charge before normalized = 288
                  charge after normalized = 288
                 charge before normalized = 288.000144246997
                  charge after normalized = 288
                 charge before normalized = 288.00014425086
                  charge after normalized = 288
                 charge before normalized = 288.000144244485
                  charge after normalized = 288
                 charge before normalized = 288.000144245599
                  charge after normalized = 288
                 charge before normalized = 288.000144246221
                  charge after normalized = 288
                 charge before normalized = 288.000144246065
                  charge after normalized = 288
                 charge before normalized = 288.000144246034
                  charge after normalized = 288
                 charge before normalized = 288.000144245961
                  charge after normalized = 288
                 charge before normalized = 288.000144245992
                  charge after normalized = 288
                 charge before normalized = 288.000144245996
                  charge after normalized = 288
                 charge before normalized = 288.00014424599
                  charge after normalized = 288
                            startmag_type = 2
                       charge from rho_at = 3.95377434289291
                         charge should be = 4
                       charge from rho_at = 3.99303358802097
                         charge should be = 4

 SETUP ATOMIC RHO FOR SPIN 1
                 Electron number from rho = 288
           total electron number from rho = 288
                                should be = 288
                            startmag_type = 2
                       charge from rho_at = 3.95377434289291
                         charge should be = 4
                       charge from rho_at = 3.99303358802097
                         charge should be = 4

 SETUP ATOMIC RHO FOR SPIN 1
                 Electron number from rho = 288
           total electron number from rho = 288
                                should be = 288
      Processor           Atom
              1             61
              2             65
              3             62
              4             57
              5             62
              6             66
              7             61
              8             57
              9             61
             10             65
             11             62
             12             57
             13             61
             14             65
             15             61
             16             57
                 charge before normalized = 288
                  charge after normalized = 288
                 charge before normalized = 288.000144115814
                  charge after normalized = 288
                 charge before normalized = 288.000144118606
                  charge after normalized = 288
                 charge before normalized = 288.000144115394
                  charge after normalized = 288
                 charge before normalized = 288.000144115585
                  charge after normalized = 288
                 charge before normalized = 288.000144114646
                  charge after normalized = 288
                 charge before normalized = 288.000144115218
                  charge after normalized = 288
                 charge before normalized = 288.000144115368
                  charge after normalized = 288
                 charge before normalized = 288.0001441152
                  charge after normalized = 288
                 charge before normalized = 288.000144115173
                  charge after normalized = 288
                 charge before normalized = 288.000144115194
                  charge after normalized = 288
                 charge before normalized = 288.000144115201
                  charge after normalized = 288
                            startmag_type = 2
                       charge from rho_at = 3.95377434289291
                         charge should be = 4
                       charge from rho_at = 3.99303358802097
                         charge should be = 4

 SETUP ATOMIC RHO FOR SPIN 1
                 Electron number from rho = 288
           total electron number from rho = 288
                                should be = 288
                            startmag_type = 2
                       charge from rho_at = 3.95377434289291
                         charge should be = 4
                       charge from rho_at = 3.99303358802097
                         charge should be = 4

 SETUP ATOMIC RHO FOR SPIN 1
                 Electron number from rho = 288
           total electron number from rho = 288
                                should be = 288
      Processor           Atom
              1             61
              2             65
              3             62
              4             57
              5             62
              6             66
              7             61
              8             57
              9             61
             10             65
             11             62
             12             57
             13             62
             14             65
             15             61
             16             57
                 charge before normalized = 288
                  charge after normalized = 288
                 charge before normalized = 288.000144169658
                  charge after normalized = 288
                 charge before normalized = 288.000144171238
                  charge after normalized = 288
                 charge before normalized = 288.000144160974
                  charge after normalized = 288
                 charge before normalized = 288.000144164329
                  charge after normalized = 288
                 charge before normalized = 288.000144163784
                  charge after normalized = 288
                 charge before normalized = 288.000144164176
                  charge after normalized = 288
                 charge before normalized = 288.000144164192
                  charge after normalized = 288
                 charge before normalized = 288.000144164071
                  charge after normalized = 288
                 charge before normalized = 288.000144164038
                  charge after normalized = 288
                 charge before normalized = 288.000144164052
                  charge after normalized = 288
                 charge before normalized = 288.000144164065
                  charge after normalized = 288
                            startmag_type = 2
                       charge from rho_at = 3.95377434289291
                         charge should be = 4
                       charge from rho_at = 3.99303358802097
                         charge should be = 4

 SETUP ATOMIC RHO FOR SPIN 1
                 Electron number from rho = 288
           total electron number from rho = 288
                                should be = 288
                            startmag_type = 2
                       charge from rho_at = 3.95377434289291
                         charge should be = 4
                       charge from rho_at = 3.99303358802097
                         charge should be = 4

 SETUP ATOMIC RHO FOR SPIN 1
                 Electron number from rho = 288
           total electron number from rho = 288
                                should be = 288
      Processor           Atom
              1             61
              2             64
              3             61
              4             56
              5             62
              6             66
              7             61
              8             57
              9             61
             10             65
             11             62
             12             57
             13             62
             14             65
             15             62
             16             57
                 charge before normalized = 288
                  charge after normalized = 288
                 charge before normalized = 288.000144084998
                  charge after normalized = 288
                 charge before normalized = 288.000144093805
                  charge after normalized = 288
                 charge before normalized = 288.000144083097
                  charge after normalized = 288
                 charge before normalized = 288.0001440871
                  charge after normalized = 288
                 charge before normalized = 288.000144086724
                  charge after normalized = 288
                 charge before normalized = 288.00014408711
                  charge after normalized = 288
                 charge before normalized = 288.000144086831
                  charge after normalized = 288
                 charge before normalized = 288.000144086905
                  charge after normalized = 288
                 charge before normalized = 288.000144086888
                  charge after normalized = 288
                 charge before normalized = 288.000144086883
                  charge after normalized = 288
                 charge before normalized = 288.000144086888
                  charge after normalized = 288
                            startmag_type = 2
                       charge from rho_at = 3.95377434289291
                         charge should be = 4
                       charge from rho_at = 3.99303358802097
                         charge should be = 4

 SETUP ATOMIC RHO FOR SPIN 1
                 Electron number from rho = 288
           total electron number from rho = 288
                                should be = 288
                            startmag_type = 2
                       charge from rho_at = 3.95377434289291
                         charge should be = 4
                       charge from rho_at = 3.99303358802097
                         charge should be = 4

 SETUP ATOMIC RHO FOR SPIN 1
                 Electron number from rho = 288
           total electron number from rho = 288
                                should be = 288
      Processor           Atom
              1             61
              2             65
              3             62
              4             57
              5             62
              6             66
              7             61
              8             57
              9             62
             10             65
             11             62
             12             57
             13             62
             14             65
             15             62
             16             57
                 charge before normalized = 288
                  charge after normalized = 288
                 charge before normalized = 288.000144093635
                  charge after normalized = 288
                 charge before normalized = 288.000144103316
                  charge after normalized = 288
                 charge before normalized = 288.000144088226
                  charge after normalized = 288
                 charge before normalized = 288.000144088698
                  charge after normalized = 288
                 charge before normalized = 288.000144091856
                  charge after normalized = 288
                 charge before normalized = 288.000144090728
                  charge after normalized = 288
                 charge before normalized = 288.000144090745
                  charge after normalized = 288
                 charge before normalized = 288.000144090528
                  charge after normalized = 288
                 charge before normalized = 288.000144090577
                  charge after normalized = 288
                 charge before normalized = 288.000144090589
                  charge after normalized = 288
                 charge before normalized = 288.000144090585
                  charge after normalized = 288
                            startmag_type = 2
                       charge from rho_at = 3.95377434289291
                         charge should be = 4
                       charge from rho_at = 3.99303358802097
                         charge should be = 4

 SETUP ATOMIC RHO FOR SPIN 1
                 Electron number from rho = 288
           total electron number from rho = 288
                                should be = 288
                            startmag_type = 2
                       charge from rho_at = 3.95377434289291
                         charge should be = 4
                       charge from rho_at = 3.99303358802097
                         charge should be = 4

 SETUP ATOMIC RHO FOR SPIN 1
                 Electron number from rho = 288
           total electron number from rho = 288
                                should be = 288
      Processor           Atom
              1             61
              2             65
              3             61
              4             57
              5             62
              6             66
              7             61
              8             57
              9             61
             10             65
             11             62
             12             57
             13             61
             14             65
             15             61
             16             57
                 charge before normalized = 288
                  charge after normalized = 288
                 charge before normalized = 288.000143932304
                  charge after normalized = 288
                 charge before normalized = 288.000143920289
                  charge after normalized = 288
                 charge before normalized = 288.000143914431
                  charge after normalized = 288
                 charge before normalized = 288.000143914988
                  charge after normalized = 288
                 charge before normalized = 288.000143913768
                  charge after normalized = 288
                 charge before normalized = 288.000143913839
                  charge after normalized = 288
                 charge before normalized = 288.000143914247
                  charge after normalized = 288
                 charge before normalized = 288.000143913994
                  charge after normalized = 288
                 charge before normalized = 288.000143913895
                  charge after normalized = 288
                 charge before normalized = 288.000143913954
                  charge after normalized = 288
                 charge before normalized = 288.00014391396
                  charge after normalized = 288
                 charge before normalized = 288.000143913955
                  charge after normalized = 288
                            startmag_type = 2
                       charge from rho_at = 3.95377434289291
                         charge should be = 4
                       charge from rho_at = 3.99303358802097
                         charge should be = 4

 SETUP ATOMIC RHO FOR SPIN 1
                 Electron number from rho = 288
           total electron number from rho = 288
                                should be = 288
                            startmag_type = 2
                       charge from rho_at = 3.95377434289291
                         charge should be = 4
                       charge from rho_at = 3.99303358802097
                         charge should be = 4

 SETUP ATOMIC RHO FOR SPIN 1
                 Electron number from rho = 288
           total electron number from rho = 288
                                should be = 288
      Processor           Atom
              1             61
              2             65
              3             61
              4             57
              5             61
              6             66
              7             61
              8             57
              9             61
             10             65
             11             62
             12             57
             13             62
             14             65
             15             62
             16             57
                 charge before normalized = 288
                  charge after normalized = 288
                 charge before normalized = 288.000143833474
                  charge after normalized = 288
                 charge before normalized = 288.000143838634
                  charge after normalized = 288
                 charge before normalized = 288.00014382629
                  charge after normalized = 288
                 charge before normalized = 288.000143825515
                  charge after normalized = 288
                 charge before normalized = 288.000143828266
                  charge after normalized = 288
                 charge before normalized = 288.000143827905
                  charge after normalized = 288
                 charge before normalized = 288.000143827258
                  charge after normalized = 288
                 charge before normalized = 288.000143827347
                  charge after normalized = 288
                 charge before normalized = 288.000143827447
                  charge after normalized = 288
                 charge before normalized = 288.000143827425
                  charge after normalized = 288
                 charge before normalized = 288.000143827421
                  charge after normalized = 288
                 charge before normalized = 288.000143827423
                  charge after normalized = 288
                            startmag_type = 2
                       charge from rho_at = 3.95377434289291
                         charge should be = 4
                       charge from rho_at = 3.99303358802097
                         charge should be = 4

 SETUP ATOMIC RHO FOR SPIN 1
                 Electron number from rho = 288
           total electron number from rho = 288
                                should be = 288
                            startmag_type = 2
                       charge from rho_at = 3.95377434289291
                         charge should be = 4
                       charge from rho_at = 3.99303358802097
                         charge should be = 4

 SETUP ATOMIC RHO FOR SPIN 1
                 Electron number from rho = 288
           total electron number from rho = 288
                                should be = 288
      Processor           Atom
              1             61
              2             65
              3             61
              4             57
              5             62
              6             66
              7             61
              8             57
              9             60
             10             65
             11             62
             12             57
             13             61
             14             65
             15             61
             16             57
                 charge before normalized = 288
                  charge after normalized = 288
                 charge before normalized = 288.000144001352
                  charge after normalized = 288
                 charge before normalized = 288.000144006008
                  charge after normalized = 288
                 charge before normalized = 288.000143988645
                  charge after normalized = 288
                 charge before normalized = 288.000143994773
                  charge after normalized = 288
                 charge before normalized = 288.000143994126
                  charge after normalized = 288
                 charge before normalized = 288.000143994995
                  charge after normalized = 288
                 charge before normalized = 288.000143994722
                  charge after normalized = 288
                 charge before normalized = 288.000143994548
                  charge after normalized = 288
                 charge before normalized = 288.000143994586
                  charge after normalized = 288
                 charge before normalized = 288.000143994606
                  charge after normalized = 288
                 charge before normalized = 288.0001439946
                  charge after normalized = 288
                 charge before normalized = 288.000143994602
                  charge after normalized = 288
