                                                                                     
                              ABACUS v3.9.0.25

               Atomic-orbital Based Ab-initio Computation at UStc                    

                     Website: http://abacus.ustc.edu.cn/                             
               Documentation: https://abacus.deepmodeling.com/                       
                  Repository: https://github.com/abacusmodeling/abacus-develop       
                              https://github.com/deepmodeling/abacus-develop         
                      Commit: 5d834e975 (Mon Mar 9 11:19:58 2026 +0800)

    Start Time is Tue Mar 17 17:38:14 2026
                                                                                     
 ------------------------------------------------------------------------------------

 READING GENERAL INFORMATION
                           global_out_dir = OUT.ABACUS/
                           global_in_card = INPUT
                               pseudo_dir = 
                              orbital_dir = 
                                    DRANK = 1
                                    DSIZE = 8
                                   DCOLOR = 1
                                    GRANK = 1
                                    GSIZE = 1


 >>>>>>>>>>>>>>>>>>>>>>>>>>>>>>>>>>>>>>>>>>>>>>>>>>>>>>>>>>>>>>>>>>>>>>
 |                                                                    |
 |                        #Setup Unitcell#                            |
 | From the input file and the structure file we know the number of   |
 | different elments in this unitcell, then we list the detail        |
 | information for each element, especially the zeta and polar atomic |
 | orbital number for each element. The total atom number is counted. |
 | We calculate the nearest atom distance for each atom and show the  |
 | Cartesian and Direct coordinates for each atom. We list the file   |
 | address for atomic orbitals. The volume and the lattice vectors    |
 | in real and reciprocal space is also shown.                        |
 |                                                                    |
 <<<<<<<<<<<<<<<<<<<<<<<<<<<<<<<<<<<<<<<<<<<<<<<<<<<<<<<<<<<<<<<<<<<<<<

 READING UNITCELL INFORMATION
                       Number of elements = 1
                  Lattice constant (Bohr) = 1.88972
              Lattice constant (Angstrom) = 0.999994

 READING ATOM TYPE 1
                               Atom label = Pt
                      L=0, number of zeta = 1
                      L=1, number of zeta = 1
                      L=2, number of zeta = 1
            Number of atoms for this type = 12

                        TOTAL ATOM NUMBER = 12

 CARTESIAN COORDINATES ( UNIT =      1.88971600 Bohr )
 atom                  x                  y                  z     mag
   Pt     5.000000000000     0.000000000000     0.000000000000  0.0000
   Pt     5.000000000000     2.774221700000     0.000000000000  0.0000
   Pt     5.000000000000    -1.387110800006     2.402546400004  0.0000
   Pt     5.000000000000     1.387111000000     2.402546099998  0.0000
   Pt     7.265142399992     2.774221500001     1.601697499998  0.0000
   Pt     7.265142399992     0.000000000005     1.601697499998  0.0000
   Pt     7.265142399992     1.387110699999     4.004244000000  0.0000
   Pt     7.265142399992    -1.387110799996     4.004244000000  0.0000
   Pt     9.530284799985     0.000000000000     3.203395100003  0.0000
   Pt     9.530284799985     2.774221700000     3.203395100003  0.0000
   Pt     9.530284799985     1.387110800001     0.800848600000  0.0000
   Pt     9.530284799985     4.161332500001     0.800848600000  0.0000

 ATOMIC VELOCITIES
 atom                 vx                 vy                 vz
   Pt                  0                  0                  0
   Pt                  0                  0                  0
   Pt                  0                  0                  0
   Pt                  0                  0                  0
   Pt                  0                  0                  0
   Pt                  0                  0                  0
   Pt                  0                  0                  0
   Pt                  0                  0                  0
   Pt                  0                  0                  0
   Pt                  0                  0                  0
   Pt                  0                  0                  0
   Pt                  0                  0                  0

                     Cell volume (Bohr^3) = 3598.26
                        Cell volume (A^3) = 533.206

 Lattice vectors: (Cartesian coordinate: in unit of a_0)
                  +20                  +0                  +0
                   +0            +5.54844                  +0
                   +0            -2.77422            +4.80509
 Reciprocal vectors: (Cartesian coordinate: in unit of 2 pi/a_0)
                +0.05                  -0                  -0
                   -0           +0.180231           +0.104056
                   +0                  -0           +0.208113

 #ENERGY SOLVER# ksdft_pw
 RUNNING WITH DEVICE  : CPU / Intel(R) Xeon(R) Gold 6132 CPU @ 2.60GHz (x2)


 >>>>>>>>>>>>>>>>>>>>>>>>>>>>>>>>>>>>>>>>>>>>>>>>>>>>>>>>>>>>>>>>>>>>>>
 |                                                                    |
 |                 #Read Pseudopotentials Files#                      |
 | ABACUS supports norm-conserving (NC) pseudopotentials for both     |
 | plane wave basis and numerical atomic orbital basis sets.          |
 | In addition, ABACUS supports ultrasoft pseudopotentials (USPP)     |
 | for plane wave basis set.                                          |
 |                                                                    |
 <<<<<<<<<<<<<<<<<<<<<<<<<<<<<<<<<<<<<<<<<<<<<<<<<<<<<<<<<<<<<<<<<<<<<<

                PAO radial cut off (Bohr) = 15
                     Pseudopotential file = ./Pt.upf
                     Pseudopotential type = NC
          Exchange-correlation functional = PBE
                 Nonlocal core correction = 1
                        Valence electrons = 18
                                     Lmax = 3
                           Number of zeta = 4
                     Number of projectors = 8
                           L of projector = 0
                           L of projector = 0
                           L of projector = 1
                           L of projector = 1
                           L of projector = 2
                           L of projector = 2
                           L of projector = 3
                           L of projector = 3
         Number of pseudo atomic orbitals = 120
            Electron number of element Pt = 18
      Total electron number of element Pt = 216
          Autoset the number of electrons = 216
               Occupied electronic states = 108
     Number of electronic states (NBANDS) = 129

%%%%%%%%%%%%%%%%%%%%%%%%%%%%%%%%%%%%%%%%%%%%%%%%%%%%%%%%%%%%%%%%%%%%%%%%%%%%%%%%%%%%%%%%%%%%%%%%%%%%%%%%%%
 Warning: the number of valence electrons in pseudopotential > 10 for Pt: [Xe] 4f14 5d9 6s1
 Pseudopotentials with additional electrons can yield (more) accurate outcomes, but may be less efficient.
 If you're confident that your chosen pseudopotential is appropriate, you can safely ignore this warning.
%%%%%%%%%%%%%%%%%%%%%%%%%%%%%%%%%%%%%%%%%%%%%%%%%%%%%%%%%%%%%%%%%%%%%%%%%%%%%%%%%%%%%%%%%%%%%%%%%%%%%%%%%%
                  


 >>>>>>>>>>>>>>>>>>>>>>>>>>>>>>>>>>>>>>>>>>>>>>>>>>>>>>>>>>>>>>>>>>>>>>
 |                                                                    |
 |           #Setup Plane Waves of Charge/Potential#                  |
 | Use the kinetic energy cutoff and the lattice vectors to generate  |
 | the dimensions of FFT grid, which is used to represent the charge  |
 | density or potential. If USPP is used, a double grid technique     |
 | is applied.                                                        |
 |                                                                    |
 <<<<<<<<<<<<<<<<<<<<<<<<<<<<<<<<<<<<<<<<<<<<<<<<<<<<<<<<<<<<<<<<<<<<<<

 SETUP PLANE WAVES FOR CHARGE/POTENTIAL
 FFT DIMENSIONS ARE FROM INPUT
 KINETIC ENEGY CUTOFF IS DETERMINED FROM nx, ny, nz
  Energy cutoff for charge/potential (Ry) = 367.726
            FFT grid for charge/potential = [ 256, 64, 64 ]
           Number of FFT grids this proc. = 131072
                Division for big FFT grid = [ 1, 1, 1 ]
      FFT (big) grid for charge/potential = [ 256, 64, 64 ]
     Number of FFT (big) grids this proc. = 131072
                    Number of plane waves = 171837
        Number of sticks on FFT x-y plane = 6309

 PARALLEL PW FOR CHARGE/POTENTIAL
     PROC   COLUMNS(POT)             PW
        1            789          21480
        2            789          21480
        3            789          21480
        4            789          21480
        5            788          21479
        6            788          21479
        7            788          21479
        8            789          21480
 --------------- SUM -------------------
        8           6309         171837

                            Number of |g| = 7635
                                  Max |g| = 18.0904
                                  Min |g| = 0.01


 >>>>>>>>>>>>>>>>>>>>>>>>>>>>>>>>>>>>>>>>>>>>>>>>>>>>>>>>>>>>>>>>>>>>>>
 |                                                                    |
 |                      #Symmetry Analysis#                           |
 | We calculate the norm of 3 vectors and the angles between them,    |
 | the type of Bravais lattice is given. We can judge if the unticell |
 | is a primitive cell. Finally we give the point group operation for |
 | this unitcell. We use the point group operations to perform        |
 | symmetry analysis on given k-point mesh and the charge density.    |
 |                                                                    |
 <<<<<<<<<<<<<<<<<<<<<<<<<<<<<<<<<<<<<<<<<<<<<<<<<<<<<<<<<<<<<<<<<<<<<<

 LATTICE VECTORS: (CARTESIAN COORDINATE: IN UNIT OF A0)
                  +20                  +0                  +0
                   +0            +5.54844                  +0
                   +0            -2.77422            +4.80509
                     Right-handed lattice = 1
                                   NORM_A = 20
                                   NORM_B = 5.54844
                                   NORM_C = 5.54844
                           ALPHA (DEGREE) = 120
                           BETA  (DEGREE) = 90
                           GAMMA (DEGREE) = 90

 The lattice vectors have been changed (STRU_SIMPLE.cif)

 For optimal symmetric configuration:
                             BRAVAIS TYPE = 4
                     BRAVAIS LATTICE NAME = 04. Hexagonal cell
                                    ibrav = 4
                                    IBRAV = 4
                                  BRAVAIS = HEXAGONAL CELL
                       LATTICE CONSTANT A = 5.54844
                                C/A RATIO = 3.60462
                     Right-handed lattice = 1
(for primitive cell:)
                                    IBRAV = 4
                                  BRAVAIS = HEXAGONAL CELL
                       LATTICE CONSTANT A = 2.77422
                                C/A RATIO = 7.20923
optimized lattice volume: 533.215
optimized primitive cell volume: 133.304
Original cell was built up by 4 primitive cells.
              Number of rotation matrices = 24
              PURE POINT GROUP OPERATIONS = 6
                   SPACE GROUP OPERATIONS = 12
                                       C2 = 0
                                       C3 = 2
                                       C4 = 0
                                       C6 = 0
                                       S1 = 3
                                       S3 = 0
                                       S4 = 0
                                       S6 = 0
                              POINT GROUP = C_3v
                                       C2 = 3
                                       C3 = 2
                                       C4 = 0
                                       C6 = 0
                                       S1 = 3
                                       S3 = 0
                                       S4 = 0
                                       S6 = 2
               POINT GROUP IN SPACE GROUP = D_3d
 DONE : SYMMETRY Time : 0.0977122 (SEC)

 DONE : SETUP UNITCELL Time : 0.0977289 (SEC)


 >>>>>>>>>>>>>>>>>>>>>>>>>>>>>>>>>>>>>>>>>>>>>>>>>>>>>>>>>>>>>>>>>>>>>>
 |                                                                    |
 |                       #Setup K-points#                             |
 | We setup the k-points according to input parameters.               |
 | The reduced k-points are set according to symmetry operations.     |
 | We treat the spin as another set of k-points.                      |
 |                                                                    |
 <<<<<<<<<<<<<<<<<<<<<<<<<<<<<<<<<<<<<<<<<<<<<<<<<<<<<<<<<<<<<<<<<<<<<<


 SETUP K-POINTS
                                    nspin = 1
                   Input type of k points = Monkhorst-Pack(Gamma)
                                   nkstot = 49
                     Right-handed lattice = 1

 For reciprocal-space lattice
                     Bravais lattice type = 4
                     Bravais lattice name = 04. Hexagonal cell
                     Right-handed lattice = 1

 For k-vectors
                     Bravais lattice type = 4
                     Bravais lattice name = 04. Hexagonal cell
                     Right-handed lattice = 1
              Number of rotation matrices = 24
           Number of irreducible k-points = 8

 K-POINTS REDUCTION ACCORDING TO SYMMETRY
     IBZ    DIRECT_X    DIRECT_Y    DIRECT_Z  WEIGHT  ibz2bz
       1  0.00000000  0.00000000  0.00000000  0.0204       0
       2  0.00000000 -0.14285714  0.14285714  0.1224       1
       3  0.00000000 -0.28571429  0.28571429  0.1224       2
       4  0.00000000 -0.42857143  0.42857143  0.1224       3
       5  0.00000000 -0.14285714  0.28571429  0.1224       8
       6  0.00000000 -0.28571429  0.42857143  0.2449       9
       7  0.00000000  0.42857143  0.42857143  0.1224      10
       8  0.00000000  0.42857143  0.28571429  0.1224      16

                               nkstot now = 8
 K-POINTS DIRECT COORDINATES
 KPOINTS    DIRECT_X    DIRECT_Y    DIRECT_Z  WEIGHT
       1  0.00000000  0.00000000  0.00000000  0.0204
       2  0.00000000 -0.14285714  0.14285714  0.1224
       3  0.00000000 -0.28571429  0.28571429  0.1224
       4  0.00000000 -0.42857143  0.42857143  0.1224
       5  0.00000000 -0.14285714  0.28571429  0.1224
       6  0.00000000 -0.28571429  0.42857143  0.2449
       7  0.00000000  0.42857143  0.42857143  0.1224
       8  0.00000000  0.42857143  0.28571429  0.1224


       Number of k-points in this process = 8
       Minimum distributed k-point number = 8

 K-POINTS CARTESIAN COORDINATES
 KPOINTS CARTESIAN_X CARTESIAN_Y CARTESIAN_Z  WEIGHT
       1  0.00000000  0.00000000  0.00000000  0.0408
       2  0.00000000 -0.02574726  0.01486519  0.2449
       3  0.00000000 -0.05149453  0.02973038  0.2449
       4  0.00000000 -0.07724179  0.04459557  0.2449
       5  0.00000000 -0.02574726  0.04459557  0.2449
       6  0.00000000 -0.05149453  0.05946076  0.4898
       7  0.00000000  0.07724179  0.13378670  0.2449
       8  0.00000000  0.07724179  0.10405632  0.2449


 K-POINTS DIRECT COORDINATES
 KPOINTS    DIRECT_X    DIRECT_Y    DIRECT_Z  WEIGHT
       1  0.00000000  0.00000000  0.00000000  0.0408
       2  0.00000000 -0.14285714  0.14285714  0.2449
       3  0.00000000 -0.28571429  0.28571429  0.2449
       4  0.00000000 -0.42857143  0.42857143  0.2449
       5  0.00000000 -0.14285714  0.28571429  0.2449
       6  0.00000000 -0.28571429  0.42857143  0.4898
       7  0.00000000  0.42857143  0.42857143  0.2449
       8  0.00000000  0.42857143  0.28571429  0.2449

 DONE : INIT K-POINTS Time : 0.182812 (SEC)

 XC:	101	130	

 >>>>>>>>>>>>>>>>>>>>>>>>>>>>>>>>>>>>>>>>>>>>>>>>>>>>>>>>>>>>>>>>>>>>>>
 |                                                                    |
 | Setup charge mixing parameters                                     |
 |                                                                    |
 <<<<<<<<<<<<<<<<<<<<<<<<<<<<<<<<<<<<<<<<<<<<<<<<<<<<<<<<<<<<<<<<<<<<<<

                              mixing_type = broyden
                              mixing_beta = 0.3
                               mixing_gg0 = 1
                           mixing_gg0_min = 0.1
                              mixing_ndim = 8


 >>>>>>>>>>>>>>>>>>>>>>>>>>>>>>>>>>>>>>>>>>>>>>>>>>>>>>>>>>>>>>>>>>>>>>
 |                                                                    |
 |              #Setup Plane Waves of Wave Functions#                 |
 | Use the kinetic energy cutoff and the lattice vectors to generate  |
 | the dimensions of FFT grid, which is used to represent the wave    |
 | functions of electrons.                                            |
 |                                                                    |
 <<<<<<<<<<<<<<<<<<<<<<<<<<<<<<<<<<<<<<<<<<<<<<<<<<<<<<<<<<<<<<<<<<<<<<

 SETUP PLANE WAVES FOR WAVE FUNCTIONS
     Energy cutoff for wavefunc (unit:Ry) = 50
              FFT grid for wave functions = [ 256, 64, 64 ]
              Number of total plane waves = 26587
        Number of sticks on FFT x-y plane = 1815

 PARALLEL PW FOR WAVE FUNCTIONS
     PROC   COLUMNS(POT)             PW
        1            227           3324
        2            227           3324
        3            227           3324
        4            226           3323
        5            227           3323
        6            227           3323
        7            227           3323
        8            227           3323
 --------------- sum -------------------
        8           1815          26587
 DONE : INIT PLANEWAVE Time : 0.206334 (SEC)

                                 init_chg = atomic
 DONE : LOCAL POTENTIAL Time : 0.38151 (SEC)


 SETUP NONLOCAL PSEUDOPOTENTIALS IN PLANE WAVE BASIS
 Pt non-local projectors:
 projector 1 L=0
 projector 2 L=0
 projector 3 L=1
 projector 4 L=1
 projector 5 L=2
 projector 6 L=2
 projector 7 L=3
 projector 8 L=3
      TOTAL NUMBER OF NONLOCAL PROJECTORS = 384

 Warning_Memory_Consuming allocated:  VNL::vkb 15.8906 MB

 Init Non-Local PseudoPotential table : 
 Init Non-Local-Pseudopotential done.
 DONE : NON-LOCAL POTENTIAL Time : 0.437428 (SEC)

                                     npwx = 2712

 Warning_Memory_Consuming allocated:  Psi_PW 42.7061 MB

 Using ATOMIC starting wave functions with 120 atomic orbitals + 9 random orbitals (total 129 bands)

 Make real space PAO into reciprocal space.
       max mesh points in Pseudopotential = 1373
     dq(describe PAO in reciprocal space) = 0.01
                                    max q = 853

 number of pseudo atomic orbitals for Pt is 4
 DONE : INIT BASIS Time : 0.529349 (SEC)

 ================================================================
 SELF-CONSISTENT
 ================================================================

 Warning_Memory_Consuming allocated:  DiagSub::temp 5.33826 MB
 DONE : INIT SCF Time : 4.94054 (SEC)


 ++++++++++++++++++++++++++++++++++++++++++++++++++++++++++++++++++++++
 --> #ION MOVE#         1  #ELEC ITER#         1
 ++++++++++++++++++++++++++++++++++++++++++++++++++++++++++++++++++++++
 Average iterative diagonalization steps for k-points is 2.75
 current threshold of diagonalizaiton is 0.01
 Notice: Threshold on eigenvalues was too large.
 hsover_error=2.16 > DRHO=0.550196
 Origin diag ethr = 0.01
 New diag ethr = 0.00025472
 Average iterative diagonalization steps for k-points is 3.875
 current threshold of diagonalizaiton is 0.00025472
 Electron density deviation 1.26383
                          Diago Threshold = 0.00025472
 ----------------------------------------------------------
      Energy           Rydberg                 eV          
 ----------------------------------------------------------
  E_KohnSham     -3132.7286599979     -42622.9600638765    
  E_Harris       -3217.7955053794     -43780.3538719493    
  E_Fermi        0.3738917947         5.0870588439         
  E_gap(k)       0.0008457270         0.0115067056         
 ----------------------------------------------------------


 ++++++++++++++++++++++++++++++++++++++++++++++++++++++++++++++++++++++
 --> #ION MOVE#         1  #ELEC ITER#         2
 ++++++++++++++++++++++++++++++++++++++++++++++++++++++++++++++++++++++
 Average iterative diagonalization steps for k-points is 2
 current threshold of diagonalizaiton is 0.000585104
 Electron density deviation 0.703237
                          Diago Threshold = 0.000585104
 ----------------------------------------------------------
      Energy           Rydberg                 eV          
 ----------------------------------------------------------
  E_KohnSham     -3132.6875607825     -42622.4008803636    
  E_Harris       -3100.3493905640     -42182.4175024979    
  E_Fermi        0.3110367328         4.2318718530         
  E_gap(k)       0.0011956684         0.0162679034         
 ----------------------------------------------------------


 ++++++++++++++++++++++++++++++++++++++++++++++++++++++++++++++++++++++
 --> #ION MOVE#         1  #ELEC ITER#         3
 ++++++++++++++++++++++++++++++++++++++++++++++++++++++++++++++++++++++
 Average iterative diagonalization steps for k-points is 2
 current threshold of diagonalizaiton is 0.000325573
 Electron density deviation 1.1102
                          Diago Threshold = 0.000325573
 ----------------------------------------------------------
      Energy           Rydberg                 eV          
 ----------------------------------------------------------
  E_KohnSham     -3132.7630095880     -42623.4274140260    
  E_Harris       -3201.4947084629     -43558.5701519445    
  E_Fermi        0.3166206315         4.3078446934         
  E_gap(k)       0.0014383182         0.0195693231         
 ----------------------------------------------------------


 ++++++++++++++++++++++++++++++++++++++++++++++++++++++++++++++++++++++
 --> #ION MOVE#         1  #ELEC ITER#         4
 ++++++++++++++++++++++++++++++++++++++++++++++++++++++++++++++++++++++
 Average iterative diagonalization steps for k-points is 2
 current threshold of diagonalizaiton is 0.000325573
 Electron density deviation 0.0366807
                          Diago Threshold = 0.000325573
 ----------------------------------------------------------
      Energy           Rydberg                 eV          
 ----------------------------------------------------------
  E_KohnSham     -3132.8181592550     -42624.1777637391    
  E_Harris       -3131.6149436982     -42607.8071762451    
  E_Fermi        0.2903709911         3.9507000128         
  E_gap(k)       0.0012344852         0.0167960325         
 ----------------------------------------------------------


 ++++++++++++++++++++++++++++++++++++++++++++++++++++++++++++++++++++++
 --> #ION MOVE#         1  #ELEC ITER#         5
 ++++++++++++++++++++++++++++++++++++++++++++++++++++++++++++++++++++++
 Average iterative diagonalization steps for k-points is 3
 current threshold of diagonalizaiton is 1.69818e-05
 Electron density deviation 0.0545362
                          Diago Threshold = 1.69818e-05
 ----------------------------------------------------------
      Energy           Rydberg                 eV          
 ----------------------------------------------------------
  E_KohnSham     -3132.8327982248     -42624.3769371417    
  E_Harris       -3126.3713012767     -42536.4637610379    
  E_Fermi        0.3055824287         4.1576622390         
  E_gap(k)       0.0002351901         0.0031999254         
 ----------------------------------------------------------


 ++++++++++++++++++++++++++++++++++++++++++++++++++++++++++++++++++++++
 --> #ION MOVE#         1  #ELEC ITER#         6
 ++++++++++++++++++++++++++++++++++++++++++++++++++++++++++++++++++++++
 Average iterative diagonalization steps for k-points is 2
 current threshold of diagonalizaiton is 1.69818e-05
 Electron density deviation 0.0161175
                          Diago Threshold = 1.69818e-05
 ----------------------------------------------------------
      Energy           Rydberg                 eV          
 ----------------------------------------------------------
  E_KohnSham     -3132.8322334919     -42624.3692535560    
  E_Harris       -3127.4720887473     -42551.4407429248    
  E_Fermi        0.3030721249         4.1235078039         
  E_gap(k)       0.0013183094         0.0179365201         
 ----------------------------------------------------------


 ++++++++++++++++++++++++++++++++++++++++++++++++++++++++++++++++++++++
 --> #ION MOVE#         1  #ELEC ITER#         7
 ++++++++++++++++++++++++++++++++++++++++++++++++++++++++++++++++++++++
 Average iterative diagonalization steps for k-points is 2
 current threshold of diagonalizaiton is 7.46182e-06
 Electron density deviation 0.00754006
                          Diago Threshold = 7.46182e-06
 ----------------------------------------------------------
      Energy           Rydberg                 eV          
 ----------------------------------------------------------
  E_KohnSham     -3132.8323723934     -42624.3711434087    
  E_Harris       -3132.9845582334     -42626.4417379869    
  E_Fermi        0.3048706205         4.1479775911         
  E_gap(k)       0.0006070121         0.0082588235         
 ----------------------------------------------------------


 ++++++++++++++++++++++++++++++++++++++++++++++++++++++++++++++++++++++
 --> #ION MOVE#         1  #ELEC ITER#         8
 ++++++++++++++++++++++++++++++++++++++++++++++++++++++++++++++++++++++
 Average iterative diagonalization steps for k-points is 2
 current threshold of diagonalizaiton is 3.49077e-06
 Electron density deviation 0.00187311
                          Diago Threshold = 3.49077e-06
 ----------------------------------------------------------
      Energy           Rydberg                 eV          
 ----------------------------------------------------------
  E_KohnSham     -3132.8327784558     -42624.3766681706    
  E_Harris       -3137.1258459265     -42682.7868476703    
  E_Fermi        0.3066309071         4.1719275196         
  E_gap(k)       0.0007258514         0.0098757147         
 ----------------------------------------------------------


 ++++++++++++++++++++++++++++++++++++++++++++++++++++++++++++++++++++++
 --> #ION MOVE#         1  #ELEC ITER#         9
 ++++++++++++++++++++++++++++++++++++++++++++++++++++++++++++++++++++++
 Average iterative diagonalization steps for k-points is 2
 current threshold of diagonalizaiton is 8.67181e-07
 Electron density deviation 0.000373893
                          Diago Threshold = 8.67181e-07
 ----------------------------------------------------------
      Energy           Rydberg                 eV          
 ----------------------------------------------------------
  E_KohnSham     -3132.8329515887     -42624.3790237651    
  E_Harris       -3132.8901750333     -42625.1575886701    
  E_Fermi        0.3038817230         4.1345229507         
  E_gap(k)       0.0003830241         0.0052113099         
 ----------------------------------------------------------


 ++++++++++++++++++++++++++++++++++++++++++++++++++++++++++++++++++++++
 --> #ION MOVE#         1  #ELEC ITER#        10
 ++++++++++++++++++++++++++++++++++++++++++++++++++++++++++++++++++++++
 Average iterative diagonalization steps for k-points is 2
 current threshold of diagonalizaiton is 1.73099e-07
 Electron density deviation 2.78249e-05
                          Diago Threshold = 1.73099e-07
 ----------------------------------------------------------
      Energy           Rydberg                 eV          
 ----------------------------------------------------------
  E_KohnSham     -3132.8329940868     -42624.3796019812    
  E_Harris       -3132.8233317092     -42624.2481385889    
  E_Fermi        0.3044342095         4.1420399153         
  E_gap(k)       0.0022712542         0.0309019987         
 ----------------------------------------------------------


 ++++++++++++++++++++++++++++++++++++++++++++++++++++++++++++++++++++++
 --> #ION MOVE#         1  #ELEC ITER#        11
 ++++++++++++++++++++++++++++++++++++++++++++++++++++++++++++++++++++++
 Average iterative diagonalization steps for k-points is 3
 current threshold of diagonalizaiton is 1.28819e-08
 Electron density deviation 2.18777e-05
                          Diago Threshold = 1.28819e-08
 ----------------------------------------------------------
      Energy           Rydberg                 eV          
 ----------------------------------------------------------
  E_KohnSham     -3132.8330071366     -42624.3797795322    
  E_Harris       -3132.6058643396     -42621.2893432333    
  E_Fermi        0.3042938983         4.1401308838         
  E_gap(k)       0.0022725045         0.0309190099         
 ----------------------------------------------------------


 ++++++++++++++++++++++++++++++++++++++++++++++++++++++++++++++++++++++
 --> #ION MOVE#         1  #ELEC ITER#        12
 ++++++++++++++++++++++++++++++++++++++++++++++++++++++++++++++++++++++
 Average iterative diagonalization steps for k-points is 2
 current threshold of diagonalizaiton is 1.01285e-08
 Electron density deviation 2.10983e-05
                          Diago Threshold = 1.01285e-08
 ----------------------------------------------------------
      Energy           Rydberg                 eV          
 ----------------------------------------------------------
  E_KohnSham     -3132.8330028317     -42624.3797209612    
  E_Harris       -3132.3251519493     -42617.4700552261    
  E_Fermi        0.3043947751         4.1415033834         
  E_gap(k)       0.0022441678         0.0305334687         
 ----------------------------------------------------------


 ++++++++++++++++++++++++++++++++++++++++++++++++++++++++++++++++++++++
 --> #ION MOVE#         1  #ELEC ITER#        13
 ++++++++++++++++++++++++++++++++++++++++++++++++++++++++++++++++++++++
 Average iterative diagonalization steps for k-points is 2
 current threshold of diagonalizaiton is 9.76775e-09
 Electron density deviation 5.47725e-06
                          Diago Threshold = 9.76775e-09
 ----------------------------------------------------------
      Energy           Rydberg                 eV          
 ----------------------------------------------------------
  E_KohnSham     -3132.8330059344     -42624.3797631758    
  E_Harris       -3132.6513667693     -42621.9084355501    
  E_Fermi        0.3048146990         4.1472167402         
  E_gap(k)       0.0022476947         0.0305814553         
 ----------------------------------------------------------


 ++++++++++++++++++++++++++++++++++++++++++++++++++++++++++++++++++++++
 --> #ION MOVE#         1  #ELEC ITER#        14
 ++++++++++++++++++++++++++++++++++++++++++++++++++++++++++++++++++++++
 Average iterative diagonalization steps for k-points is 2
 current threshold of diagonalizaiton is 2.53576e-09
 Electron density deviation 3.3338e-06
                          Diago Threshold = 2.53576e-09
 ----------------------------------------------------------
      Energy           Rydberg                 eV          
 ----------------------------------------------------------
  E_KohnSham     -3132.8330056275     -42624.3797589999    
  E_Harris       -3132.8249268316     -42624.2698413425    
  E_Fermi        0.3049320901         4.1488139283         
  E_gap(k)       0.0022529226         0.0306525841         
 ----------------------------------------------------------


 ++++++++++++++++++++++++++++++++++++++++++++++++++++++++++++++++++++++
 --> #ION MOVE#         1  #ELEC ITER#        15
 ++++++++++++++++++++++++++++++++++++++++++++++++++++++++++++++++++++++
 Average iterative diagonalization steps for k-points is 2
 current threshold of diagonalizaiton is 1.54343e-09
 Electron density deviation 1.05206e-06
                          Diago Threshold = 1.54343e-09
 ----------------------------------------------------------
      Energy           Rydberg                 eV          
 ----------------------------------------------------------
  E_KohnSham     -3132.8330058505     -42624.3797620344    
  E_Harris       -3132.7640095409     -42623.4410190820    
  E_Fermi        0.3049033088         4.1484223383         
  E_gap(k)       0.0022519211         0.0306389582         
 ----------------------------------------------------------


 ++++++++++++++++++++++++++++++++++++++++++++++++++++++++++++++++++++++
 --> #ION MOVE#         1  #ELEC ITER#        16
 ++++++++++++++++++++++++++++++++++++++++++++++++++++++++++++++++++++++
 Average iterative diagonalization steps for k-points is 2
 current threshold of diagonalizaiton is 4.87067e-10
 Electron density deviation 5.82193e-07
                          Diago Threshold = 4.87067e-10
 ----------------------------------------------------------
      Energy           Rydberg                 eV          
 ----------------------------------------------------------
  E_KohnSham     -3132.8330062490     -42624.3797674560    
  E_Harris       -3132.7404794269     -42623.1208754578    
  E_Fermi        0.3049222470         4.1486800056         
  E_gap(k)       0.0022499390         0.0306119908         
 ----------------------------------------------------------


 ++++++++++++++++++++++++++++++++++++++++++++++++++++++++++++++++++++++
 --> #ION MOVE#         1  #ELEC ITER#        17
 ++++++++++++++++++++++++++++++++++++++++++++++++++++++++++++++++++++++
 Average iterative diagonalization steps for k-points is 2.625
 current threshold of diagonalizaiton is 2.69534e-10
 Electron density deviation 5.56249e-07
                          Diago Threshold = 2.69534e-10
 ----------------------------------------------------------
      Energy           Rydberg                 eV          
 ----------------------------------------------------------
  E_KohnSham     -3132.8330065595     -42624.3797716803    
  E_Harris       -3132.7327089857     -42623.0151531810    
  E_Fermi        0.3049950171         4.1496700939         
  E_gap(k)       0.0022500731         0.0306138154         
 ----------------------------------------------------------


 ++++++++++++++++++++++++++++++++++++++++++++++++++++++++++++++++++++++
 --> #ION MOVE#         1  #ELEC ITER#        18
 ++++++++++++++++++++++++++++++++++++++++++++++++++++++++++++++++++++++
 Average iterative diagonalization steps for k-points is 2
 current threshold of diagonalizaiton is 2.57523e-10
 Electron density deviation 2.90742e-07
                          Diago Threshold = 2.57523e-10
 ----------------------------------------------------------
      Energy           Rydberg                 eV          
 ----------------------------------------------------------
  E_KohnSham     -3132.8330066456     -42624.3797728516    
  E_Harris       -3132.7652606995     -42623.4580419687    
  E_Fermi        0.3050765167         4.1507789527         
  E_gap(k)       0.0022509097         0.0306251971         
 ----------------------------------------------------------


 ++++++++++++++++++++++++++++++++++++++++++++++++++++++++++++++++++++++
 --> #ION MOVE#         1  #ELEC ITER#        19
 ++++++++++++++++++++++++++++++++++++++++++++++++++++++++++++++++++++++
 Average iterative diagonalization steps for k-points is 2
 current threshold of diagonalizaiton is 1.34603e-10
 Electron density deviation 1.47949e-07
                          Diago Threshold = 1.34603e-10
 ----------------------------------------------------------
      Energy           Rydberg                 eV          
 ----------------------------------------------------------
  E_KohnSham     -3132.8330068908     -42624.3797761886    
  E_Harris       -3132.7832122824     -42623.7022857838    
  E_Fermi        0.3051139080         4.1512876878         
  E_gap(k)       0.0022514481         0.0306325224         
 ----------------------------------------------------------


 ++++++++++++++++++++++++++++++++++++++++++++++++++++++++++++++++++++++
 --> #ION MOVE#         1  #ELEC ITER#        20
 ++++++++++++++++++++++++++++++++++++++++++++++++++++++++++++++++++++++
 Average iterative diagonalization steps for k-points is 2.125
 current threshold of diagonalizaiton is 6.84947e-11
 Electron density deviation 7.44072e-08
                          Diago Threshold = 6.84947e-11
 ----------------------------------------------------------
      Energy           Rydberg                 eV          
 ----------------------------------------------------------
  E_KohnSham     -3132.8330077518     -42624.3797879033    
  E_KS(sigma->0) -3132.8326124714     -42624.3744098370    
  E_Harris       -3132.8096959110     -42624.0626140365    
  E_band         -411.6676321948      -5601.0254800174     
  E_one_elec     -18197.4561934202    -247589.0933359043   
  E_Hartree      9097.0132137892      123771.2144888252    
  E_xc           -569.8529463690      -7753.2470927066     
  E_Ewald        6537.4637088090      88946.7569080149     
  E_entropy(-TS) -0.0007905609        -0.0107561325        
  E_descf        0.0000000000         0.0000000000         
  E_localpp      -19282.7236618906    -262354.9147611377   
  E_exx          0.0000000000         0.0000000000         
  E_Fermi        0.3051619969         4.1519419703         
  E_gap(k)       0.0022524936         0.0306467473         
 ----------------------------------------------------------

 #SCF IS CONVERGED#
 #TOTAL ENERGY# -42624.379788 eV
 Write eigenvalues and occupations to file: OUT.ABACUS/eig_occ.txt



 #TOTAL-FORCE (eV/Angstrom)#
 -------------------------------------------------------------------------
     Atoms              Force_x              Force_y              Force_z 
 -------------------------------------------------------------------------
       Pt1        -0.4624429592         0.0000000000         0.0007415557 
       Pt2        -0.4624012377         0.0000000000         0.0007231224 
       Pt3        -0.4619341750         0.0000159637        -0.0007323391 
       Pt4        -0.4619341750        -0.0000159637        -0.0007323391 
       Pt5         0.0001724733         0.0000000000         0.0001456594 
       Pt6        -0.0001724733         0.0000000000        -0.0001456594 
       Pt7         0.0000000000         0.0002522894         0.0000000000 
       Pt8         0.0000000000        -0.0002522894         0.0000000000 
       Pt9         0.4624012377         0.0000000000        -0.0007231224 
      Pt10         0.4624429592         0.0000000000        -0.0007415557 
      Pt11         0.4619341750         0.0000159637         0.0007323391 
      Pt12         0.4619341750        -0.0000159637         0.0007323391 
 -------------------------------------------------------------------------

 #TOTAL-STRESS (kbar)#
 ----------------------------------------------------------------
              Stress_x             Stress_y             Stress_z 
 ----------------------------------------------------------------
       -174.1077094683         0.0000000000        -0.0000000000 
          0.0000000000      -222.8730662321         0.0000000000 
          0.0000000000         0.0000000000      -222.8730654319 
 ----------------------------------------------------------------
 #TOTAL-PRESSURE# (EXCLUDE KINETIC PART OF IONS): -206.617947 kbar

 --------------------------------------------
 !FINAL_ETOT_IS -42624.3797879032572382 eV
 --------------------------------------------



TIME STATISTICS
-----------------------------------------------------------------
   CLASS_NAME          NAME        TIME/s  CALLS   AVG/s  PER/%  
-----------------------------------------------------------------
                 total             916.46 17       53.91  100.00 
 Driver          atomic_world      916.46 1        916.46 100.00 
 Relax_Driver    relax_driver      915.92 1        915.92 99.94  
 ESolver_KS      runner            912.58 1        912.58 99.58  
 DiagoIterAssist diag_subspace     78.56  160      0.49   8.57   
 Operator        hPsi              769.71 56136    0.01   83.99  
 Operator        veff_pw           317.91 56136    0.01   34.69  
 PW_Basis_K      recip2real        196.41 98288    0.00   21.43  
 PW_Basis_K      real2recip        126.09 76616    0.00   13.76  
 Operator        nonlocal_pw       450.52 56136    0.01   49.16  
 Nonlocal        add_nonlocal_pp   221.81 56136    0.00   24.20  
 ESolver_KS_PW   hamilt2rho_single 906.43 21       43.16  98.91  
 HSolverPW       solve             905.65 21       43.13  98.82  
 HSolverPW       solve_psik        865.06 168      5.15   94.39  
 DiagoCG         diag_once         788.88 168      4.70   86.08  
 ElecStatePW     psiToRho          38.98  21       1.86   4.25   
-----------------------------------------------------------------


 NAME-------------------------|MEMORY(MB)------------------
                         total       680.3193
                        Psi_PW       340.5146
                      VNL::vkb       126.7031
                 DiagSub::temp        42.5643
              Veff<PW>::porter        16.0000
             Veff<PW>::porter1        16.0000
              Meta<PW>::porter        16.0000
                 ElecSPW::wfcr        16.0000
               ElecSPW::wfcr_a        16.0000
                      Chg::rho         8.0000
                 Chg::rho_save         8.0000
                 Chg::rho_core         8.0000
                 Pot::veff_fix         8.0000
                     Pot::veff         8.0000
              Pot::veff_smooth         8.0000
            Nonlocal<PW>::becp         6.0469
              Nonlocal<PW>::ps         6.0469
                     VNL::vkb1         5.2793
                  PW_B_K::gcar         3.9595
                      VNL::ylm         2.6396
             YlmReal::Ylm_Real         2.6396
                  SF::strucFac         2.6220
                  DiagSub::hcc         2.0314
                  DiagSub::scc         2.0314
                  DiagSub::vcc         2.0314
                   PW_B_K::gk2         1.3198
                     Chg::rhog         1.3110
                Chg::rhog_save         1.3110
                Chg::rhog_core         1.3110
                  SF::eigts123         1.1254
 -------------   < 1.0 MB has been ignored ----------------
 ----------------------------------------------------------

 Start  Time  : Tue Mar 17 17:38:14 2026
 Finish Time  : Tue Mar 17 17:53:31 2026
 Total  Time  : 0 h 15 mins 17 secs 
