 In SCAN_BEGIN, can't find: LATTICE_PARAMETERS block.
 In SCAN_BEGIN, can't find: <PP_MESH block.
 In SCAN_BEGIN, can't find: <PP_MESH block.
 AUTO_SET NBANDS to 0
 AUTO_SET NBANDS to 154
 cpu 2D distribution : 4*4
 but, the number of bands-row-block is 3
      Processor           Atom
              1             62
              2             64
              3             59
              4             64
              5             64
              6             63
              7             62
              8             64
              9             60
             10             64
             11             59
             12             64
             13             58
             14             63
             15             59
             16             63
                            startmag_type = 2
                       charge from rho_at = 3.95377
                         charge should be = 4
                            startmag_type = 2
                       charge from rho_at = 3.99303
                         charge should be = 4

 SETUP ATOMIC RHO FOR SPIN 1
                 Electron number from rho = 256
           total electron number from rho = 256
                                should be = 256
                 charge before normalized = 256
                  charge after normalized = 256
                 charge before normalized = 256.000106048988
                  charge after normalized = 256
                 charge before normalized = 256.000151961886
                  charge after normalized = 256
                 charge before normalized = 256.000124821488
                  charge after normalized = 256
                 charge before normalized = 256.000129048176
                  charge after normalized = 256
                 charge before normalized = 256.000124200592
                  charge after normalized = 256
                 charge before normalized = 256.000124438676
                  charge after normalized = 256
                 charge before normalized = 256.000124624042
                  charge after normalized = 256
                 charge before normalized = 256.000124768263
                  charge after normalized = 256
                 charge before normalized = 256.000124805928
                  charge after normalized = 256
                 charge before normalized = 256.000124795345
                  charge after normalized = 256
                 charge before normalized = 256.000124789932
                  charge after normalized = 256
                 charge before normalized = 256.000124796548
                  charge after normalized = 256
                 charge before normalized = 256.000124796071
                  charge after normalized = 256
                 charge before normalized = 256.000124796327
                  charge after normalized = 256
                 charge before normalized = 256.000124796208
                  charge after normalized = 256
                 charge before normalized = 256.000124796278
                  charge after normalized = 256
                 charge before normalized = 256.000124796289
                  charge after normalized = 256
                            startmag_type = 2
                       charge from rho_at = 3.95377434289291
                         charge should be = 4
                            startmag_type = 2
                       charge from rho_at = 3.99303358802097
                         charge should be = 4

 SETUP ATOMIC RHO FOR SPIN 1
                 Electron number from rho = 256
           total electron number from rho = 256
                                should be = 256
                            startmag_type = 2
                       charge from rho_at = 3.95377434289291
                         charge should be = 4
                            startmag_type = 2
                       charge from rho_at = 3.99303358802097
                         charge should be = 4

 SETUP ATOMIC RHO FOR SPIN 1
                 Electron number from rho = 256
           total electron number from rho = 256
                                should be = 256
      Processor           Atom
              1             62
              2             64
              3             59
              4             64
              5             64
              6             63
              7             62
              8             64
              9             60
             10             64
             11             59
             12             64
             13             58
             14             63
             15             59
             16             63
                 charge before normalized = 256
                  charge after normalized = 256
                 charge before normalized = 256.00012481831
                  charge after normalized = 256
                 charge before normalized = 256.000124815635
                  charge after normalized = 256
                 charge before normalized = 256.000124838844
                  charge after normalized = 256
                 charge before normalized = 256.000124825919
                  charge after normalized = 256
                 charge before normalized = 256.000124826948
                  charge after normalized = 256
                 charge before normalized = 256.000124826547
                  charge after normalized = 256
                 charge before normalized = 256.000124826838
                  charge after normalized = 256
                 charge before normalized = 256.000124826985
                  charge after normalized = 256
                 charge before normalized = 256.000124827017
                  charge after normalized = 256
                 charge before normalized = 256.000124826968
                  charge after normalized = 256
                            startmag_type = 2
                       charge from rho_at = 3.95377434289291
                         charge should be = 4
                            startmag_type = 2
                       charge from rho_at = 3.99303358802097
                         charge should be = 4

 SETUP ATOMIC RHO FOR SPIN 1
                 Electron number from rho = 256
           total electron number from rho = 256
                                should be = 256
                            startmag_type = 2
                       charge from rho_at = 3.95377434289291
                         charge should be = 4
                            startmag_type = 2
                       charge from rho_at = 3.99303358802097
                         charge should be = 4

 SETUP ATOMIC RHO FOR SPIN 1
                 Electron number from rho = 256
           total electron number from rho = 256
                                should be = 256
      Processor           Atom
              1             62
              2             64
              3             59
              4             64
              5             64
              6             63
              7             63
              8             64
              9             60
             10             64
             11             59
             12             64
             13             58
             14             63
             15             59
             16             63
                 charge before normalized = 256
                  charge after normalized = 256
                 charge before normalized = 256.000124829399
                  charge after normalized = 256
                 charge before normalized = 256.000124831617
                  charge after normalized = 256
                 charge before normalized = 256.000124848546
                  charge after normalized = 256
                 charge before normalized = 256.000124838544
                  charge after normalized = 256
                 charge before normalized = 256.000124839163
                  charge after normalized = 256
                 charge before normalized = 256.000124839644
                  charge after normalized = 256
                 charge before normalized = 256.000124839122
                  charge after normalized = 256
                 charge before normalized = 256.000124839777
                  charge after normalized = 256
                 charge before normalized = 256.000124839593
                  charge after normalized = 256
                 charge before normalized = 256.000124839561
                  charge after normalized = 256
                            startmag_type = 2
                       charge from rho_at = 3.95377434289291
                         charge should be = 4
                            startmag_type = 2
                       charge from rho_at = 3.99303358802097
                         charge should be = 4

 SETUP ATOMIC RHO FOR SPIN 1
                 Electron number from rho = 256
           total electron number from rho = 256
                                should be = 256
                            startmag_type = 2
                       charge from rho_at = 3.95377434289291
                         charge should be = 4
                            startmag_type = 2
                       charge from rho_at = 3.99303358802097
                         charge should be = 4

 SETUP ATOMIC RHO FOR SPIN 1
                 Electron number from rho = 256
           total electron number from rho = 256
                                should be = 256
      Processor           Atom
              1             62
              2             64
              3             58
              4             64
              5             63
              6             63
              7             63
              8             64
              9             60
             10             64
             11             59
             12             64
             13             58
             14             63
             15             59
             16             63
                 charge before normalized = 256
                  charge after normalized = 256
                 charge before normalized = 256.000124757746
                  charge after normalized = 256
                 charge before normalized = 256.000124746863
                  charge after normalized = 256
                 charge before normalized = 256.00012476663
                  charge after normalized = 256
                 charge before normalized = 256.000124752475
                  charge after normalized = 256
                 charge before normalized = 256.000124756677
                  charge after normalized = 256
                 charge before normalized = 256.00012475483
                  charge after normalized = 256
                 charge before normalized = 256.000124755523
                  charge after normalized = 256
                 charge before normalized = 256.000124755472
                  charge after normalized = 256
                 charge before normalized = 256.000124755502
                  charge after normalized = 256
                 charge before normalized = 256.000124755445
                  charge after normalized = 256
                 charge before normalized = 256.000124755496
                  charge after normalized = 256
                            startmag_type = 2
                       charge from rho_at = 3.95377434289291
                         charge should be = 4
                            startmag_type = 2
                       charge from rho_at = 3.99303358802097
                         charge should be = 4

 SETUP ATOMIC RHO FOR SPIN 1
                 Electron number from rho = 256
           total electron number from rho = 256
                                should be = 256
                            startmag_type = 2
                       charge from rho_at = 3.95377434289291
                         charge should be = 4
                            startmag_type = 2
                       charge from rho_at = 3.99303358802097
                         charge should be = 4

 SETUP ATOMIC RHO FOR SPIN 1
                 Electron number from rho = 256
           total electron number from rho = 256
                                should be = 256
      Processor           Atom
              1             62
              2             64
              3             58
              4             64
              5             63
              6             63
              7             63
              8             64
              9             60
             10             64
             11             59
             12             64
             13             58
             14             63
             15             59
             16             63
                 charge before normalized = 256
                  charge after normalized = 256
                 charge before normalized = 256.000124754278
                  charge after normalized = 256
                 charge before normalized = 256.000124755146
                  charge after normalized = 256
                 charge before normalized = 256.000124766017
                  charge after normalized = 256
                 charge before normalized = 256.000124761484
                  charge after normalized = 256
                 charge before normalized = 256.000124759533
                  charge after normalized = 256
                 charge before normalized = 256.000124761777
                  charge after normalized = 256
                 charge before normalized = 256.00012475988
                  charge after normalized = 256
                 charge before normalized = 256.000124761095
                  charge after normalized = 256
                 charge before normalized = 256.000124760867
                  charge after normalized = 256
                 charge before normalized = 256.000124760854
                  charge after normalized = 256
                 charge before normalized = 256.000124760876
                  charge after normalized = 256
                            startmag_type = 2
                       charge from rho_at = 3.95377434289291
                         charge should be = 4
                            startmag_type = 2
                       charge from rho_at = 3.99303358802097
                         charge should be = 4

 SETUP ATOMIC RHO FOR SPIN 1
                 Electron number from rho = 256
           total electron number from rho = 256
                                should be = 256
                            startmag_type = 2
                       charge from rho_at = 3.95377434289291
                         charge should be = 4
                            startmag_type = 2
                       charge from rho_at = 3.99303358802097
                         charge should be = 4

 SETUP ATOMIC RHO FOR SPIN 1
                 Electron number from rho = 256
           total electron number from rho = 256
                                should be = 256
      Processor           Atom
              1             62
              2             64
              3             58
              4             64
              5             63
              6             63
              7             63
              8             63
              9             60
             10             64
             11             59
             12             64
             13             58
             14             63
             15             59
             16             63
                 charge before normalized = 256
                  charge after normalized = 256
                 charge before normalized = 256.000124726989
                  charge after normalized = 256
                 charge before normalized = 256.000124710049
                  charge after normalized = 256
                 charge before normalized = 256.000124756334
                  charge after normalized = 256
                 charge before normalized = 256.000124719595
                  charge after normalized = 256
                 charge before normalized = 256.000124733499
                  charge after normalized = 256
                 charge before normalized = 256.000124726113
                  charge after normalized = 256
                 charge before normalized = 256.000124728073
                  charge after normalized = 256
                 charge before normalized = 256.000124728162
                  charge after normalized = 256
                 charge before normalized = 256.000124728129
                  charge after normalized = 256
                 charge before normalized = 256.000124728121
                  charge after normalized = 256
                 charge before normalized = 256.000124728126
                  charge after normalized = 256
                            startmag_type = 2
                       charge from rho_at = 3.95377434289291
                         charge should be = 4
                            startmag_type = 2
                       charge from rho_at = 3.99303358802097
                         charge should be = 4

 SETUP ATOMIC RHO FOR SPIN 1
                 Electron number from rho = 256
           total electron number from rho = 256
                                should be = 256
                            startmag_type = 2
                       charge from rho_at = 3.95377434289291
                         charge should be = 4
                            startmag_type = 2
                       charge from rho_at = 3.99303358802097
                         charge should be = 4

 SETUP ATOMIC RHO FOR SPIN 1
                 Electron number from rho = 256
           total electron number from rho = 256
                                should be = 256
      Processor           Atom
              1             62
              2             64
              3             58
              4             64
              5             63
              6             63
              7             63
              8             63
              9             60
             10             64
             11             59
             12             64
             13             58
             14             63
             15             59
             16             63
                 charge before normalized = 256
                  charge after normalized = 256
                 charge before normalized = 256.000124633609
                  charge after normalized = 256
                 charge before normalized = 256.000124639739
                  charge after normalized = 256
                 charge before normalized = 256.00012464971
                  charge after normalized = 256
                 charge before normalized = 256.000124637622
                  charge after normalized = 256
                 charge before normalized = 256.000124644624
                  charge after normalized = 256
                 charge before normalized = 256.000124639877
                  charge after normalized = 256
                 charge before normalized = 256.000124642637
                  charge after normalized = 256
                 charge before normalized = 256.000124641314
                  charge after normalized = 256
                 charge before normalized = 256.000124641667
                  charge after normalized = 256
                 charge before normalized = 256.000124641641
                  charge after normalized = 256
                 charge before normalized = 256.000124641615
                  charge after normalized = 256
                            startmag_type = 2
                       charge from rho_at = 3.95377434289291
                         charge should be = 4
                            startmag_type = 2
                       charge from rho_at = 3.99303358802097
                         charge should be = 4

 SETUP ATOMIC RHO FOR SPIN 1
                 Electron number from rho = 256
           total electron number from rho = 256
                                should be = 256
                            startmag_type = 2
                       charge from rho_at = 3.95377434289291
                         charge should be = 4
                            startmag_type = 2
                       charge from rho_at = 3.99303358802097
                         charge should be = 4

 SETUP ATOMIC RHO FOR SPIN 1
                 Electron number from rho = 256
           total electron number from rho = 256
                                should be = 256
      Processor           Atom
              1             62
              2             64
              3             58
              4             64
              5             63
              6             63
              7             63
              8             63
              9             61
             10             64
             11             59
             12             64
             13             58
             14             63
             15             59
             16             63
                 charge before normalized = 256
                  charge after normalized = 256
                 charge before normalized = 256.000124782479
                  charge after normalized = 256
                 charge before normalized = 256.000124798479
                  charge after normalized = 256
                 charge before normalized = 256.000124773893
                  charge after normalized = 256
                 charge before normalized = 256.000124789452
                  charge after normalized = 256
                 charge before normalized = 256.000124785685
                  charge after normalized = 256
                 charge before normalized = 256.000124786912
                  charge after normalized = 256
                 charge before normalized = 256.000124787489
                  charge after normalized = 256
                 charge before normalized = 256.000124786448
                  charge after normalized = 256
                 charge before normalized = 256.000124787026
                  charge after normalized = 256
                 charge before normalized = 256.000124786907
                  charge after normalized = 256
                 charge before normalized = 256.000124786904
                  charge after normalized = 256
                            startmag_type = 2
                       charge from rho_at = 3.95377434289291
                         charge should be = 4
                            startmag_type = 2
                       charge from rho_at = 3.99303358802097
                         charge should be = 4

 SETUP ATOMIC RHO FOR SPIN 1
                 Electron number from rho = 256
           total electron number from rho = 256
                                should be = 256
                            startmag_type = 2
                       charge from rho_at = 3.95377434289291
                         charge should be = 4
                            startmag_type = 2
                       charge from rho_at = 3.99303358802097
                         charge should be = 4

 SETUP ATOMIC RHO FOR SPIN 1
                 Electron number from rho = 256
           total electron number from rho = 256
                                should be = 256
      Processor           Atom
              1             62
              2             64
              3             58
              4             64
              5             63
              6             63
              7             63
              8             63
              9             60
             10             64
             11             59
             12             64
             13             58
             14             63
             15             59
             16             63
                 charge before normalized = 256
                  charge after normalized = 256
                 charge before normalized = 256.000124799057
                  charge after normalized = 256
                 charge before normalized = 256.000124806402
                  charge after normalized = 256
                 charge before normalized = 256.000124814849
                  charge after normalized = 256
                 charge before normalized = 256.000124801957
                  charge after normalized = 256
                 charge before normalized = 256.000124808153
                  charge after normalized = 256
                 charge before normalized = 256.000124805438
                  charge after normalized = 256
                 charge before normalized = 256.000124806609
                  charge after normalized = 256
                 charge before normalized = 256.000124806212
                  charge after normalized = 256
                 charge before normalized = 256.000124806398
                  charge after normalized = 256
                 charge before normalized = 256.000124806319
                  charge after normalized = 256
                 charge before normalized = 256.000124806358
                  charge after normalized = 256
                            startmag_type = 2
                       charge from rho_at = 3.95377434289291
                         charge should be = 4
                            startmag_type = 2
                       charge from rho_at = 3.99303358802097
                         charge should be = 4

 SETUP ATOMIC RHO FOR SPIN 1
                 Electron number from rho = 256
           total electron number from rho = 256
                                should be = 256
                            startmag_type = 2
                       charge from rho_at = 3.95377434289291
                         charge should be = 4
                            startmag_type = 2
                       charge from rho_at = 3.99303358802097
                         charge should be = 4

 SETUP ATOMIC RHO FOR SPIN 1
                 Electron number from rho = 256
           total electron number from rho = 256
                                should be = 256
      Processor           Atom
              1             62
              2             63
              3             58
              4             64
              5             63
              6             63
              7             63
              8             63
              9             61
             10             64
             11             59
             12             64
             13             58
             14             63
             15             59
             16             63
                 charge before normalized = 256
                  charge after normalized = 256
                 charge before normalized = 256.000124758899
                  charge after normalized = 256
                 charge before normalized = 256.000124761974
                  charge after normalized = 256
                 charge before normalized = 256.000124773994
                  charge after normalized = 256
                 charge before normalized = 256.000124753605
                  charge after normalized = 256
                 charge before normalized = 256.000124764444
                  charge after normalized = 256
                 charge before normalized = 256.000124759112
                  charge after normalized = 256
                 charge before normalized = 256.00012476136
                  charge after normalized = 256
                 charge before normalized = 256.000124760274
                  charge after normalized = 256
                 charge before normalized = 256.000124760683
                  charge after normalized = 256
                 charge before normalized = 256.00012476065
                  charge after normalized = 256
                 charge before normalized = 256.000124760611
                  charge after normalized = 256
                 charge before normalized = 256.000124760645
                  charge after normalized = 256
                            startmag_type = 2
                       charge from rho_at = 3.95377434289291
                         charge should be = 4
                            startmag_type = 2
                       charge from rho_at = 3.99303358802097
                         charge should be = 4

 SETUP ATOMIC RHO FOR SPIN 1
                 Electron number from rho = 256
           total electron number from rho = 256
                                should be = 256
                            startmag_type = 2
                       charge from rho_at = 3.95377434289291
                         charge should be = 4
                            startmag_type = 2
                       charge from rho_at = 3.99303358802097
                         charge should be = 4

 SETUP ATOMIC RHO FOR SPIN 1
                 Electron number from rho = 256
           total electron number from rho = 256
                                should be = 256
      Processor           Atom
              1             61
              2             64
              3             58
              4             63
              5             63
              6             62
              7             64
              8             63
              9             61
             10             64
             11             58
             12             64
             13             58
             14             63
             15             59
             16             63
                 charge before normalized = 256
                  charge after normalized = 256
                 charge before normalized = 256.000124765601
                  charge after normalized = 256
                 charge before normalized = 256.00012476638
                  charge after normalized = 256
                 charge before normalized = 256.000124784
                  charge after normalized = 256
                 charge before normalized = 256.000124761608
                  charge after normalized = 256
                 charge before normalized = 256.000124770717
                  charge after normalized = 256
                 charge before normalized = 256.00012476716
                  charge after normalized = 256
                 charge before normalized = 256.000124767715
                  charge after normalized = 256
                 charge before normalized = 256.000124767515
                  charge after normalized = 256
                 charge before normalized = 256.000124767736
                  charge after normalized = 256
                 charge before normalized = 256.000124767681
                  charge after normalized = 256
                 charge before normalized = 256.000124767698
                  charge after normalized = 256
