WARNING: Total thread number on this node mismatches with hardware availability. This may cause poor performance.
Info: Local MPI proc number: 16,OpenMP thread number: 1,Total thread number: 16,Local thread limit: 32
 *********************************************************
 *                                                       *
 *                  WELCOME TO ABACUS v3.0               *
 *                                                       *
 *            'Atomic-orbital Based Ab-initio            *
 *                  Computation at UStc'                 *
 *                                                       *
 *          Website: http://abacus.ustc.edu.cn/          *
 *                                                       *
 *********************************************************
 Mon May 22 14:16:30 2023
 MAKE THE DIR         : OUT.ABACUS/
 MAKE THE STRU DIR    : OUT.ABACUS/STRU/
 UNIFORM GRID DIM     : 120 * 120 * 128
 UNIFORM GRID DIM(BIG): 60 * 60 * 64
 DONE(0.118271   SEC) : SETUP UNITCELL
 DONE(0.127874   SEC) : INIT K-POINTS
 ---------------------------------------------------------
 Molecular Dynamics simulations
 ---------------------------------------------------------
 ENSEMBLE                 : Langevin
 Time interval(fs)        : 1
 ---------------------------------------------------------
 SPIN    KPOINTS         PROCESSORS  NBASE       
 1       36              16          1584        
 ---------------------------------------------------------
 Use Systematically Improvable Atomic bases
 ---------------------------------------------------------
 ELEMENT ORBITALS        NBASE       NATOM       XC          
 Si      3s3p2d-9au      22          36          
 C       3s3p2d-9au      22          36          
 ---------------------------------------------------------
 Initial plane wave basis and FFT box
 ---------------------------------------------------------
--------------------------------- INITVEL DONE ------------------------------------
 -------------------------------------------
 STEP OF MOLECULAR DYNAMICS : 0
 -------------------------------------------
 START CHARGE      : atomic
 DONE(10.1389    SEC) : INIT SCF
 ITER   ETOT(eV)       EDIFF(eV)      DRHO       TIME(s)    
 GE1    -9.377187e+03  0.000000e+00   2.746e-01  1.044e+02  
 GE2    -9.430253e+03  -5.306665e+01  1.528e-01  9.823e+01  
 GE3    -9.441139e+03  -1.088552e+01  3.511e-02  9.812e+01  
 GE4    -9.425138e+03  1.600078e+01   7.341e-02  9.846e+01  
 GE5    -9.451152e+03  -2.601408e+01  1.538e-02  9.828e+01  
 GE6    -9.451633e+03  -4.814363e-01  6.977e-03  9.836e+01  
 GE7    -9.451671e+03  -3.758766e-02  3.349e-03  9.837e+01  
 GE8    -9.451693e+03  -2.161851e-02  2.103e-03  9.832e+01  
 GE9    -9.451693e+03  -4.876365e-04  1.473e-03  9.821e+01  
 GE10   -9.451693e+03  4.363213e-05   7.445e-04  9.809e+01  
 GE11   -9.451694e+03  -1.349352e-03  3.801e-04  9.812e+01  
 GE12   -9.451695e+03  -6.020633e-04  1.436e-04  9.809e+01  
 GE13   -9.451695e+03  -3.353362e-05  5.128e-05  9.819e+01  
 GE14   -9.451695e+03  -6.570538e-06  1.636e-05  9.814e+01  
 GE15   -9.451695e+03  -5.694379e-07  1.251e-05  9.833e+01  
 GE16   -9.451695e+03  -3.575047e-07  7.039e-06  9.827e+01  
 GE17   -9.451695e+03  -1.622396e-07  2.770e-06  9.825e+01  
 GE18   -9.451695e+03  -1.985303e-08  1.291e-06  9.831e+01  
 GE19   -9.451695e+03  -3.916469e-09  2.877e-07  9.811e+01  
 ><><><><><><><><><><><><><><><><><><><><><><
 TOTAL-STRESS (KBAR):
 ><><><><><><><><><><><><><><><><><><><><><><
 1.294e+02      3.045e+01      4.123e+01      
 3.045e+01      -2.334e+01     1.485e+01      
 4.123e+01      1.485e+01      -2.825e+00     
 TOTAL-PRESSURE: 3.442e+01 KBAR
 ------------------------------------------------------------------------------------------------
 Energy              Potential           Kinetic             Temperature         Pressure (KBAR)     
 -3.473e+02          -3.473e+02          3.373e-03           1.000e+01           3.454e+01           
 ------------------------------------------------------------------------------------------------
 -------------------------------------------
 STEP OF MOLECULAR DYNAMICS : 1
 -------------------------------------------
 DONE(1.981e+03  SEC) : INIT SCF
 ITER   ETOT(eV)       EDIFF(eV)      DRHO       TIME(s)    
 GE1    -9.451736e+03  0.000000e+00   4.471e-04  1.030e+02  
 GE2    -9.451736e+03  1.171731e-04   2.753e-04  9.723e+01  
 GE3    -9.451736e+03  -2.056742e-04  2.725e-04  9.716e+01  
 GE4    -9.451736e+03  -2.145854e-04  5.558e-05  9.713e+01  
 GE5    -9.451736e+03  -5.876000e-06  4.514e-05  9.724e+01  
 GE6    -9.451736e+03  -8.307040e-06  1.874e-05  9.733e+01  
 GE7    -9.451736e+03  -1.209880e-06  6.026e-06  9.743e+01  
 GE8    -9.451736e+03  -1.193378e-07  1.462e-06  9.731e+01  
 GE9    -9.451736e+03  -2.508891e-09  7.412e-07  9.731e+01  
 ><><><><><><><><><><><><><><><><><><><><><><
 TOTAL-STRESS (KBAR):
 ><><><><><><><><><><><><><><><><><><><><><><
 1.289e+02      3.018e+01      4.104e+01      
 3.018e+01      -2.354e+01     1.482e+01      
 4.104e+01      1.482e+01      -2.825e+00     
 TOTAL-PRESSURE: 3.418e+01 KBAR
 ------------------------------------------------------------------------------------------------
 Energy              Potential           Kinetic             Temperature         Pressure (KBAR)     
 -3.473e+02          -3.473e+02          7.904e-03           2.343e+01           3.448e+01           
 ------------------------------------------------------------------------------------------------
 -------------------------------------------
 STEP OF MOLECULAR DYNAMICS : 2
 -------------------------------------------
 DONE(2.960e+03  SEC) : INIT SCF
 ITER   ETOT(eV)       EDIFF(eV)      DRHO       TIME(s)    
 GE1    -9.451826e+03  0.000000e+00   1.596e-03  1.031e+02  
 GE2    -9.451825e+03  9.201314e-04   1.037e-03  9.716e+01  
 GE3    -9.451828e+03  -2.555323e-03  9.139e-04  9.738e+01  
 GE4    -9.451830e+03  -2.477076e-03  2.635e-04  9.740e+01  
 GE5    -9.451830e+03  -2.381680e-04  1.683e-04  9.723e+01  
 GE6    -9.451830e+03  -1.032753e-04  5.629e-05  9.732e+01  
 GE7    -9.451830e+03  -9.683820e-06  2.555e-05  9.729e+01  
 GE8    -9.451830e+03  -2.092819e-06  5.875e-06  9.726e+01  
 GE9    -9.451830e+03  -1.070146e-07  2.715e-06  9.725e+01  
 GE10   -9.451830e+03  -2.122968e-08  1.075e-06  9.691e+01  
 GE11   -9.451830e+03  -1.720029e-09  5.750e-07  9.727e+01  
 ><><><><><><><><><><><><><><><><><><><><><><
 TOTAL-STRESS (KBAR):
 ><><><><><><><><><><><><><><><><><><><><><><
 1.281e+02      3.028e+01      4.041e+01      
 3.028e+01      -2.415e+01     1.465e+01      
 4.041e+01      1.465e+01      -3.144e+00     
 TOTAL-PRESSURE: 3.361e+01 KBAR
 ------------------------------------------------------------------------------------------------
 Energy              Potential           Kinetic             Temperature         Pressure (KBAR)     
 -3.473e+02          -3.473e+02          1.894e-02           5.616e+01           3.434e+01           
 ------------------------------------------------------------------------------------------------
 -------------------------------------------
 STEP OF MOLECULAR DYNAMICS : 3
 -------------------------------------------
 DONE(4.134e+03  SEC) : INIT SCF
 ITER   ETOT(eV)       EDIFF(eV)      DRHO       TIME(s)    
 GE1    -9.451812e+03  0.000000e+00   1.845e-03  1.033e+02  
 GE2    -9.451810e+03  1.721795e-03   1.160e-03  9.723e+01  
 GE3    -9.451812e+03  -2.623545e-03  1.098e-03  9.740e+01  
 GE4    -9.451817e+03  -4.236002e-03  3.398e-04  9.694e+01  
 GE5    -9.451817e+03  -3.906654e-04  1.756e-04  9.721e+01  
 GE6    -9.451817e+03  -1.060412e-04  5.759e-05  9.722e+01  
 GE7    -9.451817e+03  -9.446120e-06  2.769e-05  9.733e+01  
 GE8    -9.451817e+03  -2.647812e-06  8.942e-06  9.742e+01  
 GE9    -9.451817e+03  -2.955558e-07  4.226e-06  9.746e+01  
 GE10   -9.451817e+03  -6.905174e-08  1.559e-06  9.747e+01  
 GE11   -9.451817e+03  -7.395197e-09  5.093e-07  9.701e+01  
 ><><><><><><><><><><><><><><><><><><><><><><
 TOTAL-STRESS (KBAR):
 ><><><><><><><><><><><><><><><><><><><><><><
 1.286e+02      3.077e+01      3.986e+01      
 3.077e+01      -2.457e+01     1.480e+01      
 3.986e+01      1.480e+01      -2.947e+00     
 TOTAL-PRESSURE: 3.370e+01 KBAR
 ------------------------------------------------------------------------------------------------
 Energy              Potential           Kinetic             Temperature         Pressure (KBAR)     
 -3.473e+02          -3.473e+02          2.456e-02           7.281e+01           3.465e+01           
 ------------------------------------------------------------------------------------------------
 -------------------------------------------
 STEP OF MOLECULAR DYNAMICS : 4
 -------------------------------------------
 DONE(5.308e+03  SEC) : INIT SCF
 ITER   ETOT(eV)       EDIFF(eV)      DRHO       TIME(s)    
 GE1    -9.451911e+03  0.000000e+00   2.487e-03  1.033e+02  
 GE2    -9.451908e+03  2.437803e-03   1.532e-03  9.728e+01  
 GE3    -9.451915e+03  -6.106690e-03  1.420e-03  9.721e+01  
 GE4    -9.451921e+03  -6.010872e-03  3.387e-04  9.733e+01  
 GE5    -9.451921e+03  -2.857899e-04  2.248e-04  9.722e+01  
 GE6    -9.451921e+03  -2.008985e-04  9.665e-05  9.739e+01  
 GE7    -9.451921e+03  -3.342686e-05  3.936e-05  9.719e+01  
 GE8    -9.451921e+03  -5.340944e-06  8.768e-06  9.715e+01  
 GE9    -9.451921e+03  -2.094213e-07  4.428e-06  9.746e+01  
 GE10   -9.451921e+03  -6.556374e-08  1.960e-06  9.745e+01  
 GE11   -9.451921e+03  -9.282279e-09  8.552e-07  9.728e+01  
 ><><><><><><><><><><><><><><><><><><><><><><
 TOTAL-STRESS (KBAR):
 ><><><><><><><><><><><><><><><><><><><><><><
 1.276e+02      3.111e+01      4.003e+01      
 3.111e+01      -2.434e+01     1.503e+01      
 4.003e+01      1.503e+01      -3.885e+00     
 TOTAL-PRESSURE: 3.313e+01 KBAR
 ------------------------------------------------------------------------------------------------
 Energy              Potential           Kinetic             Temperature         Pressure (KBAR)     
 -3.473e+02          -3.474e+02          4.013e-02           1.190e+02           3.467e+01           
 ------------------------------------------------------------------------------------------------
 -------------------------------------------
 STEP OF MOLECULAR DYNAMICS : 5
 -------------------------------------------
 DONE(6.483e+03  SEC) : INIT SCF
 ITER   ETOT(eV)       EDIFF(eV)      DRHO       TIME(s)    
 GE1    -9.451931e+03  0.000000e+00   2.680e-03  1.032e+02  
 GE2    -9.451927e+03  4.379308e-03   1.676e-03  9.740e+01  
 GE3    -9.451934e+03  -6.946748e-03  1.621e-03  9.749e+01  
 GE4    -9.451942e+03  -8.291348e-03  3.920e-04  9.745e+01  
 GE5    -9.451942e+03  -4.384359e-04  2.649e-04  9.745e+01  
 GE6    -9.451943e+03  -2.830765e-04  1.009e-04  9.738e+01  
 GE7    -9.451943e+03  -3.154180e-05  3.813e-05  9.747e+01  
 GE8    -9.451943e+03  -4.736144e-06  7.469e-06  9.737e+01  
 GE9    -9.451943e+03  -1.295064e-07  5.227e-06  9.755e+01  
 GE10   -9.451943e+03  -1.054461e-07  1.957e-06  9.756e+01  
 GE11   -9.451943e+03  -1.135962e-08  6.938e-07  9.759e+01  
 ><><><><><><><><><><><><><><><><><><><><><><
 TOTAL-STRESS (KBAR):
 ><><><><><><><><><><><><><><><><><><><><><><
 1.279e+02      3.161e+01      3.987e+01      
 3.161e+01      -2.557e+01     1.471e+01      
 3.987e+01      1.471e+01      -3.411e+00     
 TOTAL-PRESSURE: 3.298e+01 KBAR
 ------------------------------------------------------------------------------------------------
 Energy              Potential           Kinetic             Temperature         Pressure (KBAR)     
 -3.473e+02          -3.474e+02          4.446e-02           1.318e+02           3.468e+01           
 ------------------------------------------------------------------------------------------------
 -------------------------------------------
 STEP OF MOLECULAR DYNAMICS : 6
 -------------------------------------------
 DONE(7.659e+03  SEC) : INIT SCF
 ITER   ETOT(eV)       EDIFF(eV)      DRHO       TIME(s)    
 GE1    -9.451960e+03  0.000000e+00   2.774e-03  1.037e+02  
 GE2    -9.451960e+03  -2.797541e-04  1.617e-03  9.771e+01  
 GE3    -9.451966e+03  -5.612357e-03  1.336e-03  9.755e+01  
 GE4    -9.451971e+03  -5.092542e-03  3.655e-04  9.763e+01  
 GE5    -9.451971e+03  -2.907228e-04  2.547e-04  9.757e+01  
 GE6    -9.451971e+03  -2.756739e-04  1.169e-04  9.770e+01  
 GE7    -9.451971e+03  -4.810912e-05  3.588e-05  9.759e+01  
 GE8    -9.451971e+03  -4.522048e-06  8.935e-06  9.758e+01  
 GE9    -9.451971e+03  -1.896549e-07  4.943e-06  9.778e+01  
 GE10   -9.451971e+03  -1.020726e-07  2.045e-06  9.751e+01  
 GE11   -9.451971e+03  -1.315853e-08  6.938e-07  9.736e+01  
 ><><><><><><><><><><><><><><><><><><><><><><
 TOTAL-STRESS (KBAR):
 ><><><><><><><><><><><><><><><><><><><><><><
 1.268e+02      3.149e+01      4.014e+01      
 3.149e+01      -2.532e+01     1.475e+01      
 4.014e+01      1.475e+01      -3.324e+00     
 TOTAL-PRESSURE: 3.272e+01 KBAR
 ------------------------------------------------------------------------------------------------
 Energy              Potential           Kinetic             Temperature         Pressure (KBAR)     
 -3.473e+02          -3.474e+02          6.226e-02           1.846e+02           3.511e+01           
 ------------------------------------------------------------------------------------------------
 -------------------------------------------
 STEP OF MOLECULAR DYNAMICS : 7
 -------------------------------------------
 DONE(8.837e+03  SEC) : INIT SCF
 ITER   ETOT(eV)       EDIFF(eV)      DRHO       TIME(s)    
 GE1    -9.451882e+03  0.000000e+00   3.355e-03  1.036e+02  
 GE2    -9.451878e+03  4.268754e-03   1.877e-03  9.762e+01  
 GE3    -9.451886e+03  -8.358525e-03  1.834e-03  9.764e+01  
 GE4    -9.451898e+03  -1.111512e-02  4.545e-04  9.783e+01  
 GE5    -9.451898e+03  -5.295823e-04  3.046e-04  9.777e+01  
 GE6    -9.451898e+03  -3.692414e-04  1.367e-04  9.766e+01  
 GE7    -9.451898e+03  -6.529732e-05  4.782e-05  9.736e+01  
 GE8    -9.451899e+03  -7.670269e-06  1.124e-05  9.736e+01  
 GE9    -9.451899e+03  -3.317800e-07  6.462e-06  9.764e+01  
 GE10   -9.451899e+03  -1.654043e-07  2.504e-06  9.775e+01  
 GE11   -9.451899e+03  -2.709355e-08  1.012e-06  9.767e+01  
 GE12   -9.451899e+03  -2.083524e-09  3.981e-07  9.771e+01  
 ><><><><><><><><><><><><><><><><><><><><><><
 TOTAL-STRESS (KBAR):
 ><><><><><><><><><><><><><><><><><><><><><><
 1.260e+02      3.324e+01      4.106e+01      
 3.324e+01      -2.438e+01     1.481e+01      
 4.106e+01      1.481e+01      -2.599e+00     
 TOTAL-PRESSURE: 3.299e+01 KBAR
 ------------------------------------------------------------------------------------------------
 Energy              Potential           Kinetic             Temperature         Pressure (KBAR)     
 -3.473e+02          -3.474e+02          7.808e-02           2.315e+02           3.599e+01           
 ------------------------------------------------------------------------------------------------
 -------------------------------------------
 STEP OF MOLECULAR DYNAMICS : 8
 -------------------------------------------
 DONE(1.011e+04  SEC) : INIT SCF
 ITER   ETOT(eV)       EDIFF(eV)      DRHO       TIME(s)    
 GE1    -9.451983e+03  0.000000e+00   3.815e-03  1.037e+02  
 GE2    -9.451985e+03  -1.979771e-03  2.248e-03  9.731e+01  
 GE3    -9.451997e+03  -1.229022e-02  1.760e-03  9.717e+01  
 GE4    -9.452006e+03  -8.680679e-03  4.519e-04  9.705e+01  
 GE5    -9.452006e+03  -3.924281e-04  2.171e-04  9.719e+01  
 GE6    -9.452006e+03  -1.368998e-04  1.226e-04  9.733e+01  
 GE7    -9.452006e+03  -4.155433e-05  3.238e-05  9.719e+01  
 GE8    -9.452006e+03  -3.719003e-06  1.579e-05  9.747e+01  
 GE9    -9.452006e+03  -1.079549e-06  6.962e-06  9.765e+01  
 GE10   -9.452006e+03  -1.716069e-07  1.842e-06  9.741e+01  
 GE11   -9.452006e+03  -1.096983e-08  1.018e-06  9.746e+01  
 GE12   -9.452006e+03  -2.609433e-09  3.974e-07  9.792e+01  
 ><><><><><><><><><><><><><><><><><><><><><><
 TOTAL-STRESS (KBAR):
 ><><><><><><><><><><><><><><><><><><><><><><
 1.233e+02      3.324e+01      4.113e+01      
 3.324e+01      -2.460e+01     1.369e+01      
 4.113e+01      1.369e+01      -2.341e+00     
 TOTAL-PRESSURE: 3.212e+01 KBAR
 ------------------------------------------------------------------------------------------------
 Energy              Potential           Kinetic             Temperature         Pressure (KBAR)     
 -3.473e+02          -3.474e+02          7.556e-02           2.240e+02           3.502e+01           
 ------------------------------------------------------------------------------------------------
 -------------------------------------------
 STEP OF MOLECULAR DYNAMICS : 9
 -------------------------------------------
 DONE(1.139e+04  SEC) : INIT SCF
 ITER   ETOT(eV)       EDIFF(eV)      DRHO       TIME(s)    
 GE1    -9.451998e+03  0.000000e+00   3.588e-03  1.036e+02  
 GE2    -9.451993e+03  4.301842e-03   2.235e-03  9.808e+01  
 GE3    -9.452008e+03  -1.465534e-02  2.004e-03  9.832e+01  
 GE4    -9.452019e+03  -1.048804e-02  3.995e-04  9.832e+01  
 GE5    -9.452019e+03  -2.401474e-04  2.334e-04  9.847e+01  
 GE6    -9.452019e+03  -1.715022e-04  1.339e-04  9.840e+01  
 GE7    -9.452019e+03  -6.070497e-05  5.206e-05  9.838e+01  
 GE8    -9.452019e+03  -1.112011e-05  1.434e-05  9.818e+01  
 GE9    -9.452019e+03  -6.837997e-07  5.043e-06  9.829e+01  
 GE10   -9.452019e+03  -7.101617e-08  2.095e-06  9.837e+01  
 GE11   -9.452019e+03  -1.679967e-08  1.238e-06  9.815e+01  
 GE12   -9.452019e+03  -4.102084e-09  4.485e-07  9.814e+01  
 ><><><><><><><><><><><><><><><><><><><><><><
 TOTAL-STRESS (KBAR):
 ><><><><><><><><><><><><><><><><><><><><><><
 1.221e+02      3.225e+01      4.025e+01      
 3.225e+01      -2.487e+01     1.381e+01      
 4.025e+01      1.381e+01      -1.454e+00     
 TOTAL-PRESSURE: 3.191e+01 KBAR
 ------------------------------------------------------------------------------------------------
 Energy              Potential           Kinetic             Temperature         Pressure (KBAR)     
 -3.473e+02          -3.474e+02          7.813e-02           2.317e+02           3.491e+01           
 ------------------------------------------------------------------------------------------------
 -------------------------------------------
 STEP OF MOLECULAR DYNAMICS : 10
 -------------------------------------------
 DONE(1.267e+04  SEC) : INIT SCF
 ITER   ETOT(eV)       EDIFF(eV)      DRHO       TIME(s)    
 GE1    -9.452034e+03  0.000000e+00   3.625e-03  1.040e+02  
 GE2    -9.452031e+03  2.649274e-03   2.116e-03  9.827e+01  
 GE3    -9.452042e+03  -1.069146e-02  1.871e-03  9.815e+01  
 GE4    -9.452052e+03  -1.046054e-02  5.228e-04  9.824e+01  
 GE5    -9.452053e+03  -8.070639e-04  3.908e-04  9.818e+01  
 GE6    -9.452054e+03  -5.538546e-04  1.396e-04  9.814e+01  
 GE7    -9.452054e+03  -6.312429e-05  5.843e-05  9.782e+01  
 GE8    -9.452054e+03  -1.113105e-05  9.431e-06  9.804e+01  
 GE9    -9.452054e+03  -1.942720e-07  4.488e-06  9.782e+01  
 GE10   -9.452054e+03  -5.735338e-08  2.053e-06  9.767e+01  
 GE11   -9.452054e+03  -1.657075e-08  1.270e-06  9.750e+01  
 GE12   -9.452054e+03  -4.354210e-09  4.271e-07  9.756e+01  
 ><><><><><><><><><><><><><><><><><><><><><><
 TOTAL-STRESS (KBAR):
 ><><><><><><><><><><><><><><><><><><><><><><
 1.187e+02      3.080e+01      4.050e+01      
 3.080e+01      -2.349e+01     1.357e+01      
 4.050e+01      1.357e+01      -4.050e-01     
 TOTAL-PRESSURE: 3.159e+01 KBAR
 ------------------------------------------------------------------------------------------------
 Energy              Potential           Kinetic             Temperature         Pressure (KBAR)     
 -3.472e+02          -3.474e+02          1.070e-01           3.173e+02           3.569e+01           
 ------------------------------------------------------------------------------------------------

  |CLASS_NAME---------|NAME---------------|TIME(Sec)-----|CALLS----|AVG------|PER%-------
                       total               13947          27        5.2e+02   1e+02     %
   Driver              driver_line         13947          1         1.4e+04   1e+02     %
   PW_Basis            setup_struc_factor  1.2077         11        0.11      0.0087    %
   ORB_control         read_orb_first      0.22312        1         0.22      0.0016    %
   LCAO_Orbitals       Read_Orbitals       0.22312        1         0.22      0.0016    %
   NOrbital_Lm         extra_uniform       0.11969        16        0.0075    0.00086   %
   Mathzone_Add1       Uni_Deriv_Phi       0.10458        16        0.0065    0.00075   %
   ORB_control         set_orb_tables      6.8769         1         6.9       0.049     %
   ORB_gen_tables      gen_tables          6.8769         1         6.9       0.049     %
   ORB_table_phi       init_Table          5.111          1         5.1       0.037     %
   ORB_table_phi       cal_ST_Phi12_R      5.0675         558       0.0091    0.036     %
   ORB_table_beta      init_Table_Beta     1.2893         1         1.3       0.0092    %
   ORB_table_beta      VNL_PhiBeta_R       1.2814         168       0.0076    0.0092    %
   ppcell_vl           init_vloc           0.25682        1         0.26      0.0018    %
   Run_MD              md_line             13940          1         1.4e+04   1e+02     %
   Langevin            setup               1970.9         1         2e+03     14        %
   MD_func             force_stress        13939          11        1.3e+03   1e+02     %
   ESolver_KS_LCAO     Run                 12884          11        1.2e+03   92        %
   ESolver_KS_LCAO     beforescf           26.188         11        2.4       0.19      %
   ESolver_KS_LCAO     beforesolver        10.24          11        0.93      0.073     %
   ESolver_KS_LCAO     set_matrix_grid     6.1712         11        0.56      0.044     %
   atom_arrange        search              0.10122        11        0.0092    0.00073   %
   Grid_Technique      init                3.2377         11        0.29      0.023     %
   Grid_BigCell        grid_expansion_index0.97979        22        0.045     0.007     %
   Record_adj          for_2d              2.4813         11        0.23      0.018     %
   Grid_Driver         Find_atom           17.285         709848    2.4e-05   0.12      %
   Charge              atomic_rho          13.843         21        0.66      0.099     %
   PW_Basis            recip2real          2.3892         775       0.0031    0.017     %
   PW_Basis            gathers_scatterp    1.1733         775       0.0015    0.0084    %
   Potential           init_pot            0.92079        11        0.084     0.0066    %
   Potential           update_from_charge  10.779         142       0.076     0.077     %
   Potential           cal_v_eff           10.732         142       0.076     0.077     %
   H_Hartree_pw        v_hartree           1.1015         142       0.0078    0.0079    %
   PW_Basis            real2recip          3.2351         1180      0.0027    0.023     %
   PW_Basis            gatherp_scatters    1.3929         1180      0.0012    0.01      %
   PotXC               cal_v_eff           9.5354         142       0.067     0.068     %
   XC_Functional       v_xc                9.4852         142       0.067     0.068     %
   HSolverLCAO         solve               12835          131       98        92        %
   HamiltLCAO          updateHk            4698.1         4716      1         34        %
   OperatorLCAO        init                3954.2         9432      0.42      28        %
   Veff                contributeHk        3952           4716      0.84      28        %
   Gint_interface      cal_gint            6284.1         273       23        45        %
   Gint_interface      cal_gint_vlocal     3037.2         131       23        22        %
   Gint_k              folding_vl_k        914.74         4716      0.19      6.6       %
   Gint_k              Distri              665.62         4716      0.14      4.8       %
   Overlap             contributeHR        4.9529         11        0.45      0.036     %
   LCAO_gen_fixedH     calculate_S_no      4.9529         11        0.45      0.036     %
   Ekinetic<OperatorLCAO>contributeHR        5.0295         11        0.46      0.036     %
   Nonlocal<OperatorLCAO>contributeHR        50.622         11        4.6       0.36      %
   LCAO_gen_fixedH     build_Nonlocal_mu_new158.49         22        7.2       1.1       %
   ORB_gen_tables      snap_psibeta_half   3.49           1245636   2.8e-06   0.025     %
   OperatorLCAO        folding_fixed       683.28         4716      0.14      4.9       %
   LCAO_nnr            folding_fixedH      676.26         4716      0.14      4.8       %
   HSolverLCAO         hamiltSolvePsiK     1867.2         4716      0.4       13        %
   DiagoElpa           elpa_solve          1853.1         4716      0.39      13        %
   ElecStateLCAO       psiToRho            6269.5         131       48        45        %
   elecstate           cal_dm              209.06         142       1.5       1.5       %
   psiMulPsiMpi        pdgemm              203.85         5112      0.04      1.5       %
    Local_Orbital_wfc  wfc_2d_to_grid      28.672         4716      0.0061    0.21      %
   LCAO_Charge         cal_dk_k            3346.2         131       26        24        %
   Record_adj          for_grid            0.71198        131       0.0054    0.0051    %
   Gint_interface      cal_gint_rho        2707.9         131       21        19        %
   Charge              mix_rho             1.6494         120       0.014     0.012     %
   Force_Stress_LCAO   getForceStress      1055.6         11        96        7.6       %
   Forces              cal_force_loc       0.946          11        0.086     0.0068    %
   Forces              cal_force_ew        0.90205        11        0.082     0.0065    %
   Forces              cal_force_scc       7.7631         11        0.71      0.056     %
   Stress_Func         stress_loc          6.7197         11        0.61      0.048     %
   Stress_Func         stress_ewa          0.40998        11        0.037     0.0029    %
   Stress_Func         stress_gga          0.44303        11        0.04      0.0032    %
   Force_LCAO_k        ftable_k            1038.3         11        94        7.4       %
   Force_LCAO_k        allocate_k          140.55         11        13        1         %
   Force_LCAO_k        cal_foverlap_k      32.754         11        3         0.23      %
   Force_LCAO_k        cal_edm_2d          31.765         11        2.9       0.23      %
   Local_Orbital_Chargecal_dm_R            12.141         22        0.55      0.087     %
   Force_LCAO_k        cal_ftvnl_dphi_k    0.30334        11        0.028     0.0022    %
   Force_LCAO_k        cal_fvl_dphi_k      538.97         11        49        3.9       %
   Gint_interface      cal_gint_force      538.97         11        49        3.9       %
   Force_LCAO_k        cal_fvnl_dbeta_k_new285.99         11        26        2.1       %
 ----------------------------------------------------------------------------------------

 START  Time  : Mon May 22 14:16:30 2023
 FINISH Time  : Mon May 22 18:08:58 2023
 TOTAL  Time  : 1.4e+04
 SEE INFORMATION IN : OUT.ABACUS/
