 Input  warning : gamma_only_local algorithm is not used.
 In SCAN_BEGIN, can't find: LATTICE_PARAMETERS block.
 AUTO_SET NBANDS to 0
 AUTO_SET NBANDS to 173
 cpu 2D distribution : 4*4
 but, the number of bands-row-block is 3
      Processor           Atom
              1             57
              2             60
              3             59
              4             55
              5             58
              6             60
              7             58
              8             54
              9             57
             10             60
             11             59
             12             55
             13             58
             14             60
             15             59
             16             55
                            startmag_type = 2
                       charge from rho_at = 3.95377
                         charge should be = 4
                       charge from rho_at = 3.99303
                         charge should be = 4

 SETUP ATOMIC RHO FOR SPIN 1
                 Electron number from rho = 288
           total electron number from rho = 288
                                should be = 288
                 charge before normalized = 288
                  charge after normalized = 288
                 charge before normalized = 288.000118424328
                  charge after normalized = 288
                 charge before normalized = 288.000166529143
                  charge after normalized = 288
                 charge before normalized = 288.000139129958
                  charge after normalized = 288
                 charge before normalized = 288.000142315317
                  charge after normalized = 288
                 charge before normalized = 288.000138728504
                  charge after normalized = 288
                 charge before normalized = 288.000138957215
                  charge after normalized = 288
                 charge before normalized = 288.000139008636
                  charge after normalized = 288
                 charge before normalized = 288.000139131626
                  charge after normalized = 288
                 charge before normalized = 288.00013916716
                  charge after normalized = 288
                 charge before normalized = 288.000139166923
                  charge after normalized = 288
                 charge before normalized = 288.000139166935
                  charge after normalized = 288
                 charge before normalized = 288.00013916669
                  charge after normalized = 288
                 charge before normalized = 288.000139167081
                  charge after normalized = 288
                 charge before normalized = 288.000139166495
                  charge after normalized = 288
                 charge before normalized = 288.000139166655
                  charge after normalized = 288
                 charge before normalized = 288.00013916675
                  charge after normalized = 288
                 charge before normalized = 288.000139166727
                  charge after normalized = 288
                            startmag_type = 2
                       charge from rho_at = 3.95377434289291
                         charge should be = 4
                       charge from rho_at = 3.99303358802097
                         charge should be = 4

 SETUP ATOMIC RHO FOR SPIN 1
                 Electron number from rho = 288
           total electron number from rho = 288
                                should be = 288
                            startmag_type = 2
                       charge from rho_at = 3.95377434289291
                         charge should be = 4
                       charge from rho_at = 3.99303358802097
                         charge should be = 4

 SETUP ATOMIC RHO FOR SPIN 1
                 Electron number from rho = 288
           total electron number from rho = 288
                                should be = 288
      Processor           Atom
              1             57
              2             60
              3             59
              4             55
              5             58
              6             60
              7             58
              8             54
              9             57
             10             60
             11             59
             12             55
             13             58
             14             60
             15             59
             16             55
                 charge before normalized = 288
                  charge after normalized = 288
                 charge before normalized = 288.000139163432
                  charge after normalized = 288
                 charge before normalized = 288.000139168018
                  charge after normalized = 288
                 charge before normalized = 288.000139170993
                  charge after normalized = 288
                 charge before normalized = 288.000139169557
                  charge after normalized = 288
                 charge before normalized = 288.000139169966
                  charge after normalized = 288
                 charge before normalized = 288.000139169295
                  charge after normalized = 288
                 charge before normalized = 288.000139169884
                  charge after normalized = 288
                 charge before normalized = 288.000139169807
                  charge after normalized = 288
                 charge before normalized = 288.00013916978
                  charge after normalized = 288
                 charge before normalized = 288.000139169789
                  charge after normalized = 288
                            startmag_type = 2
                       charge from rho_at = 3.95377434289291
                         charge should be = 4
                       charge from rho_at = 3.99303358802097
                         charge should be = 4

 SETUP ATOMIC RHO FOR SPIN 1
                 Electron number from rho = 288
           total electron number from rho = 288
                                should be = 288
                            startmag_type = 2
                       charge from rho_at = 3.95377434289291
                         charge should be = 4
                       charge from rho_at = 3.99303358802097
                         charge should be = 4

 SETUP ATOMIC RHO FOR SPIN 1
                 Electron number from rho = 288
           total electron number from rho = 288
                                should be = 288
      Processor           Atom
              1             57
              2             60
              3             59
              4             55
              5             58
              6             60
              7             58
              8             54
              9             57
             10             60
             11             59
             12             55
             13             57
             14             60
             15             59
             16             55
                 charge before normalized = 288
                  charge after normalized = 288
                 charge before normalized = 288.000139143581
                  charge after normalized = 288
                 charge before normalized = 288.000139144002
                  charge after normalized = 288
                 charge before normalized = 288.000139140233
                  charge after normalized = 288
                 charge before normalized = 288.000139143609
                  charge after normalized = 288
                 charge before normalized = 288.000139141324
                  charge after normalized = 288
                 charge before normalized = 288.000139142965
                  charge after normalized = 288
                 charge before normalized = 288.000139142205
                  charge after normalized = 288
                 charge before normalized = 288.000139142561
                  charge after normalized = 288
                 charge before normalized = 288.000139142437
                  charge after normalized = 288
                 charge before normalized = 288.000139142466
                  charge after normalized = 288
                            startmag_type = 2
                       charge from rho_at = 3.95377434289291
                         charge should be = 4
                       charge from rho_at = 3.99303358802097
                         charge should be = 4

 SETUP ATOMIC RHO FOR SPIN 1
                 Electron number from rho = 288
           total electron number from rho = 288
                                should be = 288
                            startmag_type = 2
                       charge from rho_at = 3.95377434289291
                         charge should be = 4
                       charge from rho_at = 3.99303358802097
                         charge should be = 4

 SETUP ATOMIC RHO FOR SPIN 1
                 Electron number from rho = 288
           total electron number from rho = 288
                                should be = 288
      Processor           Atom
              1             57
              2             60
              3             59
              4             55
              5             58
              6             60
              7             58
              8             54
              9             57
             10             60
             11             58
             12             55
             13             57
             14             60
             15             58
             16             54
                 charge before normalized = 288
                  charge after normalized = 288
                 charge before normalized = 288.000139090937
                  charge after normalized = 288
                 charge before normalized = 288.000139085661
                  charge after normalized = 288
                 charge before normalized = 288.000139107006
                  charge after normalized = 288
                 charge before normalized = 288.000139088246
                  charge after normalized = 288
                 charge before normalized = 288.000139093571
                  charge after normalized = 288
                 charge before normalized = 288.000139091953
                  charge after normalized = 288
                 charge before normalized = 288.000139092254
                  charge after normalized = 288
                 charge before normalized = 288.000139092281
                  charge after normalized = 288
                 charge before normalized = 288.000139092275
                  charge after normalized = 288
                 charge before normalized = 288.00013909229
                  charge after normalized = 288
                 charge before normalized = 288.000139092278
                  charge after normalized = 288
                            startmag_type = 2
                       charge from rho_at = 3.95377434289291
                         charge should be = 4
                       charge from rho_at = 3.99303358802097
                         charge should be = 4

 SETUP ATOMIC RHO FOR SPIN 1
                 Electron number from rho = 288
           total electron number from rho = 288
                                should be = 288
                            startmag_type = 2
                       charge from rho_at = 3.95377434289291
                         charge should be = 4
                       charge from rho_at = 3.99303358802097
                         charge should be = 4

 SETUP ATOMIC RHO FOR SPIN 1
                 Electron number from rho = 288
           total electron number from rho = 288
                                should be = 288
      Processor           Atom
              1             57
              2             60
              3             59
              4             55
              5             58
              6             60
              7             58
              8             54
              9             57
             10             60
             11             59
             12             55
             13             58
             14             60
             15             58
             16             55
                 charge before normalized = 288
                  charge after normalized = 288
                 charge before normalized = 288.000138944379
                  charge after normalized = 288
                 charge before normalized = 288.00013893788
                  charge after normalized = 288
                 charge before normalized = 288.000138950198
                  charge after normalized = 288
                 charge before normalized = 288.000138938628
                  charge after normalized = 288
                 charge before normalized = 288.000138943343
                  charge after normalized = 288
                 charge before normalized = 288.000138940547
                  charge after normalized = 288
                 charge before normalized = 288.000138941816
                  charge after normalized = 288
                 charge before normalized = 288.000138941348
                  charge after normalized = 288
                 charge before normalized = 288.000138941444
                  charge after normalized = 288
                 charge before normalized = 288.000138941445
                  charge after normalized = 288
                 charge before normalized = 288.000138941445
                  charge after normalized = 288
                            startmag_type = 2
                       charge from rho_at = 3.95377434289291
                         charge should be = 4
                       charge from rho_at = 3.99303358802097
                         charge should be = 4

 SETUP ATOMIC RHO FOR SPIN 1
                 Electron number from rho = 288
           total electron number from rho = 288
                                should be = 288
                            startmag_type = 2
                       charge from rho_at = 3.95377434289291
                         charge should be = 4
                       charge from rho_at = 3.99303358802097
                         charge should be = 4

 SETUP ATOMIC RHO FOR SPIN 1
                 Electron number from rho = 288
           total electron number from rho = 288
                                should be = 288
      Processor           Atom
              1             57
              2             60
              3             59
              4             55
              5             58
              6             60
              7             58
              8             54
              9             57
             10             60
             11             59
             12             55
             13             58
             14             60
             15             58
             16             55
                 charge before normalized = 288
                  charge after normalized = 288
                 charge before normalized = 288.000138668991
                  charge after normalized = 288
                 charge before normalized = 288.000138665294
                  charge after normalized = 288
                 charge before normalized = 288.000138666279
                  charge after normalized = 288
                 charge before normalized = 288.000138659545
                  charge after normalized = 288
                 charge before normalized = 288.000138665994
                  charge after normalized = 288
                 charge before normalized = 288.000138661491
                  charge after normalized = 288
                 charge before normalized = 288.000138663004
                  charge after normalized = 288
                 charge before normalized = 288.000138662728
                  charge after normalized = 288
                 charge before normalized = 288.000138662734
                  charge after normalized = 288
                 charge before normalized = 288.000138662761
                  charge after normalized = 288
                 charge before normalized = 288.00013866275
                  charge after normalized = 288
                            startmag_type = 2
                       charge from rho_at = 3.95377434289291
                         charge should be = 4
                       charge from rho_at = 3.99303358802097
                         charge should be = 4

 SETUP ATOMIC RHO FOR SPIN 1
                 Electron number from rho = 288
           total electron number from rho = 288
                                should be = 288
                            startmag_type = 2
                       charge from rho_at = 3.95377434289291
                         charge should be = 4
                       charge from rho_at = 3.99303358802097
                         charge should be = 4

 SETUP ATOMIC RHO FOR SPIN 1
                 Electron number from rho = 288
           total electron number from rho = 288
                                should be = 288
      Processor           Atom
              1             57
              2             59
              3             59
              4             55
              5             58
              6             60
              7             58
              8             54
              9             57
             10             60
             11             59
             12             55
             13             58
             14             60
             15             58
             16             55
                 charge before normalized = 288
                  charge after normalized = 288
                 charge before normalized = 288.000138713407
                  charge after normalized = 288
                 charge before normalized = 288.000138723978
                  charge after normalized = 288
                 charge before normalized = 288.000138717095
                  charge after normalized = 288
                 charge before normalized = 288.000138722002
                  charge after normalized = 288
                 charge before normalized = 288.000138721382
                  charge after normalized = 288
                 charge before normalized = 288.000138720494
                  charge after normalized = 288
                 charge before normalized = 288.000138721698
                  charge after normalized = 288
                 charge before normalized = 288.000138721218
                  charge after normalized = 288
                 charge before normalized = 288.000138721304
                  charge after normalized = 288
                 charge before normalized = 288.000138721306
                  charge after normalized = 288
                 charge before normalized = 288.000138721305
                  charge after normalized = 288
                            startmag_type = 2
                       charge from rho_at = 3.95377434289291
                         charge should be = 4
                       charge from rho_at = 3.99303358802097
                         charge should be = 4

 SETUP ATOMIC RHO FOR SPIN 1
                 Electron number from rho = 288
           total electron number from rho = 288
                                should be = 288
                            startmag_type = 2
                       charge from rho_at = 3.95377434289291
                         charge should be = 4
                       charge from rho_at = 3.99303358802097
                         charge should be = 4

 SETUP ATOMIC RHO FOR SPIN 1
                 Electron number from rho = 288
           total electron number from rho = 288
                                should be = 288
      Processor           Atom
              1             57
              2             59
              3             59
              4             55
              5             57
              6             60
              7             58
              8             54
              9             57
             10             60
             11             59
             12             55
             13             57
             14             60
             15             58
             16             54
                 charge before normalized = 288
                  charge after normalized = 288
                 charge before normalized = 288.000138730739
                  charge after normalized = 288
                 charge before normalized = 288.000138733532
                  charge after normalized = 288
                 charge before normalized = 288.000138726431
                  charge after normalized = 288
                 charge before normalized = 288.00013872971
                  charge after normalized = 288
                 charge before normalized = 288.000138727302
                  charge after normalized = 288
                 charge before normalized = 288.000138729197
                  charge after normalized = 288
                 charge before normalized = 288.000138728949
                  charge after normalized = 288
                 charge before normalized = 288.000138728781
                  charge after normalized = 288
                 charge before normalized = 288.000138728803
                  charge after normalized = 288
                 charge before normalized = 288.000138728824
                  charge after normalized = 288
                 charge before normalized = 288.000138728828
                  charge after normalized = 288
                            startmag_type = 2
                       charge from rho_at = 3.95377434289291
                         charge should be = 4
                       charge from rho_at = 3.99303358802097
                         charge should be = 4

 SETUP ATOMIC RHO FOR SPIN 1
                 Electron number from rho = 288
           total electron number from rho = 288
                                should be = 288
                            startmag_type = 2
                       charge from rho_at = 3.95377434289291
                         charge should be = 4
                       charge from rho_at = 3.99303358802097
                         charge should be = 4

 SETUP ATOMIC RHO FOR SPIN 1
                 Electron number from rho = 288
           total electron number from rho = 288
                                should be = 288
      Processor           Atom
              1             57
              2             59
              3             59
              4             55
              5             57
              6             60
              7             58
              8             54
              9             57
             10             60
             11             59
             12             55
             13             58
             14             60
             15             58
             16             55
                 charge before normalized = 288
                  charge after normalized = 288
                 charge before normalized = 288.000138580241
                  charge after normalized = 288
                 charge before normalized = 288.000138581148
                  charge after normalized = 288
                 charge before normalized = 288.000138573219
                  charge after normalized = 288
                 charge before normalized = 288.000138571814
                  charge after normalized = 288
                 charge before normalized = 288.000138574802
                  charge after normalized = 288
                 charge before normalized = 288.000138572348
                  charge after normalized = 288
                 charge before normalized = 288.000138573453
                  charge after normalized = 288
                 charge before normalized = 288.000138573098
                  charge after normalized = 288
                 charge before normalized = 288.000138573117
                  charge after normalized = 288
                 charge before normalized = 288.000138573156
                  charge after normalized = 288
                 charge before normalized = 288.000138573133
                  charge after normalized = 288
                            startmag_type = 2
                       charge from rho_at = 3.95377434289291
                         charge should be = 4
                       charge from rho_at = 3.99303358802097
                         charge should be = 4

 SETUP ATOMIC RHO FOR SPIN 1
                 Electron number from rho = 288
           total electron number from rho = 288
                                should be = 288
                            startmag_type = 2
                       charge from rho_at = 3.95377434289291
                         charge should be = 4
                       charge from rho_at = 3.99303358802097
                         charge should be = 4

 SETUP ATOMIC RHO FOR SPIN 1
                 Electron number from rho = 288
           total electron number from rho = 288
                                should be = 288
      Processor           Atom
              1             57
              2             60
              3             59
              4             55
              5             57
              6             60
              7             58
              8             54
              9             57
             10             60
             11             59
             12             55
             13             58
             14             60
             15             58
             16             55
                 charge before normalized = 288
                  charge after normalized = 288
                 charge before normalized = 288.000138727369
                  charge after normalized = 288
                 charge before normalized = 288.0001387228
                  charge after normalized = 288
                 charge before normalized = 288.000138731639
                  charge after normalized = 288
                 charge before normalized = 288.000138722788
                  charge after normalized = 288
                 charge before normalized = 288.000138724343
                  charge after normalized = 288
                 charge before normalized = 288.00013872407
                  charge after normalized = 288
                 charge before normalized = 288.00013872416
                  charge after normalized = 288
                 charge before normalized = 288.000138724275
                  charge after normalized = 288
                 charge before normalized = 288.000138724158
                  charge after normalized = 288
                 charge before normalized = 288.000138724241
                  charge after normalized = 288
                 charge before normalized = 288.000138724218
                  charge after normalized = 288
                 charge before normalized = 288.000138724229
                  charge after normalized = 288
                            startmag_type = 2
                       charge from rho_at = 3.95377434289291
                         charge should be = 4
                       charge from rho_at = 3.99303358802097
                         charge should be = 4

 SETUP ATOMIC RHO FOR SPIN 1
                 Electron number from rho = 288
           total electron number from rho = 288
                                should be = 288
                            startmag_type = 2
                       charge from rho_at = 3.95377434289291
                         charge should be = 4
                       charge from rho_at = 3.99303358802097
                         charge should be = 4

 SETUP ATOMIC RHO FOR SPIN 1
                 Electron number from rho = 288
           total electron number from rho = 288
                                should be = 288
      Processor           Atom
              1             57
              2             60
              3             59
              4             55
              5             57
              6             60
              7             58
              8             54
              9             58
             10             60
             11             59
             12             55
             13             58
             14             60
             15             58
             16             54
                 charge before normalized = 288
                  charge after normalized = 288
                 charge before normalized = 288.000138765112
                  charge after normalized = 288
                 charge before normalized = 288.000138763618
                  charge after normalized = 288
                 charge before normalized = 288.000138774573
                  charge after normalized = 288
                 charge before normalized = 288.000138764445
                  charge after normalized = 288
                 charge before normalized = 288.000138766597
                  charge after normalized = 288
                 charge before normalized = 288.000138764949
                  charge after normalized = 288
                 charge before normalized = 288.000138766211
                  charge after normalized = 288
                 charge before normalized = 288.000138765695
                  charge after normalized = 288
                 charge before normalized = 288.000138765752
                  charge after normalized = 288
                 charge before normalized = 288.000138765773
                  charge after normalized = 288
                 charge before normalized = 288.000138765767
                  charge after normalized = 288
                 charge before normalized = 288.000138765776
                  charge after normalized = 288
