 Input  warning : gamma_only_local algorithm is not used.
 In SCAN_BEGIN, can't find: LATTICE_PARAMETERS block.
 AUTO_SET NBANDS to 0
 AUTO_SET NBANDS to 173
 cpu 2D distribution : 4*4
 but, the number of bands-row-block is 3
      Processor           Atom
              1             59
              2             60
              3             59
              4             55
              5             56
              6             58
              7             58
              8             54
              9             54
             10             58
             11             58
             12             54
             13             56
             14             60
             15             58
             16             55
                            startmag_type = 2
                       charge from rho_at = 3.95377
                         charge should be = 4
                       charge from rho_at = 3.99303
                         charge should be = 4

 SETUP ATOMIC RHO FOR SPIN 1
                 Electron number from rho = 288
           total electron number from rho = 288
                                should be = 288
                 charge before normalized = 288
                  charge after normalized = 288
                 charge before normalized = 288.000115705303
                  charge after normalized = 288
                 charge before normalized = 288.000164316729
                  charge after normalized = 288
                 charge before normalized = 288.000136855182
                  charge after normalized = 288
                 charge before normalized = 288.000143455962
                  charge after normalized = 288
                 charge before normalized = 288.000136475611
                  charge after normalized = 288
                 charge before normalized = 288.000136782537
                  charge after normalized = 288
                 charge before normalized = 288.000136983781
                  charge after normalized = 288
                 charge before normalized = 288.000137128647
                  charge after normalized = 288
                 charge before normalized = 288.000137263555
                  charge after normalized = 288
                 charge before normalized = 288.000137276094
                  charge after normalized = 288
                 charge before normalized = 288.000137244628
                  charge after normalized = 288
                 charge before normalized = 288.000137229782
                  charge after normalized = 288
                 charge before normalized = 288.000137230844
                  charge after normalized = 288
                 charge before normalized = 288.000137230717
                  charge after normalized = 288
                 charge before normalized = 288.000137231258
                  charge after normalized = 288
                 charge before normalized = 288.000137231355
                  charge after normalized = 288
                 charge before normalized = 288.000137231336
                  charge after normalized = 288
                 charge before normalized = 288.000137231321
                  charge after normalized = 288
                            startmag_type = 2
                       charge from rho_at = 3.95377434289291
                         charge should be = 4
                       charge from rho_at = 3.99303358802097
                         charge should be = 4

 SETUP ATOMIC RHO FOR SPIN 1
                 Electron number from rho = 288
           total electron number from rho = 288
                                should be = 288
                            startmag_type = 2
                       charge from rho_at = 3.95377434289291
                         charge should be = 4
                       charge from rho_at = 3.99303358802097
                         charge should be = 4

 SETUP ATOMIC RHO FOR SPIN 1
                 Electron number from rho = 288
           total electron number from rho = 288
                                should be = 288
      Processor           Atom
              1             59
              2             60
              3             58
              4             54
              5             56
              6             58
              7             58
              8             54
              9             54
             10             58
             11             58
             12             54
             13             56
             14             60
             15             58
             16             55
                 charge before normalized = 288
                  charge after normalized = 288
                 charge before normalized = 288.000137269712
                  charge after normalized = 288
                 charge before normalized = 288.000137267039
                  charge after normalized = 288
                 charge before normalized = 288.000137279267
                  charge after normalized = 288
                 charge before normalized = 288.000137271584
                  charge after normalized = 288
                 charge before normalized = 288.000137273134
                  charge after normalized = 288
                 charge before normalized = 288.000137272264
                  charge after normalized = 288
                 charge before normalized = 288.000137272734
                  charge after normalized = 288
                 charge before normalized = 288.000137272673
                  charge after normalized = 288
                 charge before normalized = 288.000137272733
                  charge after normalized = 288
                 charge before normalized = 288.000137272698
                  charge after normalized = 288
                            startmag_type = 2
                       charge from rho_at = 3.95377434289291
                         charge should be = 4
                       charge from rho_at = 3.99303358802097
                         charge should be = 4

 SETUP ATOMIC RHO FOR SPIN 1
                 Electron number from rho = 288
           total electron number from rho = 288
                                should be = 288
                            startmag_type = 2
                       charge from rho_at = 3.95377434289291
                         charge should be = 4
                       charge from rho_at = 3.99303358802097
                         charge should be = 4

 SETUP ATOMIC RHO FOR SPIN 1
                 Electron number from rho = 288
           total electron number from rho = 288
                                should be = 288
      Processor           Atom
              1             59
              2             60
              3             58
              4             54
              5             56
              6             59
              7             58
              8             55
              9             54
             10             58
             11             58
             12             54
             13             56
             14             59
             15             58
             16             55
                 charge before normalized = 288
                  charge after normalized = 288
                 charge before normalized = 288.000137212025
                  charge after normalized = 288
                 charge before normalized = 288.000137217178
                  charge after normalized = 288
                 charge before normalized = 288.000137207454
                  charge after normalized = 288
                 charge before normalized = 288.000137214206
                  charge after normalized = 288
                 charge before normalized = 288.000137211337
                  charge after normalized = 288
                 charge before normalized = 288.0001372135
                  charge after normalized = 288
                 charge before normalized = 288.000137212326
                  charge after normalized = 288
                 charge before normalized = 288.000137212776
                  charge after normalized = 288
                 charge before normalized = 288.000137212681
                  charge after normalized = 288
                 charge before normalized = 288.00013721271
                  charge after normalized = 288
                            startmag_type = 2
                       charge from rho_at = 3.95377434289291
                         charge should be = 4
                       charge from rho_at = 3.99303358802097
                         charge should be = 4

 SETUP ATOMIC RHO FOR SPIN 1
                 Electron number from rho = 288
           total electron number from rho = 288
                                should be = 288
                            startmag_type = 2
                       charge from rho_at = 3.95377434289291
                         charge should be = 4
                       charge from rho_at = 3.99303358802097
                         charge should be = 4

 SETUP ATOMIC RHO FOR SPIN 1
                 Electron number from rho = 288
           total electron number from rho = 288
                                should be = 288
      Processor           Atom
              1             59
              2             60
              3             59
              4             55
              5             56
              6             59
              7             58
              8             54
              9             54
             10             58
             11             58
             12             54
             13             56
             14             60
             15             58
             16             55
                 charge before normalized = 288
                  charge after normalized = 288
                 charge before normalized = 288.00013734678
                  charge after normalized = 288
                 charge before normalized = 288.000137335634
                  charge after normalized = 288
                 charge before normalized = 288.000137374377
                  charge after normalized = 288
                 charge before normalized = 288.000137343712
                  charge after normalized = 288
                 charge before normalized = 288.000137352068
                  charge after normalized = 288
                 charge before normalized = 288.000137348685
                  charge after normalized = 288
                 charge before normalized = 288.000137349734
                  charge after normalized = 288
                 charge before normalized = 288.000137349595
                  charge after normalized = 288
                 charge before normalized = 288.000137349705
                  charge after normalized = 288
                 charge before normalized = 288.000137349661
                  charge after normalized = 288
                 charge before normalized = 288.000137349666
                  charge after normalized = 288
                            startmag_type = 2
                       charge from rho_at = 3.95377434289291
                         charge should be = 4
                       charge from rho_at = 3.99303358802097
                         charge should be = 4

 SETUP ATOMIC RHO FOR SPIN 1
                 Electron number from rho = 288
           total electron number from rho = 288
                                should be = 288
                            startmag_type = 2
                       charge from rho_at = 3.95377434289291
                         charge should be = 4
                       charge from rho_at = 3.99303358802097
                         charge should be = 4

 SETUP ATOMIC RHO FOR SPIN 1
                 Electron number from rho = 288
           total electron number from rho = 288
                                should be = 288
      Processor           Atom
              1             59
              2             60
              3             59
              4             55
              5             56
              6             59
              7             58
              8             54
              9             54
             10             58
             11             58
             12             54
             13             56
             14             60
             15             58
             16             55
                 charge before normalized = 288
                  charge after normalized = 288
                 charge before normalized = 288.000137181554
                  charge after normalized = 288
                 charge before normalized = 288.000137178906
                  charge after normalized = 288
                 charge before normalized = 288.000137194682
                  charge after normalized = 288
                 charge before normalized = 288.000137177406
                  charge after normalized = 288
                 charge before normalized = 288.000137186501
                  charge after normalized = 288
                 charge before normalized = 288.000137180649
                  charge after normalized = 288
                 charge before normalized = 288.000137182931
                  charge after normalized = 288
                 charge before normalized = 288.000137182341
                  charge after normalized = 288
                 charge before normalized = 288.000137182446
                  charge after normalized = 288
                 charge before normalized = 288.000137182427
                  charge after normalized = 288
                 charge before normalized = 288.000137182435
                  charge after normalized = 288
                            startmag_type = 2
                       charge from rho_at = 3.95377434289291
                         charge should be = 4
                       charge from rho_at = 3.99303358802097
                         charge should be = 4

 SETUP ATOMIC RHO FOR SPIN 1
                 Electron number from rho = 288
           total electron number from rho = 288
                                should be = 288
                            startmag_type = 2
                       charge from rho_at = 3.95377434289291
                         charge should be = 4
                       charge from rho_at = 3.99303358802097
                         charge should be = 4

 SETUP ATOMIC RHO FOR SPIN 1
                 Electron number from rho = 288
           total electron number from rho = 288
                                should be = 288
      Processor           Atom
              1             59
              2             60
              3             59
              4             55
              5             56
              6             59
              7             58
              8             55
              9             54
             10             58
             11             58
             12             53
             13             57
             14             60
             15             58
             16             55
                 charge before normalized = 288
                  charge after normalized = 288
                 charge before normalized = 288.000137213093
                  charge after normalized = 288
                 charge before normalized = 288.000137202583
                  charge after normalized = 288
                 charge before normalized = 288.000137224969
                  charge after normalized = 288
                 charge before normalized = 288.000137200487
                  charge after normalized = 288
                 charge before normalized = 288.000137213145
                  charge after normalized = 288
                 charge before normalized = 288.000137206069
                  charge after normalized = 288
                 charge before normalized = 288.000137207946
                  charge after normalized = 288
                 charge before normalized = 288.000137207913
                  charge after normalized = 288
                 charge before normalized = 288.000137207951
                  charge after normalized = 288
                 charge before normalized = 288.00013720794
                  charge after normalized = 288
                 charge before normalized = 288.000137207928
                  charge after normalized = 288
                            startmag_type = 2
                       charge from rho_at = 3.95377434289291
                         charge should be = 4
                       charge from rho_at = 3.99303358802097
                         charge should be = 4

 SETUP ATOMIC RHO FOR SPIN 1
                 Electron number from rho = 288
           total electron number from rho = 288
                                should be = 288
                            startmag_type = 2
                       charge from rho_at = 3.95377434289291
                         charge should be = 4
                       charge from rho_at = 3.99303358802097
                         charge should be = 4

 SETUP ATOMIC RHO FOR SPIN 1
                 Electron number from rho = 288
           total electron number from rho = 288
                                should be = 288
      Processor           Atom
              1             59
              2             60
              3             59
              4             56
              5             56
              6             59
              7             58
              8             55
              9             54
             10             58
             11             58
             12             53
             13             57
             14             59
             15             58
             16             55
                 charge before normalized = 288
                  charge after normalized = 288
                 charge before normalized = 288.000137056998
                  charge after normalized = 288
                 charge before normalized = 288.000137064369
                  charge after normalized = 288
                 charge before normalized = 288.000137065647
                  charge after normalized = 288
                 charge before normalized = 288.000137058244
                  charge after normalized = 288
                 charge before normalized = 288.000137065797
                  charge after normalized = 288
                 charge before normalized = 288.000137060954
                  charge after normalized = 288
                 charge before normalized = 288.000137062547
                  charge after normalized = 288
                 charge before normalized = 288.000137062264
                  charge after normalized = 288
                 charge before normalized = 288.000137062438
                  charge after normalized = 288
                 charge before normalized = 288.000137062361
                  charge after normalized = 288
                 charge before normalized = 288.000137062391
                  charge after normalized = 288
                 charge before normalized = 288.000137062376
                  charge after normalized = 288
                            startmag_type = 2
                       charge from rho_at = 3.95377434289291
                         charge should be = 4
                       charge from rho_at = 3.99303358802097
                         charge should be = 4

 SETUP ATOMIC RHO FOR SPIN 1
                 Electron number from rho = 288
           total electron number from rho = 288
                                should be = 288
                            startmag_type = 2
                       charge from rho_at = 3.95377434289291
                         charge should be = 4
                       charge from rho_at = 3.99303358802097
                         charge should be = 4

 SETUP ATOMIC RHO FOR SPIN 1
                 Electron number from rho = 288
           total electron number from rho = 288
                                should be = 288
      Processor           Atom
              1             59
              2             60
              3             59
              4             55
              5             56
              6             59
              7             58
              8             55
              9             54
             10             58
             11             58
             12             53
             13             56
             14             59
             15             58
             16             55
                 charge before normalized = 288
                  charge after normalized = 288
                 charge before normalized = 288.000137019169
                  charge after normalized = 288
                 charge before normalized = 288.000137046979
                  charge after normalized = 288
                 charge before normalized = 288.000137024937
                  charge after normalized = 288
                 charge before normalized = 288.000137029451
                  charge after normalized = 288
                 charge before normalized = 288.000137030355
                  charge after normalized = 288
                 charge before normalized = 288.000137031584
                  charge after normalized = 288
                 charge before normalized = 288.000137030765
                  charge after normalized = 288
                 charge before normalized = 288.000137030833
                  charge after normalized = 288
                 charge before normalized = 288.000137030768
                  charge after normalized = 288
                 charge before normalized = 288.000137030855
                  charge after normalized = 288
                 charge before normalized = 288.0001370308
                  charge after normalized = 288
                 charge before normalized = 288.000137030832
                  charge after normalized = 288
                            startmag_type = 2
                       charge from rho_at = 3.95377434289291
                         charge should be = 4
                       charge from rho_at = 3.99303358802097
                         charge should be = 4

 SETUP ATOMIC RHO FOR SPIN 1
                 Electron number from rho = 288
           total electron number from rho = 288
                                should be = 288
                            startmag_type = 2
                       charge from rho_at = 3.95377434289291
                         charge should be = 4
                       charge from rho_at = 3.99303358802097
                         charge should be = 4

 SETUP ATOMIC RHO FOR SPIN 1
                 Electron number from rho = 288
           total electron number from rho = 288
                                should be = 288
      Processor           Atom
              1             59
              2             60
              3             59
              4             55
              5             56
              6             59
              7             58
              8             55
              9             54
             10             58
             11             58
             12             53
             13             56
             14             59
             15             59
             16             55
                 charge before normalized = 288
                  charge after normalized = 288
                 charge before normalized = 288.000136731574
                  charge after normalized = 288
                 charge before normalized = 288.00013671849
                  charge after normalized = 288
                 charge before normalized = 288.000136734812
                  charge after normalized = 288
                 charge before normalized = 288.000136715081
                  charge after normalized = 288
                 charge before normalized = 288.000136721871
                  charge after normalized = 288
                 charge before normalized = 288.000136718409
                  charge after normalized = 288
                 charge before normalized = 288.000136719724
                  charge after normalized = 288
                 charge before normalized = 288.000136719363
                  charge after normalized = 288
                 charge before normalized = 288.000136719401
                  charge after normalized = 288
                 charge before normalized = 288.000136719399
                  charge after normalized = 288
                 charge before normalized = 288.000136719417
                  charge after normalized = 288
                            startmag_type = 2
                       charge from rho_at = 3.95377434289291
                         charge should be = 4
                       charge from rho_at = 3.99303358802097
                         charge should be = 4

 SETUP ATOMIC RHO FOR SPIN 1
                 Electron number from rho = 288
           total electron number from rho = 288
                                should be = 288
                            startmag_type = 2
                       charge from rho_at = 3.95377434289291
                         charge should be = 4
                       charge from rho_at = 3.99303358802097
                         charge should be = 4

 SETUP ATOMIC RHO FOR SPIN 1
                 Electron number from rho = 288
           total electron number from rho = 288
                                should be = 288
      Processor           Atom
              1             58
              2             60
              3             59
              4             55
              5             56
              6             59
              7             58
              8             55
              9             54
             10             58
             11             58
             12             53
             13             56
             14             60
             15             58
             16             55
                 charge before normalized = 288
                  charge after normalized = 288
                 charge before normalized = 288.00013694347
                  charge after normalized = 288
                 charge before normalized = 288.000136944759
                  charge after normalized = 288
                 charge before normalized = 288.000136949927
                  charge after normalized = 288
                 charge before normalized = 288.000136938177
                  charge after normalized = 288
                 charge before normalized = 288.000136943915
                  charge after normalized = 288
                 charge before normalized = 288.000136941576
                  charge after normalized = 288
                 charge before normalized = 288.000136941861
                  charge after normalized = 288
                 charge before normalized = 288.000136941947
                  charge after normalized = 288
                 charge before normalized = 288.000136942024
                  charge after normalized = 288
                 charge before normalized = 288.000136941988
                  charge after normalized = 288
                 charge before normalized = 288.000136941994
                  charge after normalized = 288
                            startmag_type = 2
                       charge from rho_at = 3.95377434289291
                         charge should be = 4
                       charge from rho_at = 3.99303358802097
                         charge should be = 4

 SETUP ATOMIC RHO FOR SPIN 1
                 Electron number from rho = 288
           total electron number from rho = 288
                                should be = 288
                            startmag_type = 2
                       charge from rho_at = 3.95377434289291
                         charge should be = 4
                       charge from rho_at = 3.99303358802097
                         charge should be = 4

 SETUP ATOMIC RHO FOR SPIN 1
                 Electron number from rho = 288
           total electron number from rho = 288
                                should be = 288
      Processor           Atom
              1             59
              2             60
              3             59
              4             55
              5             56
              6             59
              7             58
              8             55
              9             54
             10             58
             11             58
             12             53
             13             56
             14             60
             15             58
             16             55
                 charge before normalized = 288
                  charge after normalized = 288
                 charge before normalized = 288.000136955536
                  charge after normalized = 288
                 charge before normalized = 288.000136952023
                  charge after normalized = 288
                 charge before normalized = 288.000136974351
                  charge after normalized = 288
                 charge before normalized = 288.000136947358
                  charge after normalized = 288
                 charge before normalized = 288.000136959208
                  charge after normalized = 288
                 charge before normalized = 288.000136953559
                  charge after normalized = 288
                 charge before normalized = 288.000136955049
                  charge after normalized = 288
                 charge before normalized = 288.00013695459
                  charge after normalized = 288
                 charge before normalized = 288.000136954812
                  charge after normalized = 288
                 charge before normalized = 288.000136954719
                  charge after normalized = 288
                 charge before normalized = 288.000136954749
                  charge after normalized = 288
                 charge before normalized = 288.000136954745
                  charge after normalized = 288
