 In SCAN_BEGIN, can't find: LATTICE_PARAMETERS block.
 In SCAN_BEGIN, can't find: <PP_MESH block.
 In SCAN_BEGIN, can't find: <PP_MESH block.
 AUTO_SET NBANDS to 0
 AUTO_SET NBANDS to 154
 cpu 2D distribution : 4*4
 but, the number of bands-row-block is 3
      Processor           Atom
              1             60
              2             58
              3             58
              4             59
              5             55
              6             58
              7             54
              8             58
              9             54
             10             58
             11             54
             12             58
             13             57
             14             57
             15             59
             16             55
                            startmag_type = 2
                       charge from rho_at = 3.95377
                         charge should be = 4
                            startmag_type = 2
                       charge from rho_at = 3.99303
                         charge should be = 4

 SETUP ATOMIC RHO FOR SPIN 1
                 Electron number from rho = 256
           total electron number from rho = 256
                                should be = 256
                 charge before normalized = 256
                  charge after normalized = 256
                 charge before normalized = 256.000100539999
                  charge after normalized = 256
                 charge before normalized = 256.000150846965
                  charge after normalized = 256
                 charge before normalized = 256.000121238831
                  charge after normalized = 256
                 charge before normalized = 256.000123723392
                  charge after normalized = 256
                 charge before normalized = 256.000119878937
                  charge after normalized = 256
                 charge before normalized = 256.000120095106
                  charge after normalized = 256
                 charge before normalized = 256.000120171869
                  charge after normalized = 256
                 charge before normalized = 256.000120360391
                  charge after normalized = 256
                 charge before normalized = 256.000120366495
                  charge after normalized = 256
                 charge before normalized = 256.000120351908
                  charge after normalized = 256
                 charge before normalized = 256.000120351311
                  charge after normalized = 256
                 charge before normalized = 256.000120357681
                  charge after normalized = 256
                 charge before normalized = 256.000120361855
                  charge after normalized = 256
                 charge before normalized = 256.000120359377
                  charge after normalized = 256
                 charge before normalized = 256.00012035952
                  charge after normalized = 256
                 charge before normalized = 256.000120359525
                  charge after normalized = 256
                 charge before normalized = 256.000120359528
                  charge after normalized = 256
                 charge before normalized = 256.000120359576
                  charge after normalized = 256
                            startmag_type = 2
                       charge from rho_at = 3.95377434289291
                         charge should be = 4
                            startmag_type = 2
                       charge from rho_at = 3.99303358802097
                         charge should be = 4

 SETUP ATOMIC RHO FOR SPIN 1
                 Electron number from rho = 256
           total electron number from rho = 256
                                should be = 256
                            startmag_type = 2
                       charge from rho_at = 3.95377434289291
                         charge should be = 4
                            startmag_type = 2
                       charge from rho_at = 3.99303358802097
                         charge should be = 4

 SETUP ATOMIC RHO FOR SPIN 1
                 Electron number from rho = 256
           total electron number from rho = 256
                                should be = 256
      Processor           Atom
              1             60
              2             58
              3             58
              4             59
              5             55
              6             58
              7             54
              8             58
              9             54
             10             58
             11             54
             12             58
             13             57
             14             57
             15             59
             16             55
                 charge before normalized = 256
                  charge after normalized = 256
                 charge before normalized = 256.000120338354
                  charge after normalized = 256
                 charge before normalized = 256.000120327191
                  charge after normalized = 256
                 charge before normalized = 256.00012035233
                  charge after normalized = 256
                 charge before normalized = 256.000120336358
                  charge after normalized = 256
                 charge before normalized = 256.000120338724
                  charge after normalized = 256
                 charge before normalized = 256.000120337628
                  charge after normalized = 256
                 charge before normalized = 256.000120338231
                  charge after normalized = 256
                 charge before normalized = 256.000120338183
                  charge after normalized = 256
                 charge before normalized = 256.000120338198
                  charge after normalized = 256
                            startmag_type = 2
                       charge from rho_at = 3.95377434289291
                         charge should be = 4
                            startmag_type = 2
                       charge from rho_at = 3.99303358802097
                         charge should be = 4

 SETUP ATOMIC RHO FOR SPIN 1
                 Electron number from rho = 256
           total electron number from rho = 256
                                should be = 256
                            startmag_type = 2
                       charge from rho_at = 3.95377434289291
                         charge should be = 4
                            startmag_type = 2
                       charge from rho_at = 3.99303358802097
                         charge should be = 4

 SETUP ATOMIC RHO FOR SPIN 1
                 Electron number from rho = 256
           total electron number from rho = 256
                                should be = 256
      Processor           Atom
              1             60
              2             58
              3             58
              4             59
              5             55
              6             58
              7             54
              8             58
              9             54
             10             58
             11             54
             12             58
             13             57
             14             57
             15             59
             16             55
                 charge before normalized = 256
                  charge after normalized = 256
                 charge before normalized = 256.000120218021
                  charge after normalized = 256
                 charge before normalized = 256.000120193773
                  charge after normalized = 256
                 charge before normalized = 256.000120243175
                  charge after normalized = 256
                 charge before normalized = 256.000120206389
                  charge after normalized = 256
                 charge before normalized = 256.000120215294
                  charge after normalized = 256
                 charge before normalized = 256.000120211225
                  charge after normalized = 256
                 charge before normalized = 256.000120212494
                  charge after normalized = 256
                 charge before normalized = 256.000120212401
                  charge after normalized = 256
                 charge before normalized = 256.000120212481
                  charge after normalized = 256
                 charge before normalized = 256.000120212428
                  charge after normalized = 256
                            startmag_type = 2
                       charge from rho_at = 3.95377434289291
                         charge should be = 4
                            startmag_type = 2
                       charge from rho_at = 3.99303358802097
                         charge should be = 4

 SETUP ATOMIC RHO FOR SPIN 1
                 Electron number from rho = 256
           total electron number from rho = 256
                                should be = 256
                            startmag_type = 2
                       charge from rho_at = 3.95377434289291
                         charge should be = 4
                            startmag_type = 2
                       charge from rho_at = 3.99303358802097
                         charge should be = 4

 SETUP ATOMIC RHO FOR SPIN 1
                 Electron number from rho = 256
           total electron number from rho = 256
                                should be = 256
      Processor           Atom
              1             60
              2             58
              3             58
              4             59
              5             55
              6             58
              7             54
              8             58
              9             54
             10             58
             11             54
             12             58
             13             57
             14             57
             15             59
             16             55
                 charge before normalized = 256
                  charge after normalized = 256
                 charge before normalized = 256.000120147845
                  charge after normalized = 256
                 charge before normalized = 256.000120141383
                  charge after normalized = 256
                 charge before normalized = 256.000120164118
                  charge after normalized = 256
                 charge before normalized = 256.000120140708
                  charge after normalized = 256
                 charge before normalized = 256.000120152677
                  charge after normalized = 256
                 charge before normalized = 256.000120146347
                  charge after normalized = 256
                 charge before normalized = 256.000120148912
                  charge after normalized = 256
                 charge before normalized = 256.000120148008
                  charge after normalized = 256
                 charge before normalized = 256.000120148326
                  charge after normalized = 256
                 charge before normalized = 256.000120148248
                  charge after normalized = 256
                            startmag_type = 2
                       charge from rho_at = 3.95377434289291
                         charge should be = 4
                            startmag_type = 2
                       charge from rho_at = 3.99303358802097
                         charge should be = 4

 SETUP ATOMIC RHO FOR SPIN 1
                 Electron number from rho = 256
           total electron number from rho = 256
                                should be = 256
                            startmag_type = 2
                       charge from rho_at = 3.95377434289291
                         charge should be = 4
                            startmag_type = 2
                       charge from rho_at = 3.99303358802097
                         charge should be = 4

 SETUP ATOMIC RHO FOR SPIN 1
                 Electron number from rho = 256
           total electron number from rho = 256
                                should be = 256
      Processor           Atom
              1             60
              2             58
              3             58
              4             58
              5             55
              6             58
              7             54
              8             58
              9             54
             10             58
             11             54
             12             58
             13             57
             14             57
             15             58
             16             55
                 charge before normalized = 256
                  charge after normalized = 256
                 charge before normalized = 256.000120053767
                  charge after normalized = 256
                 charge before normalized = 256.000120045125
                  charge after normalized = 256
                 charge before normalized = 256.000120072575
                  charge after normalized = 256
                 charge before normalized = 256.000120049856
                  charge after normalized = 256
                 charge before normalized = 256.000120055095
                  charge after normalized = 256
                 charge before normalized = 256.000120052929
                  charge after normalized = 256
                 charge before normalized = 256.000120053397
                  charge after normalized = 256
                 charge before normalized = 256.000120053299
                  charge after normalized = 256
                 charge before normalized = 256.000120053439
                  charge after normalized = 256
                 charge before normalized = 256.000120053371
                  charge after normalized = 256
                 charge before normalized = 256.000120053419
                  charge after normalized = 256
                            startmag_type = 2
                       charge from rho_at = 3.95377434289291
                         charge should be = 4
                            startmag_type = 2
                       charge from rho_at = 3.99303358802097
                         charge should be = 4

 SETUP ATOMIC RHO FOR SPIN 1
                 Electron number from rho = 256
           total electron number from rho = 256
                                should be = 256
                            startmag_type = 2
                       charge from rho_at = 3.95377434289291
                         charge should be = 4
                            startmag_type = 2
                       charge from rho_at = 3.99303358802097
                         charge should be = 4

 SETUP ATOMIC RHO FOR SPIN 1
                 Electron number from rho = 256
           total electron number from rho = 256
                                should be = 256
      Processor           Atom
              1             60
              2             58
              3             57
              4             58
              5             55
              6             58
              7             55
              8             58
              9             54
             10             58
             11             54
             12             58
             13             57
             14             57
             15             58
             16             55
                 charge before normalized = 256
                  charge after normalized = 256
                 charge before normalized = 256.000119879644
                  charge after normalized = 256
                 charge before normalized = 256.000119866889
                  charge after normalized = 256
                 charge before normalized = 256.000119898009
                  charge after normalized = 256
                 charge before normalized = 256.000119868917
                  charge after normalized = 256
                 charge before normalized = 256.000119883221
                  charge after normalized = 256
                 charge before normalized = 256.000119875788
                  charge after normalized = 256
                 charge before normalized = 256.000119878256
                  charge after normalized = 256
                 charge before normalized = 256.00011987737
                  charge after normalized = 256
                 charge before normalized = 256.000119877753
                  charge after normalized = 256
                 charge before normalized = 256.00011987765
                  charge after normalized = 256
                 charge before normalized = 256.000119877684
                  charge after normalized = 256
                            startmag_type = 2
                       charge from rho_at = 3.95377434289291
                         charge should be = 4
                            startmag_type = 2
                       charge from rho_at = 3.99303358802097
                         charge should be = 4

 SETUP ATOMIC RHO FOR SPIN 1
                 Electron number from rho = 256
           total electron number from rho = 256
                                should be = 256
                            startmag_type = 2
                       charge from rho_at = 3.95377434289291
                         charge should be = 4
                            startmag_type = 2
                       charge from rho_at = 3.99303358802097
                         charge should be = 4

 SETUP ATOMIC RHO FOR SPIN 1
                 Electron number from rho = 256
           total electron number from rho = 256
                                should be = 256
      Processor           Atom
              1             58
              2             58
              3             57
              4             59
              5             55
              6             58
              7             56
              8             58
              9             54
             10             58
             11             54
             12             58
             13             57
             14             57
             15             58
             16             55
                 charge before normalized = 256
                  charge after normalized = 256
                 charge before normalized = 256.000119817078
                  charge after normalized = 256
                 charge before normalized = 256.000119793392
                  charge after normalized = 256
                 charge before normalized = 256.000119856871
                  charge after normalized = 256
                 charge before normalized = 256.000119803991
                  charge after normalized = 256
                 charge before normalized = 256.000119817133
                  charge after normalized = 256
                 charge before normalized = 256.00011980972
                  charge after normalized = 256
                 charge before normalized = 256.000119814313
                  charge after normalized = 256
                 charge before normalized = 256.000119812367
                  charge after normalized = 256
                 charge before normalized = 256.00011981272
                  charge after normalized = 256
                 charge before normalized = 256.000119812621
                  charge after normalized = 256
                 charge before normalized = 256.000119812647
                  charge after normalized = 256
                 charge before normalized = 256.000119812628
                  charge after normalized = 256
                            startmag_type = 2
                       charge from rho_at = 3.95377434289291
                         charge should be = 4
                            startmag_type = 2
                       charge from rho_at = 3.99303358802097
                         charge should be = 4

 SETUP ATOMIC RHO FOR SPIN 1
                 Electron number from rho = 256
           total electron number from rho = 256
                                should be = 256
                            startmag_type = 2
                       charge from rho_at = 3.95377434289291
                         charge should be = 4
                            startmag_type = 2
                       charge from rho_at = 3.99303358802097
                         charge should be = 4

 SETUP ATOMIC RHO FOR SPIN 1
                 Electron number from rho = 256
           total electron number from rho = 256
                                should be = 256
      Processor           Atom
              1             58
              2             58
              3             57
              4             58
              5             54
              6             58
              7             56
              8             58
              9             54
             10             58
             11             54
             12             58
             13             57
             14             57
             15             58
             16             55
                 charge before normalized = 256
                  charge after normalized = 256
                 charge before normalized = 256.00011964333
                  charge after normalized = 256
                 charge before normalized = 256.000119623267
                  charge after normalized = 256
                 charge before normalized = 256.000119684948
                  charge after normalized = 256
                 charge before normalized = 256.000119632905
                  charge after normalized = 256
                 charge before normalized = 256.000119646312
                  charge after normalized = 256
                 charge before normalized = 256.000119641056
                  charge after normalized = 256
                 charge before normalized = 256.000119642603
                  charge after normalized = 256
                 charge before normalized = 256.000119642362
                  charge after normalized = 256
                 charge before normalized = 256.000119642474
                  charge after normalized = 256
                 charge before normalized = 256.000119642358
                  charge after normalized = 256
                 charge before normalized = 256.000119642433
                  charge after normalized = 256
                 charge before normalized = 256.000119642386
                  charge after normalized = 256
                            startmag_type = 2
                       charge from rho_at = 3.95377434289291
                         charge should be = 4
                            startmag_type = 2
                       charge from rho_at = 3.99303358802097
                         charge should be = 4

 SETUP ATOMIC RHO FOR SPIN 1
                 Electron number from rho = 256
           total electron number from rho = 256
                                should be = 256
                            startmag_type = 2
                       charge from rho_at = 3.95377434289291
                         charge should be = 4
                            startmag_type = 2
                       charge from rho_at = 3.99303358802097
                         charge should be = 4

 SETUP ATOMIC RHO FOR SPIN 1
                 Electron number from rho = 256
           total electron number from rho = 256
                                should be = 256
      Processor           Atom
              1             58
              2             58
              3             57
              4             58
              5             54
              6             58
              7             56
              8             58
              9             54
             10             58
             11             54
             12             58
             13             57
             14             57
             15             58
             16             55
                 charge before normalized = 256
                  charge after normalized = 256
                 charge before normalized = 256.000119550582
                  charge after normalized = 256
                 charge before normalized = 256.00011952767
                  charge after normalized = 256
                 charge before normalized = 256.000119584329
                  charge after normalized = 256
                 charge before normalized = 256.000119531622
                  charge after normalized = 256
                 charge before normalized = 256.000119549911
                  charge after normalized = 256
                 charge before normalized = 256.000119541252
                  charge after normalized = 256
                 charge before normalized = 256.000119545454
                  charge after normalized = 256
                 charge before normalized = 256.000119544001
                  charge after normalized = 256
                 charge before normalized = 256.00011954434
                  charge after normalized = 256
                 charge before normalized = 256.000119544256
                  charge after normalized = 256
                 charge before normalized = 256.00011954427
                  charge after normalized = 256
                            startmag_type = 2
                       charge from rho_at = 3.95377434289291
                         charge should be = 4
                            startmag_type = 2
                       charge from rho_at = 3.99303358802097
                         charge should be = 4

 SETUP ATOMIC RHO FOR SPIN 1
                 Electron number from rho = 256
           total electron number from rho = 256
                                should be = 256
                            startmag_type = 2
                       charge from rho_at = 3.95377434289291
                         charge should be = 4
                            startmag_type = 2
                       charge from rho_at = 3.99303358802097
                         charge should be = 4

 SETUP ATOMIC RHO FOR SPIN 1
                 Electron number from rho = 256
           total electron number from rho = 256
                                should be = 256
      Processor           Atom
              1             59
              2             57
              3             58
              4             58
              5             55
              6             58
              7             56
              8             58
              9             54
             10             58
             11             54
             12             58
             13             57
             14             57
             15             58
             16             55
                 charge before normalized = 256
                  charge after normalized = 256
                 charge before normalized = 256.000119462688
                  charge after normalized = 256
                 charge before normalized = 256.000119484259
                  charge after normalized = 256
                 charge before normalized = 256.000119454762
                  charge after normalized = 256
                 charge before normalized = 256.000119457328
                  charge after normalized = 256
                 charge before normalized = 256.00011946872
                  charge after normalized = 256
                 charge before normalized = 256.000119461204
                  charge after normalized = 256
                 charge before normalized = 256.000119465023
                  charge after normalized = 256
                 charge before normalized = 256.000119462638
                  charge after normalized = 256
                 charge before normalized = 256.000119463373
                  charge after normalized = 256
                 charge before normalized = 256.000119463284
                  charge after normalized = 256
                 charge before normalized = 256.000119463284
                  charge after normalized = 256
                 charge before normalized = 256.000119463273
                  charge after normalized = 256
                            startmag_type = 2
                       charge from rho_at = 3.95377434289291
                         charge should be = 4
                            startmag_type = 2
                       charge from rho_at = 3.99303358802097
                         charge should be = 4

 SETUP ATOMIC RHO FOR SPIN 1
                 Electron number from rho = 256
           total electron number from rho = 256
                                should be = 256
                            startmag_type = 2
                       charge from rho_at = 3.95377434289291
                         charge should be = 4
                            startmag_type = 2
                       charge from rho_at = 3.99303358802097
                         charge should be = 4

 SETUP ATOMIC RHO FOR SPIN 1
                 Electron number from rho = 256
           total electron number from rho = 256
                                should be = 256
      Processor           Atom
              1             59
              2             58
              3             58
              4             58
              5             54
              6             58
              7             55
              8             58
              9             54
             10             58
             11             54
             12             58
             13             57
             14             57
             15             58
             16             56
                 charge before normalized = 256
                  charge after normalized = 256
                 charge before normalized = 256.000119524633
                  charge after normalized = 256
                 charge before normalized = 256.000119544835
                  charge after normalized = 256
                 charge before normalized = 256.000119514812
                  charge after normalized = 256
                 charge before normalized = 256.000119523487
                  charge after normalized = 256
                 charge before normalized = 256.000119527026
                  charge after normalized = 256
                 charge before normalized = 256.0001195261
                  charge after normalized = 256
                 charge before normalized = 256.00011952617
                  charge after normalized = 256
                 charge before normalized = 256.000119525465
                  charge after normalized = 256
                 charge before normalized = 256.000119525769
                  charge after normalized = 256
                 charge before normalized = 256.000119525733
                  charge after normalized = 256
                 charge before normalized = 256.000119525746
                  charge after normalized = 256
