 Input  warning : gamma_only_local algorithm is not used.
 In SCAN_BEGIN, can't find: LATTICE_PARAMETERS block.
 AUTO_SET NBANDS to 0
 AUTO_SET NBANDS to 173
 cpu 2D distribution : 4*4
 but, the number of bands-row-block is 3
      Processor           Atom
              1             61
              2             64
              3             62
              4             58
              5             63
              6             63
              7             60
              8             57
              9             62
             10             63
             11             56
             12             59
             13             62
             14             63
             15             59
             16             56
                            startmag_type = 2
                       charge from rho_at = 3.95377
                         charge should be = 4
                       charge from rho_at = 3.99303
                         charge should be = 4

 SETUP ATOMIC RHO FOR SPIN 1
                 Electron number from rho = 288
           total electron number from rho = 288
                                should be = 288
                 charge before normalized = 288
                  charge after normalized = 288
                 charge before normalized = 288.000126269989
                  charge after normalized = 288
                 charge before normalized = 288.000173063426
                  charge after normalized = 288
                 charge before normalized = 288.000145997265
                  charge after normalized = 288
                 charge before normalized = 288.00015042948
                  charge after normalized = 288
                 charge before normalized = 288.000144339306
                  charge after normalized = 288
                 charge before normalized = 288.000144810078
                  charge after normalized = 288
                 charge before normalized = 288.000144970498
                  charge after normalized = 288
                 charge before normalized = 288.000145230453
                  charge after normalized = 288
                 charge before normalized = 288.000145419653
                  charge after normalized = 288
                 charge before normalized = 288.00014544659
                  charge after normalized = 288
                 charge before normalized = 288.000145440022
                  charge after normalized = 288
                 charge before normalized = 288.000145425514
                  charge after normalized = 288
                 charge before normalized = 288.00014542587
                  charge after normalized = 288
                 charge before normalized = 288.000145424324
                  charge after normalized = 288
                 charge before normalized = 288.000145425007
                  charge after normalized = 288
                 charge before normalized = 288.000145425731
                  charge after normalized = 288
                 charge before normalized = 288.000145425463
                  charge after normalized = 288
                 charge before normalized = 288.000145425439
                  charge after normalized = 288
                 charge before normalized = 288.000145425502
                  charge after normalized = 288
                            startmag_type = 2
                       charge from rho_at = 3.95377434289291
                         charge should be = 4
                       charge from rho_at = 3.99303358802097
                         charge should be = 4

 SETUP ATOMIC RHO FOR SPIN 1
                 Electron number from rho = 288
           total electron number from rho = 288
                                should be = 288
                            startmag_type = 2
                       charge from rho_at = 3.95377434289291
                         charge should be = 4
                       charge from rho_at = 3.99303358802097
                         charge should be = 4

 SETUP ATOMIC RHO FOR SPIN 1
                 Electron number from rho = 288
           total electron number from rho = 288
                                should be = 288
      Processor           Atom
              1             61
              2             64
              3             62
              4             58
              5             63
              6             63
              7             60
              8             57
              9             62
             10             63
             11             56
             12             59
             13             62
             14             63
             15             59
             16             57
                 charge before normalized = 288
                  charge after normalized = 288
                 charge before normalized = 288.000145335771
                  charge after normalized = 288
                 charge before normalized = 288.000145345017
                  charge after normalized = 288
                 charge before normalized = 288.000145365632
                  charge after normalized = 288
                 charge before normalized = 288.000145353763
                  charge after normalized = 288
                 charge before normalized = 288.000145357398
                  charge after normalized = 288
                 charge before normalized = 288.000145354704
                  charge after normalized = 288
                 charge before normalized = 288.000145356223
                  charge after normalized = 288
                 charge before normalized = 288.000145356101
                  charge after normalized = 288
                 charge before normalized = 288.000145356172
                  charge after normalized = 288
                 charge before normalized = 288.000145356102
                  charge after normalized = 288
                            startmag_type = 2
                       charge from rho_at = 3.95377434289291
                         charge should be = 4
                       charge from rho_at = 3.99303358802097
                         charge should be = 4

 SETUP ATOMIC RHO FOR SPIN 1
                 Electron number from rho = 288
           total electron number from rho = 288
                                should be = 288
                            startmag_type = 2
                       charge from rho_at = 3.95377434289291
                         charge should be = 4
                       charge from rho_at = 3.99303358802097
                         charge should be = 4

 SETUP ATOMIC RHO FOR SPIN 1
                 Electron number from rho = 288
           total electron number from rho = 288
                                should be = 288
      Processor           Atom
              1             61
              2             64
              3             62
              4             57
              5             63
              6             63
              7             60
              8             57
              9             62
             10             63
             11             56
             12             59
             13             62
             14             63
             15             60
             16             57
                 charge before normalized = 288
                  charge after normalized = 288
                 charge before normalized = 288.000145251981
                  charge after normalized = 288
                 charge before normalized = 288.000145272132
                  charge after normalized = 288
                 charge before normalized = 288.000145253237
                  charge after normalized = 288
                 charge before normalized = 288.000145267493
                  charge after normalized = 288
                 charge before normalized = 288.000145263492
                  charge after normalized = 288
                 charge before normalized = 288.000145264935
                  charge after normalized = 288
                 charge before normalized = 288.000145265167
                  charge after normalized = 288
                 charge before normalized = 288.000145265085
                  charge after normalized = 288
                 charge before normalized = 288.000145265004
                  charge after normalized = 288
                 charge before normalized = 288.000145265043
                  charge after normalized = 288
                 charge before normalized = 288.000145265028
                  charge after normalized = 288
                            startmag_type = 2
                       charge from rho_at = 3.95377434289291
                         charge should be = 4
                       charge from rho_at = 3.99303358802097
                         charge should be = 4

 SETUP ATOMIC RHO FOR SPIN 1
                 Electron number from rho = 288
           total electron number from rho = 288
                                should be = 288
                            startmag_type = 2
                       charge from rho_at = 3.95377434289291
                         charge should be = 4
                       charge from rho_at = 3.99303358802097
                         charge should be = 4

 SETUP ATOMIC RHO FOR SPIN 1
                 Electron number from rho = 288
           total electron number from rho = 288
                                should be = 288
      Processor           Atom
              1             61
              2             64
              3             62
              4             57
              5             63
              6             63
              7             60
              8             57
              9             62
             10             63
             11             56
             12             58
             13             62
             14             63
             15             60
             16             57
                 charge before normalized = 288
                  charge after normalized = 288
                 charge before normalized = 288.000145311303
                  charge after normalized = 288
                 charge before normalized = 288.000145302323
                  charge after normalized = 288
                 charge before normalized = 288.000145337646
                  charge after normalized = 288
                 charge before normalized = 288.00014531003
                  charge after normalized = 288
                 charge before normalized = 288.000145320354
                  charge after normalized = 288
                 charge before normalized = 288.000145313998
                  charge after normalized = 288
                 charge before normalized = 288.000145316933
                  charge after normalized = 288
                 charge before normalized = 288.000145316243
                  charge after normalized = 288
                 charge before normalized = 288.000145316401
                  charge after normalized = 288
                 charge before normalized = 288.000145316371
                  charge after normalized = 288
                 charge before normalized = 288.000145316365
                  charge after normalized = 288
                            startmag_type = 2
                       charge from rho_at = 3.95377434289291
                         charge should be = 4
                       charge from rho_at = 3.99303358802097
                         charge should be = 4

 SETUP ATOMIC RHO FOR SPIN 1
                 Electron number from rho = 288
           total electron number from rho = 288
                                should be = 288
                            startmag_type = 2
                       charge from rho_at = 3.95377434289291
                         charge should be = 4
                       charge from rho_at = 3.99303358802097
                         charge should be = 4

 SETUP ATOMIC RHO FOR SPIN 1
                 Electron number from rho = 288
           total electron number from rho = 288
                                should be = 288
      Processor           Atom
              1             61
              2             64
              3             62
              4             57
              5             62
              6             63
              7             60
              8             57
              9             62
             10             63
             11             56
             12             58
             13             62
             14             63
             15             60
             16             57
                 charge before normalized = 288
                  charge after normalized = 288
                 charge before normalized = 288.000145209531
                  charge after normalized = 288
                 charge before normalized = 288.000145205493
                  charge after normalized = 288
                 charge before normalized = 288.000145228403
                  charge after normalized = 288
                 charge before normalized = 288.000145210855
                  charge after normalized = 288
                 charge before normalized = 288.000145218125
                  charge after normalized = 288
                 charge before normalized = 288.000145212849
                  charge after normalized = 288
                 charge before normalized = 288.000145216222
                  charge after normalized = 288
                 charge before normalized = 288.000145215101
                  charge after normalized = 288
                 charge before normalized = 288.000145215368
                  charge after normalized = 288
                 charge before normalized = 288.000145215288
                  charge after normalized = 288
                 charge before normalized = 288.000145215308
                  charge after normalized = 288
                            startmag_type = 2
                       charge from rho_at = 3.95377434289291
                         charge should be = 4
                       charge from rho_at = 3.99303358802097
                         charge should be = 4

 SETUP ATOMIC RHO FOR SPIN 1
                 Electron number from rho = 288
           total electron number from rho = 288
                                should be = 288
                            startmag_type = 2
                       charge from rho_at = 3.95377434289291
                         charge should be = 4
                       charge from rho_at = 3.99303358802097
                         charge should be = 4

 SETUP ATOMIC RHO FOR SPIN 1
                 Electron number from rho = 288
           total electron number from rho = 288
                                should be = 288
      Processor           Atom
              1             61
              2             64
              3             62
              4             57
              5             62
              6             63
              7             60
              8             57
              9             62
             10             62
             11             56
             12             58
             13             62
             14             63
             15             59
             16             57
                 charge before normalized = 288
                  charge after normalized = 288
                 charge before normalized = 288.00014526065
                  charge after normalized = 288
                 charge before normalized = 288.000145271409
                  charge after normalized = 288
                 charge before normalized = 288.000145284859
                  charge after normalized = 288
                 charge before normalized = 288.000145267048
                  charge after normalized = 288
                 charge before normalized = 288.000145279842
                  charge after normalized = 288
                 charge before normalized = 288.000145270332
                  charge after normalized = 288
                 charge before normalized = 288.000145274536
                  charge after normalized = 288
                 charge before normalized = 288.000145273955
                  charge after normalized = 288
                 charge before normalized = 288.000145273994
                  charge after normalized = 288
                 charge before normalized = 288.000145274032
                  charge after normalized = 288
                 charge before normalized = 288.000145274003
                  charge after normalized = 288
                            startmag_type = 2
                       charge from rho_at = 3.95377434289291
                         charge should be = 4
                       charge from rho_at = 3.99303358802097
                         charge should be = 4

 SETUP ATOMIC RHO FOR SPIN 1
                 Electron number from rho = 288
           total electron number from rho = 288
                                should be = 288
                            startmag_type = 2
                       charge from rho_at = 3.95377434289291
                         charge should be = 4
                       charge from rho_at = 3.99303358802097
                         charge should be = 4

 SETUP ATOMIC RHO FOR SPIN 1
                 Electron number from rho = 288
           total electron number from rho = 288
                                should be = 288
      Processor           Atom
              1             61
              2             64
              3             62
              4             57
              5             62
              6             63
              7             60
              8             56
              9             62
             10             62
             11             56
             12             58
             13             62
             14             63
             15             59
             16             57
                 charge before normalized = 287.999999999999
                  charge after normalized = 288
                 charge before normalized = 288.000145169646
                  charge after normalized = 288
                 charge before normalized = 288.00014521397
                  charge after normalized = 288
                 charge before normalized = 288.000145197275
                  charge after normalized = 288
                 charge before normalized = 288.000145197814
                  charge after normalized = 288
                 charge before normalized = 288.000145205624
                  charge after normalized = 288
                 charge before normalized = 288.000145200555
                  charge after normalized = 288
                 charge before normalized = 288.000145202689
                  charge after normalized = 288
                 charge before normalized = 288.000145202155
                  charge after normalized = 288
                 charge before normalized = 288.000145202313
                  charge after normalized = 288
                 charge before normalized = 288.000145202275
                  charge after normalized = 288
                 charge before normalized = 288.000145202253
                  charge after normalized = 288
                            startmag_type = 2
                       charge from rho_at = 3.95377434289291
                         charge should be = 4
                       charge from rho_at = 3.99303358802097
                         charge should be = 4

 SETUP ATOMIC RHO FOR SPIN 1
                 Electron number from rho = 288
           total electron number from rho = 288
                                should be = 288
                            startmag_type = 2
                       charge from rho_at = 3.95377434289291
                         charge should be = 4
                       charge from rho_at = 3.99303358802097
                         charge should be = 4

 SETUP ATOMIC RHO FOR SPIN 1
                 Electron number from rho = 288
           total electron number from rho = 288
                                should be = 288
      Processor           Atom
              1             61
              2             64
              3             62
              4             59
              5             62
              6             63
              7             60
              8             57
              9             61
             10             62
             11             56
             12             58
             13             62
             14             62
             15             59
             16             57
                 charge before normalized = 288
                  charge after normalized = 288
                 charge before normalized = 288.000145347847
                  charge after normalized = 288
                 charge before normalized = 288.000145387957
                  charge after normalized = 288
                 charge before normalized = 288.000145365691
                  charge after normalized = 288
                 charge before normalized = 288.000145371452
                  charge after normalized = 288
                 charge before normalized = 288.000145371741
                  charge after normalized = 288
                 charge before normalized = 288.000145371657
                  charge after normalized = 288
                 charge before normalized = 288.000145372809
                  charge after normalized = 288
                 charge before normalized = 288.000145372328
                  charge after normalized = 288
                 charge before normalized = 288.000145372254
                  charge after normalized = 288
                 charge before normalized = 288.000145372344
                  charge after normalized = 288
                 charge before normalized = 288.000145372301
                  charge after normalized = 288
                 charge before normalized = 288.000145372347
                  charge after normalized = 288
                            startmag_type = 2
                       charge from rho_at = 3.95377434289291
                         charge should be = 4
                       charge from rho_at = 3.99303358802097
                         charge should be = 4

 SETUP ATOMIC RHO FOR SPIN 1
                 Electron number from rho = 288
           total electron number from rho = 288
                                should be = 288
                            startmag_type = 2
                       charge from rho_at = 3.95377434289291
                         charge should be = 4
                       charge from rho_at = 3.99303358802097
                         charge should be = 4

 SETUP ATOMIC RHO FOR SPIN 1
                 Electron number from rho = 288
           total electron number from rho = 288
                                should be = 288
      Processor           Atom
              1             61
              2             64
              3             62
              4             58
              5             62
              6             63
              7             60
              8             57
              9             61
             10             62
             11             56
             12             58
             13             62
             14             62
             15             59
             16             57
                 charge before normalized = 288
                  charge after normalized = 288
                 charge before normalized = 288.000145149119
                  charge after normalized = 288
                 charge before normalized = 288.000145153818
                  charge after normalized = 288
                 charge before normalized = 288.000145144996
                  charge after normalized = 288
                 charge before normalized = 288.000145138785
                  charge after normalized = 288
                 charge before normalized = 288.000145150443
                  charge after normalized = 288
                 charge before normalized = 288.000145142097
                  charge after normalized = 288
                 charge before normalized = 288.000145144895
                  charge after normalized = 288
                 charge before normalized = 288.00014514422
                  charge after normalized = 288
                 charge before normalized = 288.000145144313
                  charge after normalized = 288
                 charge before normalized = 288.000145144321
                  charge after normalized = 288
                 charge before normalized = 288.000145144309
                  charge after normalized = 288
                            startmag_type = 2
                       charge from rho_at = 3.95377434289291
                         charge should be = 4
                       charge from rho_at = 3.99303358802097
                         charge should be = 4

 SETUP ATOMIC RHO FOR SPIN 1
                 Electron number from rho = 288
           total electron number from rho = 288
                                should be = 288
                            startmag_type = 2
                       charge from rho_at = 3.95377434289291
                         charge should be = 4
                       charge from rho_at = 3.99303358802097
                         charge should be = 4

 SETUP ATOMIC RHO FOR SPIN 1
                 Electron number from rho = 288
           total electron number from rho = 288
                                should be = 288
      Processor           Atom
              1             61
              2             64
              3             62
              4             58
              5             62
              6             63
              7             60
              8             57
              9             61
             10             62
             11             56
             12             58
             13             62
             14             62
             15             59
             16             57
                 charge before normalized = 288
                  charge after normalized = 288
                 charge before normalized = 288.000145303361
                  charge after normalized = 288
                 charge before normalized = 288.000145337111
                  charge after normalized = 288
                 charge before normalized = 288.000145330681
                  charge after normalized = 288
                 charge before normalized = 288.000145321463
                  charge after normalized = 288
                 charge before normalized = 288.000145330849
                  charge after normalized = 288
                 charge before normalized = 288.0001453246
                  charge after normalized = 288
                 charge before normalized = 288.00014532844
                  charge after normalized = 288
                 charge before normalized = 288.000145327167
                  charge after normalized = 288
                 charge before normalized = 288.000145327415
                  charge after normalized = 288
                 charge before normalized = 288.000145327374
                  charge after normalized = 288
                 charge before normalized = 288.000145327376
                  charge after normalized = 288
                 charge before normalized = 288.000145327376
                  charge after normalized = 288
                            startmag_type = 2
                       charge from rho_at = 3.95377434289291
                         charge should be = 4
                       charge from rho_at = 3.99303358802097
                         charge should be = 4

 SETUP ATOMIC RHO FOR SPIN 1
                 Electron number from rho = 288
           total electron number from rho = 288
                                should be = 288
                            startmag_type = 2
                       charge from rho_at = 3.95377434289291
                         charge should be = 4
                       charge from rho_at = 3.99303358802097
                         charge should be = 4

 SETUP ATOMIC RHO FOR SPIN 1
                 Electron number from rho = 288
           total electron number from rho = 288
                                should be = 288
      Processor           Atom
              1             61
              2             64
              3             62
              4             58
              5             61
              6             63
              7             61
              8             57
              9             61
             10             62
             11             56
             12             58
             13             62
             14             62
             15             59
             16             57
                 charge before normalized = 288
                  charge after normalized = 288
                 charge before normalized = 288.000145624128
                  charge after normalized = 288
                 charge before normalized = 288.000145634191
                  charge after normalized = 288
                 charge before normalized = 288.000145646966
                  charge after normalized = 288
                 charge before normalized = 288.000145621758
                  charge after normalized = 288
                 charge before normalized = 288.000145638087
                  charge after normalized = 288
                 charge before normalized = 288.00014562889
                  charge after normalized = 288
                 charge before normalized = 288.000145632461
                  charge after normalized = 288
                 charge before normalized = 288.000145631249
                  charge after normalized = 288
                 charge before normalized = 288.000145631519
                  charge after normalized = 288
                 charge before normalized = 288.000145631466
                  charge after normalized = 288
                 charge before normalized = 288.000145631491
                  charge after normalized = 288
                 charge before normalized = 288.000145631481
                  charge after normalized = 288
