 Input  warning : gamma_only_local algorithm is not used.
 In SCAN_BEGIN, can't find: LATTICE_PARAMETERS block.
 AUTO_SET NBANDS to 0
 AUTO_SET NBANDS to 173
 cpu 2D distribution : 4*4
 but, the number of bands-row-block is 3
      Processor           Atom
              1             59
              2             60
              3             58
              4             56
              5             58
              6             59
              7             57
              8             54
              9             58
             10             58
             11             54
             12             55
             13             58
             14             59
             15             56
             16             55
                            startmag_type = 2
                       charge from rho_at = 3.95377
                         charge should be = 4
                       charge from rho_at = 3.99303
                         charge should be = 4

 SETUP ATOMIC RHO FOR SPIN 1
                 Electron number from rho = 288
           total electron number from rho = 288
                                should be = 288
                 charge before normalized = 288
                  charge after normalized = 288
                 charge before normalized = 288.000117955379
                  charge after normalized = 288
                 charge before normalized = 288.000165739245
                  charge after normalized = 288
                 charge before normalized = 288.000138801281
                  charge after normalized = 288
                 charge before normalized = 288.000143886211
                  charge after normalized = 288
                 charge before normalized = 288.000138284089
                  charge after normalized = 288
                 charge before normalized = 288.000138658182
                  charge after normalized = 288
                 charge before normalized = 288.000138758491
                  charge after normalized = 288
                 charge before normalized = 288.000138917295
                  charge after normalized = 288
                 charge before normalized = 288.000139009751
                  charge after normalized = 288
                 charge before normalized = 288.000139023889
                  charge after normalized = 288
                 charge before normalized = 288.000139004513
                  charge after normalized = 288
                 charge before normalized = 288.000138998254
                  charge after normalized = 288
                 charge before normalized = 288.000138999182
                  charge after normalized = 288
                 charge before normalized = 288.000138998666
                  charge after normalized = 288
                 charge before normalized = 288.000138999127
                  charge after normalized = 288
                 charge before normalized = 288.000138999274
                  charge after normalized = 288
                 charge before normalized = 288.000138999204
                  charge after normalized = 288
                 charge before normalized = 288.000138999235
                  charge after normalized = 288
                            startmag_type = 2
                       charge from rho_at = 3.95377434289291
                         charge should be = 4
                       charge from rho_at = 3.99303358802097
                         charge should be = 4

 SETUP ATOMIC RHO FOR SPIN 1
                 Electron number from rho = 288
           total electron number from rho = 288
                                should be = 288
                            startmag_type = 2
                       charge from rho_at = 3.95377434289291
                         charge should be = 4
                       charge from rho_at = 3.99303358802097
                         charge should be = 4

 SETUP ATOMIC RHO FOR SPIN 1
                 Electron number from rho = 288
           total electron number from rho = 288
                                should be = 288
      Processor           Atom
              1             59
              2             59
              3             58
              4             56
              5             58
              6             59
              7             57
              8             55
              9             58
             10             58
             11             54
             12             55
             13             58
             14             59
             15             56
             16             55
                 charge before normalized = 288
                  charge after normalized = 288
                 charge before normalized = 288.000138932937
                  charge after normalized = 288
                 charge before normalized = 288.000138933482
                  charge after normalized = 288
                 charge before normalized = 288.000138942628
                  charge after normalized = 288
                 charge before normalized = 288.000138936349
                  charge after normalized = 288
                 charge before normalized = 288.000138937985
                  charge after normalized = 288
                 charge before normalized = 288.000138937103
                  charge after normalized = 288
                 charge before normalized = 288.000138937615
                  charge after normalized = 288
                 charge before normalized = 288.000138937531
                  charge after normalized = 288
                 charge before normalized = 288.000138937584
                  charge after normalized = 288
                 charge before normalized = 288.000138937554
                  charge after normalized = 288
                            startmag_type = 2
                       charge from rho_at = 3.95377434289291
                         charge should be = 4
                       charge from rho_at = 3.99303358802097
                         charge should be = 4

 SETUP ATOMIC RHO FOR SPIN 1
                 Electron number from rho = 288
           total electron number from rho = 288
                                should be = 288
                            startmag_type = 2
                       charge from rho_at = 3.95377434289291
                         charge should be = 4
                       charge from rho_at = 3.99303358802097
                         charge should be = 4

 SETUP ATOMIC RHO FOR SPIN 1
                 Electron number from rho = 288
           total electron number from rho = 288
                                should be = 288
      Processor           Atom
              1             59
              2             59
              3             58
              4             56
              5             59
              6             59
              7             57
              8             54
              9             58
             10             58
             11             54
             12             55
             13             58
             14             59
             15             56
             16             55
                 charge before normalized = 288
                  charge after normalized = 288
                 charge before normalized = 288.000138878652
                  charge after normalized = 288
                 charge before normalized = 288.000138886864
                  charge after normalized = 288
                 charge before normalized = 288.000138871157
                  charge after normalized = 288
                 charge before normalized = 288.000138883225
                  charge after normalized = 288
                 charge before normalized = 288.000138878296
                  charge after normalized = 288
                 charge before normalized = 288.000138881068
                  charge after normalized = 288
                 charge before normalized = 288.000138880217
                  charge after normalized = 288
                 charge before normalized = 288.000138880471
                  charge after normalized = 288
                 charge before normalized = 288.000138880377
                  charge after normalized = 288
                 charge before normalized = 288.000138880406
                  charge after normalized = 288
                            startmag_type = 2
                       charge from rho_at = 3.95377434289291
                         charge should be = 4
                       charge from rho_at = 3.99303358802097
                         charge should be = 4

 SETUP ATOMIC RHO FOR SPIN 1
                 Electron number from rho = 288
           total electron number from rho = 288
                                should be = 288
                            startmag_type = 2
                       charge from rho_at = 3.95377434289291
                         charge should be = 4
                       charge from rho_at = 3.99303358802097
                         charge should be = 4

 SETUP ATOMIC RHO FOR SPIN 1
                 Electron number from rho = 288
           total electron number from rho = 288
                                should be = 288
      Processor           Atom
              1             58
              2             59
              3             58
              4             56
              5             59
              6             59
              7             56
              8             54
              9             58
             10             58
             11             54
             12             55
             13             58
             14             59
             15             56
             16             54
                 charge before normalized = 288
                  charge after normalized = 288
                 charge before normalized = 288.000138844818
                  charge after normalized = 288
                 charge before normalized = 288.00013884502
                  charge after normalized = 288
                 charge before normalized = 288.000138868779
                  charge after normalized = 288
                 charge before normalized = 288.000138847678
                  charge after normalized = 288
                 charge before normalized = 288.000138855057
                  charge after normalized = 288
                 charge before normalized = 288.000138851493
                  charge after normalized = 288
                 charge before normalized = 288.000138853059
                  charge after normalized = 288
                 charge before normalized = 288.00013885263
                  charge after normalized = 288
                 charge before normalized = 288.000138852768
                  charge after normalized = 288
                 charge before normalized = 288.000138852729
                  charge after normalized = 288
                 charge before normalized = 288.000138852734
                  charge after normalized = 288
                            startmag_type = 2
                       charge from rho_at = 3.95377434289291
                         charge should be = 4
                       charge from rho_at = 3.99303358802097
                         charge should be = 4

 SETUP ATOMIC RHO FOR SPIN 1
                 Electron number from rho = 288
           total electron number from rho = 288
                                should be = 288
                            startmag_type = 2
                       charge from rho_at = 3.95377434289291
                         charge should be = 4
                       charge from rho_at = 3.99303358802097
                         charge should be = 4

 SETUP ATOMIC RHO FOR SPIN 1
                 Electron number from rho = 288
           total electron number from rho = 288
                                should be = 288
      Processor           Atom
              1             59
              2             59
              3             58
              4             56
              5             59
              6             59
              7             57
              8             54
              9             58
             10             58
             11             54
             12             55
             13             58
             14             59
             15             56
             16             54
                 charge before normalized = 288
                  charge after normalized = 288
                 charge before normalized = 288.000138822623
                  charge after normalized = 288
                 charge before normalized = 288.000138822509
                  charge after normalized = 288
                 charge before normalized = 288.000138833038
                  charge after normalized = 288
                 charge before normalized = 288.000138822254
                  charge after normalized = 288
                 charge before normalized = 288.000138827311
                  charge after normalized = 288
                 charge before normalized = 288.000138823184
                  charge after normalized = 288
                 charge before normalized = 288.000138825606
                  charge after normalized = 288
                 charge before normalized = 288.000138824843
                  charge after normalized = 288
                 charge before normalized = 288.000138824968
                  charge after normalized = 288
                 charge before normalized = 288.000138824943
                  charge after normalized = 288
                 charge before normalized = 288.00013882496
                  charge after normalized = 288
                            startmag_type = 2
                       charge from rho_at = 3.95377434289291
                         charge should be = 4
                       charge from rho_at = 3.99303358802097
                         charge should be = 4

 SETUP ATOMIC RHO FOR SPIN 1
                 Electron number from rho = 288
           total electron number from rho = 288
                                should be = 288
                            startmag_type = 2
                       charge from rho_at = 3.95377434289291
                         charge should be = 4
                       charge from rho_at = 3.99303358802097
                         charge should be = 4

 SETUP ATOMIC RHO FOR SPIN 1
                 Electron number from rho = 288
           total electron number from rho = 288
                                should be = 288
      Processor           Atom
              1             58
              2             59
              3             58
              4             56
              5             59
              6             59
              7             57
              8             54
              9             58
             10             58
             11             54
             12             55
             13             59
             14             59
             15             56
             16             55
                 charge before normalized = 288
                  charge after normalized = 288
                 charge before normalized = 288.000138826394
                  charge after normalized = 288
                 charge before normalized = 288.00013880905
                  charge after normalized = 288
                 charge before normalized = 288.000138838837
                  charge after normalized = 288
                 charge before normalized = 288.000138812436
                  charge after normalized = 288
                 charge before normalized = 288.000138822982
                  charge after normalized = 288
                 charge before normalized = 288.000138817632
                  charge after normalized = 288
                 charge before normalized = 288.000138819216
                  charge after normalized = 288
                 charge before normalized = 288.000138819146
                  charge after normalized = 288
                 charge before normalized = 288.000138819206
                  charge after normalized = 288
                 charge before normalized = 288.000138819194
                  charge after normalized = 287.999999999999
                 charge before normalized = 288.000138819182
                  charge after normalized = 288
                            startmag_type = 2
                       charge from rho_at = 3.95377434289291
                         charge should be = 4
                       charge from rho_at = 3.99303358802097
                         charge should be = 4

 SETUP ATOMIC RHO FOR SPIN 1
                 Electron number from rho = 288
           total electron number from rho = 288
                                should be = 288
                            startmag_type = 2
                       charge from rho_at = 3.95377434289291
                         charge should be = 4
                       charge from rho_at = 3.99303358802097
                         charge should be = 4

 SETUP ATOMIC RHO FOR SPIN 1
                 Electron number from rho = 288
           total electron number from rho = 288
                                should be = 288
      Processor           Atom
              1             58
              2             59
              3             58
              4             56
              5             59
              6             59
              7             57
              8             54
              9             58
             10             58
             11             54
             12             55
             13             58
             14             59
             15             56
             16             55
                 charge before normalized = 288
                  charge after normalized = 288
                 charge before normalized = 288.000138716054
                  charge after normalized = 288
                 charge before normalized = 288.000138737514
                  charge after normalized = 288
                 charge before normalized = 288.000138721729
                  charge after normalized = 288
                 charge before normalized = 288.000138722891
                  charge after normalized = 288
                 charge before normalized = 288.000138728696
                  charge after normalized = 288
                 charge before normalized = 288.000138725865
                  charge after normalized = 288
                 charge before normalized = 288.000138726342
                  charge after normalized = 288
                 charge before normalized = 288.000138726145
                  charge after normalized = 288
                 charge before normalized = 288.000138726346
                  charge after normalized = 288
                 charge before normalized = 288.000138726275
                  charge after normalized = 288
                 charge before normalized = 288.000138726288
                  charge after normalized = 288
                            startmag_type = 2
                       charge from rho_at = 3.95377434289291
                         charge should be = 4
                       charge from rho_at = 3.99303358802097
                         charge should be = 4

 SETUP ATOMIC RHO FOR SPIN 1
                 Electron number from rho = 288
           total electron number from rho = 288
                                should be = 288
                            startmag_type = 2
                       charge from rho_at = 3.95377434289291
                         charge should be = 4
                       charge from rho_at = 3.99303358802097
                         charge should be = 4

 SETUP ATOMIC RHO FOR SPIN 1
                 Electron number from rho = 288
           total electron number from rho = 288
                                should be = 288
      Processor           Atom
              1             58
              2             60
              3             58
              4             56
              5             59
              6             59
              7             57
              8             54
              9             58
             10             58
             11             54
             12             55
             13             58
             14             59
             15             56
             16             55
                 charge before normalized = 288
                  charge after normalized = 288
                 charge before normalized = 288.000138779166
                  charge after normalized = 288
                 charge before normalized = 288.000138814465
                  charge after normalized = 288
                 charge before normalized = 288.000138780877
                  charge after normalized = 288
                 charge before normalized = 288.00013879243
                  charge after normalized = 288
                 charge before normalized = 288.000138791797
                  charge after normalized = 288
                 charge before normalized = 288.000138793002
                  charge after normalized = 288
                 charge before normalized = 288.000138792874
                  charge after normalized = 288
                 charge before normalized = 288.00013879261
                  charge after normalized = 288
                 charge before normalized = 288.000138792582
                  charge after normalized = 288
                 charge before normalized = 288.000138792625
                  charge after normalized = 288
                 charge before normalized = 288.000138792615
                  charge after normalized = 288
                 charge before normalized = 288.000138792636
                  charge after normalized = 288
                            startmag_type = 2
                       charge from rho_at = 3.95377434289291
                         charge should be = 4
                       charge from rho_at = 3.99303358802097
                         charge should be = 4

 SETUP ATOMIC RHO FOR SPIN 1
                 Electron number from rho = 288
           total electron number from rho = 288
                                should be = 288
                            startmag_type = 2
                       charge from rho_at = 3.95377434289291
                         charge should be = 4
                       charge from rho_at = 3.99303358802097
                         charge should be = 4

 SETUP ATOMIC RHO FOR SPIN 1
                 Electron number from rho = 288
           total electron number from rho = 288
                                should be = 288
      Processor           Atom
              1             59
              2             60
              3             58
              4             56
              5             59
              6             59
              7             57
              8             54
              9             58
             10             58
             11             54
             12             55
             13             58
             14             59
             15             56
             16             55
                 charge before normalized = 288
                  charge after normalized = 288
                 charge before normalized = 288.000138725878
                  charge after normalized = 288
                 charge before normalized = 288.000138720873
                  charge after normalized = 288
                 charge before normalized = 288.000138716135
                  charge after normalized = 288
                 charge before normalized = 288.000138711267
                  charge after normalized = 288
                 charge before normalized = 288.000138715147
                  charge after normalized = 288
                 charge before normalized = 288.000138712808
                  charge after normalized = 288
                 charge before normalized = 288.000138713477
                  charge after normalized = 288
                 charge before normalized = 288.000138713165
                  charge after normalized = 288
                 charge before normalized = 288.000138713245
                  charge after normalized = 288
                 charge before normalized = 288.000138713241
                  charge after normalized = 288
                 charge before normalized = 288.000138713253
                  charge after normalized = 288
                            startmag_type = 2
                       charge from rho_at = 3.95377434289291
                         charge should be = 4
                       charge from rho_at = 3.99303358802097
                         charge should be = 4

 SETUP ATOMIC RHO FOR SPIN 1
                 Electron number from rho = 288
           total electron number from rho = 288
                                should be = 288
                            startmag_type = 2
                       charge from rho_at = 3.95377434289291
                         charge should be = 4
                       charge from rho_at = 3.99303358802097
                         charge should be = 4

 SETUP ATOMIC RHO FOR SPIN 1
                 Electron number from rho = 288
           total electron number from rho = 288
                                should be = 288
      Processor           Atom
              1             59
              2             60
              3             58
              4             55
              5             59
              6             59
              7             57
              8             54
              9             58
             10             58
             11             54
             12             55
             13             58
             14             59
             15             57
             16             54
                 charge before normalized = 288
                  charge after normalized = 288
                 charge before normalized = 288.00013872027
                  charge after normalized = 288
                 charge before normalized = 288.000138739023
                  charge after normalized = 288
                 charge before normalized = 288.000138718857
                  charge after normalized = 288
                 charge before normalized = 288.000138723859
                  charge after normalized = 288
                 charge before normalized = 288.000138726306
                  charge after normalized = 288
                 charge before normalized = 288.000138725297
                  charge after normalized = 288
                 charge before normalized = 288.000138725489
                  charge after normalized = 288
                 charge before normalized = 288.000138725326
                  charge after normalized = 288
                 charge before normalized = 288.000138725473
                  charge after normalized = 288
                 charge before normalized = 288.000138725418
                  charge after normalized = 288
                 charge before normalized = 288.000138725435
                  charge after normalized = 288
                 charge before normalized = 288.000138725434
                  charge after normalized = 288
                            startmag_type = 2
                       charge from rho_at = 3.95377434289291
                         charge should be = 4
                       charge from rho_at = 3.99303358802097
                         charge should be = 4

 SETUP ATOMIC RHO FOR SPIN 1
                 Electron number from rho = 288
           total electron number from rho = 288
                                should be = 288
                            startmag_type = 2
                       charge from rho_at = 3.95377434289291
                         charge should be = 4
                       charge from rho_at = 3.99303358802097
                         charge should be = 4

 SETUP ATOMIC RHO FOR SPIN 1
                 Electron number from rho = 288
           total electron number from rho = 288
                                should be = 288
      Processor           Atom
              1             59
              2             60
              3             58
              4             55
              5             59
              6             58
              7             57
              8             54
              9             58
             10             58
             11             54
             12             55
             13             58
             14             59
             15             57
             16             54
                 charge before normalized = 288
                  charge after normalized = 288
                 charge before normalized = 288.000138563849
                  charge after normalized = 288
                 charge before normalized = 288.000138558474
                  charge after normalized = 288
                 charge before normalized = 288.000138581732
                  charge after normalized = 288
                 charge before normalized = 288.000138553212
                  charge after normalized = 288
                 charge before normalized = 288.000138564469
                  charge after normalized = 288
                 charge before normalized = 288.000138559972
                  charge after normalized = 288
                 charge before normalized = 288.000138560634
                  charge after normalized = 288
                 charge before normalized = 288.00013856054
                  charge after normalized = 288
                 charge before normalized = 288.000138560667
                  charge after normalized = 288
                 charge before normalized = 288.000138560612
                  charge after normalized = 288
                 charge before normalized = 288.000138560632
                  charge after normalized = 288
                 charge before normalized = 288.000138560625
                  charge after normalized = 288
