WARNING: Total thread number on this node mismatches with hardware availability. This may cause poor performance.
Info: Local MPI proc number: 16,OpenMP thread number: 1,Total thread number: 16,Local thread limit: 32
 *********************************************************
 *                                                       *
 *                  WELCOME TO ABACUS v3.0               *
 *                                                       *
 *            'Atomic-orbital Based Ab-initio            *
 *                  Computation at UStc'                 *
 *                                                       *
 *          Website: http://abacus.ustc.edu.cn/          *
 *                                                       *
 *********************************************************
 Mon May 22 14:16:29 2023
 MAKE THE DIR         : OUT.ABACUS/
 MAKE THE STRU DIR    : OUT.ABACUS/STRU/
 UNIFORM GRID DIM     : 120 * 120 * 128
 UNIFORM GRID DIM(BIG): 60 * 60 * 64
 DONE(0.102917   SEC) : SETUP UNITCELL
 DONE(0.112853   SEC) : INIT K-POINTS
 ---------------------------------------------------------
 Molecular Dynamics simulations
 ---------------------------------------------------------
 ENSEMBLE                 : Langevin
 Time interval(fs)        : 1
 ---------------------------------------------------------
 SPIN    KPOINTS         PROCESSORS  NBASE       
 1       36              16          1584        
 ---------------------------------------------------------
 Use Systematically Improvable Atomic bases
 ---------------------------------------------------------
 ELEMENT ORBITALS        NBASE       NATOM       XC          
 Si      3s3p2d-9au      22          36          
 C       3s3p2d-9au      22          36          
 ---------------------------------------------------------
 Initial plane wave basis and FFT box
 ---------------------------------------------------------
--------------------------------- INITVEL DONE ------------------------------------
 -------------------------------------------
 STEP OF MOLECULAR DYNAMICS : 0
 -------------------------------------------
 START CHARGE      : atomic
 DONE(10.5849    SEC) : INIT SCF
 ITER   ETOT(eV)       EDIFF(eV)      DRHO       TIME(s)    
 GE1    -9.378791e+03  0.000000e+00   2.743e-01  1.183e+02  
 GE2    -9.433794e+03  -5.500336e+01  1.498e-01  1.120e+02  
 GE3    -9.445353e+03  -1.155861e+01  3.040e-02  1.099e+02  
 GE4    -9.431498e+03  1.385469e+01   6.704e-02  1.121e+02  
 GE5    -9.452058e+03  -2.056010e+01  9.447e-03  1.099e+02  
 GE6    -9.452178e+03  -1.197633e-01  4.729e-03  1.119e+02  
 GE7    -9.452221e+03  -4.277162e-02  2.229e-03  1.107e+02  
 GE8    -9.452236e+03  -1.500409e-02  1.728e-03  1.141e+02  
 GE9    -9.452230e+03  5.677910e-03   1.260e-03  1.121e+02  
 GE10   -9.452231e+03  -1.570827e-03  5.418e-04  1.100e+02  
 GE11   -9.452233e+03  -1.066451e-03  2.871e-04  1.116e+02  
 GE12   -9.452233e+03  -2.346900e-04  8.948e-05  1.102e+02  
 GE13   -9.452233e+03  -1.553756e-05  2.323e-05  1.121e+02  
 GE14   -9.452233e+03  -1.312118e-06  9.260e-06  1.100e+02  
 GE15   -9.452233e+03  -2.032666e-07  7.900e-06  1.126e+02  
 GE16   -9.452233e+03  -1.722767e-07  2.742e-06  1.115e+02  
 GE17   -9.452233e+03  -1.440370e-08  1.866e-06  1.128e+02  
 GE18   -9.452233e+03  -1.290022e-09  9.820e-07  1.121e+02  
 ><><><><><><><><><><><><><><><><><><><><><><
 TOTAL-STRESS (KBAR):
 ><><><><><><><><><><><><><><><><><><><><><><
 2.629e+01      -1.514e+01     2.298e+01      
 -1.514e+01     -6.285e+01     1.727e+01      
 2.298e+01      1.727e+01      1.422e+02      
 TOTAL-PRESSURE: 3.523e+01 KBAR
 ------------------------------------------------------------------------------------------------
 Energy              Potential           Kinetic             Temperature         Pressure (KBAR)     
 -3.474e+02          -3.474e+02          3.373e-03           1.000e+01           3.536e+01           
 ------------------------------------------------------------------------------------------------
 -------------------------------------------
 STEP OF MOLECULAR DYNAMICS : 1
 -------------------------------------------
 DONE(2.130e+03  SEC) : INIT SCF
 ITER   ETOT(eV)       EDIFF(eV)      DRHO       TIME(s)    
 GE1    -9.452311e+03  0.000000e+00   5.048e-04  1.173e+02  
 GE2    -9.452310e+03  7.995101e-04   4.622e-04  1.095e+02  
 GE3    -9.452311e+03  -9.077094e-04  4.193e-04  1.114e+02  
 GE4    -9.452312e+03  -5.857316e-04  9.115e-05  1.102e+02  
 GE5    -9.452312e+03  -1.614643e-05  3.321e-05  1.138e+02  
 GE6    -9.452312e+03  -3.166048e-06  2.010e-05  1.094e+02  
 GE7    -9.452312e+03  -1.027359e-06  7.587e-06  1.095e+02  
 GE8    -9.452312e+03  -1.859998e-07  2.252e-06  1.064e+02  
 GE9    -9.452312e+03  -1.940911e-08  1.331e-06  1.057e+02  
 GE10   -9.452312e+03  -4.368132e-09  3.790e-07  1.055e+02  
 ><><><><><><><><><><><><><><><><><><><><><><
 TOTAL-STRESS (KBAR):
 ><><><><><><><><><><><><><><><><><><><><><><
 2.639e+01      -1.515e+01     2.300e+01      
 -1.515e+01     -6.283e+01     1.733e+01      
 2.300e+01      1.733e+01      1.410e+02      
 TOTAL-PRESSURE: 3.484e+01 KBAR
 ------------------------------------------------------------------------------------------------
 Energy              Potential           Kinetic             Temperature         Pressure (KBAR)     
 -3.474e+02          -3.474e+02          8.172e-03           2.423e+01           3.516e+01           
 ------------------------------------------------------------------------------------------------
 -------------------------------------------
 STEP OF MOLECULAR DYNAMICS : 2
 -------------------------------------------
 DONE(3.330e+03  SEC) : INIT SCF
 ITER   ETOT(eV)       EDIFF(eV)      DRHO       TIME(s)    
 GE1    -9.452400e+03  0.000000e+00   1.568e-03  1.114e+02  
 GE2    -9.452400e+03  3.271718e-04   9.787e-04  1.054e+02  
 GE3    -9.452402e+03  -2.562310e-03  8.310e-04  1.054e+02  
 GE4    -9.452404e+03  -1.882617e-03  1.965e-04  1.055e+02  
 GE5    -9.452404e+03  -8.901800e-05  1.260e-04  1.056e+02  
 GE6    -9.452404e+03  -5.865859e-05  5.398e-05  1.053e+02  
 GE7    -9.452404e+03  -1.019290e-05  2.464e-05  1.055e+02  
 GE8    -9.452404e+03  -2.383645e-06  5.713e-06  1.056e+02  
 GE9    -9.452404e+03  -1.113363e-07  1.733e-06  1.056e+02  
 GE10   -9.452404e+03  -6.515074e-09  5.699e-07  1.056e+02  
 ><><><><><><><><><><><><><><><><><><><><><><
 TOTAL-STRESS (KBAR):
 ><><><><><><><><><><><><><><><><><><><><><><
 2.649e+01      -1.482e+01     2.278e+01      
 -1.482e+01     -6.301e+01     1.730e+01      
 2.278e+01      1.730e+01      1.396e+02      
 TOTAL-PRESSURE: 3.437e+01 KBAR
 ------------------------------------------------------------------------------------------------
 Energy              Potential           Kinetic             Temperature         Pressure (KBAR)     
 -3.473e+02          -3.474e+02          2.164e-02           6.417e+01           3.520e+01           
 ------------------------------------------------------------------------------------------------
 -------------------------------------------
 STEP OF MOLECULAR DYNAMICS : 3
 -------------------------------------------
 DONE(4.493e+03  SEC) : INIT SCF
 ITER   ETOT(eV)       EDIFF(eV)      DRHO       TIME(s)    
 GE1    -9.452546e+03  0.000000e+00   1.999e-03  1.114e+02  
 GE2    -9.452542e+03  3.977240e-03   1.383e-03  1.057e+02  
 GE3    -9.452547e+03  -5.157594e-03  1.328e-03  1.058e+02  
 GE4    -9.452553e+03  -5.812490e-03  3.100e-04  1.056e+02  
 GE5    -9.452553e+03  -2.677975e-04  1.599e-04  1.056e+02  
 GE6    -9.452553e+03  -8.692272e-05  6.899e-05  1.056e+02  
 GE7    -9.452553e+03  -1.435161e-05  2.902e-05  1.056e+02  
 GE8    -9.452553e+03  -2.826439e-06  7.957e-06  1.055e+02  
 GE9    -9.452553e+03  -2.211521e-07  3.510e-06  1.057e+02  
 GE10   -9.452553e+03  -4.078882e-08  1.413e-06  1.071e+02  
 GE11   -9.452553e+03  -5.112137e-09  6.258e-07  1.082e+02  
 ><><><><><><><><><><><><><><><><><><><><><><
 TOTAL-STRESS (KBAR):
 ><><><><><><><><><><><><><><><><><><><><><><
 2.765e+01      -1.424e+01     2.266e+01      
 -1.424e+01     -6.311e+01     1.772e+01      
 2.266e+01      1.772e+01      1.365e+02      
 TOTAL-PRESSURE: 3.367e+01 KBAR
 ------------------------------------------------------------------------------------------------
 Energy              Potential           Kinetic             Temperature         Pressure (KBAR)     
 -3.473e+02          -3.474e+02          2.633e-02           7.808e+01           3.468e+01           
 ------------------------------------------------------------------------------------------------
 -------------------------------------------
 STEP OF MOLECULAR DYNAMICS : 4
 -------------------------------------------
 DONE(5.767e+03  SEC) : INIT SCF
 ITER   ETOT(eV)       EDIFF(eV)      DRHO       TIME(s)    
 GE1    -9.452593e+03  0.000000e+00   2.453e-03  1.116e+02  
 GE2    -9.452589e+03  3.114953e-03   1.532e-03  1.056e+02  
 GE3    -9.452596e+03  -6.226953e-03  1.445e-03  1.057e+02  
 GE4    -9.452602e+03  -6.523311e-03  3.274e-04  1.057e+02  
 GE5    -9.452602e+03  -2.516661e-04  2.153e-04  1.056e+02  
 GE6    -9.452603e+03  -1.746913e-04  9.132e-05  1.057e+02  
 GE7    -9.452603e+03  -2.750601e-05  3.557e-05  1.058e+02  
 GE8    -9.452603e+03  -4.384351e-06  7.649e-06  1.057e+02  
 GE9    -9.452603e+03  -1.584190e-07  3.176e-06  1.056e+02  
 GE10   -9.452603e+03  -3.331319e-08  1.580e-06  1.057e+02  
 GE11   -9.452603e+03  -5.936575e-09  6.614e-07  1.057e+02  
 ><><><><><><><><><><><><><><><><><><><><><><
 TOTAL-STRESS (KBAR):
 ><><><><><><><><><><><><><><><><><><><><><><
 2.746e+01      -1.368e+01     2.318e+01      
 -1.368e+01     -6.254e+01     1.809e+01      
 2.318e+01      1.809e+01      1.352e+02      
 TOTAL-PRESSURE: 3.336e+01 KBAR
 ------------------------------------------------------------------------------------------------
 Energy              Potential           Kinetic             Temperature         Pressure (KBAR)     
 -3.473e+02          -3.474e+02          3.927e-02           1.164e+02           3.487e+01           
 ------------------------------------------------------------------------------------------------
 -------------------------------------------
 STEP OF MOLECULAR DYNAMICS : 5
 -------------------------------------------
 DONE(7.038e+03  SEC) : INIT SCF
 ITER   ETOT(eV)       EDIFF(eV)      DRHO       TIME(s)    
 GE1    -9.452624e+03  0.000000e+00   2.676e-03  1.115e+02  
 GE2    -9.452620e+03  3.488626e-03   1.650e-03  1.056e+02  
 GE3    -9.452627e+03  -6.636170e-03  1.561e-03  1.055e+02  
 GE4    -9.452635e+03  -7.819819e-03  3.835e-04  1.055e+02  
 GE5    -9.452635e+03  -3.667827e-04  2.405e-04  1.055e+02  
 GE6    -9.452636e+03  -2.218397e-04  1.118e-04  1.054e+02  
 GE7    -9.452636e+03  -3.946788e-05  3.534e-05  1.056e+02  
 GE8    -9.452636e+03  -4.373329e-06  7.150e-06  1.056e+02  
 GE9    -9.452636e+03  -1.338220e-07  3.286e-06  1.054e+02  
 GE10   -9.452636e+03  -2.928690e-08  1.405e-06  1.055e+02  
 GE11   -9.452636e+03  -2.903323e-09  7.582e-07  1.056e+02  
 ><><><><><><><><><><><><><><><><><><><><><><
 TOTAL-STRESS (KBAR):
 ><><><><><><><><><><><><><><><><><><><><><><
 2.835e+01      -1.307e+01     2.338e+01      
 -1.307e+01     -6.347e+01     1.764e+01      
 2.338e+01      1.764e+01      1.349e+02      
 TOTAL-PRESSURE: 3.328e+01 KBAR
 ------------------------------------------------------------------------------------------------
 Energy              Potential           Kinetic             Temperature         Pressure (KBAR)     
 -3.473e+02          -3.474e+02          4.614e-02           1.368e+02           3.505e+01           
 ------------------------------------------------------------------------------------------------
 -------------------------------------------
 STEP OF MOLECULAR DYNAMICS : 6
 -------------------------------------------
 DONE(8.307e+03  SEC) : INIT SCF
 ITER   ETOT(eV)       EDIFF(eV)      DRHO       TIME(s)    
 GE1    -9.452733e+03  0.000000e+00   2.833e-03  1.114e+02  
 GE2    -9.452732e+03  2.189864e-04   1.708e-03  1.056e+02  
 GE3    -9.452739e+03  -6.693641e-03  1.390e-03  1.056e+02  
 GE4    -9.452745e+03  -5.738597e-03  4.062e-04  1.056e+02  
 GE5    -9.452745e+03  -4.638296e-04  2.389e-04  1.058e+02  
 GE6    -9.452746e+03  -2.369540e-04  1.090e-04  1.056e+02  
 GE7    -9.452746e+03  -3.752045e-05  3.194e-05  1.056e+02  
 GE8    -9.452746e+03  -3.798299e-06  1.060e-05  1.057e+02  
 GE9    -9.452746e+03  -3.675495e-07  3.968e-06  1.056e+02  
 GE10   -9.452746e+03  -3.830777e-08  1.221e-06  1.147e+02  
 GE11   -9.452746e+03  -5.296205e-09  1.038e-06  1.236e+02  
 GE12   -9.452746e+03  -3.580816e-09  2.562e-07  1.238e+02  
 ><><><><><><><><><><><><><><><><><><><><><><
 TOTAL-STRESS (KBAR):
 ><><><><><><><><><><><><><><><><><><><><><><
 2.828e+01      -1.272e+01     2.410e+01      
 -1.272e+01     -6.288e+01     1.778e+01      
 2.410e+01      1.778e+01      1.328e+02      
 TOTAL-PRESSURE: 3.273e+01 KBAR
 ------------------------------------------------------------------------------------------------
 Energy              Potential           Kinetic             Temperature         Pressure (KBAR)     
 -3.473e+02          -3.474e+02          6.709e-02           1.989e+02           3.531e+01           
 ------------------------------------------------------------------------------------------------
 -------------------------------------------
 STEP OF MOLECULAR DYNAMICS : 7
 -------------------------------------------
 DONE(9.741e+03  SEC) : INIT SCF
 ITER   ETOT(eV)       EDIFF(eV)      DRHO       TIME(s)    
 GE1    -9.452824e+03  0.000000e+00   3.515e-03  1.296e+02  
 GE2    -9.452812e+03  1.178023e-02   2.237e-03  1.230e+02  
 GE3    -9.452828e+03  -1.607573e-02  2.188e-03  1.233e+02  
 GE4    -9.452844e+03  -1.575444e-02  4.655e-04  1.230e+02  
 GE5    -9.452844e+03  -5.308382e-04  2.901e-04  1.238e+02  
 GE6    -9.452845e+03  -3.021529e-04  1.357e-04  1.238e+02  
 GE7    -9.452845e+03  -5.704987e-05  4.625e-05  1.236e+02  
 GE8    -9.452845e+03  -7.716208e-06  1.172e-05  1.232e+02  
 GE9    -9.452845e+03  -4.052618e-07  5.289e-06  1.230e+02  
 GE10   -9.452845e+03  -8.287849e-08  2.197e-06  1.229e+02  
 GE11   -9.452845e+03  -2.104251e-08  1.199e-06  1.236e+02  
 GE12   -9.452845e+03  -3.136888e-09  3.842e-07  1.222e+02  
 ><><><><><><><><><><><><><><><><><><><><><><
 TOTAL-STRESS (KBAR):
 ><><><><><><><><><><><><><><><><><><><><><><
 2.796e+01      -1.108e+01     2.525e+01      
 -1.108e+01     -6.182e+01     1.789e+01      
 2.525e+01      1.789e+01      1.302e+02      
 TOTAL-PRESSURE: 3.211e+01 KBAR
 ------------------------------------------------------------------------------------------------
 Energy              Potential           Kinetic             Temperature         Pressure (KBAR)     
 -3.473e+02          -3.474e+02          7.850e-02           2.328e+02           3.513e+01           
 ------------------------------------------------------------------------------------------------
 -------------------------------------------
 STEP OF MOLECULAR DYNAMICS : 8
 -------------------------------------------
 DONE(1.134e+04  SEC) : INIT SCF
 ITER   ETOT(eV)       EDIFF(eV)      DRHO       TIME(s)    
 GE1    -9.452777e+03  0.000000e+00   3.723e-03  1.296e+02  
 GE2    -9.452776e+03  1.062213e-03   2.178e-03  1.236e+02  
 GE3    -9.452788e+03  -1.158300e-02  1.830e-03  1.239e+02  
 GE4    -9.452799e+03  -1.096599e-02  4.910e-04  1.233e+02  
 GE5    -9.452799e+03  -6.057823e-04  2.945e-04  1.236e+02  
 GE6    -9.452800e+03  -3.436607e-04  1.275e-04  1.235e+02  
 GE7    -9.452800e+03  -5.374183e-05  4.552e-05  1.228e+02  
 GE8    -9.452800e+03  -7.935124e-06  1.193e-05  1.234e+02  
 GE9    -9.452800e+03  -4.371333e-07  3.726e-06  1.238e+02  
 GE10   -9.452800e+03  -3.321574e-08  1.581e-06  1.234e+02  
 GE11   -9.452800e+03  -5.444697e-10  9.267e-07  1.234e+02  
 ><><><><><><><><><><><><><><><><><><><><><><
 TOTAL-STRESS (KBAR):
 ><><><><><><><><><><><><><><><><><><><><><><
 2.656e+01      -1.051e+01     2.564e+01      
 -1.051e+01     -6.171e+01     1.693e+01      
 2.564e+01      1.693e+01      1.313e+02      
 TOTAL-PRESSURE: 3.207e+01 KBAR
 ------------------------------------------------------------------------------------------------
 Energy              Potential           Kinetic             Temperature         Pressure (KBAR)     
 -3.473e+02          -3.474e+02          7.429e-02           2.203e+02           3.493e+01           
 ------------------------------------------------------------------------------------------------
 -------------------------------------------
 STEP OF MOLECULAR DYNAMICS : 9
 -------------------------------------------
 DONE(1.282e+04  SEC) : INIT SCF
 ITER   ETOT(eV)       EDIFF(eV)      DRHO       TIME(s)    
 GE1    -9.452856e+03  0.000000e+00   3.669e-03  1.299e+02  
 GE2    -9.452850e+03  6.188915e-03   2.415e-03  1.237e+02  
 GE3    -9.452866e+03  -1.646391e-02  2.131e-03  1.237e+02  
 GE4    -9.452879e+03  -1.263418e-02  4.675e-04  1.234e+02  
 GE5    -9.452879e+03  -4.552756e-04  2.752e-04  1.230e+02  
 GE6    -9.452880e+03  -2.837883e-04  1.418e-04  1.233e+02  
 GE7    -9.452880e+03  -7.071146e-05  5.088e-05  1.234e+02  
 GE8    -9.452880e+03  -9.185333e-06  1.275e-05  1.232e+02  
 GE9    -9.452880e+03  -4.963877e-07  4.885e-06  1.230e+02  
 GE10   -9.452880e+03  -5.613296e-08  1.407e-06  1.233e+02  
 GE11   -9.452880e+03  1.427686e-09   9.774e-07  1.235e+02  
 ><><><><><><><><><><><><><><><><><><><><><><
 TOTAL-STRESS (KBAR):
 ><><><><><><><><><><><><><><><><><><><><><><
 2.646e+01      -1.116e+01     2.519e+01      
 -1.116e+01     -6.153e+01     1.726e+01      
 2.519e+01      1.726e+01      1.301e+02      
 TOTAL-PRESSURE: 3.167e+01 KBAR
 ------------------------------------------------------------------------------------------------
 Energy              Potential           Kinetic             Temperature         Pressure (KBAR)     
 -3.473e+02          -3.474e+02          8.045e-02           2.385e+02           3.477e+01           
 ------------------------------------------------------------------------------------------------
 -------------------------------------------
 STEP OF MOLECULAR DYNAMICS : 10
 -------------------------------------------
 DONE(1.430e+04  SEC) : INIT SCF
 ITER   ETOT(eV)       EDIFF(eV)      DRHO       TIME(s)    
 GE1    -9.452934e+03  0.000000e+00   3.643e-03  1.300e+02  
 GE2    -9.452928e+03  6.436292e-03   2.246e-03  1.233e+02  
 GE3    -9.452942e+03  -1.350390e-02  2.082e-03  1.232e+02  
 GE4    -9.452955e+03  -1.363558e-02  5.371e-04  1.235e+02  
 GE5    -9.452956e+03  -8.548472e-04  3.458e-04  1.228e+02  
 GE6    -9.452956e+03  -4.240795e-04  1.253e-04  1.233e+02  
 GE7    -9.452957e+03  -4.626884e-05  5.076e-05  1.235e+02  
 GE8    -9.452957e+03  -9.001356e-06  1.184e-05  1.236e+02  
 GE9    -9.452957e+03  -3.862950e-07  5.464e-06  1.230e+02  
 GE10   -9.452957e+03  -1.030904e-07  2.611e-06  1.232e+02  
 GE11   -9.452957e+03  -2.788396e-08  1.080e-06  1.232e+02  
 GE12   -9.452957e+03  -3.019332e-09  3.207e-07  1.230e+02  
 ><><><><><><><><><><><><><><><><><><><><><><
 TOTAL-STRESS (KBAR):
 ><><><><><><><><><><><><><><><><><><><><><><
 2.455e+01      -1.183e+01     2.567e+01      
 -1.183e+01     -6.008e+01     1.715e+01      
 2.567e+01      1.715e+01      1.295e+02      
 TOTAL-PRESSURE: 3.133e+01 KBAR
 ------------------------------------------------------------------------------------------------
 Energy              Potential           Kinetic             Temperature         Pressure (KBAR)     
 -3.473e+02          -3.474e+02          1.070e-01           3.172e+02           3.545e+01           
 ------------------------------------------------------------------------------------------------

  |CLASS_NAME---------|NAME---------------|TIME(Sec)-----|CALLS----|AVG------|PER%-------
                       total               15893          27        5.9e+02   1e+02     %
   Driver              driver_line         15893          1         1.6e+04   1e+02     %
   PW_Basis            setup_struc_factor  1.1954         11        0.11      0.0075    %
   ORB_control         read_orb_first      0.1795         1         0.18      0.0011    %
   LCAO_Orbitals       Read_Orbitals       0.17949        1         0.18      0.0011    %
   NOrbital_Lm         extra_uniform       0.10268        16        0.0064    0.00065   %
   ORB_control         set_orb_tables      8.1314         1         8.1       0.051     %
   ORB_gen_tables      gen_tables          8.1314         1         8.1       0.051     %
   ORB_table_phi       init_Table          6.3777         1         6.4       0.04      %
   ORB_table_phi       cal_ST_Phi12_R      6.348          558       0.011     0.04      %
   ORB_table_beta      init_Table_Beta     1.563          1         1.6       0.0098    %
   ORB_table_beta      VNL_PhiBeta_R       1.5563         168       0.0093    0.0098    %
   ppcell_vl           init_vloc           0.25551        1         0.26      0.0016    %
   Run_MD              md_line             15884          1         1.6e+04   1e+02     %
   Langevin            setup               2118.1         1         2.1e+03   13        %
   MD_func             force_stress        15884          11        1.4e+03   1e+02     %
   ESolver_KS_LCAO     Run                 14725          11        1.3e+03   93        %
   ESolver_KS_LCAO     beforescf           27.938         11        2.5       0.18      %
   ESolver_KS_LCAO     beforesolver        9.9329         11        0.9       0.062     %
   ESolver_KS_LCAO     set_matrix_grid     6.395          11        0.58      0.04      %
   Grid_Technique      init                3.5353         11        0.32      0.022     %
   Grid_BigCell        grid_expansion_index0.91166        22        0.041     0.0057    %
   Record_adj          for_2d              2.5192         11        0.23      0.016     %
   Grid_Driver         Find_atom           18.88          699192    2.7e-05   0.12      %
   Charge              atomic_rho          15.731         21        0.75      0.099     %
   PW_Basis            recip2real          4.8631         765       0.0064    0.031     %
   PW_Basis            gathers_scatterp    3.3647         765       0.0044    0.021     %
   Potential           init_pot            1.0717         11        0.097     0.0067    %
   Potential           update_from_charge  12.602         140       0.09      0.079     %
   Potential           cal_v_eff           12.544         140       0.09      0.079     %
   H_Hartree_pw        v_hartree           1.439          140       0.01      0.0091    %
   PW_Basis            real2recip          4.1265         1164      0.0035    0.026     %
   PW_Basis            gatherp_scatters    1.7633         1164      0.0015    0.011     %
   PotXC               cal_v_eff           10.993         140       0.079     0.069     %
   XC_Functional       v_xc                10.927         140       0.078     0.069     %
   HSolverLCAO         solve               14672          129       1.1e+02   92        %
   HamiltLCAO          updateHk            5372.8         4644      1.2       34        %
   OperatorLCAO        init                4629.6         9288      0.5       29        %
   Veff                contributeHk        4626.5         4644      1         29        %
   Gint_interface      cal_gint            7458.8         269       28        47        %
   Gint_interface      cal_gint_vlocal     3634.2         129       28        23        %
   Gint_k              folding_vl_k        992.34         4644      0.21      6.2       %
   Gint_k              Distri              692.27         4644      0.15      4.4       %
   Overlap             contributeHR        4.735          11        0.43      0.03      %
   LCAO_gen_fixedH     calculate_S_no      4.7349         11        0.43      0.03      %
   Ekinetic<OperatorLCAO>contributeHR        4.8099         11        0.44      0.03      %
   Nonlocal<OperatorLCAO>contributeHR        51.236         11        4.7       0.32      %
   LCAO_gen_fixedH     build_Nonlocal_mu_new160.69         22        7.3       1         %
   ORB_gen_tables      snap_psibeta_half   3.4453         1251783   2.8e-06   0.022     %
   OperatorLCAO        folding_fixed       682.42         4644      0.15      4.3       %
   LCAO_nnr            folding_fixedH      673.52         4644      0.15      4.2       %
   HSolverLCAO         hamiltSolvePsiK     2119.9         4644      0.46      13        %
   DiagoElpa           elpa_solve          2101.3         4644      0.45      13        %
   ElecStateLCAO       psiToRho            7179.5         129       56        45        %
   elecstate           cal_dm              288.73         140       2.1       1.8       %
   psiMulPsiMpi        pdgemm              282.43         5040      0.056     1.8       %
    Local_Orbital_wfc  wfc_2d_to_grid      36.483         4644      0.0079    0.23      %
   LCAO_Charge         cal_dk_k            3600.9         129       28        23        %
   Record_adj          for_grid            0.70695        129       0.0055    0.0044    %
   Gint_interface      cal_gint_rho        3193           129       25        20        %
   Charge              mix_rho             1.9538         118       0.017     0.012     %
   Force_Stress_LCAO   getForceStress      1158.6         11        1.1e+02   7.3       %
   Forces              cal_force_loc       0.94729        11        0.086     0.006     %
   Forces              cal_force_ew        0.89947        11        0.082     0.0057    %
   Forces              cal_force_scc       7.792          11        0.71      0.049     %
   Stress_Func         stress_loc          6.1695         11        0.56      0.039     %
   Stress_Func         stress_ewa          0.40748        11        0.037     0.0026    %
   Stress_Func         stress_gga          0.5144         11        0.047     0.0032    %
   Force_LCAO_k        ftable_k            1141.8         11        1e+02     7.2       %
   Force_LCAO_k        allocate_k          140.9          11        13        0.89      %
   Force_LCAO_k        cal_foverlap_k      38.05          11        3.5       0.24      %
   Force_LCAO_k        cal_edm_2d          37.042         11        3.4       0.23      %
   Local_Orbital_Chargecal_dm_R            12.834         22        0.58      0.081     %
   Force_LCAO_k        cal_ftvnl_dphi_k    0.32756        11        0.03      0.0021    %
   Force_LCAO_k        cal_fvl_dphi_k      631.64         11        57        4         %
   Gint_interface      cal_gint_force      631.64         11        57        4         %
   Force_LCAO_k        cal_fvnl_dbeta_k_new290.97         11        26        1.8       %
 ----------------------------------------------------------------------------------------

 START  Time  : Mon May 22 14:16:29 2023
 FINISH Time  : Mon May 22 18:41:23 2023
 TOTAL  Time  : 1.6e+04
 SEE INFORMATION IN : OUT.ABACUS/
