 Input  warning : gamma_only_local algorithm is not used.
 In SCAN_BEGIN, can't find: LATTICE_PARAMETERS block.
 AUTO_SET NBANDS to 0
 AUTO_SET NBANDS to 173
 cpu 2D distribution : 4*4
 but, the number of bands-row-block is 3
      Processor           Atom
              1             58
              2             59
              3             56
              4             54
              5             59
              6             59
              7             57
              8             54
              9             57
             10             59
             11             58
             12             53
             13             58
             14             59
             15             57
             16             56
                            startmag_type = 2
                       charge from rho_at = 3.95377
                         charge should be = 4
                       charge from rho_at = 3.99303
                         charge should be = 4

 SETUP ATOMIC RHO FOR SPIN 1
                 Electron number from rho = 288
           total electron number from rho = 288
                                should be = 288
                 charge before normalized = 288
                  charge after normalized = 288
                 charge before normalized = 288.000113252478
                  charge after normalized = 288
                 charge before normalized = 288.000162150181
                  charge after normalized = 288
                 charge before normalized = 288.000134210037
                  charge after normalized = 288
                 charge before normalized = 288.000136304286
                  charge after normalized = 288
                 charge before normalized = 288.000134631099
                  charge after normalized = 288
                 charge before normalized = 288.00013461069
                  charge after normalized = 288
                 charge before normalized = 288.000134679021
                  charge after normalized = 288
                 charge before normalized = 288.000134721126
                  charge after normalized = 288
                 charge before normalized = 288.000134726866
                  charge after normalized = 288
                 charge before normalized = 288.000134731247
                  charge after normalized = 288
                 charge before normalized = 288.000134731297
                  charge after normalized = 288
                 charge before normalized = 288.000134732738
                  charge after normalized = 288
                 charge before normalized = 288.000134733301
                  charge after normalized = 288
                 charge before normalized = 288.000134733473
                  charge after normalized = 288
                 charge before normalized = 288.000134733343
                  charge after normalized = 288
                 charge before normalized = 288.000134733309
                  charge after normalized = 288
                            startmag_type = 2
                       charge from rho_at = 3.95377434289291
                         charge should be = 4
                       charge from rho_at = 3.99303358802097
                         charge should be = 4

 SETUP ATOMIC RHO FOR SPIN 1
                 Electron number from rho = 288
           total electron number from rho = 288
                                should be = 288
                            startmag_type = 2
                       charge from rho_at = 3.95377434289291
                         charge should be = 4
                       charge from rho_at = 3.99303358802097
                         charge should be = 4

 SETUP ATOMIC RHO FOR SPIN 1
                 Electron number from rho = 288
           total electron number from rho = 288
                                should be = 288
      Processor           Atom
              1             58
              2             59
              3             56
              4             54
              5             59
              6             58
              7             57
              8             54
              9             58
             10             59
             11             58
             12             53
             13             58
             14             59
             15             57
             16             56
                 charge before normalized = 288
                  charge after normalized = 288
                 charge before normalized = 288.000134692405
                  charge after normalized = 288
                 charge before normalized = 288.000134693708
                  charge after normalized = 288
                 charge before normalized = 288.000134692265
                  charge after normalized = 288
                 charge before normalized = 288.000134693637
                  charge after normalized = 288
                 charge before normalized = 288.000134693138
                  charge after normalized = 288
                 charge before normalized = 288.000134693284
                  charge after normalized = 288
                 charge before normalized = 288.000134693344
                  charge after normalized = 288
                 charge before normalized = 288.000134693325
                  charge after normalized = 288
                 charge before normalized = 288.000134693323
                  charge after normalized = 288
                            startmag_type = 2
                       charge from rho_at = 3.95377434289291
                         charge should be = 4
                       charge from rho_at = 3.99303358802097
                         charge should be = 4

 SETUP ATOMIC RHO FOR SPIN 1
                 Electron number from rho = 288
           total electron number from rho = 288
                                should be = 288
                            startmag_type = 2
                       charge from rho_at = 3.95377434289291
                         charge should be = 4
                       charge from rho_at = 3.99303358802097
                         charge should be = 4

 SETUP ATOMIC RHO FOR SPIN 1
                 Electron number from rho = 288
           total electron number from rho = 288
                                should be = 288
      Processor           Atom
              1             58
              2             59
              3             56
              4             54
              5             59
              6             59
              7             57
              8             54
              9             57
             10             59
             11             58
             12             53
             13             58
             14             59
             15             57
             16             56
                 charge before normalized = 287.999999999999
                  charge after normalized = 288
                 charge before normalized = 288.000134838602
                  charge after normalized = 288
                 charge before normalized = 288.000134841402
                  charge after normalized = 288
                 charge before normalized = 288.000134840159
                  charge after normalized = 288
                 charge before normalized = 288.000134839164
                  charge after normalized = 288
                 charge before normalized = 288.000134839866
                  charge after normalized = 288
                 charge before normalized = 288.000134839396
                  charge after normalized = 288
                 charge before normalized = 288.000134839874
                  charge after normalized = 288
                 charge before normalized = 288.000134839657
                  charge after normalized = 288
                 charge before normalized = 288.00013483963
                  charge after normalized = 288
                 charge before normalized = 288.000134839655
                  charge after normalized = 288
                 charge before normalized = 288.000134839659
                  charge after normalized = 288
                            startmag_type = 2
                       charge from rho_at = 3.95377434289291
                         charge should be = 4
                       charge from rho_at = 3.99303358802097
                         charge should be = 4

 SETUP ATOMIC RHO FOR SPIN 1
                 Electron number from rho = 288
           total electron number from rho = 288
                                should be = 288
                            startmag_type = 2
                       charge from rho_at = 3.95377434289291
                         charge should be = 4
                       charge from rho_at = 3.99303358802097
                         charge should be = 4

 SETUP ATOMIC RHO FOR SPIN 1
                 Electron number from rho = 288
           total electron number from rho = 288
                                should be = 288
      Processor           Atom
              1             58
              2             59
              3             56
              4             54
              5             59
              6             59
              7             57
              8             54
              9             57
             10             59
             11             58
             12             53
             13             58
             14             59
             15             57
             16             56
                 charge before normalized = 288
                  charge after normalized = 288
                 charge before normalized = 288.000134849805
                  charge after normalized = 288
                 charge before normalized = 288.000134854867
                  charge after normalized = 288
                 charge before normalized = 288.000134846483
                  charge after normalized = 288
                 charge before normalized = 288.000134849213
                  charge after normalized = 288
                 charge before normalized = 288.000134848616
                  charge after normalized = 288
                 charge before normalized = 288.000134849541
                  charge after normalized = 288
                 charge before normalized = 288.000134848954
                  charge after normalized = 288
                 charge before normalized = 288.00013484905
                  charge after normalized = 288
                 charge before normalized = 288.000134849059
                  charge after normalized = 288
                 charge before normalized = 288.000134849062
                  charge after normalized = 288
                            startmag_type = 2
                       charge from rho_at = 3.95377434289291
                         charge should be = 4
                       charge from rho_at = 3.99303358802097
                         charge should be = 4

 SETUP ATOMIC RHO FOR SPIN 1
                 Electron number from rho = 288
           total electron number from rho = 288
                                should be = 288
                            startmag_type = 2
                       charge from rho_at = 3.95377434289291
                         charge should be = 4
                       charge from rho_at = 3.99303358802097
                         charge should be = 4

 SETUP ATOMIC RHO FOR SPIN 1
                 Electron number from rho = 288
           total electron number from rho = 288
                                should be = 288
      Processor           Atom
              1             58
              2             59
              3             56
              4             54
              5             59
              6             59
              7             56
              8             54
              9             57
             10             59
             11             58
             12             53
             13             58
             14             59
             15             57
             16             56
                 charge before normalized = 288
                  charge after normalized = 288
                 charge before normalized = 288.000134832113
                  charge after normalized = 288
                 charge before normalized = 288.00013484207
                  charge after normalized = 288
                 charge before normalized = 288.000134827865
                  charge after normalized = 288
                 charge before normalized = 288.000134836844
                  charge after normalized = 288
                 charge before normalized = 288.000134833641
                  charge after normalized = 288
                 charge before normalized = 288.000134834751
                  charge after normalized = 288
                 charge before normalized = 288.000134835068
                  charge after normalized = 288
                 charge before normalized = 288.000134834818
                  charge after normalized = 288
                 charge before normalized = 288.000134834723
                  charge after normalized = 288
                 charge before normalized = 288.000134834779
                  charge after normalized = 288
                 charge before normalized = 288.000134834784
                  charge after normalized = 288
                            startmag_type = 2
                       charge from rho_at = 3.95377434289291
                         charge should be = 4
                       charge from rho_at = 3.99303358802097
                         charge should be = 4

 SETUP ATOMIC RHO FOR SPIN 1
                 Electron number from rho = 288
           total electron number from rho = 288
                                should be = 288
                            startmag_type = 2
                       charge from rho_at = 3.95377434289291
                         charge should be = 4
                       charge from rho_at = 3.99303358802097
                         charge should be = 4

 SETUP ATOMIC RHO FOR SPIN 1
                 Electron number from rho = 288
           total electron number from rho = 288
                                should be = 288
      Processor           Atom
              1             58
              2             59
              3             56
              4             54
              5             59
              6             58
              7             56
              8             54
              9             57
             10             59
             11             58
             12             53
             13             58
             14             59
             15             57
             16             56
                 charge before normalized = 288
                  charge after normalized = 288
                 charge before normalized = 288.000134818736
                  charge after normalized = 288
                 charge before normalized = 288.000134820681
                  charge after normalized = 288
                 charge before normalized = 288.000134816
                  charge after normalized = 288
                 charge before normalized = 288.000134814925
                  charge after normalized = 288
                 charge before normalized = 288.000134816466
                  charge after normalized = 288
                 charge before normalized = 288.000134816295
                  charge after normalized = 288
                 charge before normalized = 288.000134815832
                  charge after normalized = 288
                 charge before normalized = 288.000134816135
                  charge after normalized = 288
                 charge before normalized = 288.000134816024
                  charge after normalized = 288
                 charge before normalized = 288.00013481606
                  charge after normalized = 288
                 charge before normalized = 288.000134816071
                  charge after normalized = 288
                            startmag_type = 2
                       charge from rho_at = 3.95377434289291
                         charge should be = 4
                       charge from rho_at = 3.99303358802097
                         charge should be = 4

 SETUP ATOMIC RHO FOR SPIN 1
                 Electron number from rho = 288
           total electron number from rho = 288
                                should be = 288
                            startmag_type = 2
                       charge from rho_at = 3.95377434289291
                         charge should be = 4
                       charge from rho_at = 3.99303358802097
                         charge should be = 4

 SETUP ATOMIC RHO FOR SPIN 1
                 Electron number from rho = 288
           total electron number from rho = 288
                                should be = 288
      Processor           Atom
              1             58
              2             59
              3             56
              4             54
              5             59
              6             59
              7             56
              8             54
              9             57
             10             59
             11             58
             12             53
             13             58
             14             59
             15             57
             16             56
                 charge before normalized = 288
                  charge after normalized = 288
                 charge before normalized = 288.000134696728
                  charge after normalized = 288
                 charge before normalized = 288.000134706948
                  charge after normalized = 288
                 charge before normalized = 288.000134694047
                  charge after normalized = 288
                 charge before normalized = 288.000134700152
                  charge after normalized = 288
                 charge before normalized = 288.000134700706
                  charge after normalized = 288
                 charge before normalized = 288.000134699581
                  charge after normalized = 288
                 charge before normalized = 288.000134699972
                  charge after normalized = 288
                 charge before normalized = 288.000134699892
                  charge after normalized = 288
                 charge before normalized = 288.000134699943
                  charge after normalized = 288
                 charge before normalized = 288.000134699933
                  charge after normalized = 288
                 charge before normalized = 288.00013469993
                  charge after normalized = 288
                            startmag_type = 2
                       charge from rho_at = 3.95377434289291
                         charge should be = 4
                       charge from rho_at = 3.99303358802097
                         charge should be = 4

 SETUP ATOMIC RHO FOR SPIN 1
                 Electron number from rho = 288
           total electron number from rho = 288
                                should be = 288
                            startmag_type = 2
                       charge from rho_at = 3.95377434289291
                         charge should be = 4
                       charge from rho_at = 3.99303358802097
                         charge should be = 4

 SETUP ATOMIC RHO FOR SPIN 1
                 Electron number from rho = 288
           total electron number from rho = 288
                                should be = 288
      Processor           Atom
              1             58
              2             59
              3             56
              4             54
              5             59
              6             59
              7             56
              8             54
              9             57
             10             59
             11             58
             12             53
             13             58
             14             59
             15             57
             16             56
                 charge before normalized = 288
                  charge after normalized = 288
                 charge before normalized = 288.000134566543
                  charge after normalized = 288
                 charge before normalized = 288.000134582576
                  charge after normalized = 288
                 charge before normalized = 288.0001345597
                  charge after normalized = 288
                 charge before normalized = 288.000134567266
                  charge after normalized = 288
                 charge before normalized = 288.000134567574
                  charge after normalized = 288
                 charge before normalized = 288.000134567412
                  charge after normalized = 288
                 charge before normalized = 288.000134567677
                  charge after normalized = 288
                 charge before normalized = 288.000134567183
                  charge after normalized = 288
                 charge before normalized = 288.000134567309
                  charge after normalized = 288
                 charge before normalized = 288.00013456729
                  charge after normalized = 288
                 charge before normalized = 288.000134567289
                  charge after normalized = 288
                            startmag_type = 2
                       charge from rho_at = 3.95377434289291
                         charge should be = 4
                       charge from rho_at = 3.99303358802097
                         charge should be = 4

 SETUP ATOMIC RHO FOR SPIN 1
                 Electron number from rho = 288
           total electron number from rho = 288
                                should be = 288
                            startmag_type = 2
                       charge from rho_at = 3.95377434289291
                         charge should be = 4
                       charge from rho_at = 3.99303358802097
                         charge should be = 4

 SETUP ATOMIC RHO FOR SPIN 1
                 Electron number from rho = 288
           total electron number from rho = 288
                                should be = 288
      Processor           Atom
              1             58
              2             58
              3             56
              4             55
              5             59
              6             59
              7             56
              8             54
              9             58
             10             59
             11             57
             12             53
             13             58
             14             59
             15             57
             16             56
                 charge before normalized = 288
                  charge after normalized = 288
                 charge before normalized = 288.000134846739
                  charge after normalized = 288
                 charge before normalized = 288.000134836205
                  charge after normalized = 288
                 charge before normalized = 288.000134845528
                  charge after normalized = 288
                 charge before normalized = 288.000134836196
                  charge after normalized = 288
                 charge before normalized = 288.000134835513
                  charge after normalized = 288
                 charge before normalized = 288.00013483655
                  charge after normalized = 288
                 charge before normalized = 288.000134836649
                  charge after normalized = 288
                 charge before normalized = 288.000134836535
                  charge after normalized = 288
                 charge before normalized = 288.000134836329
                  charge after normalized = 288
                 charge before normalized = 288.000134836443
                  charge after normalized = 288
                 charge before normalized = 288.000134836432
                  charge after normalized = 288
                 charge before normalized = 288.000134836428
                  charge after normalized = 288
                            startmag_type = 2
                       charge from rho_at = 3.95377434289291
                         charge should be = 4
                       charge from rho_at = 3.99303358802097
                         charge should be = 4

 SETUP ATOMIC RHO FOR SPIN 1
                 Electron number from rho = 288
           total electron number from rho = 288
                                should be = 288
                            startmag_type = 2
                       charge from rho_at = 3.95377434289291
                         charge should be = 4
                       charge from rho_at = 3.99303358802097
                         charge should be = 4

 SETUP ATOMIC RHO FOR SPIN 1
                 Electron number from rho = 288
           total electron number from rho = 288
                                should be = 288
      Processor           Atom
              1             58
              2             59
              3             56
              4             54
              5             59
              6             60
              7             57
              8             53
              9             57
             10             59
             11             57
             12             53
             13             58
             14             59
             15             57
             16             56
                 charge before normalized = 288
                  charge after normalized = 288
                 charge before normalized = 288.000134903487
                  charge after normalized = 288
                 charge before normalized = 288.000134912376
                  charge after normalized = 288
                 charge before normalized = 288.000134895409
                  charge after normalized = 288
                 charge before normalized = 288.000134897205
                  charge after normalized = 288
                 charge before normalized = 288.000134901509
                  charge after normalized = 288
                 charge before normalized = 288.000134900059
                  charge after normalized = 288
                 charge before normalized = 288.000134899292
                  charge after normalized = 288
                 charge before normalized = 288.000134899659
                  charge after normalized = 288
                 charge before normalized = 288.000134899763
                  charge after normalized = 288
                 charge before normalized = 288.000134899703
                  charge after normalized = 288
                 charge before normalized = 288.000134899703
                  charge after normalized = 288
                 charge before normalized = 288.000134899703
                  charge after normalized = 288
                            startmag_type = 2
                       charge from rho_at = 3.95377434289291
                         charge should be = 4
                       charge from rho_at = 3.99303358802097
                         charge should be = 4

 SETUP ATOMIC RHO FOR SPIN 1
                 Electron number from rho = 288
           total electron number from rho = 288
                                should be = 288
                            startmag_type = 2
                       charge from rho_at = 3.95377434289291
                         charge should be = 4
                       charge from rho_at = 3.99303358802097
                         charge should be = 4

 SETUP ATOMIC RHO FOR SPIN 1
                 Electron number from rho = 288
           total electron number from rho = 288
                                should be = 288
      Processor           Atom
              1             58
              2             59
              3             57
              4             55
              5             58
              6             60
              7             57
              8             53
              9             58
             10             59
             11             57
             12             53
             13             58
             14             59
             15             57
             16             54
                 charge before normalized = 288
                  charge after normalized = 288
                 charge before normalized = 288.000134709942
                  charge after normalized = 288
                 charge before normalized = 288.00013471048
                  charge after normalized = 288
                 charge before normalized = 288.000134703177
                  charge after normalized = 288
                 charge before normalized = 288.00013470655
                  charge after normalized = 288
                 charge before normalized = 288.000134703747
                  charge after normalized = 288
                 charge before normalized = 288.000134705442
                  charge after normalized = 288
                 charge before normalized = 288.000134705052
                  charge after normalized = 288
                 charge before normalized = 288.000134704954
                  charge after normalized = 288
                 charge before normalized = 288.000134705051
                  charge after normalized = 288
                 charge before normalized = 288.00013470501
                  charge after normalized = 288
                 charge before normalized = 288.000134705021
                  charge after normalized = 288
                 charge before normalized = 288.000134705025
                  charge after normalized = 288
