 In SCAN_BEGIN, can't find: LATTICE_PARAMETERS block.
 In SCAN_BEGIN, can't find: <PP_MESH block.
 In SCAN_BEGIN, can't find: <PP_MESH block.
 AUTO_SET NBANDS to 0
 AUTO_SET NBANDS to 154
 cpu 2D distribution : 4*4
 but, the number of bands-row-block is 3
      Processor           Atom
              1             57
              2             62
              3             59
              4             62
              5             62
              6             60
              7             62
              8             62
              9             60
             10             63
             11             57
             12             63
             13             55
             14             61
             15             57
             16             62
                            startmag_type = 2
                       charge from rho_at = 3.95377
                         charge should be = 4
                            startmag_type = 2
                       charge from rho_at = 3.99303
                         charge should be = 4

 SETUP ATOMIC RHO FOR SPIN 1
                 Electron number from rho = 256
           total electron number from rho = 256
                                should be = 256
                 charge before normalized = 256
                  charge after normalized = 256
                 charge before normalized = 256.000104102017
                  charge after normalized = 256
                 charge before normalized = 256.000154054023
                  charge after normalized = 256
                 charge before normalized = 256.000124889242
                  charge after normalized = 256
                 charge before normalized = 256.000126198338
                  charge after normalized = 256
                 charge before normalized = 256.000123079333
                  charge after normalized = 256
                 charge before normalized = 256.000123302894
                  charge after normalized = 256
                 charge before normalized = 256.000123306476
                  charge after normalized = 256
                 charge before normalized = 256.000123478963
                  charge after normalized = 256
                 charge before normalized = 256.000123504411
                  charge after normalized = 256
                 charge before normalized = 256.000123491188
                  charge after normalized = 256
                 charge before normalized = 256.000123491805
                  charge after normalized = 256
                 charge before normalized = 256.000123496314
                  charge after normalized = 256
                 charge before normalized = 256.000123500449
                  charge after normalized = 256
                 charge before normalized = 256.000123498032
                  charge after normalized = 256
                 charge before normalized = 256.000123498112
                  charge after normalized = 256
                 charge before normalized = 256.000123498119
                  charge after normalized = 256
                 charge before normalized = 256.000123498129
                  charge after normalized = 256
                            startmag_type = 2
                       charge from rho_at = 3.95377434289291
                         charge should be = 4
                            startmag_type = 2
                       charge from rho_at = 3.99303358802097
                         charge should be = 4

 SETUP ATOMIC RHO FOR SPIN 1
                 Electron number from rho = 256
           total electron number from rho = 256
                                should be = 256
                            startmag_type = 2
                       charge from rho_at = 3.95377434289291
                         charge should be = 4
                            startmag_type = 2
                       charge from rho_at = 3.99303358802097
                         charge should be = 4

 SETUP ATOMIC RHO FOR SPIN 1
                 Electron number from rho = 256
           total electron number from rho = 256
                                should be = 256
      Processor           Atom
              1             57
              2             61
              3             59
              4             62
              5             63
              6             60
              7             62
              8             62
              9             60
             10             63
             11             57
             12             63
             13             55
             14             61
             15             57
             16             62
                 charge before normalized = 256
                  charge after normalized = 256
                 charge before normalized = 256.000123476867
                  charge after normalized = 256
                 charge before normalized = 256.000123465277
                  charge after normalized = 256
                 charge before normalized = 256.000123494396
                  charge after normalized = 256
                 charge before normalized = 256.000123475031
                  charge after normalized = 256
                 charge before normalized = 256.000123478494
                  charge after normalized = 256
                 charge before normalized = 256.000123476895
                  charge after normalized = 256
                 charge before normalized = 256.000123477603
                  charge after normalized = 256
                 charge before normalized = 256.000123477552
                  charge after normalized = 256
                 charge before normalized = 256.000123477594
                  charge after normalized = 256
                 charge before normalized = 256.000123477568
                  charge after normalized = 256
                            startmag_type = 2
                       charge from rho_at = 3.95377434289291
                         charge should be = 4
                            startmag_type = 2
                       charge from rho_at = 3.99303358802097
                         charge should be = 4

 SETUP ATOMIC RHO FOR SPIN 1
                 Electron number from rho = 256
           total electron number from rho = 256
                                should be = 256
                            startmag_type = 2
                       charge from rho_at = 3.95377434289291
                         charge should be = 4
                            startmag_type = 2
                       charge from rho_at = 3.99303358802097
                         charge should be = 4

 SETUP ATOMIC RHO FOR SPIN 1
                 Electron number from rho = 256
           total electron number from rho = 256
                                should be = 256
      Processor           Atom
              1             57
              2             61
              3             59
              4             62
              5             63
              6             60
              7             62
              8             62
              9             60
             10             63
             11             57
             12             63
             13             55
             14             61
             15             57
             16             61
                 charge before normalized = 256
                  charge after normalized = 256
                 charge before normalized = 256.000123545877
                  charge after normalized = 256
                 charge before normalized = 256.000123530208
                  charge after normalized = 256
                 charge before normalized = 256.000123571235
                  charge after normalized = 256
                 charge before normalized = 256.0001235385
                  charge after normalized = 256
                 charge before normalized = 256.000123549498
                  charge after normalized = 256
                 charge before normalized = 256.000123543102
                  charge after normalized = 256
                 charge before normalized = 256.000123546036
                  charge after normalized = 256
                 charge before normalized = 256.000123545108
                  charge after normalized = 256
                 charge before normalized = 256.000123545332
                  charge after normalized = 256
                 charge before normalized = 256.000123545268
                  charge after normalized = 256
                 charge before normalized = 256.000123545285
                  charge after normalized = 256
                            startmag_type = 2
                       charge from rho_at = 3.95377434289291
                         charge should be = 4
                            startmag_type = 2
                       charge from rho_at = 3.99303358802097
                         charge should be = 4

 SETUP ATOMIC RHO FOR SPIN 1
                 Electron number from rho = 256
           total electron number from rho = 256
                                should be = 256
                            startmag_type = 2
                       charge from rho_at = 3.95377434289291
                         charge should be = 4
                            startmag_type = 2
                       charge from rho_at = 3.99303358802097
                         charge should be = 4

 SETUP ATOMIC RHO FOR SPIN 1
                 Electron number from rho = 256
           total electron number from rho = 256
                                should be = 256
      Processor           Atom
              1             58
              2             61
              3             59
              4             62
              5             63
              6             60
              7             62
              8             62
              9             60
             10             63
             11             57
             12             62
             13             55
             14             61
             15             57
             16             61
                 charge before normalized = 256
                  charge after normalized = 256
                 charge before normalized = 256.000123446349
                  charge after normalized = 256
                 charge before normalized = 256.000123435116
                  charge after normalized = 256
                 charge before normalized = 256.00012346164
                  charge after normalized = 256
                 charge before normalized = 256.000123438189
                  charge after normalized = 256
                 charge before normalized = 256.000123449033
                  charge after normalized = 256
                 charge before normalized = 256.000123441822
                  charge after normalized = 256
                 charge before normalized = 256.000123445816
                  charge after normalized = 256
                 charge before normalized = 256.00012344436
                  charge after normalized = 256
                 charge before normalized = 256.000123444564
                  charge after normalized = 256
                 charge before normalized = 256.000123444507
                  charge after normalized = 256
                 charge before normalized = 256.000123444547
                  charge after normalized = 256
                            startmag_type = 2
                       charge from rho_at = 3.95377434289291
                         charge should be = 4
                            startmag_type = 2
                       charge from rho_at = 3.99303358802097
                         charge should be = 4

 SETUP ATOMIC RHO FOR SPIN 1
                 Electron number from rho = 256
           total electron number from rho = 256
                                should be = 256
                            startmag_type = 2
                       charge from rho_at = 3.95377434289291
                         charge should be = 4
                            startmag_type = 2
                       charge from rho_at = 3.99303358802097
                         charge should be = 4

 SETUP ATOMIC RHO FOR SPIN 1
                 Electron number from rho = 256
           total electron number from rho = 256
                                should be = 256
      Processor           Atom
              1             57
              2             61
              3             59
              4             62
              5             63
              6             60
              7             62
              8             61
              9             60
             10             63
             11             57
             12             63
             13             55
             14             61
             15             57
             16             61
                 charge before normalized = 256
                  charge after normalized = 256
                 charge before normalized = 256.000123466525
                  charge after normalized = 256
                 charge before normalized = 256.000123468255
                  charge after normalized = 256
                 charge before normalized = 256.000123453973
                  charge after normalized = 256
                 charge before normalized = 256.000123469936
                  charge after normalized = 256
                 charge before normalized = 256.000123461302
                  charge after normalized = 256
                 charge before normalized = 256.000123467779
                  charge after normalized = 256
                 charge before normalized = 256.000123463075
                  charge after normalized = 256
                 charge before normalized = 256.000123465201
                  charge after normalized = 256
                 charge before normalized = 256.000123464834
                  charge after normalized = 256
                 charge before normalized = 256.000123464892
                  charge after normalized = 256
                 charge before normalized = 256.000123464877
                  charge after normalized = 256
                            startmag_type = 2
                       charge from rho_at = 3.95377434289291
                         charge should be = 4
                            startmag_type = 2
                       charge from rho_at = 3.99303358802097
                         charge should be = 4

 SETUP ATOMIC RHO FOR SPIN 1
                 Electron number from rho = 256
           total electron number from rho = 256
                                should be = 256
                            startmag_type = 2
                       charge from rho_at = 3.95377434289291
                         charge should be = 4
                            startmag_type = 2
                       charge from rho_at = 3.99303358802097
                         charge should be = 4

 SETUP ATOMIC RHO FOR SPIN 1
                 Electron number from rho = 256
           total electron number from rho = 256
                                should be = 256
      Processor           Atom
              1             57
              2             62
              3             59
              4             62
              5             64
              6             60
              7             62
              8             61
              9             60
             10             63
             11             57
             12             63
             13             55
             14             61
             15             57
             16             61
                 charge before normalized = 256
                  charge after normalized = 256
                 charge before normalized = 256.000123494776
                  charge after normalized = 256
                 charge before normalized = 256.000123458344
                  charge after normalized = 256
                 charge before normalized = 256.000123543597
                  charge after normalized = 256
                 charge before normalized = 256.000123474059
                  charge after normalized = 256
                 charge before normalized = 256.000123496772
                  charge after normalized = 256
                 charge before normalized = 256.000123486277
                  charge after normalized = 256
                 charge before normalized = 256.000123489481
                  charge after normalized = 256
                 charge before normalized = 256.000123489305
                  charge after normalized = 256
                 charge before normalized = 256.000123489341
                  charge after normalized = 256
                 charge before normalized = 256.000123489311
                  charge after normalized = 256
                 charge before normalized = 256.000123489298
                  charge after normalized = 256
                            startmag_type = 2
                       charge from rho_at = 3.95377434289291
                         charge should be = 4
                            startmag_type = 2
                       charge from rho_at = 3.99303358802097
                         charge should be = 4

 SETUP ATOMIC RHO FOR SPIN 1
                 Electron number from rho = 256
           total electron number from rho = 256
                                should be = 256
                            startmag_type = 2
                       charge from rho_at = 3.95377434289291
                         charge should be = 4
                            startmag_type = 2
                       charge from rho_at = 3.99303358802097
                         charge should be = 4

 SETUP ATOMIC RHO FOR SPIN 1
                 Electron number from rho = 256
           total electron number from rho = 256
                                should be = 256
      Processor           Atom
              1             58
              2             62
              3             59
              4             62
              5             64
              6             60
              7             62
              8             60
              9             61
             10             63
             11             57
             12             63
             13             55
             14             61
             15             57
             16             61
                 charge before normalized = 256
                  charge after normalized = 256
                 charge before normalized = 256.000123358735
                  charge after normalized = 256
                 charge before normalized = 256.000123321286
                  charge after normalized = 256
                 charge before normalized = 256.000123406163
                  charge after normalized = 256
                 charge before normalized = 256.000123339577
                  charge after normalized = 256
                 charge before normalized = 256.000123359926
                  charge after normalized = 256
                 charge before normalized = 256.000123348593
                  charge after normalized = 256
                 charge before normalized = 256.000123353146
                  charge after normalized = 256
                 charge before normalized = 256.000123351602
                  charge after normalized = 256
                 charge before normalized = 256.00012335203
                  charge after normalized = 256
                 charge before normalized = 256.000123351895
                  charge after normalized = 256
                 charge before normalized = 256.000123351931
                  charge after normalized = 256
                 charge before normalized = 256.00012335191
                  charge after normalized = 256
                            startmag_type = 2
                       charge from rho_at = 3.95377434289291
                         charge should be = 4
                            startmag_type = 2
                       charge from rho_at = 3.99303358802097
                         charge should be = 4

 SETUP ATOMIC RHO FOR SPIN 1
                 Electron number from rho = 256
           total electron number from rho = 256
                                should be = 256
                            startmag_type = 2
                       charge from rho_at = 3.95377434289291
                         charge should be = 4
                            startmag_type = 2
                       charge from rho_at = 3.99303358802097
                         charge should be = 4

 SETUP ATOMIC RHO FOR SPIN 1
                 Electron number from rho = 256
           total electron number from rho = 256
                                should be = 256
      Processor           Atom
              1             58
              2             62
              3             59
              4             62
              5             63
              6             60
              7             62
              8             61
              9             60
             10             63
             11             57
             12             63
             13             55
             14             61
             15             57
             16             61
                 charge before normalized = 256
                  charge after normalized = 256
                 charge before normalized = 256.000123312587
                  charge after normalized = 256
                 charge before normalized = 256.000123304727
                  charge after normalized = 256
                 charge before normalized = 256.000123318252
                  charge after normalized = 256
                 charge before normalized = 256.000123301597
                  charge after normalized = 256
                 charge before normalized = 256.000123311389
                  charge after normalized = 256
                 charge before normalized = 256.000123304364
                  charge after normalized = 256
                 charge before normalized = 256.000123308528
                  charge after normalized = 256
                 charge before normalized = 256.000123306231
                  charge after normalized = 256
                 charge before normalized = 256.00012330685
                  charge after normalized = 256
                 charge before normalized = 256.000123306708
                  charge after normalized = 256
                 charge before normalized = 256.000123306764
                  charge after normalized = 256
                 charge before normalized = 256.000123306726
                  charge after normalized = 256
                            startmag_type = 2
                       charge from rho_at = 3.95377434289291
                         charge should be = 4
                            startmag_type = 2
                       charge from rho_at = 3.99303358802097
                         charge should be = 4

 SETUP ATOMIC RHO FOR SPIN 1
                 Electron number from rho = 256
           total electron number from rho = 256
                                should be = 256
                            startmag_type = 2
                       charge from rho_at = 3.95377434289291
                         charge should be = 4
                            startmag_type = 2
                       charge from rho_at = 3.99303358802097
                         charge should be = 4

 SETUP ATOMIC RHO FOR SPIN 1
                 Electron number from rho = 256
           total electron number from rho = 256
                                should be = 256
      Processor           Atom
              1             58
              2             62
              3             59
              4             62
              5             63
              6             60
              7             62
              8             61
              9             60
             10             63
             11             57
             12             62
             13             55
             14             61
             15             57
             16             63
                 charge before normalized = 256
                  charge after normalized = 256
                 charge before normalized = 256.000123135937
                  charge after normalized = 256
                 charge before normalized = 256.00012311916
                  charge after normalized = 256
                 charge before normalized = 256.000123177908
                  charge after normalized = 256
                 charge before normalized = 256.000123121235
                  charge after normalized = 256
                 charge before normalized = 256.000123142695
                  charge after normalized = 256
                 charge before normalized = 256.000123130827
                  charge after normalized = 256
                 charge before normalized = 256.000123137738
                  charge after normalized = 256
                 charge before normalized = 256.000123135474
                  charge after normalized = 256
                 charge before normalized = 256.000123135736
                  charge after normalized = 256
                 charge before normalized = 256.00012313569
                  charge after normalized = 256
                 charge before normalized = 256.000123135696
                  charge after normalized = 256
                 charge before normalized = 256.000123135688
                  charge after normalized = 256
                            startmag_type = 2
                       charge from rho_at = 3.95377434289291
                         charge should be = 4
                            startmag_type = 2
                       charge from rho_at = 3.99303358802097
                         charge should be = 4

 SETUP ATOMIC RHO FOR SPIN 1
                 Electron number from rho = 256
           total electron number from rho = 256
                                should be = 256
                            startmag_type = 2
                       charge from rho_at = 3.95377434289291
                         charge should be = 4
                            startmag_type = 2
                       charge from rho_at = 3.99303358802097
                         charge should be = 4

 SETUP ATOMIC RHO FOR SPIN 1
                 Electron number from rho = 256
           total electron number from rho = 256
                                should be = 256
      Processor           Atom
              1             58
              2             62
              3             59
              4             62
              5             63
              6             60
              7             62
              8             61
              9             60
             10             63
             11             57
             12             64
             13             55
             14             61
             15             57
             16             63
                 charge before normalized = 256
                  charge after normalized = 256
                 charge before normalized = 256.000123000038
                  charge after normalized = 256
                 charge before normalized = 256.000122959882
                  charge after normalized = 256
                 charge before normalized = 256.000123049712
                  charge after normalized = 256
                 charge before normalized = 256.000122970494
                  charge after normalized = 256
                 charge before normalized = 256.00012299741
                  charge after normalized = 256
                 charge before normalized = 256.000122984578
                  charge after normalized = 256
                 charge before normalized = 256.000122989711
                  charge after normalized = 256
                 charge before normalized = 256.000122988203
                  charge after normalized = 256
                 charge before normalized = 256.000122988556
                  charge after normalized = 256
                 charge before normalized = 256.000122988493
                  charge after normalized = 256
                 charge before normalized = 256.000122988472
                  charge after normalized = 256
                 charge before normalized = 256.000122988465
                  charge after normalized = 256
                            startmag_type = 2
                       charge from rho_at = 3.95377434289291
                         charge should be = 4
                            startmag_type = 2
                       charge from rho_at = 3.99303358802097
                         charge should be = 4

 SETUP ATOMIC RHO FOR SPIN 1
                 Electron number from rho = 256
           total electron number from rho = 256
                                should be = 256
                            startmag_type = 2
                       charge from rho_at = 3.95377434289291
                         charge should be = 4
                            startmag_type = 2
                       charge from rho_at = 3.99303358802097
                         charge should be = 4

 SETUP ATOMIC RHO FOR SPIN 1
                 Electron number from rho = 256
           total electron number from rho = 256
                                should be = 256
      Processor           Atom
              1             58
              2             62
              3             59
              4             62
              5             63
              6             60
              7             63
              8             61
              9             61
             10             63
             11             58
             12             64
             13             55
             14             61
             15             57
             16             63
                 charge before normalized = 256
                  charge after normalized = 256
                 charge before normalized = 256.000123089782
                  charge after normalized = 256
                 charge before normalized = 256.000123070734
                  charge after normalized = 256
                 charge before normalized = 256.000123121729
                  charge after normalized = 256
                 charge before normalized = 256.000123075076
                  charge after normalized = 256
                 charge before normalized = 256.000123091425
                  charge after normalized = 256
                 charge before normalized = 256.000123083155
                  charge after normalized = 256
                 charge before normalized = 256.000123085854
                  charge after normalized = 256
                 charge before normalized = 256.000123084682
                  charge after normalized = 256
                 charge before normalized = 256.000123085215
                  charge after normalized = 256
                 charge before normalized = 256.000123085075
                  charge after normalized = 256
                 charge before normalized = 256.000123085144
                  charge after normalized = 256
                 charge before normalized = 256.000123085105
                  charge after normalized = 256
