                                                                                     
                              ABACUS v3.9.0.25

               Atomic-orbital Based Ab-initio Computation at UStc                    

                     Website: http://abacus.ustc.edu.cn/                             
               Documentation: https://abacus.deepmodeling.com/                       
                  Repository: https://github.com/abacusmodeling/abacus-develop       
                              https://github.com/deepmodeling/abacus-develop         
                      Commit: 5d834e975 (Mon Mar 9 11:19:58 2026 +0800)

    Start Time is Thu Mar 19 11:31:13 2026
                                                                                     
 ------------------------------------------------------------------------------------

 READING GENERAL INFORMATION
                           global_out_dir = OUT.ABACUS/
                           global_in_card = INPUT
                               pseudo_dir = 
                              orbital_dir = 
                                    DRANK = 1
                                    DSIZE = 8
                                   DCOLOR = 1
                                    GRANK = 1
                                    GSIZE = 1


 >>>>>>>>>>>>>>>>>>>>>>>>>>>>>>>>>>>>>>>>>>>>>>>>>>>>>>>>>>>>>>>>>>>>>>
 |                                                                    |
 |                        #Setup Unitcell#                            |
 | From the input file and the structure file we know the number of   |
 | different elments in this unitcell, then we list the detail        |
 | information for each element, especially the zeta and polar atomic |
 | orbital number for each element. The total atom number is counted. |
 | We calculate the nearest atom distance for each atom and show the  |
 | Cartesian and Direct coordinates for each atom. We list the file   |
 | address for atomic orbitals. The volume and the lattice vectors    |
 | in real and reciprocal space is also shown.                        |
 |                                                                    |
 <<<<<<<<<<<<<<<<<<<<<<<<<<<<<<<<<<<<<<<<<<<<<<<<<<<<<<<<<<<<<<<<<<<<<<

 READING UNITCELL INFORMATION
                       Number of elements = 1
                  Lattice constant (Bohr) = 1.88972
              Lattice constant (Angstrom) = 0.999996

 READING ATOM TYPE 1
                               Atom label = Fe
                      L=0, number of zeta = 1
                      L=1, number of zeta = 1
                      L=2, number of zeta = 1
            Number of atoms for this type = 27
               magnetization of element 1 = 5

                        TOTAL ATOM NUMBER = 27

 DIRECT COORDINATES
 atom                  x                  y                  z     mag
   Fe     0.000000000000     0.000000000000     0.000000000000  5.0000
   Fe     0.000000000000     0.000000000000     0.333333299999  5.0000
   Fe     0.000000000000     0.000000000000     0.666666700001  5.0000
   Fe     0.000000000000     0.333333299999     0.000000000000  5.0000
   Fe     0.000000000000     0.333333299999     0.333333299999  5.0000
   Fe     0.000000000000     0.333333299999     0.666666700001  5.0000
   Fe     0.000000000000     0.666666700001     0.000000000000  5.0000
   Fe     0.000000000000     0.666666700001     0.333333299999  5.0000
   Fe     0.000000000000     0.666666700001     0.666666700001  5.0000
   Fe     0.333333299999     0.000000000000     0.000000000000  5.0000
   Fe     0.333333299999     0.000000000000     0.333333299999  5.0000
   Fe     0.333333299999     0.000000000000     0.666666700001  5.0000
   Fe     0.333333299999     0.333333299999     0.000000000000  5.0000
   Fe     0.333333299999     0.333333299999     0.333333299999  5.0000
   Fe     0.333333299999     0.333333299999     0.666666700001  5.0000
   Fe     0.333333299999     0.666666700001     0.000000000000  5.0000
   Fe     0.333333299999     0.666666700001     0.333333299999  5.0000
   Fe     0.333333299999     0.666666700001     0.666666700001  5.0000
   Fe     0.666666700001     0.000000000000     0.000000000000  5.0000
   Fe     0.666666700001     0.000000000000     0.333333299999  5.0000
   Fe     0.666666700001     0.000000000000     0.666666700001  5.0000
   Fe     0.666666700001     0.333333299999     0.000000000000  5.0000
   Fe     0.666666700001     0.333333299999     0.333333299999  5.0000
   Fe     0.666666700001     0.333333299999     0.666666700001  5.0000
   Fe     0.666666700001     0.666666700001     0.000000000000  5.0000
   Fe     0.666666700001     0.666666700001     0.333333299999  5.0000
   Fe     0.666666700001     0.666666700001     0.666666700001  5.0000

 ATOMIC VELOCITIES
 atom                 vx                 vy                 vz
   Fe                  0                  0                  0
   Fe                  0                  0                  0
   Fe                  0                  0                  0
   Fe                  0                  0                  0
   Fe                  0                  0                  0
   Fe                  0                  0                  0
   Fe                  0                  0                  0
   Fe                  0                  0                  0
   Fe                  0                  0                  0
   Fe                  0                  0                  0
   Fe                  0                  0                  0
   Fe                  0                  0                  0
   Fe                  0                  0                  0
   Fe                  0                  0                  0
   Fe                  0                  0                  0
   Fe                  0                  0                  0
   Fe                  0                  0                  0
   Fe                  0                  0                  0
   Fe                  0                  0                  0
   Fe                  0                  0                  0
   Fe                  0                  0                  0
   Fe                  0                  0                  0
   Fe                  0                  0                  0
   Fe                  0                  0                  0
   Fe                  0                  0                  0
   Fe                  0                  0                  0
   Fe                  0                  0                  0


 Lattice vectors: (Cartesian coordinate: in unit of a_0)
                +4.26               -4.26               -4.26
                -4.26               +4.26               -4.26
                -4.26               -4.26               +4.26
 Reciprocal vectors: (Cartesian coordinate: in unit of 2 pi/a_0)
                   -0           -0.117371           -0.117371
            -0.117371                  -0           -0.117371
            -0.117371           -0.117371                  -0

 #ENERGY SOLVER# ksdft_pw
 RUNNING WITH DEVICE  : CPU / Intel(R) Xeon(R) Gold 6132 CPU @ 2.60GHz (x2)


 >>>>>>>>>>>>>>>>>>>>>>>>>>>>>>>>>>>>>>>>>>>>>>>>>>>>>>>>>>>>>>>>>>>>>>
 |                                                                    |
 |                 #Read Pseudopotentials Files#                      |
 | ABACUS supports norm-conserving (NC) pseudopotentials for both     |
 | plane wave basis and numerical atomic orbital basis sets.          |
 | In addition, ABACUS supports ultrasoft pseudopotentials (USPP)     |
 | for plane wave basis set.                                          |
 |                                                                    |
 <<<<<<<<<<<<<<<<<<<<<<<<<<<<<<<<<<<<<<<<<<<<<<<<<<<<<<<<<<<<<<<<<<<<<<

                PAO radial cut off (Bohr) = 15
                     Pseudopotential file = ./Fe.upf
                     Pseudopotential type = NC
          Exchange-correlation functional = PBE
                 Nonlocal core correction = 1
                        Valence electrons = 16
                                     Lmax = 2
                           Number of zeta = 4
                     Number of projectors = 6
                           L of projector = 0
                           L of projector = 0
                           L of projector = 1
                           L of projector = 1
                           L of projector = 2
                           L of projector = 2
         Number of pseudo atomic orbitals = 270
 The readin total magnetization is 135
            Electron number of element Fe = 16
      Total electron number of element Fe = 432
          Autoset the number of electrons = 432
               Occupied electronic states = 216
     Number of electronic states (NBANDS) = 286

%%%%%%%%%%%%%%%%%%%%%%%%%%%%%%%%%%%%%%%%%%%%%%%%%%%%%%%%%%%%%%%%%%%%%%%%%%%%%%%%%%%%%%%%%%%%%%%%%%%%%%%%%%
 Warning: the number of valence electrons in pseudopotential > 8 for Fe: [Ar] 3d6 4s2
 Pseudopotentials with additional electrons can yield (more) accurate outcomes, but may be less efficient.
 If you're confident that your chosen pseudopotential is appropriate, you can safely ignore this warning.
%%%%%%%%%%%%%%%%%%%%%%%%%%%%%%%%%%%%%%%%%%%%%%%%%%%%%%%%%%%%%%%%%%%%%%%%%%%%%%%%%%%%%%%%%%%%%%%%%%%%%%%%%%
                  


 >>>>>>>>>>>>>>>>>>>>>>>>>>>>>>>>>>>>>>>>>>>>>>>>>>>>>>>>>>>>>>>>>>>>>>
 |                                                                    |
 |           #Setup Plane Waves of Charge/Potential#                  |
 | Use the kinetic energy cutoff and the lattice vectors to generate  |
 | the dimensions of FFT grid, which is used to represent the charge  |
 | density or potential. If USPP is used, a double grid technique     |
 | is applied.                                                        |
 |                                                                    |
 <<<<<<<<<<<<<<<<<<<<<<<<<<<<<<<<<<<<<<<<<<<<<<<<<<<<<<<<<<<<<<<<<<<<<<

 SETUP PLANE WAVES FOR CHARGE/POTENTIAL
 FFT DIMENSIONS ARE FROM INPUT
 KINETIC ENEGY CUTOFF IS DETERMINED FROM nx, ny, nz
  Energy cutoff for charge/potential (Ry) = 831.835
            FFT grid for charge/potential = [ 128, 128, 128 ]
           Number of FFT grids this proc. = 262144
                Division for big FFT grid = [ 1, 1, 1 ]
      FFT (big) grid for charge/potential = [ 128, 128, 128 ]
     Number of FFT (big) grids this proc. = 262144
                    Number of plane waves = 131195
        Number of sticks on FFT x-y plane = 3511

 PARALLEL PW FOR CHARGE/POTENTIAL
     PROC   COLUMNS(POT)             PW
        1            438          16399
        2            439          16400
        3            439          16400
        4            439          16399
        5            439          16399
        6            439          16400
        7            439          16399
        8            439          16399
 --------------- SUM -------------------
        8           3511         131195

                            Number of |g| = 706
                                  Max |g| = 21.6833
                                  Min |g| = 0.0826556


 >>>>>>>>>>>>>>>>>>>>>>>>>>>>>>>>>>>>>>>>>>>>>>>>>>>>>>>>>>>>>>>>>>>>>>
 |                                                                    |
 |                      #Symmetry Analysis#                           |
 | We calculate the norm of 3 vectors and the angles between them,    |
 | the type of Bravais lattice is given. We can judge if the unticell |
 | is a primitive cell. Finally we give the point group operation for |
 | this unitcell. We use the point group operations to perform        |
 | symmetry analysis on given k-point mesh and the charge density.    |
 |                                                                    |
 <<<<<<<<<<<<<<<<<<<<<<<<<<<<<<<<<<<<<<<<<<<<<<<<<<<<<<<<<<<<<<<<<<<<<<

 LATTICE VECTORS: (CARTESIAN COORDINATE: IN UNIT OF A0)
                +4.26               -4.26               -4.26
                -4.26               +4.26               -4.26
                -4.26               -4.26               +4.26
                     Right-handed lattice = 0
                                   NORM_A = 7.37854
                                   NORM_B = 7.37854
                                   NORM_C = 7.37854
                           ALPHA (DEGREE) = 109.471
                           BETA  (DEGREE) = 109.471
                           GAMMA (DEGREE) = 109.471

 The lattice vectors have been changed (STRU_SIMPLE.cif)

 For optimal symmetric configuration:
                             BRAVAIS TYPE = 2
                     BRAVAIS LATTICE NAME = 02. Cubic I (body-centered)
                                    ibrav = 2
                                    IBRAV = 2
                                  BRAVAIS = BODY CENTERED CUBIC
                       LATTICE CONSTANT A = 8.52
                     Right-handed lattice = 1
(for primitive cell:)
                                    IBRAV = 2
                                  BRAVAIS = BODY CENTERED CUBIC
                       LATTICE CONSTANT A = 2.84
optimized lattice volume: 309.235
optimized primitive cell volume: 11.4532
Original cell was built up by 27 primitive cells.
              Number of rotation matrices = 48
              PURE POINT GROUP OPERATIONS = 48
                   SPACE GROUP OPERATIONS = 48
                              POINT GROUP = O_h
               POINT GROUP IN SPACE GROUP = O_h
 DONE : SYMMETRY Time : 0.108575 (SEC)

 DONE : SETUP UNITCELL Time : 0.108597 (SEC)


 >>>>>>>>>>>>>>>>>>>>>>>>>>>>>>>>>>>>>>>>>>>>>>>>>>>>>>>>>>>>>>>>>>>>>>
 |                                                                    |
 |                       #Setup K-points#                             |
 | We setup the k-points according to input parameters.               |
 | The reduced k-points are set according to symmetry operations.     |
 | We treat the spin as another set of k-points.                      |
 |                                                                    |
 <<<<<<<<<<<<<<<<<<<<<<<<<<<<<<<<<<<<<<<<<<<<<<<<<<<<<<<<<<<<<<<<<<<<<<


 SETUP K-POINTS
                                    nspin = 2
                   Input type of k points = Monkhorst-Pack(Gamma)
                                   nkstot = 216
                     Right-handed lattice = 0

 For reciprocal-space lattice
                     Bravais lattice type = 3
                     Bravais lattice name = 03. Cubic F (face-centered)
                     Right-handed lattice = 0

 For k-vectors
                     Bravais lattice type = 3
                     Bravais lattice name = 03. Cubic F (face-centered)
                     Right-handed lattice = 1
              Number of rotation matrices = 48
           Number of irreducible k-points = 16

 K-POINTS REDUCTION ACCORDING TO SYMMETRY
     IBZ    DIRECT_X    DIRECT_Y    DIRECT_Z  WEIGHT  ibz2bz
       1  0.00000000  0.00000000  0.00000000  0.0046       0
       2 -0.16666667  0.16666667  0.00000000  0.0556       1
       3 -0.33333333  0.33333333  0.00000000  0.0556       2
       4  0.50000000  0.50000000  0.00000000  0.0278       3
       5 -0.33333333  0.16666667  0.16666667  0.1111       7
       6  0.50000000  0.33333333  0.16666667  0.2222       8
       7  0.33333333  0.33333333  0.33333333  0.0370      14
       8  0.50000000  0.16666667  0.16666667  0.0370      43
       9  0.33333333  0.33333333  0.16666667  0.0556      44
      10 -0.16666667  0.16666667  0.16666667  0.0278      47
      11 -0.33333333  0.16666667  0.33333333  0.1111      52
      12  0.50000000  0.50000000  0.16666667  0.0556      57
      13  0.50000000  0.33333333  0.33333333  0.1111      58
      14 -0.33333333  0.33333333  0.33333333  0.0278      88
      15  0.50000000  0.50000000  0.33333333  0.0556      93
      16  0.50000000  0.50000000  0.50000000  0.0046     129

                               nkstot now = 16
 K-POINTS DIRECT COORDINATES
 KPOINTS    DIRECT_X    DIRECT_Y    DIRECT_Z  WEIGHT
       1  0.00000000  0.00000000  0.00000000  0.0046
       2 -0.16666667  0.16666667  0.00000000  0.0556
       3 -0.33333333  0.33333333  0.00000000  0.0556
       4  0.50000000  0.50000000  0.00000000  0.0278
       5 -0.33333333  0.16666667  0.16666667  0.1111
       6  0.50000000  0.33333333  0.16666667  0.2222
       7  0.33333333  0.33333333  0.33333333  0.0370
       8  0.50000000  0.16666667  0.16666667  0.0370
       9  0.33333333  0.33333333  0.16666667  0.0556
      10 -0.16666667  0.16666667  0.16666667  0.0278
      11 -0.33333333  0.16666667  0.33333333  0.1111
      12  0.50000000  0.50000000  0.16666667  0.0556
      13  0.50000000  0.33333333  0.33333333  0.1111
      14 -0.33333333  0.33333333  0.33333333  0.0278
      15  0.50000000  0.50000000  0.33333333  0.0556
      16  0.50000000  0.50000000  0.50000000  0.0046


       Number of k-points in this process = 16
       Minimum distributed k-point number = 16
                             nks(nspin=2) = 32
                          nkstot(nspin=2) = 32

 K-POINTS CARTESIAN COORDINATES
 KPOINTS CARTESIAN_X CARTESIAN_Y CARTESIAN_Z  WEIGHT
       1  0.00000000  0.00000000  0.00000000  0.0046
       2 -0.01956182  0.01956182  0.00000000  0.0556
       3 -0.03912363  0.03912363  0.00000000  0.0556
       4 -0.05868545 -0.05868545 -0.11737089  0.0278
       5 -0.03912363  0.01956182  0.01956182  0.1111
       6 -0.05868545 -0.07824726 -0.09780908  0.2222
       7 -0.07824726 -0.07824726 -0.07824726  0.0370
       8 -0.03912363 -0.07824726 -0.07824726  0.0370
       9 -0.05868545 -0.05868545 -0.07824726  0.0556
      10 -0.03912363  0.00000000  0.00000000  0.0278
      11 -0.05868545  0.00000000  0.01956182  0.1111
      12 -0.07824726 -0.07824726 -0.11737089  0.0556
      13 -0.07824726 -0.09780908 -0.09780908  0.1111
      14 -0.07824726  0.00000000  0.00000000  0.0278
      15 -0.09780908 -0.09780908 -0.11737089  0.0556
      16 -0.11737089 -0.11737089 -0.11737089  0.0046
      17  0.00000000  0.00000000  0.00000000  0.0046
      18 -0.01956182  0.01956182  0.00000000  0.0556
      19 -0.03912363  0.03912363  0.00000000  0.0556
      20 -0.05868545 -0.05868545 -0.11737089  0.0278
      21 -0.03912363  0.01956182  0.01956182  0.1111
      22 -0.05868545 -0.07824726 -0.09780908  0.2222
      23 -0.07824726 -0.07824726 -0.07824726  0.0370
      24 -0.03912363 -0.07824726 -0.07824726  0.0370
      25 -0.05868545 -0.05868545 -0.07824726  0.0556
      26 -0.03912363  0.00000000  0.00000000  0.0278
      27 -0.05868545  0.00000000  0.01956182  0.1111
      28 -0.07824726 -0.07824726 -0.11737089  0.0556
      29 -0.07824726 -0.09780908 -0.09780908  0.1111
      30 -0.07824726  0.00000000  0.00000000  0.0278
      31 -0.09780908 -0.09780908 -0.11737089  0.0556
      32 -0.11737089 -0.11737089 -0.11737089  0.0046


 K-POINTS DIRECT COORDINATES
 KPOINTS    DIRECT_X    DIRECT_Y    DIRECT_Z  WEIGHT
       1  0.00000000  0.00000000  0.00000000  0.0046
       2 -0.16666667  0.16666667  0.00000000  0.0556
       3 -0.33333333  0.33333333  0.00000000  0.0556
       4  0.50000000  0.50000000  0.00000000  0.0278
       5 -0.33333333  0.16666667  0.16666667  0.1111
       6  0.50000000  0.33333333  0.16666667  0.2222
       7  0.33333333  0.33333333  0.33333333  0.0370
       8  0.50000000  0.16666667  0.16666667  0.0370
       9  0.33333333  0.33333333  0.16666667  0.0556
      10 -0.16666667  0.16666667  0.16666667  0.0278
      11 -0.33333333  0.16666667  0.33333333  0.1111
      12  0.50000000  0.50000000  0.16666667  0.0556
      13  0.50000000  0.33333333  0.33333333  0.1111
      14 -0.33333333  0.33333333  0.33333333  0.0278
      15  0.50000000  0.50000000  0.33333333  0.0556
      16  0.50000000  0.50000000  0.50000000  0.0046
      17  0.00000000  0.00000000  0.00000000  0.0046
      18 -0.16666667  0.16666667  0.00000000  0.0556
      19 -0.33333333  0.33333333  0.00000000  0.0556
      20  0.50000000  0.50000000  0.00000000  0.0278
      21 -0.33333333  0.16666667  0.16666667  0.1111
      22  0.50000000  0.33333333  0.16666667  0.2222
      23  0.33333333  0.33333333  0.33333333  0.0370
      24  0.50000000  0.16666667  0.16666667  0.0370
      25  0.33333333  0.33333333  0.16666667  0.0556
      26 -0.16666667  0.16666667  0.16666667  0.0278
      27 -0.33333333  0.16666667  0.33333333  0.1111
      28  0.50000000  0.50000000  0.16666667  0.0556
      29  0.50000000  0.33333333  0.33333333  0.1111
      30 -0.33333333  0.33333333  0.33333333  0.0278
      31  0.50000000  0.50000000  0.33333333  0.0556
      32  0.50000000  0.50000000  0.50000000  0.0046

 DONE : INIT K-POINTS Time : 0.193349 (SEC)

 XC:	101	130	

 >>>>>>>>>>>>>>>>>>>>>>>>>>>>>>>>>>>>>>>>>>>>>>>>>>>>>>>>>>>>>>>>>>>>>>
 |                                                                    |
 | Setup charge mixing parameters                                     |
 |                                                                    |
 <<<<<<<<<<<<<<<<<<<<<<<<<<<<<<<<<<<<<<<<<<<<<<<<<<<<<<<<<<<<<<<<<<<<<<

                              mixing_type = broyden
                              mixing_beta = 0.3
                               mixing_gg0 = 1
                           mixing_gg0_min = 0.1
                          mixing_beta_mag = 1.2
                           mixing_gg0_mag = 0
                              mixing_ndim = 8


 >>>>>>>>>>>>>>>>>>>>>>>>>>>>>>>>>>>>>>>>>>>>>>>>>>>>>>>>>>>>>>>>>>>>>>
 |                                                                    |
 |              #Setup Plane Waves of Wave Functions#                 |
 | Use the kinetic energy cutoff and the lattice vectors to generate  |
 | the dimensions of FFT grid, which is used to represent the wave    |
 | functions of electrons.                                            |
 |                                                                    |
 <<<<<<<<<<<<<<<<<<<<<<<<<<<<<<<<<<<<<<<<<<<<<<<<<<<<<<<<<<<<<<<<<<<<<<

 SETUP PLANE WAVES FOR WAVE FUNCTIONS
     Energy cutoff for wavefunc (unit:Ry) = 60
              FFT grid for wave functions = [ 128, 128, 128 ]
              Number of total plane waves = 21001
        Number of sticks on FFT x-y plane = 1027

 PARALLEL PW FOR WAVE FUNCTIONS
     PROC   COLUMNS(POT)             PW
        1            128           2624
        2            128           2624
        3            128           2624
        4            128           2624
        5            128           2624
        6            129           2627
        7            129           2627
        8            129           2627
 --------------- sum -------------------
        8           1027          21001
 DONE : INIT PLANEWAVE Time : 0.232545 (SEC)

                                 init_chg = atomic
 DONE : LOCAL POTENTIAL Time : 0.26913 (SEC)


 SETUP NONLOCAL PSEUDOPOTENTIALS IN PLANE WAVE BASIS
 Fe non-local projectors:
 projector 1 L=0
 projector 2 L=0
 projector 3 L=1
 projector 4 L=1
 projector 5 L=2
 projector 6 L=2
      TOTAL NUMBER OF NONLOCAL PROJECTORS = 486

 Warning_Memory_Consuming allocated:  VNL::vkb 15.2394 MB

 Init Non-Local PseudoPotential table : 
 Init Non-Local-Pseudopotential done.
 DONE : NON-LOCAL POTENTIAL Time : 0.30417 (SEC)

                                     npwx = 2055

 Warning_Memory_Consuming allocated:  Psi_PW 286.978 MB

 Using ATOMIC starting wave functions with 270 atomic orbitals + 16 random orbitals (total 286 bands)

 Make real space PAO into reciprocal space.
       max mesh points in Pseudopotential = 1425
     dq(describe PAO in reciprocal space) = 0.01
                                    max q = 934

 number of pseudo atomic orbitals for Fe is 4
 DONE : INIT BASIS Time : 0.415812 (SEC)

 ================================================================
 SELF-CONSISTENT
 ================================================================

 Warning_Memory_Consuming allocated:  DiagSub::temp 8.96805 MB
 DONE : INIT SCF Time : 75.3651 (SEC)


 ++++++++++++++++++++++++++++++++++++++++++++++++++++++++++++++++++++++
 --> #ION MOVE#         1  #ELEC ITER#         1
 ++++++++++++++++++++++++++++++++++++++++++++++++++++++++++++++++++++++
 Average iterative diagonalization steps for k-points is 2.46875
 current threshold of diagonalizaiton is 0.01
 Notice: Threshold on eigenvalues was too large.
 hsover_error=4.32 > DRHO=3.96015
 Origin diag ethr = 0.01
 New diag ethr = 0.000916701
 Average iterative diagonalization steps for k-points is 2.03125
 current threshold of diagonalizaiton is 0.000916701
          Total magnetism (Bohr mag/cell) = 78.8277
       Absolute magnetism (Bohr mag/cell) = 79.9591
              Electron number for spin up = 255.414
            Electron number for spin down = 176.586
 Electron density deviation 4.48481
                          Diago Threshold = 0.000916701
 ----------------------------------------------------------
      Energy           Rydberg                 eV          
 ----------------------------------------------------------
  E_KohnSham     -6763.4903082570     -92022.0065600712    
  E_Harris       -6805.4911589001     -92593.4574496654    
  E_Fermi        1.4300135796         19.4563329002        
  E_gap(k)       0.0006293855         0.0085632296         
 ----------------------------------------------------------


 ++++++++++++++++++++++++++++++++++++++++++++++++++++++++++++++++++++++
 --> #ION MOVE#         1  #ELEC ITER#         2
 ++++++++++++++++++++++++++++++++++++++++++++++++++++++++++++++++++++++
 Average iterative diagonalization steps for k-points is 2
 current threshold of diagonalizaiton is 0.00103815
          Total magnetism (Bohr mag/cell) = 65.258
       Absolute magnetism (Bohr mag/cell) = 70.3886
              Electron number for spin up = 248.629
            Electron number for spin down = 183.371
 Electron density deviation 0.275284
                          Diago Threshold = 0.00103815
 ----------------------------------------------------------
      Energy           Rydberg                 eV          
 ----------------------------------------------------------
  E_KohnSham     -6763.9739754623     -92028.5871899991    
  E_Harris       -6793.0133285580     -92423.6878583348    
  E_Fermi        1.3647124860         18.5678659408        
  E_gap(k)       0.0005652989         0.0076912863         
 ----------------------------------------------------------


 ++++++++++++++++++++++++++++++++++++++++++++++++++++++++++++++++++++++
 --> #ION MOVE#         1  #ELEC ITER#         3
 ++++++++++++++++++++++++++++++++++++++++++++++++++++++++++++++++++++++
 Average iterative diagonalization steps for k-points is 2.40625
 current threshold of diagonalizaiton is 6.37232e-05
          Total magnetism (Bohr mag/cell) = 62.855
       Absolute magnetism (Bohr mag/cell) = 67.4074
              Electron number for spin up = 247.427
            Electron number for spin down = 184.573
 Electron density deviation 0.0355977
                          Diago Threshold = 6.37232e-05
 ----------------------------------------------------------
      Energy           Rydberg                 eV          
 ----------------------------------------------------------
  E_KohnSham     -6764.0541409006     -92029.6778967430    
  E_Harris       -6766.3658704819     -92061.1305912837    
  E_Fermi        1.3471871827         18.3294219577        
  E_gap(k)       0.0004254332         0.0057883153         
 ----------------------------------------------------------


 ++++++++++++++++++++++++++++++++++++++++++++++++++++++++++++++++++++++
 --> #ION MOVE#         1  #ELEC ITER#         4
 ++++++++++++++++++++++++++++++++++++++++++++++++++++++++++++++++++++++
 Average iterative diagonalization steps for k-points is 2
 current threshold of diagonalizaiton is 8.2402e-06
          Total magnetism (Bohr mag/cell) = 61.524
       Absolute magnetism (Bohr mag/cell) = 65.6216
              Electron number for spin up = 246.762
            Electron number for spin down = 185.238
 Electron density deviation 0.0143302
                          Diago Threshold = 8.2402e-06
 ----------------------------------------------------------
      Energy           Rydberg                 eV          
 ----------------------------------------------------------
  E_KohnSham     -6764.0659520377     -92029.8385955077    
  E_Harris       -6762.2943552377     -92005.7347844694    
  E_Fermi        1.3468634529         18.3250173876        
  E_gap(k)       0.0000267793         0.0003643509         
 ----------------------------------------------------------


 ++++++++++++++++++++++++++++++++++++++++++++++++++++++++++++++++++++++
 --> #ION MOVE#         1  #ELEC ITER#         5
 ++++++++++++++++++++++++++++++++++++++++++++++++++++++++++++++++++++++
 Average iterative diagonalization steps for k-points is 2
 current threshold of diagonalizaiton is 3.31719e-06
          Total magnetism (Bohr mag/cell) = 60.8238
       Absolute magnetism (Bohr mag/cell) = 64.805
              Electron number for spin up = 246.412
            Electron number for spin down = 185.588
 Electron density deviation 0.0843639
                          Diago Threshold = 3.31719e-06
 ----------------------------------------------------------
      Energy           Rydberg                 eV          
 ----------------------------------------------------------
  E_KohnSham     -6764.0655283616     -92029.8328310990    
  E_Harris       -6764.2053382472     -92031.7350421788    
  E_Fermi        1.3491907835         18.3566823446        
  E_gap(k)       0.0001734426         0.0023598072         
 ----------------------------------------------------------


 ++++++++++++++++++++++++++++++++++++++++++++++++++++++++++++++++++++++
 --> #ION MOVE#         1  #ELEC ITER#         6
 ++++++++++++++++++++++++++++++++++++++++++++++++++++++++++++++++++++++
 Average iterative diagonalization steps for k-points is 2
 current threshold of diagonalizaiton is 3.31719e-06
          Total magnetism (Bohr mag/cell) = 60.1941
       Absolute magnetism (Bohr mag/cell) = 64.0409
              Electron number for spin up = 246.097
            Electron number for spin down = 185.903
 Electron density deviation 0.00507811
                          Diago Threshold = 3.31719e-06
 ----------------------------------------------------------
      Energy           Rydberg                 eV          
 ----------------------------------------------------------
  E_KohnSham     -6764.0703571039     -92029.8985295072    
  E_Harris       -6765.8800861806     -92054.5211567868    
  E_Fermi        1.3509168269         18.3801663704        
  E_gap(k)       0.0002181834         0.0029685374         
 ----------------------------------------------------------


 ++++++++++++++++++++++++++++++++++++++++++++++++++++++++++++++++++++++
 --> #ION MOVE#         1  #ELEC ITER#         7
 ++++++++++++++++++++++++++++++++++++++++++++++++++++++++++++++++++++++
 Average iterative diagonalization steps for k-points is 2
 current threshold of diagonalizaiton is 1.17549e-06
          Total magnetism (Bohr mag/cell) = 60.0022
       Absolute magnetism (Bohr mag/cell) = 63.8335
              Electron number for spin up = 246.001
            Electron number for spin down = 185.999
 Electron density deviation 0.00309613
                          Diago Threshold = 1.17549e-06
 ----------------------------------------------------------
      Energy           Rydberg                 eV          
 ----------------------------------------------------------
  E_KohnSham     -6764.0707773165     -92029.9042467932    
  E_Harris       -6765.2595697393     -92046.0785974827    
  E_Fermi        1.3504933017         18.3744040141        
  E_gap(k)       0.0002048766         0.0027874891         
 ----------------------------------------------------------


 ++++++++++++++++++++++++++++++++++++++++++++++++++++++++++++++++++++++
 --> #ION MOVE#         1  #ELEC ITER#         8
 ++++++++++++++++++++++++++++++++++++++++++++++++++++++++++++++++++++++
 Average iterative diagonalization steps for k-points is 2
 current threshold of diagonalizaiton is 7.16696e-07
          Total magnetism (Bohr mag/cell) = 59.8221
       Absolute magnetism (Bohr mag/cell) = 63.6444
              Electron number for spin up = 245.911
            Electron number for spin down = 186.089
 Electron density deviation 0.000485815
                          Diago Threshold = 7.16696e-07
 ----------------------------------------------------------
      Energy           Rydberg                 eV          
 ----------------------------------------------------------
  E_KohnSham     -6764.0710830301     -92029.9084062404    
  E_Harris       -6764.1842368397     -92031.4479428020    
  E_Fermi        1.3497658326         18.3645062886        
  E_gap(k)       0.0001312393         0.0017856025         
 ----------------------------------------------------------


 ++++++++++++++++++++++++++++++++++++++++++++++++++++++++++++++++++++++
 --> #ION MOVE#         1  #ELEC ITER#         9
 ++++++++++++++++++++++++++++++++++++++++++++++++++++++++++++++++++++++
 Average iterative diagonalization steps for k-points is 2
 current threshold of diagonalizaiton is 1.12457e-07
          Total magnetism (Bohr mag/cell) = 59.7954
       Absolute magnetism (Bohr mag/cell) = 63.6179
              Electron number for spin up = 245.898
            Electron number for spin down = 186.102
 Electron density deviation 0.000397148
                          Diago Threshold = 1.12457e-07
 ----------------------------------------------------------
      Energy           Rydberg                 eV          
 ----------------------------------------------------------
  E_KohnSham     -6764.0711534824     -92029.9093647933    
  E_Harris       -6763.8678416374     -92027.1431652300    
  E_Fermi        1.3496015127         18.3622706016        
  E_gap(k)       0.0001138438         0.0015489239         
 ----------------------------------------------------------


 ++++++++++++++++++++++++++++++++++++++++++++++++++++++++++++++++++++++
 --> #ION MOVE#         1  #ELEC ITER#        10
 ++++++++++++++++++++++++++++++++++++++++++++++++++++++++++++++++++++++
 Average iterative diagonalization steps for k-points is 2
 current threshold of diagonalizaiton is 9.19323e-08
          Total magnetism (Bohr mag/cell) = 59.7931
       Absolute magnetism (Bohr mag/cell) = 63.6205
              Electron number for spin up = 245.897
            Electron number for spin down = 186.103
 Electron density deviation 0.000148464
                          Diago Threshold = 9.19323e-08
 ----------------------------------------------------------
      Energy           Rydberg                 eV          
 ----------------------------------------------------------
  E_KohnSham     -6764.0711615339     -92029.9094743395    
  E_Harris       -6763.7194715826     -92025.1244870723    
  E_Fermi        1.3495041263         18.3609455927        
  E_gap(k)       0.0003056580         0.0041586899         
 ----------------------------------------------------------


 ++++++++++++++++++++++++++++++++++++++++++++++++++++++++++++++++++++++
 --> #ION MOVE#         1  #ELEC ITER#        11
 ++++++++++++++++++++++++++++++++++++++++++++++++++++++++++++++++++++++
 Average iterative diagonalization steps for k-points is 2
 current threshold of diagonalizaiton is 3.43668e-08
          Total magnetism (Bohr mag/cell) = 59.8138
       Absolute magnetism (Bohr mag/cell) = 63.64
              Electron number for spin up = 245.907
            Electron number for spin down = 186.093
 Electron density deviation 6.39251e-05
                          Diago Threshold = 3.43668e-08
 ----------------------------------------------------------
      Energy           Rydberg                 eV          
 ----------------------------------------------------------
  E_KohnSham     -6764.0711524461     -92029.9093506939    
  E_Harris       -6763.7958925167     -92026.1642472225    
  E_Fermi        1.3495917402         18.3621376404        
  E_gap(k)       0.0000910114         0.0012382734         
 ----------------------------------------------------------


 ++++++++++++++++++++++++++++++++++++++++++++++++++++++++++++++++++++++
 --> #ION MOVE#         1  #ELEC ITER#        12
 ++++++++++++++++++++++++++++++++++++++++++++++++++++++++++++++++++++++
 Average iterative diagonalization steps for k-points is 2
 current threshold of diagonalizaiton is 1.47975e-08
          Total magnetism (Bohr mag/cell) = 59.8565
       Absolute magnetism (Bohr mag/cell) = 63.6801
              Electron number for spin up = 245.928
            Electron number for spin down = 186.072
 Electron density deviation 4.80177e-05
                          Diago Threshold = 1.47975e-08
 ----------------------------------------------------------
      Energy           Rydberg                 eV          
 ----------------------------------------------------------
  E_KohnSham     -6764.0711627138     -92029.9094903934    
  E_Harris       -6764.1515315149     -92031.0029640294    
  E_Fermi        1.3498274804         18.3653450498        
  E_gap(k)       0.0001173240         0.0015962743         
 ----------------------------------------------------------


 ++++++++++++++++++++++++++++++++++++++++++++++++++++++++++++++++++++++
 --> #ION MOVE#         1  #ELEC ITER#        13
 ++++++++++++++++++++++++++++++++++++++++++++++++++++++++++++++++++++++
 Average iterative diagonalization steps for k-points is 2
 current threshold of diagonalizaiton is 1.11152e-08
          Total magnetism (Bohr mag/cell) = 59.8452
       Absolute magnetism (Bohr mag/cell) = 63.6689
              Electron number for spin up = 245.923
            Electron number for spin down = 186.077
 Electron density deviation 5.35531e-06
                          Diago Threshold = 1.11152e-08
 ----------------------------------------------------------
      Energy           Rydberg                 eV          
 ----------------------------------------------------------
  E_KohnSham     -6764.0711666200     -92029.9095435395    
  E_Harris       -6764.1329600419     -92030.7502861757    
  E_Fermi        1.3497917955         18.3648595327        
  E_gap(k)       0.0000229472         0.0003122126         
 ----------------------------------------------------------


 ++++++++++++++++++++++++++++++++++++++++++++++++++++++++++++++++++++++
 --> #ION MOVE#         1  #ELEC ITER#        14
 ++++++++++++++++++++++++++++++++++++++++++++++++++++++++++++++++++++++
 Average iterative diagonalization steps for k-points is 2
 current threshold of diagonalizaiton is 1.23966e-09
          Total magnetism (Bohr mag/cell) = 59.8338
       Absolute magnetism (Bohr mag/cell) = 63.6554
              Electron number for spin up = 245.917
            Electron number for spin down = 186.083
 Electron density deviation 1.14591e-06
                          Diago Threshold = 1.23966e-09
 ----------------------------------------------------------
      Energy           Rydberg                 eV          
 ----------------------------------------------------------
  E_KohnSham     -6764.0711671719     -92029.9095510478    
  E_Harris       -6764.1046183614     -92030.3646778302    
  E_Fermi        1.3497658599         18.3645066600        
  E_gap(k)       0.0001597376         0.0021733411         
 ----------------------------------------------------------


 ++++++++++++++++++++++++++++++++++++++++++++++++++++++++++++++++++++++
 --> #ION MOVE#         1  #ELEC ITER#        15
 ++++++++++++++++++++++++++++++++++++++++++++++++++++++++++++++++++++++
 Average iterative diagonalization steps for k-points is 2
 current threshold of diagonalizaiton is 2.65256e-10
          Total magnetism (Bohr mag/cell) = 59.8279
       Absolute magnetism (Bohr mag/cell) = 63.6484
              Electron number for spin up = 245.914
            Electron number for spin down = 186.086
 Electron density deviation 1.56262e-06
                          Diago Threshold = 2.65256e-10
 ----------------------------------------------------------
      Energy           Rydberg                 eV          
 ----------------------------------------------------------
  E_KohnSham     -6764.0711672367     -92029.9095519296    
  E_Harris       -6764.0893390105     -92030.1567915966    
  E_Fermi        1.3497537905         18.3643424477        
  E_gap(k)       0.0001894979         0.0025782511         
 ----------------------------------------------------------


 ++++++++++++++++++++++++++++++++++++++++++++++++++++++++++++++++++++++
 --> #ION MOVE#         1  #ELEC ITER#        16
 ++++++++++++++++++++++++++++++++++++++++++++++++++++++++++++++++++++++
 Average iterative diagonalization steps for k-points is 2
 current threshold of diagonalizaiton is 2.65256e-10
          Total magnetism (Bohr mag/cell) = 59.8189
       Absolute magnetism (Bohr mag/cell) = 63.6382
              Electron number for spin up = 245.909
            Electron number for spin down = 186.091
 Electron density deviation 9.25974e-07
                          Diago Threshold = 2.65256e-10
 ----------------------------------------------------------
      Energy           Rydberg                 eV          
 ----------------------------------------------------------
  E_KohnSham     -6764.0711674636     -92029.9095550169    
  E_Harris       -6764.0618261135     -92029.7824594286    
  E_Fermi        1.3497327965         18.3640568095        
  E_gap(k)       0.0002436514         0.0033150473         
 ----------------------------------------------------------


 ++++++++++++++++++++++++++++++++++++++++++++++++++++++++++++++++++++++
 --> #ION MOVE#         1  #ELEC ITER#        17
 ++++++++++++++++++++++++++++++++++++++++++++++++++++++++++++++++++++++
 Average iterative diagonalization steps for k-points is 2
 current threshold of diagonalizaiton is 2.14346e-10
          Total magnetism (Bohr mag/cell) = 59.8161
       Absolute magnetism (Bohr mag/cell) = 63.6351
              Electron number for spin up = 245.908
            Electron number for spin down = 186.092
 Electron density deviation 3.92094e-07
                          Diago Threshold = 2.14346e-10
 ----------------------------------------------------------
      Energy           Rydberg                 eV          
 ----------------------------------------------------------
  E_KohnSham     -6764.0711674957     -92029.9095554544    
  E_Harris       -6764.0577152139     -92029.7265277701    
  E_Fermi        1.3497299565         18.3640181691        
  E_gap(k)       0.0002592743         0.0035276085         
 ----------------------------------------------------------


 ++++++++++++++++++++++++++++++++++++++++++++++++++++++++++++++++++++++
 --> #ION MOVE#         1  #ELEC ITER#        18
 ++++++++++++++++++++++++++++++++++++++++++++++++++++++++++++++++++++++
 Average iterative diagonalization steps for k-points is 2
 current threshold of diagonalizaiton is 9.07626e-11
          Total magnetism (Bohr mag/cell) = 59.8167
       Absolute magnetism (Bohr mag/cell) = 63.6357
              Electron number for spin up = 245.908
            Electron number for spin down = 186.092
 Electron density deviation 3.99568e-07
                          Diago Threshold = 9.07626e-11
 ----------------------------------------------------------
      Energy           Rydberg                 eV          
 ----------------------------------------------------------
  E_KohnSham     -6764.0711675113     -92029.9095556663    
  E_Harris       -6764.0642536997     -92029.8154884330    
  E_Fermi        1.3497361609         18.3641025846        
  E_gap(k)       0.0002562569         0.0034865535         
 ----------------------------------------------------------


 ++++++++++++++++++++++++++++++++++++++++++++++++++++++++++++++++++++++
 --> #ION MOVE#         1  #ELEC ITER#        19
 ++++++++++++++++++++++++++++++++++++++++++++++++++++++++++++++++++++++
 Average iterative diagonalization steps for k-points is 2
 current threshold of diagonalizaiton is 9.07626e-11
          Total magnetism (Bohr mag/cell) = 59.8153
       Absolute magnetism (Bohr mag/cell) = 63.634
              Electron number for spin up = 245.908
            Electron number for spin down = 186.092
 Electron density deviation 9.66348e-08
                          Diago Threshold = 9.07626e-11
 ----------------------------------------------------------
      Energy           Rydberg                 eV          
 ----------------------------------------------------------
  E_KohnSham     -6764.0711674599     -92029.9095549663    
  E_KS(sigma->0) -6764.0707728582     -92029.9041861356    
  E_Harris       -6764.0707751853     -92029.9042177970    
  E_band         -431.8035564035      -5874.9887837520     
  E_one_elec     -2767.6067470661     -37655.2215833434    
  E_Hartree      1648.8542577332      22433.8130767316     
  E_xc           -958.2866775388      -13038.1591320159    
  E_Ewald        -4687.0312113849     -63770.3311786772    
  E_entropy(-TS) -0.0007892033        -0.0107376615        
  E_descf        0.0000000000         0.0000000000         
  E_localpp      -5487.1029608158     -74655.8657797660    
  E_exx          0.0000000000         0.0000000000         
  E_Fermi        1.3497400591         18.3641556233        
  E_gap(k)       0.0002650566         0.0036062798         
 ----------------------------------------------------------

 #SCF IS CONVERGED#
 #TOTAL ENERGY# -92029.909555 eV
 Write eigenvalues and occupations to file: OUT.ABACUS/eig_occ.txt



 #TOTAL-FORCE (eV/Angstrom)#
 -------------------------------------------------------------------------
     Atoms              Force_x              Force_y              Force_z 
 -------------------------------------------------------------------------
       Fe1         0.0000000000         0.0000000000         0.0000000000 
       Fe2         0.0010961881         0.0010961881        -0.0010961881 
       Fe3        -0.0010961881        -0.0010961881         0.0010961881 
       Fe4         0.0010961881        -0.0010961881         0.0010961881 
       Fe5         0.0008060789         0.0000000000         0.0000000000 
       Fe6         0.0000000000        -0.0000489698         0.0000489698 
       Fe7        -0.0010961881         0.0010961881        -0.0010961881 
       Fe8         0.0000000000         0.0000489698        -0.0000489698 
       Fe9        -0.0008060789         0.0000000000         0.0000000000 
      Fe10        -0.0010961881         0.0010961881         0.0010961881 
      Fe11         0.0000000000         0.0008060789         0.0000000000 
      Fe12        -0.0000489698         0.0000000000         0.0000489698 
      Fe13         0.0000000000         0.0000000000         0.0008060789 
      Fe14         0.0010961881         0.0010961881         0.0010961881 
      Fe15         0.0000489698         0.0000489698         0.0000000000 
      Fe16        -0.0000489698         0.0000489698         0.0000000000 
      Fe17         0.0000489698         0.0000000000         0.0000489698 
      Fe18         0.0000000000        -0.0000489698        -0.0000489698 
      Fe19         0.0010961881        -0.0010961881        -0.0010961881 
      Fe20         0.0000489698         0.0000000000        -0.0000489698 
      Fe21         0.0000000000        -0.0008060789         0.0000000000 
      Fe22         0.0000489698        -0.0000489698         0.0000000000 
      Fe23         0.0000000000         0.0000489698         0.0000489698 
      Fe24        -0.0000489698         0.0000000000        -0.0000489698 
      Fe25         0.0000000000         0.0000000000        -0.0008060789 
      Fe26        -0.0000489698        -0.0000489698         0.0000000000 
      Fe27        -0.0010961881        -0.0010961881        -0.0010961881 
 -------------------------------------------------------------------------

 #TOTAL-STRESS (kbar)#
 ----------------------------------------------------------------
              Stress_x             Stress_y             Stress_z 
 ----------------------------------------------------------------
      -1968.0480256623         0.0000000000         0.0000000000 
          0.0000000000     -1968.0480256623        -0.0000000000 
         -0.0000000000        -0.0000000000     -1968.0480256623 
 ----------------------------------------------------------------
 #TOTAL-PRESSURE# (EXCLUDE KINETIC PART OF IONS): -1968.048026 kbar

 --------------------------------------------
 !FINAL_ETOT_IS -92029.9095549663325073 eV
 --------------------------------------------



TIME STATISTICS
-------------------------------------------------------------------
   CLASS_NAME          NAME        TIME/s   CALLS    AVG/s  PER/%  
-------------------------------------------------------------------
                 total             9955.09 17       585.59  100.00 
 Driver          atomic_world      9955.09 1        9955.09 100.00 
 Relax_Driver    relax_driver      9954.63 1        9954.63 100.00 
 ESolver_KS      runner            9941.07 1        9941.07 99.86  
 DiagoIterAssist diag_subspace     1390.85 608      2.29    13.97  
 Operator        hPsi              7868.78 413791   0.02    79.04  
 Operator        veff_pw           4700.89 413791   0.01    47.22  
 PW_Basis_K      recip2real        2182.32 770111   0.00    21.92  
 PW_Basis_K      real2recip        1937.69 587071   0.00    19.46  
 Operator        nonlocal_pw       3159.67 413791   0.01    31.74  
 Nonlocal        add_nonlocal_pp   1505.86 413791   0.00    15.13  
 ESolver_KS_PW   hamilt2rho_single 9860.01 20       493.00  99.04  
 HSolverPW       solve             9856.68 20       492.83  99.01  
 HSolverPW       solve_psik        9029.92 640      14.11   90.71  
 DiagoCG         diag_once         7700.82 640      12.03   77.36  
 ElecStatePW     psiToRho          820.89  20       41.04   8.25   
-------------------------------------------------------------------


 NAME-------------------------|MEMORY(MB)------------------
                         total      2914.4344
                        Psi_PW      2305.1768
                      VNL::vkb       122.4121
                 DiagSub::temp        72.0368
                      Chg::rho        32.0000
                 Chg::rho_save        32.0000
                     Pot::veff        32.0000
              Pot::veff_smooth        32.0000
              Veff<PW>::porter        32.0000
             Veff<PW>::porter1        32.0000
              Meta<PW>::porter        32.0000
                 ElecSPW::wfcr        32.0000
               ElecSPW::wfcr_a        32.0000
            Nonlocal<PW>::becp        16.9673
              Nonlocal<PW>::ps        16.9673
                 Chg::rho_core        16.0000
                 Pot::veff_fix        16.0000
                  PW_B_K::gcar        12.0901
                  DiagSub::hcc         9.9849
                  DiagSub::scc         9.9849
                  DiagSub::vcc         9.9849
                   PW_B_K::gk2         4.0300
                  SF::eigts123         2.5316
                     VNL::vkb1         2.2669
                  SF::strucFac         2.0019
                     Chg::rhog         2.0019
                Chg::rhog_save         2.0019
                      VNL::ylm         1.1334
             YlmReal::Ylm_Real         1.1334
                Chg::rhog_core         1.0009
 -------------   < 1.0 MB has been ignored ----------------
 ----------------------------------------------------------

 Start  Time  : Thu Mar 19 11:31:13 2026
 Finish Time  : Thu Mar 19 14:17:08 2026
 Total  Time  : 2 h 45 mins 55 secs 
