 Input  warning : gamma_only_local algorithm is not used.
 In SCAN_BEGIN, can't find: LATTICE_PARAMETERS block.
 AUTO_SET NBANDS to 0
 AUTO_SET NBANDS to 173
 cpu 2D distribution : 4*4
 but, the number of bands-row-block is 3
      Processor           Atom
              1             60
              2             64
              3             61
              4             56
              5             61
              6             63
              7             60
              8             57
              9             60
             10             63
             11             60
             12             57
             13             62
             14             63
             15             60
             16             57
                            startmag_type = 2
                       charge from rho_at = 3.95377
                         charge should be = 4
                       charge from rho_at = 3.99303
                         charge should be = 4

 SETUP ATOMIC RHO FOR SPIN 1
                 Electron number from rho = 288
           total electron number from rho = 288
                                should be = 288
                 charge before normalized = 288
                  charge after normalized = 288
                 charge before normalized = 288.000122267626
                  charge after normalized = 288
                 charge before normalized = 288.000168261582
                  charge after normalized = 288
                 charge before normalized = 288.000142334004
                  charge after normalized = 288
                 charge before normalized = 288.0001439421
                  charge after normalized = 288
                 charge before normalized = 288.000142553938
                  charge after normalized = 288
                 charge before normalized = 288.00014264367
                  charge after normalized = 288
                 charge before normalized = 288.000142714584
                  charge after normalized = 288
                 charge before normalized = 288.000142743447
                  charge after normalized = 288
                 charge before normalized = 288.000142744058
                  charge after normalized = 288
                 charge before normalized = 288.000142747771
                  charge after normalized = 288
                 charge before normalized = 288.00014274764
                  charge after normalized = 288
                 charge before normalized = 288.000142749767
                  charge after normalized = 288
                 charge before normalized = 288.000142749802
                  charge after normalized = 288
                 charge before normalized = 288.000142749833
                  charge after normalized = 288
                 charge before normalized = 288.000142749759
                  charge after normalized = 288
                 charge before normalized = 288.000142749765
                  charge after normalized = 288
                            startmag_type = 2
                       charge from rho_at = 3.95377434289291
                         charge should be = 4
                       charge from rho_at = 3.99303358802097
                         charge should be = 4

 SETUP ATOMIC RHO FOR SPIN 1
                 Electron number from rho = 288
           total electron number from rho = 288
                                should be = 288
                            startmag_type = 2
                       charge from rho_at = 3.95377434289291
                         charge should be = 4
                       charge from rho_at = 3.99303358802097
                         charge should be = 4

 SETUP ATOMIC RHO FOR SPIN 1
                 Electron number from rho = 288
           total electron number from rho = 288
                                should be = 288
      Processor           Atom
              1             60
              2             63
              3             61
              4             57
              5             61
              6             63
              7             60
              8             57
              9             60
             10             63
             11             60
             12             57
             13             62
             14             63
             15             60
             16             57
                 charge before normalized = 288
                  charge after normalized = 288
                 charge before normalized = 288.00014270181
                  charge after normalized = 288
                 charge before normalized = 288.000142709678
                  charge after normalized = 288
                 charge before normalized = 288.000142706873
                  charge after normalized = 288
                 charge before normalized = 288.000142709565
                  charge after normalized = 288
                 charge before normalized = 288.000142708845
                  charge after normalized = 288
                 charge before normalized = 288.000142709008
                  charge after normalized = 288
                 charge before normalized = 288.000142709231
                  charge after normalized = 288
                 charge before normalized = 288.000142709199
                  charge after normalized = 288
                 charge before normalized = 288.000142709182
                  charge after normalized = 288
                            startmag_type = 2
                       charge from rho_at = 3.95377434289291
                         charge should be = 4
                       charge from rho_at = 3.99303358802097
                         charge should be = 4

 SETUP ATOMIC RHO FOR SPIN 1
                 Electron number from rho = 288
           total electron number from rho = 288
                                should be = 288
                            startmag_type = 2
                       charge from rho_at = 3.95377434289291
                         charge should be = 4
                       charge from rho_at = 3.99303358802097
                         charge should be = 4

 SETUP ATOMIC RHO FOR SPIN 1
                 Electron number from rho = 288
           total electron number from rho = 288
                                should be = 288
      Processor           Atom
              1             60
              2             64
              3             61
              4             56
              5             61
              6             63
              7             60
              8             57
              9             60
             10             63
             11             60
             12             57
             13             62
             14             63
             15             60
             16             57
                 charge before normalized = 288
                  charge after normalized = 288
                 charge before normalized = 288.0001425805
                  charge after normalized = 288
                 charge before normalized = 288.000142584413
                  charge after normalized = 288
                 charge before normalized = 288.000142579526
                  charge after normalized = 288
                 charge before normalized = 288.00014258304
                  charge after normalized = 288
                 charge before normalized = 288.000142582289
                  charge after normalized = 288
                 charge before normalized = 288.000142582019
                  charge after normalized = 288
                 charge before normalized = 288.000142582656
                  charge after normalized = 288
                 charge before normalized = 288.000142582421
                  charge after normalized = 288
                 charge before normalized = 288.000142582408
                  charge after normalized = 288
                 charge before normalized = 288.000142582422
                  charge after normalized = 288
                            startmag_type = 2
                       charge from rho_at = 3.95377434289291
                         charge should be = 4
                       charge from rho_at = 3.99303358802097
                         charge should be = 4

 SETUP ATOMIC RHO FOR SPIN 1
                 Electron number from rho = 288
           total electron number from rho = 288
                                should be = 288
                            startmag_type = 2
                       charge from rho_at = 3.95377434289291
                         charge should be = 4
                       charge from rho_at = 3.99303358802097
                         charge should be = 4

 SETUP ATOMIC RHO FOR SPIN 1
                 Electron number from rho = 288
           total electron number from rho = 288
                                should be = 288
      Processor           Atom
              1             60
              2             63
              3             61
              4             57
              5             61
              6             63
              7             60
              8             57
              9             60
             10             63
             11             60
             12             57
             13             62
             14             63
             15             60
             16             57
                 charge before normalized = 288
                  charge after normalized = 288
                 charge before normalized = 288.000142443203
                  charge after normalized = 288
                 charge before normalized = 288.000142455802
                  charge after normalized = 288
                 charge before normalized = 288.000142445088
                  charge after normalized = 288
                 charge before normalized = 288.000142452298
                  charge after normalized = 288
                 charge before normalized = 288.000142450569
                  charge after normalized = 288
                 charge before normalized = 288.000142450321
                  charge after normalized = 288
                 charge before normalized = 288.000142450976
                  charge after normalized = 288
                 charge before normalized = 288.00014245073
                  charge after normalized = 288
                 charge before normalized = 288.00014245075
                  charge after normalized = 288
                 charge before normalized = 288.000142450743
                  charge after normalized = 288
                 charge before normalized = 288.000142450751
                  charge after normalized = 288
                            startmag_type = 2
                       charge from rho_at = 3.95377434289291
                         charge should be = 4
                       charge from rho_at = 3.99303358802097
                         charge should be = 4

 SETUP ATOMIC RHO FOR SPIN 1
                 Electron number from rho = 288
           total electron number from rho = 288
                                should be = 288
                            startmag_type = 2
                       charge from rho_at = 3.95377434289291
                         charge should be = 4
                       charge from rho_at = 3.99303358802097
                         charge should be = 4

 SETUP ATOMIC RHO FOR SPIN 1
                 Electron number from rho = 288
           total electron number from rho = 288
                                should be = 288
      Processor           Atom
              1             61
              2             63
              3             61
              4             57
              5             60
              6             63
              7             61
              8             57
              9             60
             10             63
             11             60
             12             56
             13             62
             14             63
             15             60
             16             57
                 charge before normalized = 288
                  charge after normalized = 288
                 charge before normalized = 288.000142383719
                  charge after normalized = 288
                 charge before normalized = 288.000142396345
                  charge after normalized = 288
                 charge before normalized = 288.000142386159
                  charge after normalized = 288
                 charge before normalized = 288.000142391934
                  charge after normalized = 288
                 charge before normalized = 288.000142390721
                  charge after normalized = 288
                 charge before normalized = 288.00014239094
                  charge after normalized = 288
                 charge before normalized = 288.000142391369
                  charge after normalized = 288
                 charge before normalized = 288.000142391141
                  charge after normalized = 288
                 charge before normalized = 288.000142391137
                  charge after normalized = 288
                 charge before normalized = 288.000142391155
                  charge after normalized = 288
                 charge before normalized = 288.000142391153
                  charge after normalized = 288
                            startmag_type = 2
                       charge from rho_at = 3.95377434289291
                         charge should be = 4
                       charge from rho_at = 3.99303358802097
                         charge should be = 4

 SETUP ATOMIC RHO FOR SPIN 1
                 Electron number from rho = 288
           total electron number from rho = 288
                                should be = 288
                            startmag_type = 2
                       charge from rho_at = 3.95377434289291
                         charge should be = 4
                       charge from rho_at = 3.99303358802097
                         charge should be = 4

 SETUP ATOMIC RHO FOR SPIN 1
                 Electron number from rho = 288
           total electron number from rho = 288
                                should be = 288
      Processor           Atom
              1             61
              2             63
              3             61
              4             57
              5             60
              6             64
              7             61
              8             57
              9             60
             10             63
             11             60
             12             57
             13             61
             14             63
             15             60
             16             57
                 charge before normalized = 288
                  charge after normalized = 288
                 charge before normalized = 288.000142474016
                  charge after normalized = 288
                 charge before normalized = 288.000142481469
                  charge after normalized = 288
                 charge before normalized = 288.000142479589
                  charge after normalized = 288
                 charge before normalized = 288.000142478504
                  charge after normalized = 288
                 charge before normalized = 288.000142479622
                  charge after normalized = 288
                 charge before normalized = 288.000142478902
                  charge after normalized = 288
                 charge before normalized = 288.000142479164
                  charge after normalized = 288
                 charge before normalized = 288.000142479249
                  charge after normalized = 288
                 charge before normalized = 288.000142479166
                  charge after normalized = 288
                 charge before normalized = 288.000142479218
                  charge after normalized = 288
                 charge before normalized = 288.000142479207
                  charge after normalized = 288
                            startmag_type = 2
                       charge from rho_at = 3.95377434289291
                         charge should be = 4
                       charge from rho_at = 3.99303358802097
                         charge should be = 4

 SETUP ATOMIC RHO FOR SPIN 1
                 Electron number from rho = 288
           total electron number from rho = 288
                                should be = 288
                            startmag_type = 2
                       charge from rho_at = 3.95377434289291
                         charge should be = 4
                       charge from rho_at = 3.99303358802097
                         charge should be = 4

 SETUP ATOMIC RHO FOR SPIN 1
                 Electron number from rho = 288
           total electron number from rho = 288
                                should be = 288
      Processor           Atom
              1             61
              2             64
              3             62
              4             57
              5             60
              6             64
              7             61
              8             57
              9             60
             10             63
             11             60
             12             56
             13             61
             14             63
             15             60
             16             57
                 charge before normalized = 288
                  charge after normalized = 288
                 charge before normalized = 288.000142236416
                  charge after normalized = 288
                 charge before normalized = 288.000142261336
                  charge after normalized = 288
                 charge before normalized = 288.000142245193
                  charge after normalized = 288
                 charge before normalized = 288.000142250333
                  charge after normalized = 288
                 charge before normalized = 288.000142250942
                  charge after normalized = 288
                 charge before normalized = 288.000142250851
                  charge after normalized = 288
                 charge before normalized = 288.000142250871
                  charge after normalized = 288
                 charge before normalized = 288.000142250708
                  charge after normalized = 288
                 charge before normalized = 288.000142250807
                  charge after normalized = 288
                 charge before normalized = 288.000142250784
                  charge after normalized = 288
                 charge before normalized = 288.000142250777
                  charge after normalized = 288
                            startmag_type = 2
                       charge from rho_at = 3.95377434289291
                         charge should be = 4
                       charge from rho_at = 3.99303358802097
                         charge should be = 4

 SETUP ATOMIC RHO FOR SPIN 1
                 Electron number from rho = 288
           total electron number from rho = 288
                                should be = 288
                            startmag_type = 2
                       charge from rho_at = 3.95377434289291
                         charge should be = 4
                       charge from rho_at = 3.99303358802097
                         charge should be = 4

 SETUP ATOMIC RHO FOR SPIN 1
                 Electron number from rho = 288
           total electron number from rho = 288
                                should be = 288
      Processor           Atom
              1             61
              2             64
              3             61
              4             57
              5             60
              6             63
              7             61
              8             57
              9             60
             10             63
             11             60
             12             56
             13             61
             14             63
             15             60
             16             56
                 charge before normalized = 288
                  charge after normalized = 288
                 charge before normalized = 288.000142035018
                  charge after normalized = 288
                 charge before normalized = 288.000142059643
                  charge after normalized = 288
                 charge before normalized = 288.000142033869
                  charge after normalized = 288
                 charge before normalized = 288.000142044259
                  charge after normalized = 288
                 charge before normalized = 288.000142043244
                  charge after normalized = 288
                 charge before normalized = 288.000142043667
                  charge after normalized = 288
                 charge before normalized = 288.000142044059
                  charge after normalized = 288
                 charge before normalized = 288.000142043635
                  charge after normalized = 288
                 charge before normalized = 288.000142043685
                  charge after normalized = 288
                 charge before normalized = 288.000142043683
                  charge after normalized = 288
                 charge before normalized = 288.000142043699
                  charge after normalized = 288
                 charge before normalized = 288.000142043699
                  charge after normalized = 288
                            startmag_type = 2
                       charge from rho_at = 3.95377434289291
                         charge should be = 4
                       charge from rho_at = 3.99303358802097
                         charge should be = 4

 SETUP ATOMIC RHO FOR SPIN 1
                 Electron number from rho = 288
           total electron number from rho = 288
                                should be = 288
                            startmag_type = 2
                       charge from rho_at = 3.95377434289291
                         charge should be = 4
                       charge from rho_at = 3.99303358802097
                         charge should be = 4

 SETUP ATOMIC RHO FOR SPIN 1
                 Electron number from rho = 288
           total electron number from rho = 288
                                should be = 288
      Processor           Atom
              1             61
              2             64
              3             61
              4             57
              5             61
              6             63
              7             61
              8             57
              9             61
             10             63
             11             60
             12             57
             13             61
             14             63
             15             60
             16             56
                 charge before normalized = 288
                  charge after normalized = 288
                 charge before normalized = 288.000142154497
                  charge after normalized = 288
                 charge before normalized = 288.000142168497
                  charge after normalized = 288
                 charge before normalized = 288.000142140814
                  charge after normalized = 288
                 charge before normalized = 288.000142151586
                  charge after normalized = 288
                 charge before normalized = 288.0001421509
                  charge after normalized = 288
                 charge before normalized = 288.000142151308
                  charge after normalized = 288
                 charge before normalized = 288.000142150928
                  charge after normalized = 288
                 charge before normalized = 288.000142150881
                  charge after normalized = 288
                 charge before normalized = 288.000142150813
                  charge after normalized = 288
                 charge before normalized = 288.000142150881
                  charge after normalized = 288
                 charge before normalized = 288.000142150862
                  charge after normalized = 288
                            startmag_type = 2
                       charge from rho_at = 3.95377434289291
                         charge should be = 4
                       charge from rho_at = 3.99303358802097
                         charge should be = 4

 SETUP ATOMIC RHO FOR SPIN 1
                 Electron number from rho = 288
           total electron number from rho = 288
                                should be = 288
                            startmag_type = 2
                       charge from rho_at = 3.95377434289291
                         charge should be = 4
                       charge from rho_at = 3.99303358802097
                         charge should be = 4

 SETUP ATOMIC RHO FOR SPIN 1
                 Electron number from rho = 288
           total electron number from rho = 288
                                should be = 288
      Processor           Atom
              1             61
              2             63
              3             61
              4             57
              5             60
              6             63
              7             62
              8             57
              9             60
             10             63
             11             60
             12             57
             13             61
             14             63
             15             60
             16             57
                 charge before normalized = 288
                  charge after normalized = 288
                 charge before normalized = 288.000142149412
                  charge after normalized = 288
                 charge before normalized = 288.000142179379
                  charge after normalized = 288
                 charge before normalized = 288.000142147811
                  charge after normalized = 288
                 charge before normalized = 288.000142158309
                  charge after normalized = 288
                 charge before normalized = 288.000142159537
                  charge after normalized = 288
                 charge before normalized = 288.000142159603
                  charge after normalized = 288
                 charge before normalized = 288.000142159372
                  charge after normalized = 288
                 charge before normalized = 288.000142159388
                  charge after normalized = 288
                 charge before normalized = 288.000142159304
                  charge after normalized = 288
                 charge before normalized = 288.000142159365
                  charge after normalized = 288
                 charge before normalized = 288.000142159354
                  charge after normalized = 288
                            startmag_type = 2
                       charge from rho_at = 3.95377434289291
                         charge should be = 4
                       charge from rho_at = 3.99303358802097
                         charge should be = 4

 SETUP ATOMIC RHO FOR SPIN 1
                 Electron number from rho = 288
           total electron number from rho = 288
                                should be = 288
                            startmag_type = 2
                       charge from rho_at = 3.95377434289291
                         charge should be = 4
                       charge from rho_at = 3.99303358802097
                         charge should be = 4

 SETUP ATOMIC RHO FOR SPIN 1
                 Electron number from rho = 288
           total electron number from rho = 288
                                should be = 288
      Processor           Atom
              1             61
              2             63
              3             61
              4             57
              5             60
              6             63
              7             61
              8             58
              9             61
             10             63
             11             61
             12             57
             13             61
             14             63
             15             60
             16             57
                 charge before normalized = 288
                  charge after normalized = 288
                 charge before normalized = 288.000142205507
                  charge after normalized = 288
                 charge before normalized = 288.000142220959
                  charge after normalized = 288
                 charge before normalized = 288.000142193182
                  charge after normalized = 288
                 charge before normalized = 288.000142202486
                  charge after normalized = 288
                 charge before normalized = 288.000142202875
                  charge after normalized = 288
                 charge before normalized = 288.000142203735
                  charge after normalized = 288
                 charge before normalized = 288.000142203209
                  charge after normalized = 288
                 charge before normalized = 288.000142203117
                  charge after normalized = 288
                 charge before normalized = 288.000142203106
                  charge after normalized = 288
                 charge before normalized = 288.000142203148
                  charge after normalized = 288
                 charge before normalized = 288.000142203138
                  charge after normalized = 288
