WARNING: Total thread number on this node mismatches with hardware availability. This may cause poor performance.
Info: Local MPI proc number: 16,OpenMP thread number: 1,Total thread number: 16,Local thread limit: 32
 *********************************************************
 *                                                       *
 *                  WELCOME TO ABACUS v3.0               *
 *                                                       *
 *            'Atomic-orbital Based Ab-initio            *
 *                  Computation at UStc'                 *
 *                                                       *
 *          Website: http://abacus.ustc.edu.cn/          *
 *                                                       *
 *********************************************************
 Mon May 22 14:16:29 2023
 MAKE THE DIR         : OUT.ABACUS/
 MAKE THE STRU DIR    : OUT.ABACUS/STRU/
 UNIFORM GRID DIM     : 120 * 120 * 128
 UNIFORM GRID DIM(BIG): 60 * 60 * 64
 DONE(0.0868881  SEC) : SETUP UNITCELL
 DONE(0.0941858  SEC) : INIT K-POINTS
 ---------------------------------------------------------
 Molecular Dynamics simulations
 ---------------------------------------------------------
 ENSEMBLE                 : Langevin
 Time interval(fs)        : 1
 ---------------------------------------------------------
 SPIN    KPOINTS         PROCESSORS  NBASE       
 1       36              16          1584        
 ---------------------------------------------------------
 Use Systematically Improvable Atomic bases
 ---------------------------------------------------------
 ELEMENT ORBITALS        NBASE       NATOM       XC          
 Si      3s3p2d-9au      22          36          
 C       3s3p2d-9au      22          36          
 ---------------------------------------------------------
 Initial plane wave basis and FFT box
 ---------------------------------------------------------
--------------------------------- INITVEL DONE ------------------------------------
 -------------------------------------------
 STEP OF MOLECULAR DYNAMICS : 0
 -------------------------------------------
 START CHARGE      : atomic
 DONE(10.6833    SEC) : INIT SCF
 ITER   ETOT(eV)       EDIFF(eV)      DRHO       TIME(s)    
 GE1    -9.384315e+03  0.000000e+00   2.690e-01  1.102e+02  
 GE2    -9.437089e+03  -5.277380e+01  1.549e-01  1.028e+02  
 GE3    -9.450062e+03  -1.297269e+01  2.844e-02  1.041e+02  
 GE4    -9.435546e+03  1.451601e+01   6.571e-02  1.031e+02  
 GE5    -9.454817e+03  -1.927115e+01  8.422e-03  1.036e+02  
 GE6    -9.454906e+03  -8.901774e-02  4.080e-03  1.036e+02  
 GE7    -9.454936e+03  -3.043382e-02  1.619e-03  1.031e+02  
 GE8    -9.454944e+03  -7.655901e-03  1.413e-03  1.039e+02  
 GE9    -9.454939e+03  4.537653e-03   1.115e-03  1.023e+02  
 GE10   -9.454940e+03  -8.085992e-04  4.385e-04  1.041e+02  
 GE11   -9.454941e+03  -7.769154e-04  1.865e-04  1.016e+02  
 GE12   -9.454941e+03  -6.917103e-05  7.791e-05  1.041e+02  
 GE13   -9.454941e+03  -1.772193e-05  2.385e-05  1.017e+02  
 GE14   -9.454941e+03  -1.870082e-06  7.603e-06  1.039e+02  
 GE15   -9.454941e+03  -4.825826e-08  5.868e-06  1.015e+02  
 GE16   -9.454941e+03  -8.027679e-08  2.674e-06  1.037e+02  
 GE17   -9.454941e+03  -1.999070e-08  1.552e-06  1.016e+02  
 GE18   -9.454941e+03  -3.767977e-09  5.788e-07  1.035e+02  
 ><><><><><><><><><><><><><><><><><><><><><><
 TOTAL-STRESS (KBAR):
 ><><><><><><><><><><><><><><><><><><><><><><
 -4.647e+01     3.682e+00      6.591e+00      
 3.682e+00      -7.377e+01     -1.774e+01     
 6.591e+00      -1.774e+01     -1.060e+02     
 TOTAL-PRESSURE: -7.540e+01 KBAR
 ------------------------------------------------------------------------------------------------
 Energy              Potential           Kinetic             Temperature         Pressure (KBAR)     
 -3.475e+02          -3.475e+02          3.373e-03           1.000e+01           -7.527e+01          
 ------------------------------------------------------------------------------------------------
 -------------------------------------------
 STEP OF MOLECULAR DYNAMICS : 1
 -------------------------------------------
 DONE(1.971e+03  SEC) : INIT SCF
 ITER   ETOT(eV)       EDIFF(eV)      DRHO       TIME(s)    
 GE1    -9.454941e+03  0.000000e+00   3.952e-04  1.086e+02  
 GE2    -9.454941e+03  -4.543466e-06  1.864e-04  1.010e+02  
 GE3    -9.454941e+03  -3.436234e-05  1.932e-04  1.025e+02  
 GE4    -9.454941e+03  -1.171367e-04  5.825e-05  1.009e+02  
 GE5    -9.454941e+03  -1.153746e-05  3.977e-05  1.025e+02  
 GE6    -9.454941e+03  -6.063595e-06  1.211e-05  1.009e+02  
 GE7    -9.454941e+03  -4.131133e-07  4.306e-06  1.026e+02  
 GE8    -9.454941e+03  -6.505948e-08  1.504e-06  1.009e+02  
 GE9    -9.454941e+03  -2.654290e-09  7.128e-07  1.026e+02  
 ><><><><><><><><><><><><><><><><><><><><><><
 TOTAL-STRESS (KBAR):
 ><><><><><><><><><><><><><><><><><><><><><><
 -4.649e+01     3.701e+00      6.531e+00      
 3.701e+00      -7.381e+01     -1.775e+01     
 6.531e+00      -1.775e+01     -1.059e+02     
 TOTAL-PRESSURE: -7.540e+01 KBAR
 ------------------------------------------------------------------------------------------------
 Energy              Potential           Kinetic             Temperature         Pressure (KBAR)     
 -3.475e+02          -3.475e+02          7.168e-03           2.125e+01           -7.514e+01          
 ------------------------------------------------------------------------------------------------
 -------------------------------------------
 STEP OF MOLECULAR DYNAMICS : 2
 -------------------------------------------
 DONE(2.993e+03  SEC) : INIT SCF
 ITER   ETOT(eV)       EDIFF(eV)      DRHO       TIME(s)    
 GE1    -9.454948e+03  0.000000e+00   1.510e-03  1.069e+02  
 GE2    -9.454947e+03  9.654868e-04   9.865e-04  1.001e+02  
 GE3    -9.454949e+03  -2.390833e-03  8.724e-04  9.695e+01  
 GE4    -9.454951e+03  -2.144394e-03  2.408e-04  9.706e+01  
 GE5    -9.454951e+03  -1.747133e-04  1.706e-04  9.700e+01  
 GE6    -9.454951e+03  -1.043690e-04  5.669e-05  9.711e+01  
 GE7    -9.454951e+03  -9.797516e-06  2.511e-05  9.707e+01  
 GE8    -9.454951e+03  -1.965010e-06  5.080e-06  9.705e+01  
 GE9    -9.454951e+03  -6.789011e-08  2.085e-06  9.709e+01  
 GE10   -9.454951e+03  -4.250576e-09  8.100e-07  9.707e+01  
 ><><><><><><><><><><><><><><><><><><><><><><
 TOTAL-STRESS (KBAR):
 ><><><><><><><><><><><><><><><><><><><><><><
 -4.649e+01     4.028e+00      6.230e+00      
 4.028e+00      -7.393e+01     -1.789e+01     
 6.230e+00      -1.789e+01     -1.060e+02     
 TOTAL-PRESSURE: -7.549e+01 KBAR
 ------------------------------------------------------------------------------------------------
 Energy              Potential           Kinetic             Temperature         Pressure (KBAR)     
 -3.474e+02          -3.475e+02          1.876e-02           5.562e+01           -7.480e+01          
 ------------------------------------------------------------------------------------------------
 -------------------------------------------
 STEP OF MOLECULAR DYNAMICS : 3
 -------------------------------------------
 DONE(4.072e+03  SEC) : INIT SCF
 ITER   ETOT(eV)       EDIFF(eV)      DRHO       TIME(s)    
 GE1    -9.454913e+03  0.000000e+00   1.805e-03  1.027e+02  
 GE2    -9.454910e+03  2.403062e-03   1.220e-03  9.698e+01  
 GE3    -9.454913e+03  -3.197825e-03  1.145e-03  9.698e+01  
 GE4    -9.454918e+03  -4.242743e-03  3.293e-04  9.699e+01  
 GE5    -9.454918e+03  -3.366638e-04  1.874e-04  9.705e+01  
 GE6    -9.454918e+03  -1.205475e-04  6.449e-05  9.705e+01  
 GE7    -9.454918e+03  -1.265441e-05  2.896e-05  9.702e+01  
 GE8    -9.454918e+03  -2.660650e-06  6.995e-06  9.706e+01  
 GE9    -9.454918e+03  -1.342118e-07  3.366e-06  9.716e+01  
 GE10   -9.454918e+03  -4.227838e-08  1.749e-06  9.708e+01  
 GE11   -9.454918e+03  -9.248250e-09  5.600e-07  9.706e+01  
 ><><><><><><><><><><><><><><><><><><><><><><
 TOTAL-STRESS (KBAR):
 ><><><><><><><><><><><><><><><><><><><><><><
 -4.576e+01     4.516e+00      5.891e+00      
 4.516e+00      -7.438e+01     -1.769e+01     
 5.891e+00      -1.769e+01     -1.059e+02     
 TOTAL-PRESSURE: -7.534e+01 KBAR
 ------------------------------------------------------------------------------------------------
 Energy              Potential           Kinetic             Temperature         Pressure (KBAR)     
 -3.474e+02          -3.475e+02          2.401e-02           7.119e+01           -7.446e+01          
 ------------------------------------------------------------------------------------------------
 -------------------------------------------
 STEP OF MOLECULAR DYNAMICS : 4
 -------------------------------------------
 DONE(5.240e+03  SEC) : INIT SCF
 ITER   ETOT(eV)       EDIFF(eV)      DRHO       TIME(s)    
 GE1    -9.454913e+03  0.000000e+00   2.347e-03  1.029e+02  
 GE2    -9.454911e+03  1.720644e-03   1.408e-03  9.708e+01  
 GE3    -9.454916e+03  -4.783561e-03  1.324e-03  9.716e+01  
 GE4    -9.454921e+03  -4.924086e-03  3.192e-04  9.718e+01  
 GE5    -9.454921e+03  -2.352527e-04  2.277e-04  9.709e+01  
 GE6    -9.454921e+03  -2.067766e-04  9.471e-05  9.711e+01  
 GE7    -9.454921e+03  -3.079038e-05  3.626e-05  9.717e+01  
 GE8    -9.454921e+03  -4.215408e-06  7.310e-06  9.720e+01  
 GE9    -9.454921e+03  -1.072884e-07  3.697e-06  9.723e+01  
 GE10   -9.454921e+03  -5.146940e-08  1.945e-06  9.724e+01  
 GE11   -9.454921e+03  -1.178808e-08  6.961e-07  9.734e+01  
 ><><><><><><><><><><><><><><><><><><><><><><
 TOTAL-STRESS (KBAR):
 ><><><><><><><><><><><><><><><><><><><><><><
 -4.601e+01     5.015e+00      6.060e+00      
 5.015e+00      -7.377e+01     -1.765e+01     
 6.060e+00      -1.765e+01     -1.064e+02     
 TOTAL-PRESSURE: -7.539e+01 KBAR
 ------------------------------------------------------------------------------------------------
 Energy              Potential           Kinetic             Temperature         Pressure (KBAR)     
 -3.474e+02          -3.475e+02          3.981e-02           1.180e+02           -7.393e+01          
 ------------------------------------------------------------------------------------------------
 -------------------------------------------
 STEP OF MOLECULAR DYNAMICS : 5
 -------------------------------------------
 DONE(6.410e+03  SEC) : INIT SCF
 ITER   ETOT(eV)       EDIFF(eV)      DRHO       TIME(s)    
 GE1    -9.454926e+03  0.000000e+00   2.586e-03  1.031e+02  
 GE2    -9.454922e+03  3.843047e-03   1.583e-03  9.724e+01  
 GE3    -9.454928e+03  -5.702954e-03  1.578e-03  9.724e+01  
 GE4    -9.454935e+03  -7.580918e-03  3.767e-04  9.724e+01  
 GE5    -9.454936e+03  -3.432171e-04  2.585e-04  9.729e+01  
 GE6    -9.454936e+03  -2.662870e-04  1.070e-04  9.722e+01  
 GE7    -9.454936e+03  -3.653561e-05  3.702e-05  9.720e+01  
 GE8    -9.454936e+03  -4.368599e-06  6.535e-06  9.724e+01  
 GE9    -9.454936e+03  -7.014378e-08  4.509e-06  9.720e+01  
 GE10   -9.454936e+03  -8.299759e-08  2.090e-06  9.720e+01  
 GE11   -9.454936e+03  -1.474554e-08  5.934e-07  9.719e+01  
 ><><><><><><><><><><><><><><><><><><><><><><
 TOTAL-STRESS (KBAR):
 ><><><><><><><><><><><><><><><><><><><><><><
 -4.547e+01     5.529e+00      5.948e+00      
 5.529e+00      -7.484e+01     -1.778e+01     
 5.948e+00      -1.778e+01     -1.061e+02     
 TOTAL-PRESSURE: -7.546e+01 KBAR
 ------------------------------------------------------------------------------------------------
 Energy              Potential           Kinetic             Temperature         Pressure (KBAR)     
 -3.474e+02          -3.475e+02          4.471e-02           1.326e+02           -7.382e+01          
 ------------------------------------------------------------------------------------------------
 -------------------------------------------
 STEP OF MOLECULAR DYNAMICS : 6
 -------------------------------------------
 DONE(7.581e+03  SEC) : INIT SCF
 ITER   ETOT(eV)       EDIFF(eV)      DRHO       TIME(s)    
 GE1    -9.454890e+03  0.000000e+00   2.624e-03  1.031e+02  
 GE2    -9.454890e+03  -7.076235e-04  1.506e-03  9.737e+01  
 GE3    -9.454895e+03  -4.479187e-03  1.240e-03  9.841e+01  
 GE4    -9.454899e+03  -3.967973e-03  3.449e-04  9.826e+01  
 GE5    -9.454899e+03  -2.340248e-04  2.338e-04  9.740e+01  
 GE6    -9.454899e+03  -2.145550e-04  1.108e-04  9.732e+01  
 GE7    -9.454899e+03  -4.208843e-05  3.665e-05  9.733e+01  
 GE8    -9.454899e+03  -4.890757e-06  8.388e-06  9.738e+01  
 GE9    -9.454899e+03  -1.551800e-07  3.078e-06  9.736e+01  
 GE10   -9.454899e+03  -2.887700e-08  1.900e-06  9.743e+01  
 GE11   -9.454899e+03  -9.526672e-09  7.939e-07  9.737e+01  
 ><><><><><><><><><><><><><><><><><><><><><><
 TOTAL-STRESS (KBAR):
 ><><><><><><><><><><><><><><><><><><><><><><
 -4.569e+01     5.858e+00      6.239e+00      
 5.858e+00      -7.443e+01     -1.772e+01     
 6.239e+00      -1.772e+01     -1.058e+02     
 TOTAL-PRESSURE: -7.532e+01 KBAR
 ------------------------------------------------------------------------------------------------
 Energy              Potential           Kinetic             Temperature         Pressure (KBAR)     
 -3.474e+02          -3.475e+02          6.279e-02           1.862e+02           -7.302e+01          
 ------------------------------------------------------------------------------------------------
 -------------------------------------------
 STEP OF MOLECULAR DYNAMICS : 7
 -------------------------------------------
 DONE(8.755e+03  SEC) : INIT SCF
 ITER   ETOT(eV)       EDIFF(eV)      DRHO       TIME(s)    
 GE1    -9.454821e+03  0.000000e+00   3.256e-03  1.030e+02  
 GE2    -9.454816e+03  5.120800e-03   1.865e-03  9.720e+01  
 GE3    -9.454824e+03  -8.108539e-03  1.839e-03  9.708e+01  
 GE4    -9.454835e+03  -1.106321e-02  4.605e-04  9.714e+01  
 GE5    -9.454835e+03  -5.425981e-04  3.213e-04  9.720e+01  
 GE6    -9.454836e+03  -3.890234e-04  1.356e-04  9.716e+01  
 GE7    -9.454836e+03  -5.985430e-05  4.417e-05  9.711e+01  
 GE8    -9.454836e+03  -6.568684e-06  1.023e-05  9.705e+01  
 GE9    -9.454836e+03  -2.343555e-07  4.794e-06  9.713e+01  
 GE10   -9.454836e+03  -8.181430e-08  2.566e-06  9.705e+01  
 GE11   -9.454836e+03  -2.881049e-08  1.042e-06  9.693e+01  
 GE12   -9.454836e+03  -2.929618e-09  2.686e-07  9.703e+01  
 ><><><><><><><><><><><><><><><><><><><><><><
 TOTAL-STRESS (KBAR):
 ><><><><><><><><><><><><><><><><><><><><><><
 -4.610e+01     7.072e+00      6.787e+00      
 7.072e+00      -7.364e+01     -1.802e+01     
 6.787e+00      -1.802e+01     -1.052e+02     
 TOTAL-PRESSURE: -7.497e+01 KBAR
 ------------------------------------------------------------------------------------------------
 Energy              Potential           Kinetic             Temperature         Pressure (KBAR)     
 -3.474e+02          -3.475e+02          7.784e-02           2.308e+02           -7.212e+01          
 ------------------------------------------------------------------------------------------------
 -------------------------------------------
 STEP OF MOLECULAR DYNAMICS : 8
 -------------------------------------------
 DONE(1.002e+04  SEC) : INIT SCF
 ITER   ETOT(eV)       EDIFF(eV)      DRHO       TIME(s)    
 GE1    -9.454822e+03  0.000000e+00   3.564e-03  1.028e+02  
 GE2    -9.454823e+03  -1.174472e-03  2.080e-03  9.704e+01  
 GE3    -9.454833e+03  -1.005447e-02  1.672e-03  9.705e+01  
 GE4    -9.454841e+03  -7.525150e-03  4.353e-04  1.006e+02  
 GE5    -9.454841e+03  -3.375928e-04  2.287e-04  1.017e+02  
 GE6    -9.454841e+03  -1.600458e-04  1.303e-04  1.017e+02  
 GE7    -9.454841e+03  -5.174116e-05  4.335e-05  1.017e+02  
 GE8    -9.454841e+03  -8.128378e-06  1.707e-05  9.920e+01  
 GE9    -9.454841e+03  -1.057243e-06  4.758e-06  9.794e+01  
 GE10   -9.454841e+03  -5.521263e-08  1.449e-06  9.707e+01  
 GE11   -9.454841e+03  -3.819021e-09  1.079e-06  9.726e+01  
 GE12   -9.454841e+03  -2.694506e-09  4.960e-07  9.708e+01  
 ><><><><><><><><><><><><><><><><><><><><><><
 TOTAL-STRESS (KBAR):
 ><><><><><><><><><><><><><><><><><><><><><><
 -4.707e+01     7.532e+00      7.147e+00      
 7.532e+00      -7.346e+01     -1.870e+01     
 7.147e+00      -1.870e+01     -1.050e+02     
 TOTAL-PRESSURE: -7.519e+01 KBAR
 ------------------------------------------------------------------------------------------------
 Energy              Potential           Kinetic             Temperature         Pressure (KBAR)     
 -3.474e+02          -3.475e+02          7.391e-02           2.191e+02           -7.248e+01          
 ------------------------------------------------------------------------------------------------
 -------------------------------------------
 STEP OF MOLECULAR DYNAMICS : 9
 -------------------------------------------
 DONE(1.131e+04  SEC) : INIT SCF
 ITER   ETOT(eV)       EDIFF(eV)      DRHO       TIME(s)    
 GE1    -9.454768e+03  0.000000e+00   3.395e-03  1.028e+02  
 GE2    -9.454764e+03  3.926067e-03   2.132e-03  9.701e+01  
 GE3    -9.454777e+03  -1.261787e-02  1.907e-03  9.696e+01  
 GE4    -9.454786e+03  -9.134216e-03  3.867e-04  9.699e+01  
 GE5    -9.454786e+03  -2.475211e-04  2.130e-04  9.696e+01  
 GE6    -9.454786e+03  -1.291901e-04  1.163e-04  9.687e+01  
 GE7    -9.454786e+03  -4.005707e-05  4.675e-05  9.679e+01  
 GE8    -9.454786e+03  -8.753075e-06  1.582e-05  9.689e+01  
 GE9    -9.454786e+03  -8.257857e-07  4.192e-06  9.691e+01  
 GE10   -9.454786e+03  -4.276871e-08  1.181e-06  9.694e+01  
 GE11   -9.454786e+03  6.604788e-10   7.373e-07  9.700e+01  
 ><><><><><><><><><><><><><><><><><><><><><><
 TOTAL-STRESS (KBAR):
 ><><><><><><><><><><><><><><><><><><><><><><
 -4.732e+01     7.275e+00      6.681e+00      
 7.275e+00      -7.350e+01     -1.834e+01     
 6.681e+00      -1.834e+01     -1.044e+02     
 TOTAL-PRESSURE: -7.506e+01 KBAR
 ------------------------------------------------------------------------------------------------
 Energy              Potential           Kinetic             Temperature         Pressure (KBAR)     
 -3.474e+02          -3.475e+02          7.682e-02           2.278e+02           -7.225e+01          
 ------------------------------------------------------------------------------------------------
 -------------------------------------------
 STEP OF MOLECULAR DYNAMICS : 10
 -------------------------------------------
 DONE(1.248e+04  SEC) : INIT SCF
 ITER   ETOT(eV)       EDIFF(eV)      DRHO       TIME(s)    
 GE1    -9.454724e+03  0.000000e+00   3.433e-03  1.030e+02  
 GE2    -9.454721e+03  3.417490e-03   2.041e-03  9.714e+01  
 GE3    -9.454731e+03  -9.961705e-03  1.842e-03  9.711e+01  
 GE4    -9.454741e+03  -9.725335e-03  5.089e-04  9.723e+01  
 GE5    -9.454741e+03  -7.115335e-04  3.960e-04  9.709e+01  
 GE6    -9.454742e+03  -5.516560e-04  1.321e-04  9.704e+01  
 GE7    -9.454742e+03  -5.292657e-05  5.478e-05  9.709e+01  
 GE8    -9.454742e+03  -9.758438e-06  9.704e-06  9.711e+01  
 GE9    -9.454742e+03  -2.168644e-07  3.726e-06  9.808e+01  
 GE10   -9.454742e+03  -2.730701e-08  1.604e-06  9.722e+01  
 GE11   -9.454742e+03  -8.399063e-09  1.357e-06  9.737e+01  
 GE12   -9.454742e+03  -5.472539e-09  3.625e-07  9.832e+01  
 ><><><><><><><><><><><><><><><><><><><><><><
 TOTAL-STRESS (KBAR):
 ><><><><><><><><><><><><><><><><><><><><><><
 -4.896e+01     6.769e+00      7.048e+00      
 6.769e+00      -7.210e+01     -1.867e+01     
 7.048e+00      -1.867e+01     -1.037e+02     
 TOTAL-PRESSURE: -7.492e+01 KBAR
 ------------------------------------------------------------------------------------------------
 Energy              Potential           Kinetic             Temperature         Pressure (KBAR)     
 -3.474e+02          -3.475e+02          1.039e-01           3.082e+02           -7.111e+01          
 ------------------------------------------------------------------------------------------------

  |CLASS_NAME---------|NAME---------------|TIME(Sec)-----|CALLS----|AVG------|PER%-------
                       total               13742          27        5.1e+02   1e+02     %
   Driver              driver_line         13742          1         1.4e+04   1e+02     %
   PW_Basis            setup_struc_factor  1.2519         11        0.11      0.0091    %
   ORB_control         read_orb_first      0.18576        1         0.19      0.0014    %
   LCAO_Orbitals       Read_Orbitals       0.18576        1         0.19      0.0014    %
   NOrbital_Lm         extra_uniform       0.10441        16        0.0065    0.00076   %
   ORB_control         set_orb_tables      8.2089         1         8.2       0.06      %
   ORB_gen_tables      gen_tables          8.2089         1         8.2       0.06      %
   ORB_table_phi       init_Table          6.4316         1         6.4       0.047     %
   ORB_table_phi       cal_ST_Phi12_R      6.401          558       0.011     0.047     %
   ORB_table_beta      init_Table_Beta     1.5615         1         1.6       0.011     %
   ORB_table_beta      VNL_PhiBeta_R       1.5548         168       0.0093    0.011     %
   ppcell_vl           init_vloc           0.26469        1         0.26      0.0019    %
   Run_MD              md_line             13733          1         1.4e+04   1e+02     %
   Langevin            setup               1959.9         1         2e+03     14        %
   MD_func             force_stress        13733          11        1.2e+03   1e+02     %
   ESolver_KS_LCAO     Run                 12704          11        1.2e+03   92        %
   ESolver_KS_LCAO     beforescf           26.015         11        2.4       0.19      %
   ESolver_KS_LCAO     beforesolver        9.2223         11        0.84      0.067     %
   ESolver_KS_LCAO     set_matrix_grid     5.783          11        0.53      0.042     %
   Grid_Technique      init                3.3051         11        0.3       0.024     %
   Grid_BigCell        grid_expansion_index0.93544        22        0.043     0.0068    %
   Record_adj          for_2d              2.0884         11        0.19      0.015     %
   Grid_Driver         Find_atom           16.898         693864    2.4e-05   0.12      %
   Charge              atomic_rho          14.52          21        0.69      0.11      %
   PW_Basis            recip2real          3.1181         760       0.0041    0.023     %
   PW_Basis            gathers_scatterp    1.5959         760       0.0021    0.012     %
   Potential           init_pot            1.0395         11        0.094     0.0076    %
   Potential           update_from_charge  12.006         139       0.086     0.087     %
   Potential           cal_v_eff           11.949         139       0.086     0.087     %
   H_Hartree_pw        v_hartree           1.3509         139       0.0097    0.0098    %
   PW_Basis            real2recip          3.9143         1156      0.0034    0.028     %
   PW_Basis            gatherp_scatters    1.6634         1156      0.0014    0.012     %
   PotXC               cal_v_eff           10.503         139       0.076     0.076     %
   XC_Functional       v_xc                10.444         139       0.075     0.076     %
   HSolverLCAO         solve               12655          128       99        92        %
   HamiltLCAO          updateHk            4489.7         4608      0.97      33        %
   OperatorLCAO        init                3850.4         9216      0.42      28        %
   Veff                contributeHk        3847.7         4608      0.84      28        %
   Gint_interface      cal_gint            6135.4         267       23        45        %
   Gint_interface      cal_gint_vlocal     2992.1         128       23        22        %
   Gint_k              folding_vl_k        855.56         4608      0.19      6.2       %
   Gint_k              Distri              587.44         4608      0.13      4.3       %
   Overlap             contributeHR        4.3167         11        0.39      0.031     %
   LCAO_gen_fixedH     calculate_S_no      4.3167         11        0.39      0.031     %
   Ekinetic<OperatorLCAO>contributeHR        4.3915         11        0.4       0.032     %
   Nonlocal<OperatorLCAO>contributeHR        47.915         11        4.4       0.35      %
   LCAO_gen_fixedH     build_Nonlocal_mu_new151.62         22        6.9       1.1       %
   ORB_gen_tables      snap_psibeta_half   3.3373         1230732   2.7e-06   0.024     %
   OperatorLCAO        folding_fixed       582.68         4608      0.13      4.2       %
   LCAO_nnr            folding_fixedH      574.68         4608      0.12      4.2       %
   HSolverLCAO         hamiltSolvePsiK     1952.2         4608      0.42      14        %
   DiagoElpa           elpa_solve          1935.5         4608      0.42      14        %
   ElecStateLCAO       psiToRho            6213           128       49        45        %
   elecstate           cal_dm              271.41         139       2         2         %
   psiMulPsiMpi        pdgemm              265.38         5004      0.053     1.9       %
    Local_Orbital_wfc  wfc_2d_to_grid      33.659         4608      0.0073    0.24      %
   LCAO_Charge         cal_dk_k            3322.1         128       26        24        %
   Record_adj          for_grid            0.65719        128       0.0051    0.0048    %
   Gint_interface      cal_gint_rho        2613.8         128       20        19        %
   Charge              mix_rho             1.7931         117       0.015     0.013     %
   Force_Stress_LCAO   getForceStress      1028.7         11        94        7.5       %
   Forces              cal_force_loc       0.97637        11        0.089     0.0071    %
   Forces              cal_force_ew        0.94246        11        0.086     0.0069    %
   Forces              cal_force_scc       8.104          11        0.74      0.059     %
   Stress_Func         stress_loc          7.0689         11        0.64      0.051     %
   Stress_Func         stress_ewa          0.42708        11        0.039     0.0031    %
   Stress_Func         stress_gga          0.48725        11        0.044     0.0035    %
   Force_LCAO_k        ftable_k            1010.6         11        92        7.4       %
   Force_LCAO_k        allocate_k          132.9          11        12        0.97      %
   Force_LCAO_k        cal_foverlap_k      37.472         11        3.4       0.27      %
   Force_LCAO_k        cal_edm_2d          36.514         11        3.3       0.27      %
   Local_Orbital_Chargecal_dm_R            12.18          22        0.55      0.089     %
   Force_LCAO_k        cal_ftvnl_dphi_k    0.30927        11        0.028     0.0023    %
   Force_LCAO_k        cal_fvl_dphi_k      529.42         11        48        3.9       %
   Gint_interface      cal_gint_force      529.42         11        48        3.9       %
   Force_LCAO_k        cal_fvnl_dbeta_k_new276.98         11        25        2         %
 ----------------------------------------------------------------------------------------

 START  Time  : Mon May 22 14:16:29 2023
 FINISH Time  : Mon May 22 18:05:32 2023
 TOTAL  Time  : 1.4e+04
 SEE INFORMATION IN : OUT.ABACUS/
