 Input  warning : gamma_only_local algorithm is not used.
 In SCAN_BEGIN, can't find: LATTICE_PARAMETERS block.
 AUTO_SET NBANDS to 0
 AUTO_SET NBANDS to 173
 cpu 2D distribution : 4*4
 but, the number of bands-row-block is 3
      Processor           Atom
              1             60
              2             62
              3             60
              4             54
              5             60
              6             62
              7             60
              8             54
              9             60
             10             62
             11             60
             12             54
             13             60
             14             62
             15             60
             16             54
                            startmag_type = 2
                       charge from rho_at = 3.95377
                         charge should be = 4
                       charge from rho_at = 3.99303
                         charge should be = 4

 SETUP ATOMIC RHO FOR SPIN 1
                 Electron number from rho = 288
           total electron number from rho = 288
                                should be = 288
                 charge before normalized = 288
                  charge after normalized = 288
                 charge before normalized = 288.000119674072
                  charge after normalized = 288
                 charge before normalized = 288.000166894156
                  charge after normalized = 288
                 charge before normalized = 288.000141116477
                  charge after normalized = 288
                 charge before normalized = 288.000141716496
                  charge after normalized = 288
                 charge before normalized = 288.000141828197
                  charge after normalized = 288
                 charge before normalized = 288.000141840873
                  charge after normalized = 288
                 charge before normalized = 288.000141842172
                  charge after normalized = 288
                 charge before normalized = 288.00014184408
                  charge after normalized = 288
                 charge before normalized = 288.000141844257
                  charge after normalized = 288
                 charge before normalized = 288.000141844448
                  charge after normalized = 288
                            startmag_type = 2
                       charge from rho_at = 3.95377434289291
                         charge should be = 4
                       charge from rho_at = 3.99303358802097
                         charge should be = 4

 SETUP ATOMIC RHO FOR SPIN 1
                 Electron number from rho = 288
           total electron number from rho = 288
                                should be = 288
                            startmag_type = 2
                       charge from rho_at = 3.95377434289291
                         charge should be = 4
                       charge from rho_at = 3.99303358802097
                         charge should be = 4

 SETUP ATOMIC RHO FOR SPIN 1
                 Electron number from rho = 288
           total electron number from rho = 288
                                should be = 288
      Processor           Atom
              1             60
              2             62
              3             60
              4             54
              5             60
              6             62
              7             60
              8             54
              9             60
             10             62
             11             60
             12             54
             13             60
             14             62
             15             60
             16             54
                 charge before normalized = 288
                  charge after normalized = 288
                 charge before normalized = 288.000141745676
                  charge after normalized = 288
                 charge before normalized = 288.000141745433
                  charge after normalized = 288
                 charge before normalized = 288.000141745152
                  charge after normalized = 288
                 charge before normalized = 288.000141745205
                  charge after normalized = 288
                 charge before normalized = 288.000141745207
                  charge after normalized = 288
                 charge before normalized = 288.000141745215
                  charge after normalized = 288
                 charge before normalized = 288.000141745203
                  charge after normalized = 288
                 charge before normalized = 288.000141745201
                  charge after normalized = 288
                 charge before normalized = 288.000141745201
                  charge after normalized = 288
                            startmag_type = 2
                       charge from rho_at = 3.95377434289291
                         charge should be = 4
                       charge from rho_at = 3.99303358802097
                         charge should be = 4

 SETUP ATOMIC RHO FOR SPIN 1
                 Electron number from rho = 288
           total electron number from rho = 288
                                should be = 288
                            startmag_type = 2
                       charge from rho_at = 3.95377434289291
                         charge should be = 4
                       charge from rho_at = 3.99303358802097
                         charge should be = 4

 SETUP ATOMIC RHO FOR SPIN 1
                 Electron number from rho = 288
           total electron number from rho = 288
                                should be = 288
      Processor           Atom
              1             60
              2             63
              3             60
              4             55
              5             60
              6             63
              7             60
              8             55
              9             60
             10             63
             11             60
             12             55
             13             60
             14             63
             15             60
             16             55
                 charge before normalized = 288
                  charge after normalized = 288
                 charge before normalized = 288.000141715991
                  charge after normalized = 288
                 charge before normalized = 288.000141716286
                  charge after normalized = 288
                 charge before normalized = 288.000141714233
                  charge after normalized = 288
                 charge before normalized = 288.00014171433
                  charge after normalized = 288
                 charge before normalized = 288.000141714559
                  charge after normalized = 288
                 charge before normalized = 288.000141714535
                  charge after normalized = 288
                 charge before normalized = 288.000141714505
                  charge after normalized = 288
                 charge before normalized = 288.000141714482
                  charge after normalized = 288
                 charge before normalized = 288.000141714491
                  charge after normalized = 288
                 charge before normalized = 288.000141714493
                  charge after normalized = 288
                            startmag_type = 2
                       charge from rho_at = 3.95377434289291
                         charge should be = 4
                       charge from rho_at = 3.99303358802097
                         charge should be = 4

 SETUP ATOMIC RHO FOR SPIN 1
                 Electron number from rho = 288
           total electron number from rho = 288
                                should be = 288
                            startmag_type = 2
                       charge from rho_at = 3.95377434289291
                         charge should be = 4
                       charge from rho_at = 3.99303358802097
                         charge should be = 4

 SETUP ATOMIC RHO FOR SPIN 1
                 Electron number from rho = 288
           total electron number from rho = 288
                                should be = 288
      Processor           Atom
              1             60
              2             63
              3             60
              4             55
              5             60
              6             64
              7             60
              8             55
              9             60
             10             63
             11             60
             12             55
             13             60
             14             64
             15             60
             16             55
                 charge before normalized = 288
                  charge after normalized = 288
                 charge before normalized = 288.000141609421
                  charge after normalized = 288
                 charge before normalized = 288.000141614571
                  charge after normalized = 288
                 charge before normalized = 288.000141607236
                  charge after normalized = 288
                 charge before normalized = 288.000141609193
                  charge after normalized = 288
                 charge before normalized = 288.000141609172
                  charge after normalized = 288
                 charge before normalized = 288.000141609365
                  charge after normalized = 288
                 charge before normalized = 288.000141609234
                  charge after normalized = 288
                 charge before normalized = 288.000141609194
                  charge after normalized = 288
                 charge before normalized = 288.000141609208
                  charge after normalized = 288
                 charge before normalized = 288.000141609213
                  charge after normalized = 288
                            startmag_type = 2
                       charge from rho_at = 3.95377434289291
                         charge should be = 4
                       charge from rho_at = 3.99303358802097
                         charge should be = 4

 SETUP ATOMIC RHO FOR SPIN 1
                 Electron number from rho = 288
           total electron number from rho = 288
                                should be = 288
                            startmag_type = 2
                       charge from rho_at = 3.95377434289291
                         charge should be = 4
                       charge from rho_at = 3.99303358802097
                         charge should be = 4

 SETUP ATOMIC RHO FOR SPIN 1
                 Electron number from rho = 288
           total electron number from rho = 288
                                should be = 288
      Processor           Atom
              1             60
              2             64
              3             60
              4             56
              5             60
              6             63
              7             60
              8             55
              9             60
             10             62
             11             60
             12             55
             13             60
             14             64
             15             60
             16             55
                 charge before normalized = 288
                  charge after normalized = 288
                 charge before normalized = 288.000141450484
                  charge after normalized = 288
                 charge before normalized = 288.000141456405
                  charge after normalized = 288
                 charge before normalized = 288.000141445523
                  charge after normalized = 288
                 charge before normalized = 288.000141449224
                  charge after normalized = 288
                 charge before normalized = 288.000141449206
                  charge after normalized = 288
                 charge before normalized = 288.000141449469
                  charge after normalized = 288
                 charge before normalized = 288.000141449117
                  charge after normalized = 288
                 charge before normalized = 288.000141449133
                  charge after normalized = 288
                 charge before normalized = 288.000141449148
                  charge after normalized = 288
                 charge before normalized = 288.000141449152
                  charge after normalized = 288
                            startmag_type = 2
                       charge from rho_at = 3.95377434289291
                         charge should be = 4
                       charge from rho_at = 3.99303358802097
                         charge should be = 4

 SETUP ATOMIC RHO FOR SPIN 1
                 Electron number from rho = 288
           total electron number from rho = 288
                                should be = 288
                            startmag_type = 2
                       charge from rho_at = 3.95377434289291
                         charge should be = 4
                       charge from rho_at = 3.99303358802097
                         charge should be = 4

 SETUP ATOMIC RHO FOR SPIN 1
                 Electron number from rho = 288
           total electron number from rho = 288
                                should be = 288
      Processor           Atom
              1             60
              2             64
              3             60
              4             56
              5             60
              6             63
              7             60
              8             55
              9             60
             10             63
             11             60
             12             55
             13             60
             14             63
             15             60
             16             55
                 charge before normalized = 288
                  charge after normalized = 288
                 charge before normalized = 288.000141655308
                  charge after normalized = 288
                 charge before normalized = 288.000141654698
                  charge after normalized = 288
                 charge before normalized = 288.00014164387
                  charge after normalized = 288
                 charge before normalized = 288.000141647551
                  charge after normalized = 288
                 charge before normalized = 288.00014164715
                  charge after normalized = 288
                 charge before normalized = 288.000141647784
                  charge after normalized = 288
                 charge before normalized = 288.00014164722
                  charge after normalized = 288
                 charge before normalized = 288.000141647292
                  charge after normalized = 288
                 charge before normalized = 288.000141647294
                  charge after normalized = 288
                 charge before normalized = 288.0001416473
                  charge after normalized = 288
                            startmag_type = 2
                       charge from rho_at = 3.95377434289291
                         charge should be = 4
                       charge from rho_at = 3.99303358802097
                         charge should be = 4

 SETUP ATOMIC RHO FOR SPIN 1
                 Electron number from rho = 288
           total electron number from rho = 288
                                should be = 288
                            startmag_type = 2
                       charge from rho_at = 3.95377434289291
                         charge should be = 4
                       charge from rho_at = 3.99303358802097
                         charge should be = 4

 SETUP ATOMIC RHO FOR SPIN 1
                 Electron number from rho = 288
           total electron number from rho = 288
                                should be = 288
      Processor           Atom
              1             60
              2             64
              3             60
              4             56
              5             60
              6             64
              7             60
              8             55
              9             60
             10             64
             11             60
             12             56
             13             60
             14             64
             15             60
             16             55
                 charge before normalized = 288
                  charge after normalized = 288
                 charge before normalized = 288.000141650472
                  charge after normalized = 288
                 charge before normalized = 288.00014165747
                  charge after normalized = 288
                 charge before normalized = 288.000141645534
                  charge after normalized = 288
                 charge before normalized = 288.000141649013
                  charge after normalized = 288
                 charge before normalized = 288.000141649396
                  charge after normalized = 288
                 charge before normalized = 288.000141649356
                  charge after normalized = 288
                 charge before normalized = 288.000141649018
                  charge after normalized = 288
                 charge before normalized = 288.000141649118
                  charge after normalized = 288
                 charge before normalized = 288.00014164909
                  charge after normalized = 288
                 charge before normalized = 288.000141649098
                  charge after normalized = 288
                            startmag_type = 2
                       charge from rho_at = 3.95377434289291
                         charge should be = 4
                       charge from rho_at = 3.99303358802097
                         charge should be = 4

 SETUP ATOMIC RHO FOR SPIN 1
                 Electron number from rho = 288
           total electron number from rho = 288
                                should be = 288
                            startmag_type = 2
                       charge from rho_at = 3.95377434289291
                         charge should be = 4
                       charge from rho_at = 3.99303358802097
                         charge should be = 4

 SETUP ATOMIC RHO FOR SPIN 1
                 Electron number from rho = 288
           total electron number from rho = 288
                                should be = 288
      Processor           Atom
              1             60
              2             64
              3             60
              4             55
              5             60
              6             64
              7             60
              8             55
              9             60
             10             64
             11             60
             12             56
             13             60
             14             64
             15             60
             16             55
                 charge before normalized = 288
                  charge after normalized = 288
                 charge before normalized = 288.000141541841
                  charge after normalized = 288
                 charge before normalized = 288.000141549128
                  charge after normalized = 288
                 charge before normalized = 288.000141536778
                  charge after normalized = 288
                 charge before normalized = 288.000141536428
                  charge after normalized = 288
                 charge before normalized = 288.000141538971
                  charge after normalized = 288
                 charge before normalized = 288.000141538197
                  charge after normalized = 288
                 charge before normalized = 288.000141538226
                  charge after normalized = 288
                 charge before normalized = 288.000141538011
                  charge after normalized = 288
                 charge before normalized = 288.000141538053
                  charge after normalized = 288
                 charge before normalized = 288.000141538067
                  charge after normalized = 288
                            startmag_type = 2
                       charge from rho_at = 3.95377434289291
                         charge should be = 4
                       charge from rho_at = 3.99303358802097
                         charge should be = 4

 SETUP ATOMIC RHO FOR SPIN 1
                 Electron number from rho = 288
           total electron number from rho = 288
                                should be = 288
                            startmag_type = 2
                       charge from rho_at = 3.95377434289291
                         charge should be = 4
                       charge from rho_at = 3.99303358802097
                         charge should be = 4

 SETUP ATOMIC RHO FOR SPIN 1
                 Electron number from rho = 288
           total electron number from rho = 288
                                should be = 288
      Processor           Atom
              1             60
              2             64
              3             60
              4             55
              5             60
              6             63
              7             60
              8             55
              9             60
             10             63
             11             60
             12             56
             13             60
             14             64
             15             60
             16             56
                 charge before normalized = 288
                  charge after normalized = 288
                 charge before normalized = 288.000141528789
                  charge after normalized = 288
                 charge before normalized = 288.000141525802
                  charge after normalized = 288
                 charge before normalized = 288.000141510085
                  charge after normalized = 288
                 charge before normalized = 288.000141512029
                  charge after normalized = 288
                 charge before normalized = 288.000141513309
                  charge after normalized = 288
                 charge before normalized = 288.000141513084
                  charge after normalized = 288
                 charge before normalized = 288.000141512583
                  charge after normalized = 288
                 charge before normalized = 288.000141512632
                  charge after normalized = 288
                 charge before normalized = 288.000141512613
                  charge after normalized = 288
                 charge before normalized = 288.000141512634
                  charge after normalized = 288
                            startmag_type = 2
                       charge from rho_at = 3.95377434289291
                         charge should be = 4
                       charge from rho_at = 3.99303358802097
                         charge should be = 4

 SETUP ATOMIC RHO FOR SPIN 1
                 Electron number from rho = 288
           total electron number from rho = 288
                                should be = 288
                            startmag_type = 2
                       charge from rho_at = 3.95377434289291
                         charge should be = 4
                       charge from rho_at = 3.99303358802097
                         charge should be = 4

 SETUP ATOMIC RHO FOR SPIN 1
                 Electron number from rho = 288
           total electron number from rho = 288
                                should be = 288
      Processor           Atom
              1             60
              2             63
              3             60
              4             55
              5             60
              6             63
              7             60
              8             55
              9             60
             10             64
             11             60
             12             56
             13             60
             14             63
             15             60
             16             56
                 charge before normalized = 288
                  charge after normalized = 288
                 charge before normalized = 288.000141752876
                  charge after normalized = 288
                 charge before normalized = 288.000141752145
                  charge after normalized = 288
                 charge before normalized = 288.000141745721
                  charge after normalized = 288
                 charge before normalized = 288.000141743507
                  charge after normalized = 288
                 charge before normalized = 288.000141744722
                  charge after normalized = 288
                 charge before normalized = 288.000141745131
                  charge after normalized = 288
                 charge before normalized = 288.000141744525
                  charge after normalized = 288
                 charge before normalized = 288.000141744611
                  charge after normalized = 288
                 charge before normalized = 288.000141744629
                  charge after normalized = 288
                 charge before normalized = 288.000141744642
                  charge after normalized = 288
                            startmag_type = 2
                       charge from rho_at = 3.95377434289291
                         charge should be = 4
                       charge from rho_at = 3.99303358802097
                         charge should be = 4

 SETUP ATOMIC RHO FOR SPIN 1
                 Electron number from rho = 288
           total electron number from rho = 288
                                should be = 288
                            startmag_type = 2
                       charge from rho_at = 3.95377434289291
                         charge should be = 4
                       charge from rho_at = 3.99303358802097
                         charge should be = 4

 SETUP ATOMIC RHO FOR SPIN 1
                 Electron number from rho = 288
           total electron number from rho = 288
                                should be = 288
      Processor           Atom
              1             60
              2             64
              3             60
              4             56
              5             60
              6             64
              7             60
              8             55
              9             60
             10             64
             11             60
             12             55
             13             60
             14             63
             15             60
             16             56
                 charge before normalized = 287.999999999999
                  charge after normalized = 288
                 charge before normalized = 288.000141845865
                  charge after normalized = 288
                 charge before normalized = 288.000141849926
                  charge after normalized = 288
                 charge before normalized = 288.000141833635
                  charge after normalized = 288
                 charge before normalized = 288.000141838362
                  charge after normalized = 288
                 charge before normalized = 288.000141837137
                  charge after normalized = 288
                 charge before normalized = 288.000141839027
                  charge after normalized = 288
                 charge before normalized = 288.000141838118
                  charge after normalized = 288
                 charge before normalized = 288.00014183811
                  charge after normalized = 288
                 charge before normalized = 288.000141838135
                  charge after normalized = 288
                 charge before normalized = 288.000141838153
                  charge after normalized = 288
