 Input  warning : gamma_only_local algorithm is not used.
 In SCAN_BEGIN, can't find: LATTICE_PARAMETERS block.
 AUTO_SET NBANDS to 0
 AUTO_SET NBANDS to 173
 cpu 2D distribution : 4*4
 but, the number of bands-row-block is 3
      Processor           Atom
              1             58
              2             59
              3             57
              4             54
              5             59
              6             60
              7             59
              8             55
              9             59
             10             61
             11             58
             12             55
             13             58
             14             60
             15             58
             16             54
                            startmag_type = 2
                       charge from rho_at = 3.95377
                         charge should be = 4
                       charge from rho_at = 3.99303
                         charge should be = 4

 SETUP ATOMIC RHO FOR SPIN 1
                 Electron number from rho = 288
           total electron number from rho = 288
                                should be = 288
                 charge before normalized = 288
                  charge after normalized = 288
                 charge before normalized = 288.00011743493
                  charge after normalized = 288
                 charge before normalized = 288.000165569782
                  charge after normalized = 288
                 charge before normalized = 288.000138351127
                  charge after normalized = 288
                 charge before normalized = 288.000145465867
                  charge after normalized = 288
                 charge before normalized = 288.00013758008
                  charge after normalized = 288
                 charge before normalized = 288.000137758587
                  charge after normalized = 288
                 charge before normalized = 288.000137914542
                  charge after normalized = 288
                 charge before normalized = 288.000138106444
                  charge after normalized = 288
                 charge before normalized = 288.00013827021
                  charge after normalized = 288
                 charge before normalized = 288.000138388294
                  charge after normalized = 288
                 charge before normalized = 288.000138332921
                  charge after normalized = 288
                 charge before normalized = 288.000138324292
                  charge after normalized = 288
                 charge before normalized = 288.000138321918
                  charge after normalized = 288
                 charge before normalized = 288.000138322349
                  charge after normalized = 288
                 charge before normalized = 288.000138322716
                  charge after normalized = 288
                 charge before normalized = 288.000138323161
                  charge after normalized = 288
                 charge before normalized = 288.00013832303
                  charge after normalized = 288
                 charge before normalized = 288.000138323049
                  charge after normalized = 288
                 charge before normalized = 288.000138323075
                  charge after normalized = 288
                            startmag_type = 2
                       charge from rho_at = 3.95377434289291
                         charge should be = 4
                       charge from rho_at = 3.99303358802097
                         charge should be = 4

 SETUP ATOMIC RHO FOR SPIN 1
                 Electron number from rho = 288
           total electron number from rho = 288
                                should be = 288
                            startmag_type = 2
                       charge from rho_at = 3.95377434289291
                         charge should be = 4
                       charge from rho_at = 3.99303358802097
                         charge should be = 4

 SETUP ATOMIC RHO FOR SPIN 1
                 Electron number from rho = 288
           total electron number from rho = 288
                                should be = 288
      Processor           Atom
              1             58
              2             59
              3             57
              4             54
              5             59
              6             60
              7             59
              8             55
              9             59
             10             61
             11             58
             12             55
             13             58
             14             60
             15             58
             16             54
                 charge before normalized = 288
                  charge after normalized = 288
                 charge before normalized = 288.000138288755
                  charge after normalized = 288
                 charge before normalized = 288.000138290233
                  charge after normalized = 288
                 charge before normalized = 288.000138289085
                  charge after normalized = 288
                 charge before normalized = 288.000138290369
                  charge after normalized = 288
                 charge before normalized = 288.000138289628
                  charge after normalized = 288
                 charge before normalized = 288.000138290028
                  charge after normalized = 288
                 charge before normalized = 288.000138290043
                  charge after normalized = 288
                 charge before normalized = 288.000138290034
                  charge after normalized = 288
                 charge before normalized = 288.000138290013
                  charge after normalized = 288
                            startmag_type = 2
                       charge from rho_at = 3.95377434289291
                         charge should be = 4
                       charge from rho_at = 3.99303358802097
                         charge should be = 4

 SETUP ATOMIC RHO FOR SPIN 1
                 Electron number from rho = 288
           total electron number from rho = 288
                                should be = 288
                            startmag_type = 2
                       charge from rho_at = 3.95377434289291
                         charge should be = 4
                       charge from rho_at = 3.99303358802097
                         charge should be = 4

 SETUP ATOMIC RHO FOR SPIN 1
                 Electron number from rho = 288
           total electron number from rho = 288
                                should be = 288
      Processor           Atom
              1             58
              2             59
              3             57
              4             54
              5             59
              6             60
              7             59
              8             55
              9             59
             10             61
             11             58
             12             55
             13             58
             14             60
             15             58
             16             54
                 charge before normalized = 288
                  charge after normalized = 288
                 charge before normalized = 288.000138224403
                  charge after normalized = 288
                 charge before normalized = 288.000138214993
                  charge after normalized = 288
                 charge before normalized = 288.000138231798
                  charge after normalized = 288
                 charge before normalized = 288.000138218042
                  charge after normalized = 288
                 charge before normalized = 288.000138223605
                  charge after normalized = 288
                 charge before normalized = 288.000138220445
                  charge after normalized = 288
                 charge before normalized = 288.000138221746
                  charge after normalized = 288
                 charge before normalized = 288.000138221419
                  charge after normalized = 288
                 charge before normalized = 288.000138221417
                  charge after normalized = 288
                 charge before normalized = 288.000138221426
                  charge after normalized = 288
                 charge before normalized = 288.000138221433
                  charge after normalized = 288
                            startmag_type = 2
                       charge from rho_at = 3.95377434289291
                         charge should be = 4
                       charge from rho_at = 3.99303358802097
                         charge should be = 4

 SETUP ATOMIC RHO FOR SPIN 1
                 Electron number from rho = 288
           total electron number from rho = 288
                                should be = 288
                            startmag_type = 2
                       charge from rho_at = 3.95377434289291
                         charge should be = 4
                       charge from rho_at = 3.99303358802097
                         charge should be = 4

 SETUP ATOMIC RHO FOR SPIN 1
                 Electron number from rho = 288
           total electron number from rho = 288
                                should be = 288
      Processor           Atom
              1             58
              2             59
              3             57
              4             54
              5             59
              6             60
              7             59
              8             55
              9             59
             10             61
             11             59
             12             55
             13             58
             14             60
             15             58
             16             54
                 charge before normalized = 288
                  charge after normalized = 288
                 charge before normalized = 288.000138200238
                  charge after normalized = 288
                 charge before normalized = 288.000138217166
                  charge after normalized = 288
                 charge before normalized = 288.000138185882
                  charge after normalized = 288
                 charge before normalized = 288.000138206931
                  charge after normalized = 288
                 charge before normalized = 288.000138200492
                  charge after normalized = 288
                 charge before normalized = 288.000138203535
                  charge after normalized = 288
                 charge before normalized = 288.000138202471
                  charge after normalized = 288
                 charge before normalized = 288.000138202632
                  charge after normalized = 288
                 charge before normalized = 288.000138202576
                  charge after normalized = 288
                 charge before normalized = 288.000138202606
                  charge after normalized = 288
                 charge before normalized = 288.000138202604
                  charge after normalized = 288
                            startmag_type = 2
                       charge from rho_at = 3.95377434289291
                         charge should be = 4
                       charge from rho_at = 3.99303358802097
                         charge should be = 4

 SETUP ATOMIC RHO FOR SPIN 1
                 Electron number from rho = 288
           total electron number from rho = 288
                                should be = 288
                            startmag_type = 2
                       charge from rho_at = 3.95377434289291
                         charge should be = 4
                       charge from rho_at = 3.99303358802097
                         charge should be = 4

 SETUP ATOMIC RHO FOR SPIN 1
                 Electron number from rho = 288
           total electron number from rho = 288
                                should be = 288
      Processor           Atom
              1             58
              2             59
              3             57
              4             54
              5             59
              6             60
              7             59
              8             55
              9             59
             10             61
             11             58
             12             55
             13             58
             14             60
             15             58
             16             54
                 charge before normalized = 288
                  charge after normalized = 288
                 charge before normalized = 288.00013819896
                  charge after normalized = 288
                 charge before normalized = 288.000138211363
                  charge after normalized = 288
                 charge before normalized = 288.000138193146
                  charge after normalized = 288
                 charge before normalized = 288.000138203873
                  charge after normalized = 288
                 charge before normalized = 288.000138199224
                  charge after normalized = 288
                 charge before normalized = 288.000138202277
                  charge after normalized = 288
                 charge before normalized = 288.000138201418
                  charge after normalized = 288
                 charge before normalized = 288.00013820157
                  charge after normalized = 288
                 charge before normalized = 288.0001382014
                  charge after normalized = 288
                 charge before normalized = 288.000138201502
                  charge after normalized = 288
                 charge before normalized = 288.00013820147
                  charge after normalized = 288
                            startmag_type = 2
                       charge from rho_at = 3.95377434289291
                         charge should be = 4
                       charge from rho_at = 3.99303358802097
                         charge should be = 4

 SETUP ATOMIC RHO FOR SPIN 1
                 Electron number from rho = 288
           total electron number from rho = 288
                                should be = 288
                            startmag_type = 2
                       charge from rho_at = 3.95377434289291
                         charge should be = 4
                       charge from rho_at = 3.99303358802097
                         charge should be = 4

 SETUP ATOMIC RHO FOR SPIN 1
                 Electron number from rho = 288
           total electron number from rho = 288
                                should be = 288
      Processor           Atom
              1             58
              2             58
              3             57
              4             54
              5             59
              6             60
              7             59
              8             55
              9             59
             10             61
             11             59
             12             55
             13             58
             14             60
             15             58
             16             54
                 charge before normalized = 288
                  charge after normalized = 288
                 charge before normalized = 288.000138288476
                  charge after normalized = 288
                 charge before normalized = 288.000138286737
                  charge after normalized = 288
                 charge before normalized = 288.000138275694
                  charge after normalized = 288
                 charge before normalized = 288.000138282471
                  charge after normalized = 288
                 charge before normalized = 288.000138278081
                  charge after normalized = 288
                 charge before normalized = 288.000138281376
                  charge after normalized = 288
                 charge before normalized = 288.000138280085
                  charge after normalized = 288
                 charge before normalized = 288.000138280516
                  charge after normalized = 288
                 charge before normalized = 288.000138280278
                  charge after normalized = 288
                 charge before normalized = 288.000138280408
                  charge after normalized = 288
                 charge before normalized = 288.000138280384
                  charge after normalized = 288
                            startmag_type = 2
                       charge from rho_at = 3.95377434289291
                         charge should be = 4
                       charge from rho_at = 3.99303358802097
                         charge should be = 4

 SETUP ATOMIC RHO FOR SPIN 1
                 Electron number from rho = 288
           total electron number from rho = 288
                                should be = 288
                            startmag_type = 2
                       charge from rho_at = 3.95377434289291
                         charge should be = 4
                       charge from rho_at = 3.99303358802097
                         charge should be = 4

 SETUP ATOMIC RHO FOR SPIN 1
                 Electron number from rho = 288
           total electron number from rho = 288
                                should be = 288
      Processor           Atom
              1             58
              2             58
              3             57
              4             54
              5             59
              6             60
              7             59
              8             55
              9             59
             10             61
             11             59
             12             55
             13             58
             14             60
             15             58
             16             54
                 charge before normalized = 288
                  charge after normalized = 288
                 charge before normalized = 288.000138244282
                  charge after normalized = 288
                 charge before normalized = 288.000138248368
                  charge after normalized = 288
                 charge before normalized = 288.0001382489
                  charge after normalized = 288
                 charge before normalized = 288.000138242551
                  charge after normalized = 288
                 charge before normalized = 288.000138248218
                  charge after normalized = 288
                 charge before normalized = 288.000138244717
                  charge after normalized = 288
                 charge before normalized = 288.000138245906
                  charge after normalized = 288
                 charge before normalized = 288.00013824553
                  charge after normalized = 288
                 charge before normalized = 288.000138245734
                  charge after normalized = 288
                 charge before normalized = 288.00013824563
                  charge after normalized = 288
                 charge before normalized = 288.000138245665
                  charge after normalized = 288
                            startmag_type = 2
                       charge from rho_at = 3.95377434289291
                         charge should be = 4
                       charge from rho_at = 3.99303358802097
                         charge should be = 4

 SETUP ATOMIC RHO FOR SPIN 1
                 Electron number from rho = 288
           total electron number from rho = 288
                                should be = 288
                            startmag_type = 2
                       charge from rho_at = 3.95377434289291
                         charge should be = 4
                       charge from rho_at = 3.99303358802097
                         charge should be = 4

 SETUP ATOMIC RHO FOR SPIN 1
                 Electron number from rho = 288
           total electron number from rho = 288
                                should be = 288
      Processor           Atom
              1             58
              2             59
              3             57
              4             54
              5             59
              6             60
              7             59
              8             55
              9             59
             10             61
             11             59
             12             55
             13             58
             14             60
             15             59
             16             54
                 charge before normalized = 288
                  charge after normalized = 288
                 charge before normalized = 288.000138094461
                  charge after normalized = 288
                 charge before normalized = 288.000138094174
                  charge after normalized = 288
                 charge before normalized = 288.000138087337
                  charge after normalized = 288
                 charge before normalized = 288.000138083573
                  charge after normalized = 288
                 charge before normalized = 288.00013809034
                  charge after normalized = 288
                 charge before normalized = 288.000138085278
                  charge after normalized = 288
                 charge before normalized = 288.000138087544
                  charge after normalized = 288
                 charge before normalized = 288.000138086601
                  charge after normalized = 288
                 charge before normalized = 288.000138086867
                  charge after normalized = 288
                 charge before normalized = 288.000138086772
                  charge after normalized = 288
                 charge before normalized = 288.000138086806
                  charge after normalized = 288
                 charge before normalized = 288.000138086798
                  charge after normalized = 288
                            startmag_type = 2
                       charge from rho_at = 3.95377434289291
                         charge should be = 4
                       charge from rho_at = 3.99303358802097
                         charge should be = 4

 SETUP ATOMIC RHO FOR SPIN 1
                 Electron number from rho = 288
           total electron number from rho = 288
                                should be = 288
                            startmag_type = 2
                       charge from rho_at = 3.95377434289291
                         charge should be = 4
                       charge from rho_at = 3.99303358802097
                         charge should be = 4

 SETUP ATOMIC RHO FOR SPIN 1
                 Electron number from rho = 288
           total electron number from rho = 288
                                should be = 288
      Processor           Atom
              1             58
              2             58
              3             57
              4             54
              5             59
              6             60
              7             59
              8             55
              9             59
             10             61
             11             58
             12             55
             13             57
             14             60
             15             58
             16             54
                 charge before normalized = 288
                  charge after normalized = 288
                 charge before normalized = 288.000137998473
                  charge after normalized = 288
                 charge before normalized = 288.000137982846
                  charge after normalized = 288
                 charge before normalized = 288.000137990269
                  charge after normalized = 288
                 charge before normalized = 288.000137981777
                  charge after normalized = 288
                 charge before normalized = 288.000137982228
                  charge after normalized = 288
                 charge before normalized = 288.000137982462
                  charge after normalized = 288
                 charge before normalized = 288.000137982623
                  charge after normalized = 288
                 charge before normalized = 288.00013798273
                  charge after normalized = 288
                 charge before normalized = 288.000137982394
                  charge after normalized = 288
                 charge before normalized = 288.00013798257
                  charge after normalized = 288
                 charge before normalized = 288.000137982543
                  charge after normalized = 288
                 charge before normalized = 288.000137982554
                  charge after normalized = 288
                            startmag_type = 2
                       charge from rho_at = 3.95377434289291
                         charge should be = 4
                       charge from rho_at = 3.99303358802097
                         charge should be = 4

 SETUP ATOMIC RHO FOR SPIN 1
                 Electron number from rho = 288
           total electron number from rho = 288
                                should be = 288
                            startmag_type = 2
                       charge from rho_at = 3.95377434289291
                         charge should be = 4
                       charge from rho_at = 3.99303358802097
                         charge should be = 4

 SETUP ATOMIC RHO FOR SPIN 1
                 Electron number from rho = 288
           total electron number from rho = 288
                                should be = 288
      Processor           Atom
              1             58
              2             59
              3             57
              4             54
              5             59
              6             60
              7             60
              8             55
              9             59
             10             61
             11             58
             12             55
             13             58
             14             60
             15             58
             16             54
                 charge before normalized = 288
                  charge after normalized = 288
                 charge before normalized = 288.00013794282
                  charge after normalized = 288
                 charge before normalized = 288.000137934269
                  charge after normalized = 288
                 charge before normalized = 288.000137943338
                  charge after normalized = 288
                 charge before normalized = 288.000137932396
                  charge after normalized = 288
                 charge before normalized = 288.000137938155
                  charge after normalized = 288
                 charge before normalized = 288.000137933785
                  charge after normalized = 288
                 charge before normalized = 288.000137935815
                  charge after normalized = 288
                 charge before normalized = 288.000137935121
                  charge after normalized = 288
                 charge before normalized = 288.000137935435
                  charge after normalized = 288
                 charge before normalized = 288.000137935344
                  charge after normalized = 288
                 charge before normalized = 288.000137935366
                  charge after normalized = 288
                 charge before normalized = 288.000137935355
                  charge after normalized = 288
                            startmag_type = 2
                       charge from rho_at = 3.95377434289291
                         charge should be = 4
                       charge from rho_at = 3.99303358802097
                         charge should be = 4

 SETUP ATOMIC RHO FOR SPIN 1
                 Electron number from rho = 288
           total electron number from rho = 288
                                should be = 288
                            startmag_type = 2
                       charge from rho_at = 3.95377434289291
                         charge should be = 4
                       charge from rho_at = 3.99303358802097
                         charge should be = 4

 SETUP ATOMIC RHO FOR SPIN 1
                 Electron number from rho = 288
           total electron number from rho = 288
                                should be = 288
      Processor           Atom
              1             58
              2             58
              3             57
              4             54
              5             59
              6             60
              7             60
              8             55
              9             59
             10             61
             11             59
             12             55
             13             57
             14             60
             15             58
             16             54
                 charge before normalized = 288
                  charge after normalized = 288
                 charge before normalized = 288.000137917741
                  charge after normalized = 288
                 charge before normalized = 288.000137925137
                  charge after normalized = 288
                 charge before normalized = 288.000137900273
                  charge after normalized = 288
                 charge before normalized = 288.000137919815
                  charge after normalized = 288
                 charge before normalized = 288.000137907934
                  charge after normalized = 288
                 charge before normalized = 288.000137915801
                  charge after normalized = 288
                 charge before normalized = 288.0001379133
                  charge after normalized = 288
                 charge before normalized = 288.00013791373
                  charge after normalized = 288
                 charge before normalized = 288.000137913721
                  charge after normalized = 288
                 charge before normalized = 288.000137913711
                  charge after normalized = 288
                 charge before normalized = 288.000137913724
                  charge after normalized = 288
                 charge before normalized = 288.000137913721
                  charge after normalized = 288
