WARNING: Total thread number on this node mismatches with hardware availability. This may cause poor performance.
Info: Local MPI proc number: 16,OpenMP thread number: 1,Total thread number: 16,Local thread limit: 32
 *********************************************************
 *                                                       *
 *                  WELCOME TO ABACUS v3.0               *
 *                                                       *
 *            'Atomic-orbital Based Ab-initio            *
 *                  Computation at UStc'                 *
 *                                                       *
 *          Website: http://abacus.ustc.edu.cn/          *
 *                                                       *
 *********************************************************
 Mon May 22 14:16:22 2023
 MAKE THE DIR         : OUT.ABACUS/
 MAKE THE STRU DIR    : OUT.ABACUS/STRU/
 UNIFORM GRID DIM     : 120 * 120 * 128
 UNIFORM GRID DIM(BIG): 60 * 60 * 64
 DONE(0.0847852  SEC) : SETUP UNITCELL
 DONE(0.0920834  SEC) : INIT K-POINTS
 ---------------------------------------------------------
 Molecular Dynamics simulations
 ---------------------------------------------------------
 ENSEMBLE                 : Langevin
 Time interval(fs)        : 1
 ---------------------------------------------------------
 SPIN    KPOINTS         PROCESSORS  NBASE       
 1       36              16          1584        
 ---------------------------------------------------------
 Use Systematically Improvable Atomic bases
 ---------------------------------------------------------
 ELEMENT ORBITALS        NBASE       NATOM       XC          
 Si      3s3p2d-9au      22          36          
 C       3s3p2d-9au      22          36          
 ---------------------------------------------------------
 Initial plane wave basis and FFT box
 ---------------------------------------------------------
--------------------------------- INITVEL DONE ------------------------------------
 -------------------------------------------
 STEP OF MOLECULAR DYNAMICS : 0
 -------------------------------------------
 START CHARGE      : atomic
 DONE(8.9036     SEC) : INIT SCF
 ITER   ETOT(eV)       EDIFF(eV)      DRHO       TIME(s)    
 GE1    -9.385730e+03  0.000000e+00   2.722e-01  1.091e+02  
 GE2    -9.442498e+03  -5.676756e+01  1.479e-01  1.033e+02  
 GE3    -9.456810e+03  -1.431211e+01  2.296e-02  1.033e+02  
 GE4    -9.456835e+03  -2.478982e-02  1.060e-03  1.033e+02  
 GE5    -9.456835e+03  -4.170979e-04  2.322e-04  1.034e+02  
 GE6    -9.456835e+03  1.088046e-04   1.842e-04  1.032e+02  
 GE7    -9.456835e+03  -1.570401e-04  5.397e-05  1.035e+02  
 GE8    -9.456835e+03  -8.311184e-06  6.544e-06  1.034e+02  
 GE9    -9.456835e+03  -1.450950e-07  4.095e-06  1.035e+02  
 GE10   -9.456835e+03  -3.358388e-08  4.847e-07  1.034e+02  
 ><><><><><><><><><><><><><><><><><><><><><><
 TOTAL-STRESS (KBAR):
 ><><><><><><><><><><><><><><><><><><><><><><
 1.164e-01      -3.450e-06     -1.973e-10     
 -3.450e-06     1.164e-01      -1.352e-09     
 -1.973e-10     -1.352e-09     -6.238e-01     
 TOTAL-PRESSURE: -1.303e-01 KBAR
 ------------------------------------------------------------------------------------------------
 Energy              Potential           Kinetic             Temperature         Pressure (KBAR)     
 -3.475e+02          -3.475e+02          3.373e-03           1.000e+01           -1.722e-03          
 ------------------------------------------------------------------------------------------------
 -------------------------------------------
 STEP OF MOLECULAR DYNAMICS : 1
 -------------------------------------------
 DONE(1.148e+03  SEC) : INIT SCF
 ITER   ETOT(eV)       EDIFF(eV)      DRHO       TIME(s)    
 GE1    -9.456834e+03  0.000000e+00   4.136e-04  1.082e+02  
 GE2    -9.456834e+03  2.646493e-05   2.144e-04  1.025e+02  
 GE3    -9.456834e+03  -6.010087e-05  2.227e-04  1.025e+02  
 GE4    -9.456834e+03  -1.657082e-04  6.602e-05  1.026e+02  
 GE5    -9.456834e+03  -1.450802e-05  3.639e-05  1.026e+02  
 GE6    -9.456834e+03  -4.842250e-06  1.249e-05  1.026e+02  
 GE7    -9.456834e+03  -4.393422e-07  4.071e-06  1.025e+02  
 GE8    -9.456834e+03  -5.670528e-08  1.398e-06  1.026e+02  
 GE9    -9.456834e+03  -4.722346e-09  4.847e-07  1.026e+02  
 ><><><><><><><><><><><><><><><><><><><><><><
 TOTAL-STRESS (KBAR):
 ><><><><><><><><><><><><><><><><><><><><><><
 1.703e-01      5.825e-02      -6.951e-02     
 5.825e-02      3.462e-02      -1.131e-02     
 -6.951e-02     -1.131e-02     -5.888e-01     
 TOTAL-PRESSURE: -1.280e-01 KBAR
 ------------------------------------------------------------------------------------------------
 Energy              Potential           Kinetic             Temperature         Pressure (KBAR)     
 -3.475e+02          -3.475e+02          7.109e-03           2.108e+01           1.432e-01           
 ------------------------------------------------------------------------------------------------
 -------------------------------------------
 STEP OF MOLECULAR DYNAMICS : 2
 -------------------------------------------
 DONE(2.175e+03  SEC) : INIT SCF
 ITER   ETOT(eV)       EDIFF(eV)      DRHO       TIME(s)    
 GE1    -9.456821e+03  0.000000e+00   1.564e-03  1.089e+02  
 GE2    -9.456821e+03  6.151322e-04   9.964e-04  1.030e+02  
 GE3    -9.456823e+03  -2.639303e-03  8.467e-04  1.032e+02  
 GE4    -9.456825e+03  -1.990953e-03  2.111e-04  1.032e+02  
 GE5    -9.456826e+03  -1.145318e-04  1.515e-04  1.033e+02  
 GE6    -9.456826e+03  -8.662285e-05  5.892e-05  1.032e+02  
 GE7    -9.456826e+03  -1.127953e-05  2.462e-05  1.031e+02  
 GE8    -9.456826e+03  -2.012111e-06  4.793e-06  1.031e+02  
 GE9    -9.456826e+03  -6.614069e-08  1.652e-06  1.033e+02  
 GE10   -9.456826e+03  -5.317860e-09  3.744e-07  1.033e+02  
 ><><><><><><><><><><><><><><><><><><><><><><
 TOTAL-STRESS (KBAR):
 ><><><><><><><><><><><><><><><><><><><><><><
 1.732e-01      5.136e-01      -4.543e-01     
 5.136e-01      -1.791e-01     -2.088e-01     
 -4.543e-01     -2.088e-01     -3.142e-01     
 TOTAL-PRESSURE: -1.067e-01 KBAR
 ------------------------------------------------------------------------------------------------
 Energy              Potential           Kinetic             Temperature         Pressure (KBAR)     
 -3.475e+02          -3.475e+02          1.905e-02           5.647e+01           6.196e-01           
 ------------------------------------------------------------------------------------------------
 -------------------------------------------
 STEP OF MOLECULAR DYNAMICS : 3
 -------------------------------------------
 DONE(3.311e+03  SEC) : INIT SCF
 ITER   ETOT(eV)       EDIFF(eV)      DRHO       TIME(s)    
 GE1    -9.456799e+03  0.000000e+00   1.900e-03  1.086e+02  
 GE2    -9.456796e+03  2.732959e-03   1.286e-03  1.028e+02  
 GE3    -9.456800e+03  -3.918445e-03  1.203e-03  1.028e+02  
 GE4    -9.456805e+03  -4.753107e-03  3.132e-04  1.029e+02  
 GE5    -9.456805e+03  -2.975091e-04  1.753e-04  1.028e+02  
 GE6    -9.456805e+03  -1.080900e-04  6.426e-05  1.028e+02  
 GE7    -9.456806e+03  -1.295578e-05  2.664e-05  1.028e+02  
 GE8    -9.456806e+03  -2.308468e-06  6.400e-06  1.027e+02  
 GE9    -9.456806e+03  -1.270470e-07  2.036e-06  1.029e+02  
 GE10   -9.456806e+03  -9.758690e-09  4.762e-07  1.028e+02  
 ><><><><><><><><><><><><><><><><><><><><><><
 TOTAL-STRESS (KBAR):
 ><><><><><><><><><><><><><><><><><><><><><><
 1.181e+00      1.155e+00      -8.931e-01     
 1.155e+00      -8.100e-01     5.269e-02      
 -8.931e-01     5.269e-02      -4.651e-01     
 TOTAL-PRESSURE: -3.120e-02 KBAR
 ------------------------------------------------------------------------------------------------
 Energy              Potential           Kinetic             Temperature         Pressure (KBAR)     
 -3.475e+02          -3.475e+02          2.414e-02           7.157e+01           8.894e-01           
 ------------------------------------------------------------------------------------------------
 -------------------------------------------
 STEP OF MOLECULAR DYNAMICS : 4
 -------------------------------------------
 DONE(4.443e+03  SEC) : INIT SCF
 ITER   ETOT(eV)       EDIFF(eV)      DRHO       TIME(s)    
 GE1    -9.456772e+03  0.000000e+00   2.426e-03  1.087e+02  
 GE2    -9.456770e+03  1.343787e-03   1.430e-03  1.029e+02  
 GE3    -9.456776e+03  -5.270879e-03  1.310e-03  1.030e+02  
 GE4    -9.456780e+03  -4.946759e-03  3.004e-04  1.030e+02  
 GE5    -9.456781e+03  -1.855865e-04  2.081e-04  1.031e+02  
 GE6    -9.456781e+03  -1.761007e-04  9.281e-05  1.030e+02  
 GE7    -9.456781e+03  -3.130611e-05  3.446e-05  1.029e+02  
 GE8    -9.456781e+03  -4.103439e-06  6.828e-06  1.030e+02  
 GE9    -9.456781e+03  -1.183262e-07  1.955e-06  1.030e+02  
 GE10   -9.456781e+03  -6.533636e-09  5.878e-07  1.030e+02  
 ><><><><><><><><><><><><><><><><><><><><><><
 TOTAL-STRESS (KBAR):
 ><><><><><><><><><><><><><><><><><><><><><><
 8.595e-01      1.721e+00      -6.464e-01     
 1.721e+00      -5.203e-02     1.256e-01      
 -6.464e-01     1.256e-01      -6.404e-01     
 TOTAL-PRESSURE: 5.568e-02 KBAR
 ------------------------------------------------------------------------------------------------
 Energy              Potential           Kinetic             Temperature         Pressure (KBAR)     
 -3.475e+02          -3.475e+02          3.884e-02           1.152e+02           1.537e+00           
 ------------------------------------------------------------------------------------------------
 -------------------------------------------
 STEP OF MOLECULAR DYNAMICS : 5
 -------------------------------------------
 DONE(5.577e+03  SEC) : INIT SCF
 ITER   ETOT(eV)       EDIFF(eV)      DRHO       TIME(s)    
 GE1    -9.456739e+03  0.000000e+00   2.659e-03  1.087e+02  
 GE2    -9.456736e+03  2.815892e-03   1.585e-03  1.029e+02  
 GE3    -9.456742e+03  -5.831532e-03  1.509e-03  1.029e+02  
 GE4    -9.456749e+03  -7.211245e-03  3.668e-04  1.029e+02  
 GE5    -9.456749e+03  -3.281741e-04  2.401e-04  1.028e+02  
 GE6    -9.456749e+03  -2.386728e-04  1.053e-04  1.028e+02  
 GE7    -9.456749e+03  -3.732453e-05  3.450e-05  1.030e+02  
 GE8    -9.456749e+03  -4.034523e-06  5.984e-06  1.029e+02  
 GE9    -9.456749e+03  -8.984213e-08  1.930e-06  1.030e+02  
 GE10   -9.456749e+03  -7.351887e-09  6.119e-07  1.029e+02  
 ><><><><><><><><><><><><><><><><><><><><><><
 TOTAL-STRESS (KBAR):
 ><><><><><><><><><><><><><><><><><><><><><><
 1.643e+00      2.406e+00      -7.435e-01     
 2.406e+00      -1.396e+00     -1.139e-01     
 -7.435e-01     -1.139e-01     2.194e-01      
 TOTAL-PRESSURE: 1.553e-01 KBAR
 ------------------------------------------------------------------------------------------------
 Energy              Potential           Kinetic             Temperature         Pressure (KBAR)     
 -3.475e+02          -3.475e+02          4.445e-02           1.318e+02           1.851e+00           
 ------------------------------------------------------------------------------------------------
 -------------------------------------------
 STEP OF MOLECULAR DYNAMICS : 6
 -------------------------------------------
 DONE(6.710e+03  SEC) : INIT SCF
 ITER   ETOT(eV)       EDIFF(eV)      DRHO       TIME(s)    
 GE1    -9.456713e+03  0.000000e+00   2.735e-03  1.088e+02  
 GE2    -9.456714e+03  -1.509380e-03  1.553e-03  1.028e+02  
 GE3    -9.456719e+03  -5.240968e-03  1.215e-03  1.027e+02  
 GE4    -9.456723e+03  -3.802139e-03  3.161e-04  1.028e+02  
 GE5    -9.456723e+03  -1.937079e-04  1.721e-04  1.027e+02  
 GE6    -9.456724e+03  -9.854552e-05  8.974e-05  1.028e+02  
 GE7    -9.456724e+03  -2.146575e-05  2.118e-05  1.029e+02  
 GE8    -9.456724e+03  -2.010403e-06  1.348e-05  1.040e+02  
 GE9    -9.456724e+03  -6.240674e-07  2.734e-06  1.041e+02  
 GE10   -9.456724e+03  -1.851197e-08  7.168e-07  1.028e+02  
 ><><><><><><><><><><><><><><><><><><><><><><
 TOTAL-STRESS (KBAR):
 ><><><><><><><><><><><><><><><><><><><><><><
 1.388e+00      2.804e+00      -3.482e-01     
 2.804e+00      -9.799e-01     -7.719e-02     
 -3.482e-01     -7.719e-02     2.785e-01      
 TOTAL-PRESSURE: 2.290e-01 KBAR
 ------------------------------------------------------------------------------------------------
 Energy              Potential           Kinetic             Temperature         Pressure (KBAR)     
 -3.475e+02          -3.475e+02          6.324e-02           1.875e+02           2.641e+00           
 ------------------------------------------------------------------------------------------------
 -------------------------------------------
 STEP OF MOLECULAR DYNAMICS : 7
 -------------------------------------------
 DONE(7.845e+03  SEC) : INIT SCF
 ITER   ETOT(eV)       EDIFF(eV)      DRHO       TIME(s)    
 GE1    -9.456633e+03  0.000000e+00   3.391e-03  1.087e+02  
 GE2    -9.456627e+03  6.823938e-03   1.990e-03  1.029e+02  
 GE3    -9.456637e+03  -1.068619e-02  1.946e-03  1.029e+02  
 GE4    -9.456650e+03  -1.263443e-02  4.582e-04  1.028e+02  
 GE5    -9.456650e+03  -5.571932e-04  3.195e-04  1.029e+02  
 GE6    -9.456651e+03  -3.814003e-04  1.326e-04  1.030e+02  
 GE7    -9.456651e+03  -5.541779e-05  4.333e-05  1.029e+02  
 GE8    -9.456651e+03  -6.633798e-06  9.454e-06  1.029e+02  
 GE9    -9.456651e+03  -2.536966e-07  3.090e-06  1.027e+02  
 GE10   -9.456651e+03  -1.943695e-08  8.137e-07  1.027e+02  
 ><><><><><><><><><><><><><><><><><><><><><><
 TOTAL-STRESS (KBAR):
 ><><><><><><><><><><><><><><><><><><><><><><
 9.878e-01      4.324e+00      3.902e-01      
 4.324e+00      -5.531e-02     -4.933e-01     
 3.902e-01      -4.933e-01     5.587e-01      
 TOTAL-PRESSURE: 4.971e-01 KBAR
 ------------------------------------------------------------------------------------------------
 Energy              Potential           Kinetic             Temperature         Pressure (KBAR)     
 -3.474e+02          -3.475e+02          7.696e-02           2.282e+02           3.432e+00           
 ------------------------------------------------------------------------------------------------
 -------------------------------------------
 STEP OF MOLECULAR DYNAMICS : 8
 -------------------------------------------
 DONE(8.978e+03  SEC) : INIT SCF
 ITER   ETOT(eV)       EDIFF(eV)      DRHO       TIME(s)    
 GE1    -9.456576e+03  0.000000e+00   3.677e-03  1.087e+02  
 GE2    -9.456578e+03  -1.853190e-03  2.086e-03  1.029e+02  
 GE3    -9.456588e+03  -1.032462e-02  1.659e-03  1.029e+02  
 GE4    -9.456596e+03  -7.985504e-03  4.469e-04  1.070e+02  
 GE5    -9.456596e+03  -4.086509e-04  2.625e-04  1.069e+02  
 GE6    -9.456597e+03  -2.482214e-04  1.357e-04  1.067e+02  
 GE7    -9.456597e+03  -6.395885e-05  4.917e-05  1.066e+02  
 GE8    -9.456597e+03  -9.834757e-06  1.293e-05  1.068e+02  
 GE9    -9.456597e+03  -5.527620e-07  3.821e-06  1.066e+02  
 GE10   -9.456597e+03  -2.901776e-08  9.898e-07  1.066e+02  
 ><><><><><><><><><><><><><><><><><><><><><><
 TOTAL-STRESS (KBAR):
 ><><><><><><><><><><><><><><><><><><><><><><
 -1.560e-01     4.901e+00      8.646e-01      
 4.901e+00      3.286e-01      -1.295e+00     
 8.646e-01      -1.295e+00     1.747e+00      
 TOTAL-PRESSURE: 6.400e-01 KBAR
 ------------------------------------------------------------------------------------------------
 Energy              Potential           Kinetic             Temperature         Pressure (KBAR)     
 -3.474e+02          -3.475e+02          7.356e-02           2.181e+02           3.445e+00           
 ------------------------------------------------------------------------------------------------
 -------------------------------------------
 STEP OF MOLECULAR DYNAMICS : 9
 -------------------------------------------
 DONE(1.014e+04  SEC) : INIT SCF
 ITER   ETOT(eV)       EDIFF(eV)      DRHO       TIME(s)    
 GE1    -9.456539e+03  0.000000e+00   3.557e-03  1.125e+02  
 GE2    -9.456534e+03  4.398367e-03   2.267e-03  1.065e+02  
 GE3    -9.456549e+03  -1.462557e-02  1.997e-03  1.067e+02  
 GE4    -9.456559e+03  -1.039532e-02  4.075e-04  1.065e+02  
 GE5    -9.456560e+03  -2.922361e-04  2.386e-04  1.064e+02  
 GE6    -9.456560e+03  -1.879344e-04  1.329e-04  1.064e+02  
 GE7    -9.456560e+03  -6.364964e-05  5.487e-05  1.053e+02  
 GE8    -9.456560e+03  -1.150586e-05  1.218e-05  1.037e+02  
 GE9    -9.456560e+03  -4.570838e-07  4.085e-06  1.028e+02  
 GE10   -9.456560e+03  -3.582982e-08  1.020e-06  1.028e+02  
 GE11   -9.456560e+03  3.387467e-10   5.969e-07  1.028e+02  
 ><><><><><><><><><><><><><><><><><><><><><><
 TOTAL-STRESS (KBAR):
 ><><><><><><><><><><><><><><><><><><><><><><
 -4.412e-01     4.549e+00      3.683e-01      
 4.549e+00      2.796e-01      -7.651e-01     
 3.683e-01      -7.651e-01     2.375e+00      
 TOTAL-PRESSURE: 7.377e-01 KBAR
 ------------------------------------------------------------------------------------------------
 Energy              Potential           Kinetic             Temperature         Pressure (KBAR)     
 -3.474e+02          -3.475e+02          7.723e-02           2.290e+02           3.683e+00           
 ------------------------------------------------------------------------------------------------
 -------------------------------------------
 STEP OF MOLECULAR DYNAMICS : 10
 -------------------------------------------
 DONE(1.140e+04  SEC) : INIT SCF
 ITER   ETOT(eV)       EDIFF(eV)      DRHO       TIME(s)    
 GE1    -9.456478e+03  0.000000e+00   3.551e-03  1.087e+02  
 GE2    -9.456475e+03  3.045717e-03   2.092e-03  1.029e+02  
 GE3    -9.456486e+03  -1.110205e-02  1.858e-03  1.029e+02  
 GE4    -9.456497e+03  -1.031629e-02  4.949e-04  1.028e+02  
 GE5    -9.456497e+03  -6.836625e-04  3.670e-04  1.029e+02  
 GE6    -9.456498e+03  -4.918747e-04  1.267e-04  1.027e+02  
 GE7    -9.456498e+03  -4.974637e-05  5.096e-05  1.028e+02  
 GE8    -9.456498e+03  -8.954739e-06  1.018e-05  1.029e+02  
 GE9    -9.456498e+03  -2.689603e-07  3.437e-06  1.029e+02  
 GE10   -9.456498e+03  -2.111367e-08  9.594e-07  1.028e+02  
 ><><><><><><><><><><><><><><><><><><><><><><
 TOTAL-STRESS (KBAR):
 ><><><><><><><><><><><><><><><><><><><><><><
 -2.286e+00     3.946e+00      8.052e-01      
 3.946e+00      1.776e+00      -1.112e+00     
 8.052e-01      -1.112e+00     3.384e+00      
 TOTAL-PRESSURE: 9.581e-01 KBAR
 ------------------------------------------------------------------------------------------------
 Energy              Potential           Kinetic             Temperature         Pressure (KBAR)     
 -3.474e+02          -3.475e+02          1.031e-01           3.056e+02           4.889e+00           
 ------------------------------------------------------------------------------------------------

  |CLASS_NAME---------|NAME---------------|TIME(Sec)-----|CALLS----|AVG------|PER%-------
                       total               12534          27        4.6e+02   1e+02     %
   Driver              driver_line         12534          1         1.3e+04   1e+02     %
   PW_Basis            setup_struc_factor  1.1981         11        0.11      0.0096    %
   ORB_control         read_orb_first      0.17828        1         0.18      0.0014    %
   LCAO_Orbitals       Read_Orbitals       0.17827        1         0.18      0.0014    %
   NOrbital_Lm         extra_uniform       0.10264        16        0.0064    0.00082   %
   ORB_control         set_orb_tables      6.9501         1         7         0.055     %
   ORB_gen_tables      gen_tables          6.9501         1         7         0.055     %
   ORB_table_phi       init_Table          5.4348         1         5.4       0.043     %
   ORB_table_phi       cal_ST_Phi12_R      5.4061         558       0.0097    0.043     %
   ORB_table_beta      init_Table_Beta     1.319          1         1.3       0.011     %
   ORB_table_beta      VNL_PhiBeta_R       1.3127         168       0.0078    0.01      %
   ppcell_vl           init_vloc           0.12575        1         0.13      0.001     %
   Run_MD              md_line             12526          1         1.3e+04   1e+02     %
   Langevin            setup               1138.2         1         1.1e+03   9.1       %
   MD_func             force_stress        12526          11        1.1e+03   1e+02     %
   ESolver_KS_LCAO     Run                 11458          11        1e+03     91        %
   ESolver_KS_LCAO     beforescf           18.851         11        1.7       0.15      %
   ESolver_KS_LCAO     beforesolver        9.4247         11        0.86      0.075     %
   ESolver_KS_LCAO     set_matrix_grid     6.0889         11        0.55      0.049     %
   atom_arrange        search              0.10023        11        0.0091    0.0008    %
   Grid_Technique      init                3.3127         11        0.3       0.026     %
   Grid_BigCell        grid_expansion_index0.91205        22        0.041     0.0073    %
   Record_adj          for_2d              2.417          11        0.22      0.019     %
   Grid_Driver         Find_atom           14.942         597960    2.5e-05   0.12      %
   Charge              atomic_rho          7.2182         21        0.34      0.058     %
   PW_Basis            recip2real          3.1345         670       0.0047    0.025     %
   PW_Basis            gathers_scatterp    1.8353         670       0.0027    0.015     %
   Potential           init_pot            0.99448        11        0.09      0.0079    %
   Potential           update_from_charge  10.228         121       0.085     0.082     %
   Potential           cal_v_eff           10.179         121       0.084     0.081     %
   H_Hartree_pw        v_hartree           1.1508         121       0.0095    0.0092    %
   PW_Basis            real2recip          3.3984         1012      0.0034    0.027     %
   PW_Basis            gatherp_scatters    1.4214         1012      0.0014    0.011     %
   PotXC               cal_v_eff           8.9513         121       0.074     0.071     %
   XC_Functional       v_xc                8.899          121       0.074     0.071     %
   HSolverLCAO         solve               11419          110       1e+02     91        %
   HamiltLCAO          updateHk            4110.5         3960      1         33        %
   OperatorLCAO        init                3492.6         7920      0.44      28        %
   Veff                contributeHk        3490.4         3960      0.88      28        %
   Gint_interface      cal_gint            5736.5         231       25        46        %
   Gint_interface      cal_gint_vlocal     2750.2         110       25        22        %
   Gint_k              folding_vl_k        740.17         3960      0.19      5.9       %
   Gint_k              Distri              516.02         3960      0.13      4.1       %
   Overlap             contributeHR        4.5459         11        0.41      0.036     %
   LCAO_gen_fixedH     calculate_S_no      4.5459         11        0.41      0.036     %
   Ekinetic<OperatorLCAO>contributeHR        4.6716         11        0.42      0.037     %
   Nonlocal<OperatorLCAO>contributeHR        49.523         11        4.5       0.4       %
   LCAO_gen_fixedH     build_Nonlocal_mu_new155.96         22        7.1       1.2       %
   ORB_gen_tables      snap_psibeta_half   3.3214         1241460   2.7e-06   0.027     %
   OperatorLCAO        folding_fixed       559.15         3960      0.14      4.5       %
   LCAO_nnr            folding_fixedH      552.36         3960      0.14      4.4       %
   HSolverLCAO         hamiltSolvePsiK     1675.4         3960      0.42      13        %
   DiagoElpa           elpa_solve          1662           3960      0.42      13        %
   ElecStateLCAO       psiToRho            5633.4         110       51        45        %
   elecstate           cal_dm              230.32         121       1.9       1.8       %
   psiMulPsiMpi        pdgemm              225.08         4356      0.052     1.8       %
    Local_Orbital_wfc  wfc_2d_to_grid      28.644         3960      0.0072    0.23      %
   LCAO_Charge         cal_dk_k            2971.3         110       27        24        %
   Record_adj          for_grid            0.58827        110       0.0053    0.0047    %
   Gint_interface      cal_gint_rho        2417.8         110       22        19        %
   Charge              mix_rho             1.48           99        0.015     0.012     %
   Force_Stress_LCAO   getForceStress      1067.8         11        97        8.5       %
   Forces              cal_force_loc       0.92068        11        0.084     0.0073    %
   Forces              cal_force_ew        0.90645        11        0.082     0.0072    %
   Forces              cal_force_scc       4.1267         11        0.38      0.033     %
   Stress_Func         stress_loc          2.7638         11        0.25      0.022     %
   Stress_Func         stress_ewa          0.41425        11        0.038     0.0033    %
   Stress_Func         stress_gga          0.4869         11        0.044     0.0039    %
   Force_LCAO_k        ftable_k            1058.1         11        96        8.4       %
   Force_LCAO_k        allocate_k          137.22         11        12        1.1       %
   Force_LCAO_k        cal_foverlap_k      34.178         11        3.1       0.27      %
   Force_LCAO_k        cal_edm_2d          33.213         11        3         0.26      %
   Local_Orbital_Chargecal_dm_R            11.915         22        0.54      0.095     %
   Force_LCAO_k        cal_ftvnl_dphi_k    0.29799        11        0.027     0.0024    %
   Force_LCAO_k        cal_fvl_dphi_k      568.51         11        52        4.5       %
   Gint_interface      cal_gint_force      568.51         11        52        4.5       %
   Force_LCAO_k        cal_fvnl_dbeta_k_new281.09         11        26        2.2       %
 ----------------------------------------------------------------------------------------

 START  Time  : Mon May 22 14:16:22 2023
 FINISH Time  : Mon May 22 17:45:17 2023
 TOTAL  Time  : 1.3e+04
 SEE INFORMATION IN : OUT.ABACUS/
