WARNING: Total thread number on this node mismatches with hardware availability. This may cause poor performance.
Info: Local MPI proc number: 16,OpenMP thread number: 1,Total thread number: 16,Local thread limit: 32
                                                                                     
                              ABACUS v3.1                                            

               Atomic-orbital Based Ab-initio Computation at UStc                    

                     Website: http://abacus.ustc.edu.cn/                             
               Documentation: https://abacus.deepmodeling.com/                       
                  Repository: https://github.com/abacusmodeling/abacus-develop       
                              https://github.com/deepmodeling/abacus-develop         

 Fri Feb  3 16:52:54 2023
 MAKE THE DIR         : OUT.ABACUS/
 MAKE THE STRU DIR    : OUT.ABACUS/STRU/
 UNIFORM GRID DIM     : 120 * 108 * 120
 UNIFORM GRID DIM(BIG): 60 * 54 * 60
 DONE(0.108273   SEC) : SETUP UNITCELL
 DONE(0.125078   SEC) : INIT K-POINTS
 ---------------------------------------------------------
 Molecular Dynamics simulations
 ---------------------------------------------------------
 ENSEMBLE                 : Langevin
 Time interval(fs)        : 1
 ---------------------------------------------------------
 SPIN    KPOINTS         PROCESSORS  NBASE       
 1       36              16          1408        
 ---------------------------------------------------------
 Use Systematically Improvable Atomic bases
 ---------------------------------------------------------
 ELEMENT ORBITALS        NBASE       NATOM       XC          
 Si      3s3p2d-9au      22          32          
 C       3s3p2d-9au      22          32          
 ---------------------------------------------------------
 Initial plane wave basis and FFT box
 ---------------------------------------------------------
--------------------------------- INITVEL DONE ------------------------------------
 -------------------------------------------
 STEP OF MOLECULAR DYNAMICS : 0
 -------------------------------------------
 START CHARGE      : atomic
 DONE(9.60443    SEC) : INIT SCF
 ITER   ETOT(eV)       EDIFF(eV)      DRHO       TIME(s)    
 GE1    -8.333435e+03  0.000000e+00   2.662e-01  8.026e+01  
 GE2    -8.360980e+03  -2.754528e+01  1.740e-01  7.557e+01  
 GE3    -8.374033e+03  -1.305254e+01  6.444e-02  7.540e+01  
 GE4    -8.392904e+03  -1.887126e+01  5.610e-02  7.539e+01  
 GE5    -8.398153e+03  -5.248546e+00  1.243e-02  7.531e+01  
 GE6    -8.398404e+03  -2.508441e-01  7.481e-03  7.549e+01  
 GE7    -8.398530e+03  -1.261172e-01  2.652e-03  7.545e+01  
 GE8    -8.398534e+03  -4.613068e-03  1.161e-03  7.549e+01  
 GE9    -8.398536e+03  -1.500423e-03  8.374e-04  7.538e+01  
 GE10   -8.398537e+03  -1.405375e-03  2.267e-04  7.548e+01  
 GE11   -8.398537e+03  -1.304868e-04  2.377e-04  7.539e+01  
 GE12   -8.398537e+03  -1.399222e-04  4.484e-05  7.538e+01  
 GE13   -8.398537e+03  5.475787e-08   6.935e-05  7.534e+01  
 GE14   -8.398537e+03  -1.046495e-05  5.738e-06  7.527e+01  
 GE15   -8.398537e+03  -7.554671e-08  2.447e-06  7.534e+01  
 GE16   -8.398537e+03  -8.544461e-09  2.143e-06  7.549e+01  
 GE17   -8.398537e+03  -5.118324e-09  9.799e-07  7.541e+01  
 ><><><><><><><><><><><><><><><><><><><><><><
 TOTAL-STRESS (KBAR):
 ><><><><><><><><><><><><><><><><><><><><><><
 -1.675e+02     -4.840e+01     1.075e+01      
 -4.840e+01     -9.325e+01     1.341e+00      
 1.075e+01      1.341e+00      -1.212e+02     
 TOTAL-PRESSURE: -1.273e+02 KBAR
 ------------------------------------------------------------------------------------------------
 Energy              Potential           Kinetic             Temperature         Pressure (KBAR)     
 -3.086e+02          -3.086e+02          2.993e-03           1.000e+01           -1.272e+02          
 ------------------------------------------------------------------------------------------------
 -------------------------------------------
 STEP OF MOLECULAR DYNAMICS : 1
 -------------------------------------------
 DONE(1.374e+03  SEC) : INIT SCF
 ITER   ETOT(eV)       EDIFF(eV)      DRHO       TIME(s)    
 GE1    -8.398588e+03  0.000000e+00   4.266e-04  8.037e+01  
 GE2    -8.398588e+03  4.157416e-04   3.748e-04  7.568e+01  
 GE3    -8.398588e+03  -4.165537e-04  3.641e-04  7.591e+01  
 GE4    -8.398589e+03  -3.340272e-04  8.079e-05  7.567e+01  
 GE5    -8.398589e+03  -1.270527e-05  3.738e-05  7.563e+01  
 GE6    -8.398589e+03  -3.551034e-06  1.778e-05  7.566e+01  
 GE7    -8.398589e+03  -7.492274e-07  9.546e-06  7.569e+01  
 GE8    -8.398589e+03  -2.848659e-07  2.411e-06  7.574e+01  
 GE9    -8.398589e+03  -9.458613e-09  9.230e-07  7.567e+01  
 ><><><><><><><><><><><><><><><><><><><><><><
 TOTAL-STRESS (KBAR):
 ><><><><><><><><><><><><><><><><><><><><><><
 -1.676e+02     -4.848e+01     1.080e+01      
 -4.848e+01     -9.348e+01     1.256e+00      
 1.080e+01      1.256e+00      -1.213e+02     
 TOTAL-PRESSURE: -1.275e+02 KBAR
 ------------------------------------------------------------------------------------------------
 Energy              Potential           Kinetic             Temperature         Pressure (KBAR)     
 -3.086e+02          -3.086e+02          5.615e-03           1.876e+01           -1.273e+02          
 ------------------------------------------------------------------------------------------------
 -------------------------------------------
 STEP OF MOLECULAR DYNAMICS : 2
 -------------------------------------------
 DONE(2.137e+03  SEC) : INIT SCF
 ITER   ETOT(eV)       EDIFF(eV)      DRHO       TIME(s)    
 GE1    -8.398610e+03  0.000000e+00   1.406e-03  8.018e+01  
 GE2    -8.398610e+03  6.932767e-04   8.526e-04  7.553e+01  
 GE3    -8.398611e+03  -1.277059e-03  8.185e-04  7.554e+01  
 GE4    -8.398613e+03  -1.718866e-03  2.091e-04  7.557e+01  
 GE5    -8.398613e+03  -9.859096e-05  1.252e-04  7.545e+01  
 GE6    -8.398613e+03  -3.915078e-05  4.717e-05  7.563e+01  
 GE7    -8.398613e+03  -4.376990e-06  1.270e-05  7.571e+01  
 GE8    -8.398613e+03  -4.227467e-07  7.357e-06  7.553e+01  
 GE9    -8.398613e+03  -1.668490e-07  2.950e-06  7.566e+01  
 GE10   -8.398613e+03  -1.957461e-08  8.350e-07  7.561e+01  
 ><><><><><><><><><><><><><><><><><><><><><><
 TOTAL-STRESS (KBAR):
 ><><><><><><><><><><><><><><><><><><><><><><
 -1.677e+02     -4.863e+01     1.099e+01      
 -4.863e+01     -9.355e+01     1.144e+00      
 1.099e+01      1.144e+00      -1.213e+02     
 TOTAL-PRESSURE: -1.275e+02 KBAR
 ------------------------------------------------------------------------------------------------
 Energy              Potential           Kinetic             Temperature         Pressure (KBAR)     
 -3.086e+02          -3.086e+02          1.484e-02           4.958e+01           -1.269e+02          
 ------------------------------------------------------------------------------------------------
 -------------------------------------------
 STEP OF MOLECULAR DYNAMICS : 3
 -------------------------------------------
 DONE(2.975e+03  SEC) : INIT SCF
 ITER   ETOT(eV)       EDIFF(eV)      DRHO       TIME(s)    
 GE1    -8.398677e+03  0.000000e+00   1.831e-03  8.035e+01  
 GE2    -8.398676e+03  4.867097e-04   1.091e-03  7.579e+01  
 GE3    -8.398678e+03  -2.192681e-03  9.164e-04  7.571e+01  
 GE4    -8.398681e+03  -2.282206e-03  3.014e-04  7.577e+01  
 GE5    -8.398681e+03  -2.357245e-04  1.775e-04  7.576e+01  
 GE6    -8.398681e+03  -9.018225e-05  7.336e-05  7.571e+01  
 GE7    -8.398681e+03  -1.216391e-05  3.166e-05  7.577e+01  
 GE8    -8.398681e+03  -3.465031e-06  1.182e-05  7.586e+01  
 GE9    -8.398681e+03  -3.821914e-07  3.277e-06  7.588e+01  
 GE10   -8.398681e+03  -2.349417e-08  1.230e-06  7.587e+01  
 GE11   -8.398681e+03  1.614847e-09   8.179e-07  7.576e+01  
 ><><><><><><><><><><><><><><><><><><><><><><
 TOTAL-STRESS (KBAR):
 ><><><><><><><><><><><><><><><><><><><><><><
 -1.679e+02     -4.902e+01     1.099e+01      
 -4.902e+01     -9.385e+01     1.392e+00      
 1.099e+01      1.392e+00      -1.215e+02     
 TOTAL-PRESSURE: -1.277e+02 KBAR
 ------------------------------------------------------------------------------------------------
 Energy              Potential           Kinetic             Temperature         Pressure (KBAR)     
 -3.086e+02          -3.086e+02          2.581e-02           8.625e+01           -1.267e+02          
 ------------------------------------------------------------------------------------------------
 -------------------------------------------
 STEP OF MOLECULAR DYNAMICS : 4
 -------------------------------------------
 DONE(3.891e+03  SEC) : INIT SCF
 ITER   ETOT(eV)       EDIFF(eV)      DRHO       TIME(s)    
 GE1    -8.398738e+03  0.000000e+00   2.047e-03  8.013e+01  
 GE2    -8.398733e+03  4.491225e-03   1.427e-03  7.553e+01  
 GE3    -8.398738e+03  -4.962273e-03  1.460e-03  7.556e+01  
 GE4    -8.398743e+03  -5.344329e-03  3.206e-04  7.552e+01  
 GE5    -8.398744e+03  -1.869798e-04  1.862e-04  7.558e+01  
 GE6    -8.398744e+03  -8.818113e-05  8.832e-05  7.536e+01  
 GE7    -8.398744e+03  -1.932645e-05  4.348e-05  7.560e+01  
 GE8    -8.398744e+03  -5.697205e-06  1.022e-05  7.554e+01  
 GE9    -8.398744e+03  -2.480585e-07  3.585e-06  7.554e+01  
 GE10   -8.398744e+03  -2.232944e-08  1.646e-06  7.546e+01  
 GE11   -8.398744e+03  -9.186379e-09  1.022e-06  7.563e+01  
 GE12   -8.398744e+03  -2.287701e-09  2.519e-07  7.562e+01  
 ><><><><><><><><><><><><><><><><><><><><><><
 TOTAL-STRESS (KBAR):
 ><><><><><><><><><><><><><><><><><><><><><><
 -1.678e+02     -4.927e+01     1.088e+01      
 -4.927e+01     -9.408e+01     1.380e+00      
 1.088e+01      1.380e+00      -1.216e+02     
 TOTAL-PRESSURE: -1.278e+02 KBAR
 ------------------------------------------------------------------------------------------------
 Energy              Potential           Kinetic             Temperature         Pressure (KBAR)     
 -3.086e+02          -3.086e+02          3.679e-02           1.229e+02           -1.264e+02          
 ------------------------------------------------------------------------------------------------
 -------------------------------------------
 STEP OF MOLECULAR DYNAMICS : 5
 -------------------------------------------
 DONE(4.879e+03  SEC) : INIT SCF
 ITER   ETOT(eV)       EDIFF(eV)      DRHO       TIME(s)    
 GE1    -8.398809e+03  0.000000e+00   2.309e-03  8.019e+01  
 GE2    -8.398808e+03  5.517060e-04   1.356e-03  7.548e+01  
 GE3    -8.398811e+03  -3.270496e-03  1.193e-03  7.555e+01  
 GE4    -8.398815e+03  -3.430044e-03  3.604e-04  7.565e+01  
 GE5    -8.398815e+03  -3.282635e-04  2.463e-04  7.551e+01  
 GE6    -8.398815e+03  -1.765418e-04  7.947e-05  7.548e+01  
 GE7    -8.398815e+03  -1.233913e-05  2.783e-05  7.555e+01  
 GE8    -8.398815e+03  -2.472132e-06  1.400e-05  7.540e+01  
 GE9    -8.398815e+03  -6.092167e-07  4.922e-06  7.552e+01  
 GE10   -8.398815e+03  -6.322035e-08  1.358e-06  7.556e+01  
 GE11   -8.398815e+03  1.604020e-09   8.427e-07  7.554e+01  
 ><><><><><><><><><><><><><><><><><><><><><><
 TOTAL-STRESS (KBAR):
 ><><><><><><><><><><><><><><><><><><><><><><
 -1.678e+02     -4.931e+01     1.109e+01      
 -4.931e+01     -9.451e+01     1.026e+00      
 1.109e+01      1.026e+00      -1.220e+02     
 TOTAL-PRESSURE: -1.281e+02 KBAR
 ------------------------------------------------------------------------------------------------
 Energy              Potential           Kinetic             Temperature         Pressure (KBAR)     
 -3.086e+02          -3.087e+02          3.939e-02           1.316e+02           -1.265e+02          
 ------------------------------------------------------------------------------------------------
 -------------------------------------------
 STEP OF MOLECULAR DYNAMICS : 6
 -------------------------------------------
 DONE(5.792e+03  SEC) : INIT SCF
 ITER   ETOT(eV)       EDIFF(eV)      DRHO       TIME(s)    
 GE1    -8.398952e+03  0.000000e+00   2.803e-03  8.036e+01  
 GE2    -8.398934e+03  1.736629e-02   2.407e-03  7.552e+01  
 GE3    -8.398952e+03  -1.799801e-02  2.372e-03  7.557e+01  
 GE4    -8.398966e+03  -1.327715e-02  4.993e-04  7.561e+01  
 GE5    -8.398966e+03  -4.583438e-04  2.500e-04  7.566e+01  
 GE6    -8.398966e+03  -1.565955e-04  1.122e-04  7.558e+01  
 GE7    -8.398966e+03  -2.773392e-05  6.478e-05  7.557e+01  
 GE8    -8.398966e+03  -1.268963e-05  1.405e-05  7.547e+01  
 GE9    -8.398966e+03  -4.535479e-07  5.463e-06  7.548e+01  
 GE10   -8.398966e+03  -5.527759e-08  1.955e-06  7.554e+01  
 GE11   -8.398966e+03  -1.064345e-08  1.256e-06  7.559e+01  
 GE12   -8.398966e+03  -1.457075e-09  6.354e-07  7.557e+01  
 ><><><><><><><><><><><><><><><><><><><><><><
 TOTAL-STRESS (KBAR):
 ><><><><><><><><><><><><><><><><><><><><><><
 -1.680e+02     -4.974e+01     1.035e+01      
 -4.974e+01     -9.521e+01     8.133e-01      
 1.035e+01      8.133e-01      -1.226e+02     
 TOTAL-PRESSURE: -1.286e+02 KBAR
 ------------------------------------------------------------------------------------------------
 Energy              Potential           Kinetic             Temperature         Pressure (KBAR)     
 -3.086e+02          -3.087e+02          5.539e-02           1.851e+02           -1.264e+02          
 ------------------------------------------------------------------------------------------------
 -------------------------------------------
 STEP OF MOLECULAR DYNAMICS : 7
 -------------------------------------------
 DONE(6.781e+03  SEC) : INIT SCF
 ITER   ETOT(eV)       EDIFF(eV)      DRHO       TIME(s)    
 GE1    -8.399002e+03  0.000000e+00   2.892e-03  8.035e+01  
 GE2    -8.398992e+03  1.002555e-02   2.084e-03  7.565e+01  
 GE3    -8.399003e+03  -1.085508e-02  2.113e-03  7.566e+01  
 GE4    -8.399014e+03  -1.142890e-02  5.350e-04  7.566e+01  
 GE5    -8.399015e+03  -6.451497e-04  2.818e-04  7.561e+01  
 GE6    -8.399015e+03  -2.028973e-04  1.076e-04  7.576e+01  
 GE7    -8.399015e+03  -2.247253e-05  5.619e-05  7.560e+01  
 GE8    -8.399015e+03  -9.911273e-06  1.425e-05  7.558e+01  
 GE9    -8.399015e+03  -5.345687e-07  5.086e-06  7.550e+01  
 GE10   -8.399015e+03  -4.534721e-08  1.530e-06  7.554e+01  
 GE11   -8.399015e+03  1.868521e-09   9.530e-07  7.551e+01  
 ><><><><><><><><><><><><><><><><><><><><><><
 TOTAL-STRESS (KBAR):
 ><><><><><><><><><><><><><><><><><><><><><><
 -1.679e+02     -5.000e+01     9.554e+00      
 -5.000e+01     -9.542e+01     4.072e-01      
 9.554e+00      4.072e-01      -1.231e+02     
 TOTAL-PRESSURE: -1.288e+02 KBAR
 ------------------------------------------------------------------------------------------------
 Energy              Potential           Kinetic             Temperature         Pressure (KBAR)     
 -3.086e+02          -3.087e+02          6.774e-02           2.263e+02           -1.261e+02          
 ------------------------------------------------------------------------------------------------
 -------------------------------------------
 STEP OF MOLECULAR DYNAMICS : 8
 -------------------------------------------
 DONE(7.695e+03  SEC) : INIT SCF
 ITER   ETOT(eV)       EDIFF(eV)      DRHO       TIME(s)    
 GE1    -8.399050e+03  0.000000e+00   3.360e-03  8.055e+01  
 GE2    -8.399043e+03  6.944987e-03   2.128e-03  7.580e+01  
 GE3    -8.399051e+03  -7.770847e-03  2.138e-03  7.588e+01  
 GE4    -8.399064e+03  -1.301786e-02  5.554e-04  7.590e+01  
 GE5    -8.399065e+03  -7.046200e-04  3.111e-04  7.593e+01  
 GE6    -8.399065e+03  -2.373748e-04  1.366e-04  7.589e+01  
 GE7    -8.399065e+03  -4.323654e-05  6.387e-05  7.582e+01  
 GE8    -8.399065e+03  -1.243392e-05  1.544e-05  7.588e+01  
 GE9    -8.399065e+03  -5.724990e-07  5.758e-06  7.598e+01  
 GE10   -8.399065e+03  -6.010512e-08  1.702e-06  7.595e+01  
 GE11   -8.399065e+03  -4.293886e-09  1.020e-06  7.593e+01  
 GE12   -8.399065e+03  -9.126054e-11  6.282e-07  7.586e+01  
 ><><><><><><><><><><><><><><><><><><><><><><
 TOTAL-STRESS (KBAR):
 ><><><><><><><><><><><><><><><><><><><><><><
 -1.682e+02     -5.000e+01     9.270e+00      
 -5.000e+01     -9.586e+01     9.076e-01      
 9.270e+00      9.076e-01      -1.233e+02     
 TOTAL-PRESSURE: -1.291e+02 KBAR
 ------------------------------------------------------------------------------------------------
 Energy              Potential           Kinetic             Temperature         Pressure (KBAR)     
 -3.086e+02          -3.087e+02          8.169e-02           2.730e+02           -1.259e+02          
 ------------------------------------------------------------------------------------------------
 -------------------------------------------
 STEP OF MOLECULAR DYNAMICS : 9
 -------------------------------------------
 DONE(8.687e+03  SEC) : INIT SCF
 ITER   ETOT(eV)       EDIFF(eV)      DRHO       TIME(s)    
 GE1    -8.399126e+03  0.000000e+00   3.664e-03  8.044e+01  
 GE2    -8.399108e+03  1.785746e-02   2.840e-03  7.564e+01  
 GE3    -8.399129e+03  -2.072688e-02  2.674e-03  7.577e+01  
 GE4    -8.399148e+03  -1.948391e-02  6.731e-04  7.573e+01  
 GE5    -8.399149e+03  -9.938268e-04  3.415e-04  7.569e+01  
 GE6    -8.399150e+03  -2.958137e-04  1.575e-04  7.595e+01  
 GE7    -8.399150e+03  -6.070821e-05  8.171e-05  7.587e+01  
 GE8    -8.399150e+03  -2.083182e-05  1.877e-05  7.587e+01  
 GE9    -8.399150e+03  -7.237811e-07  7.542e-06  7.573e+01  
 GE10   -8.399150e+03  -1.090656e-07  2.721e-06  7.571e+01  
 GE11   -8.399150e+03  -1.968907e-08  1.674e-06  7.587e+01  
 GE12   -8.399150e+03  -1.582365e-09  9.304e-07  7.582e+01  
 ><><><><><><><><><><><><><><><><><><><><><><
 TOTAL-STRESS (KBAR):
 ><><><><><><><><><><><><><><><><><><><><><><
 -1.682e+02     -5.039e+01     8.894e+00      
 -5.039e+01     -9.630e+01     9.536e-01      
 8.894e+00      9.536e-01      -1.236e+02     
 TOTAL-PRESSURE: -1.294e+02 KBAR
 ------------------------------------------------------------------------------------------------
 Energy              Potential           Kinetic             Temperature         Pressure (KBAR)     
 -3.086e+02          -3.087e+02          7.664e-02           2.561e+02           -1.263e+02          
 ------------------------------------------------------------------------------------------------
 -------------------------------------------
 STEP OF MOLECULAR DYNAMICS : 10
 -------------------------------------------
 DONE(9.679e+03  SEC) : INIT SCF
 ITER   ETOT(eV)       EDIFF(eV)      DRHO       TIME(s)    
 GE1    -8.399124e+03  0.000000e+00   3.378e-03  8.025e+01  
 GE2    -8.399116e+03  7.789386e-03   2.109e-03  7.535e+01  
 GE3    -8.399126e+03  -9.944952e-03  2.137e-03  7.531e+01  
 GE4    -8.399138e+03  -1.206877e-02  5.272e-04  7.531e+01  
 GE5    -8.399139e+03  -6.821189e-04  3.384e-04  7.548e+01  
 GE6    -8.399139e+03  -3.034785e-04  1.297e-04  7.544e+01  
 GE7    -8.399139e+03  -3.401017e-05  6.558e-05  7.547e+01  
 GE8    -8.399139e+03  -1.369584e-05  1.538e-05  7.546e+01  
 GE9    -8.399139e+03  -6.383040e-07  5.738e-06  7.546e+01  
 GE10   -8.399139e+03  -5.973544e-08  2.029e-06  7.548e+01  
 GE11   -8.399139e+03  -1.025057e-08  1.417e-06  7.550e+01  
 GE12   -8.399139e+03  -4.326368e-09  4.757e-07  7.536e+01  
 ><><><><><><><><><><><><><><><><><><><><><><
 TOTAL-STRESS (KBAR):
 ><><><><><><><><><><><><><><><><><><><><><><
 -1.680e+02     -5.024e+01     9.032e+00      
 -5.024e+01     -9.647e+01     2.030e-01      
 9.032e+00      2.030e-01      -1.237e+02     
 TOTAL-PRESSURE: -1.294e+02 KBAR
 ------------------------------------------------------------------------------------------------
 Energy              Potential           Kinetic             Temperature         Pressure (KBAR)     
 -3.086e+02          -3.087e+02          8.400e-02           2.807e+02           -1.261e+02          
 ------------------------------------------------------------------------------------------------

  |CLASS_NAME---------|NAME---------------|TIME(Sec)-----|CALLS----|AVG------|PER%-------
                       total               10664          27        3.9e+02   1e+02     %
   Driver              driver_line         10664          1         1.1e+04   1e+02     %
   PW_Basis            setup_struc_factor  0.96806        11        0.088     0.0091    %
   ORB_control         read_orb_first      0.15463        1         0.15      0.0014    %
   LCAO_Orbitals       Read_Orbitals       0.15462        1         0.15      0.0014    %
   ORB_control         set_orb_tables      6.8311         1         6.8       0.064     %
   ORB_gen_tables      gen_tables          6.8311         1         6.8       0.064     %
   ORB_table_phi       init_Table          5.3385         1         5.3       0.05      %
   ORB_table_phi       cal_ST_Phi12_R      5.2996         558       0.0095    0.05      %
   ORB_table_beta      init_Table_Beta     1.2371         1         1.2       0.012     %
   ORB_table_beta      VNL_PhiBeta_R       1.2251         168       0.0073    0.011     %
   ppcell_vl           init_vloc           0.26191        1         0.26      0.0025    %
   Run_MD              md_line             10656          1         1.1e+04   1e+02     %
   Langevin            setup               1364.1         1         1.4e+03   13        %
   MD_func             force_virial        10656          11        9.7e+02   1e+02     %
   ESolver_KS_LCAO     Run                 9831           11        8.9e+02   92        %
   ESolver_KS_LCAO     beforescf           25.682         11        2.3       0.24      %
   ESolver_KS_LCAO     beforesolver        6.9075         11        0.63      0.065     %
   ESolver_KS_LCAO     set_matrix_grid     4.7379         11        0.43      0.044     %
   Grid_Technique      init                2.4931         11        0.23      0.023     %
   Grid_BigCell        grid_expansion_index0.69288        22        0.031     0.0065    %
   Record_adj          for_2d              1.9275         11        0.18      0.018     %
   Grid_Driver         Find_atom           16.257         621504    2.6e-05   0.15      %
   Charge              atomic_rho          16.028         21        0.76      0.15      %
   PW_Basis            recip2real          5.2478         765       0.0069    0.049     %
   PW_Basis            gathers_scatterp    3.8469         765       0.005     0.036     %
   Potential           init_pot            0.90391        11        0.082     0.0085    %
   Potential           update_from_charge  10.561         140       0.075     0.099     %
   Potential           cal_v_eff           10.51          140       0.075     0.099     %
   H_Hartree_pw        v_hartree           1.1376         140       0.0081    0.011     %
   PW_Basis            real2recip          3.4144         1164      0.0029    0.032     %
   PW_Basis            gatherp_scatters    1.426          1164      0.0012    0.013     %
   PotXC               cal_v_eff           9.2897         140       0.066     0.087     %
   XC_Functional       v_xc                9.2289         140       0.066     0.087     %
   HSolverLCAO         solve               9789.6         129       76        92        %
   HamiltLCAO          updateHk            3659.7         4644      0.79      34        %
   OperatorLCAO        init                3069.2         9288      0.33      29        %
   Veff                contributeHk        3066.9         4644      0.66      29        %
   Gint_interface      cal_gint            4897           269       18        46        %
   Gint_interface      cal_gint_vlocal     2353.6         129       18        22        %
   Gint_k              folding_vl_k        713.27         4644      0.15      6.7       %
   Gint_k              Distri              444.3          4644      0.096     4.2       %
   Overlap             contributeHR        3.8708         11        0.35      0.036     %
   LCAO_gen_fixedH     calculate_S_no      3.8707         11        0.35      0.036     %
   Ekin<LCAO>          contributeHR        3.9161         11        0.36      0.037     %
   Nonlocal<LCAO>      contributeHR        39.461         11        3.6       0.37      %
   LCAO_gen_fixedH     build_Nonlocal_mu_new125.28         22        5.7       1.2       %
   ORB_gen_tables      snap_psibeta_half   2.9099         1014999   2.9e-06   0.027     %
   OperatorLCAO        folding_fixed       543.21         4644      0.12      5.1       %
   LCAO_nnr            folding_fixedH      536.83         4644      0.12      5         %
   HSolverLCAO         hamiltSolvePsiK     1482.9         4644      0.32      14        %
   DiagoElpa           elpa_solve          1469.5         4644      0.32      14        %
   ElecStateLCAO       psiToRho            4646.9         129       36        44        %
   elecstate           cal_dm              130.43         140       0.93      1.2       %
   psiMulPsiMpi        pdgemm              125.46         5040      0.025     1.2       %
    Local_Orbital_wfc  wfc_2d_to_grid      26.194         4644      0.0056    0.25      %
   LCAO_Charge         cal_dk_k            2405.6         129       19        23        %
   Record_adj          for_grid            0.6285         129       0.0049    0.0059    %
   Gint_interface      cal_gint_rho        2100.5         129       16        20        %
   Charge              mix_rho             1.4815         118       0.013     0.014     %
   Force_Stress_LCAO   getForceStress      825.01         11        75        7.7       %
   Forces              cal_force_loc       0.80912        11        0.074     0.0076    %
   Forces              cal_force_ew        0.77755        11        0.071     0.0073    %
   Forces              cal_force_scc       7.5372         11        0.69      0.071     %
   Stress_Func         stress_loc          6.3345         11        0.58      0.059     %
   Stress_Func         stress_ewa          0.37935        11        0.034     0.0036    %
   Stress_Func         stress_gga          0.42929        11        0.039     0.004     %
   Force_LCAO_k        ftable_k            808.68         11        74        7.6       %
   Force_LCAO_k        allocate_k          111.24         11        10        1         %
   Force_LCAO_k        cal_foverlap_k      22.172         11        2         0.21      %
   Force_LCAO_k        cal_edm_2d          21.375         11        1.9       0.2       %
   Local_Orbital_Chargecal_dm_R            10.728         22        0.49      0.1       %
   Force_LCAO_k        cal_ftvnl_dphi_k    0.23596        11        0.021     0.0022    %
   Force_LCAO_k        cal_fvl_dphi_k      442.8          11        40        4.2       %
   Gint_interface      cal_gint_force      442.8          11        40        4.2       %
   Force_LCAO_k        cal_fvnl_dbeta_k_new224.36         11        20        2.1       %
 ----------------------------------------------------------------------------------------

 START  Time  : Fri Feb  3 16:52:54 2023
 FINISH Time  : Fri Feb  3 19:50:38 2023
 TOTAL  Time  : 1.1e+04
 SEE INFORMATION IN : OUT.ABACUS/
