 In SCAN_BEGIN, can't find: LATTICE_PARAMETERS block.
 In SCAN_BEGIN, can't find: <PP_MESH block.
 In SCAN_BEGIN, can't find: <PP_MESH block.
 AUTO_SET NBANDS to 0
 AUTO_SET NBANDS to 154
 cpu 2D distribution : 4*4
 but, the number of bands-row-block is 3
      Processor           Atom
              1             66
              2             66
              3             65
              4             66
              5             66
              6             66
              7             66
              8             66
              9             66
             10             66
             11             64
             12             66
             13             63
             14             66
             15             66
             16             66
                            startmag_type = 2
                       charge from rho_at = 3.95377
                         charge should be = 4
                            startmag_type = 2
                       charge from rho_at = 3.99303
                         charge should be = 4

 SETUP ATOMIC RHO FOR SPIN 1
                 Electron number from rho = 256
           total electron number from rho = 256
                                should be = 256
                 charge before normalized = 256
                  charge after normalized = 256
                 charge before normalized = 256.000115938102
                  charge after normalized = 256
                 charge before normalized = 256.0001606431
                  charge after normalized = 256
                 charge before normalized = 256.000135542174
                  charge after normalized = 256
                 charge before normalized = 256.000137241133
                  charge after normalized = 256
                 charge before normalized = 256.000134732233
                  charge after normalized = 256
                 charge before normalized = 256.000134829056
                  charge after normalized = 256
                 charge before normalized = 256.000135077141
                  charge after normalized = 256
                 charge before normalized = 256.000135108942
                  charge after normalized = 256
                 charge before normalized = 256.000135151016
                  charge after normalized = 256
                 charge before normalized = 256.000135132009
                  charge after normalized = 256
                 charge before normalized = 256.000135136664
                  charge after normalized = 256
                 charge before normalized = 256.000135137619
                  charge after normalized = 256
                 charge before normalized = 256.000135140084
                  charge after normalized = 256
                 charge before normalized = 256.000135139003
                  charge after normalized = 256
                 charge before normalized = 256.000135138984
                  charge after normalized = 256
                 charge before normalized = 256.000135139031
                  charge after normalized = 256
                            startmag_type = 2
                       charge from rho_at = 3.95377434289291
                         charge should be = 4
                            startmag_type = 2
                       charge from rho_at = 3.99303358802097
                         charge should be = 4

 SETUP ATOMIC RHO FOR SPIN 1
                 Electron number from rho = 256
           total electron number from rho = 256
                                should be = 256
                            startmag_type = 2
                       charge from rho_at = 3.95377434289291
                         charge should be = 4
                            startmag_type = 2
                       charge from rho_at = 3.99303358802097
                         charge should be = 4

 SETUP ATOMIC RHO FOR SPIN 1
                 Electron number from rho = 256
           total electron number from rho = 256
                                should be = 256
      Processor           Atom
              1             66
              2             66
              3             65
              4             66
              5             66
              6             66
              7             66
              8             66
              9             66
             10             66
             11             64
             12             66
             13             63
             14             66
             15             66
             16             66
                 charge before normalized = 256
                  charge after normalized = 256
                 charge before normalized = 256.000135109587
                  charge after normalized = 256
                 charge before normalized = 256.000135104704
                  charge after normalized = 256
                 charge before normalized = 256.00013513253
                  charge after normalized = 256
                 charge before normalized = 256.000135116731
                  charge after normalized = 256
                 charge before normalized = 256.000135117205
                  charge after normalized = 256
                 charge before normalized = 256.000135117337
                  charge after normalized = 256
                 charge before normalized = 256.000135117263
                  charge after normalized = 256
                 charge before normalized = 256.000135117611
                  charge after normalized = 256
                 charge before normalized = 256.000135117499
                  charge after normalized = 256
                 charge before normalized = 256.000135117501
                  charge after normalized = 256
                            startmag_type = 2
                       charge from rho_at = 3.95377434289291
                         charge should be = 4
                            startmag_type = 2
                       charge from rho_at = 3.99303358802097
                         charge should be = 4

 SETUP ATOMIC RHO FOR SPIN 1
                 Electron number from rho = 256
           total electron number from rho = 256
                                should be = 256
                            startmag_type = 2
                       charge from rho_at = 3.95377434289291
                         charge should be = 4
                            startmag_type = 2
                       charge from rho_at = 3.99303358802097
                         charge should be = 4

 SETUP ATOMIC RHO FOR SPIN 1
                 Electron number from rho = 256
           total electron number from rho = 256
                                should be = 256
      Processor           Atom
              1             66
              2             66
              3             65
              4             66
              5             66
              6             66
              7             66
              8             66
              9             66
             10             66
             11             64
             12             66
             13             62
             14             66
             15             66
             16             66
                 charge before normalized = 256
                  charge after normalized = 256
                 charge before normalized = 256.000135163927
                  charge after normalized = 256
                 charge before normalized = 256.000135171397
                  charge after normalized = 256
                 charge before normalized = 256.000135183058
                  charge after normalized = 256
                 charge before normalized = 256.000135173796
                  charge after normalized = 256
                 charge before normalized = 256.000135174992
                  charge after normalized = 256
                 charge before normalized = 256.000135175249
                  charge after normalized = 256
                 charge before normalized = 256.000135175114
                  charge after normalized = 256
                 charge before normalized = 256.000135175506
                  charge after normalized = 256
                 charge before normalized = 256.000135175285
                  charge after normalized = 256
                 charge before normalized = 256.000135175324
                  charge after normalized = 256
                            startmag_type = 2
                       charge from rho_at = 3.95377434289291
                         charge should be = 4
                            startmag_type = 2
                       charge from rho_at = 3.99303358802097
                         charge should be = 4

 SETUP ATOMIC RHO FOR SPIN 1
                 Electron number from rho = 256
           total electron number from rho = 256
                                should be = 256
                            startmag_type = 2
                       charge from rho_at = 3.95377434289291
                         charge should be = 4
                            startmag_type = 2
                       charge from rho_at = 3.99303358802097
                         charge should be = 4

 SETUP ATOMIC RHO FOR SPIN 1
                 Electron number from rho = 256
           total electron number from rho = 256
                                should be = 256
      Processor           Atom
              1             66
              2             66
              3             65
              4             66
              5             66
              6             66
              7             66
              8             66
              9             66
             10             66
             11             64
             12             66
             13             62
             14             66
             15             66
             16             66
                 charge before normalized = 256
                  charge after normalized = 256
                 charge before normalized = 256.000135136327
                  charge after normalized = 256
                 charge before normalized = 256.000135134776
                  charge after normalized = 256
                 charge before normalized = 256.000135154131
                  charge after normalized = 256
                 charge before normalized = 256.000135135626
                  charge after normalized = 256
                 charge before normalized = 256.000135142573
                  charge after normalized = 256
                 charge before normalized = 256.000135140729
                  charge after normalized = 256
                 charge before normalized = 256.00013514068
                  charge after normalized = 256
                 charge before normalized = 256.000135141179
                  charge after normalized = 256
                 charge before normalized = 256.000135140879
                  charge after normalized = 256
                 charge before normalized = 256.000135140965
                  charge after normalized = 256
                            startmag_type = 2
                       charge from rho_at = 3.95377434289291
                         charge should be = 4
                            startmag_type = 2
                       charge from rho_at = 3.99303358802097
                         charge should be = 4

 SETUP ATOMIC RHO FOR SPIN 1
                 Electron number from rho = 256
           total electron number from rho = 256
                                should be = 256
                            startmag_type = 2
                       charge from rho_at = 3.95377434289291
                         charge should be = 4
                            startmag_type = 2
                       charge from rho_at = 3.99303358802097
                         charge should be = 4

 SETUP ATOMIC RHO FOR SPIN 1
                 Electron number from rho = 256
           total electron number from rho = 256
                                should be = 256
      Processor           Atom
              1             66
              2             66
              3             65
              4             66
              5             66
              6             66
              7             66
              8             66
              9             66
             10             66
             11             64
             12             66
             13             63
             14             66
             15             66
             16             66
                 charge before normalized = 256
                  charge after normalized = 256
                 charge before normalized = 256.000135068932
                  charge after normalized = 256
                 charge before normalized = 256.000135059373
                  charge after normalized = 256
                 charge before normalized = 256.000135115091
                  charge after normalized = 256
                 charge before normalized = 256.000135078231
                  charge after normalized = 256
                 charge before normalized = 256.000135079372
                  charge after normalized = 256
                 charge before normalized = 256.000135080539
                  charge after normalized = 256
                 charge before normalized = 256.000135079503
                  charge after normalized = 256
                 charge before normalized = 256.000135080633
                  charge after normalized = 256
                 charge before normalized = 256.000135080258
                  charge after normalized = 256
                 charge before normalized = 256.000135080302
                  charge after normalized = 256
                            startmag_type = 2
                       charge from rho_at = 3.95377434289291
                         charge should be = 4
                            startmag_type = 2
                       charge from rho_at = 3.99303358802097
                         charge should be = 4

 SETUP ATOMIC RHO FOR SPIN 1
                 Electron number from rho = 256
           total electron number from rho = 256
                                should be = 256
                            startmag_type = 2
                       charge from rho_at = 3.95377434289291
                         charge should be = 4
                            startmag_type = 2
                       charge from rho_at = 3.99303358802097
                         charge should be = 4

 SETUP ATOMIC RHO FOR SPIN 1
                 Electron number from rho = 256
           total electron number from rho = 256
                                should be = 256
      Processor           Atom
              1             66
              2             66
              3             65
              4             66
              5             66
              6             66
              7             66
              8             66
              9             66
             10             66
             11             64
             12             66
             13             63
             14             66
             15             66
             16             66
                 charge before normalized = 256
                  charge after normalized = 256
                 charge before normalized = 256.00013506798
                  charge after normalized = 256
                 charge before normalized = 256.000135081359
                  charge after normalized = 256
                 charge before normalized = 256.000135082931
                  charge after normalized = 256
                 charge before normalized = 256.000135077279
                  charge after normalized = 256
                 charge before normalized = 256.000135079249
                  charge after normalized = 256
                 charge before normalized = 256.000135078915
                  charge after normalized = 256
                 charge before normalized = 256.000135078896
                  charge after normalized = 256
                 charge before normalized = 256.000135079052
                  charge after normalized = 256
                 charge before normalized = 256.000135078891
                  charge after normalized = 256
                 charge before normalized = 256.000135078963
                  charge after normalized = 256
                 charge before normalized = 256.000135078955
                  charge after normalized = 256
                            startmag_type = 2
                       charge from rho_at = 3.95377434289291
                         charge should be = 4
                            startmag_type = 2
                       charge from rho_at = 3.99303358802097
                         charge should be = 4

 SETUP ATOMIC RHO FOR SPIN 1
                 Electron number from rho = 256
           total electron number from rho = 256
                                should be = 256
                            startmag_type = 2
                       charge from rho_at = 3.95377434289291
                         charge should be = 4
                            startmag_type = 2
                       charge from rho_at = 3.99303358802097
                         charge should be = 4

 SETUP ATOMIC RHO FOR SPIN 1
                 Electron number from rho = 256
           total electron number from rho = 256
                                should be = 256
      Processor           Atom
              1             66
              2             66
              3             65
              4             66
              5             66
              6             66
              7             66
              8             66
              9             66
             10             66
             11             64
             12             66
             13             63
             14             66
             15             66
             16             66
                 charge before normalized = 256
                  charge after normalized = 256
                 charge before normalized = 256.000135082264
                  charge after normalized = 256
                 charge before normalized = 256.000135099679
                  charge after normalized = 256
                 charge before normalized = 256.000135094796
                  charge after normalized = 256
                 charge before normalized = 256.000135097247
                  charge after normalized = 256
                 charge before normalized = 256.000135093935
                  charge after normalized = 256
                 charge before normalized = 256.000135096443
                  charge after normalized = 256
                 charge before normalized = 256.000135095803
                  charge after normalized = 256
                 charge before normalized = 256.000135096305
                  charge after normalized = 256
                 charge before normalized = 256.000135096006
                  charge after normalized = 256
                 charge before normalized = 256.000135096065
                  charge after normalized = 256
                 charge before normalized = 256.000135096075
                  charge after normalized = 256
                            startmag_type = 2
                       charge from rho_at = 3.95377434289291
                         charge should be = 4
                            startmag_type = 2
                       charge from rho_at = 3.99303358802097
                         charge should be = 4

 SETUP ATOMIC RHO FOR SPIN 1
                 Electron number from rho = 256
           total electron number from rho = 256
                                should be = 256
                            startmag_type = 2
                       charge from rho_at = 3.95377434289291
                         charge should be = 4
                            startmag_type = 2
                       charge from rho_at = 3.99303358802097
                         charge should be = 4

 SETUP ATOMIC RHO FOR SPIN 1
                 Electron number from rho = 256
           total electron number from rho = 256
                                should be = 256
      Processor           Atom
              1             66
              2             66
              3             65
              4             66
              5             66
              6             66
              7             66
              8             66
              9             66
             10             66
             11             64
             12             66
             13             62
             14             66
             15             66
             16             66
                 charge before normalized = 256
                  charge after normalized = 256
                 charge before normalized = 256.000135117937
                  charge after normalized = 256
                 charge before normalized = 256.000135120296
                  charge after normalized = 256
                 charge before normalized = 256.000135134246
                  charge after normalized = 256
                 charge before normalized = 256.000135121527
                  charge after normalized = 256
                 charge before normalized = 256.000135123408
                  charge after normalized = 256
                 charge before normalized = 256.000135123969
                  charge after normalized = 256
                 charge before normalized = 256.000135123313
                  charge after normalized = 256
                 charge before normalized = 256.000135124189
                  charge after normalized = 256
                 charge before normalized = 256.000135123653
                  charge after normalized = 256
                 charge before normalized = 256.000135123781
                  charge after normalized = 256
                 charge before normalized = 256.000135123773
                  charge after normalized = 256
                            startmag_type = 2
                       charge from rho_at = 3.95377434289291
                         charge should be = 4
                            startmag_type = 2
                       charge from rho_at = 3.99303358802097
                         charge should be = 4

 SETUP ATOMIC RHO FOR SPIN 1
                 Electron number from rho = 256
           total electron number from rho = 256
                                should be = 256
                            startmag_type = 2
                       charge from rho_at = 3.95377434289291
                         charge should be = 4
                            startmag_type = 2
                       charge from rho_at = 3.99303358802097
                         charge should be = 4

 SETUP ATOMIC RHO FOR SPIN 1
                 Electron number from rho = 256
           total electron number from rho = 256
                                should be = 256
      Processor           Atom
              1             66
              2             66
              3             65
              4             66
              5             66
              6             66
              7             66
              8             66
              9             66
             10             66
             11             64
             12             66
             13             62
             14             66
             15             66
             16             66
                 charge before normalized = 256
                  charge after normalized = 256
                 charge before normalized = 256.000135007452
                  charge after normalized = 256
                 charge before normalized = 256.000135007654
                  charge after normalized = 256
                 charge before normalized = 256.000135005456
                  charge after normalized = 256
                 charge before normalized = 256.000134994914
                  charge after normalized = 256
                 charge before normalized = 256.000135004707
                  charge after normalized = 256
                 charge before normalized = 256.000135000942
                  charge after normalized = 256
                 charge before normalized = 256.000135000816
                  charge after normalized = 256
                 charge before normalized = 256.000135000992
                  charge after normalized = 256
                 charge before normalized = 256.000135000984
                  charge after normalized = 256
                 charge before normalized = 256.000135001003
                  charge after normalized = 256
                 charge before normalized = 256.000135000988
                  charge after normalized = 256
                            startmag_type = 2
                       charge from rho_at = 3.95377434289291
                         charge should be = 4
                            startmag_type = 2
                       charge from rho_at = 3.99303358802097
                         charge should be = 4

 SETUP ATOMIC RHO FOR SPIN 1
                 Electron number from rho = 256
           total electron number from rho = 256
                                should be = 256
                            startmag_type = 2
                       charge from rho_at = 3.95377434289291
                         charge should be = 4
                            startmag_type = 2
                       charge from rho_at = 3.99303358802097
                         charge should be = 4

 SETUP ATOMIC RHO FOR SPIN 1
                 Electron number from rho = 256
           total electron number from rho = 256
                                should be = 256
      Processor           Atom
              1             66
              2             66
              3             65
              4             66
              5             66
              6             66
              7             66
              8             66
              9             66
             10             66
             11             63
             12             66
             13             62
             14             66
             15             66
             16             66
                 charge before normalized = 256
                  charge after normalized = 256
                 charge before normalized = 256.000135029218
                  charge after normalized = 256
                 charge before normalized = 256.000135079441
                  charge after normalized = 256
                 charge before normalized = 256.000135011956
                  charge after normalized = 256
                 charge before normalized = 256.00013504634
                  charge after normalized = 256
                 charge before normalized = 256.000135040333
                  charge after normalized = 256
                 charge before normalized = 256.000135043219
                  charge after normalized = 256
                 charge before normalized = 256.000135042184
                  charge after normalized = 256
                 charge before normalized = 256.000135042525
                  charge after normalized = 256
                 charge before normalized = 256.000135042268
                  charge after normalized = 256
                 charge before normalized = 256.000135042341
                  charge after normalized = 256
                 charge before normalized = 256.000135042354
                  charge after normalized = 256
                            startmag_type = 2
                       charge from rho_at = 3.95377434289291
                         charge should be = 4
                            startmag_type = 2
                       charge from rho_at = 3.99303358802097
                         charge should be = 4

 SETUP ATOMIC RHO FOR SPIN 1
                 Electron number from rho = 256
           total electron number from rho = 256
                                should be = 256
                            startmag_type = 2
                       charge from rho_at = 3.95377434289291
                         charge should be = 4
                            startmag_type = 2
                       charge from rho_at = 3.99303358802097
                         charge should be = 4

 SETUP ATOMIC RHO FOR SPIN 1
                 Electron number from rho = 256
           total electron number from rho = 256
                                should be = 256
      Processor           Atom
              1             66
              2             66
              3             65
              4             66
              5             66
              6             66
              7             66
              8             66
              9             66
             10             66
             11             63
             12             66
             13             62
             14             66
             15             66
             16             66
                 charge before normalized = 256
                  charge after normalized = 256
                 charge before normalized = 256.000135044706
                  charge after normalized = 256
                 charge before normalized = 256.000135061336
                  charge after normalized = 256
                 charge before normalized = 256.000135059925
                  charge after normalized = 256
                 charge before normalized = 256.000135054458
                  charge after normalized = 256
                 charge before normalized = 256.000135054063
                  charge after normalized = 256
                 charge before normalized = 256.000135056839
                  charge after normalized = 256
                 charge before normalized = 256.000135055349
                  charge after normalized = 256
                 charge before normalized = 256.000135056365
                  charge after normalized = 256
                 charge before normalized = 256.000135055831
                  charge after normalized = 256
                 charge before normalized = 256.000135055943
                  charge after normalized = 256
                 charge before normalized = 256.000135055947
                  charge after normalized = 256
