 Input  warning : gamma_only_local algorithm is not used.
 In SCAN_BEGIN, can't find: LATTICE_PARAMETERS block.
 AUTO_SET NBANDS to 0
 AUTO_SET NBANDS to 173
 cpu 2D distribution : 4*4
 but, the number of bands-row-block is 3
      Processor           Atom
              1             57
              2             59
              3             55
              4             53
              5             58
              6             59
              7             56
              8             54
              9             58
             10             60
             11             56
             12             53
             13             58
             14             59
             15             56
             16             54
                            startmag_type = 2
                       charge from rho_at = 3.95377
                         charge should be = 4
                       charge from rho_at = 3.99303
                         charge should be = 4

 SETUP ATOMIC RHO FOR SPIN 1
                 Electron number from rho = 288
           total electron number from rho = 288
                                should be = 288
                 charge before normalized = 288
                  charge after normalized = 288
                 charge before normalized = 288.000111253051
                  charge after normalized = 288
                 charge before normalized = 288.00015875718
                  charge after normalized = 288
                 charge before normalized = 288.000131237262
                  charge after normalized = 288
                 charge before normalized = 288.000135983215
                  charge after normalized = 288
                 charge before normalized = 288.00013059436
                  charge after normalized = 288
                 charge before normalized = 288.000130733167
                  charge after normalized = 288
                 charge before normalized = 288.000130893986
                  charge after normalized = 288
                 charge before normalized = 288.000131028523
                  charge after normalized = 288
                 charge before normalized = 288.000131093108
                  charge after normalized = 288
                 charge before normalized = 288.000131092418
                  charge after normalized = 288
                 charge before normalized = 288.000131086154
                  charge after normalized = 288
                 charge before normalized = 288.000131082724
                  charge after normalized = 288
                 charge before normalized = 288.000131082133
                  charge after normalized = 288
                 charge before normalized = 288.000131081859
                  charge after normalized = 288
                 charge before normalized = 288.000131082028
                  charge after normalized = 288
                 charge before normalized = 288.000131082249
                  charge after normalized = 288
                 charge before normalized = 288.000131082168
                  charge after normalized = 288
                 charge before normalized = 288.000131082157
                  charge after normalized = 288
                            startmag_type = 2
                       charge from rho_at = 3.95377434289291
                         charge should be = 4
                       charge from rho_at = 3.99303358802097
                         charge should be = 4

 SETUP ATOMIC RHO FOR SPIN 1
                 Electron number from rho = 288
           total electron number from rho = 288
                                should be = 288
                            startmag_type = 2
                       charge from rho_at = 3.95377434289291
                         charge should be = 4
                       charge from rho_at = 3.99303358802097
                         charge should be = 4

 SETUP ATOMIC RHO FOR SPIN 1
                 Electron number from rho = 288
           total electron number from rho = 288
                                should be = 288
      Processor           Atom
              1             57
              2             59
              3             55
              4             53
              5             58
              6             59
              7             56
              8             54
              9             58
             10             60
             11             56
             12             53
             13             58
             14             59
             15             56
             16             54
                 charge before normalized = 288
                  charge after normalized = 288
                 charge before normalized = 288.000131014745
                  charge after normalized = 288
                 charge before normalized = 288.000131025406
                  charge after normalized = 288
                 charge before normalized = 288.000131021219
                  charge after normalized = 288
                 charge before normalized = 288.00013102559
                  charge after normalized = 288
                 charge before normalized = 288.000131023981
                  charge after normalized = 288
                 charge before normalized = 288.00013102462
                  charge after normalized = 288
                 charge before normalized = 288.000131024768
                  charge after normalized = 288
                 charge before normalized = 288.000131024743
                  charge after normalized = 288
                 charge before normalized = 288.00013102472
                  charge after normalized = 288
                 charge before normalized = 288.00013102471
                  charge after normalized = 288
                            startmag_type = 2
                       charge from rho_at = 3.95377434289291
                         charge should be = 4
                       charge from rho_at = 3.99303358802097
                         charge should be = 4

 SETUP ATOMIC RHO FOR SPIN 1
                 Electron number from rho = 288
           total electron number from rho = 288
                                should be = 288
                            startmag_type = 2
                       charge from rho_at = 3.95377434289291
                         charge should be = 4
                       charge from rho_at = 3.99303358802097
                         charge should be = 4

 SETUP ATOMIC RHO FOR SPIN 1
                 Electron number from rho = 288
           total electron number from rho = 288
                                should be = 288
      Processor           Atom
              1             57
              2             59
              3             55
              4             53
              5             58
              6             59
              7             56
              8             53
              9             58
             10             59
             11             56
             12             53
             13             58
             14             59
             15             56
             16             54
                 charge before normalized = 288
                  charge after normalized = 288
                 charge before normalized = 288.000131036777
                  charge after normalized = 288
                 charge before normalized = 288.000131039521
                  charge after normalized = 288
                 charge before normalized = 288.000131039779
                  charge after normalized = 288
                 charge before normalized = 288.000131038504
                  charge after normalized = 288
                 charge before normalized = 288.000131041273
                  charge after normalized = 288
                 charge before normalized = 288.000131039148
                  charge after normalized = 288
                 charge before normalized = 288.000131039839
                  charge after normalized = 288
                 charge before normalized = 288.000131039797
                  charge after normalized = 288
                 charge before normalized = 288.000131039779
                  charge after normalized = 288
                 charge before normalized = 288.000131039794
                  charge after normalized = 288
                 charge before normalized = 288.000131039781
                  charge after normalized = 288
                            startmag_type = 2
                       charge from rho_at = 3.95377434289291
                         charge should be = 4
                       charge from rho_at = 3.99303358802097
                         charge should be = 4

 SETUP ATOMIC RHO FOR SPIN 1
                 Electron number from rho = 288
           total electron number from rho = 288
                                should be = 288
                            startmag_type = 2
                       charge from rho_at = 3.95377434289291
                         charge should be = 4
                       charge from rho_at = 3.99303358802097
                         charge should be = 4

 SETUP ATOMIC RHO FOR SPIN 1
                 Electron number from rho = 288
           total electron number from rho = 288
                                should be = 288
      Processor           Atom
              1             57
              2             59
              3             55
              4             53
              5             58
              6             59
              7             56
              8             53
              9             58
             10             59
             11             56
             12             54
             13             58
             14             59
             15             56
             16             54
                 charge before normalized = 288
                  charge after normalized = 288
                 charge before normalized = 288.000130837874
                  charge after normalized = 288
                 charge before normalized = 288.000130851527
                  charge after normalized = 288
                 charge before normalized = 288.000130834612
                  charge after normalized = 288
                 charge before normalized = 288.00013084972
                  charge after normalized = 288
                 charge before normalized = 288.00013084364
                  charge after normalized = 288
                 charge before normalized = 288.000130845087
                  charge after normalized = 288
                 charge before normalized = 288.000130845581
                  charge after normalized = 288
                 charge before normalized = 288.000130845282
                  charge after normalized = 288
                 charge before normalized = 288.000130845296
                  charge after normalized = 288
                 charge before normalized = 288.000130845297
                  charge after normalized = 288
                 charge before normalized = 288.000130845304
                  charge after normalized = 288
                            startmag_type = 2
                       charge from rho_at = 3.95377434289291
                         charge should be = 4
                       charge from rho_at = 3.99303358802097
                         charge should be = 4

 SETUP ATOMIC RHO FOR SPIN 1
                 Electron number from rho = 288
           total electron number from rho = 288
                                should be = 288
                            startmag_type = 2
                       charge from rho_at = 3.95377434289291
                         charge should be = 4
                       charge from rho_at = 3.99303358802097
                         charge should be = 4

 SETUP ATOMIC RHO FOR SPIN 1
                 Electron number from rho = 288
           total electron number from rho = 288
                                should be = 288
      Processor           Atom
              1             57
              2             58
              3             55
              4             53
              5             57
              6             59
              7             56
              8             54
              9             58
             10             59
             11             58
             12             54
             13             58
             14             59
             15             55
             16             54
                 charge before normalized = 288
                  charge after normalized = 288
                 charge before normalized = 288.000130832529
                  charge after normalized = 288
                 charge before normalized = 288.00013085548
                  charge after normalized = 288
                 charge before normalized = 288.000130827968
                  charge after normalized = 288
                 charge before normalized = 288.000130841951
                  charge after normalized = 288
                 charge before normalized = 288.000130841457
                  charge after normalized = 288
                 charge before normalized = 288.00013084174
                  charge after normalized = 288
                 charge before normalized = 288.000130841376
                  charge after normalized = 288
                 charge before normalized = 288.000130841351
                  charge after normalized = 288
                 charge before normalized = 288.000130841422
                  charge after normalized = 288
                 charge before normalized = 288.000130841373
                  charge after normalized = 288
                 charge before normalized = 288.000130841394
                  charge after normalized = 288
                            startmag_type = 2
                       charge from rho_at = 3.95377434289291
                         charge should be = 4
                       charge from rho_at = 3.99303358802097
                         charge should be = 4

 SETUP ATOMIC RHO FOR SPIN 1
                 Electron number from rho = 288
           total electron number from rho = 288
                                should be = 288
                            startmag_type = 2
                       charge from rho_at = 3.95377434289291
                         charge should be = 4
                       charge from rho_at = 3.99303358802097
                         charge should be = 4

 SETUP ATOMIC RHO FOR SPIN 1
                 Electron number from rho = 288
           total electron number from rho = 288
                                should be = 288
      Processor           Atom
              1             57
              2             58
              3             55
              4             53
              5             58
              6             59
              7             56
              8             54
              9             58
             10             59
             11             56
             12             53
             13             58
             14             59
             15             55
             16             54
                 charge before normalized = 288
                  charge after normalized = 288
                 charge before normalized = 288.000130970425
                  charge after normalized = 288
                 charge before normalized = 288.000130995675
                  charge after normalized = 288
                 charge before normalized = 288.000130968048
                  charge after normalized = 288
                 charge before normalized = 288.000130984131
                  charge after normalized = 288
                 charge before normalized = 288.000130982031
                  charge after normalized = 288
                 charge before normalized = 288.000130983016
                  charge after normalized = 288
                 charge before normalized = 288.000130982729
                  charge after normalized = 288
                 charge before normalized = 288.00013098271
                  charge after normalized = 288
                 charge before normalized = 288.000130982749
                  charge after normalized = 288
                 charge before normalized = 288.000130982708
                  charge after normalized = 288
                 charge before normalized = 288.000130982733
                  charge after normalized = 288
                            startmag_type = 2
                       charge from rho_at = 3.95377434289291
                         charge should be = 4
                       charge from rho_at = 3.99303358802097
                         charge should be = 4

 SETUP ATOMIC RHO FOR SPIN 1
                 Electron number from rho = 288
           total electron number from rho = 288
                                should be = 288
                            startmag_type = 2
                       charge from rho_at = 3.95377434289291
                         charge should be = 4
                       charge from rho_at = 3.99303358802097
                         charge should be = 4

 SETUP ATOMIC RHO FOR SPIN 1
                 Electron number from rho = 288
           total electron number from rho = 288
                                should be = 288
      Processor           Atom
              1             57
              2             58
              3             55
              4             53
              5             58
              6             59
              7             56
              8             54
              9             58
             10             59
             11             56
             12             53
             13             57
             14             59
             15             56
             16             53
                 charge before normalized = 288
                  charge after normalized = 288
                 charge before normalized = 288.00013089047
                  charge after normalized = 288
                 charge before normalized = 288.000130918361
                  charge after normalized = 288
                 charge before normalized = 288.000130900474
                  charge after normalized = 288
                 charge before normalized = 288.000130908401
                  charge after normalized = 288
                 charge before normalized = 288.000130906423
                  charge after normalized = 288
                 charge before normalized = 288.000130907452
                  charge after normalized = 288
                 charge before normalized = 288.000130907887
                  charge after normalized = 288
                 charge before normalized = 288.000130907432
                  charge after normalized = 288
                 charge before normalized = 288.000130907401
                  charge after normalized = 288
                 charge before normalized = 288.000130907451
                  charge after normalized = 288
                 charge before normalized = 288.00013090744
                  charge after normalized = 288
                            startmag_type = 2
                       charge from rho_at = 3.95377434289291
                         charge should be = 4
                       charge from rho_at = 3.99303358802097
                         charge should be = 4

 SETUP ATOMIC RHO FOR SPIN 1
                 Electron number from rho = 288
           total electron number from rho = 288
                                should be = 288
                            startmag_type = 2
                       charge from rho_at = 3.95377434289291
                         charge should be = 4
                       charge from rho_at = 3.99303358802097
                         charge should be = 4

 SETUP ATOMIC RHO FOR SPIN 1
                 Electron number from rho = 288
           total electron number from rho = 288
                                should be = 288
      Processor           Atom
              1             57
              2             59
              3             54
              4             53
              5             58
              6             59
              7             56
              8             54
              9             58
             10             59
             11             56
             12             53
             13             57
             14             59
             15             55
             16             53
                 charge before normalized = 288
                  charge after normalized = 288
                 charge before normalized = 288.000130925764
                  charge after normalized = 288
                 charge before normalized = 288.000130936658
                  charge after normalized = 288
                 charge before normalized = 288.000130932784
                  charge after normalized = 288
                 charge before normalized = 288.000130929971
                  charge after normalized = 288
                 charge before normalized = 288.0001309336
                  charge after normalized = 288
                 charge before normalized = 288.000130931329
                  charge after normalized = 288
                 charge before normalized = 288.000130932256
                  charge after normalized = 288
                 charge before normalized = 288.000130931986
                  charge after normalized = 288
                 charge before normalized = 288.00013093193
                  charge after normalized = 288
                 charge before normalized = 288.000130932025
                  charge after normalized = 288
                 charge before normalized = 288.000130932002
                  charge after normalized = 288
                 charge before normalized = 288.000130932004
                  charge after normalized = 288
                            startmag_type = 2
                       charge from rho_at = 3.95377434289291
                         charge should be = 4
                       charge from rho_at = 3.99303358802097
                         charge should be = 4

 SETUP ATOMIC RHO FOR SPIN 1
                 Electron number from rho = 288
           total electron number from rho = 288
                                should be = 288
                            startmag_type = 2
                       charge from rho_at = 3.95377434289291
                         charge should be = 4
                       charge from rho_at = 3.99303358802097
                         charge should be = 4

 SETUP ATOMIC RHO FOR SPIN 1
                 Electron number from rho = 288
           total electron number from rho = 288
                                should be = 288
      Processor           Atom
              1             57
              2             59
              3             55
              4             53
              5             57
              6             59
              7             56
              8             54
              9             58
             10             59
             11             56
             12             54
             13             58
             14             59
             15             56
             16             54
                 charge before normalized = 288
                  charge after normalized = 288
                 charge before normalized = 288.000131069875
                  charge after normalized = 288
                 charge before normalized = 288.000131086144
                  charge after normalized = 288
                 charge before normalized = 288.000131040073
                  charge after normalized = 288
                 charge before normalized = 288.000131063783
                  charge after normalized = 288
                 charge before normalized = 288.000131061679
                  charge after normalized = 288
                 charge before normalized = 288.000131062158
                  charge after normalized = 288
                 charge before normalized = 288.000131061233
                  charge after normalized = 288
                 charge before normalized = 288.000131061368
                  charge after normalized = 288
                 charge before normalized = 288.000131061392
                  charge after normalized = 288
                 charge before normalized = 288.000131061383
                  charge after normalized = 288
                 charge before normalized = 288.000131061383
                  charge after normalized = 288
                 charge before normalized = 288.000131061386
                  charge after normalized = 288
                            startmag_type = 2
                       charge from rho_at = 3.95377434289291
                         charge should be = 4
                       charge from rho_at = 3.99303358802097
                         charge should be = 4

 SETUP ATOMIC RHO FOR SPIN 1
                 Electron number from rho = 288
           total electron number from rho = 288
                                should be = 288
                            startmag_type = 2
                       charge from rho_at = 3.95377434289291
                         charge should be = 4
                       charge from rho_at = 3.99303358802097
                         charge should be = 4

 SETUP ATOMIC RHO FOR SPIN 1
                 Electron number from rho = 288
           total electron number from rho = 288
                                should be = 288
      Processor           Atom
              1             57
              2             59
              3             55
              4             53
              5             57
              6             59
              7             56
              8             54
              9             58
             10             59
             11             56
             12             53
             13             57
             14             59
             15             56
             16             53
                 charge before normalized = 288
                  charge after normalized = 288
                 charge before normalized = 288.000130854198
                  charge after normalized = 288
                 charge before normalized = 288.000130881079
                  charge after normalized = 288
                 charge before normalized = 288.000130858368
                  charge after normalized = 288
                 charge before normalized = 288.000130869238
                  charge after normalized = 288
                 charge before normalized = 288.000130865812
                  charge after normalized = 288
                 charge before normalized = 288.000130869086
                  charge after normalized = 288
                 charge before normalized = 288.000130867891
                  charge after normalized = 288
                 charge before normalized = 288.00013086796
                  charge after normalized = 288
                 charge before normalized = 288.000130867881
                  charge after normalized = 288
                 charge before normalized = 288.00013086795
                  charge after normalized = 288
                 charge before normalized = 288.000130867947
                  charge after normalized = 288
                 charge before normalized = 288.00013086794
                  charge after normalized = 288
                            startmag_type = 2
                       charge from rho_at = 3.95377434289291
                         charge should be = 4
                       charge from rho_at = 3.99303358802097
                         charge should be = 4

 SETUP ATOMIC RHO FOR SPIN 1
                 Electron number from rho = 288
           total electron number from rho = 288
                                should be = 288
                            startmag_type = 2
                       charge from rho_at = 3.95377434289291
                         charge should be = 4
                       charge from rho_at = 3.99303358802097
                         charge should be = 4

 SETUP ATOMIC RHO FOR SPIN 1
                 Electron number from rho = 288
           total electron number from rho = 288
                                should be = 288
      Processor           Atom
              1             57
              2             59
              3             55
              4             53
              5             57
              6             59
              7             56
              8             54
              9             58
             10             60
             11             56
             12             54
             13             57
             14             59
             15             56
             16             54
                 charge before normalized = 288
                  charge after normalized = 288
                 charge before normalized = 288.00013080607
                  charge after normalized = 288
                 charge before normalized = 288.000130823739
                  charge after normalized = 288
                 charge before normalized = 288.000130790595
                  charge after normalized = 288
                 charge before normalized = 288.000130809296
                  charge after normalized = 288
                 charge before normalized = 288.00013080395
                  charge after normalized = 288
                 charge before normalized = 288.000130807875
                  charge after normalized = 288
                 charge before normalized = 288.000130806945
                  charge after normalized = 288
                 charge before normalized = 288.000130806711
                  charge after normalized = 288
                 charge before normalized = 288.000130806743
                  charge after normalized = 288
                 charge before normalized = 288.000130806775
                  charge after normalized = 288
                 charge before normalized = 288.000130806776
                  charge after normalized = 288
                 charge before normalized = 288.000130806769
                  charge after normalized = 288
