WARNING: Total thread number on this node mismatches with hardware availability. This may cause poor performance.
Info: Local MPI proc number: 16,OpenMP thread number: 1,Total thread number: 16,Local thread limit: 32
                                                                                     
                              ABACUS v3.1                                            

               Atomic-orbital Based Ab-initio Computation at UStc                    

                     Website: http://abacus.ustc.edu.cn/                             
               Documentation: https://abacus.deepmodeling.com/                       
                  Repository: https://github.com/abacusmodeling/abacus-develop       
                              https://github.com/deepmodeling/abacus-develop         

 Fri Feb  3 16:52:53 2023
 MAKE THE DIR         : OUT.ABACUS/
 MAKE THE STRU DIR    : OUT.ABACUS/STRU/
 UNIFORM GRID DIM     : 108 * 108 * 108
 UNIFORM GRID DIM(BIG): 54 * 54 * 54
 DONE(0.104051   SEC) : SETUP UNITCELL
 DONE(0.117196   SEC) : INIT K-POINTS
 ---------------------------------------------------------
 Molecular Dynamics simulations
 ---------------------------------------------------------
 ENSEMBLE                 : Langevin
 Time interval(fs)        : 1
 ---------------------------------------------------------
 SPIN    KPOINTS         PROCESSORS  NBASE       
 1       36              16          1408        
 ---------------------------------------------------------
 Use Systematically Improvable Atomic bases
 ---------------------------------------------------------
 ELEMENT ORBITALS        NBASE       NATOM       XC          
 Si      3s3p2d-9au      22          32          
 C       3s3p2d-9au      22          32          
 ---------------------------------------------------------
 Initial plane wave basis and FFT box
 ---------------------------------------------------------
--------------------------------- INITVEL DONE ------------------------------------
 -------------------------------------------
 STEP OF MOLECULAR DYNAMICS : 0
 -------------------------------------------
 START CHARGE      : atomic
 DONE(9.50584    SEC) : INIT SCF
 ITER   ETOT(eV)       EDIFF(eV)      DRHO       TIME(s)    
 GE1    -8.329857e+03  0.000000e+00   2.742e-01  8.447e+01  
 GE2    -8.357694e+03  -2.783754e+01  1.681e-01  7.909e+01  
 GE3    -8.371119e+03  -1.342439e+01  6.961e-02  7.866e+01  
 GE4    -8.394981e+03  -2.386220e+01  4.863e-02  7.883e+01  
 GE5    -8.398366e+03  -3.384550e+00  1.249e-02  7.861e+01  
 GE6    -8.398530e+03  -1.641410e-01  6.886e-03  7.892e+01  
 GE7    -8.398628e+03  -9.848603e-02  2.709e-03  7.848e+01  
 GE8    -8.398643e+03  -1.506651e-02  1.113e-03  7.888e+01  
 GE9    -8.398646e+03  -2.723518e-03  7.571e-04  7.896e+01  
 GE10   -8.398647e+03  -1.262466e-03  2.784e-04  7.938e+01  
 GE11   -8.398647e+03  -3.053993e-04  2.091e-04  7.925e+01  
 GE12   -8.398648e+03  -1.098044e-04  4.821e-05  7.902e+01  
 GE13   -8.398648e+03  -7.817883e-06  3.206e-05  7.894e+01  
 GE14   -8.398648e+03  -1.657547e-06  6.455e-06  7.875e+01  
 GE15   -8.398648e+03  -7.357301e-08  5.524e-06  7.909e+01  
 GE16   -8.398648e+03  -8.219636e-08  3.123e-06  7.929e+01  
 GE17   -8.398648e+03  -2.647484e-08  6.864e-07  7.996e+01  
 ><><><><><><><><><><><><><><><><><><><><><><
 TOTAL-STRESS (KBAR):
 ><><><><><><><><><><><><><><><><><><><><><><
 6.665e+01      8.499e+01      3.583e+01      
 8.499e+01      7.470e+00      -1.131e+00     
 3.583e+01      -1.131e+00     -3.290e+01     
 TOTAL-PRESSURE: 1.374e+01 KBAR
 ------------------------------------------------------------------------------------------------
 Energy              Potential           Kinetic             Temperature         Pressure (KBAR)     
 -3.086e+02          -3.086e+02          2.993e-03           1.000e+01           1.387e+01           
 ------------------------------------------------------------------------------------------------
 -------------------------------------------
 STEP OF MOLECULAR DYNAMICS : 1
 -------------------------------------------
 DONE(1.444e+03  SEC) : INIT SCF
 ITER   ETOT(eV)       EDIFF(eV)      DRHO       TIME(s)    
 GE1    -8.398752e+03  0.000000e+00   5.226e-04  8.474e+01  
 GE2    -8.398752e+03  4.371212e-04   3.920e-04  7.951e+01  
 GE3    -8.398752e+03  -4.000890e-04  4.198e-04  7.980e+01  
 GE4    -8.398753e+03  -4.930060e-04  9.177e-05  7.998e+01  
 GE5    -8.398753e+03  -1.930773e-05  4.199e-05  7.953e+01  
 GE6    -8.398753e+03  -4.836552e-06  1.942e-05  7.987e+01  
 GE7    -8.398753e+03  -9.246487e-07  9.667e-06  7.933e+01  
 GE8    -8.398753e+03  -2.951381e-07  2.573e-06  7.927e+01  
 GE9    -8.398753e+03  -1.844700e-08  1.010e-06  7.938e+01  
 GE10   -8.398753e+03  -1.441607e-09  2.963e-07  7.927e+01  
 ><><><><><><><><><><><><><><><><><><><><><><
 TOTAL-STRESS (KBAR):
 ><><><><><><><><><><><><><><><><><><><><><><
 6.606e+01      8.473e+01      3.557e+01      
 8.473e+01      7.019e+00      -1.603e+00     
 3.557e+01      -1.603e+00     -3.332e+01     
 TOTAL-PRESSURE: 1.325e+01 KBAR
 ------------------------------------------------------------------------------------------------
 Energy              Potential           Kinetic             Temperature         Pressure (KBAR)     
 -3.086e+02          -3.086e+02          7.837e-03           2.619e+01           1.359e+01           
 ------------------------------------------------------------------------------------------------
 -------------------------------------------
 STEP OF MOLECULAR DYNAMICS : 2
 -------------------------------------------
 DONE(2.330e+03  SEC) : INIT SCF
 ITER   ETOT(eV)       EDIFF(eV)      DRHO       TIME(s)    
 GE1    -8.398944e+03  0.000000e+00   1.577e-03  8.497e+01  
 GE2    -8.398943e+03  1.554900e-03   1.008e-03  7.943e+01  
 GE3    -8.398945e+03  -2.233107e-03  1.000e-03  7.951e+01  
 GE4    -8.398948e+03  -2.720129e-03  2.362e-04  7.984e+01  
 GE5    -8.398948e+03  -1.289964e-04  1.374e-04  7.892e+01  
 GE6    -8.398948e+03  -4.903908e-05  5.585e-05  7.904e+01  
 GE7    -8.398948e+03  -9.031588e-06  3.119e-05  7.916e+01  
 GE8    -8.398948e+03  -3.050444e-06  6.350e-06  7.915e+01  
 GE9    -8.398948e+03  -9.427678e-08  2.814e-06  7.891e+01  
 GE10   -8.398948e+03  -1.965969e-08  1.370e-06  7.912e+01  
 GE11   -8.398948e+03  -4.114458e-09  6.000e-07  7.936e+01  
 ><><><><><><><><><><><><><><><><><><><><><><
 TOTAL-STRESS (KBAR):
 ><><><><><><><><><><><><><><><><><><><><><><
 6.516e+01      8.409e+01      3.507e+01      
 8.409e+01      6.056e+00      -2.580e+00     
 3.507e+01      -2.580e+00     -3.413e+01     
 TOTAL-PRESSURE: 1.236e+01 KBAR
 ------------------------------------------------------------------------------------------------
 Energy              Potential           Kinetic             Temperature         Pressure (KBAR)     
 -3.086e+02          -3.087e+02          1.868e-02           6.242e+01           1.316e+01           
 ------------------------------------------------------------------------------------------------
 -------------------------------------------
 STEP OF MOLECULAR DYNAMICS : 3
 -------------------------------------------
 DONE(3.291e+03  SEC) : INIT SCF
 ITER   ETOT(eV)       EDIFF(eV)      DRHO       TIME(s)    
 GE1    -8.399126e+03  0.000000e+00   2.009e-03  8.488e+01  
 GE2    -8.399126e+03  3.794896e-04   1.213e-03  7.923e+01  
 GE3    -8.399129e+03  -2.569474e-03  1.061e-03  7.923e+01  
 GE4    -8.399132e+03  -3.040545e-03  3.246e-04  7.917e+01  
 GE5    -8.399132e+03  -2.909650e-04  1.870e-04  7.926e+01  
 GE6    -8.399132e+03  -9.863146e-05  7.158e-05  7.907e+01  
 GE7    -8.399132e+03  -1.301976e-05  3.733e-05  7.889e+01  
 GE8    -8.399132e+03  -4.429994e-06  9.019e-06  7.894e+01  
 GE9    -8.399132e+03  -2.052821e-07  2.949e-06  7.909e+01  
 GE10   -8.399132e+03  -1.703633e-08  1.009e-06  7.945e+01  
 GE11   -8.399132e+03  2.877027e-10   6.165e-07  7.912e+01  
 ><><><><><><><><><><><><><><><><><><><><><><
 TOTAL-STRESS (KBAR):
 ><><><><><><><><><><><><><><><><><><><><><><
 6.414e+01      8.307e+01      3.447e+01      
 8.307e+01      5.244e+00      -2.947e+00     
 3.447e+01      -2.947e+00     -3.497e+01     
 TOTAL-PRESSURE: 1.147e+01 KBAR
 ------------------------------------------------------------------------------------------------
 Energy              Potential           Kinetic             Temperature         Pressure (KBAR)     
 -3.086e+02          -3.087e+02          2.749e-02           9.187e+01           1.264e+01           
 ------------------------------------------------------------------------------------------------
 -------------------------------------------
 STEP OF MOLECULAR DYNAMICS : 4
 -------------------------------------------
 DONE(4.252e+03  SEC) : INIT SCF
 ITER   ETOT(eV)       EDIFF(eV)      DRHO       TIME(s)    
 GE1    -8.399235e+03  0.000000e+00   2.240e-03  8.460e+01  
 GE2    -8.399232e+03  2.200982e-03   1.360e-03  7.938e+01  
 GE3    -8.399236e+03  -3.462186e-03  1.335e-03  7.899e+01  
 GE4    -8.399241e+03  -5.164163e-03  3.595e-04  7.913e+01  
 GE5    -8.399241e+03  -3.187458e-04  1.699e-04  7.899e+01  
 GE6    -8.399241e+03  -7.353005e-05  8.310e-05  7.960e+01  
 GE7    -8.399241e+03  -1.891972e-05  3.961e-05  7.932e+01  
 GE8    -8.399241e+03  -5.306438e-06  1.018e-05  7.884e+01  
 GE9    -8.399241e+03  -2.620229e-07  3.467e-06  7.951e+01  
 GE10   -8.399241e+03  -2.393037e-08  1.319e-06  7.897e+01  
 GE11   -8.399241e+03  1.174013e-09   9.041e-07  7.894e+01  
 ><><><><><><><><><><><><><><><><><><><><><><
 TOTAL-STRESS (KBAR):
 ><><><><><><><><><><><><><><><><><><><><><><
 6.344e+01      8.154e+01      3.335e+01      
 8.154e+01      4.390e+00      -3.237e+00     
 3.335e+01      -3.237e+00     -3.552e+01     
 TOTAL-PRESSURE: 1.077e+01 KBAR
 ------------------------------------------------------------------------------------------------
 Energy              Potential           Kinetic             Temperature         Pressure (KBAR)     
 -3.086e+02          -3.087e+02          3.664e-02           1.224e+02           1.233e+01           
 ------------------------------------------------------------------------------------------------
 -------------------------------------------
 STEP OF MOLECULAR DYNAMICS : 5
 -------------------------------------------
 DONE(5.213e+03  SEC) : INIT SCF
 ITER   ETOT(eV)       EDIFF(eV)      DRHO       TIME(s)    
 GE1    -8.399315e+03  0.000000e+00   2.472e-03  8.479e+01  
 GE2    -8.399313e+03  2.279106e-03   1.577e-03  7.883e+01  
 GE3    -8.399318e+03  -4.919846e-03  1.454e-03  7.888e+01  
 GE4    -8.399324e+03  -5.561150e-03  4.298e-04  7.901e+01  
 GE5    -8.399324e+03  -5.086654e-04  2.415e-04  7.933e+01  
 GE6    -8.399324e+03  -1.725353e-04  8.913e-05  7.907e+01  
 GE7    -8.399324e+03  -1.689359e-05  4.120e-05  7.877e+01  
 GE8    -8.399324e+03  -5.461241e-06  1.219e-05  7.876e+01  
 GE9    -8.399324e+03  -4.560645e-07  4.435e-06  7.904e+01  
 GE10   -8.399324e+03  -4.558232e-08  1.332e-06  7.848e+01  
 GE11   -8.399324e+03  3.136888e-09   9.818e-07  7.853e+01  
 ><><><><><><><><><><><><><><><><><><><><><><
 TOTAL-STRESS (KBAR):
 ><><><><><><><><><><><><><><><><><><><><><><
 6.281e+01      8.121e+01      3.281e+01      
 8.121e+01      4.160e+00      -4.339e+00     
 3.281e+01      -4.339e+00     -3.591e+01     
 TOTAL-PRESSURE: 1.035e+01 KBAR
 ------------------------------------------------------------------------------------------------
 Energy              Potential           Kinetic             Temperature         Pressure (KBAR)     
 -3.086e+02          -3.087e+02          3.764e-02           1.258e+02           1.195e+01           
 ------------------------------------------------------------------------------------------------
 -------------------------------------------
 STEP OF MOLECULAR DYNAMICS : 6
 -------------------------------------------
 DONE(6.172e+03  SEC) : INIT SCF
 ITER   ETOT(eV)       EDIFF(eV)      DRHO       TIME(s)    
 GE1    -8.399418e+03  0.000000e+00   2.902e-03  8.499e+01  
 GE2    -8.399405e+03  1.303044e-02   2.233e-03  7.976e+01  
 GE3    -8.399421e+03  -1.561819e-02  2.146e-03  7.987e+01  
 GE4    -8.399432e+03  -1.165332e-02  4.811e-04  7.887e+01  
 GE5    -8.399433e+03  -4.970521e-04  2.672e-04  7.909e+01  
 GE6    -8.399433e+03  -1.958079e-04  1.115e-04  7.944e+01  
 GE7    -8.399433e+03  -3.381545e-05  6.397e-05  7.919e+01  
 GE8    -8.399433e+03  -1.175261e-05  1.281e-05  7.954e+01  
 GE9    -8.399433e+03  -3.574567e-07  4.783e-06  7.912e+01  
 GE10   -8.399433e+03  -5.018556e-08  2.046e-06  7.927e+01  
 GE11   -8.399433e+03  -1.381592e-08  1.256e-06  7.958e+01  
 GE12   -8.399433e+03  -3.059548e-09  4.214e-07  7.948e+01  
 ><><><><><><><><><><><><><><><><><><><><><><
 TOTAL-STRESS (KBAR):
 ><><><><><><><><><><><><><><><><><><><><><><
 6.207e+01      8.152e+01      3.229e+01      
 8.152e+01      3.492e+00      -4.392e+00     
 3.229e+01      -4.392e+00     -3.610e+01     
 TOTAL-PRESSURE: 9.820e+00 KBAR
 ------------------------------------------------------------------------------------------------
 Energy              Potential           Kinetic             Temperature         Pressure (KBAR)     
 -3.086e+02          -3.087e+02          5.211e-02           1.741e+02           1.204e+01           
 ------------------------------------------------------------------------------------------------
 -------------------------------------------
 STEP OF MOLECULAR DYNAMICS : 7
 -------------------------------------------
 DONE(7.215e+03  SEC) : INIT SCF
 ITER   ETOT(eV)       EDIFF(eV)      DRHO       TIME(s)    
 GE1    -8.399392e+03  0.000000e+00   3.086e-03  8.451e+01  
 GE2    -8.399387e+03  4.483848e-03   1.984e-03  7.980e+01  
 GE3    -8.399397e+03  -9.704754e-03  1.738e-03  7.963e+01  
 GE4    -8.399405e+03  -8.190832e-03  4.697e-04  7.916e+01  
 GE5    -8.399406e+03  -5.606752e-04  2.990e-04  7.935e+01  
 GE6    -8.399406e+03  -2.726154e-04  1.105e-04  8.003e+01  
 GE7    -8.399406e+03  -2.937428e-05  5.812e-05  7.924e+01  
 GE8    -8.399406e+03  -1.091568e-05  1.439e-05  7.964e+01  
 GE9    -8.399406e+03  -5.890156e-07  5.165e-06  7.934e+01  
 GE10   -8.399406e+03  -5.199685e-08  1.850e-06  7.966e+01  
 GE11   -8.399406e+03  -9.925744e-09  1.328e-06  7.975e+01  
 GE12   -8.399406e+03  -3.831396e-09  4.208e-07  7.956e+01  
 ><><><><><><><><><><><><><><><><><><><><><><
 TOTAL-STRESS (KBAR):
 ><><><><><><><><><><><><><><><><><><><><><><
 6.208e+01      8.211e+01      3.236e+01      
 8.211e+01      3.293e+00      -4.336e+00     
 3.236e+01      -4.336e+00     -3.599e+01     
 TOTAL-PRESSURE: 9.795e+00 KBAR
 ------------------------------------------------------------------------------------------------
 Energy              Potential           Kinetic             Temperature         Pressure (KBAR)     
 -3.086e+02          -3.087e+02          6.746e-02           2.254e+02           1.266e+01           
 ------------------------------------------------------------------------------------------------
 -------------------------------------------
 STEP OF MOLECULAR DYNAMICS : 8
 -------------------------------------------
 DONE(8.260e+03  SEC) : INIT SCF
 ITER   ETOT(eV)       EDIFF(eV)      DRHO       TIME(s)    
 GE1    -8.399559e+03  0.000000e+00   3.675e-03  8.436e+01  
 GE2    -8.399555e+03  3.585011e-03   2.183e-03  7.909e+01  
 GE3    -8.399563e+03  -7.171195e-03  2.104e-03  7.889e+01  
 GE4    -8.399576e+03  -1.334365e-02  6.128e-04  7.888e+01  
 GE5    -8.399577e+03  -9.841336e-04  2.959e-04  7.875e+01  
 GE6    -8.399577e+03  -2.560487e-04  1.360e-04  7.877e+01  
 GE7    -8.399577e+03  -4.465154e-05  6.069e-05  7.894e+01  
 GE8    -8.399577e+03  -1.215069e-05  1.694e-05  7.897e+01  
 GE9    -8.399577e+03  -7.823534e-07  6.125e-06  7.887e+01  
 GE10   -8.399577e+03  -7.731005e-08  2.562e-06  7.877e+01  
 GE11   -8.399577e+03  -1.948645e-08  1.542e-06  7.876e+01  
 GE12   -8.399577e+03  -5.112137e-09  5.671e-07  7.910e+01  
 ><><><><><><><><><><><><><><><><><><><><><><
 TOTAL-STRESS (KBAR):
 ><><><><><><><><><><><><><><><><><><><><><><
 6.096e+01      8.217e+01      3.127e+01      
 8.217e+01      2.681e+00      -4.494e+00     
 3.127e+01      -4.494e+00     -3.668e+01     
 TOTAL-PRESSURE: 8.988e+00 KBAR
 ------------------------------------------------------------------------------------------------
 Energy              Potential           Kinetic             Temperature         Pressure (KBAR)     
 -3.086e+02          -3.087e+02          8.314e-02           2.778e+02           1.252e+01           
 ------------------------------------------------------------------------------------------------
 -------------------------------------------
 STEP OF MOLECULAR DYNAMICS : 9
 -------------------------------------------
 DONE(9.297e+03  SEC) : INIT SCF
 ITER   ETOT(eV)       EDIFF(eV)      DRHO       TIME(s)    
 GE1    -8.399649e+03  0.000000e+00   3.907e-03  8.430e+01  
 GE2    -8.399634e+03  1.525516e-02   2.914e-03  7.885e+01  
 GE3    -8.399656e+03  -2.193834e-02  2.618e-03  7.900e+01  
 GE4    -8.399675e+03  -1.926683e-02  6.604e-04  7.899e+01  
 GE5    -8.399676e+03  -1.003874e-03  3.391e-04  7.929e+01  
 GE6    -8.399676e+03  -2.916970e-04  1.552e-04  7.892e+01  
 GE7    -8.399677e+03  -6.621871e-05  9.039e-05  7.866e+01  
 GE8    -8.399677e+03  -2.464300e-05  1.760e-05  7.860e+01  
 GE9    -8.399677e+03  -6.970403e-07  6.644e-06  7.916e+01  
 GE10   -8.399677e+03  -8.431082e-08  2.146e-06  7.946e+01  
 GE11   -8.399677e+03  -1.037277e-08  1.370e-06  7.954e+01  
 GE12   -8.399677e+03  -1.232791e-09  6.938e-07  7.915e+01  
 ><><><><><><><><><><><><><><><><><><><><><><
 TOTAL-STRESS (KBAR):
 ><><><><><><><><><><><><><><><><><><><><><><
 6.035e+01      8.212e+01      3.110e+01      
 8.212e+01      2.080e+00      -4.627e+00     
 3.110e+01      -4.627e+00     -3.708e+01     
 TOTAL-PRESSURE: 8.449e+00 KBAR
 ------------------------------------------------------------------------------------------------
 Energy              Potential           Kinetic             Temperature         Pressure (KBAR)     
 -3.086e+02          -3.087e+02          7.520e-02           2.513e+02           1.165e+01           
 ------------------------------------------------------------------------------------------------
 -------------------------------------------
 STEP OF MOLECULAR DYNAMICS : 10
 -------------------------------------------
 DONE(1.033e+04  SEC) : INIT SCF
 ITER   ETOT(eV)       EDIFF(eV)      DRHO       TIME(s)    
 GE1    -8.399618e+03  0.000000e+00   3.602e-03  8.473e+01  
 GE2    -8.399613e+03  4.736438e-03   2.136e-03  7.932e+01  
 GE3    -8.399624e+03  -1.004539e-02  2.066e-03  7.930e+01  
 GE4    -8.399635e+03  -1.130539e-02  5.165e-04  7.980e+01  
 GE5    -8.399636e+03  -7.107811e-04  3.309e-04  7.920e+01  
 GE6    -8.399636e+03  -3.121442e-04  1.237e-04  7.899e+01  
 GE7    -8.399636e+03  -3.330395e-05  6.402e-05  7.926e+01  
 GE8    -8.399636e+03  -1.391671e-05  1.779e-05  7.928e+01  
 GE9    -8.399636e+03  -7.917470e-07  5.037e-06  7.892e+01  
 GE10   -8.399636e+03  -5.100845e-08  2.299e-06  7.893e+01  
 GE11   -8.399636e+03  -1.622736e-08  1.359e-06  7.932e+01  
 GE12   -8.399636e+03  -3.786539e-09  4.616e-07  7.929e+01  
 ><><><><><><><><><><><><><><><><><><><><><><
 TOTAL-STRESS (KBAR):
 ><><><><><><><><><><><><><><><><><><><><><><
 6.047e+01      8.158e+01      3.125e+01      
 8.158e+01      2.093e+00      -4.822e+00     
 3.125e+01      -4.822e+00     -3.674e+01     
 TOTAL-PRESSURE: 8.606e+00 KBAR
 ------------------------------------------------------------------------------------------------
 Energy              Potential           Kinetic             Temperature         Pressure (KBAR)     
 -3.086e+02          -3.087e+02          8.453e-02           2.825e+02           1.220e+01           
 ------------------------------------------------------------------------------------------------

  |CLASS_NAME---------|NAME---------------|TIME(Sec)-----|CALLS----|AVG------|PER%-------
                       total               11373          27        4.2e+02   1e+02     %
   Driver              driver_line         11373          1         1.1e+04   1e+02     %
   PW_Basis            setup_struc_factor  0.9251         11        0.084     0.0081    %
   ORB_control         read_orb_first      0.15391        1         0.15      0.0014    %
   LCAO_Orbitals       Read_Orbitals       0.15391        1         0.15      0.0014    %
   ORB_control         set_orb_tables      6.8482         1         6.8       0.06      %
   ORB_gen_tables      gen_tables          6.8482         1         6.8       0.06      %
   ORB_table_phi       init_Table          5.3423         1         5.3       0.047     %
   ORB_table_phi       cal_ST_Phi12_R      5.3023         558       0.0095    0.047     %
   ORB_table_beta      init_Table_Beta     1.2489         1         1.2       0.011     %
   ORB_table_beta      VNL_PhiBeta_R       1.2379         168       0.0074    0.011     %
   ppcell_vl           init_vloc           0.23664        1         0.24      0.0021    %
   Run_MD              md_line             11366          1         1.1e+04   1e+02     %
   Langevin            setup               1434.1         1         1.4e+03   13        %
   MD_func             force_virial        11366          11        1e+03     1e+02     %
   ESolver_KS_LCAO     Run                 10456          11        9.5e+02   92        %
   ESolver_KS_LCAO     beforescf           22.964         11        2.1       0.2       %
   ESolver_KS_LCAO     beforesolver        7.4867         11        0.68      0.066     %
   ESolver_KS_LCAO     set_matrix_grid     4.5934         11        0.42      0.04      %
   Grid_Technique      init                2.1384         11        0.19      0.019     %
   Grid_BigCell        grid_expansion_index0.59421        22        0.027     0.0052    %
   Record_adj          for_2d              2.1227         11        0.19      0.019     %
   Grid_Driver         Find_atom           17.66          630976    2.8e-05   0.16      %
   Charge              atomic_rho          13.751         21        0.65      0.12      %
   PW_Basis            recip2real          3.3327         775       0.0043    0.029     %
   PW_Basis            gathers_scatterp    2.1175         775       0.0027    0.019     %
   Potential           init_pot            0.75034        11        0.068     0.0066    %
   Potential           update_from_charge  8.897          142       0.063     0.078     %
   Potential           cal_v_eff           8.8511         142       0.062     0.078     %
   H_Hartree_pw        v_hartree           0.93003        142       0.0065    0.0082    %
   PW_Basis            real2recip          2.8239         1180      0.0024    0.025     %
   PW_Basis            gatherp_scatters    1.146          1180      0.00097   0.01      %
   PotXC               cal_v_eff           7.8559         142       0.055     0.069     %
   XC_Functional       v_xc                7.8124         142       0.055     0.069     %
   HSolverLCAO         solve               10418          131       80        92        %
   HamiltLCAO          updateHk            3860.5         4716      0.82      34        %
   OperatorLCAO        init                3210.3         9432      0.34      28        %
   Veff                contributeHk        3208.2         4716      0.68      28        %
   Gint_interface      cal_gint            4989           273       18        44        %
   Gint_interface      cal_gint_vlocal     2402.7         131       18        21        %
   Gint_k              folding_vl_k        805.47         4716      0.17      7.1       %
   Gint_k              Distri              530.2          4716      0.11      4.7       %
   Overlap             contributeHR        4.2108         11        0.38      0.037     %
   LCAO_gen_fixedH     calculate_S_no      4.2108         11        0.38      0.037     %
   Ekin<LCAO>          contributeHR        4.28           11        0.39      0.038     %
   Nonlocal<LCAO>      contributeHR        46.119         11        4.2       0.41      %
   LCAO_gen_fixedH     build_Nonlocal_mu_new145.28         22        6.6       1.3       %
   ORB_gen_tables      snap_psibeta_half   3.1778         1096974   2.9e-06   0.028     %
   OperatorLCAO        folding_fixed       595.54         4716      0.13      5.2       %
   LCAO_nnr            folding_fixedH      589.28         4716      0.12      5.2       %
   HSolverLCAO         hamiltSolvePsiK     1600.1         4716      0.34      14        %
   DiagoElpa           elpa_solve          1562.5         4716      0.33      14        %
   ElecStateLCAO       psiToRho            4957.4         131       38        44        %
   elecstate           cal_dm              131.56         142       0.93      1.2       %
   psiMulPsiMpi        pdgemm              126.97         5112      0.025     1.1       %
    Local_Orbital_wfc  wfc_2d_to_grid      25.944         4716      0.0055    0.23      %
   LCAO_Charge         cal_dk_k            2678.6         131       20        24        %
   Record_adj          for_grid            0.694          131       0.0053    0.0061    %
   Gint_interface      cal_gint_rho        2140.2         131       16        19        %
   Charge              mix_rho             1.2668         120       0.011     0.011     %
   Force_Stress_LCAO   getForceStress      909.65         11        83        8         %
   Forces              cal_force_loc       0.75314        11        0.068     0.0066    %
   Forces              cal_force_ew        0.73384        11        0.067     0.0065    %
   Forces              cal_force_scc       7.601          11        0.69      0.067     %
   Stress_Func         stress_loc          6.2515         11        0.57      0.055     %
   Stress_Func         stress_ewa          0.3825         11        0.035     0.0034    %
   Stress_Func         stress_gga          0.36039        11        0.033     0.0032    %
   Force_LCAO_k        ftable_k            893.5          11        81        7.9       %
   Force_LCAO_k        allocate_k          127.27         11        12        1.1       %
   Force_LCAO_k        cal_foverlap_k      25.599         11        2.3       0.23      %
   Force_LCAO_k        cal_edm_2d          24.735         11        2.2       0.22      %
   Local_Orbital_Chargecal_dm_R            11.365         22        0.52      0.1       %
   Force_LCAO_k        cal_ftvnl_dphi_k    0.25703        11        0.023     0.0023    %
   Force_LCAO_k        cal_fvl_dphi_k      446.12         11        41        3.9       %
   Gint_interface      cal_gint_force      446.12         11        41        3.9       %
   Force_LCAO_k        cal_fvnl_dbeta_k_new262.83         11        24        2.3       %
 ----------------------------------------------------------------------------------------

 START  Time  : Fri Feb  3 16:52:53 2023
 FINISH Time  : Fri Feb  3 20:02:26 2023
 TOTAL  Time  : 1.1e+04
 SEE INFORMATION IN : OUT.ABACUS/
