WARNING: Total thread number on this node mismatches with hardware availability. This may cause poor performance.
Info: Local MPI proc number: 16,OpenMP thread number: 1,Total thread number: 16,Local thread limit: 32
                                                                                     
                              ABACUS v3.1                                            

               Atomic-orbital Based Ab-initio Computation at UStc                    

                     Website: http://abacus.ustc.edu.cn/                             
               Documentation: https://abacus.deepmodeling.com/                       
                  Repository: https://github.com/abacusmodeling/abacus-develop       
                              https://github.com/deepmodeling/abacus-develop         

 Fri Feb  3 19:41:13 2023
 MAKE THE DIR         : OUT.ABACUS/
 MAKE THE STRU DIR    : OUT.ABACUS/STRU/
 UNIFORM GRID DIM     : 108 * 108 * 108
 UNIFORM GRID DIM(BIG): 54 * 54 * 54
 DONE(0.0869707  SEC) : SETUP UNITCELL
 DONE(0.0965364  SEC) : INIT K-POINTS
 ---------------------------------------------------------
 Molecular Dynamics simulations
 ---------------------------------------------------------
 ENSEMBLE                 : Langevin
 Time interval(fs)        : 1
 ---------------------------------------------------------
 SPIN    KPOINTS         PROCESSORS  NBASE       
 1       36              16          1408        
 ---------------------------------------------------------
 Use Systematically Improvable Atomic bases
 ---------------------------------------------------------
 ELEMENT ORBITALS        NBASE       NATOM       XC          
 Si      3s3p2d-9au      22          32          
 C       3s3p2d-9au      22          32          
 ---------------------------------------------------------
 Initial plane wave basis and FFT box
 ---------------------------------------------------------
--------------------------------- INITVEL DONE ------------------------------------
 -------------------------------------------
 STEP OF MOLECULAR DYNAMICS : 0
 -------------------------------------------
 START CHARGE      : atomic
 DONE(8.51153    SEC) : INIT SCF
 ITER   ETOT(eV)       EDIFF(eV)      DRHO       TIME(s)    
 GE1    -8.322384e+03  0.000000e+00   2.794e-01  8.830e+01  
 GE2    -8.348390e+03  -2.600604e+01  1.620e-01  8.185e+01  
 GE3    -8.365925e+03  -1.753429e+01  7.019e-02  8.232e+01  
 GE4    -8.393657e+03  -2.773243e+01  3.695e-02  8.234e+01  
 GE5    -8.393604e+03  5.358471e-02   1.630e-02  8.174e+01  
 GE6    -8.393658e+03  -5.432312e-02  7.628e-03  8.235e+01  
 GE7    -8.393799e+03  -1.410242e-01  3.540e-03  8.207e+01  
 GE8    -8.393834e+03  -3.532927e-02  1.148e-03  8.206e+01  
 GE9    -8.393835e+03  -1.096600e-03  5.359e-04  8.241e+01  
 GE10   -8.393836e+03  -6.676997e-04  2.826e-04  8.182e+01  
 GE11   -8.393836e+03  -1.808139e-04  8.132e-05  8.237e+01  
 GE12   -8.393836e+03  -8.391731e-06  4.617e-05  8.241e+01  
 GE13   -8.393836e+03  -7.601082e-06  1.904e-05  8.179e+01  
 GE14   -8.393836e+03  -1.011063e-06  8.901e-06  8.244e+01  
 GE15   -8.393836e+03  -2.812155e-07  3.788e-06  8.233e+01  
 GE16   -8.393836e+03  -1.665427e-08  1.414e-06  8.192e+01  
 GE17   -8.393836e+03  1.370455e-09   9.271e-07  8.220e+01  
 ><><><><><><><><><><><><><><><><><><><><><><
 TOTAL-STRESS (KBAR):
 ><><><><><><><><><><><><><><><><><><><><><><
 2.038e+02      3.208e+01      4.602e+01      
 3.208e+01      2.040e+02      5.352e+01      
 4.602e+01      5.352e+01      2.022e+02      
 TOTAL-PRESSURE: 2.033e+02 KBAR
 ------------------------------------------------------------------------------------------------
 Energy              Potential           Kinetic             Temperature         Pressure (KBAR)     
 -3.085e+02          -3.085e+02          2.993e-03           1.000e+01           2.035e+02           
 ------------------------------------------------------------------------------------------------
 -------------------------------------------
 STEP OF MOLECULAR DYNAMICS : 1
 -------------------------------------------
 DONE(1.503e+03  SEC) : INIT SCF
 ITER   ETOT(eV)       EDIFF(eV)      DRHO       TIME(s)    
 GE1    -8.394036e+03  0.000000e+00   6.579e-04  8.818e+01  
 GE2    -8.394035e+03  1.047203e-03   5.915e-04  8.176e+01  
 GE3    -8.394037e+03  -1.438291e-03  5.241e-04  8.200e+01  
 GE4    -8.394038e+03  -7.947947e-04  9.351e-05  8.226e+01  
 GE5    -8.394038e+03  -1.242590e-05  4.214e-05  8.169e+01  
 GE6    -8.394038e+03  -4.813952e-06  2.207e-05  8.225e+01  
 GE7    -8.394038e+03  -1.096795e-06  1.062e-05  8.221e+01  
 GE8    -8.394038e+03  -3.762440e-07  3.529e-06  8.181e+01  
 GE9    -8.394038e+03  -4.004791e-08  1.068e-06  8.220e+01  
 GE10   -8.394038e+03  -1.812836e-09  2.848e-07  8.199e+01  
 ><><><><><><><><><><><><><><><><><><><><><><
 TOTAL-STRESS (KBAR):
 ><><><><><><><><><><><><><><><><><><><><><><
 2.031e+02      3.172e+01      4.581e+01      
 3.172e+01      2.033e+02      5.284e+01      
 4.581e+01      5.284e+01      2.013e+02      
 TOTAL-PRESSURE: 2.026e+02 KBAR
 ------------------------------------------------------------------------------------------------
 Energy              Potential           Kinetic             Temperature         Pressure (KBAR)     
 -3.085e+02          -3.085e+02          1.052e-02           3.514e+01           2.031e+02           
 ------------------------------------------------------------------------------------------------
 -------------------------------------------
 STEP OF MOLECULAR DYNAMICS : 2
 -------------------------------------------
 DONE(2.421e+03  SEC) : INIT SCF
 ITER   ETOT(eV)       EDIFF(eV)      DRHO       TIME(s)    
 GE1    -8.394471e+03  0.000000e+00   1.728e-03  8.797e+01  
 GE2    -8.394469e+03  2.441759e-03   1.129e-03  8.196e+01  
 GE3    -8.394472e+03  -3.382576e-03  1.133e-03  8.214e+01  
 GE4    -8.394476e+03  -3.776514e-03  2.281e-04  8.181e+01  
 GE5    -8.394476e+03  -1.090865e-04  1.264e-04  8.237e+01  
 GE6    -8.394476e+03  -4.272926e-05  5.046e-05  8.233e+01  
 GE7    -8.394476e+03  -5.230842e-06  2.046e-05  8.177e+01  
 GE8    -8.394476e+03  -1.570574e-06  8.256e-06  8.232e+01  
 GE9    -8.394476e+03  -2.163292e-07  2.313e-06  8.214e+01  
 GE10   -8.394476e+03  -1.086310e-08  6.494e-07  8.188e+01  
 ><><><><><><><><><><><><><><><><><><><><><><
 TOTAL-STRESS (KBAR):
 ><><><><><><><><><><><><><><><><><><><><><><
 2.019e+02      3.106e+01      4.577e+01      
 3.106e+01      2.016e+02      5.098e+01      
 4.577e+01      5.098e+01      1.997e+02      
 TOTAL-PRESSURE: 2.011e+02 KBAR
 ------------------------------------------------------------------------------------------------
 Energy              Potential           Kinetic             Temperature         Pressure (KBAR)     
 -3.085e+02          -3.085e+02          2.366e-02           7.906e+01           2.021e+02           
 ------------------------------------------------------------------------------------------------
 -------------------------------------------
 STEP OF MOLECULAR DYNAMICS : 3
 -------------------------------------------
 DONE(3.340e+03  SEC) : INIT SCF
 ITER   ETOT(eV)       EDIFF(eV)      DRHO       TIME(s)    
 GE1    -8.394864e+03  0.000000e+00   2.169e-03  8.780e+01  
 GE2    -8.394863e+03  1.866767e-05   1.297e-03  8.222e+01  
 GE3    -8.394867e+03  -3.305184e-03  1.071e-03  8.193e+01  
 GE4    -8.394870e+03  -3.219064e-03  3.232e-04  8.203e+01  
 GE5    -8.394870e+03  -3.025492e-04  1.747e-04  8.211e+01  
 GE6    -8.394870e+03  -9.740168e-05  5.671e-05  8.161e+01  
 GE7    -8.394870e+03  -7.008076e-06  1.960e-05  8.221e+01  
 GE8    -8.394870e+03  -1.152958e-06  1.004e-05  8.206e+01  
 GE9    -8.394870e+03  -3.779052e-07  3.539e-06  8.167e+01  
 GE10   -8.394870e+03  -3.242843e-08  7.742e-07  8.227e+01  
 ><><><><><><><><><><><><><><><><><><><><><><
 TOTAL-STRESS (KBAR):
 ><><><><><><><><><><><><><><><><><><><><><><
 2.010e+02      3.035e+01      4.528e+01      
 3.035e+01      2.003e+02      4.995e+01      
 4.528e+01      4.995e+01      1.978e+02      
 TOTAL-PRESSURE: 1.997e+02 KBAR
 ------------------------------------------------------------------------------------------------
 Energy              Potential           Kinetic             Temperature         Pressure (KBAR)     
 -3.085e+02          -3.085e+02          3.461e-02           1.157e+02           2.013e+02           
 ------------------------------------------------------------------------------------------------
 -------------------------------------------
 STEP OF MOLECULAR DYNAMICS : 4
 -------------------------------------------
 DONE(4.257e+03  SEC) : INIT SCF
 ITER   ETOT(eV)       EDIFF(eV)      DRHO       TIME(s)    
 GE1    -8.395304e+03  0.000000e+00   2.563e-03  8.829e+01  
 GE2    -8.395296e+03  8.384581e-03   1.797e-03  8.240e+01  
 GE3    -8.395306e+03  -1.054065e-02  1.796e-03  8.230e+01  
 GE4    -8.395315e+03  -8.976758e-03  3.236e-04  8.248e+01  
 GE5    -8.395316e+03  -1.697863e-04  1.687e-04  8.208e+01  
 GE6    -8.395316e+03  -7.244157e-05  7.618e-05  8.243e+01  
 GE7    -8.395316e+03  -1.253505e-05  3.399e-05  8.255e+01  
 GE8    -8.395316e+03  -4.149170e-06  1.096e-05  8.201e+01  
 GE9    -8.395316e+03  -3.776949e-07  3.424e-06  8.276e+01  
 GE10   -8.395316e+03  -2.167206e-08  8.944e-07  8.228e+01  
 ><><><><><><><><><><><><><><><><><><><><><><
 TOTAL-STRESS (KBAR):
 ><><><><><><><><><><><><><><><><><><><><><><
 1.990e+02      2.894e+01      4.521e+01      
 2.894e+01      1.992e+02      4.855e+01      
 4.521e+01      4.855e+01      1.962e+02      
 TOTAL-PRESSURE: 1.981e+02 KBAR
 ------------------------------------------------------------------------------------------------
 Energy              Potential           Kinetic             Temperature         Pressure (KBAR)     
 -3.085e+02          -3.085e+02          4.537e-02           1.516e+02           2.002e+02           
 ------------------------------------------------------------------------------------------------
 -------------------------------------------
 STEP OF MOLECULAR DYNAMICS : 5
 -------------------------------------------
 DONE(5.178e+03  SEC) : INIT SCF
 ITER   ETOT(eV)       EDIFF(eV)      DRHO       TIME(s)    
 GE1    -8.395662e+03  0.000000e+00   2.788e-03  8.842e+01  
 GE2    -8.395662e+03  -5.051807e-04  1.611e-03  8.221e+01  
 GE3    -8.395668e+03  -5.868344e-03  1.281e-03  8.260e+01  
 GE4    -8.395673e+03  -4.594803e-03  3.808e-04  8.190e+01  
 GE5    -8.395673e+03  -4.339722e-04  2.526e-04  8.228e+01  
 GE6    -8.395673e+03  -2.110971e-04  6.997e-05  8.228e+01  
 GE7    -8.395673e+03  -1.017391e-05  2.176e-05  8.176e+01  
 GE8    -8.395673e+03  -1.479579e-06  1.248e-05  8.239e+01  
 GE9    -8.395673e+03  -5.556962e-07  4.032e-06  8.229e+01  
 GE10   -8.395673e+03  -4.881820e-08  1.084e-06  8.193e+01  
 GE11   -8.395673e+03  -1.710748e-09  4.570e-07  8.245e+01  
 ><><><><><><><><><><><><><><><><><><><><><><
 TOTAL-STRESS (KBAR):
 ><><><><><><><><><><><><><><><><><><><><><><
 1.972e+02      2.947e+01      4.599e+01      
 2.947e+01      1.981e+02      4.579e+01      
 4.599e+01      4.579e+01      1.953e+02      
 TOTAL-PRESSURE: 1.969e+02 KBAR
 ------------------------------------------------------------------------------------------------
 Energy              Potential           Kinetic             Temperature         Pressure (KBAR)     
 -3.085e+02          -3.085e+02          4.139e-02           1.383e+02           1.988e+02           
 ------------------------------------------------------------------------------------------------
 -------------------------------------------
 STEP OF MOLECULAR DYNAMICS : 6
 -------------------------------------------
 DONE(6.180e+03  SEC) : INIT SCF
 ITER   ETOT(eV)       EDIFF(eV)      DRHO       TIME(s)    
 GE1    -8.395827e+03  0.000000e+00   3.104e-03  8.842e+01  
 GE2    -8.395823e+03  3.931773e-03   2.116e-03  8.210e+01  
 GE3    -8.395833e+03  -1.063903e-02  1.783e-03  8.234e+01  
 GE4    -8.395842e+03  -8.882635e-03  4.748e-04  8.248e+01  
 GE5    -8.395843e+03  -6.160538e-04  2.325e-04  8.196e+01  
 GE6    -8.395843e+03  -1.634522e-04  8.550e-05  8.242e+01  
 GE7    -8.395843e+03  -1.608563e-05  3.357e-05  8.240e+01  
 GE8    -8.395843e+03  -3.882010e-06  1.496e-05  8.196e+01  
 GE9    -8.395843e+03  -7.560394e-07  4.325e-06  8.257e+01  
 GE10   -8.395843e+03  -4.762717e-08  1.159e-06  8.233e+01  
 GE11   -8.395843e+03  -1.695281e-09  4.232e-07  8.223e+01  
 ><><><><><><><><><><><><><><><><><><><><><><
 TOTAL-STRESS (KBAR):
 ><><><><><><><><><><><><><><><><><><><><><><
 1.961e+02      2.922e+01      4.534e+01      
 2.922e+01      1.980e+02      4.628e+01      
 4.534e+01      4.628e+01      1.946e+02      
 TOTAL-PRESSURE: 1.962e+02 KBAR
 ------------------------------------------------------------------------------------------------
 Energy              Potential           Kinetic             Temperature         Pressure (KBAR)     
 -3.085e+02          -3.085e+02          5.382e-02           1.798e+02           1.987e+02           
 ------------------------------------------------------------------------------------------------
 -------------------------------------------
 STEP OF MOLECULAR DYNAMICS : 7
 -------------------------------------------
 DONE(7.183e+03  SEC) : INIT SCF
 ITER   ETOT(eV)       EDIFF(eV)      DRHO       TIME(s)    
 GE1    -8.395947e+03  0.000000e+00   3.377e-03  8.798e+01  
 GE2    -8.395942e+03  4.389927e-03   2.072e-03  8.253e+01  
 GE3    -8.395954e+03  -1.144972e-02  1.854e-03  8.193e+01  
 GE4    -8.395964e+03  -9.830744e-03  4.373e-04  8.237e+01  
 GE5    -8.395964e+03  -4.719983e-04  2.608e-04  8.248e+01  
 GE6    -8.395964e+03  -2.180818e-04  8.990e-05  8.185e+01  
 GE7    -8.395964e+03  -1.751336e-05  3.214e-05  8.248e+01  
 GE8    -8.395964e+03  -4.049748e-06  1.669e-05  8.228e+01  
 GE9    -8.395964e+03  -8.953463e-07  4.253e-06  8.219e+01  
 GE10   -8.395964e+03  -4.288781e-08  1.209e-06  8.243e+01  
 GE11   -8.395964e+03  -1.251352e-09  5.275e-07  8.215e+01  
 ><><><><><><><><><><><><><><><><><><><><><><
 TOTAL-STRESS (KBAR):
 ><><><><><><><><><><><><><><><><><><><><><><
 1.948e+02      2.950e+01      4.635e+01      
 2.950e+01      1.985e+02      4.715e+01      
 4.635e+01      4.715e+01      1.945e+02      
 TOTAL-PRESSURE: 1.959e+02 KBAR
 ------------------------------------------------------------------------------------------------
 Energy              Potential           Kinetic             Temperature         Pressure (KBAR)     
 -3.085e+02          -3.085e+02          6.668e-02           2.228e+02           1.990e+02           
 ------------------------------------------------------------------------------------------------
 -------------------------------------------
 STEP OF MOLECULAR DYNAMICS : 8
 -------------------------------------------
 DONE(8.185e+03  SEC) : INIT SCF
 ITER   ETOT(eV)       EDIFF(eV)      DRHO       TIME(s)    
 GE1    -8.396041e+03  0.000000e+00   3.813e-03  8.846e+01  
 GE2    -8.396044e+03  -2.935059e-03  2.081e-03  8.258e+01  
 GE3    -8.396052e+03  -8.010426e-03  1.598e-03  8.271e+01  
 GE4    -8.396060e+03  -7.173601e-03  5.315e-04  8.214e+01  
 GE5    -8.396060e+03  -8.399055e-04  3.326e-04  8.289e+01  
 GE6    -8.396061e+03  -4.003223e-04  1.086e-04  8.247e+01  
 GE7    -8.396061e+03  -2.659742e-05  2.721e-05  8.239e+01  
 GE8    -8.396061e+03  -1.547262e-06  1.247e-05  8.277e+01  
 GE9    -8.396061e+03  -5.593095e-07  6.428e-06  8.260e+01  
 GE10   -8.396061e+03  -1.292141e-07  1.453e-06  8.267e+01  
 GE11   -8.396061e+03  -3.863878e-09  5.794e-07  8.252e+01  
 ><><><><><><><><><><><><><><><><><><><><><><
 TOTAL-STRESS (KBAR):
 ><><><><><><><><><><><><><><><><><><><><><><
 1.947e+02      2.914e+01      4.532e+01      
 2.914e+01      1.982e+02      4.650e+01      
 4.532e+01      4.650e+01      1.946e+02      
 TOTAL-PRESSURE: 1.958e+02 KBAR
 ------------------------------------------------------------------------------------------------
 Energy              Potential           Kinetic             Temperature         Pressure (KBAR)     
 -3.085e+02          -3.085e+02          7.996e-02           2.672e+02           1.995e+02           
 ------------------------------------------------------------------------------------------------
 -------------------------------------------
 STEP OF MOLECULAR DYNAMICS : 9
 -------------------------------------------
 DONE(9.191e+03  SEC) : INIT SCF
 ITER   ETOT(eV)       EDIFF(eV)      DRHO       TIME(s)    
 GE1    -8.396137e+03  0.000000e+00   4.247e-03  8.827e+01  
 GE2    -8.396124e+03  1.364002e-02   3.137e-03  8.176e+01  
 GE3    -8.396149e+03  -2.495736e-02  2.695e-03  8.223e+01  
 GE4    -8.396170e+03  -2.152463e-02  6.647e-04  8.218e+01  
 GE5    -8.396171e+03  -1.192489e-03  3.276e-04  8.176e+01  
 GE6    -8.396172e+03  -3.026915e-04  1.121e-04  8.224e+01  
 GE7    -8.396172e+03  -2.381331e-05  4.390e-05  8.207e+01  
 GE8    -8.396172e+03  -6.504494e-06  2.159e-05  8.209e+01  
 GE9    -8.396172e+03  -1.574524e-06  6.393e-06  8.230e+01  
 GE10   -8.396172e+03  -1.048924e-07  1.481e-06  8.171e+01  
 GE11   -8.396172e+03  -1.958235e-09  6.703e-07  8.240e+01  
 ><><><><><><><><><><><><><><><><><><><><><><
 TOTAL-STRESS (KBAR):
 ><><><><><><><><><><><><><><><><><><><><><><
 1.947e+02      2.892e+01      4.384e+01      
 2.892e+01      1.978e+02      4.814e+01      
 4.384e+01      4.814e+01      1.936e+02      
 TOTAL-PRESSURE: 1.954e+02 KBAR
 ------------------------------------------------------------------------------------------------
 Energy              Potential           Kinetic             Temperature         Pressure (KBAR)     
 -3.085e+02          -3.086e+02          7.971e-02           2.664e+02           1.990e+02           
 ------------------------------------------------------------------------------------------------
 -------------------------------------------
 STEP OF MOLECULAR DYNAMICS : 10
 -------------------------------------------
 DONE(1.019e+04  SEC) : INIT SCF
 ITER   ETOT(eV)       EDIFF(eV)      DRHO       TIME(s)    
 GE1    -8.396439e+03  0.000000e+00   3.979e-03  8.849e+01  
 GE2    -8.396429e+03  1.044120e-02   2.582e-03  8.253e+01  
 GE3    -8.396446e+03  -1.734278e-02  2.463e-03  8.203e+01  
 GE4    -8.396464e+03  -1.803618e-02  5.161e-04  8.255e+01  
 GE5    -8.396465e+03  -6.233305e-04  2.881e-04  8.221e+01  
 GE6    -8.396465e+03  -2.723814e-04  1.126e-04  8.210e+01  
 GE7    -8.396465e+03  -2.540363e-05  4.230e-05  8.271e+01  
 GE8    -8.396465e+03  -6.335088e-06  1.921e-05  8.207e+01  
 GE9    -8.396465e+03  -1.165388e-06  4.919e-06  8.258e+01  
 GE10   -8.396465e+03  -5.629383e-08  1.462e-06  8.260e+01  
 GE11   -8.396465e+03  -2.368134e-09  5.584e-07  8.207e+01  
 ><><><><><><><><><><><><><><><><><><><><><><
 TOTAL-STRESS (KBAR):
 ><><><><><><><><><><><><><><><><><><><><><><
 1.927e+02      2.974e+01      4.717e+01      
 2.974e+01      1.981e+02      4.593e+01      
 4.717e+01      4.593e+01      1.927e+02      
 TOTAL-PRESSURE: 1.945e+02 KBAR
 ------------------------------------------------------------------------------------------------
 Energy              Potential           Kinetic             Temperature         Pressure (KBAR)     
 -3.085e+02          -3.086e+02          8.914e-02           2.979e+02           1.986e+02           
 ------------------------------------------------------------------------------------------------

  |CLASS_NAME---------|NAME---------------|TIME(Sec)-----|CALLS----|AVG------|PER%-------
                       total               11193          27        4.1e+02   1e+02     %
   Driver              driver_line         11193          1         1.1e+04   1e+02     %
   PW_Basis            setup_struc_factor  0.83779        11        0.076     0.0075    %
   ORB_control         read_orb_first      0.15163        1         0.15      0.0014    %
   LCAO_Orbitals       Read_Orbitals       0.15163        1         0.15      0.0014    %
   ORB_control         set_orb_tables      6.5594         1         6.6       0.059     %
   ORB_gen_tables      gen_tables          6.5594         1         6.6       0.059     %
   ORB_table_phi       init_Table          5.1696         1         5.2       0.046     %
   ORB_table_phi       cal_ST_Phi12_R      5.1419         558       0.0092    0.046     %
   ORB_table_beta      init_Table_Beta     1.1998         1         1.2       0.011     %
   ORB_table_beta      VNL_PhiBeta_R       1.1938         168       0.0071    0.011     %
   ppcell_vl           init_vloc           0.24828        1         0.25      0.0022    %
   Run_MD              md_line             11186          1         1.1e+04   1e+02     %
   Langevin            setup               1493.4         1         1.5e+03   13        %
   MD_func             force_virial        11186          11        1e+03     1e+02     %
   ESolver_KS_LCAO     Run                 10202          11        9.3e+02   91        %
   ESolver_KS_LCAO     beforescf           23.205         11        2.1       0.21      %
   ESolver_KS_LCAO     beforesolver        7.505          11        0.68      0.067     %
   ESolver_KS_LCAO     set_matrix_grid     5.018          11        0.46      0.045     %
   Grid_Technique      init                2.0572         11        0.19      0.018     %
   Grid_BigCell        grid_expansion_index0.6022         22        0.027     0.0054    %
   Record_adj          for_2d              2.6866         11        0.24      0.024     %
   Grid_Driver         Find_atom           17.688         593088    3e-05     0.16      %
   Charge              atomic_rho          13.995         21        0.67      0.13      %
   PW_Basis            recip2real          1.5263         735       0.0021    0.014     %
   PW_Basis            gathers_scatterp    0.6698         735       0.00091   0.006     %
   Potential           init_pot            0.63423        11        0.058     0.0057    %
   Potential           update_from_charge  7.3292         134       0.055     0.065     %
   Potential           cal_v_eff           7.2899         134       0.054     0.065     %
   H_Hartree_pw        v_hartree           0.73236        134       0.0055    0.0065    %
   PW_Basis            real2recip          2.1976         1116      0.002     0.02      %
   PW_Basis            gatherp_scatters    0.91818        1116      0.00082   0.0082    %
   PotXC               cal_v_eff           6.4987         134       0.048     0.058     %
   XC_Functional       v_xc                6.4636         134       0.048     0.058     %
   HSolverLCAO         solve               10166          123       83        91        %
   HamiltLCAO          updateHk            3924.5         4428      0.89      35        %
   OperatorLCAO        init                3175.7         8856      0.36      28        %
   Veff                contributeHk        3173.8         4428      0.72      28        %
   Gint_interface      cal_gint            5159.3         257       20        46        %
   Gint_interface      cal_gint_vlocal     2461.4         123       20        22        %
   Gint_k              folding_vl_k        712.4          4428      0.16      6.4       %
   Gint_k              Distri              465.29         4428      0.11      4.2       %
   Overlap             contributeHR        4.6602         11        0.42      0.042     %
   LCAO_gen_fixedH     calculate_S_no      4.6602         11        0.42      0.042     %
   Ekin<LCAO>          contributeHR        4.7238         11        0.43      0.042     %
   Nonlocal<LCAO>      contributeHR        51.392         11        4.7       0.46      %
   LCAO_gen_fixedH     build_Nonlocal_mu_new163.03         22        7.4       1.5       %
   ORB_gen_tables      snap_psibeta_half   3.3845         1181145   2.9e-06   0.03      %
   OperatorLCAO        folding_fixed       688.01         4428      0.16      6.1       %
   LCAO_nnr            folding_fixedH      682.04         4428      0.15      6.1       %
   HSolverLCAO         hamiltSolvePsiK     1436.2         4428      0.32      13        %
   DiagoElpa           elpa_solve          1422.8         4428      0.32      13        %
   ElecStateLCAO       psiToRho            4805.8         123       39        43        %
   elecstate           cal_dm              106.9          134       0.8       0.95      %
   psiMulPsiMpi        pdgemm              103.48         4824      0.021     0.92      %
    Local_Orbital_wfc  wfc_2d_to_grid      21.055         4428      0.0048    0.19      %
   LCAO_Charge         cal_dk_k            2498.8         123       20        22        %
   Record_adj          for_grid            0.70392        123       0.0057    0.0063    %
   Gint_interface      cal_gint_rho        2195.6         123       18        20        %
   Charge              mix_rho             1.0225         112       0.0091    0.0091    %
   Force_Stress_LCAO   getForceStress      984.03         11        89        8.8       %
   Forces              cal_force_loc       0.68101        11        0.062     0.0061    %
   Forces              cal_force_ew        0.67463        11        0.061     0.006     %
   Forces              cal_force_scc       6.3937         11        0.58      0.057     %
   Stress_Func         stress_loc          5.5954         11        0.51      0.05      %
   Stress_Func         stress_ewa          0.33255        11        0.03      0.003     %
   Stress_Func         stress_gga          0.32168        11        0.029     0.0029    %
   Force_LCAO_k        ftable_k            969.98         11        88        8.7       %
   Force_LCAO_k        allocate_k          142.03         11        13        1.3       %
   Force_LCAO_k        cal_foverlap_k      23.542         11        2.1       0.21      %
   Force_LCAO_k        cal_edm_2d          22.654         11        2.1       0.2       %
   Local_Orbital_Chargecal_dm_R            11.943         22        0.54      0.11      %
   Force_LCAO_k        cal_ftvnl_dphi_k    0.26171        11        0.024     0.0023    %
   Force_LCAO_k        cal_fvl_dphi_k      502.39         11        46        4.5       %
   Gint_interface      cal_gint_force      502.39         11        46        4.5       %
   Force_LCAO_k        cal_fvnl_dbeta_k_new295.28         11        27        2.6       %
 ----------------------------------------------------------------------------------------

 START  Time  : Fri Feb  3 19:41:13 2023
 FINISH Time  : Fri Feb  3 22:47:47 2023
 TOTAL  Time  : 1.1e+04
 SEE INFORMATION IN : OUT.ABACUS/
