 In SCAN_BEGIN, can't find: LATTICE_PARAMETERS block.
 In SCAN_BEGIN, can't find: <PP_MESH block.
 In SCAN_BEGIN, can't find: <PP_MESH block.
 AUTO_SET NBANDS to 0
 AUTO_SET NBANDS to 154
 cpu 2D distribution : 4*4
 but, the number of bands-row-block is 3
      Processor           Atom
              1             66
              2             66
              3             61
              4             66
              5             64
              6             66
              7             64
              8             66
              9             63
             10             66
             11             58
             12             66
             13             62
             14             66
             15             64
             16             64
                            startmag_type = 2
                       charge from rho_at = 3.95377
                         charge should be = 4
                            startmag_type = 2
                       charge from rho_at = 3.99303
                         charge should be = 4

 SETUP ATOMIC RHO FOR SPIN 1
                 Electron number from rho = 256
           total electron number from rho = 256
                                should be = 256
                 charge before normalized = 256
                  charge after normalized = 256
                 charge before normalized = 256.000105008746
                  charge after normalized = 256
                 charge before normalized = 256.00015289618
                  charge after normalized = 256
                 charge before normalized = 256.000126980467
                  charge after normalized = 256
                 charge before normalized = 256.000127296693
                  charge after normalized = 256
                 charge before normalized = 256.000127390136
                  charge after normalized = 256
                 charge before normalized = 256.000127399018
                  charge after normalized = 256
                 charge before normalized = 256.000127401192
                  charge after normalized = 256
                 charge before normalized = 256.000127401001
                  charge after normalized = 256
                            startmag_type = 2
                       charge from rho_at = 3.95377434289291
                         charge should be = 4
                            startmag_type = 2
                       charge from rho_at = 3.99303358802097
                         charge should be = 4

 SETUP ATOMIC RHO FOR SPIN 1
                 Electron number from rho = 256
           total electron number from rho = 256
                                should be = 256
                            startmag_type = 2
                       charge from rho_at = 3.95377434289291
                         charge should be = 4
                            startmag_type = 2
                       charge from rho_at = 3.99303358802097
                         charge should be = 4

 SETUP ATOMIC RHO FOR SPIN 1
                 Electron number from rho = 256
           total electron number from rho = 256
                                should be = 256
      Processor           Atom
              1             65
              2             66
              3             62
              4             66
              5             64
              6             66
              7             66
              8             66
              9             64
             10             66
             11             62
             12             66
             13             60
             14             66
             15             64
             16             66
                 charge before normalized = 256
                  charge after normalized = 256
                 charge before normalized = 256.000127896968
                  charge after normalized = 256
                 charge before normalized = 256.000127897051
                  charge after normalized = 256
                 charge before normalized = 256.000127896897
                  charge after normalized = 256
                 charge before normalized = 256.000127896924
                  charge after normalized = 256
                 charge before normalized = 256.000127896932
                  charge after normalized = 256
                 charge before normalized = 256.000127896935
                  charge after normalized = 256
                 charge before normalized = 256.000127896931
                  charge after normalized = 256
                 charge before normalized = 256.00012789693
                  charge after normalized = 256
                            startmag_type = 2
                       charge from rho_at = 3.95377434289291
                         charge should be = 4
                            startmag_type = 2
                       charge from rho_at = 3.99303358802097
                         charge should be = 4

 SETUP ATOMIC RHO FOR SPIN 1
                 Electron number from rho = 256
           total electron number from rho = 256
                                should be = 256
                            startmag_type = 2
                       charge from rho_at = 3.95377434289291
                         charge should be = 4
                            startmag_type = 2
                       charge from rho_at = 3.99303358802097
                         charge should be = 4

 SETUP ATOMIC RHO FOR SPIN 1
                 Electron number from rho = 256
           total electron number from rho = 256
                                should be = 256
      Processor           Atom
              1             66
              2             66
              3             62
              4             66
              5             64
              6             66
              7             66
              8             65
              9             64
             10             66
             11             61
             12             66
             13             62
             14             66
             15             64
             16             66
                 charge before normalized = 256
                  charge after normalized = 256
                 charge before normalized = 256.000129515764
                  charge after normalized = 256
                 charge before normalized = 256.000129517128
                  charge after normalized = 256
                 charge before normalized = 256.000129515596
                  charge after normalized = 256
                 charge before normalized = 256.000129515486
                  charge after normalized = 256
                 charge before normalized = 256.000129515699
                  charge after normalized = 256
                 charge before normalized = 256.000129515752
                  charge after normalized = 256
                 charge before normalized = 256.000129515688
                  charge after normalized = 256
                 charge before normalized = 256.000129515685
                  charge after normalized = 256
                 charge before normalized = 256.000129515691
                  charge after normalized = 256
                            startmag_type = 2
                       charge from rho_at = 3.95377434289291
                         charge should be = 4
                            startmag_type = 2
                       charge from rho_at = 3.99303358802097
                         charge should be = 4

 SETUP ATOMIC RHO FOR SPIN 1
                 Electron number from rho = 256
           total electron number from rho = 256
                                should be = 256
                            startmag_type = 2
                       charge from rho_at = 3.95377434289291
                         charge should be = 4
                            startmag_type = 2
                       charge from rho_at = 3.99303358802097
                         charge should be = 4

 SETUP ATOMIC RHO FOR SPIN 1
                 Electron number from rho = 256
           total electron number from rho = 256
                                should be = 256
      Processor           Atom
              1             66
              2             66
              3             62
              4             66
              5             64
              6             66
              7             66
              8             66
              9             64
             10             66
             11             62
             12             66
             13             60
             14             66
             15             64
             16             65
                 charge before normalized = 256
                  charge after normalized = 256
                 charge before normalized = 256.00012950089
                  charge after normalized = 256
                 charge before normalized = 256.00012950264
                  charge after normalized = 256
                 charge before normalized = 256.000129499832
                  charge after normalized = 256
                 charge before normalized = 256.000129500284
                  charge after normalized = 256
                 charge before normalized = 256.000129500381
                  charge after normalized = 256
                 charge before normalized = 256.000129500552
                  charge after normalized = 256
                 charge before normalized = 256.000129500432
                  charge after normalized = 256
                 charge before normalized = 256.000129500425
                  charge after normalized = 256
                 charge before normalized = 256.000129500439
                  charge after normalized = 256
                            startmag_type = 2
                       charge from rho_at = 3.95377434289291
                         charge should be = 4
                            startmag_type = 2
                       charge from rho_at = 3.99303358802097
                         charge should be = 4

 SETUP ATOMIC RHO FOR SPIN 1
                 Electron number from rho = 256
           total electron number from rho = 256
                                should be = 256
                            startmag_type = 2
                       charge from rho_at = 3.95377434289291
                         charge should be = 4
                            startmag_type = 2
                       charge from rho_at = 3.99303358802097
                         charge should be = 4

 SETUP ATOMIC RHO FOR SPIN 1
                 Electron number from rho = 256
           total electron number from rho = 256
                                should be = 256
      Processor           Atom
              1             65
              2             66
              3             62
              4             66
              5             64
              6             66
              7             65
              8             66
              9             64
             10             66
             11             62
             12             66
             13             59
             14             66
             15             64
             16             66
                 charge before normalized = 256
                  charge after normalized = 256
                 charge before normalized = 256.000129425939
                  charge after normalized = 256
                 charge before normalized = 256.000129431087
                  charge after normalized = 256
                 charge before normalized = 256.000129424562
                  charge after normalized = 256
                 charge before normalized = 256.000129424887
                  charge after normalized = 256
                 charge before normalized = 256.00012942571
                  charge after normalized = 256
                 charge before normalized = 256.000129425804
                  charge after normalized = 256
                 charge before normalized = 256.000129425597
                  charge after normalized = 256
                 charge before normalized = 256.000129425601
                  charge after normalized = 256
                 charge before normalized = 256.000129425622
                  charge after normalized = 256
                 charge before normalized = 256.00012942562
                  charge after normalized = 256
                 charge before normalized = 256.000129425619
                  charge after normalized = 256
                            startmag_type = 2
                       charge from rho_at = 3.95377434289291
                         charge should be = 4
                            startmag_type = 2
                       charge from rho_at = 3.99303358802097
                         charge should be = 4

 SETUP ATOMIC RHO FOR SPIN 1
                 Electron number from rho = 256
           total electron number from rho = 256
                                should be = 256
                            startmag_type = 2
                       charge from rho_at = 3.95377434289291
                         charge should be = 4
                            startmag_type = 2
                       charge from rho_at = 3.99303358802097
                         charge should be = 4

 SETUP ATOMIC RHO FOR SPIN 1
                 Electron number from rho = 256
           total electron number from rho = 256
                                should be = 256
      Processor           Atom
              1             65
              2             66
              3             62
              4             66
              5             64
              6             66
              7             66
              8             66
              9             64
             10             66
             11             60
             12             66
             13             61
             14             66
             15             64
             16             66
                 charge before normalized = 256
                  charge after normalized = 256
                 charge before normalized = 256.000129382284
                  charge after normalized = 256
                 charge before normalized = 256.000129385295
                  charge after normalized = 256
                 charge before normalized = 256.000129380923
                  charge after normalized = 256
                 charge before normalized = 256.000129380773
                  charge after normalized = 256
                 charge before normalized = 256.000129381811
                  charge after normalized = 256
                 charge before normalized = 256.000129381403
                  charge after normalized = 256
                 charge before normalized = 256.000129381392
                  charge after normalized = 256
                 charge before normalized = 256.000129381353
                  charge after normalized = 256
                 charge before normalized = 256.000129381373
                  charge after normalized = 256
                 charge before normalized = 256.000129381375
                  charge after normalized = 256
                 charge before normalized = 256.000129381373
                  charge after normalized = 256
                            startmag_type = 2
                       charge from rho_at = 3.95377434289291
                         charge should be = 4
                            startmag_type = 2
                       charge from rho_at = 3.99303358802097
                         charge should be = 4

 SETUP ATOMIC RHO FOR SPIN 1
                 Electron number from rho = 256
           total electron number from rho = 256
                                should be = 256
                            startmag_type = 2
                       charge from rho_at = 3.95377434289291
                         charge should be = 4
                            startmag_type = 2
                       charge from rho_at = 3.99303358802097
                         charge should be = 4

 SETUP ATOMIC RHO FOR SPIN 1
                 Electron number from rho = 256
           total electron number from rho = 256
                                should be = 256
      Processor           Atom
              1             65
              2             66
              3             62
              4             66
              5             64
              6             66
              7             66
              8             65
              9             64
             10             66
             11             62
             12             66
             13             61
             14             66
             15             64
             16             66
                 charge before normalized = 256
                  charge after normalized = 256
                 charge before normalized = 256.000129413191
                  charge after normalized = 256
                 charge before normalized = 256.000129419493
                  charge after normalized = 256
                 charge before normalized = 256.000129412883
                  charge after normalized = 256
                 charge before normalized = 256.000129411039
                  charge after normalized = 256
                 charge before normalized = 256.000129412127
                  charge after normalized = 256
                 charge before normalized = 256.000129412446
                  charge after normalized = 256
                 charge before normalized = 256.000129412136
                  charge after normalized = 256
                 charge before normalized = 256.000129412143
                  charge after normalized = 256
                 charge before normalized = 256.000129412172
                  charge after normalized = 256
                 charge before normalized = 256.000129412176
                  charge after normalized = 256
                 charge before normalized = 256.000129412172
                  charge after normalized = 256
                            startmag_type = 2
                       charge from rho_at = 3.95377434289291
                         charge should be = 4
                            startmag_type = 2
                       charge from rho_at = 3.99303358802097
                         charge should be = 4

 SETUP ATOMIC RHO FOR SPIN 1
                 Electron number from rho = 256
           total electron number from rho = 256
                                should be = 256
                            startmag_type = 2
                       charge from rho_at = 3.95377434289291
                         charge should be = 4
                            startmag_type = 2
                       charge from rho_at = 3.99303358802097
                         charge should be = 4

 SETUP ATOMIC RHO FOR SPIN 1
                 Electron number from rho = 256
           total electron number from rho = 256
                                should be = 256
      Processor           Atom
              1             65
              2             66
              3             62
              4             66
              5             64
              6             66
              7             65
              8             66
              9             64
             10             66
             11             60
             12             66
             13             62
             14             66
             15             64
             16             66
                 charge before normalized = 256
                  charge after normalized = 256
                 charge before normalized = 256.000129428721
                  charge after normalized = 256
                 charge before normalized = 256.000129437743
                  charge after normalized = 256
                 charge before normalized = 256.00012942482
                  charge after normalized = 256
                 charge before normalized = 256.000129427949
                  charge after normalized = 256
                 charge before normalized = 256.000129427596
                  charge after normalized = 256
                 charge before normalized = 256.00012942849
                  charge after normalized = 256
                 charge before normalized = 256.000129428071
                  charge after normalized = 256
                 charge before normalized = 256.000129428053
                  charge after normalized = 256
                 charge before normalized = 256.000129428071
                  charge after normalized = 256
                 charge before normalized = 256.000129428082
                  charge after normalized = 256
                 charge before normalized = 256.000129428078
                  charge after normalized = 256
                            startmag_type = 2
                       charge from rho_at = 3.95377434289291
                         charge should be = 4
                            startmag_type = 2
                       charge from rho_at = 3.99303358802097
                         charge should be = 4

 SETUP ATOMIC RHO FOR SPIN 1
                 Electron number from rho = 256
           total electron number from rho = 256
                                should be = 256
                            startmag_type = 2
                       charge from rho_at = 3.95377434289291
                         charge should be = 4
                            startmag_type = 2
                       charge from rho_at = 3.99303358802097
                         charge should be = 4

 SETUP ATOMIC RHO FOR SPIN 1
                 Electron number from rho = 256
           total electron number from rho = 256
                                should be = 256
      Processor           Atom
              1             66
              2             66
              3             62
              4             66
              5             64
              6             66
              7             65
              8             65
              9             64
             10             66
             11             61
             12             66
             13             62
             14             66
             15             64
             16             65
                 charge before normalized = 256
                  charge after normalized = 256
                 charge before normalized = 256.000129454863
                  charge after normalized = 256
                 charge before normalized = 256.000129465209
                  charge after normalized = 256
                 charge before normalized = 256.000129448145
                  charge after normalized = 256
                 charge before normalized = 256.000129452369
                  charge after normalized = 256
                 charge before normalized = 256.000129453348
                  charge after normalized = 256
                 charge before normalized = 256.000129453242
                  charge after normalized = 256
                 charge before normalized = 256.000129452866
                  charge after normalized = 256
                 charge before normalized = 256.000129452829
                  charge after normalized = 256
                 charge before normalized = 256.000129452872
                  charge after normalized = 256
                 charge before normalized = 256.000129452874
                  charge after normalized = 256
                 charge before normalized = 256.000129452871
                  charge after normalized = 256
                            startmag_type = 2
                       charge from rho_at = 3.95377434289291
                         charge should be = 4
                            startmag_type = 2
                       charge from rho_at = 3.99303358802097
                         charge should be = 4

 SETUP ATOMIC RHO FOR SPIN 1
                 Electron number from rho = 256
           total electron number from rho = 256
                                should be = 256
                            startmag_type = 2
                       charge from rho_at = 3.95377434289291
                         charge should be = 4
                            startmag_type = 2
                       charge from rho_at = 3.99303358802097
                         charge should be = 4

 SETUP ATOMIC RHO FOR SPIN 1
                 Electron number from rho = 256
           total electron number from rho = 256
                                should be = 256
      Processor           Atom
              1             65
              2             66
              3             62
              4             66
              5             64
              6             66
              7             66
              8             65
              9             64
             10             66
             11             61
             12             66
             13             60
             14             66
             15             64
             16             66
                 charge before normalized = 256
                  charge after normalized = 256
                 charge before normalized = 256.000129405202
                  charge after normalized = 256
                 charge before normalized = 256.000129429336
                  charge after normalized = 256
                 charge before normalized = 256.000129392792
                  charge after normalized = 256
                 charge before normalized = 256.000129404388
                  charge after normalized = 256
                 charge before normalized = 256.00012940513
                  charge after normalized = 256
                 charge before normalized = 256.00012940563
                  charge after normalized = 256
                 charge before normalized = 256.000129404842
                  charge after normalized = 256
                 charge before normalized = 256.000129404902
                  charge after normalized = 256
                 charge before normalized = 256.000129404922
                  charge after normalized = 256
                 charge before normalized = 256.000129404953
                  charge after normalized = 256
                 charge before normalized = 256.000129404941
                  charge after normalized = 256
                            startmag_type = 2
                       charge from rho_at = 3.95377434289291
                         charge should be = 4
                            startmag_type = 2
                       charge from rho_at = 3.99303358802097
                         charge should be = 4

 SETUP ATOMIC RHO FOR SPIN 1
                 Electron number from rho = 256
           total electron number from rho = 256
                                should be = 256
                            startmag_type = 2
                       charge from rho_at = 3.95377434289291
                         charge should be = 4
                            startmag_type = 2
                       charge from rho_at = 3.99303358802097
                         charge should be = 4

 SETUP ATOMIC RHO FOR SPIN 1
                 Electron number from rho = 256
           total electron number from rho = 256
                                should be = 256
      Processor           Atom
              1             65
              2             66
              3             62
              4             66
              5             64
              6             66
              7             66
              8             65
              9             64
             10             66
             11             62
             12             66
             13             60
             14             66
             15             64
             16             66
                 charge before normalized = 256
                  charge after normalized = 256
                 charge before normalized = 256.000129273142
                  charge after normalized = 256
                 charge before normalized = 256.00012928332
                  charge after normalized = 256
                 charge before normalized = 256.000129261114
                  charge after normalized = 256
                 charge before normalized = 256.00012926888
                  charge after normalized = 256
                 charge before normalized = 256.00012926811
                  charge after normalized = 256
                 charge before normalized = 256.000129269584
                  charge after normalized = 256
                 charge before normalized = 256.000129268624
                  charge after normalized = 256
                 charge before normalized = 256.00012926868
                  charge after normalized = 256
                 charge before normalized = 256.000129268698
                  charge after normalized = 256
                 charge before normalized = 256.000129268717
                  charge after normalized = 256
                 charge before normalized = 256.000129268708
                  charge after normalized = 256
