WARNING: Total thread number on this node mismatches with hardware availability. This may cause poor performance.
Info: Local MPI proc number: 16,OpenMP thread number: 1,Total thread number: 16,Local thread limit: 32
                                                                                     
                              ABACUS v3.1                                            

               Atomic-orbital Based Ab-initio Computation at UStc                    

                     Website: http://abacus.ustc.edu.cn/                             
               Documentation: https://abacus.deepmodeling.com/                       
                  Repository: https://github.com/abacusmodeling/abacus-develop       
                              https://github.com/deepmodeling/abacus-develop         

 Fri Feb  3 20:02:27 2023
 MAKE THE DIR         : OUT.ABACUS/
 MAKE THE STRU DIR    : OUT.ABACUS/STRU/
 UNIFORM GRID DIM     : 108 * 108 * 108
 UNIFORM GRID DIM(BIG): 54 * 54 * 54
 DONE(0.100465   SEC) : SETUP UNITCELL
 DONE(0.11271    SEC) : INIT K-POINTS
 ---------------------------------------------------------
 Molecular Dynamics simulations
 ---------------------------------------------------------
 ENSEMBLE                 : Langevin
 Time interval(fs)        : 1
 ---------------------------------------------------------
 SPIN    KPOINTS         PROCESSORS  NBASE       
 1       36              16          1408        
 ---------------------------------------------------------
 Use Systematically Improvable Atomic bases
 ---------------------------------------------------------
 ELEMENT ORBITALS        NBASE       NATOM       XC          
 Si      3s3p2d-9au      22          32          
 C       3s3p2d-9au      22          32          
 ---------------------------------------------------------
 Initial plane wave basis and FFT box
 ---------------------------------------------------------
--------------------------------- INITVEL DONE ------------------------------------
 -------------------------------------------
 STEP OF MOLECULAR DYNAMICS : 0
 -------------------------------------------
 START CHARGE      : atomic
 DONE(8.73325    SEC) : INIT SCF
 ITER   ETOT(eV)       EDIFF(eV)      DRHO       TIME(s)    
 GE1    -8.332484e+03  0.000000e+00   2.707e-01  8.312e+01  
 GE2    -8.362807e+03  -3.032363e+01  1.679e-01  7.804e+01  
 GE3    -8.375638e+03  -1.283091e+01  6.194e-02  7.783e+01  
 GE4    -8.394338e+03  -1.869980e+01  5.082e-02  7.799e+01  
 GE5    -8.399029e+03  -4.691201e+00  1.256e-02  7.788e+01  
 GE6    -8.399243e+03  -2.134549e-01  6.872e-03  7.804e+01  
 GE7    -8.399330e+03  -8.726508e-02  2.870e-03  7.788e+01  
 GE8    -8.399339e+03  -8.538455e-03  1.289e-03  7.773e+01  
 GE9    -8.399342e+03  -3.632159e-03  6.997e-04  7.771e+01  
 GE10   -8.399343e+03  -1.049885e-03  2.109e-04  7.786e+01  
 GE11   -8.399343e+03  -1.074622e-04  1.844e-04  7.775e+01  
 GE12   -8.399344e+03  -8.943286e-05  6.005e-05  7.777e+01  
 GE13   -8.399344e+03  -1.171185e-05  5.656e-05  7.784e+01  
 GE14   -8.399344e+03  -7.212869e-06  7.102e-06  7.793e+01  
 GE15   -8.399344e+03  -1.392574e-07  5.038e-06  7.802e+01  
 GE16   -8.399344e+03  -5.621340e-08  2.569e-06  7.804e+01  
 GE17   -8.399344e+03  -1.832635e-08  1.436e-06  7.795e+01  
 GE18   -8.399344e+03  -3.362719e-09  5.753e-07  7.759e+01  
 ><><><><><><><><><><><><><><><><><><><><><><
 TOTAL-STRESS (KBAR):
 ><><><><><><><><><><><><><><><><><><><><><><
 -6.622e+01     -3.510e+01     5.674e+01      
 -3.510e+01     -5.574e+01     4.015e+01      
 5.674e+01      4.015e+01      2.744e+01      
 TOTAL-PRESSURE: -3.151e+01 KBAR
 ------------------------------------------------------------------------------------------------
 Energy              Potential           Kinetic             Temperature         Pressure (KBAR)     
 -3.087e+02          -3.087e+02          2.993e-03           1.000e+01           -3.138e+01          
 ------------------------------------------------------------------------------------------------
 -------------------------------------------
 STEP OF MOLECULAR DYNAMICS : 1
 -------------------------------------------
 DONE(1.497e+03  SEC) : INIT SCF
 ITER   ETOT(eV)       EDIFF(eV)      DRHO       TIME(s)    
 GE1    -8.399409e+03  0.000000e+00   4.470e-04  8.269e+01  
 GE2    -8.399408e+03  4.361240e-04   3.940e-04  7.787e+01  
 GE3    -8.399409e+03  -5.123353e-04  3.539e-04  7.784e+01  
 GE4    -8.399409e+03  -3.626029e-04  8.206e-05  7.789e+01  
 GE5    -8.399409e+03  -1.305237e-05  3.673e-05  7.774e+01  
 GE6    -8.399409e+03  -3.840480e-06  1.856e-05  7.772e+01  
 GE7    -8.399409e+03  -9.127724e-07  9.197e-06  7.794e+01  
 GE8    -8.399409e+03  -2.615945e-07  2.280e-06  7.798e+01  
 GE9    -8.399409e+03  -8.997670e-09  8.838e-07  7.768e+01  
 ><><><><><><><><><><><><><><><><><><><><><><
 TOTAL-STRESS (KBAR):
 ><><><><><><><><><><><><><><><><><><><><><><
 -6.640e+01     -3.495e+01     5.688e+01      
 -3.495e+01     -5.602e+01     4.027e+01      
 5.688e+01      4.027e+01      2.723e+01      
 TOTAL-PRESSURE: -3.173e+01 KBAR
 ------------------------------------------------------------------------------------------------
 Energy              Potential           Kinetic             Temperature         Pressure (KBAR)     
 -3.087e+02          -3.087e+02          6.262e-03           2.092e+01           -3.147e+01          
 ------------------------------------------------------------------------------------------------
 -------------------------------------------
 STEP OF MOLECULAR DYNAMICS : 2
 -------------------------------------------
 DONE(2.283e+03  SEC) : INIT SCF
 ITER   ETOT(eV)       EDIFF(eV)      DRHO       TIME(s)    
 GE1    -8.399483e+03  0.000000e+00   1.518e-03  8.293e+01  
 GE2    -8.399482e+03  1.361202e-03   9.838e-04  7.803e+01  
 GE3    -8.399484e+03  -1.957862e-03  9.714e-04  7.801e+01  
 GE4    -8.399487e+03  -2.497856e-03  2.344e-04  7.813e+01  
 GE5    -8.399487e+03  -1.286920e-04  1.382e-04  7.864e+01  
 GE6    -8.399487e+03  -4.968326e-05  5.308e-05  7.809e+01  
 GE7    -8.399487e+03  -6.517893e-06  2.505e-05  7.802e+01  
 GE8    -8.399487e+03  -2.145801e-06  7.734e-06  7.802e+01  
 GE9    -8.399487e+03  -1.566804e-07  2.728e-06  7.826e+01  
 GE10   -8.399487e+03  -1.063417e-08  8.452e-07  7.801e+01  
 ><><><><><><><><><><><><><><><><><><><><><><
 TOTAL-STRESS (KBAR):
 ><><><><><><><><><><><><><><><><><><><><><><
 -6.689e+01     -3.478e+01     5.738e+01      
 -3.478e+01     -5.627e+01     4.039e+01      
 5.738e+01      4.039e+01      2.721e+01      
 TOTAL-PRESSURE: -3.198e+01 KBAR
 ------------------------------------------------------------------------------------------------
 Energy              Potential           Kinetic             Temperature         Pressure (KBAR)     
 -3.087e+02          -3.087e+02          1.580e-02           5.281e+01           -3.132e+01          
 ------------------------------------------------------------------------------------------------
 -------------------------------------------
 STEP OF MOLECULAR DYNAMICS : 3
 -------------------------------------------
 DONE(3.149e+03  SEC) : INIT SCF
 ITER   ETOT(eV)       EDIFF(eV)      DRHO       TIME(s)    
 GE1    -8.399577e+03  0.000000e+00   1.930e-03  8.287e+01  
 GE2    -8.399576e+03  3.008412e-04   1.147e-03  7.788e+01  
 GE3    -8.399579e+03  -2.444876e-03  9.266e-04  7.799e+01  
 GE4    -8.399581e+03  -2.463477e-03  3.033e-04  7.783e+01  
 GE5    -8.399581e+03  -2.523894e-04  1.685e-04  7.805e+01  
 GE6    -8.399582e+03  -9.164134e-05  6.833e-05  7.834e+01  
 GE7    -8.399582e+03  -1.074012e-05  2.656e-05  7.804e+01  
 GE8    -8.399582e+03  -2.418602e-06  1.172e-05  7.800e+01  
 GE9    -8.399582e+03  -4.179640e-07  3.142e-06  7.832e+01  
 GE10   -8.399582e+03  -2.176022e-08  8.796e-07  7.848e+01  
 ><><><><><><><><><><><><><><><><><><><><><><
 TOTAL-STRESS (KBAR):
 ><><><><><><><><><><><><><><><><><><><><><><
 -6.711e+01     -3.520e+01     5.738e+01      
 -3.520e+01     -5.676e+01     4.140e+01      
 5.738e+01      4.140e+01      2.702e+01      
 TOTAL-PRESSURE: -3.228e+01 KBAR
 ------------------------------------------------------------------------------------------------
 Energy              Potential           Kinetic             Temperature         Pressure (KBAR)     
 -3.087e+02          -3.087e+02          2.584e-02           8.633e+01           -3.120e+01          
 ------------------------------------------------------------------------------------------------
 -------------------------------------------
 STEP OF MOLECULAR DYNAMICS : 4
 -------------------------------------------
 DONE(4.016e+03  SEC) : INIT SCF
 ITER   ETOT(eV)       EDIFF(eV)      DRHO       TIME(s)    
 GE1    -8.399638e+03  0.000000e+00   2.135e-03  8.302e+01  
 GE2    -8.399632e+03  6.196296e-03   1.564e-03  7.795e+01  
 GE3    -8.399639e+03  -7.371848e-03  1.565e-03  7.816e+01  
 GE4    -8.399645e+03  -5.984393e-03  2.993e-04  7.779e+01  
 GE5    -8.399645e+03  -1.523303e-04  1.728e-04  7.868e+01  
 GE6    -8.399645e+03  -7.540860e-05  8.204e-05  7.799e+01  
 GE7    -8.399645e+03  -1.715774e-05  3.917e-05  7.811e+01  
 GE8    -8.399645e+03  -4.787978e-06  1.029e-05  7.820e+01  
 GE9    -8.399645e+03  -2.789572e-07  3.291e-06  7.824e+01  
 GE10   -8.399645e+03  -2.064190e-08  1.268e-06  7.828e+01  
 GE11   -8.399645e+03  8.074237e-10   8.328e-07  7.819e+01  
 ><><><><><><><><><><><><><><><><><><><><><><
 TOTAL-STRESS (KBAR):
 ><><><><><><><><><><><><><><><><><><><><><><
 -6.738e+01     -3.508e+01     5.745e+01      
 -3.508e+01     -5.722e+01     4.137e+01      
 5.745e+01      4.137e+01      2.721e+01      
 TOTAL-PRESSURE: -3.246e+01 KBAR
 ------------------------------------------------------------------------------------------------
 Energy              Potential           Kinetic             Temperature         Pressure (KBAR)     
 -3.086e+02          -3.087e+02          3.731e-02           1.247e+02           -3.090e+01          
 ------------------------------------------------------------------------------------------------
 -------------------------------------------
 STEP OF MOLECULAR DYNAMICS : 5
 -------------------------------------------
 DONE(4.962e+03  SEC) : INIT SCF
 ITER   ETOT(eV)       EDIFF(eV)      DRHO       TIME(s)    
 GE1    -8.399760e+03  0.000000e+00   2.446e-03  8.368e+01  
 GE2    -8.399760e+03  2.009892e-04   1.382e-03  7.822e+01  
 GE3    -8.399763e+03  -3.263631e-03  1.228e-03  7.814e+01  
 GE4    -8.399767e+03  -3.949322e-03  4.012e-04  7.808e+01  
 GE5    -8.399768e+03  -4.949154e-04  2.565e-04  7.830e+01  
 GE6    -8.399768e+03  -1.835022e-04  6.978e-05  7.819e+01  
 GE7    -8.399768e+03  -8.919059e-06  2.543e-05  7.818e+01  
 GE8    -8.399768e+03  -2.136242e-06  1.297e-05  7.805e+01  
 GE9    -8.399768e+03  -5.668409e-07  3.992e-06  7.825e+01  
 GE10   -8.399768e+03  -3.768442e-08  1.136e-06  7.855e+01  
 GE11   -8.399768e+03  1.617941e-09   7.195e-07  7.861e+01  
 ><><><><><><><><><><><><><><><><><><><><><><
 TOTAL-STRESS (KBAR):
 ><><><><><><><><><><><><><><><><><><><><><><
 -6.794e+01     -3.476e+01     5.840e+01      
 -3.476e+01     -5.786e+01     4.088e+01      
 5.840e+01      4.088e+01      2.704e+01      
 TOTAL-PRESSURE: -3.292e+01 KBAR
 ------------------------------------------------------------------------------------------------
 Energy              Potential           Kinetic             Temperature         Pressure (KBAR)     
 -3.086e+02          -3.087e+02          3.938e-02           1.316e+02           -3.127e+01          
 ------------------------------------------------------------------------------------------------
 -------------------------------------------
 STEP OF MOLECULAR DYNAMICS : 6
 -------------------------------------------
 DONE(5.909e+03  SEC) : INIT SCF
 ITER   ETOT(eV)       EDIFF(eV)      DRHO       TIME(s)    
 GE1    -8.399876e+03  0.000000e+00   2.879e-03  8.479e+01  
 GE2    -8.399861e+03  1.513228e-02   2.300e-03  7.943e+01  
 GE3    -8.399877e+03  -1.636980e-02  2.293e-03  7.873e+01  
 GE4    -8.399891e+03  -1.343494e-02  4.637e-04  7.908e+01  
 GE5    -8.399891e+03  -4.000208e-04  2.246e-04  7.906e+01  
 GE6    -8.399891e+03  -1.259201e-04  1.054e-04  7.910e+01  
 GE7    -8.399891e+03  -2.784788e-05  5.883e-05  7.857e+01  
 GE8    -8.399891e+03  -1.067318e-05  1.196e-05  7.875e+01  
 GE9    -8.399891e+03  -3.548225e-07  4.525e-06  7.873e+01  
 GE10   -8.399891e+03  -3.723585e-08  1.527e-06  7.910e+01  
 GE11   -8.399891e+03  -5.948950e-09  1.165e-06  7.837e+01  
 GE12   -8.399891e+03  -2.623354e-09  4.612e-07  7.847e+01  
 ><><><><><><><><><><><><><><><><><><><><><><
 TOTAL-STRESS (KBAR):
 ><><><><><><><><><><><><><><><><><><><><><><
 -6.809e+01     -3.434e+01     5.756e+01      
 -3.434e+01     -5.859e+01     4.103e+01      
 5.756e+01      4.103e+01      2.638e+01      
 TOTAL-PRESSURE: -3.343e+01 KBAR
 ------------------------------------------------------------------------------------------------
 Energy              Potential           Kinetic             Temperature         Pressure (KBAR)     
 -3.086e+02          -3.087e+02          5.569e-02           1.861e+02           -3.110e+01          
 ------------------------------------------------------------------------------------------------
 -------------------------------------------
 STEP OF MOLECULAR DYNAMICS : 7
 -------------------------------------------
 DONE(6.943e+03  SEC) : INIT SCF
 ITER   ETOT(eV)       EDIFF(eV)      DRHO       TIME(s)    
 GE1    -8.399988e+03  0.000000e+00   3.112e-03  8.394e+01  
 GE2    -8.399979e+03  8.616030e-03   2.174e-03  7.865e+01  
 GE3    -8.399991e+03  -1.136813e-02  2.124e-03  7.892e+01  
 GE4    -8.400002e+03  -1.169788e-02  5.280e-04  7.863e+01  
 GE5    -8.400003e+03  -6.649354e-04  2.781e-04  7.861e+01  
 GE6    -8.400003e+03  -2.051625e-04  9.689e-05  7.911e+01  
 GE7    -8.400003e+03  -1.802271e-05  4.526e-05  7.864e+01  
 GE8    -8.400003e+03  -6.724115e-06  1.385e-05  7.886e+01  
 GE9    -8.400003e+03  -6.012878e-07  5.220e-06  7.859e+01  
 GE10   -8.400003e+03  -5.933018e-08  1.606e-06  7.907e+01  
 GE11   -8.400003e+03  -5.992260e-09  1.034e-06  7.897e+01  
 GE12   -8.400003e+03  -8.460935e-10  5.098e-07  7.871e+01  
 ><><><><><><><><><><><><><><><><><><><><><><
 TOTAL-STRESS (KBAR):
 ><><><><><><><><><><><><><><><><><><><><><><
 -6.819e+01     -3.334e+01     5.747e+01      
 -3.334e+01     -5.900e+01     4.049e+01      
 5.747e+01      4.049e+01      2.605e+01      
 TOTAL-PRESSURE: -3.371e+01 KBAR
 ------------------------------------------------------------------------------------------------
 Energy              Potential           Kinetic             Temperature         Pressure (KBAR)     
 -3.086e+02          -3.087e+02          6.920e-02           2.312e+02           -3.081e+01          
 ------------------------------------------------------------------------------------------------
 -------------------------------------------
 STEP OF MOLECULAR DYNAMICS : 8
 -------------------------------------------
 DONE(7.975e+03  SEC) : INIT SCF
 ITER   ETOT(eV)       EDIFF(eV)      DRHO       TIME(s)    
 GE1    -8.400072e+03  0.000000e+00   3.505e-03  8.423e+01  
 GE2    -8.400065e+03  6.396402e-03   2.131e-03  7.850e+01  
 GE3    -8.400073e+03  -7.612730e-03  2.108e-03  7.880e+01  
 GE4    -8.400087e+03  -1.400782e-02  5.810e-04  7.916e+01  
 GE5    -8.400088e+03  -8.594166e-04  2.977e-04  7.901e+01  
 GE6    -8.400088e+03  -2.363542e-04  1.226e-04  7.894e+01  
 GE7    -8.400088e+03  -3.233365e-05  5.006e-05  7.863e+01  
 GE8    -8.400088e+03  -8.880142e-06  1.632e-05  7.850e+01  
 GE9    -8.400088e+03  -7.432428e-07  5.543e-06  7.893e+01  
 GE10   -8.400088e+03  -5.953745e-08  1.651e-06  7.925e+01  
 GE11   -8.400088e+03  -1.269914e-09  8.490e-07  8.050e+01  
 ><><><><><><><><><><><><><><><><><><><><><><
 TOTAL-STRESS (KBAR):
 ><><><><><><><><><><><><><><><><><><><><><><
 -6.857e+01     -3.326e+01     5.781e+01      
 -3.326e+01     -5.911e+01     4.111e+01      
 5.781e+01      4.111e+01      2.587e+01      
 TOTAL-PRESSURE: -3.394e+01 KBAR
 ------------------------------------------------------------------------------------------------
 Energy              Potential           Kinetic             Temperature         Pressure (KBAR)     
 -3.086e+02          -3.087e+02          8.125e-02           2.715e+02           -3.053e+01          
 ------------------------------------------------------------------------------------------------
 -------------------------------------------
 STEP OF MOLECULAR DYNAMICS : 9
 -------------------------------------------
 DONE(8.935e+03  SEC) : INIT SCF
 ITER   ETOT(eV)       EDIFF(eV)      DRHO       TIME(s)    
 GE1    -8.400104e+03  0.000000e+00   3.876e-03  8.363e+01  
 GE2    -8.400089e+03  1.536382e-02   2.887e-03  7.843e+01  
 GE3    -8.400110e+03  -2.127309e-02  2.636e-03  7.809e+01  
 GE4    -8.400130e+03  -1.940428e-02  6.441e-04  7.869e+01  
 GE5    -8.400131e+03  -1.007468e-03  3.323e-04  7.836e+01  
 GE6    -8.400131e+03  -2.893762e-04  1.373e-04  7.849e+01  
 GE7    -8.400131e+03  -4.272478e-05  7.160e-05  7.849e+01  
 GE8    -8.400131e+03  -1.717225e-05  1.955e-05  7.894e+01  
 GE9    -8.400131e+03  -9.974962e-07  6.676e-06  7.867e+01  
 GE10   -8.400131e+03  -9.080114e-08  2.051e-06  7.897e+01  
 GE11   -8.400131e+03  -9.161630e-09  1.311e-06  7.948e+01  
 GE12   -8.400131e+03  -4.145394e-10  7.414e-07  7.880e+01  
 ><><><><><><><><><><><><><><><><><><><><><><
 TOTAL-STRESS (KBAR):
 ><><><><><><><><><><><><><><><><><><><><><><
 -6.814e+01     -3.307e+01     5.673e+01      
 -3.307e+01     -5.945e+01     4.242e+01      
 5.673e+01      4.242e+01      2.548e+01      
 TOTAL-PRESSURE: -3.404e+01 KBAR
 ------------------------------------------------------------------------------------------------
 Energy              Potential           Kinetic             Temperature         Pressure (KBAR)     
 -3.086e+02          -3.087e+02          7.550e-02           2.523e+02           -3.087e+01          
 ------------------------------------------------------------------------------------------------
 -------------------------------------------
 STEP OF MOLECULAR DYNAMICS : 10
 -------------------------------------------
 DONE(9.966e+03  SEC) : INIT SCF
 ITER   ETOT(eV)       EDIFF(eV)      DRHO       TIME(s)    
 GE1    -8.400106e+03  0.000000e+00   3.491e-03  8.409e+01  
 GE2    -8.400099e+03  7.110808e-03   2.147e-03  7.889e+01  
 GE3    -8.400109e+03  -1.019829e-02  2.135e-03  7.868e+01  
 GE4    -8.400122e+03  -1.244779e-02  5.064e-04  7.825e+01  
 GE5    -8.400122e+03  -6.525766e-04  3.133e-04  7.850e+01  
 GE6    -8.400123e+03  -2.920564e-04  1.145e-04  7.885e+01  
 GE7    -8.400123e+03  -2.796468e-05  4.933e-05  7.827e+01  
 GE8    -8.400123e+03  -8.266474e-06  1.735e-05  7.828e+01  
 GE9    -8.400123e+03  -8.673958e-07  5.235e-06  7.814e+01  
 GE10   -8.400123e+03  -5.893420e-08  1.484e-06  7.823e+01  
 GE11   -8.400123e+03  -8.584678e-10  7.247e-07  7.819e+01  
 ><><><><><><><><><><><><><><><><><><><><><><
 TOTAL-STRESS (KBAR):
 ><><><><><><><><><><><><><><><><><><><><><><
 -6.807e+01     -3.232e+01     5.791e+01      
 -3.232e+01     -5.945e+01     4.111e+01      
 5.791e+01      4.111e+01      2.581e+01      
 TOTAL-PRESSURE: -3.390e+01 KBAR
 ------------------------------------------------------------------------------------------------
 Energy              Potential           Kinetic             Temperature         Pressure (KBAR)     
 -3.086e+02          -3.087e+02          8.415e-02           2.812e+02           -3.038e+01          
 ------------------------------------------------------------------------------------------------

  |CLASS_NAME---------|NAME---------------|TIME(Sec)-----|CALLS----|AVG------|PER%-------
                       total               10914          27        4e+02     1e+02     %
   Driver              driver_line         10914          1         1.1e+04   1e+02     %
   PW_Basis            setup_struc_factor  0.92765        11        0.084     0.0085    %
   ORB_control         read_orb_first      0.15372        1         0.15      0.0014    %
   LCAO_Orbitals       Read_Orbitals       0.15372        1         0.15      0.0014    %
   ORB_control         set_orb_tables      6.7266         1         6.7       0.062     %
   ORB_gen_tables      gen_tables          6.7266         1         6.7       0.062     %
   ORB_table_phi       init_Table          5.3011         1         5.3       0.049     %
   ORB_table_phi       cal_ST_Phi12_R      5.2728         558       0.0094    0.048     %
   ORB_table_beta      init_Table_Beta     1.2359         1         1.2       0.011     %
   ORB_table_beta      VNL_PhiBeta_R       1.2297         168       0.0073    0.011     %
   ppcell_vl           init_vloc           0.23671        1         0.24      0.0022    %
   Run_MD              md_line             10907          1         1.1e+04   1e+02     %
   Langevin            setup               1486.9         1         1.5e+03   14        %
   MD_func             force_virial        10906          11        9.9e+02   1e+02     %
   ESolver_KS_LCAO     Run                 10034          11        9.1e+02   92        %
   ESolver_KS_LCAO     beforescf           23.96          11        2.2       0.22      %
   ESolver_KS_LCAO     beforesolver        6.509          11        0.59      0.06      %
   ESolver_KS_LCAO     set_matrix_grid     4.4937         11        0.41      0.041     %
   Grid_Technique      init                2.0864         11        0.19      0.019     %
   Grid_BigCell        grid_expansion_index0.56429        22        0.026     0.0052    %
   Record_adj          for_2d              2.1287         11        0.19      0.02      %
   Grid_Driver         Find_atom           16.905         612032    2.8e-05   0.15      %
   Charge              atomic_rho          15.589         21        0.74      0.14      %
   PW_Basis            recip2real          5.0766         755       0.0067    0.047     %
   PW_Basis            gathers_scatterp    3.8303         755       0.0051    0.035     %
   Potential           init_pot            0.75041        11        0.068     0.0069    %
   Potential           update_from_charge  9.0233         138       0.065     0.083     %
   Potential           cal_v_eff           8.9762         138       0.065     0.082     %
   H_Hartree_pw        v_hartree           0.94638        138       0.0069    0.0087    %
   PW_Basis            real2recip          2.9408         1148      0.0026    0.027     %
   PW_Basis            gatherp_scatters    1.2412         1148      0.0011    0.011     %
   PotXC               cal_v_eff           7.9676         138       0.058     0.073     %
   XC_Functional       v_xc                7.9274         138       0.057     0.073     %
   HSolverLCAO         solve               9992.3         127       79        92        %
   HamiltLCAO          updateHk            3703.7         4572      0.81      34        %
   OperatorLCAO        init                3066.9         9144      0.34      28        %
   Veff                contributeHk        3064.9         4572      0.67      28        %
   Gint_interface      cal_gint            4825.1         265       18        44        %
   Gint_interface      cal_gint_vlocal     2317.4         127       18        21        %
   Gint_k              folding_vl_k        747.43         4572      0.16      6.8       %
   Gint_k              Distri              479.4          4572      0.1       4.4       %
   Overlap             contributeHR        4.1851         11        0.38      0.038     %
   LCAO_gen_fixedH     calculate_S_no      4.1851         11        0.38      0.038     %
   Ekin<LCAO>          contributeHR        4.242          11        0.39      0.039     %
   Nonlocal<LCAO>      contributeHR        44.304         11        4         0.41      %
   LCAO_gen_fixedH     build_Nonlocal_mu_new139.93         22        6.4       1.3       %
   ORB_gen_tables      snap_psibeta_half   3.0988         1074459   2.9e-06   0.028     %
   OperatorLCAO        folding_fixed       584.07         4572      0.13      5.4       %
   LCAO_nnr            folding_fixedH      577.89         4572      0.13      5.3       %
   HSolverLCAO         hamiltSolvePsiK     1543.1         4572      0.34      14        %
   DiagoElpa           elpa_solve          1507.8         4572      0.33      14        %
   ElecStateLCAO       psiToRho            4745.4         127       37        43        %
   elecstate           cal_dm              124.43         138       0.9       1.1       %
   psiMulPsiMpi        pdgemm              120.12         4968      0.024     1.1       %
    Local_Orbital_wfc  wfc_2d_to_grid      24.982         4572      0.0055    0.23      %
   LCAO_Charge         cal_dk_k            2555.9         127       20        23        %
   Record_adj          for_grid            0.66329        127       0.0052    0.0061    %
   Gint_interface      cal_gint_rho        2057.4         127       16        19        %
   Charge              mix_rho             1.1983         116       0.01      0.011     %
   Force_Stress_LCAO   getForceStress      872.65         11        79        8         %
   Forces              cal_force_loc       0.76989        11        0.07      0.0071    %
   Forces              cal_force_ew        0.73934        11        0.067     0.0068    %
   Forces              cal_force_scc       7.2308         11        0.66      0.066     %
   Stress_Func         stress_loc          6.2421         11        0.57      0.057     %
   Stress_Func         stress_ewa          0.38526        11        0.035     0.0035    %
   Stress_Func         stress_gga          0.37654        11        0.034     0.0035    %
   Force_LCAO_k        ftable_k            856.84         11        78        7.9       %
   Force_LCAO_k        allocate_k          123.84         11        11        1.1       %
   Force_LCAO_k        cal_foverlap_k      23.945         11        2.2       0.22      %
   Force_LCAO_k        cal_edm_2d          23.09          11        2.1       0.21      %
   Local_Orbital_Chargecal_dm_R            11.378         22        0.52      0.1       %
   Force_LCAO_k        cal_ftvnl_dphi_k    0.25172        11        0.023     0.0023    %
   Force_LCAO_k        cal_fvl_dphi_k      450.3          11        41        4.1       %
   Gint_interface      cal_gint_force      450.3          11        41        4.1       %
   Force_LCAO_k        cal_fvnl_dbeta_k_new251.38         11        23        2.3       %
 ----------------------------------------------------------------------------------------

 START  Time  : Fri Feb  3 20:02:27 2023
 FINISH Time  : Fri Feb  3 23:04:21 2023
 TOTAL  Time  : 1.1e+04
 SEE INFORMATION IN : OUT.ABACUS/
