 Input  warning : gamma_only_local algorithm is not used.
 In SCAN_BEGIN, can't find: LATTICE_PARAMETERS block.
 AUTO_SET NBANDS to 0
 AUTO_SET NBANDS to 173
 cpu 2D distribution : 4*4
 but, the number of bands-row-block is 3
      Processor           Atom
              1             57
              2             58
              3             53
              4             53
              5             56
              6             58
              7             53
              8             53
              9             55
             10             58
             11             53
             12             52
             13             55
             14             58
             15             53
             16             52
                            startmag_type = 2
                       charge from rho_at = 3.95377
                         charge should be = 4
                       charge from rho_at = 3.99303
                         charge should be = 4

 SETUP ATOMIC RHO FOR SPIN 1
                 Electron number from rho = 288
           total electron number from rho = 288
                                should be = 288
                 charge before normalized = 288
                  charge after normalized = 288
                 charge before normalized = 288.000105892724
                  charge after normalized = 288
                 charge before normalized = 288.000155471394
                  charge after normalized = 288
                 charge before normalized = 288.000127004047
                  charge after normalized = 288
                 charge before normalized = 288.00013358754
                  charge after normalized = 288
                 charge before normalized = 288.000126656565
                  charge after normalized = 288
                 charge before normalized = 288.000126880215
                  charge after normalized = 288
                 charge before normalized = 288.000127052763
                  charge after normalized = 288
                 charge before normalized = 288.000127143296
                  charge after normalized = 288
                 charge before normalized = 288.000127249387
                  charge after normalized = 288
                 charge before normalized = 288.000127268293
                  charge after normalized = 288
                 charge before normalized = 288.000127226161
                  charge after normalized = 288
                 charge before normalized = 288.000127222183
                  charge after normalized = 288
                 charge before normalized = 288.000127223035
                  charge after normalized = 288
                 charge before normalized = 288.00012722304
                  charge after normalized = 288
                 charge before normalized = 288.000127223388
                  charge after normalized = 288
                 charge before normalized = 288.000127223492
                  charge after normalized = 288
                 charge before normalized = 288.00012722346
                  charge after normalized = 288
                 charge before normalized = 288.000127223445
                  charge after normalized = 288
                            startmag_type = 2
                       charge from rho_at = 3.95377434289291
                         charge should be = 4
                       charge from rho_at = 3.99303358802097
                         charge should be = 4

 SETUP ATOMIC RHO FOR SPIN 1
                 Electron number from rho = 288
           total electron number from rho = 288
                                should be = 288
                            startmag_type = 2
                       charge from rho_at = 3.95377434289291
                         charge should be = 4
                       charge from rho_at = 3.99303358802097
                         charge should be = 4

 SETUP ATOMIC RHO FOR SPIN 1
                 Electron number from rho = 288
           total electron number from rho = 288
                                should be = 288
      Processor           Atom
              1             57
              2             58
              3             53
              4             53
              5             56
              6             58
              7             53
              8             53
              9             55
             10             58
             11             53
             12             52
             13             55
             14             58
             15             53
             16             52
                 charge before normalized = 288
                  charge after normalized = 288
                 charge before normalized = 288.000127248039
                  charge after normalized = 288
                 charge before normalized = 288.000127248338
                  charge after normalized = 288
                 charge before normalized = 288.00012724627
                  charge after normalized = 288
                 charge before normalized = 288.000127247881
                  charge after normalized = 288
                 charge before normalized = 288.000127247381
                  charge after normalized = 288
                 charge before normalized = 288.000127247644
                  charge after normalized = 288
                 charge before normalized = 288.000127247535
                  charge after normalized = 288
                 charge before normalized = 288.000127247564
                  charge after normalized = 288
                 charge before normalized = 288.000127247548
                  charge after normalized = 288
                            startmag_type = 2
                       charge from rho_at = 3.95377434289291
                         charge should be = 4
                       charge from rho_at = 3.99303358802097
                         charge should be = 4

 SETUP ATOMIC RHO FOR SPIN 1
                 Electron number from rho = 288
           total electron number from rho = 288
                                should be = 288
                            startmag_type = 2
                       charge from rho_at = 3.95377434289291
                         charge should be = 4
                       charge from rho_at = 3.99303358802097
                         charge should be = 4

 SETUP ATOMIC RHO FOR SPIN 1
                 Electron number from rho = 288
           total electron number from rho = 288
                                should be = 288
      Processor           Atom
              1             57
              2             58
              3             53
              4             53
              5             56
              6             58
              7             53
              8             53
              9             55
             10             58
             11             53
             12             52
             13             55
             14             58
             15             53
             16             52
                 charge before normalized = 288
                  charge after normalized = 288
                 charge before normalized = 288.000127215778
                  charge after normalized = 288
                 charge before normalized = 288.000127211915
                  charge after normalized = 288
                 charge before normalized = 288.000127220967
                  charge after normalized = 288
                 charge before normalized = 288.000127211685
                  charge after normalized = 288
                 charge before normalized = 288.000127215896
                  charge after normalized = 288
                 charge before normalized = 288.000127213622
                  charge after normalized = 288
                 charge before normalized = 288.000127214229
                  charge after normalized = 288
                 charge before normalized = 288.000127214122
                  charge after normalized = 288
                 charge before normalized = 288.000127214112
                  charge after normalized = 288
                 charge before normalized = 288.000127214118
                  charge after normalized = 288
                            startmag_type = 2
                       charge from rho_at = 3.95377434289291
                         charge should be = 4
                       charge from rho_at = 3.99303358802097
                         charge should be = 4

 SETUP ATOMIC RHO FOR SPIN 1
                 Electron number from rho = 288
           total electron number from rho = 288
                                should be = 288
                            startmag_type = 2
                       charge from rho_at = 3.95377434289291
                         charge should be = 4
                       charge from rho_at = 3.99303358802097
                         charge should be = 4

 SETUP ATOMIC RHO FOR SPIN 1
                 Electron number from rho = 288
           total electron number from rho = 288
                                should be = 288
      Processor           Atom
              1             57
              2             58
              3             53
              4             53
              5             56
              6             58
              7             53
              8             53
              9             55
             10             58
             11             53
             12             52
             13             55
             14             58
             15             53
             16             52
                 charge before normalized = 288
                  charge after normalized = 288
                 charge before normalized = 288.000127220609
                  charge after normalized = 288
                 charge before normalized = 288.000127233712
                  charge after normalized = 288
                 charge before normalized = 288.000127212495
                  charge after normalized = 288
                 charge before normalized = 288.000127224967
                  charge after normalized = 288
                 charge before normalized = 288.000127220934
                  charge after normalized = 288
                 charge before normalized = 288.000127223392
                  charge after normalized = 288
                 charge before normalized = 288.000127222409
                  charge after normalized = 288
                 charge before normalized = 288.000127222573
                  charge after normalized = 288
                 charge before normalized = 288.000127222539
                  charge after normalized = 288
                 charge before normalized = 288.000127222558
                  charge after normalized = 288
                 charge before normalized = 288.000127222558
                  charge after normalized = 288
                            startmag_type = 2
                       charge from rho_at = 3.95377434289291
                         charge should be = 4
                       charge from rho_at = 3.99303358802097
                         charge should be = 4

 SETUP ATOMIC RHO FOR SPIN 1
                 Electron number from rho = 288
           total electron number from rho = 288
                                should be = 288
                            startmag_type = 2
                       charge from rho_at = 3.95377434289291
                         charge should be = 4
                       charge from rho_at = 3.99303358802097
                         charge should be = 4

 SETUP ATOMIC RHO FOR SPIN 1
                 Electron number from rho = 288
           total electron number from rho = 288
                                should be = 288
      Processor           Atom
              1             57
              2             58
              3             53
              4             53
              5             56
              6             58
              7             53
              8             53
              9             55
             10             58
             11             53
             12             52
             13             55
             14             58
             15             53
             16             52
                 charge before normalized = 288
                  charge after normalized = 288
                 charge before normalized = 288.000127422982
                  charge after normalized = 288
                 charge before normalized = 288.000127437382
                  charge after normalized = 288
                 charge before normalized = 288.000127419329
                  charge after normalized = 288
                 charge before normalized = 288.000127427498
                  charge after normalized = 288
                 charge before normalized = 288.000127425403
                  charge after normalized = 288
                 charge before normalized = 288.000127427025
                  charge after normalized = 288
                 charge before normalized = 288.000127426269
                  charge after normalized = 288
                 charge before normalized = 288.0001274264
                  charge after normalized = 288
                 charge before normalized = 288.000127426304
                  charge after normalized = 288
                 charge before normalized = 288.000127426377
                  charge after normalized = 288
                 charge before normalized = 288.000127426355
                  charge after normalized = 288
                            startmag_type = 2
                       charge from rho_at = 3.95377434289291
                         charge should be = 4
                       charge from rho_at = 3.99303358802097
                         charge should be = 4

 SETUP ATOMIC RHO FOR SPIN 1
                 Electron number from rho = 288
           total electron number from rho = 288
                                should be = 288
                            startmag_type = 2
                       charge from rho_at = 3.95377434289291
                         charge should be = 4
                       charge from rho_at = 3.99303358802097
                         charge should be = 4

 SETUP ATOMIC RHO FOR SPIN 1
                 Electron number from rho = 288
           total electron number from rho = 288
                                should be = 288
      Processor           Atom
              1             56
              2             58
              3             53
              4             53
              5             56
              6             58
              7             53
              8             53
              9             56
             10             58
             11             53
             12             52
             13             55
             14             58
             15             53
             16             52
                 charge before normalized = 288
                  charge after normalized = 288
                 charge before normalized = 288.000127637382
                  charge after normalized = 288
                 charge before normalized = 288.000127642497
                  charge after normalized = 288
                 charge before normalized = 288.000127628416
                  charge after normalized = 288
                 charge before normalized = 288.000127633903
                  charge after normalized = 288
                 charge before normalized = 288.000127632435
                  charge after normalized = 288
                 charge before normalized = 288.000127634109
                  charge after normalized = 288
                 charge before normalized = 288.00012763302
                  charge after normalized = 288
                 charge before normalized = 288.000127633326
                  charge after normalized = 288
                 charge before normalized = 288.000127633204
                  charge after normalized = 288
                 charge before normalized = 288.000127633284
                  charge after normalized = 288
                 charge before normalized = 288.000127633262
                  charge after normalized = 288
                            startmag_type = 2
                       charge from rho_at = 3.95377434289291
                         charge should be = 4
                       charge from rho_at = 3.99303358802097
                         charge should be = 4

 SETUP ATOMIC RHO FOR SPIN 1
                 Electron number from rho = 288
           total electron number from rho = 288
                                should be = 288
                            startmag_type = 2
                       charge from rho_at = 3.95377434289291
                         charge should be = 4
                       charge from rho_at = 3.99303358802097
                         charge should be = 4

 SETUP ATOMIC RHO FOR SPIN 1
                 Electron number from rho = 288
           total electron number from rho = 288
                                should be = 288
      Processor           Atom
              1             56
              2             58
              3             53
              4             53
              5             56
              6             58
              7             53
              8             53
              9             56
             10             58
             11             53
             12             52
             13             56
             14             58
             15             53
             16             52
                 charge before normalized = 288
                  charge after normalized = 288
                 charge before normalized = 288.000127659747
                  charge after normalized = 288
                 charge before normalized = 288.000127664863
                  charge after normalized = 288
                 charge before normalized = 288.00012765881
                  charge after normalized = 288
                 charge before normalized = 288.000127657924
                  charge after normalized = 288
                 charge before normalized = 288.000127661079
                  charge after normalized = 288
                 charge before normalized = 288.000127658888
                  charge after normalized = 288
                 charge before normalized = 288.000127659628
                  charge after normalized = 288
                 charge before normalized = 288.000127659297
                  charge after normalized = 288
                 charge before normalized = 288.000127659429
                  charge after normalized = 288
                 charge before normalized = 288.000127659377
                  charge after normalized = 288
                 charge before normalized = 288.000127659399
                  charge after normalized = 288
                            startmag_type = 2
                       charge from rho_at = 3.95377434289291
                         charge should be = 4
                       charge from rho_at = 3.99303358802097
                         charge should be = 4

 SETUP ATOMIC RHO FOR SPIN 1
                 Electron number from rho = 288
           total electron number from rho = 288
                                should be = 288
                            startmag_type = 2
                       charge from rho_at = 3.95377434289291
                         charge should be = 4
                       charge from rho_at = 3.99303358802097
                         charge should be = 4

 SETUP ATOMIC RHO FOR SPIN 1
                 Electron number from rho = 288
           total electron number from rho = 288
                                should be = 288
      Processor           Atom
              1             56
              2             58
              3             53
              4             53
              5             56
              6             58
              7             53
              8             53
              9             56
             10             58
             11             53
             12             52
             13             55
             14             58
             15             53
             16             52
                 charge before normalized = 288
                  charge after normalized = 288
                 charge before normalized = 288.000127761671
                  charge after normalized = 288
                 charge before normalized = 288.00012776384
                  charge after normalized = 288
                 charge before normalized = 288.000127759499
                  charge after normalized = 288
                 charge before normalized = 288.000127755731
                  charge after normalized = 288
                 charge before normalized = 288.000127759818
                  charge after normalized = 288
                 charge before normalized = 288.000127757559
                  charge after normalized = 288
                 charge before normalized = 288.000127758078
                  charge after normalized = 288
                 charge before normalized = 288.000127757759
                  charge after normalized = 288
                 charge before normalized = 288.000127757915
                  charge after normalized = 288
                 charge before normalized = 288.000127757845
                  charge after normalized = 288
                 charge before normalized = 288.000127757877
                  charge after normalized = 288
                 charge before normalized = 288.000127757865
                  charge after normalized = 288
                            startmag_type = 2
                       charge from rho_at = 3.95377434289291
                         charge should be = 4
                       charge from rho_at = 3.99303358802097
                         charge should be = 4

 SETUP ATOMIC RHO FOR SPIN 1
                 Electron number from rho = 288
           total electron number from rho = 288
                                should be = 288
                            startmag_type = 2
                       charge from rho_at = 3.95377434289291
                         charge should be = 4
                       charge from rho_at = 3.99303358802097
                         charge should be = 4

 SETUP ATOMIC RHO FOR SPIN 1
                 Electron number from rho = 288
           total electron number from rho = 288
                                should be = 288
      Processor           Atom
              1             57
              2             58
              3             53
              4             53
              5             56
              6             58
              7             53
              8             53
              9             56
             10             58
             11             53
             12             52
             13             55
             14             58
             15             53
             16             52
                 charge before normalized = 288
                  charge after normalized = 288
                 charge before normalized = 288.000127713183
                  charge after normalized = 288
                 charge before normalized = 288.000127705823
                  charge after normalized = 288
                 charge before normalized = 288.0001276987
                  charge after normalized = 288
                 charge before normalized = 288.000127698415
                  charge after normalized = 288
                 charge before normalized = 288.000127698017
                  charge after normalized = 288
                 charge before normalized = 288.000127699292
                  charge after normalized = 288
                 charge before normalized = 288.000127698278
                  charge after normalized = 288
                 charge before normalized = 288.000127698565
                  charge after normalized = 288
                 charge before normalized = 288.000127698391
                  charge after normalized = 288
                 charge before normalized = 288.000127698474
                  charge after normalized = 288
                 charge before normalized = 288.000127698451
                  charge after normalized = 288
                 charge before normalized = 288.000127698462
                  charge after normalized = 288
                            startmag_type = 2
                       charge from rho_at = 3.95377434289291
                         charge should be = 4
                       charge from rho_at = 3.99303358802097
                         charge should be = 4

 SETUP ATOMIC RHO FOR SPIN 1
                 Electron number from rho = 288
           total electron number from rho = 288
                                should be = 288
                            startmag_type = 2
                       charge from rho_at = 3.95377434289291
                         charge should be = 4
                       charge from rho_at = 3.99303358802097
                         charge should be = 4

 SETUP ATOMIC RHO FOR SPIN 1
                 Electron number from rho = 288
           total electron number from rho = 288
                                should be = 288
      Processor           Atom
              1             56
              2             58
              3             53
              4             53
              5             56
              6             58
              7             53
              8             53
              9             56
             10             58
             11             53
             12             52
             13             55
             14             58
             15             53
             16             52
                 charge before normalized = 288
                  charge after normalized = 288
                 charge before normalized = 288.000127854163
                  charge after normalized = 288
                 charge before normalized = 288.000127870431
                  charge after normalized = 288
                 charge before normalized = 288.000127849248
                  charge after normalized = 288
                 charge before normalized = 288.000127854063
                  charge after normalized = 288
                 charge before normalized = 288.000127856768
                  charge after normalized = 288
                 charge before normalized = 288.000127855984
                  charge after normalized = 288
                 charge before normalized = 288.000127855447
                  charge after normalized = 288
                 charge before normalized = 288.000127855607
                  charge after normalized = 288
                 charge before normalized = 288.000127855652
                  charge after normalized = 288
                 charge before normalized = 288.000127855646
                  charge after normalized = 288
                 charge before normalized = 288.000127855634
                  charge after normalized = 288
                            startmag_type = 2
                       charge from rho_at = 3.95377434289291
                         charge should be = 4
                       charge from rho_at = 3.99303358802097
                         charge should be = 4

 SETUP ATOMIC RHO FOR SPIN 1
                 Electron number from rho = 288
           total electron number from rho = 288
                                should be = 288
                            startmag_type = 2
                       charge from rho_at = 3.95377434289291
                         charge should be = 4
                       charge from rho_at = 3.99303358802097
                         charge should be = 4

 SETUP ATOMIC RHO FOR SPIN 1
                 Electron number from rho = 288
           total electron number from rho = 288
                                should be = 288
      Processor           Atom
              1             56
              2             58
              3             53
              4             53
              5             56
              6             58
              7             53
              8             53
              9             56
             10             58
             11             53
             12             52
             13             55
             14             58
             15             53
             16             52
                 charge before normalized = 288
                  charge after normalized = 288
                 charge before normalized = 288.000127582337
                  charge after normalized = 288
                 charge before normalized = 288.000127590313
                  charge after normalized = 288
                 charge before normalized = 288.00012756829
                  charge after normalized = 288
                 charge before normalized = 288.000127581967
                  charge after normalized = 288
                 charge before normalized = 288.000127574296
                  charge after normalized = 288
                 charge before normalized = 288.000127579969
                  charge after normalized = 288
                 charge before normalized = 288.000127578015
                  charge after normalized = 288
                 charge before normalized = 288.00012757827
                  charge after normalized = 288
                 charge before normalized = 288.00012757827
                  charge after normalized = 288
                 charge before normalized = 288.000127578282
                  charge after normalized = 288
                 charge before normalized = 288.000127578277
                  charge after normalized = 288
                 charge before normalized = 288.000127578279
                  charge after normalized = 288
