 In SCAN_BEGIN, can't find: LATTICE_PARAMETERS block.
 In SCAN_BEGIN, can't find: <PP_MESH block.
 In SCAN_BEGIN, can't find: <PP_MESH block.
 AUTO_SET NBANDS to 0
 AUTO_SET NBANDS to 154
 cpu 2D distribution : 4*4
 but, the number of bands-row-block is 3
      Processor           Atom
              1             57
              2             58
              3             56
              4             62
              5             59
              6             57
              7             59
              8             58
              9             57
             10             61
             11             56
             12             57
             13             54
             14             59
             15             55
             16             58
                            startmag_type = 2
                       charge from rho_at = 3.95377
                         charge should be = 4
                            startmag_type = 2
                       charge from rho_at = 3.99303
                         charge should be = 4

 SETUP ATOMIC RHO FOR SPIN 1
                 Electron number from rho = 256
           total electron number from rho = 256
                                should be = 256
                 charge before normalized = 256
                  charge after normalized = 256
                 charge before normalized = 256.00009906644
                  charge after normalized = 256
                 charge before normalized = 256.000146210416
                  charge after normalized = 256
                 charge before normalized = 256.000118715831
                  charge after normalized = 256
                 charge before normalized = 256.000124259224
                  charge after normalized = 256
                 charge before normalized = 256.000118026642
                  charge after normalized = 256
                 charge before normalized = 256.000118369699
                  charge after normalized = 256
                 charge before normalized = 256.00011856142
                  charge after normalized = 256
                 charge before normalized = 256.000118697427
                  charge after normalized = 256
                 charge before normalized = 256.000118750903
                  charge after normalized = 256
                 charge before normalized = 256.000118747434
                  charge after normalized = 256
                 charge before normalized = 256.000118742406
                  charge after normalized = 256
                 charge before normalized = 256.000118743937
                  charge after normalized = 256
                 charge before normalized = 256.000118743907
                  charge after normalized = 256
                 charge before normalized = 256.000118743956
                  charge after normalized = 256
                 charge before normalized = 256.000118744204
                  charge after normalized = 256
                 charge before normalized = 256.000118744194
                  charge after normalized = 256
                 charge before normalized = 256.000118744143
                  charge after normalized = 256
                 charge before normalized = 256.000118744157
                  charge after normalized = 256
                            startmag_type = 2
                       charge from rho_at = 3.95377434289291
                         charge should be = 4
                            startmag_type = 2
                       charge from rho_at = 3.99303358802097
                         charge should be = 4

 SETUP ATOMIC RHO FOR SPIN 1
                 Electron number from rho = 256
           total electron number from rho = 256
                                should be = 256
                            startmag_type = 2
                       charge from rho_at = 3.95377434289291
                         charge should be = 4
                            startmag_type = 2
                       charge from rho_at = 3.99303358802097
                         charge should be = 4

 SETUP ATOMIC RHO FOR SPIN 1
                 Electron number from rho = 256
           total electron number from rho = 256
                                should be = 256
      Processor           Atom
              1             57
              2             58
              3             56
              4             62
              5             59
              6             57
              7             59
              8             58
              9             57
             10             61
             11             56
             12             57
             13             54
             14             59
             15             55
             16             58
                 charge before normalized = 256
                  charge after normalized = 256
                 charge before normalized = 256.000118714271
                  charge after normalized = 256
                 charge before normalized = 256.000118709183
                  charge after normalized = 256
                 charge before normalized = 256.000118719242
                  charge after normalized = 256
                 charge before normalized = 256.000118712492
                  charge after normalized = 256
                 charge before normalized = 256.000118714164
                  charge after normalized = 256
                 charge before normalized = 256.000118713428
                  charge after normalized = 256
                 charge before normalized = 256.000118713764
                  charge after normalized = 256
                 charge before normalized = 256.000118713686
                  charge after normalized = 256
                 charge before normalized = 256.000118713723
                  charge after normalized = 256
                            startmag_type = 2
                       charge from rho_at = 3.95377434289291
                         charge should be = 4
                            startmag_type = 2
                       charge from rho_at = 3.99303358802097
                         charge should be = 4

 SETUP ATOMIC RHO FOR SPIN 1
                 Electron number from rho = 256
           total electron number from rho = 256
                                should be = 256
                            startmag_type = 2
                       charge from rho_at = 3.95377434289291
                         charge should be = 4
                            startmag_type = 2
                       charge from rho_at = 3.99303358802097
                         charge should be = 4

 SETUP ATOMIC RHO FOR SPIN 1
                 Electron number from rho = 256
           total electron number from rho = 256
                                should be = 256
      Processor           Atom
              1             57
              2             58
              3             56
              4             62
              5             59
              6             57
              7             59
              8             58
              9             57
             10             61
             11             56
             12             57
             13             54
             14             59
             15             55
             16             58
                 charge before normalized = 256
                  charge after normalized = 256
                 charge before normalized = 256.000118809323
                  charge after normalized = 256
                 charge before normalized = 256.000118802349
                  charge after normalized = 256
                 charge before normalized = 256.000118820162
                  charge after normalized = 256
                 charge before normalized = 256.000118805263
                  charge after normalized = 256
                 charge before normalized = 256.000118810234
                  charge after normalized = 256
                 charge before normalized = 256.000118807707
                  charge after normalized = 256
                 charge before normalized = 256.000118808687
                  charge after normalized = 256
                 charge before normalized = 256.000118808353
                  charge after normalized = 256
                 charge before normalized = 256.000118808494
                  charge after normalized = 256
                 charge before normalized = 256.000118808469
                  charge after normalized = 256
                            startmag_type = 2
                       charge from rho_at = 3.95377434289291
                         charge should be = 4
                            startmag_type = 2
                       charge from rho_at = 3.99303358802097
                         charge should be = 4

 SETUP ATOMIC RHO FOR SPIN 1
                 Electron number from rho = 256
           total electron number from rho = 256
                                should be = 256
                            startmag_type = 2
                       charge from rho_at = 3.95377434289291
                         charge should be = 4
                            startmag_type = 2
                       charge from rho_at = 3.99303358802097
                         charge should be = 4

 SETUP ATOMIC RHO FOR SPIN 1
                 Electron number from rho = 256
           total electron number from rho = 256
                                should be = 256
      Processor           Atom
              1             57
              2             57
              3             56
              4             61
              5             59
              6             57
              7             58
              8             58
              9             57
             10             61
             11             56
             12             58
             13             54
             14             59
             15             55
             16             58
                 charge before normalized = 256
                  charge after normalized = 256
                 charge before normalized = 256.000118721245
                  charge after normalized = 256
                 charge before normalized = 256.000118717318
                  charge after normalized = 256
                 charge before normalized = 256.00011872522
                  charge after normalized = 256
                 charge before normalized = 256.000118718145
                  charge after normalized = 256
                 charge before normalized = 256.000118721189
                  charge after normalized = 256
                 charge before normalized = 256.000118719421
                  charge after normalized = 256
                 charge before normalized = 256.000118720399
                  charge after normalized = 256
                 charge before normalized = 256.000118719913
                  charge after normalized = 256
                 charge before normalized = 256.0001187201
                  charge after normalized = 256
                 charge before normalized = 256.000118720064
                  charge after normalized = 256
                            startmag_type = 2
                       charge from rho_at = 3.95377434289291
                         charge should be = 4
                            startmag_type = 2
                       charge from rho_at = 3.99303358802097
                         charge should be = 4

 SETUP ATOMIC RHO FOR SPIN 1
                 Electron number from rho = 256
           total electron number from rho = 256
                                should be = 256
                            startmag_type = 2
                       charge from rho_at = 3.95377434289291
                         charge should be = 4
                            startmag_type = 2
                       charge from rho_at = 3.99303358802097
                         charge should be = 4

 SETUP ATOMIC RHO FOR SPIN 1
                 Electron number from rho = 256
           total electron number from rho = 256
                                should be = 256
      Processor           Atom
              1             57
              2             58
              3             56
              4             61
              5             59
              6             57
              7             58
              8             58
              9             57
             10             61
             11             56
             12             58
             13             54
             14             59
             15             55
             16             58
                 charge before normalized = 256
                  charge after normalized = 256
                 charge before normalized = 256.000118703231
                  charge after normalized = 256
                 charge before normalized = 256.000118711061
                  charge after normalized = 256
                 charge before normalized = 256.000118688013
                  charge after normalized = 256
                 charge before normalized = 256.000118704969
                  charge after normalized = 256
                 charge before normalized = 256.000118700571
                  charge after normalized = 256
                 charge before normalized = 256.000118703274
                  charge after normalized = 256
                 charge before normalized = 256.000118701408
                  charge after normalized = 256
                 charge before normalized = 256.000118702212
                  charge after normalized = 256
                 charge before normalized = 256.000118702042
                  charge after normalized = 256
                 charge before normalized = 256.000118702083
                  charge after normalized = 256
                            startmag_type = 2
                       charge from rho_at = 3.95377434289291
                         charge should be = 4
                            startmag_type = 2
                       charge from rho_at = 3.99303358802097
                         charge should be = 4

 SETUP ATOMIC RHO FOR SPIN 1
                 Electron number from rho = 256
           total electron number from rho = 256
                                should be = 256
                            startmag_type = 2
                       charge from rho_at = 3.95377434289291
                         charge should be = 4
                            startmag_type = 2
                       charge from rho_at = 3.99303358802097
                         charge should be = 4

 SETUP ATOMIC RHO FOR SPIN 1
                 Electron number from rho = 256
           total electron number from rho = 256
                                should be = 256
      Processor           Atom
              1             57
              2             57
              3             56
              4             62
              5             59
              6             57
              7             59
              8             57
              9             56
             10             61
             11             56
             12             57
             13             54
             14             59
             15             55
             16             58
                 charge before normalized = 256
                  charge after normalized = 256
                 charge before normalized = 256.000118536536
                  charge after normalized = 256
                 charge before normalized = 256.000118527942
                  charge after normalized = 256
                 charge before normalized = 256.000118554807
                  charge after normalized = 256
                 charge before normalized = 256.000118529483
                  charge after normalized = 256
                 charge before normalized = 256.000118540744
                  charge after normalized = 256
                 charge before normalized = 256.000118534933
                  charge after normalized = 256
                 charge before normalized = 256.000118536711
                  charge after normalized = 256
                 charge before normalized = 256.000118536315
                  charge after normalized = 256
                 charge before normalized = 256.000118536505
                  charge after normalized = 256
                 charge before normalized = 256.00011853645
                  charge after normalized = 256
                            startmag_type = 2
                       charge from rho_at = 3.95377434289291
                         charge should be = 4
                            startmag_type = 2
                       charge from rho_at = 3.99303358802097
                         charge should be = 4

 SETUP ATOMIC RHO FOR SPIN 1
                 Electron number from rho = 256
           total electron number from rho = 256
                                should be = 256
                            startmag_type = 2
                       charge from rho_at = 3.95377434289291
                         charge should be = 4
                            startmag_type = 2
                       charge from rho_at = 3.99303358802097
                         charge should be = 4

 SETUP ATOMIC RHO FOR SPIN 1
                 Electron number from rho = 256
           total electron number from rho = 256
                                should be = 256
      Processor           Atom
              1             57
              2             57
              3             56
              4             61
              5             60
              6             58
              7             58
              8             58
              9             56
             10             61
             11             56
             12             57
             13             54
             14             61
             15             55
             16             57
                 charge before normalized = 256
                  charge after normalized = 256
                 charge before normalized = 256.000118473978
                  charge after normalized = 256
                 charge before normalized = 256.000118462514
                  charge after normalized = 256
                 charge before normalized = 256.000118495673
                  charge after normalized = 256
                 charge before normalized = 256.000118466495
                  charge after normalized = 256
                 charge before normalized = 256.000118474115
                  charge after normalized = 256
                 charge before normalized = 256.000118470943
                  charge after normalized = 256
                 charge before normalized = 256.000118472148
                  charge after normalized = 256
                 charge before normalized = 256.000118471521
                  charge after normalized = 256
                 charge before normalized = 256.000118471806
                  charge after normalized = 256
                 charge before normalized = 256.000118471756
                  charge after normalized = 256
                 charge before normalized = 256.000118471769
                  charge after normalized = 256
                            startmag_type = 2
                       charge from rho_at = 3.95377434289291
                         charge should be = 4
                            startmag_type = 2
                       charge from rho_at = 3.99303358802097
                         charge should be = 4

 SETUP ATOMIC RHO FOR SPIN 1
                 Electron number from rho = 256
           total electron number from rho = 256
                                should be = 256
                            startmag_type = 2
                       charge from rho_at = 3.95377434289291
                         charge should be = 4
                            startmag_type = 2
                       charge from rho_at = 3.99303358802097
                         charge should be = 4

 SETUP ATOMIC RHO FOR SPIN 1
                 Electron number from rho = 256
           total electron number from rho = 256
                                should be = 256
      Processor           Atom
              1             57
              2             57
              3             56
              4             61
              5             59
              6             57
              7             60
              8             58
              9             56
             10             61
             11             56
             12             59
             13             54
             14             59
             15             54
             16             56
                 charge before normalized = 256
                  charge after normalized = 256
                 charge before normalized = 256.000118491898
                  charge after normalized = 256
                 charge before normalized = 256.000118491671
                  charge after normalized = 256
                 charge before normalized = 256.000118493912
                  charge after normalized = 256
                 charge before normalized = 256.000118488041
                  charge after normalized = 256
                 charge before normalized = 256.000118489739
                  charge after normalized = 256
                 charge before normalized = 256.000118489477
                  charge after normalized = 256
                 charge before normalized = 256.000118489287
                  charge after normalized = 256
                 charge before normalized = 256.000118489342
                  charge after normalized = 256
                 charge before normalized = 256.00011848934
                  charge after normalized = 256
                 charge before normalized = 256.000118489355
                  charge after normalized = 256
                 charge before normalized = 256.000118489349
                  charge after normalized = 256
                            startmag_type = 2
                       charge from rho_at = 3.95377434289291
                         charge should be = 4
                            startmag_type = 2
                       charge from rho_at = 3.99303358802097
                         charge should be = 4

 SETUP ATOMIC RHO FOR SPIN 1
                 Electron number from rho = 256
           total electron number from rho = 256
                                should be = 256
                            startmag_type = 2
                       charge from rho_at = 3.95377434289291
                         charge should be = 4
                            startmag_type = 2
                       charge from rho_at = 3.99303358802097
                         charge should be = 4

 SETUP ATOMIC RHO FOR SPIN 1
                 Electron number from rho = 256
           total electron number from rho = 256
                                should be = 256
      Processor           Atom
              1             57
              2             57
              3             56
              4             62
              5             59
              6             59
              7             60
              8             58
              9             56
             10             61
             11             56
             12             59
             13             54
             14             61
             15             54
             16             58
                 charge before normalized = 256
                  charge after normalized = 256
                 charge before normalized = 256.000118416416
                  charge after normalized = 256
                 charge before normalized = 256.000118408985
                  charge after normalized = 256
                 charge before normalized = 256.000118441239
                  charge after normalized = 256
                 charge before normalized = 256.000118410133
                  charge after normalized = 256
                 charge before normalized = 256.000118419563
                  charge after normalized = 256
                 charge before normalized = 256.000118415009
                  charge after normalized = 256
                 charge before normalized = 256.000118417971
                  charge after normalized = 256
                 charge before normalized = 256.000118416815
                  charge after normalized = 256
                 charge before normalized = 256.000118417045
                  charge after normalized = 256
                 charge before normalized = 256.000118417016
                  charge after normalized = 256
                 charge before normalized = 256.000118417019
                  charge after normalized = 256
                            startmag_type = 2
                       charge from rho_at = 3.95377434289291
                         charge should be = 4
                            startmag_type = 2
                       charge from rho_at = 3.99303358802097
                         charge should be = 4

 SETUP ATOMIC RHO FOR SPIN 1
                 Electron number from rho = 256
           total electron number from rho = 256
                                should be = 256
                            startmag_type = 2
                       charge from rho_at = 3.95377434289291
                         charge should be = 4
                            startmag_type = 2
                       charge from rho_at = 3.99303358802097
                         charge should be = 4

 SETUP ATOMIC RHO FOR SPIN 1
                 Electron number from rho = 256
           total electron number from rho = 256
                                should be = 256
      Processor           Atom
              1             57
              2             57
              3             56
              4             60
              5             59
              6             59
              7             60
              8             58
              9             57
             10             61
             11             56
             12             59
             13             54
             14             61
             15             54
             16             58
                 charge before normalized = 256
                  charge after normalized = 256
                 charge before normalized = 256.000118223142
                  charge after normalized = 256
                 charge before normalized = 256.000118221854
                  charge after normalized = 256
                 charge before normalized = 256.000118228917
                  charge after normalized = 256
                 charge before normalized = 256.000118207748
                  charge after normalized = 256
                 charge before normalized = 256.000118219883
                  charge after normalized = 256
                 charge before normalized = 256.000118215039
                  charge after normalized = 256
                 charge before normalized = 256.000118215858
                  charge after normalized = 256
                 charge before normalized = 256.000118215411
                  charge after normalized = 256
                 charge before normalized = 256.000118215692
                  charge after normalized = 256
                 charge before normalized = 256.000118215666
                  charge after normalized = 256
                 charge before normalized = 256.000118215656
                  charge after normalized = 256
                            startmag_type = 2
                       charge from rho_at = 3.95377434289291
                         charge should be = 4
                            startmag_type = 2
                       charge from rho_at = 3.99303358802097
                         charge should be = 4

 SETUP ATOMIC RHO FOR SPIN 1
                 Electron number from rho = 256
           total electron number from rho = 256
                                should be = 256
                            startmag_type = 2
                       charge from rho_at = 3.95377434289291
                         charge should be = 4
                            startmag_type = 2
                       charge from rho_at = 3.99303358802097
                         charge should be = 4

 SETUP ATOMIC RHO FOR SPIN 1
                 Electron number from rho = 256
           total electron number from rho = 256
                                should be = 256
      Processor           Atom
              1             57
              2             57
              3             56
              4             62
              5             59
              6             59
              7             61
              8             59
              9             56
             10             61
             11             56
             12             59
             13             54
             14             61
             15             54
             16             58
                 charge before normalized = 256
                  charge after normalized = 256
                 charge before normalized = 256.000118428684
                  charge after normalized = 256
                 charge before normalized = 256.000118435384
                  charge after normalized = 256
                 charge before normalized = 256.000118428869
                  charge after normalized = 256
                 charge before normalized = 256.000118426547
                  charge after normalized = 256
                 charge before normalized = 256.000118428452
                  charge after normalized = 256
                 charge before normalized = 256.000118429008
                  charge after normalized = 256
                 charge before normalized = 256.000118427715
                  charge after normalized = 256
                 charge before normalized = 256.000118428202
                  charge after normalized = 256
                 charge before normalized = 256.000118428127
                  charge after normalized = 256
                 charge before normalized = 256.000118428156
                  charge after normalized = 256
                 charge before normalized = 256.000118428132
                  charge after normalized = 256
