 Input  warning : gamma_only_local algorithm is not used.
 In SCAN_BEGIN, can't find: LATTICE_PARAMETERS block.
 AUTO_SET NBANDS to 0
 AUTO_SET NBANDS to 173
 cpu 2D distribution : 4*4
 but, the number of bands-row-block is 3
      Processor           Atom
              1             59
              2             62
              3             59
              4             56
              5             59
              6             60
              7             58
              8             55
              9             58
             10             59
             11             55
             12             57
             13             60
             14             59
             15             58
             16             56
                            startmag_type = 2
                       charge from rho_at = 3.95377
                         charge should be = 4
                       charge from rho_at = 3.99303
                         charge should be = 4

 SETUP ATOMIC RHO FOR SPIN 1
                 Electron number from rho = 288
           total electron number from rho = 288
                                should be = 288
                 charge before normalized = 288
                  charge after normalized = 288
                 charge before normalized = 288.000119643942
                  charge after normalized = 288
                 charge before normalized = 288.000168615649
                  charge after normalized = 288
                 charge before normalized = 288.000140670497
                  charge after normalized = 288
                 charge before normalized = 288.000147381414
                  charge after normalized = 288
                 charge before normalized = 288.000139672003
                  charge after normalized = 288
                 charge before normalized = 288.000140038108
                  charge after normalized = 288
                 charge before normalized = 288.000140302811
                  charge after normalized = 288
                 charge before normalized = 288.000140511629
                  charge after normalized = 288
                 charge before normalized = 288.000140749323
                  charge after normalized = 288
                 charge before normalized = 288.000140803752
                  charge after normalized = 288
                 charge before normalized = 288.000140779231
                  charge after normalized = 288
                 charge before normalized = 288.000140753948
                  charge after normalized = 288
                 charge before normalized = 288.00014075476
                  charge after normalized = 288
                 charge before normalized = 288.000140754441
                  charge after normalized = 288
                 charge before normalized = 288.000140755359
                  charge after normalized = 288
                 charge before normalized = 288.000140755575
                  charge after normalized = 288
                 charge before normalized = 288.000140755526
                  charge after normalized = 288
                 charge before normalized = 288.000140755473
                  charge after normalized = 288
                 charge before normalized = 288.000140755554
                  charge after normalized = 288
                            startmag_type = 2
                       charge from rho_at = 3.95377434289291
                         charge should be = 4
                       charge from rho_at = 3.99303358802097
                         charge should be = 4

 SETUP ATOMIC RHO FOR SPIN 1
                 Electron number from rho = 288
           total electron number from rho = 288
                                should be = 288
                            startmag_type = 2
                       charge from rho_at = 3.95377434289291
                         charge should be = 4
                       charge from rho_at = 3.99303358802097
                         charge should be = 4

 SETUP ATOMIC RHO FOR SPIN 1
                 Electron number from rho = 288
           total electron number from rho = 288
                                should be = 288
      Processor           Atom
              1             59
              2             62
              3             59
              4             56
              5             59
              6             60
              7             58
              8             55
              9             58
             10             59
             11             55
             12             57
             13             60
             14             59
             15             58
             16             56
                 charge before normalized = 288
                  charge after normalized = 288
                 charge before normalized = 288.000140706956
                  charge after normalized = 288
                 charge before normalized = 288.000140698785
                  charge after normalized = 288
                 charge before normalized = 288.000140727322
                  charge after normalized = 288
                 charge before normalized = 288.000140712787
                  charge after normalized = 288
                 charge before normalized = 288.000140713791
                  charge after normalized = 288
                 charge before normalized = 288.000140713198
                  charge after normalized = 288
                 charge before normalized = 288.000140713624
                  charge after normalized = 288
                 charge before normalized = 288.000140713773
                  charge after normalized = 288
                 charge before normalized = 288.000140713718
                  charge after normalized = 288
                 charge before normalized = 288.000140713734
                  charge after normalized = 288
                            startmag_type = 2
                       charge from rho_at = 3.95377434289291
                         charge should be = 4
                       charge from rho_at = 3.99303358802097
                         charge should be = 4

 SETUP ATOMIC RHO FOR SPIN 1
                 Electron number from rho = 288
           total electron number from rho = 288
                                should be = 288
                            startmag_type = 2
                       charge from rho_at = 3.95377434289291
                         charge should be = 4
                       charge from rho_at = 3.99303358802097
                         charge should be = 4

 SETUP ATOMIC RHO FOR SPIN 1
                 Electron number from rho = 288
           total electron number from rho = 288
                                should be = 288
      Processor           Atom
              1             59
              2             62
              3             60
              4             56
              5             59
              6             60
              7             58
              8             55
              9             58
             10             59
             11             55
             12             57
             13             60
             14             59
             15             58
             16             56
                 charge before normalized = 288
                  charge after normalized = 288
                 charge before normalized = 288.000140660155
                  charge after normalized = 288
                 charge before normalized = 288.000140673698
                  charge after normalized = 288
                 charge before normalized = 288.000140663268
                  charge after normalized = 288
                 charge before normalized = 288.000140668862
                  charge after normalized = 288
                 charge before normalized = 288.000140667394
                  charge after normalized = 288
                 charge before normalized = 288.000140668355
                  charge after normalized = 288
                 charge before normalized = 288.000140668212
                  charge after normalized = 288
                 charge before normalized = 288.00014066823
                  charge after normalized = 288
                 charge before normalized = 288.000140668186
                  charge after normalized = 288
                 charge before normalized = 288.000140668214
                  charge after normalized = 288
                            startmag_type = 2
                       charge from rho_at = 3.95377434289291
                         charge should be = 4
                       charge from rho_at = 3.99303358802097
                         charge should be = 4

 SETUP ATOMIC RHO FOR SPIN 1
                 Electron number from rho = 288
           total electron number from rho = 288
                                should be = 288
                            startmag_type = 2
                       charge from rho_at = 3.95377434289291
                         charge should be = 4
                       charge from rho_at = 3.99303358802097
                         charge should be = 4

 SETUP ATOMIC RHO FOR SPIN 1
                 Electron number from rho = 288
           total electron number from rho = 288
                                should be = 288
      Processor           Atom
              1             59
              2             62
              3             60
              4             56
              5             59
              6             60
              7             58
              8             55
              9             58
             10             59
             11             55
             12             57
             13             60
             14             59
             15             58
             16             56
                 charge before normalized = 288
                  charge after normalized = 288
                 charge before normalized = 288.000140494297
                  charge after normalized = 288
                 charge before normalized = 288.000140486991
                  charge after normalized = 288
                 charge before normalized = 288.000140531099
                  charge after normalized = 288
                 charge before normalized = 288.000140495204
                  charge after normalized = 288
                 charge before normalized = 288.000140506526
                  charge after normalized = 288
                 charge before normalized = 288.000140501483
                  charge after normalized = 288
                 charge before normalized = 288.000140503496
                  charge after normalized = 288
                 charge before normalized = 288.000140503084
                  charge after normalized = 288
                 charge before normalized = 288.000140503211
                  charge after normalized = 288
                 charge before normalized = 288.000140503176
                  charge after normalized = 288
                            startmag_type = 2
                       charge from rho_at = 3.95377434289291
                         charge should be = 4
                       charge from rho_at = 3.99303358802097
                         charge should be = 4

 SETUP ATOMIC RHO FOR SPIN 1
                 Electron number from rho = 288
           total electron number from rho = 288
                                should be = 288
                            startmag_type = 2
                       charge from rho_at = 3.95377434289291
                         charge should be = 4
                       charge from rho_at = 3.99303358802097
                         charge should be = 4

 SETUP ATOMIC RHO FOR SPIN 1
                 Electron number from rho = 288
           total electron number from rho = 288
                                should be = 288
      Processor           Atom
              1             59
              2             62
              3             60
              4             56
              5             59
              6             60
              7             58
              8             55
              9             58
             10             59
             11             55
             12             57
             13             60
             14             59
             15             58
             16             56
                 charge before normalized = 288
                  charge after normalized = 288
                 charge before normalized = 288.000140403717
                  charge after normalized = 288
                 charge before normalized = 288.000140394141
                  charge after normalized = 288
                 charge before normalized = 288.000140428943
                  charge after normalized = 288
                 charge before normalized = 288.000140401202
                  charge after normalized = 288
                 charge before normalized = 288.00014041076
                  charge after normalized = 288
                 charge before normalized = 288.000140404354
                  charge after normalized = 288
                 charge before normalized = 288.000140407612
                  charge after normalized = 288
                 charge before normalized = 288.000140406741
                  charge after normalized = 288
                 charge before normalized = 288.000140406913
                  charge after normalized = 288
                 charge before normalized = 288.000140406876
                  charge after normalized = 288
                 charge before normalized = 288.000140406894
                  charge after normalized = 288
                            startmag_type = 2
                       charge from rho_at = 3.95377434289291
                         charge should be = 4
                       charge from rho_at = 3.99303358802097
                         charge should be = 4

 SETUP ATOMIC RHO FOR SPIN 1
                 Electron number from rho = 288
           total electron number from rho = 288
                                should be = 288
                            startmag_type = 2
                       charge from rho_at = 3.95377434289291
                         charge should be = 4
                       charge from rho_at = 3.99303358802097
                         charge should be = 4

 SETUP ATOMIC RHO FOR SPIN 1
                 Electron number from rho = 288
           total electron number from rho = 288
                                should be = 288
      Processor           Atom
              1             59
              2             62
              3             60
              4             56
              5             59
              6             60
              7             57
              8             55
              9             58
             10             58
             11             55
             12             57
             13             59
             14             59
             15             58
             16             56
                 charge before normalized = 288
                  charge after normalized = 288
                 charge before normalized = 288.000140404966
                  charge after normalized = 288
                 charge before normalized = 288.000140374731
                  charge after normalized = 288
                 charge before normalized = 288.000140427853
                  charge after normalized = 288
                 charge before normalized = 288.000140385848
                  charge after normalized = 288
                 charge before normalized = 288.000140400298
                  charge after normalized = 288
                 charge before normalized = 288.000140392685
                  charge after normalized = 288
                 charge before normalized = 288.000140395478
                  charge after normalized = 288
                 charge before normalized = 288.000140395184
                  charge after normalized = 288
                 charge before normalized = 288.000140395323
                  charge after normalized = 288
                 charge before normalized = 288.000140395281
                  charge after normalized = 288
                 charge before normalized = 288.000140395283
                  charge after normalized = 288
                            startmag_type = 2
                       charge from rho_at = 3.95377434289291
                         charge should be = 4
                       charge from rho_at = 3.99303358802097
                         charge should be = 4

 SETUP ATOMIC RHO FOR SPIN 1
                 Electron number from rho = 288
           total electron number from rho = 288
                                should be = 288
                            startmag_type = 2
                       charge from rho_at = 3.95377434289291
                         charge should be = 4
                       charge from rho_at = 3.99303358802097
                         charge should be = 4

 SETUP ATOMIC RHO FOR SPIN 1
                 Electron number from rho = 288
           total electron number from rho = 288
                                should be = 288
      Processor           Atom
              1             59
              2             62
              3             60
              4             56
              5             58
              6             60
              7             57
              8             55
              9             58
             10             59
             11             55
             12             57
             13             60
             14             59
             15             58
             16             56
                 charge before normalized = 288
                  charge after normalized = 288
                 charge before normalized = 288.000140299389
                  charge after normalized = 288
                 charge before normalized = 288.000140309319
                  charge after normalized = 288
                 charge before normalized = 288.000140324627
                  charge after normalized = 288
                 charge before normalized = 288.000140306464
                  charge after normalized = 288
                 charge before normalized = 288.000140314636
                  charge after normalized = 288
                 charge before normalized = 288.000140311541
                  charge after normalized = 288
                 charge before normalized = 288.000140312481
                  charge after normalized = 288
                 charge before normalized = 288.000140312383
                  charge after normalized = 288
                 charge before normalized = 288.000140312432
                  charge after normalized = 288
                 charge before normalized = 288.000140312455
                  charge after normalized = 288
                 charge before normalized = 288.000140312416
                  charge after normalized = 288
                            startmag_type = 2
                       charge from rho_at = 3.95377434289291
                         charge should be = 4
                       charge from rho_at = 3.99303358802097
                         charge should be = 4

 SETUP ATOMIC RHO FOR SPIN 1
                 Electron number from rho = 288
           total electron number from rho = 288
                                should be = 288
                            startmag_type = 2
                       charge from rho_at = 3.95377434289291
                         charge should be = 4
                       charge from rho_at = 3.99303358802097
                         charge should be = 4

 SETUP ATOMIC RHO FOR SPIN 1
                 Electron number from rho = 288
           total electron number from rho = 288
                                should be = 288
      Processor           Atom
              1             59
              2             61
              3             60
              4             56
              5             58
              6             60
              7             57
              8             55
              9             58
             10             59
             11             55
             12             57
             13             59
             14             59
             15             58
             16             55
                 charge before normalized = 288
                  charge after normalized = 288
                 charge before normalized = 288.000140409059
                  charge after normalized = 288
                 charge before normalized = 288.000140448712
                  charge after normalized = 288
                 charge before normalized = 288.00014042358
                  charge after normalized = 288
                 charge before normalized = 288.000140429137
                  charge after normalized = 288
                 charge before normalized = 288.000140429863
                  charge after normalized = 288
                 charge before normalized = 288.000140430521
                  charge after normalized = 288
                 charge before normalized = 288.000140430835
                  charge after normalized = 288
                 charge before normalized = 288.000140430606
                  charge after normalized = 288
                 charge before normalized = 288.000140430462
                  charge after normalized = 288
                 charge before normalized = 288.000140430578
                  charge after normalized = 288
                 charge before normalized = 288.000140430538
                  charge after normalized = 288
                 charge before normalized = 288.000140430573
                  charge after normalized = 288
                            startmag_type = 2
                       charge from rho_at = 3.95377434289291
                         charge should be = 4
                       charge from rho_at = 3.99303358802097
                         charge should be = 4

 SETUP ATOMIC RHO FOR SPIN 1
                 Electron number from rho = 288
           total electron number from rho = 288
                                should be = 288
                            startmag_type = 2
                       charge from rho_at = 3.95377434289291
                         charge should be = 4
                       charge from rho_at = 3.99303358802097
                         charge should be = 4

 SETUP ATOMIC RHO FOR SPIN 1
                 Electron number from rho = 288
           total electron number from rho = 288
                                should be = 288
      Processor           Atom
              1             59
              2             61
              3             60
              4             57
              5             59
              6             60
              7             57
              8             55
              9             58
             10             58
             11             55
             12             57
             13             59
             14             59
             15             58
             16             55
                 charge before normalized = 288
                  charge after normalized = 288
                 charge before normalized = 288.000140527622
                  charge after normalized = 288
                 charge before normalized = 288.000140519057
                  charge after normalized = 288
                 charge before normalized = 288.000140532948
                  charge after normalized = 288
                 charge before normalized = 288.000140512609
                  charge after normalized = 288
                 charge before normalized = 288.000140521875
                  charge after normalized = 288
                 charge before normalized = 288.000140517862
                  charge after normalized = 288
                 charge before normalized = 288.000140518584
                  charge after normalized = 288
                 charge before normalized = 288.000140518537
                  charge after normalized = 288
                 charge before normalized = 288.000140518524
                  charge after normalized = 288
                 charge before normalized = 288.000140518565
                  charge after normalized = 288
                 charge before normalized = 288.000140518535
                  charge after normalized = 288
                            startmag_type = 2
                       charge from rho_at = 3.95377434289291
                         charge should be = 4
                       charge from rho_at = 3.99303358802097
                         charge should be = 4

 SETUP ATOMIC RHO FOR SPIN 1
                 Electron number from rho = 288
           total electron number from rho = 288
                                should be = 288
                            startmag_type = 2
                       charge from rho_at = 3.95377434289291
                         charge should be = 4
                       charge from rho_at = 3.99303358802097
                         charge should be = 4

 SETUP ATOMIC RHO FOR SPIN 1
                 Electron number from rho = 288
           total electron number from rho = 288
                                should be = 288
      Processor           Atom
              1             59
              2             61
              3             60
              4             56
              5             59
              6             60
              7             57
              8             55
              9             58
             10             58
             11             55
             12             57
             13             59
             14             59
             15             58
             16             55
                 charge before normalized = 288
                  charge after normalized = 288
                 charge before normalized = 288.00014040687
                  charge after normalized = 288
                 charge before normalized = 288.000140410624
                  charge after normalized = 288
                 charge before normalized = 288.000140422214
                  charge after normalized = 288
                 charge before normalized = 288.000140408666
                  charge after normalized = 288
                 charge before normalized = 288.000140413331
                  charge after normalized = 288
                 charge before normalized = 288.000140411412
                  charge after normalized = 288
                 charge before normalized = 288.000140412267
                  charge after normalized = 288
                 charge before normalized = 288.000140412184
                  charge after normalized = 288
                 charge before normalized = 288.000140412202
                  charge after normalized = 288
                 charge before normalized = 288.000140412211
                  charge after normalized = 288
                 charge before normalized = 288.000140412204
                  charge after normalized = 288
                 charge before normalized = 288.000140412217
                  charge after normalized = 288
                            startmag_type = 2
                       charge from rho_at = 3.95377434289291
                         charge should be = 4
                       charge from rho_at = 3.99303358802097
                         charge should be = 4

 SETUP ATOMIC RHO FOR SPIN 1
                 Electron number from rho = 288
           total electron number from rho = 288
                                should be = 288
                            startmag_type = 2
                       charge from rho_at = 3.95377434289291
                         charge should be = 4
                       charge from rho_at = 3.99303358802097
                         charge should be = 4

 SETUP ATOMIC RHO FOR SPIN 1
                 Electron number from rho = 288
           total electron number from rho = 288
                                should be = 288
      Processor           Atom
              1             59
              2             62
              3             60
              4             56
              5             59
              6             60
              7             58
              8             55
              9             58
             10             58
             11             55
             12             57
             13             59
             14             59
             15             58
             16             56
                 charge before normalized = 288
                  charge after normalized = 288
                 charge before normalized = 288.00014040081
                  charge after normalized = 288
                 charge before normalized = 288.000140397027
                  charge after normalized = 288
                 charge before normalized = 288.000140426752
                  charge after normalized = 288
                 charge before normalized = 288.000140394228
                  charge after normalized = 288
                 charge before normalized = 288.000140406809
                  charge after normalized = 288
                 charge before normalized = 288.000140401256
                  charge after normalized = 288
                 charge before normalized = 288.000140402704
                  charge after normalized = 288
                 charge before normalized = 288.000140402346
                  charge after normalized = 288
                 charge before normalized = 288.000140402491
                  charge after normalized = 288
                 charge before normalized = 288.000140402459
                  charge after normalized = 288
                 charge before normalized = 288.000140402478
                  charge after normalized = 288
                 charge before normalized = 288.000140402465
                  charge after normalized = 288
