WARNING: Total thread number on this node mismatches with hardware availability. This may cause poor performance.
Info: Local MPI proc number: 16,OpenMP thread number: 1,Total thread number: 16,Local thread limit: 32
 *********************************************************
 *                                                       *
 *                  WELCOME TO ABACUS v3.0               *
 *                                                       *
 *            'Atomic-orbital Based Ab-initio            *
 *                  Computation at UStc'                 *
 *                                                       *
 *          Website: http://abacus.ustc.edu.cn/          *
 *                                                       *
 *********************************************************
 Mon May 22 14:16:30 2023
 MAKE THE DIR         : OUT.ABACUS/
 MAKE THE STRU DIR    : OUT.ABACUS/STRU/
 UNIFORM GRID DIM     : 120 * 120 * 128
 UNIFORM GRID DIM(BIG): 60 * 60 * 64
 DONE(0.122356   SEC) : SETUP UNITCELL
 DONE(0.132438   SEC) : INIT K-POINTS
 ---------------------------------------------------------
 Molecular Dynamics simulations
 ---------------------------------------------------------
 ENSEMBLE                 : Langevin
 Time interval(fs)        : 1
 ---------------------------------------------------------
 SPIN    KPOINTS         PROCESSORS  NBASE       
 1       36              16          1584        
 ---------------------------------------------------------
 Use Systematically Improvable Atomic bases
 ---------------------------------------------------------
 ELEMENT ORBITALS        NBASE       NATOM       XC          
 Si      3s3p2d-9au      22          36          
 C       3s3p2d-9au      22          36          
 ---------------------------------------------------------
 Initial plane wave basis and FFT box
 ---------------------------------------------------------
--------------------------------- INITVEL DONE ------------------------------------
 -------------------------------------------
 STEP OF MOLECULAR DYNAMICS : 0
 -------------------------------------------
 START CHARGE      : atomic
 DONE(10.0409    SEC) : INIT SCF
 ITER   ETOT(eV)       EDIFF(eV)      DRHO       TIME(s)    
 GE1    -9.383019e+03  0.000000e+00   2.706e-01  1.005e+02  
 GE2    -9.436934e+03  -5.391466e+01  1.528e-01  9.461e+01  
 GE3    -9.450443e+03  -1.350920e+01  2.751e-02  9.455e+01  
 GE4    -9.442811e+03  7.631388e+00   5.467e-02  9.459e+01  
 GE5    -9.454243e+03  -1.143168e+01  8.089e-03  9.438e+01  
 GE6    -9.454391e+03  -1.483733e-01  2.730e-03  9.451e+01  
 GE7    -9.454406e+03  -1.469644e-02  1.692e-03  9.433e+01  
 GE8    -9.454417e+03  -1.032917e-02  7.977e-04  9.429e+01  
 GE9    -9.454416e+03  2.704717e-04   5.417e-04  9.442e+01  
 GE10   -9.454417e+03  -5.620960e-04  1.764e-04  9.438e+01  
 GE11   -9.454417e+03  -9.429367e-05  8.975e-05  9.431e+01  
 GE12   -9.454417e+03  -2.553470e-05  3.583e-05  9.449e+01  
 GE13   -9.454417e+03  -3.020877e-06  9.539e-06  9.449e+01  
 GE14   -9.454417e+03  -2.580894e-07  5.376e-06  9.441e+01  
 GE15   -9.454417e+03  -7.947555e-08  2.221e-06  9.446e+01  
 GE16   -9.454417e+03  -1.278112e-08  1.077e-06  9.460e+01  
 GE17   -9.454417e+03  2.513532e-09   7.540e-07  9.464e+01  
 ><><><><><><><><><><><><><><><><><><><><><><
 TOTAL-STRESS (KBAR):
 ><><><><><><><><><><><><><><><><><><><><><><
 -4.353e+01     -2.548e+01     -2.506e+01     
 -2.548e+01     -8.844e+01     1.294e+01      
 -2.506e+01     1.294e+01      1.245e+01      
 TOTAL-PRESSURE: -3.984e+01 KBAR
 ------------------------------------------------------------------------------------------------
 Energy              Potential           Kinetic             Temperature         Pressure (KBAR)     
 -3.474e+02          -3.474e+02          3.373e-03           1.000e+01           -3.971e+01          
 ------------------------------------------------------------------------------------------------
 -------------------------------------------
 STEP OF MOLECULAR DYNAMICS : 1
 -------------------------------------------
 DONE(1.717e+03  SEC) : INIT SCF
 ITER   ETOT(eV)       EDIFF(eV)      DRHO       TIME(s)    
 GE1    -9.454448e+03  0.000000e+00   4.503e-04  9.963e+01  
 GE2    -9.454448e+03  3.230782e-04   3.375e-04  9.388e+01  
 GE3    -9.454448e+03  -3.279855e-04  3.284e-04  9.375e+01  
 GE4    -9.454448e+03  -3.731496e-04  8.256e-05  9.384e+01  
 GE5    -9.454448e+03  -1.946463e-05  3.288e-05  9.384e+01  
 GE6    -9.454448e+03  -3.270578e-06  1.654e-05  9.382e+01  
 GE7    -9.454448e+03  -7.341168e-07  7.183e-06  9.400e+01  
 GE8    -9.454448e+03  -2.113687e-07  2.394e-06  9.397e+01  
 GE9    -9.454448e+03  -2.123277e-08  1.009e-06  9.399e+01  
 GE10   -9.454448e+03  -1.993811e-09  3.173e-07  9.404e+01  
 ><><><><><><><><><><><><><><><><><><><><><><
 TOTAL-STRESS (KBAR):
 ><><><><><><><><><><><><><><><><><><><><><><
 -4.345e+01     -2.550e+01     -2.521e+01     
 -2.550e+01     -8.850e+01     1.297e+01      
 -2.521e+01     1.297e+01      1.206e+01      
 TOTAL-PRESSURE: -3.996e+01 KBAR
 ------------------------------------------------------------------------------------------------
 Energy              Potential           Kinetic             Temperature         Pressure (KBAR)     
 -3.474e+02          -3.474e+02          7.429e-03           2.203e+01           -3.968e+01          
 ------------------------------------------------------------------------------------------------
 -------------------------------------------
 STEP OF MOLECULAR DYNAMICS : 2
 -------------------------------------------
 DONE(2.756e+03  SEC) : INIT SCF
 ITER   ETOT(eV)       EDIFF(eV)      DRHO       TIME(s)    
 GE1    -9.454461e+03  0.000000e+00   1.518e-03  9.928e+01  
 GE2    -9.454461e+03  4.942776e-04   9.611e-04  9.370e+01  
 GE3    -9.454463e+03  -2.509314e-03  8.197e-04  9.360e+01  
 GE4    -9.454465e+03  -1.769963e-03  1.910e-04  9.366e+01  
 GE5    -9.454465e+03  -7.484374e-05  1.235e-04  9.370e+01  
 GE6    -9.454465e+03  -5.291741e-05  5.454e-05  9.378e+01  
 GE7    -9.454465e+03  -9.617099e-06  2.299e-05  9.373e+01  
 GE8    -9.454465e+03  -2.033852e-06  5.739e-06  9.374e+01  
 GE9    -9.454465e+03  -1.137338e-07  1.749e-06  9.399e+01  
 GE10   -9.454465e+03  -6.095895e-09  5.770e-07  9.379e+01  
 ><><><><><><><><><><><><><><><><><><><><><><
 TOTAL-STRESS (KBAR):
 ><><><><><><><><><><><><><><><><><><><><><><
 -4.335e+01     -2.525e+01     -2.559e+01     
 -2.525e+01     -8.871e+01     1.287e+01      
 -2.559e+01     1.287e+01      1.196e+01      
 TOTAL-PRESSURE: -4.003e+01 KBAR
 ------------------------------------------------------------------------------------------------
 Energy              Potential           Kinetic             Temperature         Pressure (KBAR)     
 -3.474e+02          -3.474e+02          2.017e-02           5.982e+01           -3.928e+01          
 ------------------------------------------------------------------------------------------------
 -------------------------------------------
 STEP OF MOLECULAR DYNAMICS : 3
 -------------------------------------------
 DONE(3.794e+03  SEC) : INIT SCF
 ITER   ETOT(eV)       EDIFF(eV)      DRHO       TIME(s)    
 GE1    -9.454518e+03  0.000000e+00   1.912e-03  9.957e+01  
 GE2    -9.454514e+03  3.833902e-03   1.352e-03  9.372e+01  
 GE3    -9.454519e+03  -4.775368e-03  1.289e-03  9.366e+01  
 GE4    -9.454524e+03  -5.364723e-03  3.069e-04  9.379e+01  
 GE5    -9.454524e+03  -2.699117e-04  1.670e-04  9.388e+01  
 GE6    -9.454524e+03  -9.466324e-05  6.716e-05  9.368e+01  
 GE7    -9.454524e+03  -1.347389e-05  2.736e-05  9.390e+01  
 GE8    -9.454524e+03  -2.553621e-06  8.041e-06  9.394e+01  
 GE9    -9.454524e+03  -2.120338e-07  3.644e-06  9.397e+01  
 GE10   -9.454524e+03  -4.725440e-08  1.547e-06  9.389e+01  
 GE11   -9.454524e+03  -7.042529e-09  5.635e-07  9.370e+01  
 ><><><><><><><><><><><><><><><><><><><><><><
 TOTAL-STRESS (KBAR):
 ><><><><><><><><><><><><><><><><><><><><><><
 -4.248e+01     -2.488e+01     -2.626e+01     
 -2.488e+01     -8.904e+01     1.311e+01      
 -2.626e+01     1.311e+01      1.084e+01      
 TOTAL-PRESSURE: -4.023e+01 KBAR
 ------------------------------------------------------------------------------------------------
 Energy              Potential           Kinetic             Temperature         Pressure (KBAR)     
 -3.474e+02          -3.474e+02          2.474e-02           7.335e+01           -3.931e+01          
 ------------------------------------------------------------------------------------------------
 -------------------------------------------
 STEP OF MOLECULAR DYNAMICS : 4
 -------------------------------------------
 DONE(4.927e+03  SEC) : INIT SCF
 ITER   ETOT(eV)       EDIFF(eV)      DRHO       TIME(s)    
 GE1    -9.454487e+03  0.000000e+00   2.343e-03  9.945e+01  
 GE2    -9.454485e+03  2.163173e-03   1.424e-03  9.375e+01  
 GE3    -9.454490e+03  -5.210320e-03  1.341e-03  9.389e+01  
 GE4    -9.454496e+03  -5.284951e-03  2.963e-04  9.377e+01  
 GE5    -9.454496e+03  -1.783456e-04  1.986e-04  9.374e+01  
 GE6    -9.454496e+03  -1.479686e-04  9.042e-05  9.378e+01  
 GE7    -9.454496e+03  -2.701332e-05  3.256e-05  9.378e+01  
 GE8    -9.454496e+03  -3.799939e-06  7.591e-06  9.392e+01  
 GE9    -9.454496e+03  -1.587732e-07  2.209e-06  9.381e+01  
 GE10   -9.454496e+03  -1.188552e-08  1.131e-06  9.378e+01  
 GE11   -9.454496e+03  -4.114458e-10  6.781e-07  9.372e+01  
 ><><><><><><><><><><><><><><><><><><><><><><
 TOTAL-STRESS (KBAR):
 ><><><><><><><><><><><><><><><><><><><><><><
 -4.260e+01     -2.447e+01     -2.604e+01     
 -2.447e+01     -8.848e+01     1.322e+01      
 -2.604e+01     1.322e+01      1.038e+01      
 TOTAL-PRESSURE: -4.024e+01 KBAR
 ------------------------------------------------------------------------------------------------
 Energy              Potential           Kinetic             Temperature         Pressure (KBAR)     
 -3.474e+02          -3.474e+02          3.812e-02           1.130e+02           -3.881e+01          
 ------------------------------------------------------------------------------------------------
 -------------------------------------------
 STEP OF MOLECULAR DYNAMICS : 5
 -------------------------------------------
 DONE(6.059e+03  SEC) : INIT SCF
 ITER   ETOT(eV)       EDIFF(eV)      DRHO       TIME(s)    
 GE1    -9.454459e+03  0.000000e+00   2.586e-03  9.981e+01  
 GE2    -9.454456e+03  2.719939e-03   1.555e-03  9.397e+01  
 GE3    -9.454462e+03  -5.407321e-03  1.484e-03  9.397e+01  
 GE4    -9.454469e+03  -6.972152e-03  3.662e-04  9.391e+01  
 GE5    -9.454469e+03  -3.181940e-04  2.213e-04  9.405e+01  
 GE6    -9.454469e+03  -1.939452e-04  1.097e-04  9.403e+01  
 GE7    -9.454469e+03  -3.939183e-05  3.229e-05  9.395e+01  
 GE8    -9.454469e+03  -3.672278e-06  7.515e-06  9.396e+01  
 GE9    -9.454469e+03  -1.430068e-07  4.004e-06  9.411e+01  
 GE10   -9.454469e+03  -5.661556e-08  1.812e-06  9.404e+01  
 GE11   -9.454469e+03  -9.458613e-09  6.695e-07  9.408e+01  
 ><><><><><><><><><><><><><><><><><><><><><><
 TOTAL-STRESS (KBAR):
 ><><><><><><><><><><><><><><><><><><><><><><
 -4.198e+01     -2.400e+01     -2.616e+01     
 -2.400e+01     -8.935e+01     1.288e+01      
 -2.616e+01     1.288e+01      1.079e+01      
 TOTAL-PRESSURE: -4.018e+01 KBAR
 ------------------------------------------------------------------------------------------------
 Energy              Potential           Kinetic             Temperature         Pressure (KBAR)     
 -3.474e+02          -3.474e+02          4.502e-02           1.335e+02           -3.850e+01          
 ------------------------------------------------------------------------------------------------
 -------------------------------------------
 STEP OF MOLECULAR DYNAMICS : 6
 -------------------------------------------
 DONE(7.194e+03  SEC) : INIT SCF
 ITER   ETOT(eV)       EDIFF(eV)      DRHO       TIME(s)    
 GE1    -9.454497e+03  0.000000e+00   2.699e-03  9.970e+01  
 GE2    -9.454498e+03  -6.379509e-04  1.587e-03  9.388e+01  
 GE3    -9.454503e+03  -5.443057e-03  1.248e-03  9.394e+01  
 GE4    -9.454507e+03  -4.279332e-03  3.641e-04  9.402e+01  
 GE5    -9.454508e+03  -3.106264e-04  2.302e-04  9.371e+01  
 GE6    -9.454508e+03  -2.113574e-04  1.118e-04  9.384e+01  
 GE7    -9.454508e+03  -4.077148e-05  3.344e-05  9.374e+01  
 GE8    -9.454508e+03  -4.246483e-06  1.033e-05  9.374e+01  
 GE9    -9.454508e+03  -3.300445e-07  4.091e-06  9.385e+01  
 GE10   -9.454508e+03  -4.305023e-08  1.509e-06  9.392e+01  
 GE11   -9.454508e+03  9.389008e-10   9.990e-07  9.384e+01  
 ><><><><><><><><><><><><><><><><><><><><><><
 TOTAL-STRESS (KBAR):
 ><><><><><><><><><><><><><><><><><><><><><><
 -4.218e+01     -2.381e+01     -2.587e+01     
 -2.381e+01     -8.901e+01     1.298e+01      
 -2.587e+01     1.298e+01      9.982e+00      
 TOTAL-PRESSURE: -4.040e+01 KBAR
 ------------------------------------------------------------------------------------------------
 Energy              Potential           Kinetic             Temperature         Pressure (KBAR)     
 -3.474e+02          -3.474e+02          6.518e-02           1.932e+02           -3.797e+01          
 ------------------------------------------------------------------------------------------------
 -------------------------------------------
 STEP OF MOLECULAR DYNAMICS : 7
 -------------------------------------------
 DONE(8.326e+03  SEC) : INIT SCF
 ITER   ETOT(eV)       EDIFF(eV)      DRHO       TIME(s)    
 GE1    -9.454494e+03  0.000000e+00   3.369e-03  9.981e+01  
 GE2    -9.454484e+03  1.039357e-02   2.129e-03  9.403e+01  
 GE3    -9.454497e+03  -1.326551e-02  2.113e-03  9.378e+01  
 GE4    -9.454512e+03  -1.437989e-02  4.885e-04  9.379e+01  
 GE5    -9.454512e+03  -6.138447e-04  3.194e-04  9.382e+01  
 GE6    -9.454513e+03  -3.622596e-04  1.385e-04  9.361e+01  
 GE7    -9.454513e+03  -5.775018e-05  4.742e-05  9.391e+01  
 GE8    -9.454513e+03  -7.535850e-06  1.072e-05  9.371e+01  
 GE9    -9.454513e+03  -3.310174e-07  4.449e-06  9.372e+01  
 GE10   -9.454513e+03  -4.242996e-08  1.094e-06  9.368e+01  
 GE11   -9.454513e+03  2.793501e-09   8.531e-07  9.365e+01  
 ><><><><><><><><><><><><><><><><><><><><><><
 TOTAL-STRESS (KBAR):
 ><><><><><><><><><><><><><><><><><><><><><><
 -4.259e+01     -2.273e+01     -2.545e+01     
 -2.273e+01     -8.850e+01     1.272e+01      
 -2.545e+01     1.272e+01      9.049e+00      
 TOTAL-PRESSURE: -4.068e+01 KBAR
 ------------------------------------------------------------------------------------------------
 Energy              Potential           Kinetic             Temperature         Pressure (KBAR)     
 -3.474e+02          -3.474e+02          7.714e-02           2.287e+02           -3.780e+01          
 ------------------------------------------------------------------------------------------------
 -------------------------------------------
 STEP OF MOLECULAR DYNAMICS : 8
 -------------------------------------------
 DONE(9.459e+03  SEC) : INIT SCF
 ITER   ETOT(eV)       EDIFF(eV)      DRHO       TIME(s)    
 GE1    -9.454409e+03  0.000000e+00   3.561e-03  9.954e+01  
 GE2    -9.454410e+03  -1.912354e-04  2.028e-03  9.397e+01  
 GE3    -9.454419e+03  -9.394662e-03  1.690e-03  9.385e+01  
 GE4    -9.454428e+03  -8.724275e-03  4.797e-04  9.405e+01  
 GE5    -9.454428e+03  -5.674943e-04  3.134e-04  9.419e+01  
 GE6    -9.454429e+03  -3.774527e-04  1.310e-04  9.393e+01  
 GE7    -9.454429e+03  -5.533110e-05  5.094e-05  9.365e+01  
 GE8    -9.454429e+03  -9.170182e-06  1.204e-05  9.383e+01  
 GE9    -9.454429e+03  -4.107621e-07  4.314e-06  9.377e+01  
 GE10   -9.454429e+03  -5.505640e-08  2.438e-06  9.381e+01  
 GE11   -9.454429e+03  -2.565659e-08  1.106e-06  9.392e+01  
 GE12   -9.454429e+03  -3.423044e-09  3.671e-07  9.379e+01  
 ><><><><><><><><><><><><><><><><><><><><><><
 TOTAL-STRESS (KBAR):
 ><><><><><><><><><><><><><><><><><><><><><><
 -4.332e+01     -2.218e+01     -2.481e+01     
 -2.218e+01     -8.808e+01     1.185e+01      
 -2.481e+01     1.185e+01      1.014e+01      
 TOTAL-PRESSURE: -4.042e+01 KBAR
 ------------------------------------------------------------------------------------------------
 Energy              Potential           Kinetic             Temperature         Pressure (KBAR)     
 -3.474e+02          -3.474e+02          7.329e-02           2.173e+02           -3.768e+01          
 ------------------------------------------------------------------------------------------------
 -------------------------------------------
 STEP OF MOLECULAR DYNAMICS : 9
 -------------------------------------------
 DONE(1.069e+04  SEC) : INIT SCF
 ITER   ETOT(eV)       EDIFF(eV)      DRHO       TIME(s)    
 GE1    -9.454419e+03  0.000000e+00   3.515e-03  9.967e+01  
 GE2    -9.454414e+03  5.305761e-03   2.319e-03  9.362e+01  
 GE3    -9.454428e+03  -1.459178e-02  2.027e-03  9.377e+01  
 GE4    -9.454439e+03  -1.097337e-02  4.588e-04  9.355e+01  
 GE5    -9.454440e+03  -4.229329e-04  2.915e-04  9.366e+01  
 GE6    -9.454440e+03  -3.196965e-04  1.508e-04  9.357e+01  
 GE7    -9.454440e+03  -8.044213e-05  5.594e-05  9.403e+01  
 GE8    -9.454440e+03  -1.024965e-05  1.194e-05  9.368e+01  
 GE9    -9.454440e+03  -3.910081e-07  5.296e-06  9.381e+01  
 GE10   -9.454440e+03  -7.390711e-08  2.183e-06  9.366e+01  
 GE11   -9.454440e+03  -1.923741e-08  1.217e-06  9.375e+01  
 GE12   -9.454440e+03  -4.204172e-09  3.931e-07  9.388e+01  
 ><><><><><><><><><><><><><><><><><><><><><><
 TOTAL-STRESS (KBAR):
 ><><><><><><><><><><><><><><><><><><><><><><
 -4.327e+01     -2.246e+01     -2.538e+01     
 -2.246e+01     -8.778e+01     1.233e+01      
 -2.538e+01     1.233e+01      9.976e+00      
 TOTAL-PRESSURE: -4.036e+01 KBAR
 ------------------------------------------------------------------------------------------------
 Energy              Potential           Kinetic             Temperature         Pressure (KBAR)     
 -3.474e+02          -3.474e+02          7.792e-02           2.310e+02           -3.745e+01          
 ------------------------------------------------------------------------------------------------
 -------------------------------------------
 STEP OF MOLECULAR DYNAMICS : 10
 -------------------------------------------
 DONE(1.191e+04  SEC) : INIT SCF
 ITER   ETOT(eV)       EDIFF(eV)      DRHO       TIME(s)    
 GE1    -9.454380e+03  0.000000e+00   3.483e-03  9.965e+01  
 GE2    -9.454375e+03  4.859494e-03   2.110e-03  9.385e+01  
 GE3    -9.454386e+03  -1.159415e-02  1.950e-03  9.369e+01  
 GE4    -9.454398e+03  -1.135852e-02  5.027e-04  9.402e+01  
 GE5    -9.454398e+03  -6.859990e-04  3.587e-04  9.362e+01  
 GE6    -9.454399e+03  -4.778434e-04  1.236e-04  9.367e+01  
 GE7    -9.454399e+03  -4.534146e-05  4.837e-05  9.373e+01  
 GE8    -9.454399e+03  -7.958592e-06  1.204e-05  9.354e+01  
 GE9    -9.454399e+03  -3.936500e-07  5.496e-06  9.374e+01  
 GE10   -9.454399e+03  -9.398289e-08  2.446e-06  9.371e+01  
 GE11   -9.454399e+03  -2.591799e-08  1.243e-06  9.362e+01  
 GE12   -9.454399e+03  -4.827528e-09  3.190e-07  9.352e+01  
 ><><><><><><><><><><><><><><><><><><><><><><
 TOTAL-STRESS (KBAR):
 ><><><><><><><><><><><><><><><><><><><><><><
 -4.463e+01     -2.293e+01     -2.504e+01     
 -2.293e+01     -8.654e+01     1.230e+01      
 -2.504e+01     1.230e+01      1.020e+01      
 TOTAL-PRESSURE: -4.032e+01 KBAR
 ------------------------------------------------------------------------------------------------
 Energy              Potential           Kinetic             Temperature         Pressure (KBAR)     
 -3.473e+02          -3.474e+02          1.034e-01           3.065e+02           -3.646e+01          
 ------------------------------------------------------------------------------------------------

  |CLASS_NAME---------|NAME---------------|TIME(Sec)-----|CALLS----|AVG------|PER%-------
                       total               13134          27        4.9e+02   1e+02     %
   Driver              driver_line         13134          1         1.3e+04   1e+02     %
   PW_Basis            setup_struc_factor  1.2463         11        0.11      0.0095    %
   ORB_control         read_orb_first      0.22955        1         0.23      0.0017    %
   LCAO_Orbitals       Read_Orbitals       0.22954        1         0.23      0.0017    %
   NOrbital_Lm         extra_uniform       0.12503        16        0.0078    0.00095   %
   Mathzone_Add1       Uni_Deriv_Phi       0.11001        16        0.0069    0.00084   %
   ORB_control         set_orb_tables      6.8352         1         6.8       0.052     %
   ORB_gen_tables      gen_tables          6.8352         1         6.8       0.052     %
   ORB_table_phi       init_Table          5.0815         1         5.1       0.039     %
   ORB_table_phi       cal_ST_Phi12_R      5.0325         558       0.009     0.038     %
   ORB_table_beta      init_Table_Beta     1.2775         1         1.3       0.0097    %
   ORB_table_beta      VNL_PhiBeta_R       1.2679         168       0.0075    0.0097    %
   ppcell_vl           init_vloc           0.26576        1         0.27      0.002     %
   Run_MD              md_line             13126          1         1.3e+04   1e+02     %
   Langevin            setup               1706.6         1         1.7e+03   13        %
   MD_func             force_stress        13126          11        1.2e+03   1e+02     %
   ESolver_KS_LCAO     Run                 12112          11        1.1e+03   92        %
   ESolver_KS_LCAO     beforescf           28.157         11        2.6       0.21      %
   ESolver_KS_LCAO     beforesolver        9.8359         11        0.89      0.075     %
   ESolver_KS_LCAO     set_matrix_grid     5.8975         11        0.54      0.045     %
   atom_arrange        search              0.10081        11        0.0092    0.00077   %
   Grid_Technique      init                3.1223         11        0.28      0.024     %
   Grid_BigCell        grid_expansion_index0.94673        22        0.043     0.0072    %
   Record_adj          for_2d              2.3549         11        0.21      0.018     %
   Grid_Driver         Find_atom           16.488         693864    2.4e-05   0.13      %
   Charge              atomic_rho          16.158         21        0.77      0.12      %
   PW_Basis            recip2real          4.4055         760       0.0058    0.034     %
   PW_Basis            gathers_scatterp    3.1051         760       0.0041    0.024     %
   Potential           init_pot            0.94618        11        0.086     0.0072    %
   Potential           update_from_charge  10.699         139       0.077     0.081     %
   Potential           cal_v_eff           10.651         139       0.077     0.081     %
   H_Hartree_pw        v_hartree           1.1116         139       0.008     0.0085    %
   PW_Basis            real2recip          3.2227         1156      0.0028    0.025     %
   PW_Basis            gatherp_scatters    1.3235         1156      0.0011    0.01      %
   PotXC               cal_v_eff           9.446          139       0.068     0.072     %
   XC_Functional       v_xc                9.3951         139       0.068     0.072     %
   HSolverLCAO         solve               12062          128       94        92        %
   HamiltLCAO          updateHk            4334.7         4608      0.94      33        %
   OperatorLCAO        init                3644.4         9216      0.4       28        %
   Veff                contributeHk        3642.2         4608      0.79      28        %
   Gint_interface      cal_gint            5885.4         267       22        45        %
   Gint_interface      cal_gint_vlocal     2838.5         128       22        22        %
   Gint_k              folding_vl_k        803.68         4608      0.17      6.1       %
   Gint_k              Distri              561.26         4608      0.12      4.3       %
   Overlap             contributeHR        4.6482         11        0.42      0.035     %
   LCAO_gen_fixedH     calculate_S_no      4.6482         11        0.42      0.035     %
   Ekinetic<OperatorLCAO>contributeHR        4.689          11        0.43      0.036     %
   Nonlocal<OperatorLCAO>contributeHR        49.264         11        4.5       0.38      %
   LCAO_gen_fixedH     build_Nonlocal_mu_new156.1          22        7.1       1.2       %
   ORB_gen_tables      snap_psibeta_half   3.4098         1238106   2.8e-06   0.026     %
   OperatorLCAO        folding_fixed       631.7          4608      0.14      4.8       %
   LCAO_nnr            folding_fixedH      624.59         4608      0.14      4.8       %
   HSolverLCAO         hamiltSolvePsiK     1819.5         4608      0.39      14        %
   DiagoElpa           elpa_solve          1804.9         4608      0.39      14        %
   ElecStateLCAO       psiToRho            5907.3         128       46        45        %
   elecstate           cal_dm              197.18         139       1.4       1.5       %
   psiMulPsiMpi        pdgemm              192.02         5004      0.038     1.5       %
    Local_Orbital_wfc  wfc_2d_to_grid      28.135         4608      0.0061    0.21      %
   LCAO_Charge         cal_dk_k            3185.9         128       25        24        %
   Record_adj          for_grid            0.68495        128       0.0054    0.0052    %
   Gint_interface      cal_gint_rho        2520           128       20        19        %
   Charge              mix_rho             1.6368         117       0.014     0.012     %
   Force_Stress_LCAO   getForceStress      1014.2         11        92        7.7       %
   Forces              cal_force_loc       0.95261        11        0.087     0.0073    %
   Forces              cal_force_ew        0.92734        11        0.084     0.0071    %
   Forces              cal_force_scc       8.0356         11        0.73      0.061     %
   Stress_Func         stress_loc          6.1293         11        0.56      0.047     %
   Stress_Func         stress_ewa          0.41907        11        0.038     0.0032    %
   Stress_Func         stress_gga          0.44926        11        0.041     0.0034    %
   Force_LCAO_k        ftable_k            997.21         11        91        7.6       %
   Force_LCAO_k        allocate_k          138.1          11        13        1.1       %
   Force_LCAO_k        cal_foverlap_k      31.23          11        2.8       0.24      %
   Force_LCAO_k        cal_edm_2d          30.254         11        2.8       0.23      %
   Local_Orbital_Chargecal_dm_R            12.151         22        0.55      0.093     %
   Force_LCAO_k        cal_ftvnl_dphi_k    0.32315        11        0.029     0.0025    %
   Force_LCAO_k        cal_fvl_dphi_k      526.94         11        48        4         %
   Gint_interface      cal_gint_force      526.94         11        48        4         %
   Force_LCAO_k        cal_fvnl_dbeta_k_new284.86         11        26        2.2       %
 ----------------------------------------------------------------------------------------

 START  Time  : Mon May 22 14:16:30 2023
 FINISH Time  : Mon May 22 17:55:25 2023
 TOTAL  Time  : 1.3e+04
 SEE INFORMATION IN : OUT.ABACUS/
