 Input  warning : gamma_only_local algorithm is not used.
 In SCAN_BEGIN, can't find: LATTICE_PARAMETERS block.
 AUTO_SET NBANDS to 0
 AUTO_SET NBANDS to 173
 cpu 2D distribution : 4*4
 but, the number of bands-row-block is 3
      Processor           Atom
              1             55
              2             58
              3             52
              4             52
              5             57
              6             58
              7             55
              8             53
              9             58
             10             58
             11             53
             12             53
             13             56
             14             58
             15             53
             16             53
                            startmag_type = 2
                       charge from rho_at = 3.95377
                         charge should be = 4
                       charge from rho_at = 3.99303
                         charge should be = 4

 SETUP ATOMIC RHO FOR SPIN 1
                 Electron number from rho = 288
           total electron number from rho = 288
                                should be = 288
                 charge before normalized = 288
                  charge after normalized = 288
                 charge before normalized = 288.000107942607
                  charge after normalized = 288
                 charge before normalized = 288.000158569365
                  charge after normalized = 288
                 charge before normalized = 288.000129321776
                  charge after normalized = 288
                 charge before normalized = 288.000139137954
                  charge after normalized = 288
                 charge before normalized = 288.000127249927
                  charge after normalized = 288
                 charge before normalized = 288.000127246651
                  charge after normalized = 288
                 charge before normalized = 288.000127491465
                  charge after normalized = 288
                 charge before normalized = 288.000127667422
                  charge after normalized = 288
                 charge before normalized = 288.00012790192
                  charge after normalized = 288
                 charge before normalized = 288.000128380057
                  charge after normalized = 288
                 charge before normalized = 288.000128234472
                  charge after normalized = 288
                 charge before normalized = 288.000128206053
                  charge after normalized = 288
                 charge before normalized = 288.000128199327
                  charge after normalized = 288
                 charge before normalized = 288.000128200052
                  charge after normalized = 288
                 charge before normalized = 288.000128201416
                  charge after normalized = 288
                 charge before normalized = 288.000128202497
                  charge after normalized = 288
                 charge before normalized = 288.000128202657
                  charge after normalized = 288
                 charge before normalized = 288.000128202098
                  charge after normalized = 288
                 charge before normalized = 288.000128202132
                  charge after normalized = 288
                 charge before normalized = 288.000128202192
                  charge after normalized = 288
                            startmag_type = 2
                       charge from rho_at = 3.95377434289291
                         charge should be = 4
                       charge from rho_at = 3.99303358802097
                         charge should be = 4

 SETUP ATOMIC RHO FOR SPIN 1
                 Electron number from rho = 288
           total electron number from rho = 288
                                should be = 288
                            startmag_type = 2
                       charge from rho_at = 3.95377434289291
                         charge should be = 4
                       charge from rho_at = 3.99303358802097
                         charge should be = 4

 SETUP ATOMIC RHO FOR SPIN 1
                 Electron number from rho = 288
           total electron number from rho = 288
                                should be = 288
      Processor           Atom
              1             55
              2             58
              3             52
              4             52
              5             57
              6             58
              7             55
              8             53
              9             58
             10             58
             11             53
             12             53
             13             56
             14             58
             15             53
             16             52
                 charge before normalized = 288
                  charge after normalized = 288
                 charge before normalized = 288.000128177351
                  charge after normalized = 288
                 charge before normalized = 288.000128182517
                  charge after normalized = 288
                 charge before normalized = 288.000128177986
                  charge after normalized = 288
                 charge before normalized = 288.000128181547
                  charge after normalized = 288
                 charge before normalized = 288.000128180339
                  charge after normalized = 288
                 charge before normalized = 288.000128180856
                  charge after normalized = 288
                 charge before normalized = 288.000128180913
                  charge after normalized = 288
                 charge before normalized = 288.000128180906
                  charge after normalized = 288
                 charge before normalized = 288.000128180867
                  charge after normalized = 288
                            startmag_type = 2
                       charge from rho_at = 3.95377434289291
                         charge should be = 4
                       charge from rho_at = 3.99303358802097
                         charge should be = 4

 SETUP ATOMIC RHO FOR SPIN 1
                 Electron number from rho = 288
           total electron number from rho = 288
                                should be = 288
                            startmag_type = 2
                       charge from rho_at = 3.95377434289291
                         charge should be = 4
                       charge from rho_at = 3.99303358802097
                         charge should be = 4

 SETUP ATOMIC RHO FOR SPIN 1
                 Electron number from rho = 288
           total electron number from rho = 288
                                should be = 288
      Processor           Atom
              1             56
              2             58
              3             52
              4             52
              5             57
              6             58
              7             55
              8             53
              9             58
             10             59
             11             53
             12             53
             13             56
             14             58
             15             52
             16             53
                 charge before normalized = 288
                  charge after normalized = 288
                 charge before normalized = 288.000128166108
                  charge after normalized = 288
                 charge before normalized = 288.00012816128
                  charge after normalized = 288
                 charge before normalized = 288.000128180338
                  charge after normalized = 288
                 charge before normalized = 288.000128160529
                  charge after normalized = 288
                 charge before normalized = 288.000128171348
                  charge after normalized = 288
                 charge before normalized = 288.00012816531
                  charge after normalized = 288
                 charge before normalized = 288.000128167098
                  charge after normalized = 288
                 charge before normalized = 288.000128166734
                  charge after normalized = 288
                 charge before normalized = 288.000128166722
                  charge after normalized = 288
                 charge before normalized = 288.000128166726
                  charge after normalized = 288
                            startmag_type = 2
                       charge from rho_at = 3.95377434289291
                         charge should be = 4
                       charge from rho_at = 3.99303358802097
                         charge should be = 4

 SETUP ATOMIC RHO FOR SPIN 1
                 Electron number from rho = 288
           total electron number from rho = 288
                                should be = 288
                            startmag_type = 2
                       charge from rho_at = 3.95377434289291
                         charge should be = 4
                       charge from rho_at = 3.99303358802097
                         charge should be = 4

 SETUP ATOMIC RHO FOR SPIN 1
                 Electron number from rho = 288
           total electron number from rho = 288
                                should be = 288
      Processor           Atom
              1             56
              2             58
              3             52
              4             52
              5             57
              6             58
              7             55
              8             54
              9             58
             10             59
             11             53
             12             53
             13             56
             14             58
             15             52
             16             52
                 charge before normalized = 288
                  charge after normalized = 288
                 charge before normalized = 288.000128074378
                  charge after normalized = 288
                 charge before normalized = 288.000128098661
                  charge after normalized = 288
                 charge before normalized = 288.000128054913
                  charge after normalized = 288
                 charge before normalized = 288.000128091324
                  charge after normalized = 288
                 charge before normalized = 288.000128076755
                  charge after normalized = 288
                 charge before normalized = 288.000128082405
                  charge after normalized = 288
                 charge before normalized = 288.000128081691
                  charge after normalized = 288
                 charge before normalized = 288.000128081615
                  charge after normalized = 288
                 charge before normalized = 288.000128081551
                  charge after normalized = 288
                 charge before normalized = 288.000128081579
                  charge after normalized = 288
                 charge before normalized = 288.000128081584
                  charge after normalized = 288
                            startmag_type = 2
                       charge from rho_at = 3.95377434289291
                         charge should be = 4
                       charge from rho_at = 3.99303358802097
                         charge should be = 4

 SETUP ATOMIC RHO FOR SPIN 1
                 Electron number from rho = 288
           total electron number from rho = 288
                                should be = 288
                            startmag_type = 2
                       charge from rho_at = 3.95377434289291
                         charge should be = 4
                       charge from rho_at = 3.99303358802097
                         charge should be = 4

 SETUP ATOMIC RHO FOR SPIN 1
                 Electron number from rho = 288
           total electron number from rho = 288
                                should be = 288
      Processor           Atom
              1             55
              2             58
              3             52
              4             52
              5             57
              6             58
              7             55
              8             53
              9             58
             10             60
             11             53
             12             53
             13             56
             14             58
             15             52
             16             53
                 charge before normalized = 288
                  charge after normalized = 288
                 charge before normalized = 288.00012813162
                  charge after normalized = 288
                 charge before normalized = 288.00012814795
                  charge after normalized = 288
                 charge before normalized = 288.000128120977
                  charge after normalized = 288
                 charge before normalized = 288.000128138869
                  charge after normalized = 288
                 charge before normalized = 288.000128132675
                  charge after normalized = 288
                 charge before normalized = 288.000128136107
                  charge after normalized = 288
                 charge before normalized = 288.000128134995
                  charge after normalized = 288
                 charge before normalized = 288.000128135287
                  charge after normalized = 288
                 charge before normalized = 288.000128135064
                  charge after normalized = 288
                 charge before normalized = 288.000128135209
                  charge after normalized = 288
                 charge before normalized = 288.000128135154
                  charge after normalized = 288
                            startmag_type = 2
                       charge from rho_at = 3.95377434289291
                         charge should be = 4
                       charge from rho_at = 3.99303358802097
                         charge should be = 4

 SETUP ATOMIC RHO FOR SPIN 1
                 Electron number from rho = 288
           total electron number from rho = 288
                                should be = 288
                            startmag_type = 2
                       charge from rho_at = 3.95377434289291
                         charge should be = 4
                       charge from rho_at = 3.99303358802097
                         charge should be = 4

 SETUP ATOMIC RHO FOR SPIN 1
                 Electron number from rho = 288
           total electron number from rho = 288
                                should be = 288
      Processor           Atom
              1             55
              2             58
              3             53
              4             52
              5             57
              6             58
              7             55
              8             53
              9             58
             10             60
             11             53
             12             53
             13             56
             14             58
             15             52
             16             53
                 charge before normalized = 288
                  charge after normalized = 288
                 charge before normalized = 288.000128058498
                  charge after normalized = 288
                 charge before normalized = 288.00012807605
                  charge after normalized = 288
                 charge before normalized = 288.000128049714
                  charge after normalized = 288
                 charge before normalized = 288.000128067354
                  charge after normalized = 288
                 charge before normalized = 288.000128061973
                  charge after normalized = 288
                 charge before normalized = 288.000128065259
                  charge after normalized = 288
                 charge before normalized = 288.000128063977
                  charge after normalized = 288
                 charge before normalized = 288.000128064401
                  charge after normalized = 288
                 charge before normalized = 288.000128064178
                  charge after normalized = 288
                 charge before normalized = 288.000128064326
                  charge after normalized = 288
                 charge before normalized = 288.000128064263
                  charge after normalized = 288
                            startmag_type = 2
                       charge from rho_at = 3.95377434289291
                         charge should be = 4
                       charge from rho_at = 3.99303358802097
                         charge should be = 4

 SETUP ATOMIC RHO FOR SPIN 1
                 Electron number from rho = 288
           total electron number from rho = 288
                                should be = 288
                            startmag_type = 2
                       charge from rho_at = 3.95377434289291
                         charge should be = 4
                       charge from rho_at = 3.99303358802097
                         charge should be = 4

 SETUP ATOMIC RHO FOR SPIN 1
                 Electron number from rho = 288
           total electron number from rho = 288
                                should be = 288
      Processor           Atom
              1             55
              2             58
              3             52
              4             52
              5             57
              6             58
              7             55
              8             53
              9             58
             10             59
             11             53
             12             53
             13             56
             14             58
             15             52
             16             52
                 charge before normalized = 288
                  charge after normalized = 288
                 charge before normalized = 288.000128064231
                  charge after normalized = 288
                 charge before normalized = 288.000128082387
                  charge after normalized = 288
                 charge before normalized = 288.000128073388
                  charge after normalized = 288
                 charge before normalized = 288.000128068857
                  charge after normalized = 288
                 charge before normalized = 288.000128079129
                  charge after normalized = 288
                 charge before normalized = 288.000128071334
                  charge after normalized = 288
                 charge before normalized = 288.000128074511
                  charge after normalized = 288
                 charge before normalized = 288.000128073428
                  charge after normalized = 288
                 charge before normalized = 288.000128073637
                  charge after normalized = 288
                 charge before normalized = 288.000128073544
                  charge after normalized = 288
                 charge before normalized = 288.000128073584
                  charge after normalized = 288
                            startmag_type = 2
                       charge from rho_at = 3.95377434289291
                         charge should be = 4
                       charge from rho_at = 3.99303358802097
                         charge should be = 4

 SETUP ATOMIC RHO FOR SPIN 1
                 Electron number from rho = 288
           total electron number from rho = 288
                                should be = 288
                            startmag_type = 2
                       charge from rho_at = 3.95377434289291
                         charge should be = 4
                       charge from rho_at = 3.99303358802097
                         charge should be = 4

 SETUP ATOMIC RHO FOR SPIN 1
                 Electron number from rho = 288
           total electron number from rho = 288
                                should be = 288
      Processor           Atom
              1             57
              2             58
              3             53
              4             52
              5             57
              6             58
              7             55
              8             53
              9             58
             10             59
             11             53
             12             53
             13             56
             14             58
             15             52
             16             52
                 charge before normalized = 288
                  charge after normalized = 288
                 charge before normalized = 288.0001283325
                  charge after normalized = 288
                 charge before normalized = 288.00012833115
                  charge after normalized = 288
                 charge before normalized = 288.000128345449
                  charge after normalized = 288
                 charge before normalized = 288.000128325933
                  charge after normalized = 288
                 charge before normalized = 288.000128337538
                  charge after normalized = 288
                 charge before normalized = 288.000128329818
                  charge after normalized = 288
                 charge before normalized = 288.000128332942
                  charge after normalized = 288
                 charge before normalized = 288.000128331832
                  charge after normalized = 288
                 charge before normalized = 288.000128332231
                  charge after normalized = 288
                 charge before normalized = 288.000128332025
                  charge after normalized = 288
                 charge before normalized = 288.000128332092
                  charge after normalized = 288
                 charge before normalized = 288.000128332077
                  charge after normalized = 288
                            startmag_type = 2
                       charge from rho_at = 3.95377434289291
                         charge should be = 4
                       charge from rho_at = 3.99303358802097
                         charge should be = 4

 SETUP ATOMIC RHO FOR SPIN 1
                 Electron number from rho = 288
           total electron number from rho = 288
                                should be = 288
                            startmag_type = 2
                       charge from rho_at = 3.95377434289291
                         charge should be = 4
                       charge from rho_at = 3.99303358802097
                         charge should be = 4

 SETUP ATOMIC RHO FOR SPIN 1
                 Electron number from rho = 288
           total electron number from rho = 288
                                should be = 288
      Processor           Atom
              1             57
              2             58
              3             53
              4             52
              5             58
              6             58
              7             55
              8             53
              9             58
             10             59
             11             53
             12             53
             13             56
             14             58
             15             52
             16             52
                 charge before normalized = 288
                  charge after normalized = 288
                 charge before normalized = 288.000128334439
                  charge after normalized = 288
                 charge before normalized = 288.000128354002
                  charge after normalized = 288
                 charge before normalized = 288.000128320105
                  charge after normalized = 288
                 charge before normalized = 288.000128332969
                  charge after normalized = 288
                 charge before normalized = 288.000128333174
                  charge after normalized = 288
                 charge before normalized = 288.000128333498
                  charge after normalized = 288
                 charge before normalized = 288.000128332682
                  charge after normalized = 288
                 charge before normalized = 288.000128332929
                  charge after normalized = 288
                 charge before normalized = 288.000128332672
                  charge after normalized = 288
                 charge before normalized = 288.000128332871
                  charge after normalized = 288
                 charge before normalized = 288.000128332775
                  charge after normalized = 288
                 charge before normalized = 288.000128332819
                  charge after normalized = 288
                            startmag_type = 2
                       charge from rho_at = 3.95377434289291
                         charge should be = 4
                       charge from rho_at = 3.99303358802097
                         charge should be = 4

 SETUP ATOMIC RHO FOR SPIN 1
                 Electron number from rho = 288
           total electron number from rho = 288
                                should be = 288
                            startmag_type = 2
                       charge from rho_at = 3.95377434289291
                         charge should be = 4
                       charge from rho_at = 3.99303358802097
                         charge should be = 4

 SETUP ATOMIC RHO FOR SPIN 1
                 Electron number from rho = 288
           total electron number from rho = 288
                                should be = 288
      Processor           Atom
              1             56
              2             58
              3             53
              4             52
              5             58
              6             58
              7             55
              8             53
              9             58
             10             58
             11             53
             12             53
             13             56
             14             58
             15             53
             16             52
                 charge before normalized = 288
                  charge after normalized = 288
                 charge before normalized = 288.000128059703
                  charge after normalized = 288
                 charge before normalized = 288.000128073203
                  charge after normalized = 288
                 charge before normalized = 288.000128053984
                  charge after normalized = 288
                 charge before normalized = 288.00012806009
                  charge after normalized = 288
                 charge before normalized = 288.000128061505
                  charge after normalized = 288
                 charge before normalized = 288.000128060457
                  charge after normalized = 288
                 charge before normalized = 288.000128061037
                  charge after normalized = 288
                 charge before normalized = 288.000128060431
                  charge after normalized = 288
                 charge before normalized = 288.000128060803
                  charge after normalized = 288
                 charge before normalized = 288.000128060683
                  charge after normalized = 288
                 charge before normalized = 288.00012806071
                  charge after normalized = 288
                 charge before normalized = 288.000128060694
                  charge after normalized = 288
                            startmag_type = 2
                       charge from rho_at = 3.95377434289291
                         charge should be = 4
                       charge from rho_at = 3.99303358802097
                         charge should be = 4

 SETUP ATOMIC RHO FOR SPIN 1
                 Electron number from rho = 288
           total electron number from rho = 288
                                should be = 288
                            startmag_type = 2
                       charge from rho_at = 3.95377434289291
                         charge should be = 4
                       charge from rho_at = 3.99303358802097
                         charge should be = 4

 SETUP ATOMIC RHO FOR SPIN 1
                 Electron number from rho = 288
           total electron number from rho = 288
                                should be = 288
      Processor           Atom
              1             57
              2             58
              3             52
              4             52
              5             58
              6             58
              7             55
              8             53
              9             58
             10             59
             11             53
             12             53
             13             56
             14             58
             15             52
             16             53
                 charge before normalized = 288
                  charge after normalized = 288
                 charge before normalized = 288.000127935303
                  charge after normalized = 288
                 charge before normalized = 288.000127961624
                  charge after normalized = 288
                 charge before normalized = 288.000127904461
                  charge after normalized = 288
                 charge before normalized = 288.000127946277
                  charge after normalized = 288
                 charge before normalized = 288.000127925202
                  charge after normalized = 288
                 charge before normalized = 288.000127939179
                  charge after normalized = 288
                 charge before normalized = 288.000127935498
                  charge after normalized = 288
                 charge before normalized = 288.000127935807
                  charge after normalized = 288
                 charge before normalized = 288.000127935744
                  charge after normalized = 288
                 charge before normalized = 288.000127935783
                  charge after normalized = 288
                 charge before normalized = 288.000127935786
                  charge after normalized = 288
                 charge before normalized = 288.000127935784
                  charge after normalized = 288
