WARNING: Total thread number on this node mismatches with hardware availability. This may cause poor performance.
Info: Local MPI proc number: 16,OpenMP thread number: 1,Total thread number: 16,Local thread limit: 32
                                                                                     
                              ABACUS v3.1                                            

               Atomic-orbital Based Ab-initio Computation at UStc                    

                     Website: http://abacus.ustc.edu.cn/                             
               Documentation: https://abacus.deepmodeling.com/                       
                  Repository: https://github.com/abacusmodeling/abacus-develop       
                              https://github.com/deepmodeling/abacus-develop         

 Fri Feb  3 16:52:08 2023
 MAKE THE DIR         : OUT.ABACUS/
 MAKE THE STRU DIR    : OUT.ABACUS/STRU/
 UNIFORM GRID DIM     : 108 * 108 * 108
 UNIFORM GRID DIM(BIG): 54 * 54 * 54
 DONE(0.0737807  SEC) : SETUP UNITCELL
 DONE(0.0828727  SEC) : INIT K-POINTS
 ---------------------------------------------------------
 Molecular Dynamics simulations
 ---------------------------------------------------------
 ENSEMBLE                 : Langevin
 Time interval(fs)        : 1
 ---------------------------------------------------------
 SPIN    KPOINTS         PROCESSORS  NBASE       
 1       36              16          1408        
 ---------------------------------------------------------
 Use Systematically Improvable Atomic bases
 ---------------------------------------------------------
 ELEMENT ORBITALS        NBASE       NATOM       XC          
 Si      3s3p2d-9au      22          32          
 C       3s3p2d-9au      22          32          
 ---------------------------------------------------------
 Initial plane wave basis and FFT box
 ---------------------------------------------------------
--------------------------------- INITVEL DONE ------------------------------------
 -------------------------------------------
 STEP OF MOLECULAR DYNAMICS : 0
 -------------------------------------------
 START CHARGE      : atomic
 DONE(9.0642     SEC) : INIT SCF
 ITER   ETOT(eV)       EDIFF(eV)      DRHO       TIME(s)    
 GE1    -8.333640e+03  0.000000e+00   2.717e-01  8.290e+01  
 GE2    -8.365181e+03  -3.154052e+01  1.654e-01  7.769e+01  
 GE3    -8.376885e+03  -1.170439e+01  6.248e-02  7.770e+01  
 GE4    -8.395152e+03  -1.826670e+01  5.241e-02  7.781e+01  
 GE5    -8.400261e+03  -5.109331e+00  1.097e-02  7.749e+01  
 GE6    -8.400425e+03  -1.641335e-01  6.577e-03  7.755e+01  
 GE7    -8.400523e+03  -9.801579e-02  2.467e-03  7.751e+01  
 GE8    -8.400529e+03  -6.231381e-03  1.099e-03  7.766e+01  
 GE9    -8.400532e+03  -2.504228e-03  7.298e-04  7.771e+01  
 GE10   -8.400533e+03  -1.044342e-03  2.081e-04  7.772e+01  
 GE11   -8.400533e+03  -1.278757e-04  2.164e-04  7.762e+01  
 GE12   -8.400533e+03  -1.197675e-04  3.961e-05  7.764e+01  
 GE13   -8.400533e+03  -2.073557e-06  5.414e-05  7.754e+01  
 GE14   -8.400533e+03  -6.922741e-06  3.918e-06  7.758e+01  
 GE15   -8.400533e+03  -4.051813e-08  2.341e-06  7.766e+01  
 GE16   -8.400533e+03  -9.288467e-09  1.199e-06  7.757e+01  
 GE17   -8.400533e+03  2.187159e-09   8.492e-07  7.762e+01  
 ><><><><><><><><><><><><><><><><><><><><><><
 TOTAL-STRESS (KBAR):
 ><><><><><><><><><><><><><><><><><><><><><><
 -5.348e+01     -3.717e+01     5.368e+01      
 -3.717e+01     -1.212e+01     2.720e+01      
 5.368e+01      2.720e+01      2.586e+01      
 TOTAL-PRESSURE: -1.325e+01 KBAR
 ------------------------------------------------------------------------------------------------
 Energy              Potential           Kinetic             Temperature         Pressure (KBAR)     
 -3.087e+02          -3.087e+02          2.993e-03           1.000e+01           -1.312e+01          
 ------------------------------------------------------------------------------------------------
 -------------------------------------------
 STEP OF MOLECULAR DYNAMICS : 1
 -------------------------------------------
 DONE(1.416e+03  SEC) : INIT SCF
 ITER   ETOT(eV)       EDIFF(eV)      DRHO       TIME(s)    
 GE1    -8.400597e+03  0.000000e+00   4.628e-04  8.294e+01  
 GE2    -8.400597e+03  4.956434e-04   4.149e-04  7.792e+01  
 GE3    -8.400598e+03  -5.546382e-04  3.799e-04  7.787e+01  
 GE4    -8.400598e+03  -3.887845e-04  8.411e-05  7.787e+01  
 GE5    -8.400598e+03  -1.482595e-05  3.792e-05  7.782e+01  
 GE6    -8.400598e+03  -3.808395e-06  1.650e-05  7.776e+01  
 GE7    -8.400598e+03  -6.036838e-07  9.302e-06  7.780e+01  
 GE8    -8.400598e+03  -2.816176e-07  2.611e-06  7.785e+01  
 GE9    -8.400598e+03  -1.410981e-08  8.904e-07  7.807e+01  
 ><><><><><><><><><><><><><><><><><><><><><><
 TOTAL-STRESS (KBAR):
 ><><><><><><><><><><><><><><><><><><><><><><
 -5.359e+01     -3.721e+01     5.383e+01      
 -3.721e+01     -1.237e+01     2.727e+01      
 5.383e+01      2.727e+01      2.554e+01      
 TOTAL-PRESSURE: -1.347e+01 KBAR
 ------------------------------------------------------------------------------------------------
 Energy              Potential           Kinetic             Temperature         Pressure (KBAR)     
 -3.087e+02          -3.087e+02          5.950e-03           1.988e+01           -1.322e+01          
 ------------------------------------------------------------------------------------------------
 -------------------------------------------
 STEP OF MOLECULAR DYNAMICS : 2
 -------------------------------------------
 DONE(2.203e+03  SEC) : INIT SCF
 ITER   ETOT(eV)       EDIFF(eV)      DRHO       TIME(s)    
 GE1    -8.400643e+03  0.000000e+00   1.516e-03  8.314e+01  
 GE2    -8.400642e+03  9.280722e-04   9.403e-04  7.800e+01  
 GE3    -8.400644e+03  -1.709362e-03  9.033e-04  7.799e+01  
 GE4    -8.400646e+03  -2.150566e-03  2.223e-04  7.798e+01  
 GE5    -8.400646e+03  -1.171072e-04  1.331e-04  7.789e+01  
 GE6    -8.400646e+03  -4.569254e-05  4.919e-05  7.803e+01  
 GE7    -8.400646e+03  -5.188895e-06  2.154e-05  7.799e+01  
 GE8    -8.400646e+03  -1.582353e-06  7.847e-06  7.814e+01  
 GE9    -8.400646e+03  -1.837941e-07  2.753e-06  7.803e+01  
 GE10   -8.400646e+03  -1.100850e-08  9.544e-07  7.794e+01  
 ><><><><><><><><><><><><><><><><><><><><><><
 TOTAL-STRESS (KBAR):
 ><><><><><><><><><><><><><><><><><><><><><><
 -5.380e+01     -3.739e+01     5.435e+01      
 -3.739e+01     -1.250e+01     2.737e+01      
 5.435e+01      2.737e+01      2.534e+01      
 TOTAL-PRESSURE: -1.365e+01 KBAR
 ------------------------------------------------------------------------------------------------
 Energy              Potential           Kinetic             Temperature         Pressure (KBAR)     
 -3.087e+02          -3.087e+02          1.542e-02           5.154e+01           -1.300e+01          
 ------------------------------------------------------------------------------------------------
 -------------------------------------------
 STEP OF MOLECULAR DYNAMICS : 3
 -------------------------------------------
 DONE(3.070e+03  SEC) : INIT SCF
 ITER   ETOT(eV)       EDIFF(eV)      DRHO       TIME(s)    
 GE1    -8.400733e+03  0.000000e+00   1.956e-03  8.311e+01  
 GE2    -8.400733e+03  9.697454e-05   1.134e-03  7.783e+01  
 GE3    -8.400736e+03  -2.380282e-03  9.197e-04  7.808e+01  
 GE4    -8.400738e+03  -2.438213e-03  3.078e-04  7.791e+01  
 GE5    -8.400738e+03  -2.541313e-04  1.722e-04  7.785e+01  
 GE6    -8.400738e+03  -9.126037e-05  7.212e-05  7.800e+01  
 GE7    -8.400738e+03  -1.244251e-05  3.006e-05  7.790e+01  
 GE8    -8.400738e+03  -3.223130e-06  1.157e-05  7.781e+01  
 GE9    -8.400738e+03  -3.880073e-07  2.987e-06  7.795e+01  
 GE10   -8.400738e+03  -1.774321e-08  8.475e-07  7.778e+01  
 ><><><><><><><><><><><><><><><><><><><><><><
 TOTAL-STRESS (KBAR):
 ><><><><><><><><><><><><><><><><><><><><><><
 -5.405e+01     -3.805e+01     5.445e+01      
 -3.805e+01     -1.293e+01     2.821e+01      
 5.445e+01      2.821e+01      2.498e+01      
 TOTAL-PRESSURE: -1.400e+01 KBAR
 ------------------------------------------------------------------------------------------------
 Energy              Potential           Kinetic             Temperature         Pressure (KBAR)     
 -3.087e+02          -3.087e+02          2.551e-02           8.526e+01           -1.292e+01          
 ------------------------------------------------------------------------------------------------
 -------------------------------------------
 STEP OF MOLECULAR DYNAMICS : 4
 -------------------------------------------
 DONE(3.935e+03  SEC) : INIT SCF
 ITER   ETOT(eV)       EDIFF(eV)      DRHO       TIME(s)    
 GE1    -8.400770e+03  0.000000e+00   2.131e-03  8.367e+01  
 GE2    -8.400765e+03  4.634107e-03   1.472e-03  7.792e+01  
 GE3    -8.400771e+03  -5.609344e-03  1.488e-03  7.814e+01  
 GE4    -8.400777e+03  -5.661526e-03  3.118e-04  7.804e+01  
 GE5    -8.400777e+03  -1.933817e-04  1.763e-04  7.795e+01  
 GE6    -8.400777e+03  -8.318847e-05  8.294e-05  7.800e+01  
 GE7    -8.400777e+03  -1.750218e-05  4.120e-05  7.807e+01  
 GE8    -8.400777e+03  -5.332530e-06  1.001e-05  7.803e+01  
 GE9    -8.400777e+03  -2.608768e-07  3.188e-06  7.834e+01  
 GE10   -8.400777e+03  -1.884917e-08  1.173e-06  7.795e+01  
 GE11   -8.400777e+03  2.734723e-09   8.770e-07  7.803e+01  
 ><><><><><><><><><><><><><><><><><><><><><><
 TOTAL-STRESS (KBAR):
 ><><><><><><><><><><><><><><><><><><><><><><
 -5.401e+01     -3.843e+01     5.441e+01      
 -3.843e+01     -1.318e+01     2.833e+01      
 5.441e+01      2.833e+01      2.484e+01      
 TOTAL-PRESSURE: -1.412e+01 KBAR
 ------------------------------------------------------------------------------------------------
 Energy              Potential           Kinetic             Temperature         Pressure (KBAR)     
 -3.087e+02          -3.087e+02          3.616e-02           1.208e+02           -1.259e+01          
 ------------------------------------------------------------------------------------------------
 -------------------------------------------
 STEP OF MOLECULAR DYNAMICS : 5
 -------------------------------------------
 DONE(4.881e+03  SEC) : INIT SCF
 ITER   ETOT(eV)       EDIFF(eV)      DRHO       TIME(s)    
 GE1    -8.400846e+03  0.000000e+00   2.425e-03  8.315e+01  
 GE2    -8.400846e+03  3.447583e-04   1.402e-03  7.792e+01  
 GE3    -8.400849e+03  -3.604099e-03  1.228e-03  7.803e+01  
 GE4    -8.400853e+03  -3.907715e-03  3.838e-04  7.785e+01  
 GE5    -8.400853e+03  -4.280814e-04  2.431e-04  7.803e+01  
 GE6    -8.400854e+03  -1.739346e-04  7.093e-05  7.790e+01  
 GE7    -8.400854e+03  -9.512033e-06  2.838e-05  7.791e+01  
 GE8    -8.400854e+03  -2.740000e-06  1.413e-05  7.793e+01  
 GE9    -8.400854e+03  -6.087743e-07  4.104e-06  7.787e+01  
 GE10   -8.400854e+03  -4.102548e-08  1.263e-06  7.782e+01  
 GE11   -8.400854e+03  2.348025e-09   8.694e-07  7.786e+01  
 ><><><><><><><><><><><><><><><><><><><><><><
 TOTAL-STRESS (KBAR):
 ><><><><><><><><><><><><><><><><><><><><><><
 -5.412e+01     -3.841e+01     5.521e+01      
 -3.841e+01     -1.355e+01     2.787e+01      
 5.521e+01      2.787e+01      2.447e+01      
 TOTAL-PRESSURE: -1.440e+01 KBAR
 ------------------------------------------------------------------------------------------------
 Energy              Potential           Kinetic             Temperature         Pressure (KBAR)     
 -3.087e+02          -3.087e+02          3.914e-02           1.308e+02           -1.274e+01          
 ------------------------------------------------------------------------------------------------
 -------------------------------------------
 STEP OF MOLECULAR DYNAMICS : 6
 -------------------------------------------
 DONE(5.824e+03  SEC) : INIT SCF
 ITER   ETOT(eV)       EDIFF(eV)      DRHO       TIME(s)    
 GE1    -8.400983e+03  0.000000e+00   2.953e-03  8.337e+01  
 GE2    -8.400965e+03  1.851297e-02   2.483e-03  7.793e+01  
 GE3    -8.400985e+03  -2.031161e-02  2.411e-03  7.809e+01  
 GE4    -8.401000e+03  -1.450547e-02  4.837e-04  7.804e+01  
 GE5    -8.401000e+03  -4.391938e-04  2.351e-04  7.785e+01  
 GE6    -8.401000e+03  -1.427780e-04  1.118e-04  7.797e+01  
 GE7    -8.401000e+03  -3.268445e-05  6.393e-05  7.796e+01  
 GE8    -8.401000e+03  -1.236459e-05  1.167e-05  7.795e+01  
 GE9    -8.401000e+03  -3.059069e-07  4.665e-06  7.807e+01  
 GE10   -8.401000e+03  -4.074706e-08  1.243e-06  7.795e+01  
 GE11   -8.401000e+03  6.218091e-10   7.379e-07  7.798e+01  
 ><><><><><><><><><><><><><><><><><><><><><><
 TOTAL-STRESS (KBAR):
 ><><><><><><><><><><><><><><><><><><><><><><
 -5.424e+01     -3.838e+01     5.429e+01      
 -3.838e+01     -1.428e+01     2.796e+01      
 5.429e+01      2.796e+01      2.363e+01      
 TOTAL-PRESSURE: -1.496e+01 KBAR
 ------------------------------------------------------------------------------------------------
 Energy              Potential           Kinetic             Temperature         Pressure (KBAR)     
 -3.087e+02          -3.087e+02          5.573e-02           1.862e+02           -1.260e+01          
 ------------------------------------------------------------------------------------------------
 -------------------------------------------
 STEP OF MOLECULAR DYNAMICS : 7
 -------------------------------------------
 DONE(6.769e+03  SEC) : INIT SCF
 ITER   ETOT(eV)       EDIFF(eV)      DRHO       TIME(s)    
 GE1    -8.401068e+03  0.000000e+00   3.119e-03  8.307e+01  
 GE2    -8.401059e+03  9.465892e-03   2.191e-03  7.805e+01  
 GE3    -8.401071e+03  -1.197357e-02  2.162e-03  7.811e+01  
 GE4    -8.401083e+03  -1.235695e-02  5.426e-04  7.797e+01  
 GE5    -8.401084e+03  -7.100396e-04  2.715e-04  7.789e+01  
 GE6    -8.401084e+03  -1.936516e-04  9.790e-05  7.822e+01  
 GE7    -8.401084e+03  -1.806092e-05  5.032e-05  7.790e+01  
 GE8    -8.401084e+03  -8.602767e-06  1.478e-05  7.800e+01  
 GE9    -8.401084e+03  -6.518044e-07  5.116e-06  7.789e+01  
 GE10   -8.401084e+03  -5.216390e-08  1.613e-06  7.794e+01  
 GE11   -8.401084e+03  -6.470217e-09  1.053e-06  7.796e+01  
 GE12   -8.401084e+03  -8.662017e-10  5.159e-07  7.788e+01  
 ><><><><><><><><><><><><><><><><><><><><><><
 TOTAL-STRESS (KBAR):
 ><><><><><><><><><><><><><><><><><><><><><><
 -5.399e+01     -3.795e+01     5.388e+01      
 -3.795e+01     -1.467e+01     2.744e+01      
 5.388e+01      2.744e+01      2.295e+01      
 TOTAL-PRESSURE: -1.523e+01 KBAR
 ------------------------------------------------------------------------------------------------
 Energy              Potential           Kinetic             Temperature         Pressure (KBAR)     
 -3.087e+02          -3.087e+02          6.927e-02           2.315e+02           -1.230e+01          
 ------------------------------------------------------------------------------------------------
 -------------------------------------------
 STEP OF MOLECULAR DYNAMICS : 8
 -------------------------------------------
 DONE(7.792e+03  SEC) : INIT SCF
 ITER   ETOT(eV)       EDIFF(eV)      DRHO       TIME(s)    
 GE1    -8.401173e+03  0.000000e+00   3.567e-03  8.336e+01  
 GE2    -8.401167e+03  6.239297e-03   2.175e-03  7.795e+01  
 GE3    -8.401176e+03  -8.332800e-03  2.135e-03  7.795e+01  
 GE4    -8.401190e+03  -1.405624e-02  5.701e-04  7.791e+01  
 GE5    -8.401190e+03  -8.107955e-04  2.993e-04  7.799e+01  
 GE6    -8.401191e+03  -2.406445e-04  1.285e-04  7.792e+01  
 GE7    -8.401191e+03  -3.659358e-05  5.556e-05  7.789e+01  
 GE8    -8.401191e+03  -1.049648e-05  1.538e-05  7.798e+01  
 GE9    -8.401191e+03  -6.218771e-07  5.606e-06  7.817e+01  
 GE10   -8.401191e+03  -6.030001e-08  2.137e-06  7.812e+01  
 GE11   -8.401191e+03  -1.277183e-08  1.264e-06  7.796e+01  
 GE12   -8.401191e+03  -3.229695e-09  5.548e-07  7.790e+01  
 ><><><><><><><><><><><><><><><><><><><><><><
 TOTAL-STRESS (KBAR):
 ><><><><><><><><><><><><><><><><><><><><><><
 -5.447e+01     -3.793e+01     5.391e+01      
 -3.793e+01     -1.508e+01     2.820e+01      
 5.391e+01      2.820e+01      2.253e+01      
 TOTAL-PRESSURE: -1.567e+01 KBAR
 ------------------------------------------------------------------------------------------------
 Energy              Potential           Kinetic             Temperature         Pressure (KBAR)     
 -3.087e+02          -3.087e+02          8.255e-02           2.758e+02           -1.218e+01          
 ------------------------------------------------------------------------------------------------
 -------------------------------------------
 STEP OF MOLECULAR DYNAMICS : 9
 -------------------------------------------
 DONE(8.814e+03  SEC) : INIT SCF
 ITER   ETOT(eV)       EDIFF(eV)      DRHO       TIME(s)    
 GE1    -8.401243e+03  0.000000e+00   3.921e-03  8.367e+01  
 GE2    -8.401226e+03  1.694051e-02   2.918e-03  7.809e+01  
 GE3    -8.401249e+03  -2.238667e-02  2.692e-03  7.820e+01  
 GE4    -8.401270e+03  -2.084319e-02  6.623e-04  7.818e+01  
 GE5    -8.401271e+03  -1.042922e-03  3.324e-04  7.822e+01  
 GE6    -8.401271e+03  -2.823998e-04  1.479e-04  7.842e+01  
 GE7    -8.401271e+03  -5.529797e-05  7.838e-05  7.827e+01  
 GE8    -8.401271e+03  -2.007516e-05  1.802e-05  7.838e+01  
 GE9    -8.401271e+03  -7.437208e-07  6.438e-06  7.840e+01  
 GE10   -8.401271e+03  -8.436650e-08  1.926e-06  7.823e+01  
 GE11   -8.401271e+03  -7.501926e-09  1.200e-06  7.810e+01  
 GE12   -8.401271e+03  -9.744769e-11  7.215e-07  7.819e+01  
 ><><><><><><><><><><><><><><><><><><><><><><
 TOTAL-STRESS (KBAR):
 ><><><><><><><><><><><><><><><><><><><><><><
 -5.414e+01     -3.798e+01     5.333e+01      
 -3.798e+01     -1.561e+01     2.916e+01      
 5.333e+01      2.916e+01      2.200e+01      
 TOTAL-PRESSURE: -1.592e+01 KBAR
 ------------------------------------------------------------------------------------------------
 Energy              Potential           Kinetic             Temperature         Pressure (KBAR)     
 -3.087e+02          -3.087e+02          7.636e-02           2.552e+02           -1.269e+01          
 ------------------------------------------------------------------------------------------------
 -------------------------------------------
 STEP OF MOLECULAR DYNAMICS : 10
 -------------------------------------------
 DONE(9.840e+03  SEC) : INIT SCF
 ITER   ETOT(eV)       EDIFF(eV)      DRHO       TIME(s)    
 GE1    -8.401241e+03  0.000000e+00   3.561e-03  8.344e+01  
 GE2    -8.401234e+03  7.087982e-03   2.177e-03  7.837e+01  
 GE3    -8.401245e+03  -1.092016e-02  2.134e-03  7.831e+01  
 GE4    -8.401258e+03  -1.260249e-02  5.187e-04  7.815e+01  
 GE5    -8.401258e+03  -7.242588e-04  3.297e-04  7.810e+01  
 GE6    -8.401259e+03  -3.167334e-04  1.183e-04  7.825e+01  
 GE7    -8.401259e+03  -2.835214e-05  5.729e-05  7.828e+01  
 GE8    -8.401259e+03  -1.116018e-05  1.581e-05  7.812e+01  
 GE9    -8.401259e+03  -7.364710e-07  5.375e-06  7.828e+01  
 GE10   -8.401259e+03  -5.577411e-08  1.825e-06  7.822e+01  
 GE11   -8.401259e+03  -7.350340e-09  1.275e-06  7.826e+01  
 GE12   -8.401259e+03  -3.812834e-09  4.308e-07  7.818e+01  
 ><><><><><><><><><><><><><><><><><><><><><><
 TOTAL-STRESS (KBAR):
 ><><><><><><><><><><><><><><><><><><><><><><
 -5.382e+01     -3.767e+01     5.417e+01      
 -3.767e+01     -1.560e+01     2.795e+01      
 5.417e+01      2.795e+01      2.204e+01      
 TOTAL-PRESSURE: -1.579e+01 KBAR
 ------------------------------------------------------------------------------------------------
 Energy              Potential           Kinetic             Temperature         Pressure (KBAR)     
 -3.087e+02          -3.087e+02          8.461e-02           2.827e+02           -1.221e+01          
 ------------------------------------------------------------------------------------------------

  |CLASS_NAME---------|NAME---------------|TIME(Sec)-----|CALLS----|AVG------|PER%-------
                       total               10864          27        4e+02     1e+02     %
   Driver              driver_line         10864          1         1.1e+04   1e+02     %
   PW_Basis            setup_struc_factor  0.90558        11        0.082     0.0083    %
   ORB_control         read_orb_first      0.15349        1         0.15      0.0014    %
   LCAO_Orbitals       Read_Orbitals       0.15348        1         0.15      0.0014    %
   ORB_control         set_orb_tables      6.9336         1         6.9       0.064     %
   ORB_gen_tables      gen_tables          6.9336         1         6.9       0.064     %
   ORB_table_phi       init_Table          5.5141         1         5.5       0.051     %
   ORB_table_phi       cal_ST_Phi12_R      5.4854         558       0.0098    0.05      %
   ORB_table_beta      init_Table_Beta     1.2266         1         1.2       0.011     %
   ORB_table_beta      VNL_PhiBeta_R       1.2204         168       0.0073    0.011     %
   ppcell_vl           init_vloc           0.23273        1         0.23      0.0021    %
   Run_MD              md_line             10856          1         1.1e+04   1e+02     %
   Langevin            setup               1405.7         1         1.4e+03   13        %
   MD_func             force_virial        10856          11        9.9e+02   1e+02     %
   ESolver_KS_LCAO     Run                 9983.9         11        9.1e+02   92        %
   ESolver_KS_LCAO     beforescf           23.766         11        2.2       0.22      %
   ESolver_KS_LCAO     beforesolver        6.2748         11        0.57      0.058     %
   ESolver_KS_LCAO     set_matrix_grid     4.5771         11        0.42      0.042     %
   Grid_Technique      init                2.1869         11        0.2       0.02      %
   Grid_BigCell        grid_expansion_index0.57619        22        0.026     0.0053    %
   Record_adj          for_2d              2.1222         11        0.19      0.02      %
   Grid_Driver         Find_atom           17.057         612032    2.8e-05   0.16      %
   Charge              atomic_rho          14.914         21        0.71      0.14      %
   PW_Basis            recip2real          4.6971         755       0.0062    0.043     %
   PW_Basis            gathers_scatterp    3.4787         755       0.0046    0.032     %
   Potential           init_pot            0.75627        11        0.069     0.007     %
   Potential           update_from_charge  8.9255         138       0.065     0.082     %
   Potential           cal_v_eff           8.8799         138       0.064     0.082     %
   H_Hartree_pw        v_hartree           0.93551        138       0.0068    0.0086    %
   PW_Basis            real2recip          2.9457         1148      0.0026    0.027     %
   PW_Basis            gatherp_scatters    1.2506         1148      0.0011    0.012     %
   PotXC               cal_v_eff           7.8775         138       0.057     0.073     %
   XC_Functional       v_xc                7.8302         138       0.057     0.072     %
   HSolverLCAO         solve               9946.6         127       78        92        %
   HamiltLCAO          updateHk            3730.3         4572      0.82      34        %
   OperatorLCAO        init                3105.4         9144      0.34      29        %
   Veff                contributeHk        3103.4         4572      0.68      29        %
   Gint_interface      cal_gint            4907.3         265       19        45        %
   Gint_interface      cal_gint_vlocal     2381.8         127       19        22        %
   Gint_k              folding_vl_k        721.57         4572      0.16      6.6       %
   Gint_k              Distri              425.72         4572      0.093     3.9       %
   Overlap             contributeHR        4.0817         11        0.37      0.038     %
   LCAO_gen_fixedH     calculate_S_no      4.0816         11        0.37      0.038     %
   Ekin<LCAO>          contributeHR        4.1415         11        0.38      0.038     %
   Nonlocal<LCAO>      contributeHR        44.374         11        4         0.41      %
   LCAO_gen_fixedH     build_Nonlocal_mu_new140.63         22        6.4       1.3       %
   ORB_gen_tables      snap_psibeta_half   3.0583         1091559   2.8e-06   0.028     %
   OperatorLCAO        folding_fixed       572.25         4572      0.13      5.3       %
   LCAO_nnr            folding_fixedH      565.93         4572      0.12      5.2       %
   HSolverLCAO         hamiltSolvePsiK     1445.9         4572      0.32      13        %
   DiagoElpa           elpa_solve          1433.3         4572      0.31      13        %
   ElecStateLCAO       psiToRho            4770.4         127       38        44        %
   elecstate           cal_dm              147.76         138       1.1       1.4       %
   psiMulPsiMpi        pdgemm              143.19         4968      0.029     1.3       %
    Local_Orbital_wfc  wfc_2d_to_grid      26.127         4572      0.0057    0.24      %
   LCAO_Charge         cal_dk_k            2535.3         127       20        23        %
   Record_adj          for_grid            0.65266        127       0.0051    0.006     %
   Gint_interface      cal_gint_rho        2080.3         127       16        19        %
   Charge              mix_rho             1.2299         116       0.011     0.011     %
   Force_Stress_LCAO   getForceStress      871.84         11        79        8         %
   Forces              cal_force_loc       0.77396        11        0.07      0.0071    %
   Forces              cal_force_ew        0.72649        11        0.066     0.0067    %
   Forces              cal_force_scc       6.9146         11        0.63      0.064     %
   Stress_Func         stress_loc          5.9283         11        0.54      0.055     %
   Stress_Func         stress_ewa          0.35497        11        0.032     0.0033    %
   Stress_Func         stress_gga          0.37267        11        0.034     0.0034    %
   Force_LCAO_k        ftable_k            856.71         11        78        7.9       %
   Force_LCAO_k        allocate_k          124.28         11        11        1.1       %
   Force_LCAO_k        cal_foverlap_k      25.596         11        2.3       0.24      %
   Force_LCAO_k        cal_edm_2d          24.783         11        2.3       0.23      %
   Local_Orbital_Chargecal_dm_R            10.906         22        0.5       0.1       %
   Force_LCAO_k        cal_ftvnl_dphi_k    0.23853        11        0.022     0.0022    %
   Force_LCAO_k        cal_fvl_dphi_k      445.27         11        40        4.1       %
   Gint_interface      cal_gint_force      445.27         11        40        4.1       %
   Force_LCAO_k        cal_fvnl_dbeta_k_new254.58         11        23        2.3       %
 ----------------------------------------------------------------------------------------

 START  Time  : Fri Feb  3 16:52:08 2023
 FINISH Time  : Fri Feb  3 19:53:12 2023
 TOTAL  Time  : 1.1e+04
 SEE INFORMATION IN : OUT.ABACUS/
