 Input  warning : gamma_only_local algorithm is not used.
 In SCAN_BEGIN, can't find: LATTICE_PARAMETERS block.
 AUTO_SET NBANDS to 0
 AUTO_SET NBANDS to 173
 cpu 2D distribution : 4*4
 but, the number of bands-row-block is 3
      Processor           Atom
              1             57
              2             58
              3             54
              4             53
              5             56
              6             58
              7             54
              8             53
              9             57
             10             58
             11             55
             12             53
             13             56
             14             58
             15             55
             16             54
                            startmag_type = 2
                       charge from rho_at = 3.95377
                         charge should be = 4
                       charge from rho_at = 3.99303
                         charge should be = 4

 SETUP ATOMIC RHO FOR SPIN 1
                 Electron number from rho = 288
           total electron number from rho = 288
                                should be = 288
                 charge before normalized = 288
                  charge after normalized = 288
                 charge before normalized = 288.00011198337
                  charge after normalized = 288
                 charge before normalized = 288.000160306581
                  charge after normalized = 288
                 charge before normalized = 288.000132711216
                  charge after normalized = 288
                 charge before normalized = 288.000135597203
                  charge after normalized = 288
                 charge before normalized = 288.000132500719
                  charge after normalized = 288
                 charge before normalized = 288.000132711214
                  charge after normalized = 288
                 charge before normalized = 288.000132723234
                  charge after normalized = 288
                 charge before normalized = 288.000132814248
                  charge after normalized = 288
                 charge before normalized = 288.000132825651
                  charge after normalized = 288
                 charge before normalized = 288.00013283179
                  charge after normalized = 288
                 charge before normalized = 288.000132830081
                  charge after normalized = 288
                 charge before normalized = 288.000132831832
                  charge after normalized = 288
                 charge before normalized = 288.000132831728
                  charge after normalized = 288
                 charge before normalized = 288.000132831626
                  charge after normalized = 288
                 charge before normalized = 288.000132831608
                  charge after normalized = 288
                 charge before normalized = 288.000132831663
                  charge after normalized = 288
                            startmag_type = 2
                       charge from rho_at = 3.95377434289291
                         charge should be = 4
                       charge from rho_at = 3.99303358802097
                         charge should be = 4

 SETUP ATOMIC RHO FOR SPIN 1
                 Electron number from rho = 288
           total electron number from rho = 288
                                should be = 288
                            startmag_type = 2
                       charge from rho_at = 3.95377434289291
                         charge should be = 4
                       charge from rho_at = 3.99303358802097
                         charge should be = 4

 SETUP ATOMIC RHO FOR SPIN 1
                 Electron number from rho = 288
           total electron number from rho = 288
                                should be = 288
      Processor           Atom
              1             57
              2             58
              3             54
              4             53
              5             56
              6             58
              7             54
              8             53
              9             57
             10             58
             11             55
             12             53
             13             56
             14             58
             15             55
             16             54
                 charge before normalized = 288
                  charge after normalized = 288
                 charge before normalized = 288.000132803215
                  charge after normalized = 288
                 charge before normalized = 288.000132805818
                  charge after normalized = 288
                 charge before normalized = 288.000132802098
                  charge after normalized = 288
                 charge before normalized = 288.000132805646
                  charge after normalized = 288
                 charge before normalized = 288.000132804188
                  charge after normalized = 288
                 charge before normalized = 288.000132804708
                  charge after normalized = 288
                 charge before normalized = 288.000132804805
                  charge after normalized = 288
                 charge before normalized = 288.000132804738
                  charge after normalized = 288
                 charge before normalized = 288.000132804734
                  charge after normalized = 288
                            startmag_type = 2
                       charge from rho_at = 3.95377434289291
                         charge should be = 4
                       charge from rho_at = 3.99303358802097
                         charge should be = 4

 SETUP ATOMIC RHO FOR SPIN 1
                 Electron number from rho = 288
           total electron number from rho = 288
                                should be = 288
                            startmag_type = 2
                       charge from rho_at = 3.95377434289291
                         charge should be = 4
                       charge from rho_at = 3.99303358802097
                         charge should be = 4

 SETUP ATOMIC RHO FOR SPIN 1
                 Electron number from rho = 288
           total electron number from rho = 288
                                should be = 288
      Processor           Atom
              1             57
              2             58
              3             54
              4             53
              5             56
              6             58
              7             54
              8             53
              9             57
             10             58
             11             55
             12             53
             13             56
             14             58
             15             55
             16             54
                 charge before normalized = 288
                  charge after normalized = 288
                 charge before normalized = 288.0001327631
                  charge after normalized = 288
                 charge before normalized = 288.000132769023
                  charge after normalized = 288
                 charge before normalized = 288.000132761125
                  charge after normalized = 288
                 charge before normalized = 288.00013276378
                  charge after normalized = 288
                 charge before normalized = 288.000132765722
                  charge after normalized = 288
                 charge before normalized = 288.000132763718
                  charge after normalized = 288
                 charge before normalized = 288.000132764799
                  charge after normalized = 288
                 charge before normalized = 288.000132764432
                  charge after normalized = 288
                 charge before normalized = 288.000132764457
                  charge after normalized = 288
                 charge before normalized = 288.000132764458
                  charge after normalized = 288
                            startmag_type = 2
                       charge from rho_at = 3.95377434289291
                         charge should be = 4
                       charge from rho_at = 3.99303358802097
                         charge should be = 4

 SETUP ATOMIC RHO FOR SPIN 1
                 Electron number from rho = 288
           total electron number from rho = 288
                                should be = 288
                            startmag_type = 2
                       charge from rho_at = 3.95377434289291
                         charge should be = 4
                       charge from rho_at = 3.99303358802097
                         charge should be = 4

 SETUP ATOMIC RHO FOR SPIN 1
                 Electron number from rho = 288
           total electron number from rho = 288
                                should be = 288
      Processor           Atom
              1             57
              2             58
              3             54
              4             53
              5             56
              6             58
              7             54
              8             53
              9             57
             10             58
             11             55
             12             53
             13             57
             14             58
             15             55
             16             53
                 charge before normalized = 288
                  charge after normalized = 288
                 charge before normalized = 288.000132730932
                  charge after normalized = 288
                 charge before normalized = 288.000132741609
                  charge after normalized = 288
                 charge before normalized = 288.000132722854
                  charge after normalized = 288
                 charge before normalized = 288.000132738745
                  charge after normalized = 288
                 charge before normalized = 288.000132732322
                  charge after normalized = 288
                 charge before normalized = 288.000132734111
                  charge after normalized = 288
                 charge before normalized = 288.00013273469
                  charge after normalized = 288
                 charge before normalized = 288.000132734223
                  charge after normalized = 288
                 charge before normalized = 288.000132734264
                  charge after normalized = 288
                 charge before normalized = 288.000132734269
                  charge after normalized = 288
                 charge before normalized = 288.000132734275
                  charge after normalized = 288
                            startmag_type = 2
                       charge from rho_at = 3.95377434289291
                         charge should be = 4
                       charge from rho_at = 3.99303358802097
                         charge should be = 4

 SETUP ATOMIC RHO FOR SPIN 1
                 Electron number from rho = 288
           total electron number from rho = 288
                                should be = 288
                            startmag_type = 2
                       charge from rho_at = 3.95377434289291
                         charge should be = 4
                       charge from rho_at = 3.99303358802097
                         charge should be = 4

 SETUP ATOMIC RHO FOR SPIN 1
                 Electron number from rho = 288
           total electron number from rho = 288
                                should be = 288
      Processor           Atom
              1             57
              2             58
              3             54
              4             53
              5             56
              6             58
              7             54
              8             53
              9             57
             10             58
             11             55
             12             53
             13             56
             14             58
             15             55
             16             54
                 charge before normalized = 288
                  charge after normalized = 288
                 charge before normalized = 288.000132715114
                  charge after normalized = 288
                 charge before normalized = 288.000132731714
                  charge after normalized = 288
                 charge before normalized = 288.000132707798
                  charge after normalized = 288
                 charge before normalized = 288.000132721627
                  charge after normalized = 288
                 charge before normalized = 288.00013271759
                  charge after normalized = 288
                 charge before normalized = 288.000132720003
                  charge after normalized = 288
                 charge before normalized = 288.000132719438
                  charge after normalized = 288
                 charge before normalized = 288.00013271928
                  charge after normalized = 288
                 charge before normalized = 288.000132719316
                  charge after normalized = 288
                 charge before normalized = 288.000132719292
                  charge after normalized = 288
                 charge before normalized = 288.000132719311
                  charge after normalized = 288
                            startmag_type = 2
                       charge from rho_at = 3.95377434289291
                         charge should be = 4
                       charge from rho_at = 3.99303358802097
                         charge should be = 4

 SETUP ATOMIC RHO FOR SPIN 1
                 Electron number from rho = 288
           total electron number from rho = 288
                                should be = 288
                            startmag_type = 2
                       charge from rho_at = 3.95377434289291
                         charge should be = 4
                       charge from rho_at = 3.99303358802097
                         charge should be = 4

 SETUP ATOMIC RHO FOR SPIN 1
                 Electron number from rho = 288
           total electron number from rho = 288
                                should be = 288
      Processor           Atom
              1             57
              2             58
              3             54
              4             53
              5             57
              6             58
              7             54
              8             52
              9             57
             10             58
             11             56
             12             53
             13             57
             14             58
             15             54
             16             53
                 charge before normalized = 288
                  charge after normalized = 288
                 charge before normalized = 288.000132544448
                  charge after normalized = 288
                 charge before normalized = 288.000132552109
                  charge after normalized = 288
                 charge before normalized = 288.00013253417
                  charge after normalized = 288
                 charge before normalized = 288.000132544946
                  charge after normalized = 288
                 charge before normalized = 288.000132543182
                  charge after normalized = 288
                 charge before normalized = 288.000132544238
                  charge after normalized = 288
                 charge before normalized = 288.000132543388
                  charge after normalized = 288
                 charge before normalized = 288.000132543661
                  charge after normalized = 288
                 charge before normalized = 288.000132543628
                  charge after normalized = 288
                 charge before normalized = 288.000132543648
                  charge after normalized = 288
                 charge before normalized = 288.00013254364
                  charge after normalized = 288
                            startmag_type = 2
                       charge from rho_at = 3.95377434289291
                         charge should be = 4
                       charge from rho_at = 3.99303358802097
                         charge should be = 4

 SETUP ATOMIC RHO FOR SPIN 1
                 Electron number from rho = 288
           total electron number from rho = 288
                                should be = 288
                            startmag_type = 2
                       charge from rho_at = 3.95377434289291
                         charge should be = 4
                       charge from rho_at = 3.99303358802097
                         charge should be = 4

 SETUP ATOMIC RHO FOR SPIN 1
                 Electron number from rho = 288
           total electron number from rho = 288
                                should be = 288
      Processor           Atom
              1             57
              2             58
              3             54
              4             53
              5             57
              6             58
              7             55
              8             52
              9             57
             10             58
             11             55
             12             52
             13             57
             14             58
             15             54
             16             53
                 charge before normalized = 288
                  charge after normalized = 288
                 charge before normalized = 288.000132586446
                  charge after normalized = 288
                 charge before normalized = 288.0001326103
                  charge after normalized = 288
                 charge before normalized = 288.000132584857
                  charge after normalized = 288
                 charge before normalized = 288.000132595266
                  charge after normalized = 288
                 charge before normalized = 288.000132595069
                  charge after normalized = 288
                 charge before normalized = 288.00013259474
                  charge after normalized = 288
                 charge before normalized = 288.000132595018
                  charge after normalized = 288
                 charge before normalized = 288.00013259459
                  charge after normalized = 288
                 charge before normalized = 288.000132594691
                  charge after normalized = 288
                 charge before normalized = 288.000132594703
                  charge after normalized = 288
                 charge before normalized = 288.000132594697
                  charge after normalized = 288
                            startmag_type = 2
                       charge from rho_at = 3.95377434289291
                         charge should be = 4
                       charge from rho_at = 3.99303358802097
                         charge should be = 4

 SETUP ATOMIC RHO FOR SPIN 1
                 Electron number from rho = 288
           total electron number from rho = 288
                                should be = 288
                            startmag_type = 2
                       charge from rho_at = 3.95377434289291
                         charge should be = 4
                       charge from rho_at = 3.99303358802097
                         charge should be = 4

 SETUP ATOMIC RHO FOR SPIN 1
                 Electron number from rho = 288
           total electron number from rho = 288
                                should be = 288
      Processor           Atom
              1             57
              2             58
              3             54
              4             53
              5             57
              6             58
              7             54
              8             52
              9             57
             10             58
             11             55
             12             53
             13             57
             14             58
             15             54
             16             53
                 charge before normalized = 288
                  charge after normalized = 288
                 charge before normalized = 288.000132585898
                  charge after normalized = 288
                 charge before normalized = 288.000132597964
                  charge after normalized = 288
                 charge before normalized = 288.000132585371
                  charge after normalized = 288
                 charge before normalized = 288.000132587673
                  charge after normalized = 288
                 charge before normalized = 288.000132587237
                  charge after normalized = 288
                 charge before normalized = 288.000132586726
                  charge after normalized = 288
                 charge before normalized = 288.000132588158
                  charge after normalized = 288
                 charge before normalized = 288.000132587307
                  charge after normalized = 288
                 charge before normalized = 288.000132587349
                  charge after normalized = 288
                 charge before normalized = 288.000132587385
                  charge after normalized = 288
                 charge before normalized = 288.000132587391
                  charge after normalized = 288
                            startmag_type = 2
                       charge from rho_at = 3.95377434289291
                         charge should be = 4
                       charge from rho_at = 3.99303358802097
                         charge should be = 4

 SETUP ATOMIC RHO FOR SPIN 1
                 Electron number from rho = 288
           total electron number from rho = 288
                                should be = 288
                            startmag_type = 2
                       charge from rho_at = 3.95377434289291
                         charge should be = 4
                       charge from rho_at = 3.99303358802097
                         charge should be = 4

 SETUP ATOMIC RHO FOR SPIN 1
                 Electron number from rho = 288
           total electron number from rho = 288
                                should be = 288
      Processor           Atom
              1             57
              2             58
              3             54
              4             53
              5             57
              6             58
              7             54
              8             53
              9             57
             10             58
             11             56
             12             53
             13             57
             14             58
             15             54
             16             53
                 charge before normalized = 288
                  charge after normalized = 288
                 charge before normalized = 288.000132439095
                  charge after normalized = 288
                 charge before normalized = 288.000132453648
                  charge after normalized = 288
                 charge before normalized = 288.000132419298
                  charge after normalized = 288
                 charge before normalized = 288.000132432946
                  charge after normalized = 288
                 charge before normalized = 288.000132433643
                  charge after normalized = 288
                 charge before normalized = 288.000132433111
                  charge after normalized = 288
                 charge before normalized = 288.000132432562
                  charge after normalized = 288
                 charge before normalized = 288.0001324326
                  charge after normalized = 288
                 charge before normalized = 288.000132432636
                  charge after normalized = 288
                 charge before normalized = 288.000132432655
                  charge after normalized = 288
                 charge before normalized = 288.00013243263
                  charge after normalized = 288
                            startmag_type = 2
                       charge from rho_at = 3.95377434289291
                         charge should be = 4
                       charge from rho_at = 3.99303358802097
                         charge should be = 4

 SETUP ATOMIC RHO FOR SPIN 1
                 Electron number from rho = 288
           total electron number from rho = 288
                                should be = 288
                            startmag_type = 2
                       charge from rho_at = 3.95377434289291
                         charge should be = 4
                       charge from rho_at = 3.99303358802097
                         charge should be = 4

 SETUP ATOMIC RHO FOR SPIN 1
                 Electron number from rho = 288
           total electron number from rho = 288
                                should be = 288
      Processor           Atom
              1             57
              2             58
              3             54
              4             53
              5             57
              6             58
              7             55
              8             53
              9             57
             10             58
             11             56
             12             53
             13             57
             14             58
             15             54
             16             53
                 charge before normalized = 288
                  charge after normalized = 288
                 charge before normalized = 288.000132396686
                  charge after normalized = 288
                 charge before normalized = 288.000132399614
                  charge after normalized = 288
                 charge before normalized = 288.000132389036
                  charge after normalized = 288
                 charge before normalized = 288.000132393412
                  charge after normalized = 288
                 charge before normalized = 288.000132391119
                  charge after normalized = 288
                 charge before normalized = 288.000132392803
                  charge after normalized = 288
                 charge before normalized = 288.000132392378
                  charge after normalized = 288
                 charge before normalized = 288.000132392367
                  charge after normalized = 288
                 charge before normalized = 288.000132392274
                  charge after normalized = 288
                 charge before normalized = 288.000132392359
                  charge after normalized = 288
                 charge before normalized = 288.000132392338
                  charge after normalized = 288
                            startmag_type = 2
                       charge from rho_at = 3.95377434289291
                         charge should be = 4
                       charge from rho_at = 3.99303358802097
                         charge should be = 4

 SETUP ATOMIC RHO FOR SPIN 1
                 Electron number from rho = 288
           total electron number from rho = 288
                                should be = 288
                            startmag_type = 2
                       charge from rho_at = 3.95377434289291
                         charge should be = 4
                       charge from rho_at = 3.99303358802097
                         charge should be = 4

 SETUP ATOMIC RHO FOR SPIN 1
                 Electron number from rho = 288
           total electron number from rho = 288
                                should be = 288
      Processor           Atom
              1             57
              2             58
              3             54
              4             52
              5             57
              6             58
              7             55
              8             53
              9             57
             10             58
             11             56
             12             53
             13             57
             14             58
             15             54
             16             53
                 charge before normalized = 288
                  charge after normalized = 288
                 charge before normalized = 288.000132249495
                  charge after normalized = 288
                 charge before normalized = 288.00013226521
                  charge after normalized = 288
                 charge before normalized = 288.000132233872
                  charge after normalized = 288
                 charge before normalized = 288.00013225122
                  charge after normalized = 288
                 charge before normalized = 288.000132244246
                  charge after normalized = 288
                 charge before normalized = 288.000132249619
                  charge after normalized = 288
                 charge before normalized = 288.000132247822
                  charge after normalized = 288
                 charge before normalized = 288.000132247916
                  charge after normalized = 288
                 charge before normalized = 288.000132247888
                  charge after normalized = 288
                 charge before normalized = 288.000132247917
                  charge after normalized = 288
                 charge before normalized = 288.000132247913
                  charge after normalized = 288
                 charge before normalized = 288.000132247915
                  charge after normalized = 288
