WARNING: Total thread number on this node mismatches with hardware availability. This may cause poor performance.
Info: Local MPI proc number: 16,OpenMP thread number: 1,Total thread number: 16,Local thread limit: 32
 *********************************************************
 *                                                       *
 *                  WELCOME TO ABACUS v3.0               *
 *                                                       *
 *            'Atomic-orbital Based Ab-initio            *
 *                  Computation at UStc'                 *
 *                                                       *
 *          Website: http://abacus.ustc.edu.cn/          *
 *                                                       *
 *********************************************************
 Mon May 22 14:16:29 2023
 MAKE THE DIR         : OUT.ABACUS/
 MAKE THE STRU DIR    : OUT.ABACUS/STRU/
 UNIFORM GRID DIM     : 120 * 120 * 128
 UNIFORM GRID DIM(BIG): 60 * 60 * 64
 DONE(0.114781   SEC) : SETUP UNITCELL
 DONE(0.125615   SEC) : INIT K-POINTS
 ---------------------------------------------------------
 Molecular Dynamics simulations
 ---------------------------------------------------------
 ENSEMBLE                 : Langevin
 Time interval(fs)        : 1
 ---------------------------------------------------------
 SPIN    KPOINTS         PROCESSORS  NBASE       
 1       36              16          1584        
 ---------------------------------------------------------
 Use Systematically Improvable Atomic bases
 ---------------------------------------------------------
 ELEMENT ORBITALS        NBASE       NATOM       XC          
 Si      3s3p2d-9au      22          36          
 C       3s3p2d-9au      22          36          
 ---------------------------------------------------------
 Initial plane wave basis and FFT box
 ---------------------------------------------------------
--------------------------------- INITVEL DONE ------------------------------------
 -------------------------------------------
 STEP OF MOLECULAR DYNAMICS : 0
 -------------------------------------------
 START CHARGE      : atomic
 DONE(10.0639    SEC) : INIT SCF
 ITER   ETOT(eV)       EDIFF(eV)      DRHO       TIME(s)    
 GE1    -9.377701e+03  0.000000e+00   2.716e-01  9.757e+01  
 GE2    -9.430439e+03  -5.273822e+01  1.566e-01  9.167e+01  
 GE3    -9.443023e+03  -1.258381e+01  3.221e-02  9.175e+01  
 GE4    -9.428257e+03  1.476567e+01   7.104e-02  9.226e+01  
 GE5    -9.450191e+03  -2.193340e+01  1.351e-02  9.229e+01  
 GE6    -9.450699e+03  -5.080230e-01  6.593e-03  9.210e+01  
 GE7    -9.450763e+03  -6.394017e-02  2.546e-03  9.164e+01  
 GE8    -9.450782e+03  -1.964562e-02  1.740e-03  9.187e+01  
 GE9    -9.450779e+03  3.557479e-03   1.405e-03  9.218e+01  
 GE10   -9.450780e+03  -1.082500e-03  7.487e-04  9.218e+01  
 GE11   -9.450781e+03  -1.464377e-03  3.454e-04  9.228e+01  
 GE12   -9.450782e+03  -4.449605e-04  1.141e-04  9.221e+01  
 GE13   -9.450782e+03  -1.685386e-05  4.418e-05  9.228e+01  
 GE14   -9.450782e+03  -5.876792e-06  1.430e-05  9.225e+01  
 GE15   -9.450782e+03  -5.293776e-07  9.986e-06  9.234e+01  
 GE16   -9.450782e+03  -2.079704e-07  5.074e-06  9.224e+01  
 GE17   -9.450782e+03  -7.748948e-08  2.905e-06  9.220e+01  
 GE18   -9.450782e+03  -2.499456e-08  1.057e-06  9.248e+01  
 GE19   -9.450782e+03  -1.455528e-09  4.139e-07  9.237e+01  
 ><><><><><><><><><><><><><><><><><><><><><><
 TOTAL-STRESS (KBAR):
 ><><><><><><><><><><><><><><><><><><><><><><
 -1.004e+02     -2.899e+01     -3.246e+01     
 -2.899e+01     4.524e+01      3.184e+01      
 -3.246e+01     3.184e+01      -5.498e+01     
 TOTAL-PRESSURE: -3.672e+01 KBAR
 ------------------------------------------------------------------------------------------------
 Energy              Potential           Kinetic             Temperature         Pressure (KBAR)     
 -3.473e+02          -3.473e+02          3.373e-03           1.000e+01           -3.660e+01          
 ------------------------------------------------------------------------------------------------
 -------------------------------------------
 STEP OF MOLECULAR DYNAMICS : 1
 -------------------------------------------
 DONE(1.860e+03  SEC) : INIT SCF
 ITER   ETOT(eV)       EDIFF(eV)      DRHO       TIME(s)    
 GE1    -9.450829e+03  0.000000e+00   4.570e-04  9.656e+01  
 GE2    -9.450829e+03  6.329096e-05   2.675e-04  9.114e+01  
 GE3    -9.450829e+03  -1.500697e-04  2.586e-04  9.086e+01  
 GE4    -9.450830e+03  -2.069199e-04  6.492e-05  9.101e+01  
 GE5    -9.450830e+03  -1.037715e-05  4.199e-05  9.126e+01  
 GE6    -9.450830e+03  -6.985264e-06  1.977e-05  9.109e+01  
 GE7    -9.450830e+03  -1.356741e-06  6.911e-06  9.106e+01  
 GE8    -9.450830e+03  -1.418282e-07  1.807e-06  9.111e+01  
 GE9    -9.450830e+03  -1.086155e-08  1.033e-06  9.130e+01  
 GE10   -9.450830e+03  -2.419178e-09  4.244e-07  9.098e+01  
 ><><><><><><><><><><><><><><><><><><><><><><
 TOTAL-STRESS (KBAR):
 ><><><><><><><><><><><><><><><><><><><><><><
 -1.005e+02     -2.893e+01     -3.254e+01     
 -2.893e+01     4.453e+01      3.169e+01      
 -3.254e+01     3.169e+01      -5.493e+01     
 TOTAL-PRESSURE: -3.695e+01 KBAR
 ------------------------------------------------------------------------------------------------
 Energy              Potential           Kinetic             Temperature         Pressure (KBAR)     
 -3.473e+02          -3.473e+02          8.792e-03           2.607e+01           -3.663e+01          
 ------------------------------------------------------------------------------------------------
 -------------------------------------------
 STEP OF MOLECULAR DYNAMICS : 2
 -------------------------------------------
 DONE(2.868e+03  SEC) : INIT SCF
 ITER   ETOT(eV)       EDIFF(eV)      DRHO       TIME(s)    
 GE1    -9.450956e+03  0.000000e+00   1.570e-03  9.672e+01  
 GE2    -9.450954e+03  1.540174e-03   1.070e-03  9.082e+01  
 GE3    -9.450957e+03  -3.080289e-03  9.565e-04  9.049e+01  
 GE4    -9.450960e+03  -2.570661e-03  2.375e-04  9.075e+01  
 GE5    -9.450960e+03  -1.404328e-04  1.644e-04  9.034e+01  
 GE6    -9.450960e+03  -1.043524e-04  6.615e-05  9.085e+01  
 GE7    -9.450960e+03  -1.486189e-05  2.805e-05  9.073e+01  
 GE8    -9.450960e+03  -2.563323e-06  5.870e-06  9.111e+01  
 GE9    -9.450960e+03  -9.788389e-08  3.320e-06  9.103e+01  
 GE10   -9.450960e+03  -4.186074e-08  1.377e-06  9.116e+01  
 GE11   -9.450960e+03  -5.286924e-09  5.073e-07  9.089e+01  
 ><><><><><><><><><><><><><><><><><><><><><><
 TOTAL-STRESS (KBAR):
 ><><><><><><><><><><><><><><><><><><><><><><
 -1.011e+02     -2.874e+01     -3.291e+01     
 -2.874e+01     4.292e+01      3.118e+01      
 -3.291e+01     3.118e+01      -5.509e+01     
 TOTAL-PRESSURE: -3.775e+01 KBAR
 ------------------------------------------------------------------------------------------------
 Energy              Potential           Kinetic             Temperature         Pressure (KBAR)     
 -3.473e+02          -3.473e+02          2.249e-02           6.669e+01           -3.692e+01          
 ------------------------------------------------------------------------------------------------
 -------------------------------------------
 STEP OF MOLECULAR DYNAMICS : 3
 -------------------------------------------
 DONE(3.965e+03  SEC) : INIT SCF
 ITER   ETOT(eV)       EDIFF(eV)      DRHO       TIME(s)    
 GE1    -9.451066e+03  0.000000e+00   1.913e-03  9.633e+01  
 GE2    -9.451065e+03  1.848776e-03   1.258e-03  9.090e+01  
 GE3    -9.451068e+03  -3.302204e-03  1.151e-03  9.090e+01  
 GE4    -9.451072e+03  -4.209144e-03  3.195e-04  9.071e+01  
 GE5    -9.451072e+03  -3.117747e-04  1.903e-04  9.046e+01  
 GE6    -9.451072e+03  -1.321914e-04  6.999e-05  9.071e+01  
 GE7    -9.451072e+03  -1.500283e-05  2.841e-05  9.083e+01  
 GE8    -9.451072e+03  -2.763974e-06  8.442e-06  9.097e+01  
 GE9    -9.451072e+03  -2.300694e-07  4.244e-06  9.131e+01  
 GE10   -9.451072e+03  -6.475631e-08  1.762e-06  9.120e+01  
 GE11   -9.451072e+03  -8.493417e-09  6.254e-07  9.073e+01  
 ><><><><><><><><><><><><><><><><><><><><><><
 TOTAL-STRESS (KBAR):
 ><><><><><><><><><><><><><><><><><><><><><><
 -1.010e+02     -2.853e+01     -3.345e+01     
 -2.853e+01     4.092e+01      3.115e+01      
 -3.345e+01     3.115e+01      -5.510e+01     
 TOTAL-PRESSURE: -3.841e+01 KBAR
 ------------------------------------------------------------------------------------------------
 Energy              Potential           Kinetic             Temperature         Pressure (KBAR)     
 -3.473e+02          -3.473e+02          2.747e-02           8.146e+01           -3.739e+01          
 ------------------------------------------------------------------------------------------------
 -------------------------------------------
 STEP OF MOLECULAR DYNAMICS : 4
 -------------------------------------------
 DONE(5.061e+03  SEC) : INIT SCF
 ITER   ETOT(eV)       EDIFF(eV)      DRHO       TIME(s)    
 GE1    -9.451167e+03  0.000000e+00   2.437e-03  9.670e+01  
 GE2    -9.451165e+03  1.967291e-03   1.476e-03  9.114e+01  
 GE3    -9.451171e+03  -5.429135e-03  1.400e-03  9.116e+01  
 GE4    -9.451176e+03  -5.257940e-03  3.160e-04  9.120e+01  
 GE5    -9.451176e+03  -1.978986e-04  2.411e-04  9.125e+01  
 GE6    -9.451177e+03  -2.212935e-04  1.012e-04  9.120e+01  
 GE7    -9.451177e+03  -3.278707e-05  3.662e-05  9.102e+01  
 GE8    -9.451177e+03  -4.513933e-06  8.788e-06  9.143e+01  
 GE9    -9.451177e+03  -2.023463e-07  4.676e-06  9.123e+01  
 GE10   -9.451177e+03  -8.217470e-08  1.905e-06  9.127e+01  
 GE11   -9.451177e+03  -8.566116e-09  7.576e-07  9.130e+01  
 ><><><><><><><><><><><><><><><><><><><><><><
 TOTAL-STRESS (KBAR):
 ><><><><><><><><><><><><><><><><><><><><><><
 -1.023e+02     -2.841e+01     -3.333e+01     
 -2.841e+01     4.054e+01      3.095e+01      
 -3.333e+01     3.095e+01      -5.576e+01     
 TOTAL-PRESSURE: -3.916e+01 KBAR
 ------------------------------------------------------------------------------------------------
 Energy              Potential           Kinetic             Temperature         Pressure (KBAR)     
 -3.473e+02          -3.473e+02          4.228e-02           1.254e+02           -3.760e+01          
 ------------------------------------------------------------------------------------------------
 -------------------------------------------
 STEP OF MOLECULAR DYNAMICS : 5
 -------------------------------------------
 DONE(6.163e+03  SEC) : INIT SCF
 ITER   ETOT(eV)       EDIFF(eV)      DRHO       TIME(s)    
 GE1    -9.451270e+03  0.000000e+00   2.663e-03  9.692e+01  
 GE2    -9.451268e+03  2.197291e-03   1.559e-03  9.134e+01  
 GE3    -9.451273e+03  -4.767942e-03  1.516e-03  9.134e+01  
 GE4    -9.451280e+03  -7.149250e-03  4.000e-04  9.121e+01  
 GE5    -9.451280e+03  -3.674349e-04  2.529e-04  9.112e+01  
 GE6    -9.451280e+03  -2.543533e-04  1.203e-04  9.140e+01  
 GE7    -9.451281e+03  -4.572927e-05  3.518e-05  9.130e+01  
 GE8    -9.451281e+03  -3.980628e-06  9.013e-06  9.101e+01  
 GE9    -9.451281e+03  -2.318018e-07  5.797e-06  9.100e+01  
 GE10   -9.451281e+03  -1.312033e-07  2.141e-06  9.095e+01  
 GE11   -9.451281e+03  -1.249341e-08  6.685e-07  9.118e+01  
 ><><><><><><><><><><><><><><><><><><><><><><
 TOTAL-STRESS (KBAR):
 ><><><><><><><><><><><><><><><><><><><><><><
 -1.024e+02     -2.815e+01     -3.353e+01     
 -2.815e+01     3.789e+01      3.038e+01      
 -3.353e+01     3.038e+01      -5.553e+01     
 TOTAL-PRESSURE: -4.000e+01 KBAR
 ------------------------------------------------------------------------------------------------
 Energy              Potential           Kinetic             Temperature         Pressure (KBAR)     
 -3.473e+02          -3.473e+02          4.644e-02           1.377e+02           -3.828e+01          
 ------------------------------------------------------------------------------------------------
 -------------------------------------------
 STEP OF MOLECULAR DYNAMICS : 6
 -------------------------------------------
 DONE(7.264e+03  SEC) : INIT SCF
 ITER   ETOT(eV)       EDIFF(eV)      DRHO       TIME(s)    
 GE1    -9.451293e+03  0.000000e+00   2.671e-03  9.670e+01  
 GE2    -9.451293e+03  -6.299073e-04  1.556e-03  9.098e+01  
 GE3    -9.451298e+03  -5.027268e-03  1.273e-03  9.120e+01  
 GE4    -9.451302e+03  -4.191999e-03  3.507e-04  9.147e+01  
 GE5    -9.451303e+03  -2.430540e-04  2.239e-04  9.119e+01  
 GE6    -9.451303e+03  -1.851105e-04  1.117e-04  9.108e+01  
 GE7    -9.451303e+03  -4.327784e-05  4.155e-05  9.113e+01  
 GE8    -9.451303e+03  -6.524293e-06  9.951e-06  9.083e+01  
 GE9    -9.451303e+03  -2.942131e-07  3.818e-06  9.064e+01  
 GE10   -9.451303e+03  -3.860785e-08  1.372e-06  9.053e+01  
 GE11   -9.451303e+03  -2.351119e-09  7.280e-07  9.095e+01  
 ><><><><><><><><><><><><><><><><><><><><><><
 TOTAL-STRESS (KBAR):
 ><><><><><><><><><><><><><><><><><><><><><><
 -1.028e+02     -2.769e+01     -3.330e+01     
 -2.769e+01     3.746e+01      3.019e+01      
 -3.330e+01     3.019e+01      -5.523e+01     
 TOTAL-PRESSURE: -4.020e+01 KBAR
 ------------------------------------------------------------------------------------------------
 Energy              Potential           Kinetic             Temperature         Pressure (KBAR)     
 -3.473e+02          -3.473e+02          6.483e-02           1.922e+02           -3.780e+01          
 ------------------------------------------------------------------------------------------------
 -------------------------------------------
 STEP OF MOLECULAR DYNAMICS : 7
 -------------------------------------------
 DONE(8.363e+03  SEC) : INIT SCF
 ITER   ETOT(eV)       EDIFF(eV)      DRHO       TIME(s)    
 GE1    -9.451321e+03  0.000000e+00   3.413e-03  9.677e+01  
 GE2    -9.451313e+03  7.978692e-03   2.098e-03  9.115e+01  
 GE3    -9.451325e+03  -1.166250e-02  2.033e-03  9.110e+01  
 GE4    -9.451338e+03  -1.315335e-02  4.802e-04  9.092e+01  
 GE5    -9.451339e+03  -5.710152e-04  3.453e-04  9.087e+01  
 GE6    -9.451339e+03  -4.353129e-04  1.454e-04  9.103e+01  
 GE7    -9.451339e+03  -6.698794e-05  5.299e-05  9.103e+01  
 GE8    -9.451339e+03  -9.538927e-06  1.261e-05  9.097e+01  
 GE9    -9.451339e+03  -4.743197e-07  7.189e-06  9.094e+01  
 GE10   -9.451339e+03  -1.832450e-07  2.672e-06  9.108e+01  
 GE11   -9.451339e+03  -2.573083e-08  1.065e-06  9.106e+01  
 GE12   -9.451339e+03  -1.998451e-09  4.949e-07  9.093e+01  
 ><><><><><><><><><><><><><><><><><><><><><><
 TOTAL-STRESS (KBAR):
 ><><><><><><><><><><><><><><><><><><><><><><
 -1.042e+02     -2.665e+01     -3.287e+01     
 -2.665e+01     3.697e+01      2.913e+01      
 -3.287e+01     2.913e+01      -5.470e+01     
 TOTAL-PRESSURE: -4.064e+01 KBAR
 ------------------------------------------------------------------------------------------------
 Energy              Potential           Kinetic             Temperature         Pressure (KBAR)     
 -3.473e+02          -3.473e+02          8.005e-02           2.374e+02           -3.768e+01          
 ------------------------------------------------------------------------------------------------
 -------------------------------------------
 STEP OF MOLECULAR DYNAMICS : 8
 -------------------------------------------
 DONE(9.553e+03  SEC) : INIT SCF
 ITER   ETOT(eV)       EDIFF(eV)      DRHO       TIME(s)    
 GE1    -9.451396e+03  0.000000e+00   3.573e-03  9.678e+01  
 GE2    -9.451399e+03  -2.348285e-03  1.991e-03  9.109e+01  
 GE3    -9.451408e+03  -8.957218e-03  1.572e-03  9.120e+01  
 GE4    -9.451415e+03  -6.902237e-03  4.202e-04  9.115e+01  
 GE5    -9.451415e+03  -3.356318e-04  2.449e-04  9.106e+01  
 GE6    -9.451415e+03  -1.910854e-04  1.314e-04  9.111e+01  
 GE7    -9.451415e+03  -5.296111e-05  4.586e-05  9.080e+01  
 GE8    -9.451415e+03  -8.690257e-06  1.607e-05  9.094e+01  
 GE9    -9.451415e+03  -9.254128e-07  5.327e-06  9.084e+01  
 GE10   -9.451415e+03  -8.345544e-08  2.001e-06  9.082e+01  
 GE11   -9.451415e+03  -6.842994e-09  9.408e-07  9.097e+01  
 ><><><><><><><><><><><><><><><><><><><><><><
 TOTAL-STRESS (KBAR):
 ><><><><><><><><><><><><><><><><><><><><><><
 -1.054e+02     -2.606e+01     -3.219e+01     
 -2.606e+01     3.671e+01      2.841e+01      
 -3.219e+01     2.841e+01      -5.430e+01     
 TOTAL-PRESSURE: -4.098e+01 KBAR
 ------------------------------------------------------------------------------------------------
 Energy              Potential           Kinetic             Temperature         Pressure (KBAR)     
 -3.473e+02          -3.473e+02          7.635e-02           2.264e+02           -3.816e+01          
 ------------------------------------------------------------------------------------------------
 -------------------------------------------
 STEP OF MOLECULAR DYNAMICS : 9
 -------------------------------------------
 DONE(1.065e+04  SEC) : INIT SCF
 ITER   ETOT(eV)       EDIFF(eV)      DRHO       TIME(s)    
 GE1    -9.451448e+03  0.000000e+00   3.480e-03  9.695e+01  
 GE2    -9.451442e+03  5.648411e-03   2.312e-03  9.117e+01  
 GE3    -9.451458e+03  -1.522282e-02  2.044e-03  9.120e+01  
 GE4    -9.451468e+03  -1.053382e-02  4.072e-04  9.116e+01  
 GE5    -9.451469e+03  -3.068210e-04  2.171e-04  9.114e+01  
 GE6    -9.451469e+03  -1.279653e-04  1.029e-04  9.092e+01  
 GE7    -9.451469e+03  -2.713797e-05  3.026e-05  9.112e+01  
 GE8    -9.451469e+03  -3.033639e-06  1.587e-05  9.102e+01  
 GE9    -9.451469e+03  -1.023419e-06  6.655e-06  9.109e+01  
 GE10   -9.451469e+03  -1.498204e-07  1.865e-06  9.098e+01  
 GE11   -9.451469e+03  -1.253518e-08  1.016e-06  9.099e+01  
 GE12   -9.451469e+03  -2.804328e-09  2.830e-07  9.088e+01  
 ><><><><><><><><><><><><><><><><><><><><><><
 TOTAL-STRESS (KBAR):
 ><><><><><><><><><><><><><><><><><><><><><><
 -1.060e+02     -2.654e+01     -3.246e+01     
 -2.654e+01     3.598e+01      2.910e+01      
 -3.246e+01     2.910e+01      -5.359e+01     
 TOTAL-PRESSURE: -4.121e+01 KBAR
 ------------------------------------------------------------------------------------------------
 Energy              Potential           Kinetic             Temperature         Pressure (KBAR)     
 -3.473e+02          -3.473e+02          7.846e-02           2.326e+02           -3.830e+01          
 ------------------------------------------------------------------------------------------------
 -------------------------------------------
 STEP OF MOLECULAR DYNAMICS : 10
 -------------------------------------------
 DONE(1.184e+04  SEC) : INIT SCF
 ITER   ETOT(eV)       EDIFF(eV)      DRHO       TIME(s)    
 GE1    -9.451430e+03  0.000000e+00   3.475e-03  9.647e+01  
 GE2    -9.451426e+03  4.292731e-03   2.126e-03  9.071e+01  
 GE3    -9.451438e+03  -1.185171e-02  1.918e-03  9.069e+01  
 GE4    -9.451448e+03  -1.032033e-02  4.720e-04  9.074e+01  
 GE5    -9.451449e+03  -4.999414e-04  3.496e-04  9.075e+01  
 GE6    -9.451449e+03  -4.494955e-04  1.392e-04  9.074e+01  
 GE7    -9.451449e+03  -6.343871e-05  5.835e-05  9.083e+01  
 GE8    -9.451449e+03  -1.159862e-05  1.253e-05  9.100e+01  
 GE9    -9.451449e+03  -4.287234e-07  5.321e-06  9.068e+01  
 GE10   -9.451449e+03  -8.231546e-08  2.871e-06  9.084e+01  
 GE11   -9.451449e+03  -3.535959e-08  1.500e-06  9.090e+01  
 GE12   -9.451449e+03  -6.173234e-09  3.470e-07  9.096e+01  
 ><><><><><><><><><><><><><><><><><><><><><><
 TOTAL-STRESS (KBAR):
 ><><><><><><><><><><><><><><><><><><><><><><
 -1.075e+02     -2.669e+01     -3.204e+01     
 -2.669e+01     3.655e+01      2.865e+01      
 -3.204e+01     2.865e+01      -5.254e+01     
 TOTAL-PRESSURE: -4.116e+01 KBAR
 ------------------------------------------------------------------------------------------------
 Energy              Potential           Kinetic             Temperature         Pressure (KBAR)     
 -3.472e+02          -3.473e+02          1.023e-01           3.033e+02           -3.738e+01          
 ------------------------------------------------------------------------------------------------

  |CLASS_NAME---------|NAME---------------|TIME(Sec)-----|CALLS----|AVG------|PER%-------
                       total               13029          27        4.8e+02   1e+02     %
   Driver              driver_line         13029          1         1.3e+04   1e+02     %
   PW_Basis            setup_struc_factor  1.2623         11        0.11      0.0097    %
   ORB_control         read_orb_first      0.22756        1         0.23      0.0017    %
   LCAO_Orbitals       Read_Orbitals       0.22755        1         0.23      0.0017    %
   NOrbital_Lm         extra_uniform       0.12265        16        0.0077    0.00094   %
   Mathzone_Add1       Uni_Deriv_Phi       0.10696        16        0.0067    0.00082   %
   ORB_control         set_orb_tables      6.8515         1         6.9       0.053     %
   ORB_gen_tables      gen_tables          6.8515         1         6.9       0.053     %
   ORB_table_phi       init_Table          5.0528         1         5.1       0.039     %
   ORB_table_phi       cal_ST_Phi12_R      5.0086         558       0.009     0.038     %
   ORB_table_beta      init_Table_Beta     1.3115         1         1.3       0.01      %
   ORB_table_beta      VNL_PhiBeta_R       1.3015         168       0.0077    0.01      %
   ppcell_vl           init_vloc           0.27555        1         0.28      0.0021    %
   Run_MD              md_line             13021          1         1.3e+04   1e+02     %
   Langevin            setup               1849.4         1         1.8e+03   14        %
   MD_func             force_stress        13021          11        1.2e+03   1e+02     %
   ESolver_KS_LCAO     Run                 12032          11        1.1e+03   92        %
   ESolver_KS_LCAO     beforescf           26.551         11        2.4       0.2       %
   ESolver_KS_LCAO     beforesolver        9.8586         11        0.9       0.076     %
   ESolver_KS_LCAO     set_matrix_grid     5.6548         11        0.51      0.043     %
   atom_arrange        search              0.10118        11        0.0092    0.00078   %
   Grid_Technique      init                3.0051         11        0.27      0.023     %
   Grid_BigCell        grid_expansion_index0.93071        22        0.042     0.0071    %
   Record_adj          for_2d              2.2586         11        0.21      0.017     %
   Grid_Driver         Find_atom           16.548         709848    2.3e-05   0.13      %
   Charge              atomic_rho          14.534         21        0.69      0.11      %
   PW_Basis            recip2real          2.1312         775       0.0027    0.016     %
   PW_Basis            gathers_scatterp    1.0447         775       0.0013    0.008     %
   Potential           init_pot            0.88249        11        0.08      0.0068    %
   Potential           update_from_charge  10.155         142       0.072     0.078     %
   Potential           cal_v_eff           10.106         142       0.071     0.078     %
   H_Hartree_pw        v_hartree           1.0179         142       0.0072    0.0078    %
   PW_Basis            real2recip          2.9448         1180      0.0025    0.023     %
   PW_Basis            gatherp_scatters    1.2848         1180      0.0011    0.0099    %
   PotXC               cal_v_eff           9.0008         142       0.063     0.069     %
   XC_Functional       v_xc                8.9578         142       0.063     0.069     %
   HSolverLCAO         solve               11983          131       91        92        %
   HamiltLCAO          updateHk            4359.9         4716      0.92      33        %
   OperatorLCAO        init                3670.4         9432      0.39      28        %
   Veff                contributeHk        3668.2         4716      0.78      28        %
   Gint_interface      cal_gint            5573.4         273       20        43        %
   Gint_interface      cal_gint_vlocal     2702.9         131       21        21        %
   Gint_k              folding_vl_k        965.25         4716      0.2       7.4       %
   Gint_k              Distri              720.13         4716      0.15      5.5       %
   Overlap             contributeHR        4.6517         11        0.42      0.036     %
   LCAO_gen_fixedH     calculate_S_no      4.6516         11        0.42      0.036     %
   Ekinetic<OperatorLCAO>contributeHR        4.7252         11        0.43      0.036     %
   Nonlocal<OperatorLCAO>contributeHR        46.655         11        4.2       0.36      %
   LCAO_gen_fixedH     build_Nonlocal_mu_new148.59         22        6.8       1.1       %
   ORB_gen_tables      snap_psibeta_half   3.3643         1196436   2.8e-06   0.026     %
   OperatorLCAO        folding_fixed       633.45         4716      0.13      4.9       %
   LCAO_nnr            folding_fixedH      626.1          4716      0.13      4.8       %
   HSolverLCAO         hamiltSolvePsiK     1913           4716      0.41      15        %
   DiagoElpa           elpa_solve          1896.7         4716      0.4       15        %
   ElecStateLCAO       psiToRho            5710           131       44        44        %
   elecstate           cal_dm              162.81         142       1.1       1.2       %
   psiMulPsiMpi        pdgemm              158.06         5112      0.031     1.2       %
    Local_Orbital_wfc  wfc_2d_to_grid      28.149         4716      0.006     0.22      %
   LCAO_Charge         cal_dk_k            3144           131       24        24        %
   Record_adj          for_grid            0.69118        131       0.0053    0.0053    %
   Gint_interface      cal_gint_rho        2371.7         131       18        18        %
   Charge              mix_rho             1.5855         120       0.013     0.012     %
   Force_Stress_LCAO   getForceStress      988.87         11        90        7.6       %
   Forces              cal_force_loc       0.96237        11        0.087     0.0074    %
   Forces              cal_force_ew        0.93878        11        0.085     0.0072    %
   Forces              cal_force_scc       8.3466         11        0.76      0.064     %
   Stress_Func         stress_loc          7.0559         11        0.64      0.054     %
   Stress_Func         stress_ewa          0.42456        11        0.039     0.0033    %
   Stress_Func         stress_gga          0.42424        11        0.039     0.0033    %
   Force_LCAO_k        ftable_k            970.65         11        88        7.5       %
   Force_LCAO_k        allocate_k          133.1          11        12        1         %
   Force_LCAO_k        cal_foverlap_k      30.172         11        2.7       0.23      %
   Force_LCAO_k        cal_edm_2d          29.189         11        2.7       0.22      %
   Local_Orbital_Chargecal_dm_R            12.188         22        0.55      0.094     %
   Force_LCAO_k        cal_ftvnl_dphi_k    0.32159        11        0.029     0.0025    %
   Force_LCAO_k        cal_fvl_dphi_k      498.82         11        45        3.8       %
   Gint_interface      cal_gint_force      498.82         11        45        3.8       %
   Force_LCAO_k        cal_fvnl_dbeta_k_new268.53         11        24        2.1       %
 ----------------------------------------------------------------------------------------

 START  Time  : Mon May 22 14:16:29 2023
 FINISH Time  : Mon May 22 17:53:39 2023
 TOTAL  Time  : 1.3e+04
 SEE INFORMATION IN : OUT.ABACUS/
