 Input  warning : gamma_only_local algorithm is not used.
 In SCAN_BEGIN, can't find: LATTICE_PARAMETERS block.
 AUTO_SET NBANDS to 0
 AUTO_SET NBANDS to 173
 cpu 2D distribution : 4*4
 but, the number of bands-row-block is 3
      Processor           Atom
              1             56
              2             57
              3             53
              4             52
              5             56
              6             58
              7             54
              8             53
              9             58
             10             59
             11             56
             12             52
             13             57
             14             58
             15             53
             16             52
                            startmag_type = 2
                       charge from rho_at = 3.95377
                         charge should be = 4
                       charge from rho_at = 3.99303
                         charge should be = 4

 SETUP ATOMIC RHO FOR SPIN 1
                 Electron number from rho = 288
           total electron number from rho = 288
                                should be = 288
                 charge before normalized = 288
                  charge after normalized = 288
                 charge before normalized = 288.00010981421
                  charge after normalized = 288
                 charge before normalized = 288.000160789465
                  charge after normalized = 288
                 charge before normalized = 288.000132813761
                  charge after normalized = 288
                 charge before normalized = 288.000138992894
                  charge after normalized = 288
                 charge before normalized = 288.000127368585
                  charge after normalized = 288
                 charge before normalized = 288.000127314151
                  charge after normalized = 288
                 charge before normalized = 288.000127903587
                  charge after normalized = 288
                 charge before normalized = 288.000128089195
                  charge after normalized = 288
                 charge before normalized = 288.000128405121
                  charge after normalized = 288
                 charge before normalized = 288.000128791132
                  charge after normalized = 288
                 charge before normalized = 288.00012883013
                  charge after normalized = 288
                 charge before normalized = 288.00012883065
                  charge after normalized = 288
                 charge before normalized = 288.000128772011
                  charge after normalized = 288
                 charge before normalized = 288.00012876813
                  charge after normalized = 288
                 charge before normalized = 288.000128773469
                  charge after normalized = 288
                 charge before normalized = 288.000128775499
                  charge after normalized = 288
                 charge before normalized = 288.000128776445
                  charge after normalized = 288
                 charge before normalized = 288.0001287741
                  charge after normalized = 288
                 charge before normalized = 288.000128774359
                  charge after normalized = 288
                 charge before normalized = 288.0001287745
                  charge after normalized = 288
                 charge before normalized = 288.000128774534
                  charge after normalized = 288
                            startmag_type = 2
                       charge from rho_at = 3.95377434289291
                         charge should be = 4
                       charge from rho_at = 3.99303358802097
                         charge should be = 4

 SETUP ATOMIC RHO FOR SPIN 1
                 Electron number from rho = 288
           total electron number from rho = 288
                                should be = 288
                            startmag_type = 2
                       charge from rho_at = 3.95377434289291
                         charge should be = 4
                       charge from rho_at = 3.99303358802097
                         charge should be = 4

 SETUP ATOMIC RHO FOR SPIN 1
                 Electron number from rho = 288
           total electron number from rho = 288
                                should be = 288
      Processor           Atom
              1             56
              2             58
              3             53
              4             52
              5             56
              6             58
              7             54
              8             53
              9             58
             10             59
             11             56
             12             52
             13             57
             14             58
             15             53
             16             52
                 charge before normalized = 288
                  charge after normalized = 288
                 charge before normalized = 288.000128719915
                  charge after normalized = 288
                 charge before normalized = 288.000128732158
                  charge after normalized = 288
                 charge before normalized = 288.000128725941
                  charge after normalized = 288
                 charge before normalized = 288.000128730991
                  charge after normalized = 288
                 charge before normalized = 288.000128729728
                  charge after normalized = 288
                 charge before normalized = 288.000128730049
                  charge after normalized = 288
                 charge before normalized = 288.000128730432
                  charge after normalized = 288
                 charge before normalized = 288.000128730234
                  charge after normalized = 288
                 charge before normalized = 288.000128730356
                  charge after normalized = 288
                 charge before normalized = 288.000128730263
                  charge after normalized = 288
                            startmag_type = 2
                       charge from rho_at = 3.95377434289291
                         charge should be = 4
                       charge from rho_at = 3.99303358802097
                         charge should be = 4

 SETUP ATOMIC RHO FOR SPIN 1
                 Electron number from rho = 288
           total electron number from rho = 288
                                should be = 288
                            startmag_type = 2
                       charge from rho_at = 3.95377434289291
                         charge should be = 4
                       charge from rho_at = 3.99303358802097
                         charge should be = 4

 SETUP ATOMIC RHO FOR SPIN 1
                 Electron number from rho = 288
           total electron number from rho = 288
                                should be = 288
      Processor           Atom
              1             56
              2             57
              3             53
              4             52
              5             56
              6             58
              7             54
              8             53
              9             58
             10             59
             11             56
             12             52
             13             57
             14             58
             15             53
             16             52
                 charge before normalized = 288
                  charge after normalized = 288
                 charge before normalized = 288.000128587621
                  charge after normalized = 288
                 charge before normalized = 288.000128577703
                  charge after normalized = 288
                 charge before normalized = 288.000128605476
                  charge after normalized = 288
                 charge before normalized = 288.000128578123
                  charge after normalized = 288
                 charge before normalized = 288.000128591628
                  charge after normalized = 288
                 charge before normalized = 288.000128585882
                  charge after normalized = 288
                 charge before normalized = 288.000128587173
                  charge after normalized = 288
                 charge before normalized = 288.000128586907
                  charge after normalized = 288
                 charge before normalized = 288.000128586955
                  charge after normalized = 288
                 charge before normalized = 288.000128586914
                  charge after normalized = 288
                 charge before normalized = 288.000128586938
                  charge after normalized = 288
                            startmag_type = 2
                       charge from rho_at = 3.95377434289291
                         charge should be = 4
                       charge from rho_at = 3.99303358802097
                         charge should be = 4

 SETUP ATOMIC RHO FOR SPIN 1
                 Electron number from rho = 288
           total electron number from rho = 288
                                should be = 288
                            startmag_type = 2
                       charge from rho_at = 3.95377434289291
                         charge should be = 4
                       charge from rho_at = 3.99303358802097
                         charge should be = 4

 SETUP ATOMIC RHO FOR SPIN 1
                 Electron number from rho = 288
           total electron number from rho = 288
                                should be = 288
      Processor           Atom
              1             56
              2             58
              3             53
              4             52
              5             56
              6             58
              7             54
              8             53
              9             58
             10             59
             11             56
             12             53
             13             57
             14             58
             15             53
             16             52
                 charge before normalized = 288
                  charge after normalized = 288
                 charge before normalized = 288.000128817044
                  charge after normalized = 288
                 charge before normalized = 288.000128841578
                  charge after normalized = 288
                 charge before normalized = 288.00012879046
                  charge after normalized = 288
                 charge before normalized = 288.000128834154
                  charge after normalized = 288
                 charge before normalized = 288.000128818131
                  charge after normalized = 288
                 charge before normalized = 288.000128824004
                  charge after normalized = 288
                 charge before normalized = 288.000128822729
                  charge after normalized = 288
                 charge before normalized = 288.000128822723
                  charge after normalized = 288
                 charge before normalized = 288.000128822776
                  charge after normalized = 288
                 charge before normalized = 288.000128822749
                  charge after normalized = 288
                 charge before normalized = 288.00012882277
                  charge after normalized = 288
                            startmag_type = 2
                       charge from rho_at = 3.95377434289291
                         charge should be = 4
                       charge from rho_at = 3.99303358802097
                         charge should be = 4

 SETUP ATOMIC RHO FOR SPIN 1
                 Electron number from rho = 288
           total electron number from rho = 288
                                should be = 288
                            startmag_type = 2
                       charge from rho_at = 3.95377434289291
                         charge should be = 4
                       charge from rho_at = 3.99303358802097
                         charge should be = 4

 SETUP ATOMIC RHO FOR SPIN 1
                 Electron number from rho = 288
           total electron number from rho = 288
                                should be = 288
      Processor           Atom
              1             56
              2             58
              3             53
              4             52
              5             56
              6             58
              7             54
              8             53
              9             58
             10             59
             11             56
             12             53
             13             56
             14             58
             15             53
             16             52
                 charge before normalized = 288
                  charge after normalized = 288
                 charge before normalized = 288.000128842566
                  charge after normalized = 288
                 charge before normalized = 288.000128865297
                  charge after normalized = 288
                 charge before normalized = 288.000128831017
                  charge after normalized = 288
                 charge before normalized = 288.000128856935
                  charge after normalized = 288
                 charge before normalized = 288.000128845407
                  charge after normalized = 288
                 charge before normalized = 288.000128852527
                  charge after normalized = 288
                 charge before normalized = 288.000128850231
                  charge after normalized = 288
                 charge before normalized = 288.000128850997
                  charge after normalized = 288
                 charge before normalized = 288.000128850581
                  charge after normalized = 288
                 charge before normalized = 288.000128850803
                  charge after normalized = 288
                 charge before normalized = 288.000128850741
                  charge after normalized = 288
                            startmag_type = 2
                       charge from rho_at = 3.95377434289291
                         charge should be = 4
                       charge from rho_at = 3.99303358802097
                         charge should be = 4

 SETUP ATOMIC RHO FOR SPIN 1
                 Electron number from rho = 288
           total electron number from rho = 288
                                should be = 288
                            startmag_type = 2
                       charge from rho_at = 3.95377434289291
                         charge should be = 4
                       charge from rho_at = 3.99303358802097
                         charge should be = 4

 SETUP ATOMIC RHO FOR SPIN 1
                 Electron number from rho = 288
           total electron number from rho = 288
                                should be = 288
      Processor           Atom
              1             56
              2             58
              3             53
              4             52
              5             57
              6             58
              7             54
              8             53
              9             58
             10             59
             11             56
             12             52
             13             57
             14             58
             15             53
             16             52
                 charge before normalized = 288
                  charge after normalized = 288
                 charge before normalized = 288.000128889182
                  charge after normalized = 288
                 charge before normalized = 288.000128913505
                  charge after normalized = 288
                 charge before normalized = 288.000128869997
                  charge after normalized = 288
                 charge before normalized = 288.000128900115
                  charge after normalized = 288
                 charge before normalized = 288.000128888995
                  charge after normalized = 288
                 charge before normalized = 288.000128896033
                  charge after normalized = 288
                 charge before normalized = 288.000128893869
                  charge after normalized = 288
                 charge before normalized = 288.000128894753
                  charge after normalized = 288
                 charge before normalized = 288.000128894165
                  charge after normalized = 288
                 charge before normalized = 288.000128894431
                  charge after normalized = 288
                 charge before normalized = 288.000128894411
                  charge after normalized = 288
                            startmag_type = 2
                       charge from rho_at = 3.95377434289291
                         charge should be = 4
                       charge from rho_at = 3.99303358802097
                         charge should be = 4

 SETUP ATOMIC RHO FOR SPIN 1
                 Electron number from rho = 288
           total electron number from rho = 288
                                should be = 288
                            startmag_type = 2
                       charge from rho_at = 3.95377434289291
                         charge should be = 4
                       charge from rho_at = 3.99303358802097
                         charge should be = 4

 SETUP ATOMIC RHO FOR SPIN 1
                 Electron number from rho = 288
           total electron number from rho = 288
                                should be = 288
      Processor           Atom
              1             56
              2             58
              3             53
              4             52
              5             57
              6             58
              7             54
              8             53
              9             58
             10             59
             11             56
             12             52
             13             57
             14             58
             15             53
             16             52
                 charge before normalized = 288
                  charge after normalized = 288
                 charge before normalized = 288.000128910382
                  charge after normalized = 288
                 charge before normalized = 288.000128926235
                  charge after normalized = 288
                 charge before normalized = 288.000128919129
                  charge after normalized = 288
                 charge before normalized = 288.000128919325
                  charge after normalized = 288
                 charge before normalized = 288.000128927881
                  charge after normalized = 288
                 charge before normalized = 288.000128919298
                  charge after normalized = 288
                 charge before normalized = 288.000128923355
                  charge after normalized = 288
                 charge before normalized = 288.000128921899
                  charge after normalized = 288
                 charge before normalized = 288.000128922472
                  charge after normalized = 288
                 charge before normalized = 288.000128922209
                  charge after normalized = 288
                 charge before normalized = 288.000128922255
                  charge after normalized = 288
                            startmag_type = 2
                       charge from rho_at = 3.95377434289291
                         charge should be = 4
                       charge from rho_at = 3.99303358802097
                         charge should be = 4

 SETUP ATOMIC RHO FOR SPIN 1
                 Electron number from rho = 288
           total electron number from rho = 288
                                should be = 288
                            startmag_type = 2
                       charge from rho_at = 3.95377434289291
                         charge should be = 4
                       charge from rho_at = 3.99303358802097
                         charge should be = 4

 SETUP ATOMIC RHO FOR SPIN 1
                 Electron number from rho = 288
           total electron number from rho = 288
                                should be = 288
      Processor           Atom
              1             56
              2             58
              3             53
              4             52
              5             56
              6             58
              7             54
              8             53
              9             58
             10             59
             11             56
             12             52
             13             57
             14             58
             15             53
             16             52
                 charge before normalized = 288
                  charge after normalized = 288
                 charge before normalized = 288.000128933481
                  charge after normalized = 288
                 charge before normalized = 288.000128920513
                  charge after normalized = 288
                 charge before normalized = 288.000128953561
                  charge after normalized = 288
                 charge before normalized = 288.000128917584
                  charge after normalized = 288
                 charge before normalized = 288.000128940687
                  charge after normalized = 288
                 charge before normalized = 288.00012892664
                  charge after normalized = 288
                 charge before normalized = 288.00012893138
                  charge after normalized = 288
                 charge before normalized = 288.000128929923
                  charge after normalized = 288
                 charge before normalized = 288.000128930427
                  charge after normalized = 288
                 charge before normalized = 288.000128930334
                  charge after normalized = 288
                 charge before normalized = 288.000128930321
                  charge after normalized = 288
                            startmag_type = 2
                       charge from rho_at = 3.95377434289291
                         charge should be = 4
                       charge from rho_at = 3.99303358802097
                         charge should be = 4

 SETUP ATOMIC RHO FOR SPIN 1
                 Electron number from rho = 288
           total electron number from rho = 288
                                should be = 288
                            startmag_type = 2
                       charge from rho_at = 3.95377434289291
                         charge should be = 4
                       charge from rho_at = 3.99303358802097
                         charge should be = 4

 SETUP ATOMIC RHO FOR SPIN 1
                 Electron number from rho = 288
           total electron number from rho = 288
                                should be = 288
      Processor           Atom
              1             56
              2             58
              3             53
              4             52
              5             56
              6             58
              7             54
              8             53
              9             59
             10             59
             11             56
             12             52
             13             57
             14             58
             15             53
             16             53
                 charge before normalized = 288
                  charge after normalized = 288
                 charge before normalized = 288.000128810744
                  charge after normalized = 288
                 charge before normalized = 288.000128818371
                  charge after normalized = 288
                 charge before normalized = 288.00012879918
                  charge after normalized = 288
                 charge before normalized = 288.000128810978
                  charge after normalized = 288
                 charge before normalized = 288.000128803845
                  charge after normalized = 288
                 charge before normalized = 288.000128810234
                  charge after normalized = 288
                 charge before normalized = 288.000128806023
                  charge after normalized = 288
                 charge before normalized = 288.000128807918
                  charge after normalized = 288
                 charge before normalized = 288.000128807106
                  charge after normalized = 288
                 charge before normalized = 288.000128807316
                  charge after normalized = 288
                 charge before normalized = 288.000128807277
                  charge after normalized = 288
                 charge before normalized = 288.000128807309
                  charge after normalized = 288
                            startmag_type = 2
                       charge from rho_at = 3.95377434289291
                         charge should be = 4
                       charge from rho_at = 3.99303358802097
                         charge should be = 4

 SETUP ATOMIC RHO FOR SPIN 1
                 Electron number from rho = 288
           total electron number from rho = 288
                                should be = 288
                            startmag_type = 2
                       charge from rho_at = 3.95377434289291
                         charge should be = 4
                       charge from rho_at = 3.99303358802097
                         charge should be = 4

 SETUP ATOMIC RHO FOR SPIN 1
                 Electron number from rho = 288
           total electron number from rho = 288
                                should be = 288
      Processor           Atom
              1             56
              2             58
              3             53
              4             51
              5             55
              6             58
              7             54
              8             53
              9             58
             10             58
             11             56
             12             52
             13             56
             14             58
             15             53
             16             52
                 charge before normalized = 288
                  charge after normalized = 288
                 charge before normalized = 288.000128729222
                  charge after normalized = 288
                 charge before normalized = 288.000128737464
                  charge after normalized = 288
                 charge before normalized = 288.000128739992
                  charge after normalized = 288
                 charge before normalized = 288.000128729357
                  charge after normalized = 288
                 charge before normalized = 288.000128743035
                  charge after normalized = 288
                 charge before normalized = 288.000128730043
                  charge after normalized = 288
                 charge before normalized = 288.00012873666
                  charge after normalized = 288
                 charge before normalized = 288.000128734962
                  charge after normalized = 288
                 charge before normalized = 288.000128735431
                  charge after normalized = 288
                 charge before normalized = 288.0001287353
                  charge after normalized = 288
                 charge before normalized = 288.000128735315
                  charge after normalized = 288
                 charge before normalized = 288.000128735307
                  charge after normalized = 288
                            startmag_type = 2
                       charge from rho_at = 3.95377434289291
                         charge should be = 4
                       charge from rho_at = 3.99303358802097
                         charge should be = 4

 SETUP ATOMIC RHO FOR SPIN 1
                 Electron number from rho = 288
           total electron number from rho = 288
                                should be = 288
                            startmag_type = 2
                       charge from rho_at = 3.95377434289291
                         charge should be = 4
                       charge from rho_at = 3.99303358802097
                         charge should be = 4

 SETUP ATOMIC RHO FOR SPIN 1
                 Electron number from rho = 288
           total electron number from rho = 288
                                should be = 288
      Processor           Atom
              1             55
              2             58
              3             53
              4             52
              5             56
              6             58
              7             54
              8             53
              9             59
             10             58
             11             56
             12             52
             13             57
             14             58
             15             53
             16             53
                 charge before normalized = 288
                  charge after normalized = 288
                 charge before normalized = 288.000128387777
                  charge after normalized = 288
                 charge before normalized = 288.000128411952
                  charge after normalized = 288
                 charge before normalized = 288.000128367093
                  charge after normalized = 288
                 charge before normalized = 288.000128413935
                  charge after normalized = 288
                 charge before normalized = 288.000128382227
                  charge after normalized = 288
                 charge before normalized = 288.000128399679
                  charge after normalized = 288
                 charge before normalized = 288.000128396443
                  charge after normalized = 288
                 charge before normalized = 288.00012839672
                  charge after normalized = 288
                 charge before normalized = 288.000128396788
                  charge after normalized = 288
                 charge before normalized = 288.000128396705
                  charge after normalized = 288
                 charge before normalized = 288.000128396746
                  charge after normalized = 288
                 charge before normalized = 288.000128396739
                  charge after normalized = 288
