WARNING: Total thread number on this node mismatches with hardware availability. This may cause poor performance.
Info: Local MPI proc number: 16,OpenMP thread number: 1,Total thread number: 16,Local thread limit: 32
 *********************************************************
 *                                                       *
 *                  WELCOME TO ABACUS v3.0               *
 *                                                       *
 *            'Atomic-orbital Based Ab-initio            *
 *                  Computation at UStc'                 *
 *                                                       *
 *          Website: http://abacus.ustc.edu.cn/          *
 *                                                       *
 *********************************************************
 Mon May 22 14:16:29 2023
 MAKE THE DIR         : OUT.ABACUS/
 MAKE THE STRU DIR    : OUT.ABACUS/STRU/
 UNIFORM GRID DIM     : 120 * 120 * 120
 UNIFORM GRID DIM(BIG): 60 * 60 * 60
 DONE(0.118849   SEC) : SETUP UNITCELL
 DONE(0.128167   SEC) : INIT K-POINTS
 ---------------------------------------------------------
 Molecular Dynamics simulations
 ---------------------------------------------------------
 ENSEMBLE                 : Langevin
 Time interval(fs)        : 1
 ---------------------------------------------------------
 SPIN    KPOINTS         PROCESSORS  NBASE       
 1       36              16          1584        
 ---------------------------------------------------------
 Use Systematically Improvable Atomic bases
 ---------------------------------------------------------
 ELEMENT ORBITALS        NBASE       NATOM       XC          
 Si      3s3p2d-9au      22          36          
 C       3s3p2d-9au      22          36          
 ---------------------------------------------------------
 Initial plane wave basis and FFT box
 ---------------------------------------------------------
--------------------------------- INITVEL DONE ------------------------------------
 -------------------------------------------
 STEP OF MOLECULAR DYNAMICS : 0
 -------------------------------------------
 START CHARGE      : atomic
 DONE(9.911      SEC) : INIT SCF
 ITER   ETOT(eV)       EDIFF(eV)      DRHO       TIME(s)    
 GE1    -9.367887e+03  0.000000e+00   2.789e-01  1.011e+02  
 GE2    -9.419017e+03  -5.112996e+01  1.514e-01  9.487e+01  
 GE3    -9.428020e+03  -9.002821e+00  4.333e-02  9.467e+01  
 GE4    -9.418953e+03  9.067050e+00   7.205e-02  9.481e+01  
 GE5    -9.444883e+03  -2.593013e+01  1.506e-02  9.459e+01  
 GE6    -9.445129e+03  -2.461981e-01  7.804e-03  9.476e+01  
 GE7    -9.445170e+03  -4.037327e-02  4.340e-03  9.483e+01  
 GE8    -9.445194e+03  -2.480040e-02  3.084e-03  9.463e+01  
 GE9    -9.445190e+03  4.635728e-03   1.633e-03  9.518e+01  
 GE10   -9.445193e+03  -2.994549e-03  7.660e-04  9.525e+01  
 GE11   -9.445195e+03  -2.452041e-03  4.552e-04  9.485e+01  
 GE12   -9.445196e+03  -5.402100e-04  1.433e-04  9.490e+01  
 GE13   -9.445196e+03  -3.253495e-05  4.943e-05  9.491e+01  
 GE14   -9.445196e+03  -3.612128e-06  2.665e-05  9.487e+01  
 GE15   -9.445196e+03  -1.777952e-06  2.226e-05  9.480e+01  
 GE16   -9.445196e+03  -1.441307e-06  7.028e-06  9.490e+01  
 GE17   -9.445196e+03  -1.510408e-07  3.394e-06  9.459e+01  
 GE18   -9.445196e+03  -2.896053e-08  2.088e-06  9.479e+01  
 GE19   -9.445196e+03  -1.037895e-08  3.923e-07  9.564e+01  
 ><><><><><><><><><><><><><><><><><><><><><><
 TOTAL-STRESS (KBAR):
 ><><><><><><><><><><><><><><><><><><><><><><
 -3.981e+01     5.553e+00      2.342e+01      
 5.553e+00      1.340e+02      -1.110e+01     
 2.342e+01      -1.110e+01     3.013e+02      
 TOTAL-PRESSURE: 1.318e+02 KBAR
 ------------------------------------------------------------------------------------------------
 Energy              Potential           Kinetic             Temperature         Pressure (KBAR)     
 -3.471e+02          -3.471e+02          3.373e-03           1.000e+01           1.320e+02           
 ------------------------------------------------------------------------------------------------
 -------------------------------------------
 STEP OF MOLECULAR DYNAMICS : 1
 -------------------------------------------
 DONE(1.918e+03  SEC) : INIT SCF
 ITER   ETOT(eV)       EDIFF(eV)      DRHO       TIME(s)    
 GE1    -9.445443e+03  0.000000e+00   6.872e-04  9.986e+01  
 GE2    -9.445440e+03  2.225121e-03   7.549e-04  9.400e+01  
 GE3    -9.445443e+03  -2.697120e-03  6.381e-04  9.403e+01  
 GE4    -9.445444e+03  -1.353724e-03  1.365e-04  9.399e+01  
 GE5    -9.445444e+03  -2.913710e-05  4.485e-05  9.387e+01  
 GE6    -9.445444e+03  -5.909462e-06  3.456e-05  9.393e+01  
 GE7    -9.445444e+03  -3.900885e-06  1.528e-05  9.388e+01  
 GE8    -9.445444e+03  -7.882606e-07  3.548e-06  9.451e+01  
 GE9    -9.445444e+03  -4.826290e-08  1.942e-06  9.435e+01  
 GE10   -9.445444e+03  -8.651190e-09  5.867e-07  9.396e+01  
 ><><><><><><><><><><><><><><><><><><><><><><
 TOTAL-STRESS (KBAR):
 ><><><><><><><><><><><><><><><><><><><><><><
 -3.967e+01     5.687e+00      2.375e+01      
 5.687e+00      1.338e+02      -1.107e+01     
 2.375e+01      -1.107e+01     2.980e+02      
 TOTAL-PRESSURE: 1.307e+02 KBAR
 ------------------------------------------------------------------------------------------------
 Energy              Potential           Kinetic             Temperature         Pressure (KBAR)     
 -3.471e+02          -3.471e+02          1.108e-02           3.285e+01           1.312e+02           
 ------------------------------------------------------------------------------------------------
 -------------------------------------------
 STEP OF MOLECULAR DYNAMICS : 2
 -------------------------------------------
 DONE(2.964e+03  SEC) : INIT SCF
 ITER   ETOT(eV)       EDIFF(eV)      DRHO       TIME(s)    
 GE1    -9.445774e+03  0.000000e+00   1.628e-03  9.976e+01  
 GE2    -9.445772e+03  1.328257e-03   1.071e-03  9.396e+01  
 GE3    -9.445776e+03  -3.449888e-03  9.619e-04  9.388e+01  
 GE4    -9.445778e+03  -2.675330e-03  2.092e-04  9.401e+01  
 GE5    -9.445779e+03  -1.064005e-04  1.354e-04  9.399e+01  
 GE6    -9.445779e+03  -7.041442e-05  5.555e-05  9.417e+01  
 GE7    -9.445779e+03  -1.021215e-05  2.500e-05  9.454e+01  
 GE8    -9.445779e+03  -2.276120e-06  5.636e-06  9.397e+01  
 GE9    -9.445779e+03  -1.003773e-07  2.218e-06  9.400e+01  
 GE10   -9.445779e+03  -1.656611e-08  1.112e-06  9.392e+01  
 GE11   -9.445779e+03  -2.982209e-09  4.840e-07  9.406e+01  
 ><><><><><><><><><><><><><><><><><><><><><><
 TOTAL-STRESS (KBAR):
 ><><><><><><><><><><><><><><><><><><><><><><
 -3.987e+01     6.116e+00      2.385e+01      
 6.116e+00      1.336e+02      -1.123e+01     
 2.385e+01      -1.123e+01     2.935e+02      
 TOTAL-PRESSURE: 1.291e+02 KBAR
 ------------------------------------------------------------------------------------------------
 Energy              Potential           Kinetic             Temperature         Pressure (KBAR)     
 -3.471e+02          -3.471e+02          2.897e-02           8.590e+01           1.302e+02           
 ------------------------------------------------------------------------------------------------
 -------------------------------------------
 STEP OF MOLECULAR DYNAMICS : 3
 -------------------------------------------
 DONE(4.103e+03  SEC) : INIT SCF
 ITER   ETOT(eV)       EDIFF(eV)      DRHO       TIME(s)    
 GE1    -9.446316e+03  0.000000e+00   2.096e-03  1.001e+02  
 GE2    -9.446314e+03  1.684646e-03   1.297e-03  9.407e+01  
 GE3    -9.446317e+03  -3.596451e-03  1.215e-03  9.410e+01  
 GE4    -9.446322e+03  -4.948238e-03  3.289e-04  9.480e+01  
 GE5    -9.446323e+03  -3.367023e-04  1.766e-04  9.438e+01  
 GE6    -9.446323e+03  -1.155562e-04  7.199e-05  9.407e+01  
 GE7    -9.446323e+03  -1.619962e-05  2.832e-05  9.419e+01  
 GE8    -9.446323e+03  -2.832995e-06  8.124e-06  9.414e+01  
 GE9    -9.446323e+03  -2.387113e-07  3.521e-06  9.431e+01  
 GE10   -9.446323e+03  -4.111365e-08  1.346e-06  9.422e+01  
 GE11   -9.446323e+03  -4.723893e-09  5.762e-07  9.436e+01  
 ><><><><><><><><><><><><><><><><><><><><><><
 TOTAL-STRESS (KBAR):
 ><><><><><><><><><><><><><><><><><><><><><><
 -3.908e+01     6.774e+00      2.414e+01      
 6.774e+00      1.323e+02      -1.061e+01     
 2.414e+01      -1.061e+01     2.861e+02      
 TOTAL-PRESSURE: 1.264e+02 KBAR
 ------------------------------------------------------------------------------------------------
 Energy              Potential           Kinetic             Temperature         Pressure (KBAR)     
 -3.471e+02          -3.471e+02          3.382e-02           1.003e+02           1.278e+02           
 ------------------------------------------------------------------------------------------------
 -------------------------------------------
 STEP OF MOLECULAR DYNAMICS : 4
 -------------------------------------------
 DONE(5.245e+03  SEC) : INIT SCF
 ITER   ETOT(eV)       EDIFF(eV)      DRHO       TIME(s)    
 GE1    -9.446590e+03  0.000000e+00   2.624e-03  1.004e+02  
 GE2    -9.446587e+03  3.326208e-03   1.619e-03  9.477e+01  
 GE3    -9.446594e+03  -6.394817e-03  1.545e-03  9.409e+01  
 GE4    -9.446601e+03  -7.747620e-03  3.575e-04  9.419e+01  
 GE5    -9.446602e+03  -3.142705e-04  2.165e-04  9.405e+01  
 GE6    -9.446602e+03  -1.866927e-04  9.817e-05  9.401e+01  
 GE7    -9.446602e+03  -3.255134e-05  3.669e-05  9.425e+01  
 GE8    -9.446602e+03  -4.796637e-06  9.247e-06  9.393e+01  
 GE9    -9.446602e+03  -2.552279e-07  4.557e-06  9.392e+01  
 GE10   -9.446602e+03  -8.204013e-08  1.750e-06  9.385e+01  
 GE11   -9.446602e+03  -8.839898e-09  6.231e-07  9.457e+01  
 ><><><><><><><><><><><><><><><><><><><><><><
 TOTAL-STRESS (KBAR):
 ><><><><><><><><><><><><><><><><><><><><><><
 -4.009e+01     7.120e+00      2.498e+01      
 7.120e+00      1.334e+02      -1.034e+01     
 2.498e+01      -1.034e+01     2.820e+02      
 TOTAL-PRESSURE: 1.251e+02 KBAR
 ------------------------------------------------------------------------------------------------
 Energy              Potential           Kinetic             Temperature         Pressure (KBAR)     
 -3.471e+02          -3.472e+02          4.429e-02           1.313e+02           1.269e+02           
 ------------------------------------------------------------------------------------------------
 -------------------------------------------
 STEP OF MOLECULAR DYNAMICS : 5
 -------------------------------------------
 DONE(6.387e+03  SEC) : INIT SCF
 ITER   ETOT(eV)       EDIFF(eV)      DRHO       TIME(s)    
 GE1    -9.446861e+03  0.000000e+00   2.857e-03  9.982e+01  
 GE2    -9.446857e+03  4.256485e-03   1.770e-03  9.388e+01  
 GE3    -9.446865e+03  -7.896841e-03  1.701e-03  9.396e+01  
 GE4    -9.446874e+03  -9.314662e-03  4.053e-04  9.402e+01  
 GE5    -9.446874e+03  -3.821300e-04  2.439e-04  9.396e+01  
 GE6    -9.446875e+03  -2.341728e-04  1.234e-04  9.403e+01  
 GE7    -9.446875e+03  -5.033767e-05  3.930e-05  9.387e+01  
 GE8    -9.446875e+03  -5.328765e-06  8.284e-06  9.431e+01  
 GE9    -9.446875e+03  -2.116610e-07  4.643e-06  9.461e+01  
 GE10   -9.446875e+03  -7.708577e-08  1.750e-06  9.396e+01  
 GE11   -9.446875e+03  -8.058770e-09  6.809e-07  9.399e+01  
 ><><><><><><><><><><><><><><><><><><><><><><
 TOTAL-STRESS (KBAR):
 ><><><><><><><><><><><><><><><><><><><><><><
 -3.963e+01     7.808e+00      2.534e+01      
 7.808e+00      1.312e+02      -1.062e+01     
 2.534e+01      -1.062e+01     2.798e+02      
 TOTAL-PRESSURE: 1.238e+02 KBAR
 ------------------------------------------------------------------------------------------------
 Energy              Potential           Kinetic             Temperature         Pressure (KBAR)     
 -3.471e+02          -3.472e+02          5.159e-02           1.530e+02           1.258e+02           
 ------------------------------------------------------------------------------------------------
 -------------------------------------------
 STEP OF MOLECULAR DYNAMICS : 6
 -------------------------------------------
 DONE(7.526e+03  SEC) : INIT SCF
 ITER   ETOT(eV)       EDIFF(eV)      DRHO       TIME(s)    
 GE1    -9.447199e+03  0.000000e+00   3.034e-03  1.019e+02  
 GE2    -9.447196e+03  2.965718e-03   1.955e-03  9.595e+01  
 GE3    -9.447206e+03  -9.886574e-03  1.650e-03  9.583e+01  
 GE4    -9.447215e+03  -9.073391e-03  4.639e-04  9.812e+01  
 GE5    -9.447216e+03  -6.829058e-04  2.459e-04  9.477e+01  
 GE6    -9.447216e+03  -2.504328e-04  1.092e-04  9.469e+01  
 GE7    -9.447216e+03  -3.570657e-05  4.021e-05  9.430e+01  
 GE8    -9.447216e+03  -5.848829e-06  1.285e-05  9.394e+01  
 GE9    -9.447216e+03  -6.255214e-07  5.546e-06  9.400e+01  
 GE10   -9.447216e+03  -9.246085e-08  2.114e-06  9.398e+01  
 GE11   -9.447216e+03  -1.925597e-08  1.025e-06  9.397e+01  
 GE12   -9.447216e+03  -2.696053e-09  3.258e-07  9.397e+01  
 ><><><><><><><><><><><><><><><><><><><><><><
 TOTAL-STRESS (KBAR):
 ><><><><><><><><><><><><><><><><><><><><><><
 -3.974e+01     8.477e+00      2.631e+01      
 8.477e+00      1.316e+02      -1.054e+01     
 2.631e+01      -1.054e+01     2.750e+02      
 TOTAL-PRESSURE: 1.223e+02 KBAR
 ------------------------------------------------------------------------------------------------
 Energy              Potential           Kinetic             Temperature         Pressure (KBAR)     
 -3.471e+02          -3.472e+02          7.313e-02           2.168e+02           1.252e+02           
 ------------------------------------------------------------------------------------------------
 -------------------------------------------
 STEP OF MOLECULAR DYNAMICS : 7
 -------------------------------------------
 DONE(8.771e+03  SEC) : INIT SCF
 ITER   ETOT(eV)       EDIFF(eV)      DRHO       TIME(s)    
 GE1    -9.447538e+03  0.000000e+00   3.772e-03  1.001e+02  
 GE2    -9.447520e+03  1.754035e-02   2.556e-03  9.470e+01  
 GE3    -9.447543e+03  -2.305476e-02  2.450e-03  9.455e+01  
 GE4    -9.447563e+03  -2.003543e-02  4.720e-04  9.409e+01  
 GE5    -9.447564e+03  -5.152986e-04  2.951e-04  1.050e+02  
 GE6    -9.447564e+03  -3.196864e-04  1.379e-04  1.086e+02  
 GE7    -9.447564e+03  -5.961021e-05  4.623e-05  1.089e+02  
 GE8    -9.447564e+03  -7.723305e-06  1.329e-05  1.087e+02  
 GE9    -9.447564e+03  -5.711471e-07  5.876e-06  1.086e+02  
 GE10   -9.447564e+03  -1.110764e-07  2.293e-06  1.087e+02  
 GE11   -9.447564e+03  -2.244545e-08  1.166e-06  1.092e+02  
 GE12   -9.447564e+03  -2.402163e-09  4.768e-07  1.088e+02  
 ><><><><><><><><><><><><><><><><><><><><><><
 TOTAL-STRESS (KBAR):
 ><><><><><><><><><><><><><><><><><><><><><><
 -4.052e+01     1.018e+01      2.756e+01      
 1.018e+01      1.329e+02      -1.125e+01     
 2.756e+01      -1.125e+01     2.697e+02      
 TOTAL-PRESSURE: 1.207e+02 KBAR
 ------------------------------------------------------------------------------------------------
 Energy              Potential           Kinetic             Temperature         Pressure (KBAR)     
 -3.471e+02          -3.472e+02          8.201e-02           2.432e+02           1.239e+02           
 ------------------------------------------------------------------------------------------------
 -------------------------------------------
 STEP OF MOLECULAR DYNAMICS : 8
 -------------------------------------------
 DONE(1.013e+04  SEC) : INIT SCF
 ITER   ETOT(eV)       EDIFF(eV)      DRHO       TIME(s)    
 GE1    -9.447581e+03  0.000000e+00   3.817e-03  1.155e+02  
 GE2    -9.447577e+03  4.386384e-03   2.308e-03  1.090e+02  
 GE3    -9.447591e+03  -1.392317e-02  2.032e-03  1.089e+02  
 GE4    -9.447605e+03  -1.435495e-02  5.091e-04  1.089e+02  
 GE5    -9.447606e+03  -7.244403e-04  2.998e-04  1.088e+02  
 GE6    -9.447606e+03  -3.415022e-04  1.218e-04  1.090e+02  
 GE7    -9.447606e+03  -4.861349e-05  5.068e-05  1.092e+02  
 GE8    -9.447606e+03  -9.694228e-06  1.188e-05  1.088e+02  
 GE9    -9.447606e+03  -4.212911e-07  6.001e-06  1.088e+02  
 GE10   -9.447606e+03  -1.457446e-07  2.575e-06  1.033e+02  
 GE11   -9.447606e+03  -2.022890e-08  8.217e-07  9.427e+01  
 ><><><><><><><><><><><><><><><><><><><><><><
 TOTAL-STRESS (KBAR):
 ><><><><><><><><><><><><><><><><><><><><><><
 -4.181e+01     1.094e+01      2.837e+01      
 1.094e+01      1.332e+02      -1.194e+01     
 2.837e+01      -1.194e+01     2.699e+02      
 TOTAL-PRESSURE: 1.204e+02 KBAR
 ------------------------------------------------------------------------------------------------
 Energy              Potential           Kinetic             Temperature         Pressure (KBAR)     
 -3.471e+02          -3.472e+02          7.785e-02           2.308e+02           1.235e+02           
 ------------------------------------------------------------------------------------------------
 -------------------------------------------
 STEP OF MOLECULAR DYNAMICS : 9
 -------------------------------------------
 DONE(1.141e+04  SEC) : INIT SCF
 ITER   ETOT(eV)       EDIFF(eV)      DRHO       TIME(s)    
 GE1    -9.447884e+03  0.000000e+00   3.888e-03  9.987e+01  
 GE2    -9.447873e+03  1.157140e-02   2.716e-03  9.388e+01  
 GE3    -9.447895e+03  -2.257335e-02  2.430e-03  9.452e+01  
 GE4    -9.447912e+03  -1.731712e-02  5.232e-04  9.417e+01  
 GE5    -9.447913e+03  -6.053088e-04  2.764e-04  9.400e+01  
 GE6    -9.447913e+03  -2.733928e-04  1.413e-04  9.389e+01  
 GE7    -9.447913e+03  -7.154067e-05  5.796e-05  9.386e+01  
 GE8    -9.447913e+03  -1.247569e-05  1.511e-05  9.384e+01  
 GE9    -9.447913e+03  -7.651098e-07  6.711e-06  9.378e+01  
 GE10   -9.447913e+03  -1.465242e-07  2.737e-06  9.386e+01  
 GE11   -9.447913e+03  -3.167514e-08  1.186e-06  9.378e+01  
 GE12   -9.447913e+03  -2.918790e-09  4.378e-07  9.412e+01  
 ><><><><><><><><><><><><><><><><><><><><><><
 TOTAL-STRESS (KBAR):
 ><><><><><><><><><><><><><><><><><><><><><><
 -4.257e+01     1.043e+01      2.862e+01      
 1.043e+01      1.326e+02      -1.071e+01     
 2.862e+01      -1.071e+01     2.662e+02      
 TOTAL-PRESSURE: 1.187e+02 KBAR
 ------------------------------------------------------------------------------------------------
 Energy              Potential           Kinetic             Temperature         Pressure (KBAR)     
 -3.471e+02          -3.472e+02          8.381e-02           2.485e+02           1.221e+02           
 ------------------------------------------------------------------------------------------------
 -------------------------------------------
 STEP OF MOLECULAR DYNAMICS : 10
 -------------------------------------------
 DONE(1.264e+04  SEC) : INIT SCF
 ITER   ETOT(eV)       EDIFF(eV)      DRHO       TIME(s)    
 GE1    -9.448033e+03  0.000000e+00   3.755e-03  1.001e+02  
 GE2    -9.448023e+03  9.784853e-03   2.459e-03  9.392e+01  
 GE3    -9.448041e+03  -1.792276e-02  2.279e-03  9.401e+01  
 GE4    -9.448058e+03  -1.664796e-02  5.687e-04  9.392e+01  
 GE5    -9.448059e+03  -9.336108e-04  3.402e-04  9.404e+01  
 GE6    -9.448059e+03  -4.090274e-04  1.332e-04  9.385e+01  
 GE7    -9.448059e+03  -5.365753e-05  6.001e-05  9.388e+01  
 GE8    -9.448059e+03  -1.310779e-05  1.443e-05  9.383e+01  
 GE9    -9.448059e+03  -6.586567e-07  6.081e-06  9.463e+01  
 GE10   -9.448059e+03  -1.203819e-07  2.620e-06  9.425e+01  
 GE11   -9.448059e+03  -2.928071e-08  1.177e-06  9.400e+01  
 GE12   -9.448059e+03  -3.621033e-09  3.796e-07  9.390e+01  
 ><><><><><><><><><><><><><><><><><><><><><><
 TOTAL-STRESS (KBAR):
 ><><><><><><><><><><><><><><><><><><><><><><
 -4.416e+01     1.014e+01      2.943e+01      
 1.014e+01      1.345e+02      -1.122e+01     
 2.943e+01      -1.122e+01     2.643e+02      
 TOTAL-PRESSURE: 1.182e+02 KBAR
 ------------------------------------------------------------------------------------------------
 Energy              Potential           Kinetic             Temperature         Pressure (KBAR)     
 -3.471e+02          -3.472e+02          1.055e-01           3.129e+02           1.224e+02           
 ------------------------------------------------------------------------------------------------

  |CLASS_NAME---------|NAME---------------|TIME(Sec)-----|CALLS----|AVG------|PER%-------
                       total               13875          27        5.1e+02   1e+02     %
   Driver              driver_line         13875          1         1.4e+04   1e+02     %
   PW_Basis            setup_struc_factor  1.1648         11        0.11      0.0084    %
   ORB_control         read_orb_first      0.22849        1         0.23      0.0016    %
   LCAO_Orbitals       Read_Orbitals       0.22849        1         0.23      0.0016    %
   NOrbital_Lm         extra_uniform       0.12475        16        0.0078    0.0009    %
   Mathzone_Add1       Uni_Deriv_Phi       0.1097         16        0.0069    0.00079   %
   ORB_control         set_orb_tables      6.6981         1         6.7       0.048     %
   ORB_gen_tables      gen_tables          6.6981         1         6.7       0.048     %
   ORB_table_phi       init_Table          4.9287         1         4.9       0.036     %
   ORB_table_phi       cal_ST_Phi12_R      4.8819         558       0.0087    0.035     %
   ORB_table_beta      init_Table_Beta     1.2796         1         1.3       0.0092    %
   ORB_table_beta      VNL_PhiBeta_R       1.2705         168       0.0076    0.0092    %
   ppcell_vl           init_vloc           0.2469         1         0.25      0.0018    %
   Run_MD              md_line             13868          1         1.4e+04   1e+02     %
   Langevin            setup               1908.1         1         1.9e+03   14        %
   MD_func             force_stress        13868          11        1.3e+03   1e+02     %
   ESolver_KS_LCAO     Run                 12796          11        1.2e+03   92        %
   ESolver_KS_LCAO     beforescf           27.709         11        2.5       0.2       %
   ESolver_KS_LCAO     beforesolver        10.395         11        0.95      0.075     %
   ESolver_KS_LCAO     set_matrix_grid     6.123          11        0.56      0.044     %
   atom_arrange        search              0.10236        11        0.0093    0.00074   %
   Grid_Technique      init                2.9034         11        0.26      0.021     %
   Grid_BigCell        grid_expansion_index0.93039        22        0.042     0.0067    %
   Record_adj          for_2d              2.7747         11        0.25      0.02      %
   Grid_Driver         Find_atom           17.323         715176    2.4e-05   0.12      %
   Charge              atomic_rho          15.278         21        0.73      0.11      %
   PW_Basis            recip2real          3.926          780       0.005     0.028     %
   PW_Basis            gathers_scatterp    3.0619         780       0.0039    0.022     %
   Potential           init_pot            0.77931        11        0.071     0.0056    %
   Potential           update_from_charge  9.3296         143       0.065     0.067     %
   Potential           cal_v_eff           9.2888         143       0.065     0.067     %
   H_Hartree_pw        v_hartree           0.8738         143       0.0061    0.0063    %
   PW_Basis            real2recip          2.6099         1188      0.0022    0.019     %
   PW_Basis            gatherp_scatters    1.237          1188      0.001     0.0089    %
   PotXC               cal_v_eff           8.3354         143       0.058     0.06      %
   XC_Functional       v_xc                8.2973         143       0.058     0.06      %
   HSolverLCAO         solve               12746          132       97        92        %
   HamiltLCAO          updateHk            4759.6         4752      1         34        %
   OperatorLCAO        init                3947.9         9504      0.42      28        %
   Veff                contributeHk        3945.7         4752      0.83      28        %
   Gint_interface      cal_gint            5938.1         275       22        43        %
   Gint_interface      cal_gint_vlocal     2879           132       22        21        %
   Gint_k              folding_vl_k        1066.6         4752      0.22      7.7       %
   Gint_k              Distri              813.56         4752      0.17      5.9       %
   Overlap             contributeHR        5.1065         11        0.46      0.037     %
   LCAO_gen_fixedH     calculate_S_no      5.1065         11        0.46      0.037     %
   Ekinetic<OperatorLCAO>contributeHR        5.2013         11        0.47      0.037     %
   Nonlocal<OperatorLCAO>contributeHR        50.243         11        4.6       0.36      %
   LCAO_gen_fixedH     build_Nonlocal_mu_new159.52         22        7.3       1.1       %
   ORB_gen_tables      snap_psibeta_half   3.5194         1261758   2.8e-06   0.025     %
   OperatorLCAO        folding_fixed       751.12         4752      0.16      5.4       %
   LCAO_nnr            folding_fixedH      744.04         4752      0.16      5.4       %
   HSolverLCAO         hamiltSolvePsiK     1898.4         4752      0.4       14        %
   DiagoElpa           elpa_solve          1882.5         4752      0.4       14        %
   ElecStateLCAO       psiToRho            6088.2         132       46        44        %
   elecstate           cal_dm              153.19         143       1.1       1.1       %
   psiMulPsiMpi        pdgemm              149.03         5148      0.029     1.1       %
    Local_Orbital_wfc  wfc_2d_to_grid      26.588         4752      0.0056    0.19      %
   LCAO_Charge         cal_dk_k            3199.6         132       24        23        %
   Record_adj          for_grid            0.74761        132       0.0057    0.0054    %
   Gint_interface      cal_gint_rho        2513.5         132       19        18        %
   Charge              mix_rho             1.4854         121       0.012     0.011     %
   Force_Stress_LCAO   getForceStress      1071.5         11        97        7.7       %
   Forces              cal_force_loc       0.89459        11        0.081     0.0064    %
   Forces              cal_force_ew        0.88262        11        0.08      0.0064    %
   Forces              cal_force_scc       7.5032         11        0.68      0.054     %
   Stress_Func         stress_loc          6.4115         11        0.58      0.046     %
   Stress_Func         stress_ewa          0.40545        11        0.037     0.0029    %
   Stress_Func         stress_gga          0.39413        11        0.036     0.0028    %
   Force_LCAO_k        ftable_k            1055           11        96        7.6       %
   Force_LCAO_k        allocate_k          142.75         11        13        1         %
   Force_LCAO_k        cal_foverlap_k      29.034         11        2.6       0.21      %
   Force_LCAO_k        cal_edm_2d          28.047         11        2.5       0.2       %
   Local_Orbital_Chargecal_dm_R            12.59          22        0.57      0.091     %
   Force_LCAO_k        cal_ftvnl_dphi_k    0.32651        11        0.03      0.0024    %
   Force_LCAO_k        cal_fvl_dphi_k      545.65         11        50        3.9       %
   Gint_interface      cal_gint_force      545.65         11        50        3.9       %
   Force_LCAO_k        cal_fvnl_dbeta_k_new293.27         11        27        2.1       %
 ----------------------------------------------------------------------------------------

 START  Time  : Mon May 22 14:16:29 2023
 FINISH Time  : Mon May 22 18:07:45 2023
 TOTAL  Time  : 1.4e+04
 SEE INFORMATION IN : OUT.ABACUS/
