WARNING: Total thread number on this node mismatches with hardware availability. This may cause poor performance.
Info: Local MPI proc number: 16,OpenMP thread number: 1,Total thread number: 16,Local thread limit: 32
                                                                                     
                              ABACUS v3.1                                            

               Atomic-orbital Based Ab-initio Computation at UStc                    

                     Website: http://abacus.ustc.edu.cn/                             
               Documentation: https://abacus.deepmodeling.com/                       
                  Repository: https://github.com/abacusmodeling/abacus-develop       
                              https://github.com/deepmodeling/abacus-develop         

 Fri Feb  3 16:52:50 2023
 MAKE THE DIR         : OUT.ABACUS/
 MAKE THE STRU DIR    : OUT.ABACUS/STRU/
 UNIFORM GRID DIM     : 108 * 108 * 108
 UNIFORM GRID DIM(BIG): 54 * 54 * 54
 DONE(0.112524   SEC) : SETUP UNITCELL
 DONE(0.128104   SEC) : INIT K-POINTS
 ---------------------------------------------------------
 Molecular Dynamics simulations
 ---------------------------------------------------------
 ENSEMBLE                 : Langevin
 Time interval(fs)        : 1
 ---------------------------------------------------------
 SPIN    KPOINTS         PROCESSORS  NBASE       
 1       36              16          1408        
 ---------------------------------------------------------
 Use Systematically Improvable Atomic bases
 ---------------------------------------------------------
 ELEMENT ORBITALS        NBASE       NATOM       XC          
 Si      3s3p2d-9au      22          32          
 C       3s3p2d-9au      22          32          
 ---------------------------------------------------------
 Initial plane wave basis and FFT box
 ---------------------------------------------------------
--------------------------------- INITVEL DONE ------------------------------------
 -------------------------------------------
 STEP OF MOLECULAR DYNAMICS : 0
 -------------------------------------------
 START CHARGE      : atomic
 DONE(10.5086    SEC) : INIT SCF
 ITER   ETOT(eV)       EDIFF(eV)      DRHO       TIME(s)    
 GE1    -8.336101e+03  0.000000e+00   2.761e-01  9.970e+01  
 GE2    -8.387664e+03  -5.156283e+01  1.470e-01  9.420e+01  
 GE3    -8.398794e+03  -1.113035e+01  2.678e-02  9.223e+01  
 GE4    -8.395365e+03  3.429094e+00   4.932e-02  9.272e+01  
 GE5    -8.402166e+03  -6.800487e+00  3.587e-03  9.154e+01  
 GE6    -8.402183e+03  -1.747434e-02  1.535e-03  9.505e+01  
 GE7    -8.402186e+03  -2.968257e-03  5.218e-04  9.541e+01  
 GE8    -8.402187e+03  -5.636904e-04  4.022e-04  9.384e+01  
 GE9    -8.402187e+03  -4.665938e-04  2.160e-04  9.481e+01  
 GE10   -8.402187e+03  -1.267287e-04  5.764e-05  9.320e+01  
 GE11   -8.402187e+03  -1.200037e-05  3.083e-05  9.283e+01  
 GE12   -8.402187e+03  -1.800586e-06  5.405e-06  9.333e+01  
 GE13   -8.402187e+03  -4.750652e-08  3.159e-06  9.420e+01  
 GE14   -8.402187e+03  -3.682285e-08  2.255e-06  9.321e+01  
 GE15   -8.402187e+03  -1.382056e-08  3.984e-07  9.227e+01  
 ><><><><><><><><><><><><><><><><><><><><><><
 TOTAL-STRESS (KBAR):
 ><><><><><><><><><><><><><><><><><><><><><><
 1.083e+02      2.884e+01      5.484e+01      
 2.884e+01      9.929e+01      7.086e+01      
 5.484e+01      7.086e+01      1.254e+02      
 TOTAL-PRESSURE: 1.110e+02 KBAR
 ------------------------------------------------------------------------------------------------
 Energy              Potential           Kinetic             Temperature         Pressure (KBAR)     
 -3.088e+02          -3.088e+02          2.993e-03           1.000e+01           1.111e+02           
 ------------------------------------------------------------------------------------------------
 -------------------------------------------
 STEP OF MOLECULAR DYNAMICS : 1
 -------------------------------------------
 DONE(1.522e+03  SEC) : INIT SCF
 ITER   ETOT(eV)       EDIFF(eV)      DRHO       TIME(s)    
 GE1    -8.402224e+03  0.000000e+00   4.597e-04  1.027e+02  
 GE2    -8.402224e+03  1.489839e-05   2.847e-04  9.426e+01  
 GE3    -8.402224e+03  -1.803421e-04  2.219e-04  9.403e+01  
 GE4    -8.402224e+03  -1.527168e-04  7.174e-05  9.428e+01  
 GE5    -8.402224e+03  -1.472826e-05  3.575e-05  9.196e+01  
 GE6    -8.402224e+03  -3.954076e-06  1.278e-05  9.323e+01  
 GE7    -8.402224e+03  -3.783739e-07  3.549e-06  9.600e+01  
 GE8    -8.402224e+03  -2.845782e-08  1.592e-06  9.312e+01  
 GE9    -8.402224e+03  -2.502704e-09  8.575e-07  9.270e+01  
 ><><><><><><><><><><><><><><><><><><><><><><
 TOTAL-STRESS (KBAR):
 ><><><><><><><><><><><><><><><><><><><><><><
 1.080e+02      2.881e+01      5.479e+01      
 2.881e+01      9.914e+01      7.066e+01      
 5.479e+01      7.066e+01      1.253e+02      
 TOTAL-PRESSURE: 1.108e+02 KBAR
 ------------------------------------------------------------------------------------------------
 Energy              Potential           Kinetic             Temperature         Pressure (KBAR)     
 -3.088e+02          -3.088e+02          6.405e-03           2.140e+01           1.111e+02           
 ------------------------------------------------------------------------------------------------
 -------------------------------------------
 STEP OF MOLECULAR DYNAMICS : 2
 -------------------------------------------
 DONE(2.475e+03  SEC) : INIT SCF
 ITER   ETOT(eV)       EDIFF(eV)      DRHO       TIME(s)    
 GE1    -8.402290e+03  0.000000e+00   1.622e-03  1.014e+02  
 GE2    -8.402289e+03  8.451823e-04   9.725e-04  9.518e+01  
 GE3    -8.402291e+03  -1.984592e-03  9.035e-04  9.389e+01  
 GE4    -8.402293e+03  -2.460858e-03  2.243e-04  9.258e+01  
 GE5    -8.402293e+03  -1.315846e-04  1.225e-04  9.561e+01  
 GE6    -8.402293e+03  -4.097839e-05  4.187e-05  9.752e+01  
 GE7    -8.402293e+03  -3.625778e-06  1.016e-05  9.352e+01  
 GE8    -8.402293e+03  -2.197971e-07  5.448e-06  9.550e+01  
 GE9    -8.402293e+03  -9.366734e-08  2.442e-06  9.467e+01  
 GE10   -8.402293e+03  -1.679349e-08  6.431e-07  9.264e+01  
 ><><><><><><><><><><><><><><><><><><><><><><
 TOTAL-STRESS (KBAR):
 ><><><><><><><><><><><><><><><><><><><><><><
 1.074e+02      2.863e+01      5.498e+01      
 2.863e+01      9.876e+01      6.995e+01      
 5.498e+01      6.995e+01      1.252e+02      
 TOTAL-PRESSURE: 1.105e+02 KBAR
 ------------------------------------------------------------------------------------------------
 Energy              Potential           Kinetic             Temperature         Pressure (KBAR)     
 -3.088e+02          -3.088e+02          1.615e-02           5.398e+01           1.112e+02           
 ------------------------------------------------------------------------------------------------
 -------------------------------------------
 STEP OF MOLECULAR DYNAMICS : 3
 -------------------------------------------
 DONE(3.527e+03  SEC) : INIT SCF
 ITER   ETOT(eV)       EDIFF(eV)      DRHO       TIME(s)    
 GE1    -8.402346e+03  0.000000e+00   2.068e-03  1.009e+02  
 GE2    -8.402346e+03  -3.569246e-04  1.194e-03  9.105e+01  
 GE3    -8.402349e+03  -2.703070e-03  9.547e-04  9.274e+01  
 GE4    -8.402351e+03  -2.478880e-03  2.967e-04  9.326e+01  
 GE5    -8.402351e+03  -2.495731e-04  1.650e-04  9.281e+01  
 GE6    -8.402351e+03  -9.242550e-05  5.558e-05  9.610e+01  
 GE7    -8.402352e+03  -7.412247e-06  1.275e-05  9.437e+01  
 GE8    -8.402352e+03  -3.228782e-07  4.248e-06  9.459e+01  
 GE9    -8.402352e+03  -2.876718e-08  1.917e-06  9.490e+01  
 GE10   -8.402352e+03  -1.389171e-08  1.130e-06  9.959e+01  
 GE11   -8.402352e+03  -3.634954e-09  2.522e-07  9.330e+01  
 ><><><><><><><><><><><><><><><><><><><><><><
 TOTAL-STRESS (KBAR):
 ><><><><><><><><><><><><><><><><><><><><><><
 1.071e+02      2.801e+01      5.456e+01      
 2.801e+01      9.844e+01      7.018e+01      
 5.456e+01      7.018e+01      1.252e+02      
 TOTAL-PRESSURE: 1.102e+02 KBAR
 ------------------------------------------------------------------------------------------------
 Energy              Potential           Kinetic             Temperature         Pressure (KBAR)     
 -3.088e+02          -3.088e+02          2.681e-02           8.959e+01           1.114e+02           
 ------------------------------------------------------------------------------------------------
 -------------------------------------------
 STEP OF MOLECULAR DYNAMICS : 4
 -------------------------------------------
 DONE(4.673e+03  SEC) : INIT SCF
 ITER   ETOT(eV)       EDIFF(eV)      DRHO       TIME(s)    
 GE1    -8.402428e+03  0.000000e+00   2.371e-03  1.019e+02  
 GE2    -8.402421e+03  6.579915e-03   1.660e-03  9.440e+01  
 GE3    -8.402430e+03  -8.460396e-03  1.630e-03  9.467e+01  
 GE4    -8.402437e+03  -7.285511e-03  3.077e-04  9.475e+01  
 GE5    -8.402437e+03  -1.751333e-04  1.574e-04  9.409e+01  
 GE6    -8.402437e+03  -6.021714e-05  6.511e-05  9.280e+01  
 GE7    -8.402437e+03  -8.788461e-06  2.174e-05  9.387e+01  
 GE8    -8.402437e+03  -1.441355e-06  1.006e-05  9.339e+01  
 GE9    -8.402437e+03  -3.204977e-07  3.428e-06  9.209e+01  
 GE10   -8.402437e+03  -2.751737e-08  7.432e-07  9.554e+01  
 ><><><><><><><><><><><><><><><><><><><><><><
 TOTAL-STRESS (KBAR):
 ><><><><><><><><><><><><><><><><><><><><><><
 1.062e+02      2.736e+01      5.426e+01      
 2.736e+01      9.799e+01      6.971e+01      
 5.426e+01      6.971e+01      1.250e+02      
 TOTAL-PRESSURE: 1.097e+02 KBAR
 ------------------------------------------------------------------------------------------------
 Energy              Potential           Kinetic             Temperature         Pressure (KBAR)     
 -3.087e+02          -3.088e+02          3.792e-02           1.267e+02           1.115e+02           
 ------------------------------------------------------------------------------------------------
 -------------------------------------------
 STEP OF MOLECULAR DYNAMICS : 5
 -------------------------------------------
 DONE(5.720e+03  SEC) : INIT SCF
 ITER   ETOT(eV)       EDIFF(eV)      DRHO       TIME(s)    
 GE1    -8.402493e+03  0.000000e+00   2.602e-03  1.028e+02  
 GE2    -8.402494e+03  -1.296376e-03  1.398e-03  9.379e+01  
 GE3    -8.402498e+03  -4.076249e-03  1.105e-03  9.348e+01  
 GE4    -8.402501e+03  -3.088441e-03  3.313e-04  9.329e+01  
 GE5    -8.402502e+03  -3.230471e-04  2.358e-04  9.365e+01  
 GE6    -8.402502e+03  -1.849775e-04  6.741e-05  9.387e+01  
 GE7    -8.402502e+03  -1.033480e-05  1.372e-05  9.598e+01  
 GE8    -8.402502e+03  -3.471814e-07  5.682e-06  9.194e+01  
 GE9    -8.402502e+03  -6.499297e-08  2.225e-06  9.045e+01  
 GE10   -8.402502e+03  -1.717554e-08  1.327e-06  9.318e+01  
 GE11   -8.402502e+03  -4.762563e-09  3.990e-07  9.648e+01  
 ><><><><><><><><><><><><><><><><><><><><><><
 TOTAL-STRESS (KBAR):
 ><><><><><><><><><><><><><><><><><><><><><><
 1.054e+02      2.797e+01      5.504e+01      
 2.797e+01      9.780e+01      6.827e+01      
 5.504e+01      6.827e+01      1.251e+02      
 TOTAL-PRESSURE: 1.094e+02 KBAR
 ------------------------------------------------------------------------------------------------
 Energy              Potential           Kinetic             Temperature         Pressure (KBAR)     
 -3.087e+02          -3.088e+02          3.685e-02           1.231e+02           1.111e+02           
 ------------------------------------------------------------------------------------------------
 -------------------------------------------
 STEP OF MOLECULAR DYNAMICS : 6
 -------------------------------------------
 DONE(6.861e+03  SEC) : INIT SCF
 ITER   ETOT(eV)       EDIFF(eV)      DRHO       TIME(s)    
 GE1    -8.402466e+03  0.000000e+00   2.926e-03  1.010e+02  
 GE2    -8.402459e+03  6.224423e-03   2.029e-03  9.154e+01  
 GE3    -8.402471e+03  -1.120120e-02  1.799e-03  9.485e+01  
 GE4    -8.402480e+03  -9.116515e-03  4.227e-04  9.100e+01  
 GE5    -8.402480e+03  -4.371541e-04  2.083e-04  9.169e+01  
 GE6    -8.402480e+03  -1.185361e-04  7.473e-05  9.191e+01  
 GE7    -8.402480e+03  -1.138093e-05  2.023e-05  9.179e+01  
 GE8    -8.402480e+03  -8.269984e-07  7.441e-06  9.299e+01  
 GE9    -8.402480e+03  -1.311878e-07  3.948e-06  9.355e+01  
 GE10   -8.402480e+03  -5.711054e-08  1.360e-06  9.122e+01  
 GE11   -8.402480e+03  -4.765656e-09  3.620e-07  9.433e+01  
 ><><><><><><><><><><><><><><><><><><><><><><
 TOTAL-STRESS (KBAR):
 ><><><><><><><><><><><><><><><><><><><><><><
 1.054e+02      2.845e+01      5.435e+01      
 2.845e+01      9.783e+01      6.882e+01      
 5.435e+01      6.882e+01      1.252e+02      
 TOTAL-PRESSURE: 1.094e+02 KBAR
 ------------------------------------------------------------------------------------------------
 Energy              Potential           Kinetic             Temperature         Pressure (KBAR)     
 -3.087e+02          -3.088e+02          5.152e-02           1.721e+02           1.118e+02           
 ------------------------------------------------------------------------------------------------
 -------------------------------------------
 STEP OF MOLECULAR DYNAMICS : 7
 -------------------------------------------
 DONE(7.984e+03  SEC) : INIT SCF
 ITER   ETOT(eV)       EDIFF(eV)      DRHO       TIME(s)    
 GE1    -8.402429e+03  0.000000e+00   3.282e-03  1.009e+02  
 GE2    -8.402425e+03  3.977764e-03   2.039e-03  9.488e+01  
 GE3    -8.402435e+03  -1.038536e-02  1.815e-03  9.182e+01  
 GE4    -8.402445e+03  -9.177991e-03  4.506e-04  9.349e+01  
 GE5    -8.402445e+03  -5.336553e-04  2.596e-04  9.205e+01  
 GE6    -8.402445e+03  -2.033326e-04  8.369e-05  9.008e+01  
 GE7    -8.402445e+03  -1.493713e-05  1.978e-05  9.072e+01  
 GE8    -8.402445e+03  -8.861537e-07  1.067e-05  9.147e+01  
 GE9    -8.402445e+03  -3.696361e-07  4.537e-06  9.040e+01  
 GE10   -8.402445e+03  -6.941833e-08  1.287e-06  9.183e+01  
 GE11   -8.402445e+03  -3.245163e-09  3.891e-07  9.157e+01  
 ><><><><><><><><><><><><><><><><><><><><><><
 TOTAL-STRESS (KBAR):
 ><><><><><><><><><><><><><><><><><><><><><><
 1.053e+02      2.951e+01      5.493e+01      
 2.951e+01      9.830e+01      6.889e+01      
 5.493e+01      6.889e+01      1.254e+02      
 TOTAL-PRESSURE: 1.097e+02 KBAR
 ------------------------------------------------------------------------------------------------
 Energy              Potential           Kinetic             Temperature         Pressure (KBAR)     
 -3.087e+02          -3.088e+02          6.652e-02           2.223e+02           1.127e+02           
 ------------------------------------------------------------------------------------------------
 -------------------------------------------
 STEP OF MOLECULAR DYNAMICS : 8
 -------------------------------------------
 DONE(9.102e+03  SEC) : INIT SCF
 ITER   ETOT(eV)       EDIFF(eV)      DRHO       TIME(s)    
 GE1    -8.402452e+03  0.000000e+00   3.748e-03  9.940e+01  
 GE2    -8.402451e+03  1.773110e-04   2.082e-03  9.400e+01  
 GE3    -8.402459e+03  -7.722338e-03  1.776e-03  9.212e+01  
 GE4    -8.402469e+03  -9.929941e-03  5.453e-04  9.223e+01  
 GE5    -8.402470e+03  -8.373094e-04  2.904e-04  9.038e+01  
 GE6    -8.402470e+03  -2.794349e-04  1.004e-04  9.232e+01  
 GE7    -8.402470e+03  -2.264958e-05  2.045e-05  9.163e+01  
 GE8    -8.402470e+03  -8.028514e-07  8.358e-06  9.074e+01  
 GE9    -8.402470e+03  -1.356580e-07  4.035e-06  1.058e+02  
 GE10   -8.402470e+03  -5.722345e-08  1.754e-06  1.099e+02  
 GE11   -8.402470e+03  -8.207261e-09  5.487e-07  1.041e+02  
 ><><><><><><><><><><><><><><><><><><><><><><
 TOTAL-STRESS (KBAR):
 ><><><><><><><><><><><><><><><><><><><><><><
 1.049e+02      2.952e+01      5.459e+01      
 2.952e+01      9.841e+01      6.913e+01      
 5.459e+01      6.913e+01      1.256e+02      
 TOTAL-PRESSURE: 1.097e+02 KBAR
 ------------------------------------------------------------------------------------------------
 Energy              Potential           Kinetic             Temperature         Pressure (KBAR)     
 -3.087e+02          -3.088e+02          7.942e-02           2.654e+02           1.132e+02           
 ------------------------------------------------------------------------------------------------
 -------------------------------------------
 STEP OF MOLECULAR DYNAMICS : 9
 -------------------------------------------
 DONE(1.027e+04  SEC) : INIT SCF
 ITER   ETOT(eV)       EDIFF(eV)      DRHO       TIME(s)    
 GE1    -8.402385e+03  0.000000e+00   4.081e-03  1.174e+02  
 GE2    -8.402373e+03  1.183403e-02   2.943e-03  1.073e+02  
 GE3    -8.402396e+03  -2.235248e-02  2.513e-03  1.104e+02  
 GE4    -8.402414e+03  -1.843083e-02  6.149e-04  1.058e+02  
 GE5    -8.402415e+03  -1.012130e-03  3.118e-04  1.038e+02  
 GE6    -8.402415e+03  -2.599765e-04  1.042e-04  1.105e+02  
 GE7    -8.402415e+03  -2.208706e-05  2.751e-05  1.059e+02  
 GE8    -8.402415e+03  -1.483148e-06  1.314e-05  1.082e+02  
 GE9    -8.402415e+03  -5.133792e-07  6.264e-06  1.103e+02  
 GE10   -8.402415e+03  -1.271538e-07  1.596e-06  1.080e+02  
 GE11   -8.402415e+03  -5.569986e-09  5.497e-07  1.091e+02  
 ><><><><><><><><><><><><><><><><><><><><><><
 TOTAL-STRESS (KBAR):
 ><><><><><><><><><><><><><><><><><><><><><><
 1.055e+02      2.941e+01      5.337e+01      
 2.941e+01      9.854e+01      7.070e+01      
 5.337e+01      7.070e+01      1.258e+02      
 TOTAL-PRESSURE: 1.099e+02 KBAR
 ------------------------------------------------------------------------------------------------
 Energy              Potential           Kinetic             Temperature         Pressure (KBAR)     
 -3.087e+02          -3.088e+02          7.506e-02           2.508e+02           1.133e+02           
 ------------------------------------------------------------------------------------------------
 -------------------------------------------
 STEP OF MOLECULAR DYNAMICS : 10
 -------------------------------------------
 DONE(1.158e+04  SEC) : INIT SCF
 ITER   ETOT(eV)       EDIFF(eV)      DRHO       TIME(s)    
 GE1    -8.402406e+03  0.000000e+00   3.751e-03  1.179e+02  
 GE2    -8.402401e+03  5.179020e-03   2.238e-03  1.043e+02  
 GE3    -8.402412e+03  -1.146387e-02  2.093e-03  1.068e+02  
 GE4    -8.402425e+03  -1.281321e-02  4.848e-04  1.089e+02  
 GE5    -8.402426e+03  -6.556665e-04  2.860e-04  1.084e+02  
 GE6    -8.402426e+03  -2.659624e-04  9.856e-05  1.055e+02  
 GE7    -8.402426e+03  -2.012214e-05  2.031e-05  1.049e+02  
 GE8    -8.402426e+03  -7.875320e-07  7.811e-06  1.099e+02  
 GE9    -8.402426e+03  -1.117447e-07  3.106e-06  1.088e+02  
 GE10   -8.402426e+03  -3.283987e-08  1.870e-06  1.079e+02  
 GE11   -8.402426e+03  -9.692178e-09  5.329e-07  1.065e+02  
 ><><><><><><><><><><><><><><><><><><><><><><
 TOTAL-STRESS (KBAR):
 ><><><><><><><><><><><><><><><><><><><><><><
 1.050e+02      3.030e+01      5.529e+01      
 3.030e+01      9.882e+01      6.910e+01      
 5.529e+01      6.910e+01      1.260e+02      
 TOTAL-PRESSURE: 1.099e+02 KBAR
 ------------------------------------------------------------------------------------------------
 Energy              Potential           Kinetic             Temperature         Pressure (KBAR)     
 -3.087e+02          -3.088e+02          8.470e-02           2.830e+02           1.137e+02           
 ------------------------------------------------------------------------------------------------

  |CLASS_NAME---------|NAME---------------|TIME(Sec)-----|CALLS----|AVG------|PER%-------
                       total               12881          27        4.8e+02   1e+02     %
   Driver              driver_line         12881          1         1.3e+04   1e+02     %
   PW_Basis            setup_struc_factor  0.88158        11        0.08      0.0068    %
   ORB_control         read_orb_first      0.1548         1         0.15      0.0012    %
   LCAO_Orbitals       Read_Orbitals       0.1548         1         0.15      0.0012    %
   ORB_control         set_orb_tables      7.1918         1         7.2       0.056     %
   ORB_gen_tables      gen_tables          7.1918         1         7.2       0.056     %
   ORB_table_phi       init_Table          5.7147         1         5.7       0.044     %
   ORB_table_phi       cal_ST_Phi12_R      5.6722         558       0.01      0.044     %
   ORB_table_beta      init_Table_Beta     1.2402         1         1.2       0.0096    %
   ORB_table_beta      VNL_PhiBeta_R       1.2318         168       0.0073    0.0096    %
   ppcell_vl           init_vloc           0.21911        1         0.22      0.0017    %
   Run_MD              md_line             12872          1         1.3e+04   1e+02     %
   Langevin            setup               1511.5         1         1.5e+03   12        %
   MD_func             force_virial        12872          11        1.2e+03   1e+02     %
   ESolver_KS_LCAO     Run                 11768          11        1.1e+03   91        %
   ESolver_KS_LCAO     beforescf           30.403         11        2.8       0.24      %
   ESolver_KS_LCAO     beforesolver        8.9097         11        0.81      0.069     %
   ESolver_KS_LCAO     set_matrix_grid     5.8342         11        0.53      0.045     %
   Grid_Technique      init                2.926          11        0.27      0.023     %
   Grid_BigCell        grid_expansion_index0.63287        22        0.029     0.0049    %
   Record_adj          for_2d              2.5644         11        0.23      0.02      %
   Grid_Driver         Find_atom           18.169         583616    3.1e-05   0.14      %
   Charge              atomic_rho          19.335         21        0.92      0.15      %
   PW_Basis            recip2real          9.337          725       0.013     0.072     %
   PW_Basis            gathers_scatterp    7.9913         725       0.011     0.062     %
   Potential           init_pot            0.82519        11        0.075     0.0064    %
   Potential           update_from_charge  9.5876         132       0.073     0.074     %
   Potential           cal_v_eff           9.5341         132       0.072     0.074     %
   H_Hartree_pw        v_hartree           1.0155         132       0.0077    0.0079    %
   PW_Basis            real2recip          3.3967         1100      0.0031    0.026     %
   PW_Basis            gatherp_scatters    1.6007         1100      0.0015    0.012     %
   PotXC               cal_v_eff           8.4541         132       0.064     0.066     %
   XC_Functional       v_xc                8.4032         132       0.064     0.065     %
   HSolverLCAO         solve               11723          121       97        91        %
   HamiltLCAO          updateHk            4354.2         4356      1         34        %
   OperatorLCAO        init                3664           8712      0.42      28        %
   Veff                contributeHk        3661.9         4356      0.84      28        %
   Gint_interface      cal_gint            5760.8         253       23        45        %
   Gint_interface      cal_gint_vlocal     2794           121       23        22        %
   Gint_k              folding_vl_k        867.9          4356      0.2       6.7       %
   Gint_k              Distri              588.34         4356      0.14      4.6       %
   Overlap             contributeHR        4.5176         11        0.41      0.035     %
   LCAO_gen_fixedH     calculate_S_no      4.5176         11        0.41      0.035     %
   Ekin<LCAO>          contributeHR        4.5665         11        0.42      0.035     %
   Nonlocal<LCAO>      contributeHR        50.222         11        4.6       0.39      %
   LCAO_gen_fixedH     build_Nonlocal_mu_new161.58         22        7.3       1.3       %
   ORB_gen_tables      snap_psibeta_half   3.3113         1139049   2.9e-06   0.026     %
   OperatorLCAO        folding_fixed       630.82         4356      0.14      4.9       %
   LCAO_nnr            folding_fixedH      624.15         4356      0.14      4.8       %
   HSolverLCAO         hamiltSolvePsiK     2004.1         4356      0.46      16        %
   DiagoElpa           elpa_solve          1601.8         4356      0.37      12        %
   ElecStateLCAO       psiToRho            5364.7         121       44        42        %
   elecstate           cal_dm              178.9          132       1.4       1.4       %
   psiMulPsiMpi        pdgemm              173.73         4752      0.037     1.3       %
    Local_Orbital_wfc  wfc_2d_to_grid      26.813         4356      0.0062    0.21      %
   LCAO_Charge         cal_dk_k            2709.4         121       22        21        %
   Record_adj          for_grid            0.67919        121       0.0056    0.0053    %
   Gint_interface      cal_gint_rho        2428.1         121       20        19        %
   Charge              mix_rho             1.2989         110       0.012     0.01      %
   Force_Stress_LCAO   getForceStress      1104.2         11        1e+02     8.6       %
   Forces              cal_force_loc       0.90448        11        0.082     0.007     %
   Forces              cal_force_ew        0.83401        11        0.076     0.0065    %
   Forces              cal_force_scc       10.137         11        0.92      0.079     %
   Stress_Func         stress_loc          7.2218         11        0.66      0.056     %
   Stress_Func         stress_ewa          0.43038        11        0.039     0.0033    %
   Stress_Func         stress_gga          0.42727        11        0.039     0.0033    %
   Force_LCAO_k        ftable_k            1084.2         11        99        8.4       %
   Force_LCAO_k        allocate_k          143.7          11        13        1.1       %
   Force_LCAO_k        cal_foverlap_k      62.624         11        5.7       0.49      %
   Force_LCAO_k        cal_edm_2d          61.729         11        5.6       0.48      %
   Local_Orbital_Chargecal_dm_R            11.818         22        0.54      0.092     %
   Force_LCAO_k        cal_ftvnl_dphi_k    0.25988        11        0.024     0.002     %
   Force_LCAO_k        cal_fvl_dphi_k      538.68         11        49        4.2       %
   Gint_interface      cal_gint_force      538.68         11        49        4.2       %
   Force_LCAO_k        cal_fvnl_dbeta_k_new329.06         11        30        2.6       %
 ----------------------------------------------------------------------------------------

 START  Time  : Fri Feb  3 16:52:50 2023
 FINISH Time  : Fri Feb  3 20:27:31 2023
 TOTAL  Time  : 1.3e+04
 SEE INFORMATION IN : OUT.ABACUS/
