                                                                                     
                              ABACUS v3.9.0.25

               Atomic-orbital Based Ab-initio Computation at UStc                    

                     Website: http://abacus.ustc.edu.cn/                             
               Documentation: https://abacus.deepmodeling.com/                       
                  Repository: https://github.com/abacusmodeling/abacus-develop       
                              https://github.com/deepmodeling/abacus-develop         
                      Commit: 5d834e975 (Mon Mar 9 11:19:58 2026 +0800)

    Start Time is Tue Mar 17 17:57:17 2026
                                                                                     
 ------------------------------------------------------------------------------------

 READING GENERAL INFORMATION
                           global_out_dir = OUT.ABACUS/
                           global_in_card = INPUT
                               pseudo_dir = 
                              orbital_dir = 
                                    DRANK = 1
                                    DSIZE = 8
                                   DCOLOR = 1
                                    GRANK = 1
                                    GSIZE = 1


 >>>>>>>>>>>>>>>>>>>>>>>>>>>>>>>>>>>>>>>>>>>>>>>>>>>>>>>>>>>>>>>>>>>>>>
 |                                                                    |
 |                        #Setup Unitcell#                            |
 | From the input file and the structure file we know the number of   |
 | different elments in this unitcell, then we list the detail        |
 | information for each element, especially the zeta and polar atomic |
 | orbital number for each element. The total atom number is counted. |
 | We calculate the nearest atom distance for each atom and show the  |
 | Cartesian and Direct coordinates for each atom. We list the file   |
 | address for atomic orbitals. The volume and the lattice vectors    |
 | in real and reciprocal space is also shown.                        |
 |                                                                    |
 <<<<<<<<<<<<<<<<<<<<<<<<<<<<<<<<<<<<<<<<<<<<<<<<<<<<<<<<<<<<<<<<<<<<<<

 READING UNITCELL INFORMATION
                       Number of elements = 3
                  Lattice constant (Bohr) = 1.88972
              Lattice constant (Angstrom) = 0.999994

 READING ATOM TYPE 1
                               Atom label = Ba
                      L=0, number of zeta = 1
                      L=1, number of zeta = 1
                      L=2, number of zeta = 1
            Number of atoms for this type = 3

 READING ATOM TYPE 2
                               Atom label = Ti
                      L=0, number of zeta = 1
                      L=1, number of zeta = 1
                      L=2, number of zeta = 1
            Number of atoms for this type = 3

 READING ATOM TYPE 3
                               Atom label = O
                      L=0, number of zeta = 1
                      L=1, number of zeta = 1
                      L=2, number of zeta = 1
            Number of atoms for this type = 9

                        TOTAL ATOM NUMBER = 15

 DIRECT COORDINATES
 atom                  x                  y                  z     mag
   Ba     0.000000000000     0.000000000000     0.002069000000  0.0000
   Ba     0.666666700001     0.333333299999     0.335402299999  0.0000
   Ba     0.333333299999     0.666666700001     0.668735699999  0.0000
   Ti     0.000000000000     0.000000000000     0.516439999999  0.0000
   Ti     0.666666700001     0.333333299999     0.849773300000  0.0000
   Ti     0.333333299999     0.666666700001     0.183106700000  0.0000
    O     0.836955299999     0.673910699999     0.647663700000  0.0000
    O     0.326089300001     0.163044700001     0.647663700000  0.0000
    O     0.836955299999     0.163044700001     0.647663700000  0.0000
    O     0.503622000000     0.007244000000     0.980997000001  0.0000
    O     0.992756000000     0.496378000000     0.980997000001  0.0000
    O     0.503622000000     0.496378000000     0.980997000001  0.0000
    O     0.170288699999     0.340577299999     0.314330300000  0.0000
    O     0.659422700001     0.829711300001     0.314330300000  0.0000
    O     0.170288699999     0.829711300001     0.314330300000  0.0000

 ATOMIC VELOCITIES
 atom                 vx                 vy                 vz
   Ba                  0                  0                  0
   Ba                  0                  0                  0
   Ba                  0                  0                  0
   Ti                  0                  0                  0
   Ti                  0                  0                  0
   Ti                  0                  0                  0
    O                  0                  0                  0
    O                  0                  0                  0
    O                  0                  0                  0
    O                  0                  0                  0
    O                  0                  0                  0
    O                  0                  0                  0
    O                  0                  0                  0
    O                  0                  0                  0
    O                  0                  0                  0

                     Cell volume (Bohr^3) = 1376.04
                        Cell volume (A^3) = 203.907

 Lattice vectors: (Cartesian coordinate: in unit of a_0)
             +5.75467                  +0                  +0
             -2.87734            +4.98369                  +0
                   +0                  +0            +7.10999
 Reciprocal vectors: (Cartesian coordinate: in unit of 2 pi/a_0)
            +0.173772           +0.100327                  -0
                   -0           +0.200655                  -0
                   +0                  -0           +0.140647

 #ENERGY SOLVER# ksdft_pw
 RUNNING WITH DEVICE  : CPU / Intel(R) Xeon(R) Gold 6132 CPU @ 2.60GHz (x2)


 >>>>>>>>>>>>>>>>>>>>>>>>>>>>>>>>>>>>>>>>>>>>>>>>>>>>>>>>>>>>>>>>>>>>>>
 |                                                                    |
 |                 #Read Pseudopotentials Files#                      |
 | ABACUS supports norm-conserving (NC) pseudopotentials for both     |
 | plane wave basis and numerical atomic orbital basis sets.          |
 | In addition, ABACUS supports ultrasoft pseudopotentials (USPP)     |
 | for plane wave basis set.                                          |
 |                                                                    |
 <<<<<<<<<<<<<<<<<<<<<<<<<<<<<<<<<<<<<<<<<<<<<<<<<<<<<<<<<<<<<<<<<<<<<<

                PAO radial cut off (Bohr) = 15
                     Pseudopotential file = ./Ba.upf
                     Pseudopotential type = NC
          Exchange-correlation functional = PBE
                 Nonlocal core correction = 1
                        Valence electrons = 10
                                     Lmax = 3
                           Number of zeta = 3
                     Number of projectors = 8
                           L of projector = 0
                           L of projector = 0
                           L of projector = 1
                           L of projector = 1
                           L of projector = 2
                           L of projector = 2
                           L of projector = 3
                           L of projector = 3
                PAO radial cut off (Bohr) = 15
                     Pseudopotential file = ./Ti.upf
                     Pseudopotential type = NC
          Exchange-correlation functional = PBE
                 Nonlocal core correction = 1
                        Valence electrons = 12
                                     Lmax = 2
                           Number of zeta = 4
                     Number of projectors = 6
                           L of projector = 0
                           L of projector = 0
                           L of projector = 1
                           L of projector = 1
                           L of projector = 2
                           L of projector = 2
                PAO radial cut off (Bohr) = 15
                     Pseudopotential file = ./O.upf
                     Pseudopotential type = NC
          Exchange-correlation functional = PBE
                 Nonlocal core correction = 1
                        Valence electrons = 6
                                     Lmax = 2
                           Number of zeta = 2
                     Number of projectors = 5
                           L of projector = 0
                           L of projector = 0
                           L of projector = 1
                           L of projector = 1
                           L of projector = 2
         Number of pseudo atomic orbitals = 81
            Electron number of element Ba = 10
      Total electron number of element Ba = 30
            Electron number of element Ti = 12
      Total electron number of element Ti = 36
             Electron number of element O = 6
       Total electron number of element O = 54
          Autoset the number of electrons = 120
               Occupied electronic states = 60
     Number of electronic states (NBANDS) = 72

%%%%%%%%%%%%%%%%%%%%%%%%%%%%%%%%%%%%%%%%%%%%%%%%%%%%%%%%%%%%%%%%%%%%%%%%%%%%%%%%%%%%%%%%%%%%%%%%%%%%%%%%%%
 Warning: the number of valence electrons in pseudopotential > 2 for Ba: [Xe] 6s2
 Warning: the number of valence electrons in pseudopotential > 4 for Ti: [Ar] 3d2 4s2
 Pseudopotentials with additional electrons can yield (more) accurate outcomes, but may be less efficient.
 If you're confident that your chosen pseudopotential is appropriate, you can safely ignore this warning.
%%%%%%%%%%%%%%%%%%%%%%%%%%%%%%%%%%%%%%%%%%%%%%%%%%%%%%%%%%%%%%%%%%%%%%%%%%%%%%%%%%%%%%%%%%%%%%%%%%%%%%%%%%
                  


 >>>>>>>>>>>>>>>>>>>>>>>>>>>>>>>>>>>>>>>>>>>>>>>>>>>>>>>>>>>>>>>>>>>>>>
 |                                                                    |
 |           #Setup Plane Waves of Charge/Potential#                  |
 | Use the kinetic energy cutoff and the lattice vectors to generate  |
 | the dimensions of FFT grid, which is used to represent the charge  |
 | density or potential. If USPP is used, a double grid technique     |
 | is applied.                                                        |
 |                                                                    |
 <<<<<<<<<<<<<<<<<<<<<<<<<<<<<<<<<<<<<<<<<<<<<<<<<<<<<<<<<<<<<<<<<<<<<<

 SETUP PLANE WAVES FOR CHARGE/POTENTIAL
 FFT DIMENSIONS ARE FROM INPUT
 KINETIC ENEGY CUTOFF IS DETERMINED FROM nx, ny, nz
  Energy cutoff for charge/potential (Ry) = 895.754
            FFT grid for charge/potential = [ 128, 128, 128 ]
           Number of FFT grids this proc. = 262144
                Division for big FFT grid = [ 1, 1, 1 ]
      FFT (big) grid for charge/potential = [ 128, 128, 128 ]
     Number of FFT (big) grids this proc. = 262144
                    Number of plane waves = 158661
        Number of sticks on FFT x-y plane = 2917

 PARALLEL PW FOR CHARGE/POTENTIAL
     PROC   COLUMNS(POT)             PW
        1            365          19835
        2            365          19835
        3            365          19835
        4            365          19835
        5            364          19828
        6            364          19828
        7            365          19835
        8            364          19830
 --------------- SUM -------------------
        8           2917         158661

                            Number of |g| = 9634
                                  Max |g| = 32.5621
                                  Min |g| = 0.0402622


 >>>>>>>>>>>>>>>>>>>>>>>>>>>>>>>>>>>>>>>>>>>>>>>>>>>>>>>>>>>>>>>>>>>>>>
 |                                                                    |
 |                      #Symmetry Analysis#                           |
 | We calculate the norm of 3 vectors and the angles between them,    |
 | the type of Bravais lattice is given. We can judge if the unticell |
 | is a primitive cell. Finally we give the point group operation for |
 | this unitcell. We use the point group operations to perform        |
 | symmetry analysis on given k-point mesh and the charge density.    |
 |                                                                    |
 <<<<<<<<<<<<<<<<<<<<<<<<<<<<<<<<<<<<<<<<<<<<<<<<<<<<<<<<<<<<<<<<<<<<<<

 LATTICE VECTORS: (CARTESIAN COORDINATE: IN UNIT OF A0)
             +5.75467                  +0                  +0
             -2.87734            +4.98369                  +0
                   +0                  +0            +7.10999
                     Right-handed lattice = 1
                                   NORM_A = 5.75467
                                   NORM_B = 5.75467
                                   NORM_C = 7.10999
                           ALPHA (DEGREE) = 90
                           BETA  (DEGREE) = 90
                           GAMMA (DEGREE) = 120

 The lattice vectors have been changed (STRU_SIMPLE.cif)

 For optimal symmetric configuration:
                             BRAVAIS TYPE = 12
                     BRAVAIS LATTICE NAME = 12. Monoclinic P (simple)
                                    ibrav = 12
                                    IBRAV = 12
                                  BRAVAIS = SIMPLE MONOLINIC CELL
                       LATTICE CONSTANT A = 5.75467
                                B/A RATIO = 1.23552
                                C/A RATIO = 1.73205
                                COS(BETA) = -0.866026
                     Right-handed lattice = 1
(for primitive cell:)
                                    IBRAV = 13
                                  BRAVAIS = BASE CENTERED MONOLINIC CELL
                       LATTICE CONSTANT A = 19.2489
                                B/A RATIO = 0.298961
                                C/A RATIO = 0.639359
                                COS(BETA) = -0.995016
optimized lattice volume: 203.911
optimized primitive cell volume: 67.9703
Original cell was built up by 3 primitive cells.
              Number of rotation matrices = 4
              PURE POINT GROUP OPERATIONS = 1
                   SPACE GROUP OPERATIONS = 1
                              POINT GROUP = C_1
               POINT GROUP IN SPACE GROUP = C_1
 DONE : SYMMETRY Time : 0.136244 (SEC)

 DONE : SETUP UNITCELL Time : 0.136265 (SEC)


 >>>>>>>>>>>>>>>>>>>>>>>>>>>>>>>>>>>>>>>>>>>>>>>>>>>>>>>>>>>>>>>>>>>>>>
 |                                                                    |
 |                       #Setup K-points#                             |
 | We setup the k-points according to input parameters.               |
 | The reduced k-points are set according to symmetry operations.     |
 | We treat the spin as another set of k-points.                      |
 |                                                                    |
 <<<<<<<<<<<<<<<<<<<<<<<<<<<<<<<<<<<<<<<<<<<<<<<<<<<<<<<<<<<<<<<<<<<<<<


 SETUP K-POINTS
                                    nspin = 1
                   Input type of k points = Monkhorst-Pack(Gamma)
                                   nkstot = 294
                     Right-handed lattice = 1

 For reciprocal-space lattice
                     Bravais lattice type = 4
                     Bravais lattice name = 04. Hexagonal cell
Error: Bravais lattice type of reciprocal lattice is not compatible with that of real space lattice:
ibrav of real space lattice: 12. Monoclinic P (simple)
ibrav of reciprocal lattice: 04. Hexagonal cell
(which should be 12).
           Number of irreducible k-points = 148

 K-POINTS REDUCTION ACCORDING TO SYMMETRY
     IBZ    DIRECT_X    DIRECT_Y    DIRECT_Z  WEIGHT  ibz2bz
       1  0.00000000  0.00000000  0.00000000  0.0034       0
       2  0.14285714  0.00000000  0.00000000  0.0068       1
       3  0.28571429  0.00000000  0.00000000  0.0068       2
       4  0.42857143  0.00000000  0.00000000  0.0068       3
       5  0.00000000  0.14285714  0.00000000  0.0068       7
       6  0.14285714  0.14285714  0.00000000  0.0068       8
       7  0.28571429  0.14285714  0.00000000  0.0068       9
       8  0.42857143  0.14285714  0.00000000  0.0068      10
       9  0.42857143 -0.14285714  0.00000000  0.0068      11
      10  0.28571429 -0.14285714  0.00000000  0.0068      12
      11 -0.14285714  0.14285714  0.00000000  0.0068      13
      12  0.00000000  0.28571429  0.00000000  0.0068      14
      13  0.14285714  0.28571429  0.00000000  0.0068      15
      14  0.28571429  0.28571429  0.00000000  0.0068      16
      15  0.42857143  0.28571429  0.00000000  0.0068      17
      16  0.42857143 -0.28571429  0.00000000  0.0068      18
      17 -0.28571429  0.28571429  0.00000000  0.0068      19
      18 -0.14285714  0.28571429  0.00000000  0.0068      20
      19  0.00000000  0.42857143  0.00000000  0.0068      21
      20  0.14285714  0.42857143  0.00000000  0.0068      22
      21  0.28571429  0.42857143  0.00000000  0.0068      23
      22  0.42857143  0.42857143  0.00000000  0.0068      24
      23 -0.42857143  0.42857143  0.00000000  0.0068      25
      24 -0.28571429  0.42857143  0.00000000  0.0068      26
      25 -0.14285714  0.42857143  0.00000000  0.0068      27
      26  0.00000000  0.00000000  0.16666667  0.0068      49
      27  0.14285714  0.00000000  0.16666667  0.0068      50
      28  0.28571429  0.00000000  0.16666667  0.0068      51
      29  0.42857143  0.00000000  0.16666667  0.0068      52
      30  0.42857143  0.00000000 -0.16666667  0.0068      53
      31  0.28571429  0.00000000 -0.16666667  0.0068      54
      32 -0.14285714  0.00000000  0.16666667  0.0068      55
      33  0.00000000  0.14285714  0.16666667  0.0068      56
      34  0.14285714  0.14285714  0.16666667  0.0068      57
      35  0.28571429  0.14285714  0.16666667  0.0068      58
      36  0.42857143  0.14285714  0.16666667  0.0068      59
      37  0.42857143 -0.14285714 -0.16666667  0.0068      60
      38 -0.28571429  0.14285714  0.16666667  0.0068      61
      39 -0.14285714  0.14285714  0.16666667  0.0068      62
      40  0.00000000  0.28571429  0.16666667  0.0068      63
      41  0.14285714  0.28571429  0.16666667  0.0068      64
      42  0.28571429  0.28571429  0.16666667  0.0068      65
      43  0.42857143  0.28571429  0.16666667  0.0068      66
      44 -0.42857143  0.28571429  0.16666667  0.0068      67
      45 -0.28571429  0.28571429  0.16666667  0.0068      68
      46 -0.14285714  0.28571429  0.16666667  0.0068      69
      47  0.00000000  0.42857143  0.16666667  0.0068      70
      48  0.14285714  0.42857143  0.16666667  0.0068      71
      49  0.28571429  0.42857143  0.16666667  0.0068      72
      50  0.42857143  0.42857143  0.16666667  0.0068      73
      51 -0.42857143  0.42857143  0.16666667  0.0068      74
      52 -0.28571429  0.42857143  0.16666667  0.0068      75
      53 -0.14285714  0.42857143  0.16666667  0.0068      76
      54  0.00000000  0.42857143 -0.16666667  0.0068      77
      55 -0.14285714  0.42857143 -0.16666667  0.0068      78
      56  0.28571429 -0.42857143  0.16666667  0.0068      79
      57  0.42857143 -0.42857143  0.16666667  0.0068      80
      58  0.42857143  0.42857143 -0.16666667  0.0068      81
      59  0.28571429  0.42857143 -0.16666667  0.0068      82
      60  0.14285714  0.42857143 -0.16666667  0.0068      83
      61  0.00000000  0.28571429 -0.16666667  0.0068      84
      62  0.14285714 -0.28571429  0.16666667  0.0068      85
      63  0.28571429 -0.28571429  0.16666667  0.0068      86
      64  0.42857143 -0.28571429  0.16666667  0.0068      87
      65  0.42857143  0.28571429 -0.16666667  0.0068      88
      66  0.28571429  0.28571429 -0.16666667  0.0068      89
      67  0.14285714  0.28571429 -0.16666667  0.0068      90
      68  0.00000000 -0.14285714  0.16666667  0.0068      91
      69  0.14285714 -0.14285714  0.16666667  0.0068      92
      70  0.28571429 -0.14285714  0.16666667  0.0068      93
      71  0.42857143 -0.14285714  0.16666667  0.0068      94
      72  0.42857143  0.14285714 -0.16666667  0.0068      95
      73  0.28571429  0.14285714 -0.16666667  0.0068      96
      74  0.14285714  0.14285714 -0.16666667  0.0068      97
      75  0.00000000  0.00000000  0.33333333  0.0068      98
      76  0.14285714  0.00000000  0.33333333  0.0068      99
      77  0.28571429  0.00000000  0.33333333  0.0068     100
      78  0.42857143  0.00000000  0.33333333  0.0068     101
      79  0.42857143  0.00000000 -0.33333333  0.0068     102
      80 -0.28571429  0.00000000  0.33333333  0.0068     103
      81 -0.14285714  0.00000000  0.33333333  0.0068     104
      82  0.00000000  0.14285714  0.33333333  0.0068     105
      83  0.14285714  0.14285714  0.33333333  0.0068     106
      84  0.28571429  0.14285714  0.33333333  0.0068     107
      85  0.42857143  0.14285714  0.33333333  0.0068     108
      86 -0.42857143  0.14285714  0.33333333  0.0068     109
      87 -0.28571429  0.14285714  0.33333333  0.0068     110
      88 -0.14285714  0.14285714  0.33333333  0.0068     111
      89  0.00000000  0.28571429  0.33333333  0.0068     112
      90  0.14285714  0.28571429  0.33333333  0.0068     113
      91  0.28571429  0.28571429  0.33333333  0.0068     114
      92  0.42857143  0.28571429  0.33333333  0.0068     115
      93 -0.42857143  0.28571429  0.33333333  0.0068     116
      94 -0.28571429  0.28571429  0.33333333  0.0068     117
      95 -0.14285714  0.28571429  0.33333333  0.0068     118
      96  0.00000000  0.42857143  0.33333333  0.0068     119
      97  0.14285714  0.42857143  0.33333333  0.0068     120
      98  0.28571429  0.42857143  0.33333333  0.0068     121
      99  0.42857143  0.42857143  0.33333333  0.0068     122
     100 -0.42857143  0.42857143  0.33333333  0.0068     123
     101 -0.28571429  0.42857143  0.33333333  0.0068     124
     102 -0.14285714  0.42857143  0.33333333  0.0068     125
     103  0.00000000  0.42857143 -0.33333333  0.0068     126
     104  0.14285714 -0.42857143  0.33333333  0.0068     127
     105  0.28571429 -0.42857143  0.33333333  0.0068     128
     106  0.42857143 -0.42857143  0.33333333  0.0068     129
     107  0.42857143  0.42857143 -0.33333333  0.0068     130
     108  0.28571429  0.42857143 -0.33333333  0.0068     131
     109  0.14285714  0.42857143 -0.33333333  0.0068     132
     110  0.00000000 -0.28571429  0.33333333  0.0068     133
     111  0.14285714 -0.28571429  0.33333333  0.0068     134
     112  0.28571429 -0.28571429  0.33333333  0.0068     135
     113  0.42857143 -0.28571429  0.33333333  0.0068     136
     114  0.42857143  0.28571429 -0.33333333  0.0068     137
     115  0.28571429  0.28571429 -0.33333333  0.0068     138
     116  0.14285714  0.28571429 -0.33333333  0.0068     139
     117  0.00000000 -0.14285714  0.33333333  0.0068     140
     118  0.14285714 -0.14285714  0.33333333  0.0068     141
     119  0.28571429 -0.14285714  0.33333333  0.0068     142
     120  0.42857143 -0.14285714  0.33333333  0.0068     143
     121  0.42857143  0.14285714 -0.33333333  0.0068     144
     122  0.28571429  0.14285714 -0.33333333  0.0068     145
     123 -0.14285714 -0.14285714  0.33333333  0.0068     146
     124  0.00000000  0.00000000  0.50000000  0.0034     147
     125  0.14285714  0.00000000  0.50000000  0.0068     148
     126  0.28571429  0.00000000  0.50000000  0.0068     149
     127  0.42857143  0.00000000  0.50000000  0.0068     150
     128  0.00000000  0.14285714  0.50000000  0.0068     154
     129  0.14285714  0.14285714  0.50000000  0.0068     155
     130  0.28571429  0.14285714  0.50000000  0.0068     156
     131  0.42857143  0.14285714  0.50000000  0.0068     157
     132  0.42857143 -0.14285714  0.50000000  0.0068     158
     133  0.28571429 -0.14285714  0.50000000  0.0068     159
     134 -0.14285714  0.14285714  0.50000000  0.0068     160
     135  0.00000000  0.28571429  0.50000000  0.0068     161
     136  0.14285714  0.28571429  0.50000000  0.0068     162
     137  0.28571429  0.28571429  0.50000000  0.0068     163
     138  0.42857143  0.28571429  0.50000000  0.0068     164
     139  0.42857143 -0.28571429  0.50000000  0.0068     165
     140 -0.28571429  0.28571429  0.50000000  0.0068     166
     141 -0.14285714  0.28571429  0.50000000  0.0068     167
     142  0.00000000  0.42857143  0.50000000  0.0068     168
     143  0.14285714  0.42857143  0.50000000  0.0068     169
     144  0.28571429  0.42857143  0.50000000  0.0068     170
     145  0.42857143  0.42857143  0.50000000  0.0068     171
     146 -0.42857143  0.42857143  0.50000000  0.0068     172
     147 -0.28571429  0.42857143  0.50000000  0.0068     173
     148 -0.14285714  0.42857143  0.50000000  0.0068     174

                               nkstot now = 148
 K-POINTS DIRECT COORDINATES
 KPOINTS    DIRECT_X    DIRECT_Y    DIRECT_Z  WEIGHT
       1  0.00000000  0.00000000  0.00000000  0.0034
       2  0.14285714  0.00000000  0.00000000  0.0068
       3  0.28571429  0.00000000  0.00000000  0.0068
       4  0.42857143  0.00000000  0.00000000  0.0068
       5  0.00000000  0.14285714  0.00000000  0.0068
       6  0.14285714  0.14285714  0.00000000  0.0068
       7  0.28571429  0.14285714  0.00000000  0.0068
       8  0.42857143  0.14285714  0.00000000  0.0068
       9  0.42857143 -0.14285714  0.00000000  0.0068
      10  0.28571429 -0.14285714  0.00000000  0.0068
      11 -0.14285714  0.14285714  0.00000000  0.0068
      12  0.00000000  0.28571429  0.00000000  0.0068
      13  0.14285714  0.28571429  0.00000000  0.0068
      14  0.28571429  0.28571429  0.00000000  0.0068
      15  0.42857143  0.28571429  0.00000000  0.0068
      16  0.42857143 -0.28571429  0.00000000  0.0068
      17 -0.28571429  0.28571429  0.00000000  0.0068
      18 -0.14285714  0.28571429  0.00000000  0.0068
      19  0.00000000  0.42857143  0.00000000  0.0068
      20  0.14285714  0.42857143  0.00000000  0.0068
      21  0.28571429  0.42857143  0.00000000  0.0068
      22  0.42857143  0.42857143  0.00000000  0.0068
      23 -0.42857143  0.42857143  0.00000000  0.0068
      24 -0.28571429  0.42857143  0.00000000  0.0068
      25 -0.14285714  0.42857143  0.00000000  0.0068
      26  0.00000000  0.00000000  0.16666667  0.0068
      27  0.14285714  0.00000000  0.16666667  0.0068
      28  0.28571429  0.00000000  0.16666667  0.0068
      29  0.42857143  0.00000000  0.16666667  0.0068
      30  0.42857143  0.00000000 -0.16666667  0.0068
      31  0.28571429  0.00000000 -0.16666667  0.0068
      32 -0.14285714  0.00000000  0.16666667  0.0068
      33  0.00000000  0.14285714  0.16666667  0.0068
      34  0.14285714  0.14285714  0.16666667  0.0068
      35  0.28571429  0.14285714  0.16666667  0.0068
      36  0.42857143  0.14285714  0.16666667  0.0068
      37  0.42857143 -0.14285714 -0.16666667  0.0068
      38 -0.28571429  0.14285714  0.16666667  0.0068
      39 -0.14285714  0.14285714  0.16666667  0.0068
      40  0.00000000  0.28571429  0.16666667  0.0068
      41  0.14285714  0.28571429  0.16666667  0.0068
      42  0.28571429  0.28571429  0.16666667  0.0068
      43  0.42857143  0.28571429  0.16666667  0.0068
      44 -0.42857143  0.28571429  0.16666667  0.0068
      45 -0.28571429  0.28571429  0.16666667  0.0068
      46 -0.14285714  0.28571429  0.16666667  0.0068
      47  0.00000000  0.42857143  0.16666667  0.0068
      48  0.14285714  0.42857143  0.16666667  0.0068
      49  0.28571429  0.42857143  0.16666667  0.0068
      50  0.42857143  0.42857143  0.16666667  0.0068
      51 -0.42857143  0.42857143  0.16666667  0.0068
      52 -0.28571429  0.42857143  0.16666667  0.0068
      53 -0.14285714  0.42857143  0.16666667  0.0068
      54  0.00000000  0.42857143 -0.16666667  0.0068
      55 -0.14285714  0.42857143 -0.16666667  0.0068
      56  0.28571429 -0.42857143  0.16666667  0.0068
      57  0.42857143 -0.42857143  0.16666667  0.0068
      58  0.42857143  0.42857143 -0.16666667  0.0068
      59  0.28571429  0.42857143 -0.16666667  0.0068
      60  0.14285714  0.42857143 -0.16666667  0.0068
      61  0.00000000  0.28571429 -0.16666667  0.0068
      62  0.14285714 -0.28571429  0.16666667  0.0068
      63  0.28571429 -0.28571429  0.16666667  0.0068
      64  0.42857143 -0.28571429  0.16666667  0.0068
      65  0.42857143  0.28571429 -0.16666667  0.0068
      66  0.28571429  0.28571429 -0.16666667  0.0068
      67  0.14285714  0.28571429 -0.16666667  0.0068
      68  0.00000000 -0.14285714  0.16666667  0.0068
      69  0.14285714 -0.14285714  0.16666667  0.0068
      70  0.28571429 -0.14285714  0.16666667  0.0068
      71  0.42857143 -0.14285714  0.16666667  0.0068
      72  0.42857143  0.14285714 -0.16666667  0.0068
      73  0.28571429  0.14285714 -0.16666667  0.0068
      74  0.14285714  0.14285714 -0.16666667  0.0068
      75  0.00000000  0.00000000  0.33333333  0.0068
      76  0.14285714  0.00000000  0.33333333  0.0068
      77  0.28571429  0.00000000  0.33333333  0.0068
      78  0.42857143  0.00000000  0.33333333  0.0068
      79  0.42857143  0.00000000 -0.33333333  0.0068
      80 -0.28571429  0.00000000  0.33333333  0.0068
      81 -0.14285714  0.00000000  0.33333333  0.0068
      82  0.00000000  0.14285714  0.33333333  0.0068
      83  0.14285714  0.14285714  0.33333333  0.0068
      84  0.28571429  0.14285714  0.33333333  0.0068
      85  0.42857143  0.14285714  0.33333333  0.0068
      86 -0.42857143  0.14285714  0.33333333  0.0068
      87 -0.28571429  0.14285714  0.33333333  0.0068
      88 -0.14285714  0.14285714  0.33333333  0.0068
      89  0.00000000  0.28571429  0.33333333  0.0068
      90  0.14285714  0.28571429  0.33333333  0.0068
      91  0.28571429  0.28571429  0.33333333  0.0068
      92  0.42857143  0.28571429  0.33333333  0.0068
      93 -0.42857143  0.28571429  0.33333333  0.0068
      94 -0.28571429  0.28571429  0.33333333  0.0068
      95 -0.14285714  0.28571429  0.33333333  0.0068
      96  0.00000000  0.42857143  0.33333333  0.0068
      97  0.14285714  0.42857143  0.33333333  0.0068
      98  0.28571429  0.42857143  0.33333333  0.0068
      99  0.42857143  0.42857143  0.33333333  0.0068
     100 -0.42857143  0.42857143  0.33333333  0.0068
     101 -0.28571429  0.42857143  0.33333333  0.0068
     102 -0.14285714  0.42857143  0.33333333  0.0068
     103  0.00000000  0.42857143 -0.33333333  0.0068
     104  0.14285714 -0.42857143  0.33333333  0.0068
     105  0.28571429 -0.42857143  0.33333333  0.0068
     106  0.42857143 -0.42857143  0.33333333  0.0068
     107  0.42857143  0.42857143 -0.33333333  0.0068
     108  0.28571429  0.42857143 -0.33333333  0.0068
     109  0.14285714  0.42857143 -0.33333333  0.0068
     110  0.00000000 -0.28571429  0.33333333  0.0068
     111  0.14285714 -0.28571429  0.33333333  0.0068
     112  0.28571429 -0.28571429  0.33333333  0.0068
     113  0.42857143 -0.28571429  0.33333333  0.0068
     114  0.42857143  0.28571429 -0.33333333  0.0068
     115  0.28571429  0.28571429 -0.33333333  0.0068
     116  0.14285714  0.28571429 -0.33333333  0.0068
     117  0.00000000 -0.14285714  0.33333333  0.0068
     118  0.14285714 -0.14285714  0.33333333  0.0068
     119  0.28571429 -0.14285714  0.33333333  0.0068
     120  0.42857143 -0.14285714  0.33333333  0.0068
     121  0.42857143  0.14285714 -0.33333333  0.0068
     122  0.28571429  0.14285714 -0.33333333  0.0068
     123 -0.14285714 -0.14285714  0.33333333  0.0068
     124  0.00000000  0.00000000  0.50000000  0.0034
     125  0.14285714  0.00000000  0.50000000  0.0068
     126  0.28571429  0.00000000  0.50000000  0.0068
     127  0.42857143  0.00000000  0.50000000  0.0068
     128  0.00000000  0.14285714  0.50000000  0.0068
     129  0.14285714  0.14285714  0.50000000  0.0068
     130  0.28571429  0.14285714  0.50000000  0.0068
     131  0.42857143  0.14285714  0.50000000  0.0068
     132  0.42857143 -0.14285714  0.50000000  0.0068
     133  0.28571429 -0.14285714  0.50000000  0.0068
     134 -0.14285714  0.14285714  0.50000000  0.0068
     135  0.00000000  0.28571429  0.50000000  0.0068
     136  0.14285714  0.28571429  0.50000000  0.0068
     137  0.28571429  0.28571429  0.50000000  0.0068
     138  0.42857143  0.28571429  0.50000000  0.0068
     139  0.42857143 -0.28571429  0.50000000  0.0068
     140 -0.28571429  0.28571429  0.50000000  0.0068
     141 -0.14285714  0.28571429  0.50000000  0.0068
     142  0.00000000  0.42857143  0.50000000  0.0068
     143  0.14285714  0.42857143  0.50000000  0.0068
     144  0.28571429  0.42857143  0.50000000  0.0068
     145  0.42857143  0.42857143  0.50000000  0.0068
     146 -0.42857143  0.42857143  0.50000000  0.0068
     147 -0.28571429  0.42857143  0.50000000  0.0068
     148 -0.14285714  0.42857143  0.50000000  0.0068


       Number of k-points in this process = 148
       Minimum distributed k-point number = 148

 K-POINTS CARTESIAN COORDINATES
 KPOINTS CARTESIAN_X CARTESIAN_Y CARTESIAN_Z  WEIGHT
       1  0.00000000  0.00000000  0.00000000  0.0068
       2  0.02482456  0.01433249  0.00000000  0.0136
       3  0.04964912  0.02866498  0.00000000  0.0136
       4  0.07447368  0.04299748  0.00000000  0.0136
       5  0.00000000  0.02866493  0.00000000  0.0136
       6  0.02482456  0.04299743  0.00000000  0.0136
       7  0.04964912  0.05732992  0.00000000  0.0136
       8  0.07447368  0.07166241  0.00000000  0.0136
       9  0.07447368  0.01433254  0.00000000  0.0136
      10  0.04964912  0.00000005  0.00000000  0.0136
      11 -0.02482456  0.01433244  0.00000000  0.0136
      12  0.00000000  0.05732987  0.00000000  0.0136
      13  0.02482456  0.07166236  0.00000000  0.0136
      14  0.04964912  0.08599485  0.00000000  0.0136
      15  0.07447368  0.10032734  0.00000000  0.0136
      16  0.07447368 -0.01433239  0.00000000  0.0136
      17 -0.04964912  0.02866488  0.00000000  0.0136
      18 -0.02482456  0.04299738  0.00000000  0.0136
      19  0.00000000  0.08599480  0.00000000  0.0136
      20  0.02482456  0.10032729  0.00000000  0.0136
      21  0.04964912  0.11465978  0.00000000  0.0136
      22  0.07447368  0.12899228  0.00000000  0.0136
      23 -0.07447368  0.04299733  0.00000000  0.0136
      24 -0.04964912  0.05732982  0.00000000  0.0136
      25 -0.02482456  0.07166231  0.00000000  0.0136
      26  0.00000000  0.00000000  0.02344120  0.0136
      27  0.02482456  0.01433249  0.02344120  0.0136
      28  0.04964912  0.02866498  0.02344120  0.0136
      29  0.07447368  0.04299748  0.02344120  0.0136
      30  0.07447368  0.04299748 -0.02344120  0.0136
      31  0.04964912  0.02866498 -0.02344120  0.0136
      32 -0.02482456 -0.01433249  0.02344120  0.0136
      33  0.00000000  0.02866493  0.02344120  0.0136
      34  0.02482456  0.04299743  0.02344120  0.0136
      35  0.04964912  0.05732992  0.02344120  0.0136
      36  0.07447368  0.07166241  0.02344120  0.0136
      37  0.07447368  0.01433254 -0.02344120  0.0136
      38 -0.04964912 -0.00000005  0.02344120  0.0136
      39 -0.02482456  0.01433244  0.02344120  0.0136
      40  0.00000000  0.05732987  0.02344120  0.0136
      41  0.02482456  0.07166236  0.02344120  0.0136
      42  0.04964912  0.08599485  0.02344120  0.0136
      43  0.07447368  0.10032734  0.02344120  0.0136
      44 -0.07447368  0.01433239  0.02344120  0.0136
      45 -0.04964912  0.02866488  0.02344120  0.0136
      46 -0.02482456  0.04299738  0.02344120  0.0136
      47  0.00000000  0.08599480  0.02344120  0.0136
      48  0.02482456  0.10032729  0.02344120  0.0136
      49  0.04964912  0.11465978  0.02344120  0.0136
      50  0.07447368  0.12899228  0.02344120  0.0136
      51 -0.07447368  0.04299733  0.02344120  0.0136
      52 -0.04964912  0.05732982  0.02344120  0.0136
      53 -0.02482456  0.07166231  0.02344120  0.0136
      54  0.00000000  0.08599480 -0.02344120  0.0136
      55 -0.02482456  0.07166231 -0.02344120  0.0136
      56  0.04964912 -0.05732982  0.02344120  0.0136
      57  0.07447368 -0.04299733  0.02344120  0.0136
      58  0.07447368  0.12899228 -0.02344120  0.0136
      59  0.04964912  0.11465978 -0.02344120  0.0136
      60  0.02482456  0.10032729 -0.02344120  0.0136
      61  0.00000000  0.05732987 -0.02344120  0.0136
      62  0.02482456 -0.04299738  0.02344120  0.0136
      63  0.04964912 -0.02866488  0.02344120  0.0136
      64  0.07447368 -0.01433239  0.02344120  0.0136
      65  0.07447368  0.10032734 -0.02344120  0.0136
      66  0.04964912  0.08599485 -0.02344120  0.0136
      67  0.02482456  0.07166236 -0.02344120  0.0136
      68  0.00000000 -0.02866493  0.02344120  0.0136
      69  0.02482456 -0.01433244  0.02344120  0.0136
      70  0.04964912  0.00000005  0.02344120  0.0136
      71  0.07447368  0.01433254  0.02344120  0.0136
      72  0.07447368  0.07166241 -0.02344120  0.0136
      73  0.04964912  0.05732992 -0.02344120  0.0136
      74  0.02482456  0.04299743 -0.02344120  0.0136
      75  0.00000000  0.00000000  0.04688239  0.0136
      76  0.02482456  0.01433249  0.04688239  0.0136
      77  0.04964912  0.02866498  0.04688239  0.0136
      78  0.07447368  0.04299748  0.04688239  0.0136
      79  0.07447368  0.04299748 -0.04688239  0.0136
      80 -0.04964912 -0.02866498  0.04688239  0.0136
      81 -0.02482456 -0.01433249  0.04688239  0.0136
      82  0.00000000  0.02866493  0.04688239  0.0136
      83  0.02482456  0.04299743  0.04688239  0.0136
      84  0.04964912  0.05732992  0.04688239  0.0136
      85  0.07447368  0.07166241  0.04688239  0.0136
      86 -0.07447368 -0.01433254  0.04688239  0.0136
      87 -0.04964912 -0.00000005  0.04688239  0.0136
      88 -0.02482456  0.01433244  0.04688239  0.0136
      89  0.00000000  0.05732987  0.04688239  0.0136
      90  0.02482456  0.07166236  0.04688239  0.0136
      91  0.04964912  0.08599485  0.04688239  0.0136
      92  0.07447368  0.10032734  0.04688239  0.0136
      93 -0.07447368  0.01433239  0.04688239  0.0136
      94 -0.04964912  0.02866488  0.04688239  0.0136
      95 -0.02482456  0.04299738  0.04688239  0.0136
      96  0.00000000  0.08599480  0.04688239  0.0136
      97  0.02482456  0.10032729  0.04688239  0.0136
      98  0.04964912  0.11465978  0.04688239  0.0136
      99  0.07447368  0.12899228  0.04688239  0.0136
     100 -0.07447368  0.04299733  0.04688239  0.0136
     101 -0.04964912  0.05732982  0.04688239  0.0136
     102 -0.02482456  0.07166231  0.04688239  0.0136
     103  0.00000000  0.08599480 -0.04688239  0.0136
     104  0.02482456 -0.07166231  0.04688239  0.0136
     105  0.04964912 -0.05732982  0.04688239  0.0136
     106  0.07447368 -0.04299733  0.04688239  0.0136
     107  0.07447368  0.12899228 -0.04688239  0.0136
     108  0.04964912  0.11465978 -0.04688239  0.0136
     109  0.02482456  0.10032729 -0.04688239  0.0136
     110  0.00000000 -0.05732987  0.04688239  0.0136
     111  0.02482456 -0.04299738  0.04688239  0.0136
     112  0.04964912 -0.02866488  0.04688239  0.0136
     113  0.07447368 -0.01433239  0.04688239  0.0136
     114  0.07447368  0.10032734 -0.04688239  0.0136
     115  0.04964912  0.08599485 -0.04688239  0.0136
     116  0.02482456  0.07166236 -0.04688239  0.0136
     117  0.00000000 -0.02866493  0.04688239  0.0136
     118  0.02482456 -0.01433244  0.04688239  0.0136
     119  0.04964912  0.00000005  0.04688239  0.0136
     120  0.07447368  0.01433254  0.04688239  0.0136
     121  0.07447368  0.07166241 -0.04688239  0.0136
     122  0.04964912  0.05732992 -0.04688239  0.0136
     123 -0.02482456 -0.04299743  0.04688239  0.0136
     124  0.00000000  0.00000000  0.07032359  0.0068
     125  0.02482456  0.01433249  0.07032359  0.0136
     126  0.04964912  0.02866498  0.07032359  0.0136
     127  0.07447368  0.04299748  0.07032359  0.0136
     128  0.00000000  0.02866493  0.07032359  0.0136
     129  0.02482456  0.04299743  0.07032359  0.0136
     130  0.04964912  0.05732992  0.07032359  0.0136
     131  0.07447368  0.07166241  0.07032359  0.0136
     132  0.07447368  0.01433254  0.07032359  0.0136
     133  0.04964912  0.00000005  0.07032359  0.0136
     134 -0.02482456  0.01433244  0.07032359  0.0136
     135  0.00000000  0.05732987  0.07032359  0.0136
     136  0.02482456  0.07166236  0.07032359  0.0136
     137  0.04964912  0.08599485  0.07032359  0.0136
     138  0.07447368  0.10032734  0.07032359  0.0136
     139  0.07447368 -0.01433239  0.07032359  0.0136
     140 -0.04964912  0.02866488  0.07032359  0.0136
     141 -0.02482456  0.04299738  0.07032359  0.0136
     142  0.00000000  0.08599480  0.07032359  0.0136
     143  0.02482456  0.10032729  0.07032359  0.0136
     144  0.04964912  0.11465978  0.07032359  0.0136
     145  0.07447368  0.12899228  0.07032359  0.0136
     146 -0.07447368  0.04299733  0.07032359  0.0136
     147 -0.04964912  0.05732982  0.07032359  0.0136
     148 -0.02482456  0.07166231  0.07032359  0.0136


 K-POINTS DIRECT COORDINATES
 KPOINTS    DIRECT_X    DIRECT_Y    DIRECT_Z  WEIGHT
       1  0.00000000  0.00000000  0.00000000  0.0068
       2  0.14285714  0.00000000  0.00000000  0.0136
       3  0.28571429  0.00000000  0.00000000  0.0136
       4  0.42857143  0.00000000  0.00000000  0.0136
       5  0.00000000  0.14285714  0.00000000  0.0136
       6  0.14285714  0.14285714  0.00000000  0.0136
       7  0.28571429  0.14285714  0.00000000  0.0136
       8  0.42857143  0.14285714  0.00000000  0.0136
       9  0.42857143 -0.14285714  0.00000000  0.0136
      10  0.28571429 -0.14285714  0.00000000  0.0136
      11 -0.14285714  0.14285714  0.00000000  0.0136
      12  0.00000000  0.28571429  0.00000000  0.0136
      13  0.14285714  0.28571429  0.00000000  0.0136
      14  0.28571429  0.28571429  0.00000000  0.0136
      15  0.42857143  0.28571429  0.00000000  0.0136
      16  0.42857143 -0.28571429  0.00000000  0.0136
      17 -0.28571429  0.28571429  0.00000000  0.0136
      18 -0.14285714  0.28571429  0.00000000  0.0136
      19  0.00000000  0.42857143  0.00000000  0.0136
      20  0.14285714  0.42857143  0.00000000  0.0136
      21  0.28571429  0.42857143  0.00000000  0.0136
      22  0.42857143  0.42857143  0.00000000  0.0136
      23 -0.42857143  0.42857143  0.00000000  0.0136
      24 -0.28571429  0.42857143  0.00000000  0.0136
      25 -0.14285714  0.42857143  0.00000000  0.0136
      26  0.00000000  0.00000000  0.16666667  0.0136
      27  0.14285714  0.00000000  0.16666667  0.0136
      28  0.28571429  0.00000000  0.16666667  0.0136
      29  0.42857143  0.00000000  0.16666667  0.0136
      30  0.42857143  0.00000000 -0.16666667  0.0136
      31  0.28571429  0.00000000 -0.16666667  0.0136
      32 -0.14285714  0.00000000  0.16666667  0.0136
      33  0.00000000  0.14285714  0.16666667  0.0136
      34  0.14285714  0.14285714  0.16666667  0.0136
      35  0.28571429  0.14285714  0.16666667  0.0136
      36  0.42857143  0.14285714  0.16666667  0.0136
      37  0.42857143 -0.14285714 -0.16666667  0.0136
      38 -0.28571429  0.14285714  0.16666667  0.0136
      39 -0.14285714  0.14285714  0.16666667  0.0136
      40  0.00000000  0.28571429  0.16666667  0.0136
      41  0.14285714  0.28571429  0.16666667  0.0136
      42  0.28571429  0.28571429  0.16666667  0.0136
      43  0.42857143  0.28571429  0.16666667  0.0136
      44 -0.42857143  0.28571429  0.16666667  0.0136
      45 -0.28571429  0.28571429  0.16666667  0.0136
      46 -0.14285714  0.28571429  0.16666667  0.0136
      47  0.00000000  0.42857143  0.16666667  0.0136
      48  0.14285714  0.42857143  0.16666667  0.0136
      49  0.28571429  0.42857143  0.16666667  0.0136
      50  0.42857143  0.42857143  0.16666667  0.0136
      51 -0.42857143  0.42857143  0.16666667  0.0136
      52 -0.28571429  0.42857143  0.16666667  0.0136
      53 -0.14285714  0.42857143  0.16666667  0.0136
      54  0.00000000  0.42857143 -0.16666667  0.0136
      55 -0.14285714  0.42857143 -0.16666667  0.0136
      56  0.28571429 -0.42857143  0.16666667  0.0136
      57  0.42857143 -0.42857143  0.16666667  0.0136
      58  0.42857143  0.42857143 -0.16666667  0.0136
      59  0.28571429  0.42857143 -0.16666667  0.0136
      60  0.14285714  0.42857143 -0.16666667  0.0136
      61  0.00000000  0.28571429 -0.16666667  0.0136
      62  0.14285714 -0.28571429  0.16666667  0.0136
      63  0.28571429 -0.28571429  0.16666667  0.0136
      64  0.42857143 -0.28571429  0.16666667  0.0136
      65  0.42857143  0.28571429 -0.16666667  0.0136
      66  0.28571429  0.28571429 -0.16666667  0.0136
      67  0.14285714  0.28571429 -0.16666667  0.0136
      68  0.00000000 -0.14285714  0.16666667  0.0136
      69  0.14285714 -0.14285714  0.16666667  0.0136
      70  0.28571429 -0.14285714  0.16666667  0.0136
      71  0.42857143 -0.14285714  0.16666667  0.0136
      72  0.42857143  0.14285714 -0.16666667  0.0136
      73  0.28571429  0.14285714 -0.16666667  0.0136
      74  0.14285714  0.14285714 -0.16666667  0.0136
      75  0.00000000  0.00000000  0.33333333  0.0136
      76  0.14285714  0.00000000  0.33333333  0.0136
      77  0.28571429  0.00000000  0.33333333  0.0136
      78  0.42857143  0.00000000  0.33333333  0.0136
      79  0.42857143  0.00000000 -0.33333333  0.0136
      80 -0.28571429  0.00000000  0.33333333  0.0136
      81 -0.14285714  0.00000000  0.33333333  0.0136
      82  0.00000000  0.14285714  0.33333333  0.0136
      83  0.14285714  0.14285714  0.33333333  0.0136
      84  0.28571429  0.14285714  0.33333333  0.0136
      85  0.42857143  0.14285714  0.33333333  0.0136
      86 -0.42857143  0.14285714  0.33333333  0.0136
      87 -0.28571429  0.14285714  0.33333333  0.0136
      88 -0.14285714  0.14285714  0.33333333  0.0136
      89  0.00000000  0.28571429  0.33333333  0.0136
      90  0.14285714  0.28571429  0.33333333  0.0136
      91  0.28571429  0.28571429  0.33333333  0.0136
      92  0.42857143  0.28571429  0.33333333  0.0136
      93 -0.42857143  0.28571429  0.33333333  0.0136
      94 -0.28571429  0.28571429  0.33333333  0.0136
      95 -0.14285714  0.28571429  0.33333333  0.0136
      96  0.00000000  0.42857143  0.33333333  0.0136
      97  0.14285714  0.42857143  0.33333333  0.0136
      98  0.28571429  0.42857143  0.33333333  0.0136
      99  0.42857143  0.42857143  0.33333333  0.0136
     100 -0.42857143  0.42857143  0.33333333  0.0136
     101 -0.28571429  0.42857143  0.33333333  0.0136
     102 -0.14285714  0.42857143  0.33333333  0.0136
     103  0.00000000  0.42857143 -0.33333333  0.0136
     104  0.14285714 -0.42857143  0.33333333  0.0136
     105  0.28571429 -0.42857143  0.33333333  0.0136
     106  0.42857143 -0.42857143  0.33333333  0.0136
     107  0.42857143  0.42857143 -0.33333333  0.0136
     108  0.28571429  0.42857143 -0.33333333  0.0136
     109  0.14285714  0.42857143 -0.33333333  0.0136
     110  0.00000000 -0.28571429  0.33333333  0.0136
     111  0.14285714 -0.28571429  0.33333333  0.0136
     112  0.28571429 -0.28571429  0.33333333  0.0136
     113  0.42857143 -0.28571429  0.33333333  0.0136
     114  0.42857143  0.28571429 -0.33333333  0.0136
     115  0.28571429  0.28571429 -0.33333333  0.0136
     116  0.14285714  0.28571429 -0.33333333  0.0136
     117  0.00000000 -0.14285714  0.33333333  0.0136
     118  0.14285714 -0.14285714  0.33333333  0.0136
     119  0.28571429 -0.14285714  0.33333333  0.0136
     120  0.42857143 -0.14285714  0.33333333  0.0136
     121  0.42857143  0.14285714 -0.33333333  0.0136
     122  0.28571429  0.14285714 -0.33333333  0.0136
     123 -0.14285714 -0.14285714  0.33333333  0.0136
     124  0.00000000  0.00000000  0.50000000  0.0068
     125  0.14285714  0.00000000  0.50000000  0.0136
     126  0.28571429  0.00000000  0.50000000  0.0136
     127  0.42857143  0.00000000  0.50000000  0.0136
     128  0.00000000  0.14285714  0.50000000  0.0136
     129  0.14285714  0.14285714  0.50000000  0.0136
     130  0.28571429  0.14285714  0.50000000  0.0136
     131  0.42857143  0.14285714  0.50000000  0.0136
     132  0.42857143 -0.14285714  0.50000000  0.0136
     133  0.28571429 -0.14285714  0.50000000  0.0136
     134 -0.14285714  0.14285714  0.50000000  0.0136
     135  0.00000000  0.28571429  0.50000000  0.0136
     136  0.14285714  0.28571429  0.50000000  0.0136
     137  0.28571429  0.28571429  0.50000000  0.0136
     138  0.42857143  0.28571429  0.50000000  0.0136
     139  0.42857143 -0.28571429  0.50000000  0.0136
     140 -0.28571429  0.28571429  0.50000000  0.0136
     141 -0.14285714  0.28571429  0.50000000  0.0136
     142  0.00000000  0.42857143  0.50000000  0.0136
     143  0.14285714  0.42857143  0.50000000  0.0136
     144  0.28571429  0.42857143  0.50000000  0.0136
     145  0.42857143  0.42857143  0.50000000  0.0136
     146 -0.42857143  0.42857143  0.50000000  0.0136
     147 -0.28571429  0.42857143  0.50000000  0.0136
     148 -0.14285714  0.42857143  0.50000000  0.0136

 DONE : INIT K-POINTS Time : 0.171424 (SEC)

 XC:	101	130	

 >>>>>>>>>>>>>>>>>>>>>>>>>>>>>>>>>>>>>>>>>>>>>>>>>>>>>>>>>>>>>>>>>>>>>>
 |                                                                    |
 | Setup charge mixing parameters                                     |
 |                                                                    |
 <<<<<<<<<<<<<<<<<<<<<<<<<<<<<<<<<<<<<<<<<<<<<<<<<<<<<<<<<<<<<<<<<<<<<<

                              mixing_type = broyden
                              mixing_beta = 0.3
                               mixing_gg0 = 1
                           mixing_gg0_min = 0.1
                              mixing_ndim = 8

 Warning_Memory_Consuming allocated:  PW_B_K::gcar 8.4483 MB


 >>>>>>>>>>>>>>>>>>>>>>>>>>>>>>>>>>>>>>>>>>>>>>>>>>>>>>>>>>>>>>>>>>>>>>
 |                                                                    |
 |              #Setup Plane Waves of Wave Functions#                 |
 | Use the kinetic energy cutoff and the lattice vectors to generate  |
 | the dimensions of FFT grid, which is used to represent the wave    |
 | functions of electrons.                                            |
 |                                                                    |
 <<<<<<<<<<<<<<<<<<<<<<<<<<<<<<<<<<<<<<<<<<<<<<<<<<<<<<<<<<<<<<<<<<<<<<

 SETUP PLANE WAVES FOR WAVE FUNCTIONS
     Energy cutoff for wavefunc (unit:Ry) = 90
              FFT grid for wave functions = [ 128, 128, 128 ]
              Number of total plane waves = 23509
        Number of sticks on FFT x-y plane = 823

 PARALLEL PW FOR WAVE FUNCTIONS
     PROC   COLUMNS(POT)             PW
        1            103           2939
        2            103           2939
        3            103           2939
        4            103           2939
        5            103           2939
        6            103           2939
        7            103           2939
        8            102           2936
 --------------- sum -------------------
        8            823          23509
 DONE : INIT PLANEWAVE Time : 0.236063 (SEC)

                                 init_chg = atomic
 DONE : LOCAL POTENTIAL Time : 0.871125 (SEC)


 SETUP NONLOCAL PSEUDOPOTENTIALS IN PLANE WAVE BASIS
 Ba non-local projectors:
 projector 1 L=0
 projector 2 L=0
 projector 3 L=1
 projector 4 L=1
 projector 5 L=2
 projector 6 L=2
 projector 7 L=3
 projector 8 L=3
 Ti non-local projectors:
 projector 1 L=0
 projector 2 L=0
 projector 3 L=1
 projector 4 L=1
 projector 5 L=2
 projector 6 L=2
 O non-local projectors:
 projector 1 L=0
 projector 2 L=0
 projector 3 L=1
 projector 4 L=1
 projector 5 L=2
      TOTAL NUMBER OF NONLOCAL PROJECTORS = 267

 Warning_Memory_Consuming allocated:  VNL::vkb 10.1608 MB

 Init Non-Local PseudoPotential table : 
 Init Non-Local-Pseudopotential done.
 DONE : NON-LOCAL POTENTIAL Time : 0.986875 (SEC)

                                     npwx = 2494

 Warning_Memory_Consuming allocated:  Psi_PW 405.519 MB

 Using ATOMIC starting wave functions for all 81 atomic orbitals (covers 72 bands)

 Make real space PAO into reciprocal space.
       max mesh points in Pseudopotential = 1501
     dq(describe PAO in reciprocal space) = 0.01
                                    max q = 1143

 number of pseudo atomic orbitals for Ba is 3
WARNING: norm of atomic wavefunction # 3 of atomic type Ba is 0.999961, renormalized

 number of pseudo atomic orbitals for Ti is 4
WARNING: norm of atomic wavefunction # 4 of atomic type Ti is 0.999999, renormalized

 number of pseudo atomic orbitals for O is 2
 DONE : INIT BASIS Time : 1.25992 (SEC)

 ================================================================
 SELF-CONSISTENT
 ================================================================
 DONE : INIT SCF Time : 98.1214 (SEC)


 ++++++++++++++++++++++++++++++++++++++++++++++++++++++++++++++++++++++
 --> #ION MOVE#         1  #ELEC ITER#         1
 ++++++++++++++++++++++++++++++++++++++++++++++++++++++++++++++++++++++
 Average iterative diagonalization steps for k-points is 2
 current threshold of diagonalizaiton is 0.01
 Electron density deviation 6.15275
                          Diago Threshold = 0.01
 ----------------------------------------------------------
      Energy           Rydberg                 eV          
 ----------------------------------------------------------
  E_KohnSham     -822.6402394216      -11192.5946602184    
  E_Harris       -815.6166727167      -11097.0341327476    
  E_Fermi        0.6605885433         8.9877682228         
  E_gap(k)       0.4755573245         6.4702893391         
 ----------------------------------------------------------


 ++++++++++++++++++++++++++++++++++++++++++++++++++++++++++++++++++++++
 --> #ION MOVE#         1  #ELEC ITER#         2
 ++++++++++++++++++++++++++++++++++++++++++++++++++++++++++++++++++++++
 Average iterative diagonalization steps for k-points is 2
 current threshold of diagonalizaiton is 0.00512729
 Electron density deviation 0.140727
                          Diago Threshold = 0.00512729
 ----------------------------------------------------------
      Energy           Rydberg                 eV          
 ----------------------------------------------------------
  E_KohnSham     -823.7183296334      -11207.2628300563    
  E_Harris       -822.3094042002      -11188.0934161079    
  E_Fermi        0.8058038085         10.9635232661        
  E_gap(k)       0.1757134103         2.3907035954         
 ----------------------------------------------------------


 ++++++++++++++++++++++++++++++++++++++++++++++++++++++++++++++++++++++
 --> #ION MOVE#         1  #ELEC ITER#         3
 ++++++++++++++++++++++++++++++++++++++++++++++++++++++++++++++++++++++
 Average iterative diagonalization steps for k-points is 3
 current threshold of diagonalizaiton is 0.000117272
 Electron density deviation 0.097844
                          Diago Threshold = 0.000117272
 ----------------------------------------------------------
      Energy           Rydberg                 eV          
 ----------------------------------------------------------
  E_KohnSham     -823.7690310174      -11207.9526577751    
  E_Harris       -822.0298722998      -11184.2901894894    
  E_Fermi        0.7991792774         10.8733918961        
  E_gap(k)       0.1770101859         2.4083471321         
 ----------------------------------------------------------


 ++++++++++++++++++++++++++++++++++++++++++++++++++++++++++++++++++++++
 --> #ION MOVE#         1  #ELEC ITER#         4
 ++++++++++++++++++++++++++++++++++++++++++++++++++++++++++++++++++++++
 Average iterative diagonalization steps for k-points is 2.65541
 current threshold of diagonalizaiton is 8.15367e-05
 Electron density deviation 0.13004
                          Diago Threshold = 8.15367e-05
 ----------------------------------------------------------
      Energy           Rydberg                 eV          
 ----------------------------------------------------------
  E_KohnSham     -823.7935757667      -11208.2866062214    
  E_Harris       -824.5214600140      -11218.1899794690    
  E_Fermi        0.8039459207         10.9382454056        
  E_gap(k)       0.2320367759         3.1570222975         
 ----------------------------------------------------------


 ++++++++++++++++++++++++++++++++++++++++++++++++++++++++++++++++++++++
 --> #ION MOVE#         1  #ELEC ITER#         5
 ++++++++++++++++++++++++++++++++++++++++++++++++++++++++++++++++++++++
 Average iterative diagonalization steps for k-points is 2
 current threshold of diagonalizaiton is 8.15367e-05
 Electron density deviation 0.038147
                          Diago Threshold = 8.15367e-05
 ----------------------------------------------------------
      Energy           Rydberg                 eV          
 ----------------------------------------------------------
  E_KohnSham     -823.7843435080      -11208.1609948980    
  E_Harris       -824.1420411978      -11213.0277216406    
  E_Fermi        0.8075505423         10.9872887988        
  E_gap(k)       0.2090604908         2.8444139022         
 ----------------------------------------------------------


 ++++++++++++++++++++++++++++++++++++++++++++++++++++++++++++++++++++++
 --> #ION MOVE#         1  #ELEC ITER#         6
 ++++++++++++++++++++++++++++++++++++++++++++++++++++++++++++++++++++++
 Average iterative diagonalization steps for k-points is 2
 current threshold of diagonalizaiton is 3.17892e-05
 Electron density deviation 0.00722489
                          Diago Threshold = 3.17892e-05
 ----------------------------------------------------------
      Energy           Rydberg                 eV          
 ----------------------------------------------------------
  E_KohnSham     -823.7952345844      -11208.3091755939    
  E_Harris       -823.5318755157      -11204.7259916400    
  E_Fermi        0.8095264638         11.0141725890        
  E_gap(k)       0.1833277997         2.4943026770         
 ----------------------------------------------------------


 ++++++++++++++++++++++++++++++++++++++++++++++++++++++++++++++++++++++
 --> #ION MOVE#         1  #ELEC ITER#         7
 ++++++++++++++++++++++++++++++++++++++++++++++++++++++++++++++++++++++
 Average iterative diagonalization steps for k-points is 2
 current threshold of diagonalizaiton is 6.02074e-06
 Electron density deviation 0.000363868
                          Diago Threshold = 6.02074e-06
 ----------------------------------------------------------
      Energy           Rydberg                 eV          
 ----------------------------------------------------------
  E_KohnSham     -823.7964432639      -11208.3256205224    
  E_Harris       -823.6927947789      -11206.9154105382    
  E_Fermi        0.8100268936         11.0209812862        
  E_gap(k)       0.1921885001         2.6148586916         
 ----------------------------------------------------------


 ++++++++++++++++++++++++++++++++++++++++++++++++++++++++++++++++++++++
 --> #ION MOVE#         1  #ELEC ITER#         8
 ++++++++++++++++++++++++++++++++++++++++++++++++++++++++++++++++++++++
 Average iterative diagonalization steps for k-points is 4.06081
 current threshold of diagonalizaiton is 3.03223e-07
 Electron density deviation 1.41208e-05
                          Diago Threshold = 3.03223e-07
 ----------------------------------------------------------
      Energy           Rydberg                 eV          
 ----------------------------------------------------------
  E_KohnSham     -823.7967977352      -11208.3304433528    
  E_Harris       -823.8332829099      -11208.8268496203    
  E_Fermi        0.8107510833         11.0308343920        
  E_gap(k)       0.1935947000         2.6339910220         
 ----------------------------------------------------------


 ++++++++++++++++++++++++++++++++++++++++++++++++++++++++++++++++++++++
 --> #ION MOVE#         1  #ELEC ITER#         9
 ++++++++++++++++++++++++++++++++++++++++++++++++++++++++++++++++++++++
 Average iterative diagonalization steps for k-points is 3.97297
 current threshold of diagonalizaiton is 1.17674e-08
 Electron density deviation 4.39856e-06
                          Diago Threshold = 1.17674e-08
 ----------------------------------------------------------
      Energy           Rydberg                 eV          
 ----------------------------------------------------------
  E_KohnSham     -823.7968063260      -11208.3305602363    
  E_Harris       -823.8116751870      -11208.5328614688    
  E_Fermi        0.8522915862         11.5960219298        
  E_gap(k)       0.1936918985         2.6353134758         
 ----------------------------------------------------------


 ++++++++++++++++++++++++++++++++++++++++++++++++++++++++++++++++++++++
 --> #ION MOVE#         1  #ELEC ITER#        10
 ++++++++++++++++++++++++++++++++++++++++++++++++++++++++++++++++++++++
 Average iterative diagonalization steps for k-points is 3.19595
 current threshold of diagonalizaiton is 3.66547e-09
 Electron density deviation 1.68067e-05
                          Diago Threshold = 3.66547e-09
 ----------------------------------------------------------
      Energy           Rydberg                 eV          
 ----------------------------------------------------------
  E_KohnSham     -823.7968050847      -11208.3305433474    
  E_Harris       -823.7690890939      -11207.9534479467    
  E_Fermi        0.8518138653         11.5895222035        
  E_gap(k)       0.1932046720         2.6286844199         
 ----------------------------------------------------------


 ++++++++++++++++++++++++++++++++++++++++++++++++++++++++++++++++++++++
 --> #ION MOVE#         1  #ELEC ITER#        11
 ++++++++++++++++++++++++++++++++++++++++++++++++++++++++++++++++++++++
 Average iterative diagonalization steps for k-points is 2.59459
 current threshold of diagonalizaiton is 3.66547e-09
 Electron density deviation 5.28463e-07
                          Diago Threshold = 3.66547e-09
 ----------------------------------------------------------
      Energy           Rydberg                 eV          
 ----------------------------------------------------------
  E_KohnSham     -823.7968069065      -11208.3305681338    
  E_Harris       -823.7934251339      -11208.2845567571    
  E_Fermi        0.8521318875         11.5938491180        
  E_gap(k)       0.1936188096         2.6343190500         
 ----------------------------------------------------------


 ++++++++++++++++++++++++++++++++++++++++++++++++++++++++++++++++++++++
 --> #ION MOVE#         1  #ELEC ITER#        12
 ++++++++++++++++++++++++++++++++++++++++++++++++++++++++++++++++++++++
 Average iterative diagonalization steps for k-points is 3.18243
 current threshold of diagonalizaiton is 4.40386e-10
 Electron density deviation 1.22858e-06
                          Diago Threshold = 4.40386e-10
 ----------------------------------------------------------
      Energy           Rydberg                 eV          
 ----------------------------------------------------------
  E_KohnSham     -823.7968071392      -11208.3305713008    
  E_Harris       -823.8047452653      -11208.4385750460    
  E_Fermi        0.8522543741         11.5955156330        
  E_gap(k)       0.1937700495         2.6363767749         
 ----------------------------------------------------------


 ++++++++++++++++++++++++++++++++++++++++++++++++++++++++++++++++++++++
 --> #ION MOVE#         1  #ELEC ITER#        13
 ++++++++++++++++++++++++++++++++++++++++++++++++++++++++++++++++++++++
 Average iterative diagonalization steps for k-points is 2
 current threshold of diagonalizaiton is 4.40386e-10
 Electron density deviation 1.38967e-07
                          Diago Threshold = 4.40386e-10
 ----------------------------------------------------------
      Energy           Rydberg                 eV          
 ----------------------------------------------------------
  E_KohnSham     -823.7968071936      -11208.3305720403    
  E_Harris       -823.7986332360      -11208.3554166224    
  E_Fermi        0.8521808601         11.5945154244        
  E_gap(k)       0.1936832539         2.6351958599         
 ----------------------------------------------------------


 ++++++++++++++++++++++++++++++++++++++++++++++++++++++++++++++++++++++
 --> #ION MOVE#         1  #ELEC ITER#        14
 ++++++++++++++++++++++++++++++++++++++++++++++++++++++++++++++++++++++
 Average iterative diagonalization steps for k-points is 2.08108
 current threshold of diagonalizaiton is 1.15806e-10
 Electron density deviation 1.99055e-09
                          Diago Threshold = 1.15806e-10
 ----------------------------------------------------------
      Energy           Rydberg                 eV          
 ----------------------------------------------------------
  E_KohnSham     -823.7968072288      -11208.3305725188    
  E_KS(sigma->0) -823.7968072288      -11208.3305725188    
  E_Harris       -823.7966302642      -11208.3281647926    
  E_band         -37.3905224318       -508.7241562697      
  E_one_elec     -237.0134245623      -3224.7330765403     
  E_Hartree      186.9916969989       2544.1525578741      
  E_xc           -167.4816296641      -2278.7044737579     
  E_Ewald        -606.2934500012      -8249.0455800947     
  E_entropy(-TS) -0.0000000000        -0.0000000000        
  E_descf        0.0000000000         0.0000000000         
  E_localpp      -595.6872594764      -8104.7409548840     
  E_exx          0.0000000000         0.0000000000         
  E_Fermi        0.8521565952         11.5941852832        
  E_gap(k)       0.1936468986         2.6347012215         
 ----------------------------------------------------------

 #SCF IS CONVERGED#
 #TOTAL ENERGY# -11208.330573 eV
 Write eigenvalues and occupations to file: OUT.ABACUS/eig_occ.txt



 #TOTAL-FORCE (eV/Angstrom)#
 -------------------------------------------------------------------------
     Atoms              Force_x              Force_y              Force_z 
 -------------------------------------------------------------------------
       Ba1        -0.0000075761         0.0000009413         0.0138057635 
       Ba2        -0.0000031243         0.0000000000         0.0138255384 
       Ba3        -0.0000016141        -0.0000013955         0.0138248415 
       Ti1        -0.0000020601        -0.0000019259         0.1240148747 
       Ti2        -0.0000022006        -0.0000003158         0.1239790765 
       Ti3         0.0000121076        -0.0000095819         0.1239785471 
        O1         0.0000006972         0.1037940435        -0.0459410600 
        O2        -0.0898789457        -0.0518944586        -0.0459333228 
        O3         0.0898883116        -0.0518998447        -0.0459327627 
        O4        -0.0000015185         0.1038018211        -0.0459511218 
        O5        -0.0898893510        -0.0518963432        -0.0459440894 
        O6         0.0898969203        -0.0519038743        -0.0459483817 
        O7        -0.0000051644         0.1037820087        -0.0459319685 
        O8        -0.0898725986        -0.0518844631        -0.0459260230 
        O9         0.0898661169        -0.0518867944        -0.0459199119 
 -------------------------------------------------------------------------

 #TOTAL-STRESS (kbar)#
 ----------------------------------------------------------------
              Stress_x             Stress_y             Stress_z 
 ----------------------------------------------------------------
        -24.6278121783         0.0010040908        -0.0001104068 
          0.0010040908       -24.6276249956         0.0000169758 
         -0.0001104068         0.0000169758       -22.7757650216 
 ----------------------------------------------------------------
 #TOTAL-PRESSURE# (EXCLUDE KINETIC PART OF IONS): -24.010401 kbar

 --------------------------------------------
 !FINAL_ETOT_IS -11208.3305725188256474 eV
 --------------------------------------------



TIME STATISTICS
--------------------------------------------------------------------
   CLASS_NAME           NAME        TIME/s   CALLS    AVG/s  PER/%  
--------------------------------------------------------------------
                 total              8828.18 17       519.30  100.00 
 Driver          atomic_world       8828.18 1        8828.18 100.00 
 Relax_Driver    relax_driver       8826.87 1        8826.87 99.99  
 ESolver_KS      runner             8796.38 1        8796.38 99.64  
 ESolver_KS_PW   before_scf         96.86   1        96.86   1.10   
 PSIPrepare      initialize_psi     96.42   1        96.42   1.09   
 DiagoIterAssist diag_subspace_init 94.76   148      0.64    1.07   
 Operator        hPsi               7657.05 467888   0.02    86.73  
 Operator        veff_pw            4958.86 467888   0.01    56.17  
 PW_Basis_K      recip2real         2441.96 765516   0.00    27.66  
 PW_Basis_K      real2recip         1753.43 616332   0.00    19.86  
 Operator        nonlocal_pw        2689.46 467888   0.01    30.46  
 Nonlocal        add_nonlocal_pp    1300.91 467888   0.00    14.74  
 ESolver_KS_PW   hamilt2rho_single  8696.95 14       621.21  98.51  
 HSolverPW       solve              8696.94 14       621.21  98.51  
 HSolverPW       solve_psik         7974.82 2072     3.85    90.33  
 DiagoCG         diag_once          6874.59 2072     3.32    77.87  
 ElecStatePW     psiToRho           708.74  14       50.62   8.03   
 DiagoIterAssist diag_subspace      1089.75 1924     0.57    12.34  
--------------------------------------------------------------------


 NAME-------------------------|MEMORY(MB)------------------
                         total      3744.5465
                        Psi_PW      3259.1074
                      VNL::vkb        81.6612
                  PW_B_K::gcar        67.8981
              Veff<PW>::porter        32.0000
             Veff<PW>::porter1        32.0000
              Meta<PW>::porter        32.0000
                 ElecSPW::wfcr        32.0000
               ElecSPW::wfcr_a        32.0000
                 DiagSub::temp        24.7736
                   PW_B_K::gk2        22.6327
                      Chg::rho        16.0000
                 Chg::rho_save        16.0000
                 Chg::rho_core        16.0000
                 Pot::veff_fix        16.0000
                     Pot::veff        16.0000
              Pot::veff_smooth        16.0000
                  SF::strucFac         7.2629
                     VNL::vkb1         4.8936
            Nonlocal<PW>::becp         2.6400
              Nonlocal<PW>::ps         2.6400
                      VNL::ylm         2.4468
             YlmReal::Ylm_Real         2.4468
                      VNL::tab         1.6743
                  SF::eigts123         1.4066
                     Chg::rhog         1.2105
                Chg::rhog_save         1.2105
                Chg::rhog_core         1.2105
 -------------   < 1.0 MB has been ignored ----------------
 ----------------------------------------------------------

 Start  Time  : Tue Mar 17 17:57:17 2026
 Finish Time  : Tue Mar 17 20:24:25 2026
 Total  Time  : 2 h 27 mins 8 secs 
