 In SCAN_BEGIN, can't find: LATTICE_PARAMETERS block.
 In SCAN_BEGIN, can't find: <PP_MESH block.
 In SCAN_BEGIN, can't find: <PP_MESH block.
 AUTO_SET NBANDS to 0
 AUTO_SET NBANDS to 154
 cpu 2D distribution : 4*4
 but, the number of bands-row-block is 3
      Processor           Atom
              1             66
              2             66
              3             65
              4             65
              5             63
              6             65
              7             65
              8             64
              9             63
             10             65
             11             61
             12             65
             13             60
             14             66
             15             64
             16             65
                            startmag_type = 2
                       charge from rho_at = 3.95377
                         charge should be = 4
                            startmag_type = 2
                       charge from rho_at = 3.99303
                         charge should be = 4

 SETUP ATOMIC RHO FOR SPIN 1
                 Electron number from rho = 256
           total electron number from rho = 256
                                should be = 256
                 charge before normalized = 256
                  charge after normalized = 256
                 charge before normalized = 256.00010864882
                  charge after normalized = 256
                 charge before normalized = 256.000158172203
                  charge after normalized = 256
                 charge before normalized = 256.000130981416
                  charge after normalized = 256
                 charge before normalized = 256.000128609987
                  charge after normalized = 256
                 charge before normalized = 256.00012854695
                  charge after normalized = 256
                 charge before normalized = 256.000128054985
                  charge after normalized = 256
                 charge before normalized = 256.00012801965
                  charge after normalized = 256
                 charge before normalized = 256.000128099311
                  charge after normalized = 256
                 charge before normalized = 256.000128196919
                  charge after normalized = 256
                 charge before normalized = 256.000128239738
                  charge after normalized = 256
                 charge before normalized = 256.000128207651
                  charge after normalized = 256
                 charge before normalized = 256.000128212591
                  charge after normalized = 256
                 charge before normalized = 256.000128212275
                  charge after normalized = 256
                 charge before normalized = 256.000128213235
                  charge after normalized = 256
                 charge before normalized = 256.000128212618
                  charge after normalized = 256
                 charge before normalized = 256.000128212705
                  charge after normalized = 256
                 charge before normalized = 256.000128212772
                  charge after normalized = 256
                 charge before normalized = 256.000128212728
                  charge after normalized = 256
                            startmag_type = 2
                       charge from rho_at = 3.95377434289291
                         charge should be = 4
                            startmag_type = 2
                       charge from rho_at = 3.99303358802097
                         charge should be = 4

 SETUP ATOMIC RHO FOR SPIN 1
                 Electron number from rho = 256
           total electron number from rho = 256
                                should be = 256
                            startmag_type = 2
                       charge from rho_at = 3.95377434289291
                         charge should be = 4
                            startmag_type = 2
                       charge from rho_at = 3.99303358802097
                         charge should be = 4

 SETUP ATOMIC RHO FOR SPIN 1
                 Electron number from rho = 256
           total electron number from rho = 256
                                should be = 256
      Processor           Atom
              1             66
              2             66
              3             65
              4             65
              5             63
              6             65
              7             65
              8             64
              9             63
             10             65
             11             61
             12             65
             13             60
             14             66
             15             64
             16             65
                 charge before normalized = 256
                  charge after normalized = 256
                 charge before normalized = 256.000128181055
                  charge after normalized = 256
                 charge before normalized = 256.000128177562
                  charge after normalized = 256
                 charge before normalized = 256.000128209075
                  charge after normalized = 256
                 charge before normalized = 256.000128190255
                  charge after normalized = 256
                 charge before normalized = 256.00012819128
                  charge after normalized = 256
                 charge before normalized = 256.000128190932
                  charge after normalized = 256
                 charge before normalized = 256.000128191223
                  charge after normalized = 256
                 charge before normalized = 256.000128191372
                  charge after normalized = 256
                 charge before normalized = 256.000128191419
                  charge after normalized = 256
                 charge before normalized = 256.000128191355
                  charge after normalized = 256
                            startmag_type = 2
                       charge from rho_at = 3.95377434289291
                         charge should be = 4
                            startmag_type = 2
                       charge from rho_at = 3.99303358802097
                         charge should be = 4

 SETUP ATOMIC RHO FOR SPIN 1
                 Electron number from rho = 256
           total electron number from rho = 256
                                should be = 256
                            startmag_type = 2
                       charge from rho_at = 3.95377434289291
                         charge should be = 4
                            startmag_type = 2
                       charge from rho_at = 3.99303358802097
                         charge should be = 4

 SETUP ATOMIC RHO FOR SPIN 1
                 Electron number from rho = 256
           total electron number from rho = 256
                                should be = 256
      Processor           Atom
              1             66
              2             66
              3             65
              4             65
              5             63
              6             65
              7             65
              8             64
              9             63
             10             65
             11             61
             12             65
             13             60
             14             66
             15             64
             16             65
                 charge before normalized = 256
                  charge after normalized = 256
                 charge before normalized = 256.000128190522
                  charge after normalized = 256
                 charge before normalized = 256.000128179687
                  charge after normalized = 256
                 charge before normalized = 256.000128248666
                  charge after normalized = 256
                 charge before normalized = 256.000128200185
                  charge after normalized = 256
                 charge before normalized = 256.000128206096
                  charge after normalized = 256
                 charge before normalized = 256.000128204445
                  charge after normalized = 256
                 charge before normalized = 256.00012820492
                  charge after normalized = 256
                 charge before normalized = 256.000128205446
                  charge after normalized = 256
                 charge before normalized = 256.000128205438
                  charge after normalized = 256
                 charge before normalized = 256.000128205334
                  charge after normalized = 256
                 charge before normalized = 256.000128205395
                  charge after normalized = 256
                            startmag_type = 2
                       charge from rho_at = 3.95377434289291
                         charge should be = 4
                            startmag_type = 2
                       charge from rho_at = 3.99303358802097
                         charge should be = 4

 SETUP ATOMIC RHO FOR SPIN 1
                 Electron number from rho = 256
           total electron number from rho = 256
                                should be = 256
                            startmag_type = 2
                       charge from rho_at = 3.95377434289291
                         charge should be = 4
                            startmag_type = 2
                       charge from rho_at = 3.99303358802097
                         charge should be = 4

 SETUP ATOMIC RHO FOR SPIN 1
                 Electron number from rho = 256
           total electron number from rho = 256
                                should be = 256
      Processor           Atom
              1             66
              2             66
              3             65
              4             65
              5             63
              6             65
              7             65
              8             64
              9             63
             10             65
             11             61
             12             66
             13             60
             14             66
             15             64
             16             64
                 charge before normalized = 256
                  charge after normalized = 256
                 charge before normalized = 256.000128297043
                  charge after normalized = 256
                 charge before normalized = 256.000128305941
                  charge after normalized = 256
                 charge before normalized = 256.00012830485
                  charge after normalized = 256
                 charge before normalized = 256.000128304799
                  charge after normalized = 256
                 charge before normalized = 256.00012830359
                  charge after normalized = 256
                 charge before normalized = 256.000128304388
                  charge after normalized = 256
                 charge before normalized = 256.000128304559
                  charge after normalized = 256
                 charge before normalized = 256.00012830451
                  charge after normalized = 256
                 charge before normalized = 256.000128304478
                  charge after normalized = 256
                 charge before normalized = 256.000128304459
                  charge after normalized = 256
                            startmag_type = 2
                       charge from rho_at = 3.95377434289291
                         charge should be = 4
                            startmag_type = 2
                       charge from rho_at = 3.99303358802097
                         charge should be = 4

 SETUP ATOMIC RHO FOR SPIN 1
                 Electron number from rho = 256
           total electron number from rho = 256
                                should be = 256
                            startmag_type = 2
                       charge from rho_at = 3.95377434289291
                         charge should be = 4
                            startmag_type = 2
                       charge from rho_at = 3.99303358802097
                         charge should be = 4

 SETUP ATOMIC RHO FOR SPIN 1
                 Electron number from rho = 256
           total electron number from rho = 256
                                should be = 256
      Processor           Atom
              1             66
              2             66
              3             64
              4             65
              5             63
              6             65
              7             65
              8             64
              9             63
             10             65
             11             61
             12             65
             13             60
             14             66
             15             64
             16             65
                 charge before normalized = 256
                  charge after normalized = 256
                 charge before normalized = 256.000128274694
                  charge after normalized = 256
                 charge before normalized = 256.000128257103
                  charge after normalized = 256
                 charge before normalized = 256.000128318301
                  charge after normalized = 256
                 charge before normalized = 256.000128277266
                  charge after normalized = 256
                 charge before normalized = 256.00012827956
                  charge after normalized = 256
                 charge before normalized = 256.000128281576
                  charge after normalized = 256
                 charge before normalized = 256.000128278828
                  charge after normalized = 256
                 charge before normalized = 256.000128280687
                  charge after normalized = 256
                 charge before normalized = 256.00012828034
                  charge after normalized = 256
                 charge before normalized = 256.000128280383
                  charge after normalized = 256
                 charge before normalized = 256.000128280371
                  charge after normalized = 256
                            startmag_type = 2
                       charge from rho_at = 3.95377434289291
                         charge should be = 4
                            startmag_type = 2
                       charge from rho_at = 3.99303358802097
                         charge should be = 4

 SETUP ATOMIC RHO FOR SPIN 1
                 Electron number from rho = 256
           total electron number from rho = 256
                                should be = 256
                            startmag_type = 2
                       charge from rho_at = 3.95377434289291
                         charge should be = 4
                            startmag_type = 2
                       charge from rho_at = 3.99303358802097
                         charge should be = 4

 SETUP ATOMIC RHO FOR SPIN 1
                 Electron number from rho = 256
           total electron number from rho = 256
                                should be = 256
      Processor           Atom
              1             66
              2             66
              3             64
              4             65
              5             64
              6             65
              7             65
              8             64
              9             63
             10             65
             11             61
             12             66
             13             60
             14             66
             15             64
             16             64
                 charge before normalized = 256
                  charge after normalized = 256
                 charge before normalized = 256.000128208001
                  charge after normalized = 256
                 charge before normalized = 256.000128215732
                  charge after normalized = 256
                 charge before normalized = 256.000128258364
                  charge after normalized = 256
                 charge before normalized = 256.000128216521
                  charge after normalized = 256
                 charge before normalized = 256.000128232236
                  charge after normalized = 256
                 charge before normalized = 256.000128226056
                  charge after normalized = 256
                 charge before normalized = 256.000128227313
                  charge after normalized = 256
                 charge before normalized = 256.000128227426
                  charge after normalized = 256
                 charge before normalized = 256.000128227345
                  charge after normalized = 256
                 charge before normalized = 256.000128227311
                  charge after normalized = 256
                 charge before normalized = 256.000128227356
                  charge after normalized = 256
                            startmag_type = 2
                       charge from rho_at = 3.95377434289291
                         charge should be = 4
                            startmag_type = 2
                       charge from rho_at = 3.99303358802097
                         charge should be = 4

 SETUP ATOMIC RHO FOR SPIN 1
                 Electron number from rho = 256
           total electron number from rho = 256
                                should be = 256
                            startmag_type = 2
                       charge from rho_at = 3.95377434289291
                         charge should be = 4
                            startmag_type = 2
                       charge from rho_at = 3.99303358802097
                         charge should be = 4

 SETUP ATOMIC RHO FOR SPIN 1
                 Electron number from rho = 256
           total electron number from rho = 256
                                should be = 256
      Processor           Atom
              1             66
              2             66
              3             64
              4             65
              5             64
              6             65
              7             65
              8             64
              9             63
             10             65
             11             61
             12             66
             13             60
             14             66
             15             64
             16             64
                 charge before normalized = 256
                  charge after normalized = 256
                 charge before normalized = 256.000128283743
                  charge after normalized = 256
                 charge before normalized = 256.000128331089
                  charge after normalized = 256
                 charge before normalized = 256.000128257731
                  charge after normalized = 256
                 charge before normalized = 256.000128309013
                  charge after normalized = 256
                 charge before normalized = 256.000128296349
                  charge after normalized = 256
                 charge before normalized = 256.000128302126
                  charge after normalized = 256
                 charge before normalized = 256.00012830093
                  charge after normalized = 256
                 charge before normalized = 256.000128300712
                  charge after normalized = 256
                 charge before normalized = 256.000128300887
                  charge after normalized = 256
                 charge before normalized = 256.000128300824
                  charge after normalized = 256
                 charge before normalized = 256.000128300839
                  charge after normalized = 256
                            startmag_type = 2
                       charge from rho_at = 3.95377434289291
                         charge should be = 4
                            startmag_type = 2
                       charge from rho_at = 3.99303358802097
                         charge should be = 4

 SETUP ATOMIC RHO FOR SPIN 1
                 Electron number from rho = 256
           total electron number from rho = 256
                                should be = 256
                            startmag_type = 2
                       charge from rho_at = 3.95377434289291
                         charge should be = 4
                            startmag_type = 2
                       charge from rho_at = 3.99303358802097
                         charge should be = 4

 SETUP ATOMIC RHO FOR SPIN 1
                 Electron number from rho = 256
           total electron number from rho = 256
                                should be = 256
      Processor           Atom
              1             66
              2             66
              3             65
              4             65
              5             64
              6             65
              7             65
              8             64
              9             63
             10             65
             11             61
             12             66
             13             60
             14             66
             15             64
             16             64
                 charge before normalized = 256
                  charge after normalized = 256
                 charge before normalized = 256.000128264061
                  charge after normalized = 256
                 charge before normalized = 256.00012831007
                  charge after normalized = 256
                 charge before normalized = 256.00012825346
                  charge after normalized = 256
                 charge before normalized = 256.00012829031
                  charge after normalized = 256
                 charge before normalized = 256.000128275924
                  charge after normalized = 256
                 charge before normalized = 256.000128286222
                  charge after normalized = 256
                 charge before normalized = 256.000128282495
                  charge after normalized = 256
                 charge before normalized = 256.000128283549
                  charge after normalized = 256
                 charge before normalized = 256.000128283223
                  charge after normalized = 256
                 charge before normalized = 256.000128283238
                  charge after normalized = 256
                 charge before normalized = 256.000128283258
                  charge after normalized = 256
                 charge before normalized = 256.000128283243
                  charge after normalized = 256
                            startmag_type = 2
                       charge from rho_at = 3.95377434289291
                         charge should be = 4
                            startmag_type = 2
                       charge from rho_at = 3.99303358802097
                         charge should be = 4

 SETUP ATOMIC RHO FOR SPIN 1
                 Electron number from rho = 256
           total electron number from rho = 256
                                should be = 256
                            startmag_type = 2
                       charge from rho_at = 3.95377434289291
                         charge should be = 4
                            startmag_type = 2
                       charge from rho_at = 3.99303358802097
                         charge should be = 4

 SETUP ATOMIC RHO FOR SPIN 1
                 Electron number from rho = 256
           total electron number from rho = 256
                                should be = 256
      Processor           Atom
              1             66
              2             66
              3             65
              4             65
              5             64
              6             65
              7             65
              8             64
              9             63
             10             65
             11             61
             12             66
             13             60
             14             66
             15             64
             16             64
                 charge before normalized = 256
                  charge after normalized = 256
                 charge before normalized = 256.000128367505
                  charge after normalized = 256
                 charge before normalized = 256.00012834143
                  charge after normalized = 256
                 charge before normalized = 256.000128420503
                  charge after normalized = 256
                 charge before normalized = 256.000128346808
                  charge after normalized = 256
                 charge before normalized = 256.000128372697
                  charge after normalized = 256
                 charge before normalized = 256.000128364968
                  charge after normalized = 256
                 charge before normalized = 256.000128365849
                  charge after normalized = 256
                 charge before normalized = 256.000128366646
                  charge after normalized = 256
                 charge before normalized = 256.000128366452
                  charge after normalized = 256
                 charge before normalized = 256.000128366413
                  charge after normalized = 256
                 charge before normalized = 256.000128366448
                  charge after normalized = 256
                 charge before normalized = 256.000128366404
                  charge after normalized = 256
                            startmag_type = 2
                       charge from rho_at = 3.95377434289291
                         charge should be = 4
                            startmag_type = 2
                       charge from rho_at = 3.99303358802097
                         charge should be = 4

 SETUP ATOMIC RHO FOR SPIN 1
                 Electron number from rho = 256
           total electron number from rho = 256
                                should be = 256
                            startmag_type = 2
                       charge from rho_at = 3.95377434289291
                         charge should be = 4
                            startmag_type = 2
                       charge from rho_at = 3.99303358802097
                         charge should be = 4

 SETUP ATOMIC RHO FOR SPIN 1
                 Electron number from rho = 256
           total electron number from rho = 256
                                should be = 256
      Processor           Atom
              1             66
              2             66
              3             64
              4             65
              5             64
              6             65
              7             65
              8             64
              9             63
             10             65
             11             61
             12             66
             13             60
             14             66
             15             64
             16             64
                 charge before normalized = 256
                  charge after normalized = 256
                 charge before normalized = 256.000128249678
                  charge after normalized = 256
                 charge before normalized = 256.000128341277
                  charge after normalized = 256
                 charge before normalized = 256.000128195982
                  charge after normalized = 256
                 charge before normalized = 256.000128279891
                  charge after normalized = 256
                 charge before normalized = 256.000128263824
                  charge after normalized = 256
                 charge before normalized = 256.000128272213
                  charge after normalized = 256
                 charge before normalized = 256.000128270196
                  charge after normalized = 256
                 charge before normalized = 256.000128269642
                  charge after normalized = 256
                 charge before normalized = 256.000128269878
                  charge after normalized = 256
                 charge before normalized = 256.000128269906
                  charge after normalized = 256
                 charge before normalized = 256.000128269856
                  charge after normalized = 256
                 charge before normalized = 256.000128269921
                  charge after normalized = 256
                            startmag_type = 2
                       charge from rho_at = 3.95377434289291
                         charge should be = 4
                            startmag_type = 2
                       charge from rho_at = 3.99303358802097
                         charge should be = 4

 SETUP ATOMIC RHO FOR SPIN 1
                 Electron number from rho = 256
           total electron number from rho = 256
                                should be = 256
                            startmag_type = 2
                       charge from rho_at = 3.95377434289291
                         charge should be = 4
                            startmag_type = 2
                       charge from rho_at = 3.99303358802097
                         charge should be = 4

 SETUP ATOMIC RHO FOR SPIN 1
                 Electron number from rho = 256
           total electron number from rho = 256
                                should be = 256
      Processor           Atom
              1             66
              2             66
              3             64
              4             65
              5             64
              6             65
              7             65
              8             64
              9             63
             10             65
             11             61
             12             65
             13             60
             14             66
             15             64
             16             64
                 charge before normalized = 256
                  charge after normalized = 256
                 charge before normalized = 256.000128291432
                  charge after normalized = 256
                 charge before normalized = 256.000128354569
                  charge after normalized = 256
                 charge before normalized = 256.00012826852
                  charge after normalized = 256
                 charge before normalized = 256.000128319325
                  charge after normalized = 256
                 charge before normalized = 256.000128309377
                  charge after normalized = 256
                 charge before normalized = 256.000128316979
                  charge after normalized = 256
                 charge before normalized = 256.000128313324
                  charge after normalized = 256
                 charge before normalized = 256.000128314372
                  charge after normalized = 256
                 charge before normalized = 256.000128314104
                  charge after normalized = 256
                 charge before normalized = 256.000128314164
                  charge after normalized = 256
                 charge before normalized = 256.000128314162
                  charge after normalized = 256
