WARNING: Total thread number on this node mismatches with hardware availability. This may cause poor performance.
Info: Local MPI proc number: 16,OpenMP thread number: 1,Total thread number: 16,Local thread limit: 32
                                                                                     
                              ABACUS v3.1                                            

               Atomic-orbital Based Ab-initio Computation at UStc                    

                     Website: http://abacus.ustc.edu.cn/                             
               Documentation: https://abacus.deepmodeling.com/                       
                  Repository: https://github.com/abacusmodeling/abacus-develop       
                              https://github.com/deepmodeling/abacus-develop         

 Fri Feb  3 19:28:16 2023
 MAKE THE DIR         : OUT.ABACUS/
 MAKE THE STRU DIR    : OUT.ABACUS/STRU/
 UNIFORM GRID DIM     : 108 * 108 * 108
 UNIFORM GRID DIM(BIG): 54 * 54 * 54
 DONE(0.0982289  SEC) : SETUP UNITCELL
 DONE(0.109871   SEC) : INIT K-POINTS
 ---------------------------------------------------------
 Molecular Dynamics simulations
 ---------------------------------------------------------
 ENSEMBLE                 : Langevin
 Time interval(fs)        : 1
 ---------------------------------------------------------
 SPIN    KPOINTS         PROCESSORS  NBASE       
 1       36              16          1408        
 ---------------------------------------------------------
 Use Systematically Improvable Atomic bases
 ---------------------------------------------------------
 ELEMENT ORBITALS        NBASE       NATOM       XC          
 Si      3s3p2d-9au      22          32          
 C       3s3p2d-9au      22          32          
 ---------------------------------------------------------
 Initial plane wave basis and FFT box
 ---------------------------------------------------------
--------------------------------- INITVEL DONE ------------------------------------
 -------------------------------------------
 STEP OF MOLECULAR DYNAMICS : 0
 -------------------------------------------
 START CHARGE      : atomic
 DONE(8.41832    SEC) : INIT SCF
 ITER   ETOT(eV)       EDIFF(eV)      DRHO       TIME(s)    
 GE1    -8.333475e+03  0.000000e+00   2.711e-01  7.826e+01  
 GE2    -8.369052e+03  -3.557702e+01  1.644e-01  7.316e+01  
 GE3    -8.380352e+03  -1.129937e+01  5.387e-02  7.307e+01  
 GE4    -8.391881e+03  -1.152880e+01  5.499e-02  7.318e+01  
 GE5    -8.399683e+03  -7.801967e+00  1.192e-02  7.321e+01  
 GE6    -8.399919e+03  -2.360781e-01  6.081e-03  7.313e+01  
 GE7    -8.399977e+03  -5.783086e-02  3.003e-03  7.313e+01  
 GE8    -8.399981e+03  -4.238055e-03  1.926e-03  7.313e+01  
 GE9    -8.399985e+03  -4.137403e-03  9.585e-04  7.294e+01  
 GE10   -8.399987e+03  -2.203967e-03  2.237e-04  7.308e+01  
 GE11   -8.399987e+03  -1.329935e-04  1.795e-04  7.308e+01  
 GE12   -8.399987e+03  -8.047655e-05  8.601e-05  7.304e+01  
 GE13   -8.399987e+03  -1.443817e-05  2.160e-05  7.304e+01  
 GE14   -8.399987e+03  -1.380842e-06  1.636e-05  7.316e+01  
 GE15   -8.399987e+03  -4.433700e-07  8.243e-06  7.302e+01  
 GE16   -8.399987e+03  -1.888737e-07  2.591e-06  7.304e+01  
 GE17   -8.399987e+03  -1.956842e-08  1.327e-06  7.301e+01  
 GE18   -8.399987e+03  -1.828304e-09  1.144e-06  7.307e+01  
 GE19   -8.399987e+03  -3.068829e-09  2.953e-07  7.308e+01  
 ><><><><><><><><><><><><><><><><><><><><><><
 TOTAL-STRESS (KBAR):
 ><><><><><><><><><><><><><><><><><><><><><><
 2.920e+01      -6.048e+01     -9.662e-01     
 -6.048e+01     -4.314e+01     -2.798e+01     
 -9.662e-01     -2.798e+01     -5.025e+01     
 TOTAL-PRESSURE: -2.139e+01 KBAR
 ------------------------------------------------------------------------------------------------
 Energy              Potential           Kinetic             Temperature         Pressure (KBAR)     
 -3.087e+02          -3.087e+02          2.993e-03           1.000e+01           -2.127e+01          
 ------------------------------------------------------------------------------------------------
 -------------------------------------------
 STEP OF MOLECULAR DYNAMICS : 1
 -------------------------------------------
 DONE(1.482e+03  SEC) : INIT SCF
 ITER   ETOT(eV)       EDIFF(eV)      DRHO       TIME(s)    
 GE1    -8.400048e+03  0.000000e+00   4.554e-04  7.833e+01  
 GE2    -8.400048e+03  3.136796e-04   3.570e-04  7.318e+01  
 GE3    -8.400048e+03  -3.564425e-04  3.322e-04  7.314e+01  
 GE4    -8.400048e+03  -3.273367e-04  8.090e-05  7.314e+01  
 GE5    -8.400048e+03  -1.481682e-05  3.615e-05  7.316e+01  
 GE6    -8.400048e+03  -3.705659e-06  1.666e-05  7.316e+01  
 GE7    -8.400048e+03  -6.693326e-07  8.350e-06  7.308e+01  
 GE8    -8.400048e+03  -2.262070e-07  2.305e-06  7.313e+01  
 GE9    -8.400048e+03  -1.049342e-08  8.603e-07  7.302e+01  
 ><><><><><><><><><><><><><><><><><><><><><><
 TOTAL-STRESS (KBAR):
 ><><><><><><><><><><><><><><><><><><><><><><
 2.909e+01      -6.049e+01     -7.704e-01     
 -6.049e+01     -4.336e+01     -2.834e+01     
 -7.704e-01     -2.834e+01     -5.043e+01     
 TOTAL-PRESSURE: -2.157e+01 KBAR
 ------------------------------------------------------------------------------------------------
 Energy              Potential           Kinetic             Temperature         Pressure (KBAR)     
 -3.087e+02          -3.087e+02          7.320e-03           2.446e+01           -2.126e+01          
 ------------------------------------------------------------------------------------------------
 -------------------------------------------
 STEP OF MOLECULAR DYNAMICS : 2
 -------------------------------------------
 DONE(2.225e+03  SEC) : INIT SCF
 ITER   ETOT(eV)       EDIFF(eV)      DRHO       TIME(s)    
 GE1    -8.400215e+03  0.000000e+00   1.580e-03  7.842e+01  
 GE2    -8.400213e+03  1.886260e-03   1.025e-03  7.324e+01  
 GE3    -8.400216e+03  -2.423844e-03  1.036e-03  7.317e+01  
 GE4    -8.400219e+03  -2.929629e-03  2.264e-04  7.321e+01  
 GE5    -8.400219e+03  -1.084529e-04  1.283e-04  7.321e+01  
 GE6    -8.400219e+03  -4.025313e-05  5.574e-05  7.320e+01  
 GE7    -8.400219e+03  -7.784194e-06  2.652e-05  7.302e+01  
 GE8    -8.400219e+03  -2.349649e-06  6.513e-06  7.305e+01  
 GE9    -8.400219e+03  -1.217199e-07  2.276e-06  7.320e+01  
 GE10   -8.400219e+03  -5.583907e-09  9.334e-07  7.308e+01  
 ><><><><><><><><><><><><><><><><><><><><><><
 TOTAL-STRESS (KBAR):
 ><><><><><><><><><><><><><><><><><><><><><><
 2.897e+01      -6.038e+01     -3.839e-02     
 -6.038e+01     -4.388e+01     -2.931e+01     
 -3.839e-02     -2.931e+01     -5.106e+01     
 TOTAL-PRESSURE: -2.199e+01 KBAR
 ------------------------------------------------------------------------------------------------
 Energy              Potential           Kinetic             Temperature         Pressure (KBAR)     
 -3.087e+02          -3.087e+02          1.810e-02           6.047e+01           -2.122e+01          
 ------------------------------------------------------------------------------------------------
 -------------------------------------------
 STEP OF MOLECULAR DYNAMICS : 3
 -------------------------------------------
 DONE(3.041e+03  SEC) : INIT SCF
 ITER   ETOT(eV)       EDIFF(eV)      DRHO       TIME(s)    
 GE1    -8.400352e+03  0.000000e+00   1.985e-03  7.815e+01  
 GE2    -8.400352e+03  3.586587e-04   1.215e-03  7.295e+01  
 GE3    -8.400355e+03  -2.783018e-03  1.032e-03  7.293e+01  
 GE4    -8.400357e+03  -2.686194e-03  3.102e-04  7.293e+01  
 GE5    -8.400358e+03  -2.649673e-04  1.855e-04  7.295e+01  
 GE6    -8.400358e+03  -9.802360e-05  5.838e-05  7.293e+01  
 GE7    -8.400358e+03  -6.885354e-06  2.750e-05  7.305e+01  
 GE8    -8.400358e+03  -2.561501e-06  1.013e-05  7.289e+01  
 GE9    -8.400358e+03  -2.915264e-07  2.991e-06  7.292e+01  
 GE10   -8.400358e+03  -1.359163e-08  9.732e-07  7.292e+01  
 ><><><><><><><><><><><><><><><><><><><><><><
 TOTAL-STRESS (KBAR):
 ><><><><><><><><><><><><><><><><><><><><><><
 2.876e+01      -6.078e+01     3.821e-01      
 -6.078e+01     -4.449e+01     -2.951e+01     
 3.821e-01      -2.951e+01     -5.167e+01     
 TOTAL-PRESSURE: -2.247e+01 KBAR
 ------------------------------------------------------------------------------------------------
 Energy              Potential           Kinetic             Temperature         Pressure (KBAR)     
 -3.087e+02          -3.087e+02          2.602e-02           8.694e+01           -2.137e+01          
 ------------------------------------------------------------------------------------------------
 -------------------------------------------
 STEP OF MOLECULAR DYNAMICS : 4
 -------------------------------------------
 DONE(3.855e+03  SEC) : INIT SCF
 ITER   ETOT(eV)       EDIFF(eV)      DRHO       TIME(s)    
 GE1    -8.400392e+03  0.000000e+00   2.119e-03  7.836e+01  
 GE2    -8.400389e+03  2.433561e-03   1.301e-03  7.300e+01  
 GE3    -8.400393e+03  -3.416200e-03  1.291e-03  7.298e+01  
 GE4    -8.400398e+03  -4.837495e-03  3.270e-04  7.302e+01  
 GE5    -8.400398e+03  -2.580789e-04  1.677e-04  7.308e+01  
 GE6    -8.400398e+03  -6.925772e-05  7.437e-05  7.311e+01  
 GE7    -8.400398e+03  -1.328817e-05  3.396e-05  7.312e+01  
 GE8    -8.400398e+03  -4.096802e-06  9.947e-06  7.306e+01  
 GE9    -8.400398e+03  -2.501157e-07  2.936e-06  7.307e+01  
 GE10   -8.400398e+03  -1.796440e-08  1.215e-06  7.316e+01  
 GE11   -8.400398e+03  -1.022427e-09  6.631e-07  7.302e+01  
 ><><><><><><><><><><><><><><><><><><><><><><
 TOTAL-STRESS (KBAR):
 ><><><><><><><><><><><><><><><><><><><><><><
 2.919e+01      -6.155e+01     1.545e-01      
 -6.155e+01     -4.456e+01     -2.973e+01     
 1.545e-01      -2.973e+01     -5.145e+01     
 TOTAL-PRESSURE: -2.227e+01 KBAR
 ------------------------------------------------------------------------------------------------
 Energy              Potential           Kinetic             Temperature         Pressure (KBAR)     
 -3.087e+02          -3.087e+02          3.522e-02           1.177e+02           -2.079e+01          
 ------------------------------------------------------------------------------------------------
 -------------------------------------------
 STEP OF MOLECULAR DYNAMICS : 5
 -------------------------------------------
 DONE(4.744e+03  SEC) : INIT SCF
 ITER   ETOT(eV)       EDIFF(eV)      DRHO       TIME(s)    
 GE1    -8.400432e+03  0.000000e+00   2.478e-03  7.825e+01  
 GE2    -8.400431e+03  1.827494e-03   1.538e-03  7.293e+01  
 GE3    -8.400435e+03  -4.702751e-03  1.429e-03  7.320e+01  
 GE4    -8.400440e+03  -5.043113e-03  3.958e-04  7.309e+01  
 GE5    -8.400441e+03  -4.445398e-04  2.509e-04  7.300e+01  
 GE6    -8.400441e+03  -1.766112e-04  7.850e-05  7.301e+01  
 GE7    -8.400441e+03  -1.318466e-05  3.473e-05  7.311e+01  
 GE8    -8.400441e+03  -3.934571e-06  1.205e-05  7.306e+01  
 GE9    -8.400441e+03  -4.319021e-07  4.047e-06  7.305e+01  
 GE10   -8.400441e+03  -3.906260e-08  1.241e-06  7.311e+01  
 GE11   -8.400441e+03  3.372000e-10   6.943e-07  7.307e+01  
 ><><><><><><><><><><><><><><><><><><><><><><
 TOTAL-STRESS (KBAR):
 ><><><><><><><><><><><><><><><><><><><><><><
 2.910e+01      -6.158e+01     5.216e-01      
 -6.158e+01     -4.469e+01     -3.054e+01     
 5.216e-01      -3.054e+01     -5.159e+01     
 TOTAL-PRESSURE: -2.239e+01 KBAR
 ------------------------------------------------------------------------------------------------
 Energy              Potential           Kinetic             Temperature         Pressure (KBAR)     
 -3.087e+02          -3.087e+02          3.693e-02           1.234e+02           -2.083e+01          
 ------------------------------------------------------------------------------------------------
 -------------------------------------------
 STEP OF MOLECULAR DYNAMICS : 6
 -------------------------------------------
 DONE(5.631e+03  SEC) : INIT SCF
 ITER   ETOT(eV)       EDIFF(eV)      DRHO       TIME(s)    
 GE1    -8.400510e+03  0.000000e+00   2.828e-03  7.827e+01  
 GE2    -8.400503e+03  7.609472e-03   1.925e-03  7.301e+01  
 GE3    -8.400513e+03  -1.014767e-02  1.896e-03  7.309e+01  
 GE4    -8.400522e+03  -9.166053e-03  4.287e-04  7.307e+01  
 GE5    -8.400522e+03  -4.024527e-04  2.566e-04  7.299e+01  
 GE6    -8.400523e+03  -1.834933e-04  1.002e-04  7.302e+01  
 GE7    -8.400523e+03  -2.282349e-05  5.030e-05  7.306e+01  
 GE8    -8.400523e+03  -7.785958e-06  1.357e-05  7.300e+01  
 GE9    -8.400523e+03  -4.958603e-07  4.493e-06  7.309e+01  
 GE10   -8.400523e+03  -4.754365e-08  1.651e-06  7.301e+01  
 GE11   -8.400523e+03  -7.064184e-09  1.031e-06  7.305e+01  
 GE12   -8.400523e+03  -2.256765e-09  3.816e-07  7.303e+01  
 ><><><><><><><><><><><><><><><><><><><><><><
 TOTAL-STRESS (KBAR):
 ><><><><><><><><><><><><><><><><><><><><><><
 2.866e+01      -6.119e+01     3.369e-01      
 -6.119e+01     -4.492e+01     -3.083e+01     
 3.369e-01      -3.083e+01     -5.167e+01     
 TOTAL-PRESSURE: -2.264e+01 KBAR
 ------------------------------------------------------------------------------------------------
 Energy              Potential           Kinetic             Temperature         Pressure (KBAR)     
 -3.087e+02          -3.087e+02          5.140e-02           1.718e+02           -2.048e+01          
 ------------------------------------------------------------------------------------------------
 -------------------------------------------
 STEP OF MOLECULAR DYNAMICS : 7
 -------------------------------------------
 DONE(6.593e+03  SEC) : INIT SCF
 ITER   ETOT(eV)       EDIFF(eV)      DRHO       TIME(s)    
 GE1    -8.400444e+03  0.000000e+00   2.991e-03  7.824e+01  
 GE2    -8.400442e+03  2.102111e-03   1.831e-03  7.301e+01  
 GE3    -8.400450e+03  -7.918357e-03  1.557e-03  7.299e+01  
 GE4    -8.400456e+03  -6.256831e-03  4.244e-04  7.294e+01  
 GE5    -8.400457e+03  -4.283555e-04  2.954e-04  7.303e+01  
 GE6    -8.400457e+03  -2.768539e-04  1.032e-04  7.304e+01  
 GE7    -8.400457e+03  -2.348495e-05  3.996e-05  7.307e+01  
 GE8    -8.400457e+03  -5.248663e-06  1.500e-05  7.311e+01  
 GE9    -8.400457e+03  -7.419203e-07  4.853e-06  7.296e+01  
 GE10   -8.400457e+03  -5.806026e-08  1.470e-06  7.303e+01  
 GE11   -8.400457e+03  -1.039442e-09  7.595e-07  7.313e+01  
 ><><><><><><><><><><><><><><><><><><><><><><
 TOTAL-STRESS (KBAR):
 ><><><><><><><><><><><><><><><><><><><><><><
 2.834e+01      -6.035e+01     4.228e-01      
 -6.035e+01     -4.447e+01     -3.129e+01     
 4.228e-01      -3.129e+01     -5.139e+01     
 TOTAL-PRESSURE: -2.251e+01 KBAR
 ------------------------------------------------------------------------------------------------
 Energy              Potential           Kinetic             Temperature         Pressure (KBAR)     
 -3.086e+02          -3.087e+02          6.501e-02           2.172e+02           -1.976e+01          
 ------------------------------------------------------------------------------------------------
 -------------------------------------------
 STEP OF MOLECULAR DYNAMICS : 8
 -------------------------------------------
 DONE(7.481e+03  SEC) : INIT SCF
 ITER   ETOT(eV)       EDIFF(eV)      DRHO       TIME(s)    
 GE1    -8.400487e+03  0.000000e+00   3.591e-03  7.850e+01  
 GE2    -8.400484e+03  3.293686e-03   2.181e-03  7.314e+01  
 GE3    -8.400492e+03  -7.695706e-03  2.006e-03  7.314e+01  
 GE4    -8.400504e+03  -1.199502e-02  6.001e-04  7.314e+01  
 GE5    -8.400505e+03  -9.334450e-04  2.921e-04  7.315e+01  
 GE6    -8.400505e+03  -2.492763e-04  1.260e-04  7.320e+01  
 GE7    -8.400505e+03  -3.692288e-05  4.519e-05  7.319e+01  
 GE8    -8.400505e+03  -6.907762e-06  1.804e-05  7.318e+01  
 GE9    -8.400505e+03  -9.928683e-07  6.102e-06  7.323e+01  
 GE10   -8.400505e+03  -7.795506e-08  1.675e-06  7.320e+01  
 GE11   -8.400505e+03  -1.382829e-09  7.635e-07  7.308e+01  
 ><><><><><><><><><><><><><><><><><><><><><><
 TOTAL-STRESS (KBAR):
 ><><><><><><><><><><><><><><><><><><><><><><
 2.815e+01      -6.035e+01     8.459e-02      
 -6.035e+01     -4.461e+01     -3.097e+01     
 8.459e-02      -3.097e+01     -5.144e+01     
 TOTAL-PRESSURE: -2.263e+01 KBAR
 ------------------------------------------------------------------------------------------------
 Energy              Potential           Kinetic             Temperature         Pressure (KBAR)     
 -3.086e+02          -3.087e+02          8.030e-02           2.683e+02           -1.925e+01          
 ------------------------------------------------------------------------------------------------
 -------------------------------------------
 STEP OF MOLECULAR DYNAMICS : 9
 -------------------------------------------
 DONE(8.371e+03  SEC) : INIT SCF
 ITER   ETOT(eV)       EDIFF(eV)      DRHO       TIME(s)    
 GE1    -8.400525e+03  0.000000e+00   3.827e-03  7.830e+01  
 GE2    -8.400512e+03  1.301310e-02   2.854e-03  7.315e+01  
 GE3    -8.400533e+03  -2.092613e-02  2.482e-03  7.323e+01  
 GE4    -8.400549e+03  -1.667135e-02  6.311e-04  7.317e+01  
 GE5    -8.400550e+03  -9.538515e-04  3.388e-04  7.318e+01  
 GE6    -8.400551e+03  -3.035420e-04  1.332e-04  7.315e+01  
 GE7    -8.400551e+03  -3.745409e-05  6.352e-05  7.317e+01  
 GE8    -8.400551e+03  -1.378832e-05  2.169e-05  7.323e+01  
 GE9    -8.400551e+03  -1.335019e-06  6.657e-06  7.324e+01  
 GE10   -8.400551e+03  -9.400918e-08  2.022e-06  7.319e+01  
 GE11   -8.400551e+03  -8.692953e-09  1.145e-06  7.313e+01  
 GE12   -8.400551e+03  -3.093578e-11  6.506e-07  7.309e+01  
 ><><><><><><><><><><><><><><><><><><><><><><
 TOTAL-STRESS (KBAR):
 ><><><><><><><><><><><><><><><><><><><><><><
 2.803e+01      -6.016e+01     7.489e-02      
 -6.016e+01     -4.493e+01     -3.108e+01     
 7.489e-02      -3.108e+01     -5.182e+01     
 TOTAL-PRESSURE: -2.291e+01 KBAR
 ------------------------------------------------------------------------------------------------
 Energy              Potential           Kinetic             Temperature         Pressure (KBAR)     
 -3.086e+02          -3.087e+02          7.272e-02           2.430e+02           -1.984e+01          
 ------------------------------------------------------------------------------------------------
 -------------------------------------------
 STEP OF MOLECULAR DYNAMICS : 10
 -------------------------------------------
 DONE(9.333e+03  SEC) : INIT SCF
 ITER   ETOT(eV)       EDIFF(eV)      DRHO       TIME(s)    
 GE1    -8.400385e+03  0.000000e+00   3.480e-03  7.826e+01  
 GE2    -8.400381e+03  4.106893e-03   2.073e-03  7.300e+01  
 GE3    -8.400390e+03  -9.138408e-03  1.957e-03  7.305e+01  
 GE4    -8.400400e+03  -1.002354e-02  5.023e-04  7.310e+01  
 GE5    -8.400401e+03  -6.728695e-04  3.229e-04  7.309e+01  
 GE6    -8.400401e+03  -3.072187e-04  1.101e-04  7.318e+01  
 GE7    -8.400401e+03  -2.431698e-05  4.467e-05  7.300e+01  
 GE8    -8.400401e+03  -6.601931e-06  1.910e-05  7.300e+01  
 GE9    -8.400401e+03  -1.103052e-06  5.163e-06  7.311e+01  
 GE10   -8.400401e+03  -6.091100e-08  1.558e-06  7.302e+01  
 GE11   -8.400401e+03  -2.213455e-09  7.066e-07  7.304e+01  
 ><><><><><><><><><><><><><><><><><><><><><><
 TOTAL-STRESS (KBAR):
 ><><><><><><><><><><><><><><><><><><><><><><
 2.874e+01      -6.018e+01     6.235e-01      
 -6.018e+01     -4.435e+01     -3.175e+01     
 6.235e-01      -3.175e+01     -5.112e+01     
 TOTAL-PRESSURE: -2.224e+01 KBAR
 ------------------------------------------------------------------------------------------------
 Energy              Potential           Kinetic             Temperature         Pressure (KBAR)     
 -3.086e+02          -3.087e+02          8.212e-02           2.744e+02           -1.878e+01          
 ------------------------------------------------------------------------------------------------

  |CLASS_NAME---------|NAME---------------|TIME(Sec)-----|CALLS----|AVG------|PER%-------
                       total               10219          27        3.8e+02   1e+02     %
   Driver              driver_line         10219          1         1e+04     1e+02     %
   PW_Basis            setup_struc_factor  0.91093        11        0.083     0.0089    %
   ORB_control         read_orb_first      0.14795        1         0.15      0.0014    %
   LCAO_Orbitals       Read_Orbitals       0.14795        1         0.15      0.0014    %
   ORB_control         set_orb_tables      6.4001         1         6.4       0.063     %
   ORB_gen_tables      gen_tables          6.4001         1         6.4       0.063     %
   ORB_table_phi       init_Table          5.0157         1         5         0.049     %
   ORB_table_phi       cal_ST_Phi12_R      4.9883         558       0.0089    0.049     %
   ORB_table_beta      init_Table_Beta     1.1958         1         1.2       0.012     %
   ORB_table_beta      VNL_PhiBeta_R       1.1899         168       0.0071    0.012     %
   ppcell_vl           init_vloc           0.23673        1         0.24      0.0023    %
   Run_MD              md_line             10212          1         1e+04     1e+02     %
   Langevin            setup               1472.7         1         1.5e+03   14        %
   MD_func             force_virial        10212          11        9.3e+02   1e+02     %
   ESolver_KS_LCAO     Run                 9362.5         11        8.5e+02   92        %
   ESolver_KS_LCAO     beforescf           23.526         11        2.1       0.23      %
   ESolver_KS_LCAO     beforesolver        5.474          11        0.5       0.054     %
   ESolver_KS_LCAO     set_matrix_grid     4.164          11        0.38      0.041     %
   Grid_Technique      init                1.8337         11        0.17      0.018     %
   Grid_BigCell        grid_expansion_index0.55866        22        0.025     0.0055    %
   Record_adj          for_2d              2.0776         11        0.19      0.02      %
   Grid_Driver         Find_atom           16.625         612032    2.7e-05   0.16      %
   Charge              atomic_rho          15.171         21        0.72      0.15      %
   PW_Basis            recip2real          4.1559         755       0.0055    0.041     %
   PW_Basis            gathers_scatterp    3.3143         755       0.0044    0.032     %
   Potential           init_pot            0.6684         11        0.061     0.0065    %
   Potential           update_from_charge  7.9449         138       0.058     0.078     %
   Potential           cal_v_eff           7.9024         138       0.057     0.077     %
   H_Hartree_pw        v_hartree           0.80855        138       0.0059    0.0079    %
   PW_Basis            real2recip          2.5145         1148      0.0022    0.025     %
   PW_Basis            gatherp_scatters    1.2085         1148      0.0011    0.012     %
   PotXC               cal_v_eff           7.0325         138       0.051     0.069     %
   XC_Functional       v_xc                6.9941         138       0.051     0.068     %
   HSolverLCAO         solve               9325.5         127       73        91        %
   HamiltLCAO          updateHk            3445.3         4572      0.75      34        %
   OperatorLCAO        init                2821           9144      0.31      28        %
   Veff                contributeHk        2819.1         4572      0.62      28        %
   Gint_interface      cal_gint            3751.9         265       14        37        %
   Gint_interface      cal_gint_vlocal     1788.9         127       14        18        %
   Gint_k              folding_vl_k        1030.2         4572      0.23      10        %
   Gint_k              Distri              789.1          4572      0.17      7.7       %
   Overlap             contributeHR        4.2251         11        0.38      0.041     %
   LCAO_gen_fixedH     calculate_S_no      4.225          11        0.38      0.041     %
   Ekin<LCAO>          contributeHR        4.3092         11        0.39      0.042     %
   Nonlocal<LCAO>      contributeHR        43.315         11        3.9       0.42      %
   LCAO_gen_fixedH     build_Nonlocal_mu_new139.28         22        6.3       1.4       %
   ORB_gen_tables      snap_psibeta_half   3.106          1092468   2.8e-06   0.03      %
   OperatorLCAO        folding_fixed       572.46         4572      0.13      5.6       %
   LCAO_nnr            folding_fixedH      566.58         4572      0.12      5.5       %
   HSolverLCAO         hamiltSolvePsiK     1465.4         4572      0.32      14        %
   DiagoElpa           elpa_solve          1453.2         4572      0.32      14        %
   ElecStateLCAO       psiToRho            4414.8         127       35        43        %
   elecstate           cal_dm              112.74         138       0.82      1.1       %
   psiMulPsiMpi        pdgemm              109.27         4968      0.022     1.1       %
    Local_Orbital_wfc  wfc_2d_to_grid      23.021         4572      0.005     0.23      %
   LCAO_Charge         cal_dk_k            2364.5         127       19        23        %
   Record_adj          for_grid            0.65603        127       0.0052    0.0064    %
   Gint_interface      cal_gint_rho        1563.9         127       12        15        %
   Charge              mix_rho             1.0555         116       0.0091    0.01      %
   Force_Stress_LCAO   getForceStress      849.1          11        77        8.3       %
   Forces              cal_force_loc       0.74037        11        0.067     0.0072    %
   Forces              cal_force_ew        0.72941        11        0.066     0.0071    %
   Forces              cal_force_scc       7.0522         11        0.64      0.069     %
   Stress_Func         stress_loc          5.8275         11        0.53      0.057     %
   Stress_Func         stress_ewa          0.35834        11        0.033     0.0035    %
   Stress_Func         stress_gga          0.33678        11        0.031     0.0033    %
   Force_LCAO_k        ftable_k            834            11        76        8.2       %
   Force_LCAO_k        allocate_k          123.58         11        11        1.2       %
   Force_LCAO_k        cal_foverlap_k      24.273         11        2.2       0.24      %
   Force_LCAO_k        cal_edm_2d          23.45          11        2.1       0.23      %
   Local_Orbital_Chargecal_dm_R            11.113         22        0.51      0.11      %
   Force_LCAO_k        cal_ftvnl_dphi_k    0.24675        11        0.022     0.0024    %
   Force_LCAO_k        cal_fvl_dphi_k      399.08         11        36        3.9       %
   Gint_interface      cal_gint_force      399.08         11        36        3.9       %
   Force_LCAO_k        cal_fvnl_dbeta_k_new256.82         11        23        2.5       %
 ----------------------------------------------------------------------------------------

 START  Time  : Fri Feb  3 19:28:16 2023
 FINISH Time  : Fri Feb  3 22:18:35 2023
 TOTAL  Time  : 1e+04
 SEE INFORMATION IN : OUT.ABACUS/
