 In SCAN_BEGIN, can't find: LATTICE_PARAMETERS block.
 In SCAN_BEGIN, can't find: <PP_MESH block.
 In SCAN_BEGIN, can't find: <PP_MESH block.
 AUTO_SET NBANDS to 0
 AUTO_SET NBANDS to 154
 cpu 2D distribution : 4*4
 but, the number of bands-row-block is 3
      Processor           Atom
              1             58
              2             59
              3             57
              4             60
              5             56
              6             60
              7             58
              8             61
              9             57
             10             59
             11             58
             12             58
             13             57
             14             59
             15             55
             16             58
                            startmag_type = 2
                       charge from rho_at = 3.95377
                         charge should be = 4
                            startmag_type = 2
                       charge from rho_at = 3.99303
                         charge should be = 4

 SETUP ATOMIC RHO FOR SPIN 1
                 Electron number from rho = 256
           total electron number from rho = 256
                                should be = 256
                 charge before normalized = 256
                  charge after normalized = 256
                 charge before normalized = 256.000100434397
                  charge after normalized = 256
                 charge before normalized = 256.000150571962
                  charge after normalized = 256
                 charge before normalized = 256.000121213324
                  charge after normalized = 256
                 charge before normalized = 256.000122952281
                  charge after normalized = 256
                 charge before normalized = 256.000120060768
                  charge after normalized = 256
                 charge before normalized = 256.00011999157
                  charge after normalized = 256
                 charge before normalized = 256.00012001114
                  charge after normalized = 256
                 charge before normalized = 256.00012018457
                  charge after normalized = 256
                 charge before normalized = 256.000120200561
                  charge after normalized = 256
                 charge before normalized = 256.000120213918
                  charge after normalized = 256
                 charge before normalized = 256.000120198411
                  charge after normalized = 256
                 charge before normalized = 256.000120209065
                  charge after normalized = 256
                 charge before normalized = 256.000120211604
                  charge after normalized = 256
                 charge before normalized = 256.000120209517
                  charge after normalized = 256
                 charge before normalized = 256.000120209481
                  charge after normalized = 256
                 charge before normalized = 256.000120209584
                  charge after normalized = 256
                 charge before normalized = 256.000120209557
                  charge after normalized = 256
                            startmag_type = 2
                       charge from rho_at = 3.95377434289291
                         charge should be = 4
                            startmag_type = 2
                       charge from rho_at = 3.99303358802097
                         charge should be = 4

 SETUP ATOMIC RHO FOR SPIN 1
                 Electron number from rho = 256
           total electron number from rho = 256
                                should be = 256
                            startmag_type = 2
                       charge from rho_at = 3.95377434289291
                         charge should be = 4
                            startmag_type = 2
                       charge from rho_at = 3.99303358802097
                         charge should be = 4

 SETUP ATOMIC RHO FOR SPIN 1
                 Electron number from rho = 256
           total electron number from rho = 256
                                should be = 256
      Processor           Atom
              1             58
              2             59
              3             57
              4             60
              5             56
              6             60
              7             58
              8             61
              9             57
             10             59
             11             58
             12             58
             13             57
             14             59
             15             55
             16             58
                 charge before normalized = 256
                  charge after normalized = 256
                 charge before normalized = 256.000120179701
                  charge after normalized = 256
                 charge before normalized = 256.000120168235
                  charge after normalized = 256
                 charge before normalized = 256.000120197069
                  charge after normalized = 256
                 charge before normalized = 256.00012017989
                  charge after normalized = 256
                 charge before normalized = 256.000120181477
                  charge after normalized = 256
                 charge before normalized = 256.000120180606
                  charge after normalized = 256
                 charge before normalized = 256.000120180952
                  charge after normalized = 256
                 charge before normalized = 256.000120181069
                  charge after normalized = 256
                 charge before normalized = 256.000120181082
                  charge after normalized = 256
                            startmag_type = 2
                       charge from rho_at = 3.95377434289291
                         charge should be = 4
                            startmag_type = 2
                       charge from rho_at = 3.99303358802097
                         charge should be = 4

 SETUP ATOMIC RHO FOR SPIN 1
                 Electron number from rho = 256
           total electron number from rho = 256
                                should be = 256
                            startmag_type = 2
                       charge from rho_at = 3.95377434289291
                         charge should be = 4
                            startmag_type = 2
                       charge from rho_at = 3.99303358802097
                         charge should be = 4

 SETUP ATOMIC RHO FOR SPIN 1
                 Electron number from rho = 256
           total electron number from rho = 256
                                should be = 256
      Processor           Atom
              1             58
              2             59
              3             57
              4             60
              5             56
              6             60
              7             58
              8             61
              9             57
             10             59
             11             58
             12             58
             13             57
             14             59
             15             55
             16             58
                 charge before normalized = 256
                  charge after normalized = 256
                 charge before normalized = 256.00012011132
                  charge after normalized = 256
                 charge before normalized = 256.000120119883
                  charge after normalized = 256
                 charge before normalized = 256.000120107927
                  charge after normalized = 256
                 charge before normalized = 256.000120115403
                  charge after normalized = 256
                 charge before normalized = 256.000120115068
                  charge after normalized = 256
                 charge before normalized = 256.00012011461
                  charge after normalized = 256
                 charge before normalized = 256.00012011529
                  charge after normalized = 256
                 charge before normalized = 256.000120114637
                  charge after normalized = 256
                 charge before normalized = 256.000120114964
                  charge after normalized = 256
                 charge before normalized = 256.000120114899
                  charge after normalized = 256
                            startmag_type = 2
                       charge from rho_at = 3.95377434289291
                         charge should be = 4
                            startmag_type = 2
                       charge from rho_at = 3.99303358802097
                         charge should be = 4

 SETUP ATOMIC RHO FOR SPIN 1
                 Electron number from rho = 256
           total electron number from rho = 256
                                should be = 256
                            startmag_type = 2
                       charge from rho_at = 3.95377434289291
                         charge should be = 4
                            startmag_type = 2
                       charge from rho_at = 3.99303358802097
                         charge should be = 4

 SETUP ATOMIC RHO FOR SPIN 1
                 Electron number from rho = 256
           total electron number from rho = 256
                                should be = 256
      Processor           Atom
              1             58
              2             58
              3             56
              4             60
              5             56
              6             60
              7             58
              8             61
              9             57
             10             59
             11             58
             12             58
             13             57
             14             59
             15             55
             16             57
                 charge before normalized = 256
                  charge after normalized = 256
                 charge before normalized = 256.000120110175
                  charge after normalized = 256
                 charge before normalized = 256.000120094646
                  charge after normalized = 256
                 charge before normalized = 256.000120138694
                  charge after normalized = 256
                 charge before normalized = 256.000120102063
                  charge after normalized = 256
                 charge before normalized = 256.000120113833
                  charge after normalized = 256
                 charge before normalized = 256.00012010861
                  charge after normalized = 256
                 charge before normalized = 256.000120110285
                  charge after normalized = 256
                 charge before normalized = 256.000120110119
                  charge after normalized = 256
                 charge before normalized = 256.000120110177
                  charge after normalized = 256
                 charge before normalized = 256.000120110096
                  charge after normalized = 256
                 charge before normalized = 256.000120110156
                  charge after normalized = 256
                            startmag_type = 2
                       charge from rho_at = 3.95377434289291
                         charge should be = 4
                            startmag_type = 2
                       charge from rho_at = 3.99303358802097
                         charge should be = 4

 SETUP ATOMIC RHO FOR SPIN 1
                 Electron number from rho = 256
           total electron number from rho = 256
                                should be = 256
                            startmag_type = 2
                       charge from rho_at = 3.95377434289291
                         charge should be = 4
                            startmag_type = 2
                       charge from rho_at = 3.99303358802097
                         charge should be = 4

 SETUP ATOMIC RHO FOR SPIN 1
                 Electron number from rho = 256
           total electron number from rho = 256
                                should be = 256
      Processor           Atom
              1             58
              2             58
              3             56
              4             60
              5             56
              6             60
              7             58
              8             61
              9             57
             10             59
             11             58
             12             58
             13             57
             14             58
             15             55
             16             57
                 charge before normalized = 256
                  charge after normalized = 256
                 charge before normalized = 256.000120048844
                  charge after normalized = 256
                 charge before normalized = 256.000120049818
                  charge after normalized = 256
                 charge before normalized = 256.000120061247
                  charge after normalized = 256
                 charge before normalized = 256.000120056806
                  charge after normalized = 256
                 charge before normalized = 256.000120050074
                  charge after normalized = 256
                 charge before normalized = 256.000120056818
                  charge after normalized = 256
                 charge before normalized = 256.000120052696
                  charge after normalized = 256
                 charge before normalized = 256.00012005484
                  charge after normalized = 256
                 charge before normalized = 256.000120054378
                  charge after normalized = 256
                 charge before normalized = 256.000120054316
                  charge after normalized = 256
                 charge before normalized = 256.000120054378
                  charge after normalized = 256
                            startmag_type = 2
                       charge from rho_at = 3.95377434289291
                         charge should be = 4
                            startmag_type = 2
                       charge from rho_at = 3.99303358802097
                         charge should be = 4

 SETUP ATOMIC RHO FOR SPIN 1
                 Electron number from rho = 256
           total electron number from rho = 256
                                should be = 256
                            startmag_type = 2
                       charge from rho_at = 3.95377434289291
                         charge should be = 4
                            startmag_type = 2
                       charge from rho_at = 3.99303358802097
                         charge should be = 4

 SETUP ATOMIC RHO FOR SPIN 1
                 Electron number from rho = 256
           total electron number from rho = 256
                                should be = 256
      Processor           Atom
              1             58
              2             58
              3             56
              4             60
              5             56
              6             60
              7             58
              8             61
              9             57
             10             59
             11             58
             12             58
             13             57
             14             58
             15             55
             16             57
                 charge before normalized = 256
                  charge after normalized = 256
                 charge before normalized = 256.000120011815
                  charge after normalized = 256
                 charge before normalized = 256.00011999828
                  charge after normalized = 256
                 charge before normalized = 256.000120032849
                  charge after normalized = 256
                 charge before normalized = 256.000119999112
                  charge after normalized = 256
                 charge before normalized = 256.000120016933
                  charge after normalized = 256
                 charge before normalized = 256.00012000779
                  charge after normalized = 256
                 charge before normalized = 256.000120009577
                  charge after normalized = 256
                 charge before normalized = 256.000120009624
                  charge after normalized = 256
                 charge before normalized = 256.000120009628
                  charge after normalized = 256
                 charge before normalized = 256.000120009602
                  charge after normalized = 256
                 charge before normalized = 256.000120009612
                  charge after normalized = 256
                            startmag_type = 2
                       charge from rho_at = 3.95377434289291
                         charge should be = 4
                            startmag_type = 2
                       charge from rho_at = 3.99303358802097
                         charge should be = 4

 SETUP ATOMIC RHO FOR SPIN 1
                 Electron number from rho = 256
           total electron number from rho = 256
                                should be = 256
                            startmag_type = 2
                       charge from rho_at = 3.95377434289291
                         charge should be = 4
                            startmag_type = 2
                       charge from rho_at = 3.99303358802097
                         charge should be = 4

 SETUP ATOMIC RHO FOR SPIN 1
                 Electron number from rho = 256
           total electron number from rho = 256
                                should be = 256
      Processor           Atom
              1             58
              2             58
              3             57
              4             60
              5             56
              6             60
              7             59
              8             61
              9             57
             10             59
             11             57
             12             58
             13             57
             14             58
             15             55
             16             57
                 charge before normalized = 256
                  charge after normalized = 256
                 charge before normalized = 256.000119903542
                  charge after normalized = 256
                 charge before normalized = 256.000119872815
                  charge after normalized = 256
                 charge before normalized = 256.000119962011
                  charge after normalized = 256
                 charge before normalized = 256.000119894991
                  charge after normalized = 256
                 charge before normalized = 256.000119908186
                  charge after normalized = 256
                 charge before normalized = 256.000119902566
                  charge after normalized = 256
                 charge before normalized = 256.000119904358
                  charge after normalized = 256
                 charge before normalized = 256.000119904323
                  charge after normalized = 256
                 charge before normalized = 256.000119904414
                  charge after normalized = 256
                 charge before normalized = 256.000119904299
                  charge after normalized = 256
                 charge before normalized = 256.000119904367
                  charge after normalized = 256
                 charge before normalized = 256.000119904326
                  charge after normalized = 256
                            startmag_type = 2
                       charge from rho_at = 3.95377434289291
                         charge should be = 4
                            startmag_type = 2
                       charge from rho_at = 3.99303358802097
                         charge should be = 4

 SETUP ATOMIC RHO FOR SPIN 1
                 Electron number from rho = 256
           total electron number from rho = 256
                                should be = 256
                            startmag_type = 2
                       charge from rho_at = 3.95377434289291
                         charge should be = 4
                            startmag_type = 2
                       charge from rho_at = 3.99303358802097
                         charge should be = 4

 SETUP ATOMIC RHO FOR SPIN 1
                 Electron number from rho = 256
           total electron number from rho = 256
                                should be = 256
      Processor           Atom
              1             58
              2             58
              3             56
              4             60
              5             56
              6             60
              7             58
              8             61
              9             57
             10             59
             11             57
             12             58
             13             57
             14             59
             15             55
             16             58
                 charge before normalized = 256
                  charge after normalized = 256
                 charge before normalized = 256.000119906411
                  charge after normalized = 256
                 charge before normalized = 256.00011990262
                  charge after normalized = 256
                 charge before normalized = 256.000119934915
                  charge after normalized = 256
                 charge before normalized = 256.000119905252
                  charge after normalized = 256
                 charge before normalized = 256.000119912691
                  charge after normalized = 256
                 charge before normalized = 256.000119909449
                  charge after normalized = 256
                 charge before normalized = 256.000119911005
                  charge after normalized = 256
                 charge before normalized = 256.000119910349
                  charge after normalized = 256
                 charge before normalized = 256.000119910634
                  charge after normalized = 256
                 charge before normalized = 256.000119910464
                  charge after normalized = 256
                 charge before normalized = 256.000119910584
                  charge after normalized = 256
                 charge before normalized = 256.000119910529
                  charge after normalized = 256
                            startmag_type = 2
                       charge from rho_at = 3.95377434289291
                         charge should be = 4
                            startmag_type = 2
                       charge from rho_at = 3.99303358802097
                         charge should be = 4

 SETUP ATOMIC RHO FOR SPIN 1
                 Electron number from rho = 256
           total electron number from rho = 256
                                should be = 256
                            startmag_type = 2
                       charge from rho_at = 3.95377434289291
                         charge should be = 4
                            startmag_type = 2
                       charge from rho_at = 3.99303358802097
                         charge should be = 4

 SETUP ATOMIC RHO FOR SPIN 1
                 Electron number from rho = 256
           total electron number from rho = 256
                                should be = 256
      Processor           Atom
              1             58
              2             58
              3             57
              4             61
              5             56
              6             60
              7             59
              8             61
              9             57
             10             60
             11             57
             12             58
             13             57
             14             59
             15             55
             16             58
                 charge before normalized = 256
                  charge after normalized = 256
                 charge before normalized = 256.000119787887
                  charge after normalized = 256
                 charge before normalized = 256.000119796055
                  charge after normalized = 256
                 charge before normalized = 256.000119792762
                  charge after normalized = 256
                 charge before normalized = 256.000119789411
                  charge after normalized = 256
                 charge before normalized = 256.000119791861
                  charge after normalized = 256
                 charge before normalized = 256.000119788731
                  charge after normalized = 256
                 charge before normalized = 256.00011979205
                  charge after normalized = 256
                 charge before normalized = 256.000119789941
                  charge after normalized = 256
                 charge before normalized = 256.000119790489
                  charge after normalized = 256
                 charge before normalized = 256.000119790472
                  charge after normalized = 256
                 charge before normalized = 256.000119790467
                  charge after normalized = 256
                 charge before normalized = 256.000119790492
                  charge after normalized = 256
                            startmag_type = 2
                       charge from rho_at = 3.95377434289291
                         charge should be = 4
                            startmag_type = 2
                       charge from rho_at = 3.99303358802097
                         charge should be = 4

 SETUP ATOMIC RHO FOR SPIN 1
                 Electron number from rho = 256
           total electron number from rho = 256
                                should be = 256
                            startmag_type = 2
                       charge from rho_at = 3.95377434289291
                         charge should be = 4
                            startmag_type = 2
                       charge from rho_at = 3.99303358802097
                         charge should be = 4

 SETUP ATOMIC RHO FOR SPIN 1
                 Electron number from rho = 256
           total electron number from rho = 256
                                should be = 256
      Processor           Atom
              1             58
              2             58
              3             56
              4             61
              5             56
              6             60
              7             58
              8             61
              9             57
             10             60
             11             57
             12             58
             13             56
             14             59
             15             55
             16             57
                 charge before normalized = 256
                  charge after normalized = 256
                 charge before normalized = 256.000119791173
                  charge after normalized = 256
                 charge before normalized = 256.000119763096
                  charge after normalized = 256
                 charge before normalized = 256.000119840549
                  charge after normalized = 256
                 charge before normalized = 256.000119770916
                  charge after normalized = 256
                 charge before normalized = 256.000119790339
                  charge after normalized = 256
                 charge before normalized = 256.000119782918
                  charge after normalized = 256
                 charge before normalized = 256.000119785319
                  charge after normalized = 256
                 charge before normalized = 256.000119784911
                  charge after normalized = 256
                 charge before normalized = 256.000119785147
                  charge after normalized = 256
                 charge before normalized = 256.000119784993
                  charge after normalized = 256
                 charge before normalized = 256.000119785066
                  charge after normalized = 256
                 charge before normalized = 256.00011978501
                  charge after normalized = 256
                            startmag_type = 2
                       charge from rho_at = 3.95377434289291
                         charge should be = 4
                            startmag_type = 2
                       charge from rho_at = 3.99303358802097
                         charge should be = 4

 SETUP ATOMIC RHO FOR SPIN 1
                 Electron number from rho = 256
           total electron number from rho = 256
                                should be = 256
                            startmag_type = 2
                       charge from rho_at = 3.95377434289291
                         charge should be = 4
                            startmag_type = 2
                       charge from rho_at = 3.99303358802097
                         charge should be = 4

 SETUP ATOMIC RHO FOR SPIN 1
                 Electron number from rho = 256
           total electron number from rho = 256
                                should be = 256
      Processor           Atom
              1             58
              2             59
              3             57
              4             61
              5             56
              6             60
              7             58
              8             61
              9             57
             10             60
             11             57
             12             58
             13             56
             14             59
             15             55
             16             57
                 charge before normalized = 256
                  charge after normalized = 256
                 charge before normalized = 256.000119710267
                  charge after normalized = 256
                 charge before normalized = 256.00011969638
                  charge after normalized = 256
                 charge before normalized = 256.000119762849
                  charge after normalized = 256
                 charge before normalized = 256.000119707244
                  charge after normalized = 256
                 charge before normalized = 256.00011972091
                  charge after normalized = 256
                 charge before normalized = 256.000119714608
                  charge after normalized = 256
                 charge before normalized = 256.000119716692
                  charge after normalized = 256
                 charge before normalized = 256.000119716297
                  charge after normalized = 256
                 charge before normalized = 256.000119716544
                  charge after normalized = 256
                 charge before normalized = 256.000119716405
                  charge after normalized = 256
                 charge before normalized = 256.000119716486
                  charge after normalized = 256
                 charge before normalized = 256.000119716455
                  charge after normalized = 256
