 Input  warning : gamma_only_local algorithm is not used.
 In SCAN_BEGIN, can't find: LATTICE_PARAMETERS block.
 AUTO_SET NBANDS to 0
 AUTO_SET NBANDS to 173
 cpu 2D distribution : 4*4
 but, the number of bands-row-block is 3
      Processor           Atom
              1             57
              2             58
              3             54
              4             53
              5             57
              6             58
              7             55
              8             54
              9             57
             10             58
             11             55
             12             54
             13             57
             14             59
             15             55
             16             53
                            startmag_type = 2
                       charge from rho_at = 3.95377
                         charge should be = 4
                       charge from rho_at = 3.99303
                         charge should be = 4

 SETUP ATOMIC RHO FOR SPIN 1
                 Electron number from rho = 288
           total electron number from rho = 288
                                should be = 288
                 charge before normalized = 288
                  charge after normalized = 288
                 charge before normalized = 288.000114868666
                  charge after normalized = 288
                 charge before normalized = 288.000163351906
                  charge after normalized = 288
                 charge before normalized = 288.000134850663
                  charge after normalized = 288
                 charge before normalized = 288.000139165887
                  charge after normalized = 288
                 charge before normalized = 288.000133664321
                  charge after normalized = 288
                 charge before normalized = 288.000133746057
                  charge after normalized = 288
                 charge before normalized = 288.000133825884
                  charge after normalized = 288
                 charge before normalized = 288.000134037338
                  charge after normalized = 288
                 charge before normalized = 288.000134145556
                  charge after normalized = 288
                 charge before normalized = 288.00013421515
                  charge after normalized = 288
                 charge before normalized = 288.000134196052
                  charge after normalized = 288
                 charge before normalized = 288.0001341961
                  charge after normalized = 288
                 charge before normalized = 288.000134191597
                  charge after normalized = 288
                 charge before normalized = 288.000134190983
                  charge after normalized = 288
                 charge before normalized = 288.000134191091
                  charge after normalized = 288
                 charge before normalized = 288.000134191704
                  charge after normalized = 288
                 charge before normalized = 288.000134191493
                  charge after normalized = 288
                 charge before normalized = 288.000134191495
                  charge after normalized = 288
                 charge before normalized = 288.000134191496
                  charge after normalized = 288
                            startmag_type = 2
                       charge from rho_at = 3.95377434289291
                         charge should be = 4
                       charge from rho_at = 3.99303358802097
                         charge should be = 4

 SETUP ATOMIC RHO FOR SPIN 1
                 Electron number from rho = 288
           total electron number from rho = 288
                                should be = 288
                            startmag_type = 2
                       charge from rho_at = 3.95377434289291
                         charge should be = 4
                       charge from rho_at = 3.99303358802097
                         charge should be = 4

 SETUP ATOMIC RHO FOR SPIN 1
                 Electron number from rho = 288
           total electron number from rho = 288
                                should be = 288
      Processor           Atom
              1             56
              2             58
              3             54
              4             53
              5             57
              6             58
              7             55
              8             54
              9             57
             10             58
             11             55
             12             54
             13             57
             14             59
             15             55
             16             53
                 charge before normalized = 288
                  charge after normalized = 288
                 charge before normalized = 288.000134150106
                  charge after normalized = 288
                 charge before normalized = 288.000134160033
                  charge after normalized = 288
                 charge before normalized = 288.000134155862
                  charge after normalized = 288
                 charge before normalized = 288.00013416068
                  charge after normalized = 288
                 charge before normalized = 288.000134158737
                  charge after normalized = 288
                 charge before normalized = 288.000134159381
                  charge after normalized = 288
                 charge before normalized = 288.000134159627
                  charge after normalized = 288
                 charge before normalized = 288.000134159607
                  charge after normalized = 288
                 charge before normalized = 288.000134159562
                  charge after normalized = 288
                 charge before normalized = 288.000134159566
                  charge after normalized = 288
                            startmag_type = 2
                       charge from rho_at = 3.95377434289291
                         charge should be = 4
                       charge from rho_at = 3.99303358802097
                         charge should be = 4

 SETUP ATOMIC RHO FOR SPIN 1
                 Electron number from rho = 288
           total electron number from rho = 288
                                should be = 288
                            startmag_type = 2
                       charge from rho_at = 3.95377434289291
                         charge should be = 4
                       charge from rho_at = 3.99303358802097
                         charge should be = 4

 SETUP ATOMIC RHO FOR SPIN 1
                 Electron number from rho = 288
           total electron number from rho = 288
                                should be = 288
      Processor           Atom
              1             56
              2             58
              3             54
              4             53
              5             57
              6             58
              7             55
              8             54
              9             57
             10             58
             11             55
             12             54
             13             57
             14             59
             15             55
             16             53
                 charge before normalized = 288.000000000001
                  charge after normalized = 288
                 charge before normalized = 288.000134259688
                  charge after normalized = 288
                 charge before normalized = 288.000134259118
                  charge after normalized = 288
                 charge before normalized = 288.000134267025
                  charge after normalized = 288
                 charge before normalized = 288.000134260344
                  charge after normalized = 288
                 charge before normalized = 288.000134264238
                  charge after normalized = 288
                 charge before normalized = 288.000134261601
                  charge after normalized = 288
                 charge before normalized = 288.000134262887
                  charge after normalized = 288
                 charge before normalized = 288.000134262512
                  charge after normalized = 288
                 charge before normalized = 288.000134262543
                  charge after normalized = 288
                 charge before normalized = 288.000134262532
                  charge after normalized = 288
                 charge before normalized = 288.000134262542
                  charge after normalized = 288
                            startmag_type = 2
                       charge from rho_at = 3.95377434289291
                         charge should be = 4
                       charge from rho_at = 3.99303358802097
                         charge should be = 4

 SETUP ATOMIC RHO FOR SPIN 1
                 Electron number from rho = 288
           total electron number from rho = 288
                                should be = 288
                            startmag_type = 2
                       charge from rho_at = 3.95377434289291
                         charge should be = 4
                       charge from rho_at = 3.99303358802097
                         charge should be = 4

 SETUP ATOMIC RHO FOR SPIN 1
                 Electron number from rho = 288
           total electron number from rho = 288
                                should be = 288
      Processor           Atom
              1             56
              2             58
              3             54
              4             53
              5             57
              6             58
              7             55
              8             54
              9             57
             10             58
             11             55
             12             54
             13             57
             14             59
             15             55
             16             53
                 charge before normalized = 288
                  charge after normalized = 288
                 charge before normalized = 288.00013426596
                  charge after normalized = 288
                 charge before normalized = 288.000134283764
                  charge after normalized = 288
                 charge before normalized = 288.000134256173
                  charge after normalized = 288
                 charge before normalized = 288.00013427445
                  charge after normalized = 288
                 charge before normalized = 288.000134269975
                  charge after normalized = 288
                 charge before normalized = 288.000134271762
                  charge after normalized = 288
                 charge before normalized = 288.000134271032
                  charge after normalized = 288
                 charge before normalized = 288.000134271217
                  charge after normalized = 288
                 charge before normalized = 288.000134271172
                  charge after normalized = 288
                 charge before normalized = 288.000134271197
                  charge after normalized = 288
                 charge before normalized = 288.000134271189
                  charge after normalized = 288
                            startmag_type = 2
                       charge from rho_at = 3.95377434289291
                         charge should be = 4
                       charge from rho_at = 3.99303358802097
                         charge should be = 4

 SETUP ATOMIC RHO FOR SPIN 1
                 Electron number from rho = 288
           total electron number from rho = 288
                                should be = 288
                            startmag_type = 2
                       charge from rho_at = 3.95377434289291
                         charge should be = 4
                       charge from rho_at = 3.99303358802097
                         charge should be = 4

 SETUP ATOMIC RHO FOR SPIN 1
                 Electron number from rho = 288
           total electron number from rho = 288
                                should be = 288
      Processor           Atom
              1             56
              2             58
              3             54
              4             53
              5             57
              6             58
              7             55
              8             54
              9             57
             10             58
             11             55
             12             54
             13             57
             14             59
             15             55
             16             53
                 charge before normalized = 288
                  charge after normalized = 288
                 charge before normalized = 288.000134078976
                  charge after normalized = 288
                 charge before normalized = 288.00013409796
                  charge after normalized = 288
                 charge before normalized = 288.000134076235
                  charge after normalized = 288
                 charge before normalized = 288.000134091202
                  charge after normalized = 288
                 charge before normalized = 288.000134085672
                  charge after normalized = 288
                 charge before normalized = 288.000134088527
                  charge after normalized = 288
                 charge before normalized = 288.000134088169
                  charge after normalized = 288
                 charge before normalized = 288.000134088156
                  charge after normalized = 288
                 charge before normalized = 288.000134088005
                  charge after normalized = 288
                 charge before normalized = 288.000134088095
                  charge after normalized = 288
                 charge before normalized = 288.000134088067
                  charge after normalized = 288
                            startmag_type = 2
                       charge from rho_at = 3.95377434289291
                         charge should be = 4
                       charge from rho_at = 3.99303358802097
                         charge should be = 4

 SETUP ATOMIC RHO FOR SPIN 1
                 Electron number from rho = 288
           total electron number from rho = 288
                                should be = 288
                            startmag_type = 2
                       charge from rho_at = 3.95377434289291
                         charge should be = 4
                       charge from rho_at = 3.99303358802097
                         charge should be = 4

 SETUP ATOMIC RHO FOR SPIN 1
                 Electron number from rho = 288
           total electron number from rho = 288
                                should be = 288
      Processor           Atom
              1             57
              2             58
              3             54
              4             53
              5             57
              6             58
              7             55
              8             54
              9             57
             10             58
             11             55
             12             54
             13             57
             14             58
             15             55
             16             53
                 charge before normalized = 288
                  charge after normalized = 288
                 charge before normalized = 288.000133950754
                  charge after normalized = 288
                 charge before normalized = 288.000133964258
                  charge after normalized = 288
                 charge before normalized = 288.000133942734
                  charge after normalized = 288
                 charge before normalized = 288.000133955719
                  charge after normalized = 288
                 charge before normalized = 288.00013395367
                  charge after normalized = 288
                 charge before normalized = 288.000133954379
                  charge after normalized = 288
                 charge before normalized = 288.000133954146
                  charge after normalized = 288
                 charge before normalized = 288.000133954517
                  charge after normalized = 288
                 charge before normalized = 288.000133954204
                  charge after normalized = 288
                 charge before normalized = 288.000133954344
                  charge after normalized = 288
                 charge before normalized = 288.000133954334
                  charge after normalized = 288
                            startmag_type = 2
                       charge from rho_at = 3.95377434289291
                         charge should be = 4
                       charge from rho_at = 3.99303358802097
                         charge should be = 4

 SETUP ATOMIC RHO FOR SPIN 1
                 Electron number from rho = 288
           total electron number from rho = 288
                                should be = 288
                            startmag_type = 2
                       charge from rho_at = 3.95377434289291
                         charge should be = 4
                       charge from rho_at = 3.99303358802097
                         charge should be = 4

 SETUP ATOMIC RHO FOR SPIN 1
                 Electron number from rho = 288
           total electron number from rho = 288
                                should be = 288
      Processor           Atom
              1             57
              2             58
              3             54
              4             53
              5             57
              6             58
              7             55
              8             54
              9             57
             10             58
             11             56
             12             54
             13             57
             14             59
             15             55
             16             53
                 charge before normalized = 288
                  charge after normalized = 288
                 charge before normalized = 288.000134025705
                  charge after normalized = 288
                 charge before normalized = 288.000134037807
                  charge after normalized = 288
                 charge before normalized = 288.000134032935
                  charge after normalized = 288
                 charge before normalized = 288.00013403749
                  charge after normalized = 288
                 charge before normalized = 288.000134038563
                  charge after normalized = 288
                 charge before normalized = 288.000134035034
                  charge after normalized = 288
                 charge before normalized = 288.000134037433
                  charge after normalized = 288
                 charge before normalized = 288.000134036852
                  charge after normalized = 288
                 charge before normalized = 288.000134036992
                  charge after normalized = 288
                 charge before normalized = 288.000134036919
                  charge after normalized = 288
                 charge before normalized = 288.000134036945
                  charge after normalized = 288
                            startmag_type = 2
                       charge from rho_at = 3.95377434289291
                         charge should be = 4
                       charge from rho_at = 3.99303358802097
                         charge should be = 4

 SETUP ATOMIC RHO FOR SPIN 1
                 Electron number from rho = 288
           total electron number from rho = 288
                                should be = 288
                            startmag_type = 2
                       charge from rho_at = 3.95377434289291
                         charge should be = 4
                       charge from rho_at = 3.99303358802097
                         charge should be = 4

 SETUP ATOMIC RHO FOR SPIN 1
                 Electron number from rho = 288
           total electron number from rho = 288
                                should be = 288
      Processor           Atom
              1             57
              2             58
              3             54
              4             53
              5             57
              6             58
              7             55
              8             54
              9             57
             10             58
             11             55
             12             54
             13             57
             14             59
             15             55
             16             53
                 charge before normalized = 288
                  charge after normalized = 288
                 charge before normalized = 288.000133829384
                  charge after normalized = 288
                 charge before normalized = 288.000133835705
                  charge after normalized = 288
                 charge before normalized = 288.000133828882
                  charge after normalized = 288
                 charge before normalized = 288.000133830701
                  charge after normalized = 288
                 charge before normalized = 288.000133832646
                  charge after normalized = 288
                 charge before normalized = 288.000133829487
                  charge after normalized = 288
                 charge before normalized = 288.000133832137
                  charge after normalized = 288
                 charge before normalized = 288.000133830996
                  charge after normalized = 288
                 charge before normalized = 288.000133831294
                  charge after normalized = 288
                 charge before normalized = 288.000133831203
                  charge after normalized = 288
                 charge before normalized = 288.000133831227
                  charge after normalized = 288
                 charge before normalized = 288.000133831226
                  charge after normalized = 288
                            startmag_type = 2
                       charge from rho_at = 3.95377434289291
                         charge should be = 4
                       charge from rho_at = 3.99303358802097
                         charge should be = 4

 SETUP ATOMIC RHO FOR SPIN 1
                 Electron number from rho = 288
           total electron number from rho = 288
                                should be = 288
                            startmag_type = 2
                       charge from rho_at = 3.95377434289291
                         charge should be = 4
                       charge from rho_at = 3.99303358802097
                         charge should be = 4

 SETUP ATOMIC RHO FOR SPIN 1
                 Electron number from rho = 288
           total electron number from rho = 288
                                should be = 288
      Processor           Atom
              1             57
              2             58
              3             54
              4             53
              5             57
              6             58
              7             55
              8             54
              9             57
             10             58
             11             55
             12             54
             13             57
             14             59
             15             55
             16             54
                 charge before normalized = 288
                  charge after normalized = 288
                 charge before normalized = 288.000134111823
                  charge after normalized = 288
                 charge before normalized = 288.000134114603
                  charge after normalized = 288
                 charge before normalized = 288.000134118104
                  charge after normalized = 288
                 charge before normalized = 288.000134112237
                  charge after normalized = 288
                 charge before normalized = 288.000134111717
                  charge after normalized = 288
                 charge before normalized = 288.000134112044
                  charge after normalized = 288
                 charge before normalized = 288.000134112747
                  charge after normalized = 288
                 charge before normalized = 288.000134112649
                  charge after normalized = 288
                 charge before normalized = 288.000134112252
                  charge after normalized = 288
                 charge before normalized = 288.000134112499
                  charge after normalized = 288
                 charge before normalized = 288.000134112445
                  charge after normalized = 288
                 charge before normalized = 288.000134112458
                  charge after normalized = 288
                            startmag_type = 2
                       charge from rho_at = 3.95377434289291
                         charge should be = 4
                       charge from rho_at = 3.99303358802097
                         charge should be = 4

 SETUP ATOMIC RHO FOR SPIN 1
                 Electron number from rho = 288
           total electron number from rho = 288
                                should be = 288
                            startmag_type = 2
                       charge from rho_at = 3.95377434289291
                         charge should be = 4
                       charge from rho_at = 3.99303358802097
                         charge should be = 4

 SETUP ATOMIC RHO FOR SPIN 1
                 Electron number from rho = 288
           total electron number from rho = 288
                                should be = 288
      Processor           Atom
              1             57
              2             58
              3             54
              4             53
              5             57
              6             58
              7             55
              8             54
              9             58
             10             58
             11             55
             12             54
             13             57
             14             58
             15             55
             16             53
                 charge before normalized = 288
                  charge after normalized = 288
                 charge before normalized = 288.000134166023
                  charge after normalized = 288
                 charge before normalized = 288.000134166604
                  charge after normalized = 288
                 charge before normalized = 288.000134168459
                  charge after normalized = 288
                 charge before normalized = 288.000134162953
                  charge after normalized = 288
                 charge before normalized = 288.000134167953
                  charge after normalized = 288
                 charge before normalized = 288.000134164298
                  charge after normalized = 288
                 charge before normalized = 288.000134165788
                  charge after normalized = 288
                 charge before normalized = 288.000134165277
                  charge after normalized = 288
                 charge before normalized = 288.00013416557
                  charge after normalized = 288
                 charge before normalized = 288.000134165483
                  charge after normalized = 288
                 charge before normalized = 288.0001341655
                  charge after normalized = 288
                 charge before normalized = 288.000134165484
                  charge after normalized = 288
                            startmag_type = 2
                       charge from rho_at = 3.95377434289291
                         charge should be = 4
                       charge from rho_at = 3.99303358802097
                         charge should be = 4

 SETUP ATOMIC RHO FOR SPIN 1
                 Electron number from rho = 288
           total electron number from rho = 288
                                should be = 288
                            startmag_type = 2
                       charge from rho_at = 3.95377434289291
                         charge should be = 4
                       charge from rho_at = 3.99303358802097
                         charge should be = 4

 SETUP ATOMIC RHO FOR SPIN 1
                 Electron number from rho = 288
           total electron number from rho = 288
                                should be = 288
      Processor           Atom
              1             56
              2             58
              3             54
              4             53
              5             57
              6             58
              7             55
              8             54
              9             57
             10             58
             11             55
             12             54
             13             57
             14             60
             15             55
             16             53
                 charge before normalized = 288
                  charge after normalized = 288
                 charge before normalized = 288.000133844717
                  charge after normalized = 288
                 charge before normalized = 288.000133865771
                  charge after normalized = 288
                 charge before normalized = 288.000133834072
                  charge after normalized = 288
                 charge before normalized = 288.000133862192
                  charge after normalized = 288
                 charge before normalized = 288.000133846411
                  charge after normalized = 288
                 charge before normalized = 288.000133854985
                  charge after normalized = 288
                 charge before normalized = 288.000133853423
                  charge after normalized = 288
                 charge before normalized = 288.000133853526
                  charge after normalized = 288
                 charge before normalized = 288.000133853542
                  charge after normalized = 288
                 charge before normalized = 288.000133853512
                  charge after normalized = 288
                 charge before normalized = 288.00013385354
                  charge after normalized = 288
                 charge before normalized = 288.000133853537
                  charge after normalized = 288
