WARNING: Total thread number on this node mismatches with hardware availability. This may cause poor performance.
Info: Local MPI proc number: 16,OpenMP thread number: 1,Total thread number: 16,Local thread limit: 32
 *********************************************************
 *                                                       *
 *                  WELCOME TO ABACUS v3.0               *
 *                                                       *
 *            'Atomic-orbital Based Ab-initio            *
 *                  Computation at UStc'                 *
 *                                                       *
 *          Website: http://abacus.ustc.edu.cn/          *
 *                                                       *
 *********************************************************
 Mon May 22 14:16:29 2023
 MAKE THE DIR         : OUT.ABACUS/
 MAKE THE STRU DIR    : OUT.ABACUS/STRU/
 UNIFORM GRID DIM     : 120 * 120 * 128
 UNIFORM GRID DIM(BIG): 60 * 60 * 64
 DONE(0.12076    SEC) : SETUP UNITCELL
 DONE(0.129977   SEC) : INIT K-POINTS
 ---------------------------------------------------------
 Molecular Dynamics simulations
 ---------------------------------------------------------
 ENSEMBLE                 : Langevin
 Time interval(fs)        : 1
 ---------------------------------------------------------
 SPIN    KPOINTS         PROCESSORS  NBASE       
 1       36              16          1584        
 ---------------------------------------------------------
 Use Systematically Improvable Atomic bases
 ---------------------------------------------------------
 ELEMENT ORBITALS        NBASE       NATOM       XC          
 Si      3s3p2d-9au      22          36          
 C       3s3p2d-9au      22          36          
 ---------------------------------------------------------
 Initial plane wave basis and FFT box
 ---------------------------------------------------------
--------------------------------- INITVEL DONE ------------------------------------
 -------------------------------------------
 STEP OF MOLECULAR DYNAMICS : 0
 -------------------------------------------
 START CHARGE      : atomic
 DONE(10.1279    SEC) : INIT SCF
 ITER   ETOT(eV)       EDIFF(eV)      DRHO       TIME(s)    
 GE1    -9.374146e+03  0.000000e+00   2.771e-01  1.083e+02  
 GE2    -9.432408e+03  -5.826150e+01  1.478e-01  1.020e+02  
 GE3    -9.446352e+03  -1.394431e+01  2.694e-02  1.018e+02  
 GE4    -9.444482e+03  1.870148e+00   4.381e-02  1.018e+02  
 GE5    -9.449215e+03  -4.733312e+00  4.650e-03  1.019e+02  
 GE6    -9.449250e+03  -3.423495e-02  2.231e-03  1.019e+02  
 GE7    -9.449266e+03  -1.674299e-02  1.339e-03  1.018e+02  
 GE8    -9.449273e+03  -6.112122e-03  3.799e-04  1.019e+02  
 GE9    -9.449273e+03  -4.422307e-04  1.712e-04  1.017e+02  
 GE10   -9.449273e+03  -1.005319e-04  1.210e-04  1.017e+02  
 GE11   -9.449273e+03  -5.261826e-05  2.269e-05  1.018e+02  
 GE12   -9.449273e+03  -9.383470e-07  7.967e-06  1.019e+02  
 GE13   -9.449273e+03  -1.304902e-07  5.777e-06  1.016e+02  
 GE14   -9.449273e+03  -1.120710e-07  1.748e-06  1.017e+02  
 GE15   -9.449273e+03  -5.146166e-09  1.274e-06  1.017e+02  
 GE16   -9.449273e+03  -4.747095e-09  4.801e-07  1.018e+02  
 ><><><><><><><><><><><><><><><><><><><><><><
 TOTAL-STRESS (KBAR):
 ><><><><><><><><><><><><><><><><><><><><><><
 -2.285e+01     -3.266e-02     2.887e+01      
 -3.266e-02     2.590e+02      -1.063e+01     
 2.887e+01      -1.063e+01     7.717e+01      
 TOTAL-PRESSURE: 1.044e+02 KBAR
 ------------------------------------------------------------------------------------------------
 Energy              Potential           Kinetic             Temperature         Pressure (KBAR)     
 -3.473e+02          -3.473e+02          3.373e-03           1.000e+01           1.046e+02           
 ------------------------------------------------------------------------------------------------
 -------------------------------------------
 STEP OF MOLECULAR DYNAMICS : 1
 -------------------------------------------
 DONE(1.748e+03  SEC) : INIT SCF
 ITER   ETOT(eV)       EDIFF(eV)      DRHO       TIME(s)    
 GE1    -9.449401e+03  0.000000e+00   5.864e-04  1.067e+02  
 GE2    -9.449401e+03  1.972976e-04   3.947e-04  1.008e+02  
 GE3    -9.449402e+03  -4.459693e-04  3.697e-04  1.008e+02  
 GE4    -9.449402e+03  -3.887307e-04  7.171e-05  1.008e+02  
 GE5    -9.449402e+03  -6.606046e-06  6.073e-05  1.007e+02  
 GE6    -9.449402e+03  -1.592836e-05  2.426e-05  1.007e+02  
 GE7    -9.449402e+03  -1.953676e-06  6.913e-06  1.007e+02  
 GE8    -9.449402e+03  -1.363773e-07  1.991e-06  1.008e+02  
 GE9    -9.449402e+03  -5.610203e-09  9.638e-07  1.009e+02  
 ><><><><><><><><><><><><><><><><><><><><><><
 TOTAL-STRESS (KBAR):
 ><><><><><><><><><><><><><><><><><><><><><><
 -2.265e+01     3.177e-01      2.883e+01      
 3.177e-01      2.570e+02      -1.052e+01     
 2.883e+01      -1.052e+01     7.709e+01      
 TOTAL-PRESSURE: 1.038e+02 KBAR
 ------------------------------------------------------------------------------------------------
 Energy              Potential           Kinetic             Temperature         Pressure (KBAR)     
 -3.472e+02          -3.473e+02          9.769e-03           2.897e+01           1.042e+02           
 ------------------------------------------------------------------------------------------------
 -------------------------------------------
 STEP OF MOLECULAR DYNAMICS : 2
 -------------------------------------------
 DONE(2.763e+03  SEC) : INIT SCF
 ITER   ETOT(eV)       EDIFF(eV)      DRHO       TIME(s)    
 GE1    -9.449615e+03  0.000000e+00   1.660e-03  1.066e+02  
 GE2    -9.449614e+03  1.006216e-03   1.073e-03  1.008e+02  
 GE3    -9.449617e+03  -3.220596e-03  9.164e-04  1.008e+02  
 GE4    -9.449619e+03  -2.456712e-03  2.335e-04  1.007e+02  
 GE5    -9.449619e+03  -1.466506e-04  1.605e-04  1.008e+02  
 GE6    -9.449619e+03  -9.899171e-05  6.383e-05  1.008e+02  
 GE7    -9.449620e+03  -1.404987e-05  2.716e-05  1.008e+02  
 GE8    -9.449620e+03  -2.464735e-06  5.192e-06  1.009e+02  
 GE9    -9.449620e+03  -7.152815e-08  2.387e-06  1.007e+02  
 GE10   -9.449620e+03  -1.062025e-08  9.521e-07  1.009e+02  
 ><><><><><><><><><><><><><><><><><><><><><><
 TOTAL-STRESS (KBAR):
 ><><><><><><><><><><><><><><><><><><><><><><
 -2.270e+01     1.204e+00      2.848e+01      
 1.204e+00      2.534e+02      -1.063e+01     
 2.848e+01      -1.063e+01     7.723e+01      
 TOTAL-PRESSURE: 1.026e+02 KBAR
 ------------------------------------------------------------------------------------------------
 Energy              Potential           Kinetic             Temperature         Pressure (KBAR)     
 -3.472e+02          -3.473e+02          2.510e-02           7.444e+01           1.036e+02           
 ------------------------------------------------------------------------------------------------
 -------------------------------------------
 STEP OF MOLECULAR DYNAMICS : 3
 -------------------------------------------
 DONE(3.879e+03  SEC) : INIT SCF
 ITER   ETOT(eV)       EDIFF(eV)      DRHO       TIME(s)    
 GE1    -9.449895e+03  0.000000e+00   2.063e-03  1.071e+02  
 GE2    -9.449893e+03  1.784577e-03   1.308e-03  1.010e+02  
 GE3    -9.449897e+03  -3.560531e-03  1.214e-03  1.012e+02  
 GE4    -9.449902e+03  -4.908380e-03  3.428e-04  1.011e+02  
 GE5    -9.449902e+03  -3.852647e-04  1.961e-04  1.011e+02  
 GE6    -9.449902e+03  -1.448977e-04  7.100e-05  1.011e+02  
 GE7    -9.449902e+03  -1.611679e-05  2.737e-05  1.012e+02  
 GE8    -9.449902e+03  -2.516206e-06  6.972e-06  1.011e+02  
 GE9    -9.449902e+03  -1.489790e-07  3.020e-06  1.011e+02  
 GE10   -9.449902e+03  -2.831088e-08  1.270e-06  1.011e+02  
 GE11   -9.449902e+03  -2.600152e-09  6.421e-07  1.010e+02  
 ><><><><><><><><><><><><><><><><><><><><><><
 TOTAL-STRESS (KBAR):
 ><><><><><><><><><><><><><><><><><><><><><><
 -2.174e+01     2.370e+00      2.813e+01      
 2.370e+00      2.483e+02      -9.703e+00     
 2.813e+01      -9.703e+00     7.658e+01      
 TOTAL-PRESSURE: 1.011e+02 KBAR
 ------------------------------------------------------------------------------------------------
 Energy              Potential           Kinetic             Temperature         Pressure (KBAR)     
 -3.472e+02          -3.473e+02          2.987e-02           8.856e+01           1.022e+02           
 ------------------------------------------------------------------------------------------------
 -------------------------------------------
 STEP OF MOLECULAR DYNAMICS : 4
 -------------------------------------------
 DONE(5.100e+03  SEC) : INIT SCF
 ITER   ETOT(eV)       EDIFF(eV)      DRHO       TIME(s)    
 GE1    -9.450064e+03  0.000000e+00   2.610e-03  1.069e+02  
 GE2    -9.450064e+03  3.897561e-04   1.485e-03  1.009e+02  
 GE3    -9.450069e+03  -5.069231e-03  1.325e-03  1.009e+02  
 GE4    -9.450074e+03  -5.119512e-03  3.241e-04  1.011e+02  
 GE5    -9.450074e+03  -2.484172e-04  2.080e-04  1.008e+02  
 GE6    -9.450074e+03  -1.833938e-04  9.876e-05  1.008e+02  
 GE7    -9.450074e+03  -3.695341e-05  3.809e-05  1.008e+02  
 GE8    -9.450074e+03  -5.229235e-06  8.634e-06  1.008e+02  
 GE9    -9.450074e+03  -2.249557e-07  3.922e-06  1.008e+02  
 GE10   -9.450074e+03  -4.883367e-08  1.410e-06  1.008e+02  
 GE11   -9.450074e+03  -3.056455e-09  7.058e-07  1.009e+02  
 ><><><><><><><><><><><><><><><><><><><><><><
 TOTAL-STRESS (KBAR):
 ><><><><><><><><><><><><><><><><><><><><><><
 -2.253e+01     3.104e+00      2.835e+01      
 3.104e+00      2.470e+02      -9.667e+00     
 2.835e+01      -9.667e+00     7.620e+01      
 TOTAL-PRESSURE: 1.002e+02 KBAR
 ------------------------------------------------------------------------------------------------
 Energy              Potential           Kinetic             Temperature         Pressure (KBAR)     
 -3.472e+02          -3.473e+02          4.466e-02           1.324e+02           1.020e+02           
 ------------------------------------------------------------------------------------------------
 -------------------------------------------
 STEP OF MOLECULAR DYNAMICS : 5
 -------------------------------------------
 DONE(6.318e+03  SEC) : INIT SCF
 ITER   ETOT(eV)       EDIFF(eV)      DRHO       TIME(s)    
 GE1    -9.450319e+03  0.000000e+00   2.909e-03  1.069e+02  
 GE2    -9.450316e+03  3.171451e-03   1.781e-03  1.010e+02  
 GE3    -9.450324e+03  -8.017517e-03  1.662e-03  1.010e+02  
 GE4    -9.450332e+03  -8.424729e-03  3.757e-04  1.010e+02  
 GE5    -9.450332e+03  -2.844058e-04  2.543e-04  1.011e+02  
 GE6    -9.450333e+03  -2.849705e-04  1.234e-04  1.010e+02  
 GE7    -9.450333e+03  -5.492340e-05  3.816e-05  1.010e+02  
 GE8    -9.450333e+03  -5.129874e-06  8.537e-06  1.012e+02  
 GE9    -9.450333e+03  -2.034491e-07  4.873e-06  1.010e+02  
 GE10   -9.450333e+03  -9.006487e-08  1.851e-06  1.010e+02  
 GE11   -9.450333e+03  -7.701461e-09  7.378e-07  1.011e+02  
 ><><><><><><><><><><><><><><><><><><><><><><
 TOTAL-STRESS (KBAR):
 ><><><><><><><><><><><><><><><><><><><><><><
 -2.182e+01     4.235e+00      2.815e+01      
 4.235e+00      2.416e+02      -9.525e+00     
 2.815e+01      -9.525e+00     7.695e+01      
 TOTAL-PRESSURE: 9.891e+01 KBAR
 ------------------------------------------------------------------------------------------------
 Energy              Potential           Kinetic             Temperature         Pressure (KBAR)     
 -3.472e+02          -3.473e+02          5.056e-02           1.499e+02           1.009e+02           
 ------------------------------------------------------------------------------------------------
 -------------------------------------------
 STEP OF MOLECULAR DYNAMICS : 6
 -------------------------------------------
 DONE(7.537e+03  SEC) : INIT SCF
 ITER   ETOT(eV)       EDIFF(eV)      DRHO       TIME(s)    
 GE1    -9.450494e+03  0.000000e+00   2.963e-03  1.068e+02  
 GE2    -9.450495e+03  -1.211641e-03  1.722e-03  1.009e+02  
 GE3    -9.450502e+03  -7.016018e-03  1.370e-03  1.010e+02  
 GE4    -9.450507e+03  -5.037052e-03  3.362e-04  1.009e+02  
 GE5    -9.450507e+03  -2.424315e-04  1.918e-04  1.010e+02  
 GE6    -9.450507e+03  -1.319582e-04  8.988e-05  1.009e+02  
 GE7    -9.450507e+03  -2.276418e-05  2.344e-05  1.008e+02  
 GE8    -9.450507e+03  -2.113625e-06  1.193e-05  1.009e+02  
 GE9    -9.450507e+03  -5.603598e-07  4.820e-06  1.009e+02  
 GE10   -9.450507e+03  -8.372458e-08  1.587e-06  1.010e+02  
 GE11   -9.450507e+03  -6.365036e-09  6.923e-07  1.008e+02  
 ><><><><><><><><><><><><><><><><><><><><><><
 TOTAL-STRESS (KBAR):
 ><><><><><><><><><><><><><><><><><><><><><><
 -2.190e+01     5.151e+00      2.847e+01      
 5.151e+00      2.393e+02      -9.328e+00     
 2.847e+01      -9.328e+00     7.681e+01      
 TOTAL-PRESSURE: 9.808e+01 KBAR
 ------------------------------------------------------------------------------------------------
 Energy              Potential           Kinetic             Temperature         Pressure (KBAR)     
 -3.472e+02          -3.473e+02          6.768e-02           2.007e+02           1.008e+02           
 ------------------------------------------------------------------------------------------------
 -------------------------------------------
 STEP OF MOLECULAR DYNAMICS : 7
 -------------------------------------------
 DONE(8.756e+03  SEC) : INIT SCF
 ITER   ETOT(eV)       EDIFF(eV)      DRHO       TIME(s)    
 GE1    -9.450597e+03  0.000000e+00   3.608e-03  1.070e+02  
 GE2    -9.450589e+03  8.137099e-03   2.154e-03  1.009e+02  
 GE3    -9.450601e+03  -1.240420e-02  2.099e-03  1.010e+02  
 GE4    -9.450617e+03  -1.508848e-02  4.684e-04  1.010e+02  
 GE5    -9.450617e+03  -5.987014e-04  3.299e-04  1.010e+02  
 GE6    -9.450618e+03  -4.239741e-04  1.334e-04  1.010e+02  
 GE7    -9.450618e+03  -5.940858e-05  4.892e-05  1.010e+02  
 GE8    -9.450618e+03  -8.292632e-06  1.170e-05  1.010e+02  
 GE9    -9.450618e+03  -4.054876e-07  5.580e-06  1.010e+02  
 GE10   -9.450618e+03  -1.153595e-07  2.203e-06  1.010e+02  
 GE11   -9.450618e+03  -1.906881e-08  1.075e-06  1.011e+02  
 GE12   -9.450618e+03  -2.256765e-09  4.753e-07  1.010e+02  
 ><><><><><><><><><><><><><><><><><><><><><><
 TOTAL-STRESS (KBAR):
 ><><><><><><><><><><><><><><><><><><><><><><
 -2.260e+01     7.130e+00      2.924e+01      
 7.130e+00      2.383e+02      -1.037e+01     
 2.924e+01      -1.037e+01     7.689e+01      
 TOTAL-PRESSURE: 9.755e+01 KBAR
 ------------------------------------------------------------------------------------------------
 Energy              Potential           Kinetic             Temperature         Pressure (KBAR)     
 -3.472e+02          -3.473e+02          8.035e-02           2.382e+02           1.007e+02           
 ------------------------------------------------------------------------------------------------
 -------------------------------------------
 STEP OF MOLECULAR DYNAMICS : 8
 -------------------------------------------
 DONE(1.008e+04  SEC) : INIT SCF
 ITER   ETOT(eV)       EDIFF(eV)      DRHO       TIME(s)    
 GE1    -9.450677e+03  0.000000e+00   3.836e-03  1.071e+02  
 GE2    -9.450678e+03  -1.559600e-03  2.219e-03  1.010e+02  
 GE3    -9.450691e+03  -1.235028e-02  1.765e-03  1.011e+02  
 GE4    -9.450700e+03  -9.155984e-03  4.518e-04  1.011e+02  
 GE5    -9.450700e+03  -4.284566e-04  2.701e-04  1.011e+02  
 GE6    -9.450700e+03  -2.699797e-04  1.425e-04  1.011e+02  
 GE7    -9.450700e+03  -7.314559e-05  5.205e-05  1.010e+02  
 GE8    -9.450700e+03  -1.070849e-05  1.260e-05  1.010e+02  
 GE9    -9.450700e+03  -5.355617e-07  5.486e-06  1.011e+02  
 GE10   -9.450700e+03  -9.827368e-08  2.057e-06  1.010e+02  
 GE11   -9.450700e+03  -8.781120e-09  9.217e-07  1.010e+02  
 ><><><><><><><><><><><><><><><><><><><><><><
 TOTAL-STRESS (KBAR):
 ><><><><><><><><><><><><><><><><><><><><><><
 -2.373e+01     7.938e+00      2.974e+01      
 7.938e+00      2.367e+02      -1.065e+01     
 2.974e+01      -1.065e+01     7.854e+01      
 TOTAL-PRESSURE: 9.716e+01 KBAR
 ------------------------------------------------------------------------------------------------
 Energy              Potential           Kinetic             Temperature         Pressure (KBAR)     
 -3.472e+02          -3.473e+02          7.734e-02           2.293e+02           1.002e+02           
 ------------------------------------------------------------------------------------------------
 -------------------------------------------
 STEP OF MOLECULAR DYNAMICS : 9
 -------------------------------------------
 DONE(1.130e+04  SEC) : INIT SCF
 ITER   ETOT(eV)       EDIFF(eV)      DRHO       TIME(s)    
 GE1    -9.450829e+03  0.000000e+00   3.758e-03  1.071e+02  
 GE2    -9.450822e+03  7.069952e-03   2.490e-03  1.011e+02  
 GE3    -9.450840e+03  -1.881395e-02  2.207e-03  1.011e+02  
 GE4    -9.450853e+03  -1.304122e-02  4.283e-04  1.012e+02  
 GE5    -9.450854e+03  -3.499347e-04  2.392e-04  1.012e+02  
 GE6    -9.450854e+03  -1.789708e-04  1.197e-04  1.011e+02  
 GE7    -9.450854e+03  -4.754009e-05  5.012e-05  1.011e+02  
 GE8    -9.450854e+03  -1.069959e-05  1.589e-05  1.011e+02  
 GE9    -9.450854e+03  -9.776556e-07  6.123e-06  1.010e+02  
 GE10   -9.450854e+03  -1.233409e-07  2.080e-06  1.010e+02  
 GE11   -9.450854e+03  -8.097439e-09  9.634e-07  1.011e+02  
 ><><><><><><><><><><><><><><><><><><><><><><
 TOTAL-STRESS (KBAR):
 ><><><><><><><><><><><><><><><><><><><><><><
 -2.428e+01     7.729e+00      2.946e+01      
 7.729e+00      2.337e+02      -8.972e+00     
 2.946e+01      -8.972e+00     7.907e+01      
 TOTAL-PRESSURE: 9.615e+01 KBAR
 ------------------------------------------------------------------------------------------------
 Energy              Potential           Kinetic             Temperature         Pressure (KBAR)     
 -3.472e+02          -3.473e+02          8.108e-02           2.404e+02           9.935e+01           
 ------------------------------------------------------------------------------------------------
 -------------------------------------------
 STEP OF MOLECULAR DYNAMICS : 10
 -------------------------------------------
 DONE(1.252e+04  SEC) : INIT SCF
 ITER   ETOT(eV)       EDIFF(eV)      DRHO       TIME(s)    
 GE1    -9.450902e+03  0.000000e+00   3.693e-03  1.069e+02  
 GE2    -9.450897e+03  5.027455e-03   2.293e-03  1.008e+02  
 GE3    -9.450912e+03  -1.465051e-02  2.016e-03  1.009e+02  
 GE4    -9.450924e+03  -1.221004e-02  5.161e-04  1.009e+02  
 GE5    -9.450924e+03  -7.316786e-04  3.739e-04  1.008e+02  
 GE6    -9.450925e+03  -5.287675e-04  1.378e-04  1.009e+02  
 GE7    -9.450925e+03  -6.346848e-05  5.991e-05  1.008e+02  
 GE8    -9.450925e+03  -1.257500e-05  1.223e-05  1.009e+02  
 GE9    -9.450925e+03  -3.953221e-07  4.784e-06  1.008e+02  
 GE10   -9.450925e+03  -6.468671e-08  1.883e-06  1.009e+02  
 GE11   -9.450925e+03  -5.078108e-09  9.883e-07  1.008e+02  
 ><><><><><><><><><><><><><><><><><><><><><><
 TOTAL-STRESS (KBAR):
 ><><><><><><><><><><><><><><><><><><><><><><
 -2.591e+01     7.482e+00      3.000e+01      
 7.482e+00      2.331e+02      -9.729e+00     
 3.000e+01      -9.729e+00     8.046e+01      
 TOTAL-PRESSURE: 9.590e+01 KBAR
 ------------------------------------------------------------------------------------------------
 Energy              Potential           Kinetic             Temperature         Pressure (KBAR)     
 -3.472e+02          -3.473e+02          1.029e-01           3.050e+02           9.996e+01           
 ------------------------------------------------------------------------------------------------

  |CLASS_NAME---------|NAME---------------|TIME(Sec)-----|CALLS----|AVG------|PER%-------
                       total               13731          27        5.1e+02   1e+02     %
   Driver              driver_line         13731          1         1.4e+04   1e+02     %
   PW_Basis            setup_struc_factor  1.1738         11        0.11      0.0085    %
   ORB_control         read_orb_first      0.21751        1         0.22      0.0016    %
   LCAO_Orbitals       Read_Orbitals       0.2175         1         0.22      0.0016    %
   NOrbital_Lm         extra_uniform       0.11737        16        0.0073    0.00085   %
   Mathzone_Add1       Uni_Deriv_Phi       0.10322        16        0.0065    0.00075   %
   ORB_control         set_orb_tables      6.8844         1         6.9       0.05      %
   ORB_gen_tables      gen_tables          6.8844         1         6.9       0.05      %
   ORB_table_phi       init_Table          5.065          1         5.1       0.037     %
   ORB_table_phi       cal_ST_Phi12_R      5.0243         558       0.009     0.037     %
   ORB_table_beta      init_Table_Beta     1.3328         1         1.3       0.0097    %
   ORB_table_beta      VNL_PhiBeta_R       1.3229         168       0.0079    0.0096    %
   ppcell_vl           init_vloc           0.24922        1         0.25      0.0018    %
   Run_MD              md_line             13723          1         1.4e+04   1e+02     %
   Langevin            setup               1738.2         1         1.7e+03   13        %
   MD_func             force_stress        13723          11        1.2e+03   1e+02     %
   ESolver_KS_LCAO     Run                 12624          11        1.1e+03   92        %
   ESolver_KS_LCAO     beforescf           25.98          11        2.4       0.19      %
   ESolver_KS_LCAO     beforesolver        10.463         11        0.95      0.076     %
   ESolver_KS_LCAO     set_matrix_grid     6.1582         11        0.56      0.045     %
   atom_arrange        search              0.10208        11        0.0093    0.00074   %
   Grid_Technique      init                3.1384         11        0.29      0.023     %
   Grid_BigCell        grid_expansion_index0.97818        22        0.044     0.0071    %
   Record_adj          for_2d              2.6124         11        0.24      0.019     %
   Grid_Driver         Find_atom           16.367         672552    2.4e-05   0.12      %
   Charge              atomic_rho          13.428         21        0.64      0.098     %
   PW_Basis            recip2real          1.9445         740       0.0026    0.014     %
   PW_Basis            gathers_scatterp    1.0454         740       0.0014    0.0076    %
   Potential           init_pot            0.84249        11        0.077     0.0061    %
   Potential           update_from_charge  9.3877         135       0.07      0.068     %
   Potential           cal_v_eff           9.3423         135       0.069     0.068     %
   H_Hartree_pw        v_hartree           0.93478        135       0.0069    0.0068    %
   PW_Basis            real2recip          2.6967         1124      0.0024    0.02      %
   PW_Basis            gatherp_scatters    1.1996         1124      0.0011    0.0087    %
   PotXC               cal_v_eff           8.3236         135       0.062     0.061     %
   XC_Functional       v_xc                8.2797         135       0.061     0.06      %
   HSolverLCAO         solve               12577          124       1e+02     92        %
   HamiltLCAO          updateHk            4615           4464      1         34        %
   OperatorLCAO        init                3845.1         8928      0.43      28        %
   Veff                contributeHk        3842.5         4464      0.86      28        %
   Gint_interface      cal_gint            5948.6         259       23        43        %
   Gint_interface      cal_gint_vlocal     2851.6         124       23        21        %
   Gint_k              folding_vl_k        990.9          4464      0.22      7.2       %
   Gint_k              Distri              744.52         4464      0.17      5.4       %
   Overlap             contributeHR        4.9931         11        0.45      0.036     %
   LCAO_gen_fixedH     calculate_S_no      4.993          11        0.45      0.036     %
   Ekinetic<OperatorLCAO>contributeHR        5.1128         11        0.46      0.037     %
   Nonlocal<OperatorLCAO>contributeHR        50.785         11        4.6       0.37      %
   LCAO_gen_fixedH     build_Nonlocal_mu_new162.28         22        7.4       1.2       %
   ORB_gen_tables      snap_psibeta_half   3.5178         1270107   2.8e-06   0.026     %
   OperatorLCAO        folding_fixed       708.99         4464      0.16      5.2       %
   LCAO_nnr            folding_fixedH      701.39         4464      0.16      5.1       %
   HSolverLCAO         hamiltSolvePsiK     1852.5         4464      0.41      13        %
   DiagoElpa           elpa_solve          1840           4464      0.41      13        %
   ElecStateLCAO       psiToRho            6109.2         124       49        44        %
   elecstate           cal_dm              149.97         135       1.1       1.1       %
   psiMulPsiMpi        pdgemm              145.1          4860      0.03      1.1       %
    Local_Orbital_wfc  wfc_2d_to_grid      26.962         4464      0.006     0.2       %
   LCAO_Charge         cal_dk_k            3226.7         124       26        23        %
   Record_adj          for_grid            0.69535        124       0.0056    0.0051    %
   Gint_interface      cal_gint_rho        2524           124       20        18        %
   Charge              mix_rho             1.4406         113       0.013     0.01      %
   Force_Stress_LCAO   getForceStress      1099.3         11        1e+02     8         %
   Forces              cal_force_loc       0.90047        11        0.082     0.0066    %
   Forces              cal_force_ew        0.8793         11        0.08      0.0064    %
   Forces              cal_force_scc       7.5696         11        0.69      0.055     %
   Stress_Func         stress_loc          6.4913         11        0.59      0.047     %
   Stress_Func         stress_ewa          0.39794        11        0.036     0.0029    %
   Stress_Func         stress_gga          0.40823        11        0.037     0.003     %
   Force_LCAO_k        ftable_k            1082.6         11        98        7.9       %
   Force_LCAO_k        allocate_k          144.45         11        13        1.1       %
   Force_LCAO_k        cal_foverlap_k      28.728         11        2.6       0.21      %
   Force_LCAO_k        cal_edm_2d          27.652         11        2.5       0.2       %
   Local_Orbital_Chargecal_dm_R            12.629         22        0.57      0.092     %
   Force_LCAO_k        cal_ftvnl_dphi_k    0.32041        11        0.029     0.0023    %
   Force_LCAO_k        cal_fvl_dphi_k      572.91         11        52        4.2       %
   Gint_interface      cal_gint_force      572.91         11        52        4.2       %
   Force_LCAO_k        cal_fvnl_dbeta_k_new300.56         11        27        2.2       %
 ----------------------------------------------------------------------------------------

 START  Time  : Mon May 22 14:16:29 2023
 FINISH Time  : Mon May 22 18:05:21 2023
 TOTAL  Time  : 1.4e+04
 SEE INFORMATION IN : OUT.ABACUS/
